<?xml version="1.0" encoding="UTF-8" ?>
<testsuite errors="0" failures="3" hostname="travis-job-4d5f4000-8f3a-4ed5-8579-9aecdf8e10f7" name="ptolemy.vergil.basic.export.test.junit.ExportModelJUnitTestBatch3" skipped="0" tests="70" time="1307.771" timestamp="2018-05-17T00:33:08">
  <properties>
    <property name="npm.executable" value="npm" />
    <property name="file.encoding.pkg" value="sun.io" />
    <property name="ptII.mk.exists" value="true" />
    <property name="env.rvm_bin_path" value="/home/travis/.rvm/bin" />
    <property name="java.home" value="/usr/lib/jvm/java-8-oracle/jre" />
    <property name="env.TRAVIS_JOB_NUMBER" value="448.14" />
    <property name="env.DISPLAY" value=":99.0" />
    <property name="java.net.preferIPv4Stack" value="true" />
    <property name="env.SSH_TTY" value="/dev/pts/0" />
    <property name="env.RUN_TESTS" value="true" />
    <property name="timeout.short" value="1000000" />
    <property name="env.TRAVIS_STACK_NODE_ATTRIBUTES" value="/.node-attributes.yml" />
    <property name="junit.formatter" value="xml" />
    <property name="java.endorsed.dirs" value="/usr/lib/jvm/java-8-oracle/jre/lib/endorsed" />
    <property name="env.TRAVIS_SUDO" value="true" />
    <property name="env.LOGNAME" value="travis" />
    <property name="jsdoc.home" value="node_modules/@terraswarm/jsdoc" />
    <property name="debuglevel" value="source,lines,vars" />
    <property name="checkstyle.formatter" value="xml" />
    <property name="bin.vergil.makeable" value="true" />
    <property name="env._system_version" value="14.04" />
    <property name="sun.os.patch.level" value="unknown" />
    <property name="java.vendor.url" value="http://java.oracle.com/" />
    <property name="java.version" value="1.8.0_151" />
    <property name="env.TZ" value="UTC" />
    <property name="env.PT_NO_NET" value="true" />
    <property name="env.TRAVIS_PULL_REQUEST_SHA" value="" />
    <property name="env.TRAVIS_SECURE_ENV_VARS" value="true" />
    <property name="env._system_type" value="Linux" />
    <property name="java.vendor.url.bug" value="http://bugreport.sun.com/bugreport/" />
    <property name="env.SSH_CLIENT" value="10.10.4.31 44318 22" />
    <property name="npmjs-org-is-up" value="true" />
    <property name="env.GEM_HOME" value="/home/travis/.rvm/gems/ruby-2.4.1" />
    <property name="env.HAS_ANTARES_THREE_LITTLE_FRONZIES_BADGE" value="true" />
    <property name="env.PS4" value="+" />
    <property name="ant.project.invoked-targets" value="build,test.export3.xml" />
    <property name="env.TRAVIS_PULL_REQUEST_BRANCH" value="" />
    <property name="env.TRAVIS_REPO_SLUG" value="icyphy/ptII" />
    <property name="node.in.path" value="true" />
    <property name="java.maxmemory" value="1400m" />
    <property name="env.RUBY_VERSION" value="ruby-2.4.1" />
    <property name="user.name" value="travis" />
    <property name="env.LANG" value="en_US.UTF-8" />
    <property name="sun.io.unicode.encoding" value="UnicodeLittle" />
    <property name="sun.jnu.encoding" value="UTF-8" />
    <property name="java.runtime.name" value="Java(TM) SE Runtime Environment" />
    <property name="usefile" value="false" />
    <property name="return.code" value="0" />
    <property name="junit.single.formatter" value="plain" />
    <property name="env.DYLD_LIBRARY_PATH" value="/home/travis/pthla/certi-tools/lib:" />
    <property name="env.DEBIAN_FRONTEND" value="noninteractive" />
    <property name="env.SSH_CONNECTION" value="10.10.4.31 44318 10.20.0.171 22" />
    <property name="env.MYSQL_UNIX_PORT" value="/var/run/mysqld/mysqld.sock" />
    <property name="env.TRAVIS_ALLOW_FAILURE" value="false" />
    <property name="env.LC_ALL" value="en_US.UTF-8" />
    <property name="java.specification.name" value="Java Platform API Specification" />
    <property name="node.works" value="true" />
    <property name="user.timezone" value="" />
    <property name="path.separator" value=":" />
    <property name="env.PYTHON_CFLAGS" value="-g -fstack-protector --param=ssp-buffer-size=4 -Wformat -Werror=format-security" />
    <property name="timeout.long" value="4000000" />
    <property name="env.CERTI_HOME" value="/home/travis/pthla/certi-tools" />
    <property name="file.encoding" value="UTF-8" />
    <property name="ant.file.ptII" value="/home/travis/build/icyphy/ptII/build.xml" />
    <property name="javadoc.packagenames" value="com.*,diva.*,lbnl.*,org.hlacerti.*,org.json.*,org.ptolemy.*,org.terraswarm.*,ptolemy.*,ptserver.*" />
    <property name="env.TRAVIS_PULL_REQUEST_SLUG" value="" />
    <property name="ant.project.default-target" value="build" />
    <property name="env.GIT_ASKPASS" value="echo" />
    <property name="env.HOME" value="/home/travis" />
    <property name="sun.java.command" value="org.apache.tools.ant.taskdefs.optional.junit.JUnitTestRunner ptolemy.vergil.basic.export.test.junit.ExportModelJUnitTestBatch3 skipNonTests=false filtertrace=true haltOnError=false haltOnFailure=false formatter=org.apache.tools.ant.taskdefs.optional.junit.OutErrSummaryJUnitResultFormatter showoutput=true outputtoformatters=true logfailedtests=true threadid=0 logtestlistenerevents=false formatter=org.apache.tools.ant.taskdefs.optional.junit.XMLJUnitResultFormatter,/home/travis/build/icyphy/ptII/reports/junit/TEST-ptolemy.vergil.basic.export.test.junit.ExportModelJUnitTestBatch3.xml crashfile=/home/travis/build/icyphy/ptII/junitvmwatcher4731473261729696539.properties propsfile=/home/travis/build/icyphy/ptII/junit395311986608916210.properties" />
    <property name="env.MANPATH" value="/home/travis/.nvm/versions/node/v7.10.1/share/man:/home/travis/.kiex/elixirs/elixir-1.4.5/man:/home/travis/.rvm/rubies/ruby-2.4.1/share/man:/usr/local/man:/usr/local/cmake-3.9.2/man:/usr/local/clang-5.0.0/share/man:/usr/local/share/man:/usr/share/man:/home/travis/.rvm/man" />
    <property name="env.COMPOSER_NO_INTERACTION" value="1" />
    <property name="env.JDK_SWITCHER_DEFAULT" value="oraclejdk8" />
    <property name="ant.file" value="/home/travis/build/icyphy/ptII/build.xml" />
    <property name="env.TRAVIS_COMMIT_RANGE" value="438b382dd57d...de1d106169db" />
    <property name="env._system_name" value="Ubuntu" />
    <property name="timeout" value="2400000" />
    <property name="ptII.classpath.optional.property" value="/home/travis/build/icyphy/ptII/lib/bsh-2.0b4.jar:/home/travis/build/icyphy/ptII/lib/ptCal.jar:/home/travis/build/icyphy/ptII/lib/java_cup.jar:/home/travis/build/icyphy/ptII/lib/saxon8.jar:/home/travis/build/icyphy/ptII/lib/saxon8-dom.jar:/home/travis/build/icyphy/ptII/lib/chic.jar:/home/travis/build/icyphy/ptII/lib/ptcolt.jar:/usr/lib/jvm/java-8-oracle/lib/tools.jar:/usr/lib/eclipse/plugins/org.eclipse.jdt.core_3.8.2.dist.jar:/usr/lib/eclipse/plugins/org.eclipse.core.runtime_3.8.0.dist.jar:/usr/lib/eclipse/plugins/org.eclipse.osgi_3.8.1.dist.jar:/usr/lib/eclipse/plugins/org.eclipse.core.resources_3.8.1.dist.jar:/usr/lib/eclipse/plugins/org.eclipse.equinox.common_3.6.100.dist.jar:/usr/lib/eclipse/plugins/org.eclipse.core.jobs_3.5.200.dist.jar:/usr/lib/eclipse/plugins/org.eclipse.core.contenttype_3.4.200.dist.jar:/usr/lib/eclipse/plugins/org.eclipse.equinox.preferences_3.5.0.dist.jar:/usr/lib/eclipse/plugins/org.eclipse.text_3.5.200.dist.jar:/usr/lib/eclipse/plugins/org.eclipse.ui.workbench_3.8.1.dist.jar:/usr/lib/eclipse/plugins/org.eclipse.jface_3.8.0.dist.jar:/usr/lib/eclipse/plugins/org.eclipse.swt_3.8.2.jar:/usr/lib/eclipse/plugins/org.eclipse.jface.text_3.8.1.dist.jar:/usr/lib/eclipse/plugins/org.eclipse.ui.workbench.texteditor_3.8.0.dist.jar:/usr/lib/eclipse/plugins/org.eclipse.ui.editors_3.8.0.dist.jar:/usr/lib/eclipse/plugins/org.eclipse.core.commands_3.6.1.dist.jar:/usr/lib/eclipse/plugins/org.eclipse.equinox.registry_3.5.200.dist.jar:/usr/lib/eclipse/plugins/org.eclipse.ui.console_3.5.100.dist.jar:/usr/lib/eclipse/plugins/org.eclipse.ui.forms_3.5.200.dist.jar:/usr/lib/eclipse/plugins/org.eclipse.ui.ide_3.8.1.dist.jar:/home/travis/build/icyphy/ptII/vendors/oracle/dbxml.jar:/home/travis/build/icyphy/ptII/vendors/oracle/db.jar:/home/travis/build/icyphy/ptII/vendors/misc/itext/iText.jar:/home/travis/build/icyphy/ptII/lib/g4ltl.jar:/home/travis/build/icyphy/ptII/lib/StructuralCoder.jar:/home/travis/build/icyphy/ptII/lib/org-openide-util.jar:/home/travis/build/icyphy/ptII/lib/org-openide-util-lookup.jar:/home/travis/build/icyphy/ptII/lib/org-netbeans-api-visual.jar:/home/travis/build/icyphy/ptII/vendors/jai-1_1_2_01/lib/jai_core.jar:/home/travis/build/icyphy/ptII/vendors/jai-1_1_2_01/lib/jai_codec.jar:/home/travis/build/icyphy/ptII/lib/jcerti.jar:/home/travis/build/icyphy/ptII/lib/smack.jar:/home/travis/build/icyphy/ptII/lib/smackx.jar:/home/travis/build/icyphy/ptII/lib/jetty-all-8.1.5-v20120716.jar:/home/travis/build/icyphy/ptII/lib/javax.servlet-api-3.0.1.jar:/home/travis/build/icyphy/ptII/lib/javax.mail.jar:/home/travis/build/icyphy/ptII/vendors/JMF-2.1.1e/lib/jmf.jar:/home/travis/build/icyphy/ptII/lib/jna-4.0.0-variadic.jar:/home/travis/build/icyphy/ptII/vendors/misc/joystick/Joystick.jar:/home/travis/build/icyphy/ptII/lib/ptjacl.jar:/home/travis/build/icyphy/ptII/lib/jsoup-1.8.2.jar:/home/travis/build/icyphy/ptII/lib/junit-4.8.2.jar:/home/travis/build/icyphy/ptII/lib/JUnitParams-0.4.0.jar:/home/travis/build/icyphy/ptII/ptolemy/actor/lib/excel/jxl.jar:/home/travis/build/icyphy/ptII/lib/jython.jar:/home/travis/build/icyphy/ptII/lib/kieler.jar:/home/travis/build/icyphy/ptII/vendors/opencv/share/OpenCV/java/opencv-341.jar:/home/travis/build/icyphy/ptII/lib/oscP5.jar:/home/travis/build/icyphy/ptII/lib/nrjavaserial-3.11.0.devel.jar:/usr/share/java/j3dcore.jar:/usr/share/java/j3dutils.jar:/usr/share/java/vecmath.jar:/home/travis/build/icyphy/ptII/ptolemy/distributed/jini/jar/jini-core.jar:/home/travis/build/icyphy/ptII/ptolemy/distributed/jini/jar/jini-ext.jar:/home/travis/build/icyphy/ptII/ptolemy/distributed/jini/jar/sun-util.jar:/home/travis/build/icyphy/ptII/lib/protobuf-java-2.4.1.jar:/home/travis/build/icyphy/ptII/lib/org.eclipse.paho.client.mqttv3.jar:/home/travis/build/icyphy/ptII/ptserver/lib/hessian-4.0.7.jar:/home/travis/build/icyphy/ptII/ptserver/lib/wmqtt.jar:/home/travis/build/icyphy/ptII/lib/mapss.jar:/home/travis/build/icyphy/ptII/ptolemy/actor/ptalon/antlr/antlr.jar:/home/travis/build/icyphy/ptII/lib/JRI.jar:/home/travis/build/icyphy/ptII/lib/commons-lang-2.6.jar:/home/travis/build/icyphy/ptII/lib/commons-logging-1.1.1.jar:/home/travis/build/icyphy/ptII/lib/sootclasses.jar:/home/travis/build/icyphy/ptII/ptolemy/actor/lib/database/mysql-connector-java-5.1.6-bin.jar:/home/travis/build/icyphy/ptII/vendors/misc/sphinx4/sphinx4-data-5prealpha.jar:/home/travis/build/icyphy/ptII/vendors/misc/sphinx4/sphinx4-core-5prealpha.jar:/home/travis/build/icyphy/ptII/lib/PDFRenderer.jar:/home/travis/build/icyphy/ptII/lib/svgSalamander.jar:/home/travis/build/icyphy/ptII/lib/rsyntaxtextarea-2.6.0-SNAPSHOT.jar:/home/travis/build/icyphy/ptII/lib/hazelcast-3.8.2.jar:/home/travis/build/icyphy/ptII/lib/jackson-annotations-2.9.0.jar:/home/travis/build/icyphy/ptII/lib/jackson-core-2.9.3.jar:/home/travis/build/icyphy/ptII/lib/jackson-databind-2.9.3.jar:/home/travis/build/icyphy/ptII/lib/netty-buffer-4.1.19.Final.jar:/home/travis/build/icyphy/ptII/lib/netty-codec-4.1.19.Final.jar:/home/travis/build/icyphy/ptII/lib/netty-codec-dns-4.1.19.Final.jar:/home/travis/build/icyphy/ptII/lib/netty-codec-http-4.1.19.Final.jar:/home/travis/build/icyphy/ptII/lib/netty-codec-http2-4.1.19.Final.jar:/home/travis/build/icyphy/ptII/lib/netty-common-4.1.19.Final.jar:/home/travis/build/icyphy/ptII/lib/netty-handler-4.1.19.Final.jar:/home/travis/build/icyphy/ptII/lib/netty-resolver-4.1.19.Final.jar:/home/travis/build/icyphy/ptII/lib/netty-resolver-dns-4.1.19.Final.jar:/home/travis/build/icyphy/ptII/lib/netty-transport-4.1.19.Final.jar:/home/travis/build/icyphy/ptII/lib/vertx-codegen-3.5.1.jar:/home/travis/build/icyphy/ptII/lib/vertx-core-3.5.2-SNAPSHOT.jar:/home/travis/build/icyphy/ptII/lib/vertx-hazelcast-3.5.1.jar:/home/travis/build/icyphy/ptII/lib/vertx-lang-js-3.5.1.jar:/home/travis/build/icyphy/ptII/lib/vertx-service-proxy-3.5.1.jar:/home/travis/build/icyphy/ptII/lib/vertx-web-3.5.1.jar:/home/travis/build/icyphy/ptII/lib/slf4j-api-1.7.13.jar:/home/travis/build/icyphy/ptII/lib/slf4j-simple-1.7.13.jar:/home/travis/build/icyphy/ptII/lib/webcam-capture-0.3.12.jar:/home/travis/build/icyphy/ptII/lib/bridj-0.7.0.jar:/home/travis/build/icyphy/ptII/lib/xbjlib-1.1.0.nrjavaserial.jar" />
    <property name="test.batch" value="**/junit/*.java" />
    <property name="env._" value="/usr/bin/timeout" />
    <property name="java.io.tmpdir" value="/tmp" />
    <property name="user.language" value="en" />
    <property name="env.HISTCONTROL" value="ignoredups:ignorespace" />
    <property name="env.GOROOT" value="/home/travis/.gimme/versions/go1.7.4.linux.amd64" />
    <property name="line.separator" value="&#xa;" />
    <property name="target" value="1.8" />
    <property name="env.TRAVIS_BUILD_DIR" value="/home/travis/build/icyphy/ptII" />
    <property name="env.ANT_OPTS" value="-Xmx2048m" />
    <property name="ant.file.type" value="file" />
    <property name="ptolemy.ptII.batchMode" value="true" />
    <property name="env.HISTSIZE" value="1000" />
    <property name="env.MERB_ENV" value="test" />
    <property name="java.vm.info" value="mixed mode" />
    <property name="source" value="1.8" />
    <property name="java.vm.specification.name" value="Java Virtual Machine Specification" />
    <property name="env.TRAVIS_TEST_RESULT" value="0" />
    <property name="jsdoc.command" value="node_modules/@terraswarm/jsdoc/jsdoc.js" />
    <property name="npm.works" value="true" />
    <property name="cobertura.dir" value="/home/travis/build/icyphy/ptII/vendors/cobertura-2.0.3" />
    <property name="env.rvm_path" value="/home/travis/.rvm" />
    <property name="env.GEM_PATH" value="/home/travis/.rvm/gems/ruby-2.4.1:/home/travis/.rvm/gems/ruby-2.4.1@global" />
    <property name="env.LC_CTYPE" value="en_US.UTF-8" />
    <property name="java.awt.printerjob" value="sun.print.PSPrinterJob" />
    <property name="env.PT_TRAVIS_TEST_EXPORT3_XML" value="true" />
    <property name="env.TRAVIS_STACK_NAME" value="garnet" />
    <property name="ant.version" value="Apache Ant(TM) version 1.10.1 compiled on February 2 2017" />
    <property name="ptII.reports" value="/home/travis/build/icyphy/ptII/reports" />
    <property name="env.TRAVIS_STACK_TIMESTAMP" value="2017-12-05 19:33:09 UTC" />
    <property name="ant.file.type.ptII" value="file" />
    <property name="env.RBENV_SHELL" value="bash" />
    <property name="os.name" value="Linux" />
    <property name="java.specification.vendor" value="Oracle Corporation" />
    <property name="env.rvm_version" value="1.29.3 (latest)" />
    <property name="env.TERM" value="xterm" />
    <property name="java.vm.name" value="Java HotSpot(TM) 64-Bit Server VM" />
    <property name="env.TRAVIS_BUILD_NUMBER" value="448" />
    <property name="env.CI" value="true" />
    <property name="java.library.path" value="/home/travis/pthla/certi-tools/lib:/usr/lib/jni:/usr/local/share/OpenCV/java/:/usr/share/OpenCV/java::/usr/java/packages/lib/amd64:/usr/lib64:/lib64:/lib:/usr/lib" />
    <property name="env.rvm_prefix" value="/home/travis" />
    <property name="env.PATH" value="/home/travis/pthla/certi-tools/share/scripts:/home/travis/.rvm/gems/ruby-2.4.1/bin:/home/travis/.rvm/gems/ruby-2.4.1@global/bin:/home/travis/.rvm/rubies/ruby-2.4.1/bin:/home/travis/.rvm/bin:/home/travis/.nvm/versions/node/v7.10.1/bin:./node_modules/.bin:/home/travis/build/icyphy/ptII/bin:/home/travis/pthla/certi-tools/bin:/home/travis/bin:/home/travis/.local/bin:/opt/pyenv/shims:/home/travis/.phpenv/shims:/home/travis/perl5/perlbrew/bin:/home/travis/.kiex/elixirs/elixir-1.4.5/bin:/home/travis/.kiex/bin:/home/travis/gopath/bin:/home/travis/.gimme/versions/go1.7.4.linux.amd64/bin:/usr/local/phantomjs/bin:/usr/local/phantomjs:/usr/local/neo4j-3.2.7/bin:/usr/local/maven-3.5.2/bin:/usr/local/cmake-3.9.2/bin:/usr/local/clang-5.0.0/bin:/usr/local/sbin:/usr/local/bin:/usr/sbin:/usr/bin:/sbin:/bin:/home/travis/.phpenv/bin:/opt/pyenv/bin:/home/travis/.yarn/bin" />
    <property name="env.TRAVIS_OS_NAME" value="linux" />
    <property name="ant.java.version" value="1.8" />
    <property name="basedir" value="/home/travis/build/icyphy/ptII" />
    <property name="java.class.version" value="52.0" />
    <property name="env.SHLVL" value="3" />
    <property name="env.LD_LIBRARY_PATH" value="/home/travis/pthla/certi-tools/lib:/usr/lib/jni:/usr/local/share/OpenCV/java/:/usr/share/OpenCV/java:" />
    <property name="env.RACK_ENV" value="test" />
    <property name="ant.home" value="/home/travis/build/icyphy/ptII/ant" />
    <property name="env.NVM_DIR" value="/home/travis/.nvm" />
    <property name="env.PERLBREW_BASHRC_VERSION" value="0.80" />
    <property name="env.CERTI_FOM_PATH" value="/home/travis/pthla/certi-tools/share/federations" />
    <property name="env.TRAVIS_BUILD_ID" value="379971287" />
    <property name="env.PYENV_ROOT" value="/opt/pyenv" />
    <property name="env.TRAVIS_UID" value="2000" />
    <property name="env.rvm_pretty_print_flag" value="auto" />
    <property name="env.NVM_BIN" value="/home/travis/.nvm/versions/node/v7.10.1/bin" />
    <property name="env.TRAVIS_COMMIT" value="de1d106169dbbcf7b03d8c12ba2a3ad81938ea94" />
    <property name="env._system_arch" value="x86_64" />
    <property name="node.executable" value="node" />
    <property name="sun.boot.library.path" value="/usr/lib/jvm/java-8-oracle/jre/lib/amd64" />
    <property name="sun.management.compiler" value="HotSpot 64-Bit Tiered Compilers" />
    <property name="env.GOPATH" value="/home/travis/gopath" />
    <property name="java.awt.graphicsenv" value="sun.awt.X11GraphicsEnvironment" />
    <property name="ptolemy.ptII.dir" value="/home/travis/build/icyphy/ptII" />
    <property name="env.USER" value="travis" />
    <property name="env.HISTFILESIZE" value="2000" />
    <property name="timeout.longest" value="19000000" />
    <property name="env.TRAVIS_STACK_FEATURES" value="basic cassandra chromium couchdb disabled-ipv6 docker docker-compose elasticsearch firefox go-toolchain google-chrome jdk memcached mongodb mysql neo4j nodejs_interpreter perl_interpreter perlbrew phantomjs postgresql python_interpreter rabbitmq redis riak ruby_interpreter sqlite xserver" />
    <property name="env.TRAVIS_PULL_REQUEST" value="false" />
    <property name="env.PYENV_SHELL" value="bash" />
    <property name="ant.project.name" value="ptII" />
    <property name="java.vm.specification.version" value="1.8" />
    <property name="env.CERTI_VERSION" value="4.0.0" />
    <property name="env.NLSPATH" value="/usr/dt/lib/nls/msg/%L/%N.cat" />
    <property name="awt.toolkit" value="sun.awt.X11.XToolkit" />
    <property name="env.CERTI_HOST" value="localhost" />
    <property name="env.MY_RUBY_HOME" value="/home/travis/.rvm/rubies/ruby-2.4.1" />
    <property name="sun.cpu.isalist" value="" />
    <property name="java.ext.dirs" value="/usr/lib/jvm/java-8-oracle/jre/lib/ext:/usr/java/packages/lib/ext" />
    <property name="os.version" value="4.4.0-101-generic" />
    <property name="user.home" value="/home/travis" />
    <property name="env.MIX_ARCHIVES" value="/home/travis/.kiex/mix/elixir-1.4.5" />
    <property name="java.vm.vendor" value="Oracle Corporation" />
    <property name="env.TRAVIS_TAG" value="nightly" />
    <property name="env.TRAVIS_FILTERED" value="redirect_io" />
    <property name="javadoc.excludepackagenames" value="adm.cvs2svn.*,build.*,config.*,doc.coding.templates.*,jni.test.jni.meaningOfLife.*,jni.test.jni.testDeux.*,jni.test.jni.testTrois.*,org.terraswarm.accessor.accessors.web.node_modules.*,org.terraswarm.accessor.accessors.web.hosts.cordova.demo.*,org.terraswarm.accessor.accessors.web.hosts.cordova.plugins.*,org.terraswarm.accessor.accessors-svn.*,pt-modules.*,ptolemy.apps.agilent.*,ptolemy.apps.anytimecontrol.*,ptolemy.apps.apes.*,ptolemy.apps.charon.*,ptolemy.apps.crazyboard.*,ptolemy.apps.eclipse.*,ptolemy.apps.etherealSting.*,ptolemy.apps.fullscreen.*,ptolemy.apps.giotto.*,ptolemy.apps.ia.*,ptolemy.apps.interfaces.*,ptolemy.apps.jmf.*,ptolemy.apps.kurt.*,ptolemy.apps.kvm.*,ptolemy.apps.lego.*,ptolemy.apps.lejos.*,ptolemy.apps.midp.*,ptolemy.apps.mobileCoding.*,ptolemy.apps.pendulum.*,ptolemy.apps.rijndael.*,ptolemy.apps.robot.*,ptolemy.apps.security.*,ptolemy.apps.sobel.*,ptolemy.apps.soot.*,ptolemy.apps.throttle.*,ptolemy.apps.tini.*,ptolemy.apps.transmission.*,ptolemy.apps.vergil.*,ptolemy.apps.waba.*,ptolemy.apps.websensor.*,ptolemy.apps.webstart.*,ptolemy.apps.xsl.*,ptolemy.apps.zaurus.*,ptolemy.backtrack.eclipse.plugin.*,ptolemy.backtrack.test.*,ptolemy.codegen.c.actor.lib.oldJavaFiles.*,ptolemy.codegen.dsp.lib.*,ptolemy.codegen.kernel.newInterfaces.*,ptolemy.codegen.lib.*,ptolemy.copernicus.kernel.fragment.*,ptolemy.copernicus.shallow.cg.*,ptolemy.domains.giotto.demo.Hierarchy.Hierarchy.*,ptolemy.domains.giotto.demo.Multimode.Multimode.*,ptolemy.domains.giotto.demo.Simple.Simple.*,ptolemy.domains.gr.lib.experimental.*,ptolemy.domains.gro.*,ptolemy.domains.pdf.*,ptolemy.domains.ptinyos.demo.Surge.output.*,ptolemy.moml.test.NoPackageActor.java*,ptolemy.plot.adm.*,ptolemy.plot.servlet.*,reports.*,signed.*,src.*,target.*,vendors.*,ptolemy.cg.adapter.generic.program.procedural.c.mbed*,ptolemy.actor.lib.fmi.fmus.omc*,ptolemy.domains.openmodelica*,ptdb.kernel.bl.save.test.*,ptdb.kernel.bl.load.test.*,ptdb.kernel.bl.search.test.*,ptdb.kernel.bl.migration.test.*,ptdb.kernel.database.test.*,ptdb.test.*,ptdb.gui.test.*,org.ptolemy.scala.*,diva.util.java2d.svg.*,ptolemy.domains.ptinyos.*,ptolemy.actor.lib.fmi.fmipp.*,,org.terraswarm.accessor.accessors.web.node_modules.*,org.terraswarm.accessor.accessors-svn,ptolemy.actor.ptalon.demo.ptinyos.SendAndReceiveCnt.output,ptolemy.actor.ptalon.demo.ptinyos.SenseToLeds.output,ptolemy.domains.ptinyos.demo.CntToLedsAndRfm.output,ptolemy.domains.ptinyos.demo.RfmToLeds.output,ptolemy.domains.ptinyos.demo.SendAndReceiveCnt.output,ptolemy.domains.ptinyos.demo.SenseToLeds.output" />
    <property name="env.JAVA_HOME" value="/usr/lib/jvm/java-8-oracle" />
    <property name="env.PTII" value="/home/travis/build/icyphy/ptII" />
    <property name="env.TRAVIS_COMMIT_MESSAGE" value="Minor typo fix." />
    <property name="keystore" value="ptKeystore" />
    <property name="env.XDG_SESSION_ID" value="2" />
    <property name="junit.output.dir" value="/home/travis/build/icyphy/ptII/reports/junit" />
    <property name="npm.return.code" value="0" />
    <property name="user.dir" value="/home/travis/build/icyphy/ptII/ptolemy/vergil/basic/export/test" />
    <property name="env.TRAVIS_NODE_VERSION" value="7" />
    <property name="env.XFILESEARCHPATH" value="/usr/dt/app-defaults/%L/Dt" />
    <property name="env.TRAVIS_EVENT_TYPE" value="push" />
    <property name="env.MAIL" value="/var/mail/travis" />
    <property name="env.PWD" value="/home/travis/build/icyphy/ptII" />
    <property name="env.PERLBREW_ROOT" value="/home/travis/perl5/perlbrew" />
    <property name="timeout.npm" value="45000" />
    <property name="env.PAGER" value="cat" />
    <property name="sun.cpu.endian" value="little" />
    <property name="env.TRAVIS_BUILD_STAGE_NAME" value="Test" />
    <property name="env.PERLBREW_HOME" value="/home/travis/.perlbrew" />
    <property name="env.RAILS_ENV" value="test" />
    <property name="java.vm.version" value="25.151-b12" />
    <property name="java.class.path" value="/home/travis/build/icyphy/ptII:/home/travis/build/icyphy/ptII/lib/bsh-2.0b4.jar:/home/travis/build/icyphy/ptII/lib/ptCal.jar:/home/travis/build/icyphy/ptII/lib/java_cup.jar:/home/travis/build/icyphy/ptII/lib/saxon8.jar:/home/travis/build/icyphy/ptII/lib/saxon8-dom.jar:/home/travis/build/icyphy/ptII/lib/chic.jar:/home/travis/build/icyphy/ptII/lib/ptcolt.jar:/usr/lib/jvm/java-8-oracle/lib/tools.jar:/usr/lib/eclipse/plugins/org.eclipse.jdt.core_3.8.2.dist.jar:/usr/lib/eclipse/plugins/org.eclipse.core.runtime_3.8.0.dist.jar:/usr/lib/eclipse/plugins/org.eclipse.osgi_3.8.1.dist.jar:/usr/lib/eclipse/plugins/org.eclipse.core.resources_3.8.1.dist.jar:/usr/lib/eclipse/plugins/org.eclipse.equinox.common_3.6.100.dist.jar:/usr/lib/eclipse/plugins/org.eclipse.core.jobs_3.5.200.dist.jar:/usr/lib/eclipse/plugins/org.eclipse.core.contenttype_3.4.200.dist.jar:/usr/lib/eclipse/plugins/org.eclipse.equinox.preferences_3.5.0.dist.jar:/usr/lib/eclipse/plugins/org.eclipse.text_3.5.200.dist.jar:/usr/lib/eclipse/plugins/org.eclipse.ui.workbench_3.8.1.dist.jar:/usr/lib/eclipse/plugins/org.eclipse.jface_3.8.0.dist.jar:/usr/lib/eclipse/plugins/org.eclipse.swt_3.8.2.jar:/usr/lib/eclipse/plugins/org.eclipse.jface.text_3.8.1.dist.jar:/usr/lib/eclipse/plugins/org.eclipse.ui.workbench.texteditor_3.8.0.dist.jar:/usr/lib/eclipse/plugins/org.eclipse.ui.editors_3.8.0.dist.jar:/usr/lib/eclipse/plugins/org.eclipse.core.commands_3.6.1.dist.jar:/usr/lib/eclipse/plugins/org.eclipse.equinox.registry_3.5.200.dist.jar:/usr/lib/eclipse/plugins/org.eclipse.ui.console_3.5.100.dist.jar:/usr/lib/eclipse/plugins/org.eclipse.ui.forms_3.5.200.dist.jar:/usr/lib/eclipse/plugins/org.eclipse.ui.ide_3.8.1.dist.jar:/home/travis/build/icyphy/ptII/vendors/oracle/dbxml.jar:/home/travis/build/icyphy/ptII/vendors/oracle/db.jar:/home/travis/build/icyphy/ptII/vendors/misc/itext/iText.jar:/home/travis/build/icyphy/ptII/lib/g4ltl.jar:/home/travis/build/icyphy/ptII/lib/StructuralCoder.jar:/home/travis/build/icyphy/ptII/lib/org-openide-util.jar:/home/travis/build/icyphy/ptII/lib/org-openide-util-lookup.jar:/home/travis/build/icyphy/ptII/lib/org-netbeans-api-visual.jar:/home/travis/build/icyphy/ptII/vendors/jai-1_1_2_01/lib/jai_core.jar:/home/travis/build/icyphy/ptII/vendors/jai-1_1_2_01/lib/jai_codec.jar:/home/travis/build/icyphy/ptII/lib/jcerti.jar:/home/travis/build/icyphy/ptII/lib/smack.jar:/home/travis/build/icyphy/ptII/lib/smackx.jar:/home/travis/build/icyphy/ptII/lib/jetty-all-8.1.5-v20120716.jar:/home/travis/build/icyphy/ptII/lib/javax.servlet-api-3.0.1.jar:/home/travis/build/icyphy/ptII/lib/javax.mail.jar:/home/travis/build/icyphy/ptII/vendors/JMF-2.1.1e/lib/jmf.jar:/home/travis/build/icyphy/ptII/lib/jna-4.0.0-variadic.jar:/home/travis/build/icyphy/ptII/vendors/misc/joystick/Joystick.jar:/home/travis/build/icyphy/ptII/lib/ptjacl.jar:/home/travis/build/icyphy/ptII/lib/jsoup-1.8.2.jar:/home/travis/build/icyphy/ptII/lib/junit-4.8.2.jar:/home/travis/build/icyphy/ptII/lib/JUnitParams-0.4.0.jar:/home/travis/build/icyphy/ptII/ptolemy/actor/lib/excel/jxl.jar:/home/travis/build/icyphy/ptII/lib/jython.jar:/home/travis/build/icyphy/ptII/lib/kieler.jar:/home/travis/build/icyphy/ptII/vendors/opencv/share/OpenCV/java/opencv-341.jar:/home/travis/build/icyphy/ptII/lib/oscP5.jar:/home/travis/build/icyphy/ptII/lib/nrjavaserial-3.11.0.devel.jar:/usr/share/java/j3dcore.jar:/usr/share/java/j3dutils.jar:/usr/share/java/vecmath.jar:/home/travis/build/icyphy/ptII/ptolemy/distributed/jini/jar/jini-core.jar:/home/travis/build/icyphy/ptII/ptolemy/distributed/jini/jar/jini-ext.jar:/home/travis/build/icyphy/ptII/ptolemy/distributed/jini/jar/sun-util.jar:/home/travis/build/icyphy/ptII/lib/protobuf-java-2.4.1.jar:/home/travis/build/icyphy/ptII/lib/org.eclipse.paho.client.mqttv3.jar:/home/travis/build/icyphy/ptII/ptserver/lib/hessian-4.0.7.jar:/home/travis/build/icyphy/ptII/ptserver/lib/wmqtt.jar:/home/travis/build/icyphy/ptII/lib/mapss.jar:/home/travis/build/icyphy/ptII/ptolemy/actor/ptalon/antlr/antlr.jar:/home/travis/build/icyphy/ptII/lib/JRI.jar:/home/travis/build/icyphy/ptII/lib/commons-lang-2.6.jar:/home/travis/build/icyphy/ptII/lib/commons-logging-1.1.1.jar:/home/travis/build/icyphy/ptII/lib/sootclasses.jar:/home/travis/build/icyphy/ptII/ptolemy/actor/lib/database/mysql-connector-java-5.1.6-bin.jar:/home/travis/build/icyphy/ptII/vendors/misc/sphinx4/sphinx4-data-5prealpha.jar:/home/travis/build/icyphy/ptII/vendors/misc/sphinx4/sphinx4-core-5prealpha.jar:/home/travis/build/icyphy/ptII/lib/PDFRenderer.jar:/home/travis/build/icyphy/ptII/lib/svgSalamander.jar:/home/travis/build/icyphy/ptII/lib/rsyntaxtextarea-2.6.0-SNAPSHOT.jar:/home/travis/build/icyphy/ptII/lib/hazelcast-3.8.2.jar:/home/travis/build/icyphy/ptII/lib/jackson-annotations-2.9.0.jar:/home/travis/build/icyphy/ptII/lib/jackson-core-2.9.3.jar:/home/travis/build/icyphy/ptII/lib/jackson-databind-2.9.3.jar:/home/travis/build/icyphy/ptII/lib/netty-buffer-4.1.19.Final.jar:/home/travis/build/icyphy/ptII/lib/netty-codec-4.1.19.Final.jar:/home/travis/build/icyphy/ptII/lib/netty-codec-dns-4.1.19.Final.jar:/home/travis/build/icyphy/ptII/lib/netty-codec-http-4.1.19.Final.jar:/home/travis/build/icyphy/ptII/lib/netty-codec-http2-4.1.19.Final.jar:/home/travis/build/icyphy/ptII/lib/netty-common-4.1.19.Final.jar:/home/travis/build/icyphy/ptII/lib/netty-handler-4.1.19.Final.jar:/home/travis/build/icyphy/ptII/lib/netty-resolver-4.1.19.Final.jar:/home/travis/build/icyphy/ptII/lib/netty-resolver-dns-4.1.19.Final.jar:/home/travis/build/icyphy/ptII/lib/netty-transport-4.1.19.Final.jar:/home/travis/build/icyphy/ptII/lib/vertx-codegen-3.5.1.jar:/home/travis/build/icyphy/ptII/lib/vertx-core-3.5.2-SNAPSHOT.jar:/home/travis/build/icyphy/ptII/lib/vertx-hazelcast-3.5.1.jar:/home/travis/build/icyphy/ptII/lib/vertx-lang-js-3.5.1.jar:/home/travis/build/icyphy/ptII/lib/vertx-service-proxy-3.5.1.jar:/home/travis/build/icyphy/ptII/lib/vertx-web-3.5.1.jar:/home/travis/build/icyphy/ptII/lib/slf4j-api-1.7.13.jar:/home/travis/build/icyphy/ptII/lib/slf4j-simple-1.7.13.jar:/home/travis/build/icyphy/ptII/lib/webcam-capture-0.3.12.jar:/home/travis/build/icyphy/ptII/lib/bridj-0.7.0.jar:/home/travis/build/icyphy/ptII/lib/xbjlib-1.1.0.nrjavaserial.jar:/home/travis/build/icyphy/ptII/ptolemy/moml/test:/home/travis/build/icyphy/ptII/ant/lib/ant-launcher.jar:/home/travis/build/icyphy/ptII/ant/lib/ant.jar:/home/travis/build/icyphy/ptII/ant/lib/ant-junit.jar:/home/travis/build/icyphy/ptII/ant/lib/ant-junit4.jar" />
    <property name="ant.library.dir" value="/home/travis/build/icyphy/ptII/ant/lib" />
    <property name="os.arch" value="amd64" />
    <property name="env.TRAVIS_LANGUAGE" value="node_js" />
    <property name="env.CONTINUOUS_INTEGRATION" value="true" />
    <property name="env.TRAVIS_STACK_LANGUAGES" value="__garnet__ c c++ clojure cplusplus cpp default go groovy java node_js php pure_java python ruby scala" />
    <property name="test.name" value="ptolemy.actor.lib.test.junit.JUnitTclTest" />
    <property name="sun.java.launcher" value="SUN_STANDARD" />
    <property name="env.PYTHON_CONFIGURE_OPTS" value="--enable-unicode=ucs4 --with-wide-unicode --enable-shared --enable-ipv6 --enable-loadable-sqlite-extensions --with-computed-gotos" />
    <property name="ant.core.lib" value="/home/travis/build/icyphy/ptII/ant/lib/ant.jar" />
    <property name="java.vm.specification.vendor" value="Oracle Corporation" />
    <property name="env.BCVTB_HOME" value="/home/travis/build/icyphy/ptII/lbnl" />
    <property name="file.separator" value="/" />
    <property name="java.runtime.version" value="1.8.0_151-b12" />
    <property name="spotbugs.home" value="/home/travis/build/icyphy/ptII/vendors/spotbugs-3.1.1" />
    <property name="sun.boot.class.path" value="/usr/lib/jvm/java-8-oracle/jre/lib/resources.jar:/usr/lib/jvm/java-8-oracle/jre/lib/rt.jar:/usr/lib/jvm/java-8-oracle/jre/lib/sunrsasign.jar:/usr/lib/jvm/java-8-oracle/jre/lib/jsse.jar:/usr/lib/jvm/java-8-oracle/jre/lib/jce.jar:/usr/lib/jvm/java-8-oracle/jre/lib/charsets.jar:/usr/lib/jvm/java-8-oracle/jre/lib/jfr.jar:/usr/lib/jvm/java-8-oracle/jre/classes" />
    <property name="env.HAS_JOSH_K_SEAL_OF_APPROVAL" value="true" />
    <property name="env.TRAVIS_OSX_IMAGE" value="" />
    <property name="env.XDG_RUNTIME_DIR" value="/run/user/2000" />
    <property name="env.TRAVIS_BRANCH" value="master" />
    <property name="env.TRAVIS_JOB_ID" value="379971301" />
    <property name="env.CERTI_HOME_TRAVIS" value="/home/travis/pthla/certi-tools" />
    <property name="user.country" value="US" />
    <property name="env.SHELL" value="/bin/bash" />
    <property name="java.maxmemory.large" value="5000m" />
    <property name="model" value="" />
    <property name="env.CASHER_DIR" value="/home/travis/.casher" />
    <property name="env.NVM_CD_FLAGS" value="" />
    <property name="jshint.executable" value="/home/travis/node_modules/jshint/bin/jshint" />
    <property name="java.vendor" value="Oracle Corporation" />
    <property name="env.JRUBY_OPTS" value=" --client -J-XX:+TieredCompilation -J-XX:TieredStopAtLevel=1 -J-Xss2m -Xcompile.invokedynamic=false" />
    <property name="env.TRAVIS_PRE_CHEF_BOOTSTRAP_TIME" value="2017-12-05T19:32:55" />
    <property name="env.TRAVIS_STACK_JOB_BOARD_REGISTER" value="/.job-board-register.yml" />
    <property name="env.ELIXIR_VERSION" value="1.4.5" />
    <property name="java.specification.version" value="1.8" />
    <property name="env.IRBRC" value="/home/travis/.rvm/rubies/ruby-2.4.1/.irbrc" />
    <property name="env.TRAVIS" value="true" />
    <property name="sun.arch.data.model" value="64" />
  </properties>
  <testcase classname="ptolemy.vergil.basic.export.test.junit.ExportModelJUnitTestBatch3" name="[0] ptolemy/actor/lib/jjs/modules/iotAuth/demo/SecurePubSub/SecurePubSub.xml (RunExportModel)" time="32.502" />
  <testcase classname="ptolemy.vergil.basic.export.test.junit.ExportModelJUnitTestBatch3" name="[1] ptolemy/actor/lib/jjs/modules/localStorage/demo/LocalStorage/LocalStorage.xml (RunExportModel)" time="11.374" />
  <testcase classname="ptolemy.vergil.basic.export.test.junit.ExportModelJUnitTestBatch3" name="[2] ptolemy/actor/lib/jjs/modules/mqtt/demo/MQTTPubSub/MQTTPubSub.xml (RunExportModel)" time="23.467" />
  <testcase classname="ptolemy.vergil.basic.export.test.junit.ExportModelJUnitTestBatch3" name="[3] ptolemy/actor/lib/jjs/modules/socket/demo/SecureSocket/SecureSocket.xml (RunExportModel)" time="22.72" />
  <testcase classname="ptolemy.vergil.basic.export.test.junit.ExportModelJUnitTestBatch3" name="[4] ptolemy/actor/lib/jjs/modules/socket/demo/SocketDoubleArrayBatched/SocketDoubleArrayBatched.xml (RunExportModel)" time="14.344" />
  <testcase classname="ptolemy.vergil.basic.export.test.junit.ExportModelJUnitTestBatch3" name="[5] ptolemy/actor/lib/jjs/modules/socket/demo/SocketImage/SocketImage.xml (RunExportModel)" time="38.127" />
  <testcase classname="ptolemy.vergil.basic.export.test.junit.ExportModelJUnitTestBatch3" name="[6] ptolemy/actor/lib/jjs/modules/socket/demo/SocketString/SocketString.xml (RunExportModel)" time="16.65" />
  <testcase classname="ptolemy.vergil.basic.export.test.junit.ExportModelJUnitTestBatch3" name="[7] ptolemy/actor/lib/jjs/modules/socket/demo/SocketUnsignedShort/SocketUnsignedShort.xml (RunExportModel)" time="13.693" />
  <testcase classname="ptolemy.vergil.basic.export.test.junit.ExportModelJUnitTestBatch3" name="[8] ptolemy/actor/lib/jjs/modules/socket/demo/TCPSocket/TCPSocket.xml (RunExportModel)" time="8.293" />
  <testcase classname="ptolemy.vergil.basic.export.test.junit.ExportModelJUnitTestBatch3" name="[9] ptolemy/actor/lib/jjs/modules/socket/demo/TCPSocket/TCPSocketDoubleArrayBatched.xml (RunExportModel)" time="14.257" />
  <testcase classname="ptolemy.vergil.basic.export.test.junit.ExportModelJUnitTestBatch3" name="[10] ptolemy/actor/lib/jjs/modules/socket/demo/TCPSocket/TCPSocketImage.xml (RunExportModel)" time="34.456" />
  <testcase classname="ptolemy.vergil.basic.export.test.junit.ExportModelJUnitTestBatch3" name="[11] ptolemy/actor/lib/jjs/modules/socket/demo/TCPSocket/TCPSocketSecureServerClient.xml (RunExportModel)" time="21.233" />
  <testcase classname="ptolemy.vergil.basic.export.test.junit.ExportModelJUnitTestBatch3" name="[12] ptolemy/actor/lib/jjs/modules/socket/demo/TCPSocket/TCPSocketTwoClients.xml (RunExportModel)" time="34.224" />
  <testcase classname="ptolemy.vergil.basic.export.test.junit.ExportModelJUnitTestBatch3" name="[13] ptolemy/actor/lib/jjs/modules/socket/demo/TCPSocket/TCPSocketUnsignedShort.xml (RunExportModel)" time="15.017" />
  <testcase classname="ptolemy.vergil.basic.export.test.junit.ExportModelJUnitTestBatch3" name="[14] ptolemy/actor/lib/jjs/modules/speechRecognition/demo/SpeechRecognition/SpeechRecognition.xml (RunExportModel)" time="10.136" />
  <testcase classname="ptolemy.vergil.basic.export.test.junit.ExportModelJUnitTestBatch3" name="[15] ptolemy/actor/lib/jjs/modules/speechRecognition/demo/WatchCommandUpdater/WatchCommandUpdater.xml (RunExportModel)" time="13.496" />
  <testcase classname="ptolemy.vergil.basic.export.test.junit.ExportModelJUnitTestBatch3" name="[16] ptolemy/actor/lib/jjs/modules/testing/demo/Testing/Testing.xml (RunExportModel)" time="30.436" />
  <testcase classname="ptolemy.vergil.basic.export.test.junit.ExportModelJUnitTestBatch3" name="[17] ptolemy/actor/lib/jjs/modules/udpSocket/demo/UDPSocket/UDPSocket.xml (RunExportModel)" time="39.686" />
  <testcase classname="ptolemy.vergil.basic.export.test.junit.ExportModelJUnitTestBatch3" name="[18] ptolemy/actor/lib/jjs/modules/udpSocket/demo/WatchEmulator/WatchEmulator.xml (RunExportModel)" time="20.467">
    <failure message="Exporting HTML for ptolemy/actor/lib/jjs/modules/udpSocket/demo/WatchEmulator/WatchEmulator.xml failed: &#xa;java.lang.reflect.InvocationTargetException&#xa;&#x9;at java.awt.EventQueue.invokeAndWait(EventQueue.java:1321)&#xa;&#x9;at java.awt.EventQueue.invokeAndWait(EventQueue.java:1296)&#xa;&#x9;at javax.swing.SwingUtilities.invokeAndWait(SwingUtilities.java:1348)&#xa;&#x9;at ptolemy.vergil.basic.export.ExportModel.exportModel(ExportModel.java:401)&#xa;&#x9;at ptolemy.vergil.basic.export.test.junit.ExportModelJUnitTest.RunExportModel(ExportModelJUnitTest.java:153)&#xa;&#x9;at ptolemy.vergil.basic.export.test.junit.ExportModelJUnitTestBatch.RunExportModel(ExportModelJUnitTestBatch.java:97)&#xa;&#x9;at sun.reflect.GeneratedMethodAccessor18.invoke(Unknown Source)&#xa;&#x9;at sun.reflect.DelegatingMethodAccessorImpl.invoke(DelegatingMethodAccessorImpl.java:43)&#xa;&#x9;at java.lang.reflect.Method.invoke(Method.java:498)&#xa;&#x9;at org.junit.runners.model.FrameworkMethod$1.runReflectiveCall(FrameworkMethod.java:44)&#xa;&#x9;at org.junit.internal.runners.model.ReflectiveCallable.run(ReflectiveCallable.java:15)&#xa;&#x9;at org.junit.runners.model.FrameworkMethod.invokeExplosively(FrameworkMethod.java:41)&#xa;&#x9;at junitparams.internal.InvokeParameterisedMethod.evaluate(InvokeParameterisedMethod.java:102)&#xa;&#x9;at junitparams.internal.ParameterisedTestMethodRunner.runMethodInvoker(ParameterisedTestMethodRunner.java:47)&#xa;&#x9;at junitparams.internal.ParameterisedTestMethodRunner.runTestMethod(ParameterisedTestMethodRunner.java:41)&#xa;&#x9;at junitparams.internal.ParameterisedTestClassRunner.runParameterisedTest(ParameterisedTestClassRunner.java:143)&#xa;&#x9;at junitparams.JUnitParamsRunner.runChild(JUnitParamsRunner.java:237)&#xa;&#x9;at junitparams.JUnitParamsRunner.runChild(JUnitParamsRunner.java:215)&#xa;&#x9;at org.junit.runners.ParentRunner$3.run(ParentRunner.java:193)&#xa;&#x9;at org.junit.runners.ParentRunner$1.schedule(ParentRunner.java:52)&#xa;&#x9;at org.junit.runners.ParentRunner.runChildren(ParentRunner.java:191)&#xa;&#x9;at org.junit.runners.ParentRunner.access$000(ParentRunner.java:42)&#xa;&#x9;at org.junit.runners.ParentRunner$2.evaluate(ParentRunner.java:184)&#xa;&#x9;at org.junit.runners.ParentRunner.run(ParentRunner.java:236)&#xa;&#x9;at junit.framework.JUnit4TestAdapter.run(JUnit4TestAdapter.java:39)&#xa;&#x9;at org.apache.tools.ant.taskdefs.optional.junit.JUnitTestRunner.run(JUnitTestRunner.java:535)&#xa;&#x9;at org.apache.tools.ant.taskdefs.optional.junit.JUnitTestRunner.launch(JUnitTestRunner.java:1182)&#xa;&#x9;at org.apache.tools.ant.taskdefs.optional.junit.JUnitTestRunner.main(JUnitTestRunner.java:1033)&#xa;Caused by: java.lang.RuntimeException: ptolemy.kernel.util.IllegalActionException: Exceptions occurred during wrapup:&#xa;ptolemy.kernel.util.IllegalActionException: Failure executing the wrapup function: Error: TrainableTest2: The input handler of this accessor was never invoked. Usually, this is an error indicating that starvation is occurring. in &lt;function&gt; at line number 393 at column number 16&#xa;  in .WatchEmulator.TrainableTest2&#xa;Because:&#xa;Error: TrainableTest2: The input handler of this accessor was never invoked. Usually, this is an error indicating that starvation is occurring. in &lt;function&gt; at line number 393 at column number 16&#xa;&#xa;  in .WatchEmulator.DE Director&#xa;Because:&#xa;Failure executing the wrapup function: Error: TrainableTest2: The input handler of this accessor was never invoked. Usually, this is an error indicating that starvation is occurring. in &lt;function&gt; at line number 393 at column number 16&#xa;  in .WatchEmulator.TrainableTest2&#xa;Because:&#xa;Error: TrainableTest2: The input handler of this accessor was never invoked. Usually, this is an error indicating that starvation is occurring. in &lt;function&gt; at line number 393 at column number 16&#xa;&#x9;at ptolemy.vergil.basic.export.ExportModel$2.run(ExportModel.java:397)&#xa;&#x9;at java.awt.event.InvocationEvent.dispatch(InvocationEvent.java:301)&#xa;&#x9;at java.awt.EventQueue.dispatchEventImpl(EventQueue.java:756)&#xa;&#x9;at java.awt.EventQueue.access$500(EventQueue.java:97)&#xa;&#x9;at java.awt.EventQueue$3.run(EventQueue.java:709)&#xa;&#x9;at java.awt.EventQueue$3.run(EventQueue.java:703)&#xa;&#x9;at java.security.AccessController.doPrivileged(Native Method)&#xa;&#x9;at java.security.ProtectionDomain$JavaSecurityAccessImpl.doIntersectionPrivilege(ProtectionDomain.java:80)&#xa;&#x9;at java.awt.EventQueue.dispatchEvent(EventQueue.java:726)&#xa;&#x9;at java.awt.EventDispatchThread.pumpOneEventForFilters(EventDispatchThread.java:201)&#xa;&#x9;at java.awt.EventDispatchThread.pumpEventsForFilter(EventDispatchThread.java:116)&#xa;&#x9;at java.awt.EventDispatchThread.pumpEventsForHierarchy(EventDispatchThread.java:105)&#xa;&#x9;at java.awt.EventDispatchThread.pumpEvents(EventDispatchThread.java:101)&#xa;&#x9;at java.awt.EventDispatchThread.pumpEvents(EventDispatchThread.java:93)&#xa;&#x9;at java.awt.EventDispatchThread.run(EventDispatchThread.java:82)&#xa;Caused by: ptolemy.kernel.util.IllegalActionException: Exceptions occurred during wrapup:&#xa;ptolemy.kernel.util.IllegalActionException: Failure executing the wrapup function: Error: TrainableTest2: The input handler of this accessor was never invoked. Usually, this is an error indicating that starvation is occurring. in &lt;function&gt; at line number 393 at column number 16&#xa;  in .WatchEmulator.TrainableTest2&#xa;Because:&#xa;Error: TrainableTest2: The input handler of this accessor was never invoked. Usually, this is an error indicating that starvation is occurring. in &lt;function&gt; at line number 393 at column number 16&#xa;&#xa;  in .WatchEmulator.DE Director&#xa;Because:&#xa;Failure executing the wrapup function: Error: TrainableTest2: The input handler of this accessor was never invoked. Usually, this is an error indicating that starvation is occurring. in &lt;function&gt; at line number 393 at column number 16&#xa;  in .WatchEmulator.TrainableTest2&#xa;Because:&#xa;Error: TrainableTest2: The input handler of this accessor was never invoked. Usually, this is an error indicating that starvation is occurring. in &lt;function&gt; at line number 393 at column number 16&#xa;&#x9;at ptolemy.actor.Director.wrapup(Director.java:1736)&#xa;&#x9;at ptolemy.domains.de.kernel.DEDirector.wrapup(DEDirector.java:1526)&#xa;&#x9;at ptolemy.actor.CompositeActor.wrapup(CompositeActor.java:2735)&#xa;&#x9;at ptolemy.actor.Manager.wrapup(Manager.java:1512)&#xa;&#x9;at ptolemy.actor.Manager.execute(Manager.java:407)&#xa;&#x9;at ptolemy.vergil.basic.export.ExportModel$2.run(ExportModel.java:390)&#xa;&#x9;... 14 more&#xa;Caused by: ptolemy.kernel.util.IllegalActionException: Failure executing the wrapup function: Error: TrainableTest2: The input handler of this accessor was never invoked. Usually, this is an error indicating that starvation is occurring. in &lt;function&gt; at line number 393 at column number 16&#xa;  in .WatchEmulator.TrainableTest2&#xa;Because:&#xa;Error: TrainableTest2: The input handler of this accessor was never invoked. Usually, this is an error indicating that starvation is occurring. in &lt;function&gt; at line number 393 at column number 16&#xa;&#x9;at ptolemy.actor.lib.jjs.JavaScript._invokeMethodInContext(JavaScript.java:2223)&#xa;&#x9;at ptolemy.actor.lib.jjs.JavaScript.wrapup(JavaScript.java:2118)&#xa;&#x9;at ptolemy.actor.Director.wrapup(Director.java:1722)&#xa;&#x9;... 19 more&#xa;Caused by: javax.script.ScriptException: Error: TrainableTest2: The input handler of this accessor was never invoked. Usually, this is an error indicating that starvation is occurring. in &lt;function&gt; at line number 393 at column number 16&#xa;&#x9;at jdk.nashorn.api.scripting.NashornScriptEngine.throwAsScriptException(NashornScriptEngine.java:470)&#xa;&#x9;at jdk.nashorn.api.scripting.NashornScriptEngine.invokeImpl(NashornScriptEngine.java:392)&#xa;&#x9;at jdk.nashorn.api.scripting.NashornScriptEngine.invokeMethod(NashornScriptEngine.java:199)&#xa;&#x9;at ptolemy.actor.lib.jjs.JavaScript._invokeMethodInContext(JavaScript.java:2200)&#xa;&#x9;... 21 more&#xa;Caused by: &lt;function&gt;:393:16 Error: TrainableTest2: The input handler of this accessor was never invoked. Usually, this is an error indicating that starvation is occurring.&#xa;&#x9;at jdk.nashorn.internal.objects.NativeError.initException(NativeError.java:137)&#xa;&#x9;at jdk.nashorn.internal.objects.NativeError.&lt;init&gt;(NativeError.java:102)&#xa;&#x9;at jdk.nashorn.internal.objects.NativeError.&lt;init&gt;(NativeError.java:106)&#xa;&#x9;at jdk.nashorn.internal.objects.NativeError.&lt;init&gt;(NativeError.java:110)&#xa;&#x9;at jdk.nashorn.internal.objects.NativeError.constructor(NativeError.java:129)&#xa;&#x9;at jdk.nashorn.internal.scripts.Script$Recompilation$17670$18524$\^function\_.L:1#wrapup(&lt;function&gt;:393)&#xa;&#x9;at jdk.nashorn.internal.scripts.Script$Recompilation$17668$30384$require.L:1#Accessor#wrapup(/home/travis/build/icyphy/ptII/ptolemy/actor/lib/jjs/external/require.js#401:30&lt;eval&gt;:675)&#xa;&#x9;at jdk.nashorn.internal.runtime.ScriptFunctionData.invoke(ScriptFunctionData.java:637)&#xa;&#x9;at jdk.nashorn.internal.runtime.ScriptFunction.invoke(ScriptFunction.java:494)&#xa;&#x9;at jdk.nashorn.internal.runtime.ScriptRuntime.apply(ScriptRuntime.java:393)&#xa;&#x9;at jdk.nashorn.api.scripting.ScriptObjectMirror.callMember(ScriptObjectMirror.java:199)&#xa;&#x9;at jdk.nashorn.api.scripting.NashornScriptEngine.invokeImpl(NashornScriptEngine.java:386)&#xa;&#x9;... 23 more&#xa;" type="junit.framework.AssertionFailedError">junit.framework.AssertionFailedError: Exporting HTML for ptolemy/actor/lib/jjs/modules/udpSocket/demo/WatchEmulator/WatchEmulator.xml failed: 
java.lang.reflect.InvocationTargetException
	at java.awt.EventQueue.invokeAndWait(EventQueue.java:1321)
	at java.awt.EventQueue.invokeAndWait(EventQueue.java:1296)
	at javax.swing.SwingUtilities.invokeAndWait(SwingUtilities.java:1348)
	at ptolemy.vergil.basic.export.ExportModel.exportModel(ExportModel.java:401)
	at ptolemy.vergil.basic.export.test.junit.ExportModelJUnitTest.RunExportModel(ExportModelJUnitTest.java:153)
	at ptolemy.vergil.basic.export.test.junit.ExportModelJUnitTestBatch.RunExportModel(ExportModelJUnitTestBatch.java:97)
	at junitparams.internal.InvokeParameterisedMethod.evaluate(InvokeParameterisedMethod.java:102)
	at junitparams.internal.ParameterisedTestMethodRunner.runMethodInvoker(ParameterisedTestMethodRunner.java:47)
	at junitparams.internal.ParameterisedTestMethodRunner.runTestMethod(ParameterisedTestMethodRunner.java:41)
	at junitparams.internal.ParameterisedTestClassRunner.runParameterisedTest(ParameterisedTestClassRunner.java:143)
	at junitparams.JUnitParamsRunner.runChild(JUnitParamsRunner.java:237)
	at junitparams.JUnitParamsRunner.runChild(JUnitParamsRunner.java:215)
Caused by: java.lang.RuntimeException: ptolemy.kernel.util.IllegalActionException: Exceptions occurred during wrapup:
ptolemy.kernel.util.IllegalActionException: Failure executing the wrapup function: Error: TrainableTest2: The input handler of this accessor was never invoked. Usually, this is an error indicating that starvation is occurring. in &lt;function&gt; at line number 393 at column number 16
  in .WatchEmulator.TrainableTest2
Because:
Error: TrainableTest2: The input handler of this accessor was never invoked. Usually, this is an error indicating that starvation is occurring. in &lt;function&gt; at line number 393 at column number 16

  in .WatchEmulator.DE Director
Because:
Failure executing the wrapup function: Error: TrainableTest2: The input handler of this accessor was never invoked. Usually, this is an error indicating that starvation is occurring. in &lt;function&gt; at line number 393 at column number 16
  in .WatchEmulator.TrainableTest2
Because:
Error: TrainableTest2: The input handler of this accessor was never invoked. Usually, this is an error indicating that starvation is occurring. in &lt;function&gt; at line number 393 at column number 16
	at ptolemy.vergil.basic.export.ExportModel$2.run(ExportModel.java:397)
	at java.awt.event.InvocationEvent.dispatch(InvocationEvent.java:301)
	at java.awt.EventQueue.dispatchEventImpl(EventQueue.java:756)
	at java.awt.EventQueue.access$500(EventQueue.java:97)
	at java.awt.EventQueue$3.run(EventQueue.java:709)
	at java.awt.EventQueue$3.run(EventQueue.java:703)
	at java.security.AccessController.doPrivileged(Native Method)
	at java.security.ProtectionDomain$JavaSecurityAccessImpl.doIntersectionPrivilege(ProtectionDomain.java:80)
	at java.awt.EventQueue.dispatchEvent(EventQueue.java:726)
	at java.awt.EventDispatchThread.pumpOneEventForFilters(EventDispatchThread.java:201)
	at java.awt.EventDispatchThread.pumpEventsForFilter(EventDispatchThread.java:116)
	at java.awt.EventDispatchThread.pumpEventsForHierarchy(EventDispatchThread.java:105)
	at java.awt.EventDispatchThread.pumpEvents(EventDispatchThread.java:101)
	at java.awt.EventDispatchThread.pumpEvents(EventDispatchThread.java:93)
	at java.awt.EventDispatchThread.run(EventDispatchThread.java:82)
Caused by: ptolemy.kernel.util.IllegalActionException: Exceptions occurred during wrapup:
ptolemy.kernel.util.IllegalActionException: Failure executing the wrapup function: Error: TrainableTest2: The input handler of this accessor was never invoked. Usually, this is an error indicating that starvation is occurring. in &lt;function&gt; at line number 393 at column number 16
  in .WatchEmulator.TrainableTest2
Because:
Error: TrainableTest2: The input handler of this accessor was never invoked. Usually, this is an error indicating that starvation is occurring. in &lt;function&gt; at line number 393 at column number 16

  in .WatchEmulator.DE Director
Because:
Failure executing the wrapup function: Error: TrainableTest2: The input handler of this accessor was never invoked. Usually, this is an error indicating that starvation is occurring. in &lt;function&gt; at line number 393 at column number 16
  in .WatchEmulator.TrainableTest2
Because:
Error: TrainableTest2: The input handler of this accessor was never invoked. Usually, this is an error indicating that starvation is occurring. in &lt;function&gt; at line number 393 at column number 16
	at ptolemy.actor.Director.wrapup(Director.java:1736)
	at ptolemy.domains.de.kernel.DEDirector.wrapup(DEDirector.java:1526)
	at ptolemy.actor.CompositeActor.wrapup(CompositeActor.java:2735)
	at ptolemy.actor.Manager.wrapup(Manager.java:1512)
	at ptolemy.actor.Manager.execute(Manager.java:407)
	at ptolemy.vergil.basic.export.ExportModel$2.run(ExportModel.java:390)
Caused by: ptolemy.kernel.util.IllegalActionException: Failure executing the wrapup function: Error: TrainableTest2: The input handler of this accessor was never invoked. Usually, this is an error indicating that starvation is occurring. in &lt;function&gt; at line number 393 at column number 16
  in .WatchEmulator.TrainableTest2
Because:
Error: TrainableTest2: The input handler of this accessor was never invoked. Usually, this is an error indicating that starvation is occurring. in &lt;function&gt; at line number 393 at column number 16
	at ptolemy.actor.lib.jjs.JavaScript._invokeMethodInContext(JavaScript.java:2223)
	at ptolemy.actor.lib.jjs.JavaScript.wrapup(JavaScript.java:2118)
	at ptolemy.actor.Director.wrapup(Director.java:1722)
Caused by: javax.script.ScriptException: Error: TrainableTest2: The input handler of this accessor was never invoked. Usually, this is an error indicating that starvation is occurring. in &lt;function&gt; at line number 393 at column number 16
	at jdk.nashorn.api.scripting.NashornScriptEngine.throwAsScriptException(NashornScriptEngine.java:470)
	at jdk.nashorn.api.scripting.NashornScriptEngine.invokeImpl(NashornScriptEngine.java:392)
	at jdk.nashorn.api.scripting.NashornScriptEngine.invokeMethod(NashornScriptEngine.java:199)
	at ptolemy.actor.lib.jjs.JavaScript._invokeMethodInContext(JavaScript.java:2200)
Caused by: &lt;function&gt;:393:16 Error: TrainableTest2: The input handler of this accessor was never invoked. Usually, this is an error indicating that starvation is occurring.
	at jdk.nashorn.internal.objects.NativeError.initException(NativeError.java:137)
	at jdk.nashorn.internal.objects.NativeError.&lt;init&gt;(NativeError.java:102)
	at jdk.nashorn.internal.objects.NativeError.&lt;init&gt;(NativeError.java:106)
	at jdk.nashorn.internal.objects.NativeError.&lt;init&gt;(NativeError.java:110)
	at jdk.nashorn.internal.objects.NativeError.constructor(NativeError.java:129)
	at jdk.nashorn.internal.scripts.Script$Recompilation$17670$18524$\^function\_.L:1#wrapup(&lt;function&gt;:393)
	at jdk.nashorn.internal.scripts.Script$Recompilation$17668$30384$require.L:1#Accessor#wrapup(/home/travis/build/icyphy/ptII/ptolemy/actor/lib/jjs/external/require.js#401:30&lt;eval&gt;:675)
	at jdk.nashorn.internal.runtime.ScriptFunctionData.invoke(ScriptFunctionData.java:637)
	at jdk.nashorn.internal.runtime.ScriptFunction.invoke(ScriptFunction.java:494)
	at jdk.nashorn.internal.runtime.ScriptRuntime.apply(ScriptRuntime.java:393)
	at jdk.nashorn.api.scripting.ScriptObjectMirror.callMember(ScriptObjectMirror.java:199)
	at jdk.nashorn.api.scripting.NashornScriptEngine.invokeImpl(NashornScriptEngine.java:386)

	at ptolemy.vergil.basic.export.test.junit.ExportModelJUnitTest.RunExportModel(ExportModelJUnitTest.java:162)
	at ptolemy.vergil.basic.export.test.junit.ExportModelJUnitTestBatch.RunExportModel(ExportModelJUnitTestBatch.java:97)
	at junitparams.internal.InvokeParameterisedMethod.evaluate(InvokeParameterisedMethod.java:102)
	at junitparams.internal.ParameterisedTestMethodRunner.runMethodInvoker(ParameterisedTestMethodRunner.java:47)
	at junitparams.internal.ParameterisedTestMethodRunner.runTestMethod(ParameterisedTestMethodRunner.java:41)
	at junitparams.internal.ParameterisedTestClassRunner.runParameterisedTest(ParameterisedTestClassRunner.java:143)
	at junitparams.JUnitParamsRunner.runChild(JUnitParamsRunner.java:237)
	at junitparams.JUnitParamsRunner.runChild(JUnitParamsRunner.java:215)
</failure>
  </testcase>
  <testcase classname="ptolemy.vergil.basic.export.test.junit.ExportModelJUnitTestBatch3" name="[19] ptolemy/actor/lib/jjs/modules/userInterface/demo/Dots/Dots.xml (RunExportModel)" time="76.808" />
  <testcase classname="ptolemy.vergil.basic.export.test.junit.ExportModelJUnitTestBatch3" name="[20] ptolemy/actor/lib/jjs/modules/userInterface/demo/HelloUserInterface/HelloUserInterface.xml (RunExportModel)" time="22.154" />
  <testcase classname="ptolemy.vergil.basic.export.test.junit.ExportModelJUnitTestBatch3" name="[21] ptolemy/actor/lib/jjs/modules/userInterface/demo/UserInterface/UserInterface.xml (RunExportModel)" time="14.276" />
  <testcase classname="ptolemy.vergil.basic.export.test.junit.ExportModelJUnitTestBatch3" name="[22] ptolemy/actor/lib/jjs/modules/userInterface/demo/UserInterface/UserInterfaceBrowser.xml (RunExportModel)" time="41.2" />
  <testcase classname="ptolemy.vergil.basic.export.test.junit.ExportModelJUnitTestBatch3" name="[23] ptolemy/actor/lib/jjs/modules/userInterface/demo/UserInterface/UserInterfaceFixedPage.xml (RunExportModel)" time="15.442" />
  <testcase classname="ptolemy.vergil.basic.export.test.junit.ExportModelJUnitTestBatch3" name="[24] ptolemy/actor/lib/jjs/modules/userInterface/demo/UserInterface/UserInterfaceInteractive.xml (RunExportModel)" time="40.659" />
  <testcase classname="ptolemy.vergil.basic.export.test.junit.ExportModelJUnitTestBatch3" name="[25] ptolemy/actor/lib/jjs/modules/userInterface/demo/UserInterface/UserInterfaceRamp.xml (RunExportModel)" time="23.828" />
  <testcase classname="ptolemy.vergil.basic.export.test.junit.ExportModelJUnitTestBatch3" name="[26] ptolemy/actor/lib/jjs/modules/userInterface/demo/UserInterface/UserInterfaceUpdate.xml (RunExportModel)" time="24.559" />
  <testcase classname="ptolemy.vergil.basic.export.test.junit.ExportModelJUnitTestBatch3" name="[27] ptolemy/actor/lib/jjs/modules/userInterface/demo/UserInterface/UserInterfaceVideo.xml (RunExportModel)" time="40.789" />
  <testcase classname="ptolemy.vergil.basic.export.test.junit.ExportModelJUnitTestBatch3" name="[28] ptolemy/actor/lib/jjs/modules/webSocket/demo/SpeakingServerListeningClient/SpeakingServerListeningClient.xml (RunExportModel)" time="18.159" />
  <testcase classname="ptolemy.vergil.basic.export.test.junit.ExportModelJUnitTestBatch3" name="[29] ptolemy/actor/lib/jjs/modules/webSocket/demo/TwoWebSockets/TwoWebSockets.xml (RunExportModel)" time="15.876" />
  <testcase classname="ptolemy.vergil.basic.export.test.junit.ExportModelJUnitTestBatch3" name="[30] ptolemy/actor/lib/jjs/modules/webSocket/demo/WebSocketChat/Client.xml (RunExportModel)" time="8.756" />
  <testcase classname="ptolemy.vergil.basic.export.test.junit.ExportModelJUnitTestBatch3" name="[31] ptolemy/actor/lib/jjs/modules/webSocket/demo/WebSocketChat/SecureClient.xml (RunExportModel)" time="8.727" />
  <testcase classname="ptolemy.vergil.basic.export.test.junit.ExportModelJUnitTestBatch3" name="[32] ptolemy/actor/lib/jjs/modules/webSocket/demo/WebSocketChat/SecureServer.xml (RunExportModel)" time="39.744" />
  <testcase classname="ptolemy.vergil.basic.export.test.junit.ExportModelJUnitTestBatch3" name="[33] ptolemy/actor/lib/jjs/modules/webSocket/demo/WebSocketChat/Server.xml (RunExportModel)" time="39.687" />
  <testcase classname="ptolemy.vergil.basic.export.test.junit.ExportModelJUnitTestBatch3" name="[34] ptolemy/actor/lib/jjs/modules/webSocket/demo/WebSocketChat/WebSocketChat.xml (RunExportModel)" time="8.17" />
  <testcase classname="ptolemy.vergil.basic.export.test.junit.ExportModelJUnitTestBatch3" name="[35] ptolemy/actor/lib/jjs/modules/webSocket/demo/WebSocketClient/WebSocketClient.xml (RunExportModel)" time="8.794" />
  <testcase classname="ptolemy.vergil.basic.export.test.junit.ExportModelJUnitTestBatch3" name="[36] ptolemy/actor/lib/jjs/modules/webSocket/demo/WebSocketClient/WebSocketServer.xml (RunExportModel)" time="40.499" />
  <testcase classname="ptolemy.vergil.basic.export.test.junit.ExportModelJUnitTestBatch3" name="[37] ptolemy/actor/lib/jjs/modules/webSocket/demo/WebSocketFullDuplex/WebSocketFullDuplex.xml (RunExportModel)" time="40.823" />
  <testcase classname="ptolemy.vergil.basic.export.test.junit.ExportModelJUnitTestBatch3" name="[38] ptolemy/actor/lib/jjs/modules/webSocket/demo/WebSocketGraph/WebSocketGraph.xml (RunExportModel)" time="43.184" />
  <testcase classname="ptolemy.vergil.basic.export.test.junit.ExportModelJUnitTestBatch3" name="[39] ptolemy/actor/lib/jjs/modules/webSocket/demo/WebSocketImage/WebSocketImage.xml (RunExportModel)" time="43.871" />
  <testcase classname="ptolemy.vergil.basic.export.test.junit.ExportModelJUnitTestBatch3" name="[40] ptolemy/actor/lib/jjs/modules/webSocket/demo/WebSocketLog/WebSocketLog.xml (RunExportModel)" time="25.965" />
  <testcase classname="ptolemy.vergil.basic.export.test.junit.ExportModelJUnitTestBatch3" name="[41] ptolemy/actor/lib/jjs/modules/webSocket/demo/WebSocketsServerClient/WebSocketsServerClient.xml (RunExportModel)" time="22.505" />
  <testcase classname="ptolemy.vergil.basic.export.test.junit.ExportModelJUnitTestBatch3" name="[42] ptolemy/actor/lib/jjs/modules/xbee/demo/XBeeHelloWorld/XBeeDataTypes.xml (RunExportModel)" time="9.863" />
  <testcase classname="ptolemy.vergil.basic.export.test.junit.ExportModelJUnitTestBatch3" name="[43] ptolemy/actor/lib/jjs/modules/xbee/demo/XBeeHelloWorld/XBeeHelloWorld.xml (RunExportModel)" time="9.69" />
  <testcase classname="ptolemy.vergil.basic.export.test.junit.ExportModelJUnitTestBatch3" name="[44] ptolemy/actor/lib/jmf/demo/JMFJAI/JMFJAI.xml (RunExportModel)" time="3.25" />
  <testcase classname="ptolemy.vergil.basic.export.test.junit.ExportModelJUnitTestBatch3" name="[45] ptolemy/actor/lib/jmf/demo/VideoCapture/VideoCapture.xml (RunExportModel)" time="3.15" />
  <testcase classname="ptolemy.vergil.basic.export.test.junit.ExportModelJUnitTestBatch3" name="[46] ptolemy/actor/lib/mail/demo/ExceptionEmailer/ExceptionEmailer.xml (RunExportModel)" time="4.371" />
  <testcase classname="ptolemy.vergil.basic.export.test.junit.ExportModelJUnitTestBatch3" name="[47] ptolemy/actor/lib/mail/demo/SendMail/SendMail.xml (RunExportModel)" time="4.214" />
  <testcase classname="ptolemy.vergil.basic.export.test.junit.ExportModelJUnitTestBatch3" name="[48] ptolemy/actor/lib/python/demo/Ptolemnizer/Ptolemnizer.xml (RunExportModel)" time="6.856" />
  <testcase classname="ptolemy.vergil.basic.export.test.junit.ExportModelJUnitTestBatch3" name="[49] ptolemy/actor/lib/python/demo/PythonScale/PythonScale.xml (RunExportModel)" time="4.452" />
  <testcase classname="ptolemy.vergil.basic.export.test.junit.ExportModelJUnitTestBatch3" name="[50] ptolemy/actor/lib/python/demo/RecordManipulation/RecordManipulation.xml (RunExportModel)" time="3.299" />
  <testcase classname="ptolemy.vergil.basic.export.test.junit.ExportModelJUnitTestBatch3" name="[51] ptolemy/actor/lib/r/demo/R3DPlot/R3DPlot.xml (RunExportModel)" time="3.268" />
  <testcase classname="ptolemy.vergil.basic.export.test.junit.ExportModelJUnitTestBatch3" name="[52] ptolemy/actor/lib/r/demo/RRecordToDataframe/RRecordToDataframe.xml (RunExportModel)" time="3.19" />
  <testcase classname="ptolemy.vergil.basic.export.test.junit.ExportModelJUnitTestBatch3" name="[53] ptolemy/actor/lib/security/demo/Signature/Signature.xml (RunExportModel)" time="3.438" />
  <testcase classname="ptolemy.vergil.basic.export.test.junit.ExportModelJUnitTestBatch3" name="[54] ptolemy/actor/lib/video/demo/DCT2x2dc/DCT2x2dc.xml (RunExportModel)" time="4.308" />
  <testcase classname="ptolemy.vergil.basic.export.test.junit.ExportModelJUnitTestBatch3" name="[55] ptolemy/actor/lib/video/demo/DCT4x4dc/DCT4x4dc.xml (RunExportModel)" time="4.268" />
  <testcase classname="ptolemy.vergil.basic.export.test.junit.ExportModelJUnitTestBatch3" name="[56] ptolemy/actor/lib/video/demo/DCT8x8/DCT8x8.xml (RunExportModel)" time="4.218" />
  <testcase classname="ptolemy.vergil.basic.export.test.junit.ExportModelJUnitTestBatch3" name="[57] ptolemy/actor/lib/xslt/demo/MoMLFileTransformation/MoMLFileTransformation.xml (RunExportModel)" time="4.849" />
  <testcase classname="ptolemy.vergil.basic.export.test.junit.ExportModelJUnitTestBatch3" name="[58] ptolemy/actor/lib/xslt/demo/XMLInclusion/XMLInclusion.xml (RunExportModel)" time="4.183" />
  <testcase classname="ptolemy.vergil.basic.export.test.junit.ExportModelJUnitTestBatch3" name="[59] ptolemy/actor/parameters/demo/Bouncer/Bouncer.xml (RunExportModel)" time="14.309" />
  <testcase classname="ptolemy.vergil.basic.export.test.junit.ExportModelJUnitTestBatch3" name="[60] ptolemy/actor/parameters/demo/SliderParameter/SliderParameter.xml (RunExportModel)" time="34.303" />
  <testcase classname="ptolemy.vergil.basic.export.test.junit.ExportModelJUnitTestBatch3" name="[61] ptolemy/actor/ptalon/demo/CruiseControl/CruiseControl.xml (RunExportModel)" time="4.518" />
  <testcase classname="ptolemy.vergil.basic.export.test.junit.ExportModelJUnitTestBatch3" name="[62] ptolemy/actor/ptalon/demo/EightChannelFFT/EightChannelFFT.xml (RunExportModel)" time="5.358" />
  <testcase classname="ptolemy.vergil.basic.export.test.junit.ExportModelJUnitTestBatch3" name="[63] ptolemy/actor/ptalon/demo/GameOfLife/GameOfLife.xml (RunExportModel)" time="34.876" />
  <testcase classname="ptolemy.vergil.basic.export.test.junit.ExportModelJUnitTestBatch3" name="[64] ptolemy/actor/ptalon/demo/MapReduce/MapReduce.xml (RunExportModel)" time="5.292" />
  <testcase classname="ptolemy.vergil.basic.export.test.junit.ExportModelJUnitTestBatch3" name="[65] ptolemy/actor/ptalon/demo/ModelChange/ModelChange.xml (RunExportModel)" time="4.25" />
  <testcase classname="ptolemy.vergil.basic.export.test.junit.ExportModelJUnitTestBatch3" name="[66] ptolemy/actor/ptalon/demo/ptinyos/SendAndReceiveCnt/SendAndReceiveCnt.xml (RunExportModel)" time="1.176">
    <failure message="Exporting HTML for ptolemy/actor/ptalon/demo/ptinyos/SendAndReceiveCnt/SendAndReceiveCnt.xml failed: &#xa;java.lang.reflect.InvocationTargetException&#xa;&#x9;at java.awt.EventQueue.invokeAndWait(EventQueue.java:1321)&#xa;&#x9;at java.awt.EventQueue.invokeAndWait(EventQueue.java:1296)&#xa;&#x9;at javax.swing.SwingUtilities.invokeAndWait(SwingUtilities.java:1348)&#xa;&#x9;at ptolemy.vergil.basic.export.ExportModel.exportModel(ExportModel.java:227)&#xa;&#x9;at ptolemy.vergil.basic.export.test.junit.ExportModelJUnitTest.RunExportModel(ExportModelJUnitTest.java:153)&#xa;&#x9;at ptolemy.vergil.basic.export.test.junit.ExportModelJUnitTestBatch.RunExportModel(ExportModelJUnitTestBatch.java:97)&#xa;&#x9;at sun.reflect.GeneratedMethodAccessor18.invoke(Unknown Source)&#xa;&#x9;at sun.reflect.DelegatingMethodAccessorImpl.invoke(DelegatingMethodAccessorImpl.java:43)&#xa;&#x9;at java.lang.reflect.Method.invoke(Method.java:498)&#xa;&#x9;at org.junit.runners.model.FrameworkMethod$1.runReflectiveCall(FrameworkMethod.java:44)&#xa;&#x9;at org.junit.internal.runners.model.ReflectiveCallable.run(ReflectiveCallable.java:15)&#xa;&#x9;at org.junit.runners.model.FrameworkMethod.invokeExplosively(FrameworkMethod.java:41)&#xa;&#x9;at junitparams.internal.InvokeParameterisedMethod.evaluate(InvokeParameterisedMethod.java:102)&#xa;&#x9;at junitparams.internal.ParameterisedTestMethodRunner.runMethodInvoker(ParameterisedTestMethodRunner.java:47)&#xa;&#x9;at junitparams.internal.ParameterisedTestMethodRunner.runTestMethod(ParameterisedTestMethodRunner.java:41)&#xa;&#x9;at junitparams.internal.ParameterisedTestClassRunner.runParameterisedTest(ParameterisedTestClassRunner.java:143)&#xa;&#x9;at junitparams.JUnitParamsRunner.runChild(JUnitParamsRunner.java:237)&#xa;&#x9;at junitparams.JUnitParamsRunner.runChild(JUnitParamsRunner.java:215)&#xa;&#x9;at org.junit.runners.ParentRunner$3.run(ParentRunner.java:193)&#xa;&#x9;at org.junit.runners.ParentRunner$1.schedule(ParentRunner.java:52)&#xa;&#x9;at org.junit.runners.ParentRunner.runChildren(ParentRunner.java:191)&#xa;&#x9;at org.junit.runners.ParentRunner.access$000(ParentRunner.java:42)&#xa;&#x9;at org.junit.runners.ParentRunner$2.evaluate(ParentRunner.java:184)&#xa;&#x9;at org.junit.runners.ParentRunner.run(ParentRunner.java:236)&#xa;&#x9;at junit.framework.JUnit4TestAdapter.run(JUnit4TestAdapter.java:39)&#xa;&#x9;at org.apache.tools.ant.taskdefs.optional.junit.JUnitTestRunner.run(JUnitTestRunner.java:535)&#xa;&#x9;at org.apache.tools.ant.taskdefs.optional.junit.JUnitTestRunner.launch(JUnitTestRunner.java:1182)&#xa;&#x9;at org.apache.tools.ant.taskdefs.optional.junit.JUnitTestRunner.main(JUnitTestRunner.java:1033)&#xa;Caused by: java.lang.RuntimeException: ptolemy.kernel.util.InternalErrorException: Failed to get the model directory? This can happen in a headless environment when the model attempts to interact with the graphical display.  It can also happen when the model fails to parse because of a missing class.&#xa;&#x9;at ptolemy.vergil.basic.export.ExportModel$1.run(ExportModel.java:223)&#xa;&#x9;at java.awt.event.InvocationEvent.dispatch(InvocationEvent.java:301)&#xa;&#x9;at java.awt.EventQueue.dispatchEventImpl(EventQueue.java:756)&#xa;&#x9;at java.awt.EventQueue.access$500(EventQueue.java:97)&#xa;&#x9;at java.awt.EventQueue$3.run(EventQueue.java:709)&#xa;&#x9;at java.awt.EventQueue$3.run(EventQueue.java:703)&#xa;&#x9;at java.security.AccessController.doPrivileged(Native Method)&#xa;&#x9;at java.security.ProtectionDomain$JavaSecurityAccessImpl.doIntersectionPrivilege(ProtectionDomain.java:80)&#xa;&#x9;at java.awt.EventQueue.dispatchEvent(EventQueue.java:726)&#xa;&#x9;at java.awt.EventDispatchThread.pumpOneEventForFilters(EventDispatchThread.java:201)&#xa;&#x9;at java.awt.EventDispatchThread.pumpEventsForFilter(EventDispatchThread.java:116)&#xa;&#x9;at java.awt.EventDispatchThread.pumpEventsForHierarchy(EventDispatchThread.java:105)&#xa;&#x9;at java.awt.EventDispatchThread.pumpEvents(EventDispatchThread.java:101)&#xa;&#x9;at java.awt.EventDispatchThread.pumpEvents(EventDispatchThread.java:93)&#xa;&#x9;at java.awt.EventDispatchThread.run(EventDispatchThread.java:82)&#xa;Caused by: ptolemy.kernel.util.InternalErrorException: Failed to get the model directory? This can happen in a headless environment when the model attempts to interact with the graphical display.  It can also happen when the model fails to parse because of a missing class.&#xa;&#x9;at ptolemy.actor.gui.ConfigurationApplication.models(ConfigurationApplication.java:548)&#xa;&#x9;at ptolemy.actor.gui.ConfigurationApplication.openModelOrEntity(ConfigurationApplication.java:698)&#xa;&#x9;at ptolemy.vergil.basic.export.ExportModel$1.run(ExportModel.java:220)&#xa;&#x9;... 14 more&#xa;" type="junit.framework.AssertionFailedError">junit.framework.AssertionFailedError: Exporting HTML for ptolemy/actor/ptalon/demo/ptinyos/SendAndReceiveCnt/SendAndReceiveCnt.xml failed: 
java.lang.reflect.InvocationTargetException
	at java.awt.EventQueue.invokeAndWait(EventQueue.java:1321)
	at java.awt.EventQueue.invokeAndWait(EventQueue.java:1296)
	at javax.swing.SwingUtilities.invokeAndWait(SwingUtilities.java:1348)
	at ptolemy.vergil.basic.export.ExportModel.exportModel(ExportModel.java:227)
	at ptolemy.vergil.basic.export.test.junit.ExportModelJUnitTest.RunExportModel(ExportModelJUnitTest.java:153)
	at ptolemy.vergil.basic.export.test.junit.ExportModelJUnitTestBatch.RunExportModel(ExportModelJUnitTestBatch.java:97)
	at junitparams.internal.InvokeParameterisedMethod.evaluate(InvokeParameterisedMethod.java:102)
	at junitparams.internal.ParameterisedTestMethodRunner.runMethodInvoker(ParameterisedTestMethodRunner.java:47)
	at junitparams.internal.ParameterisedTestMethodRunner.runTestMethod(ParameterisedTestMethodRunner.java:41)
	at junitparams.internal.ParameterisedTestClassRunner.runParameterisedTest(ParameterisedTestClassRunner.java:143)
	at junitparams.JUnitParamsRunner.runChild(JUnitParamsRunner.java:237)
	at junitparams.JUnitParamsRunner.runChild(JUnitParamsRunner.java:215)
Caused by: java.lang.RuntimeException: ptolemy.kernel.util.InternalErrorException: Failed to get the model directory? This can happen in a headless environment when the model attempts to interact with the graphical display.  It can also happen when the model fails to parse because of a missing class.
	at ptolemy.vergil.basic.export.ExportModel$1.run(ExportModel.java:223)
	at java.awt.event.InvocationEvent.dispatch(InvocationEvent.java:301)
	at java.awt.EventQueue.dispatchEventImpl(EventQueue.java:756)
	at java.awt.EventQueue.access$500(EventQueue.java:97)
	at java.awt.EventQueue$3.run(EventQueue.java:709)
	at java.awt.EventQueue$3.run(EventQueue.java:703)
	at java.security.AccessController.doPrivileged(Native Method)
	at java.security.ProtectionDomain$JavaSecurityAccessImpl.doIntersectionPrivilege(ProtectionDomain.java:80)
	at java.awt.EventQueue.dispatchEvent(EventQueue.java:726)
	at java.awt.EventDispatchThread.pumpOneEventForFilters(EventDispatchThread.java:201)
	at java.awt.EventDispatchThread.pumpEventsForFilter(EventDispatchThread.java:116)
	at java.awt.EventDispatchThread.pumpEventsForHierarchy(EventDispatchThread.java:105)
	at java.awt.EventDispatchThread.pumpEvents(EventDispatchThread.java:101)
	at java.awt.EventDispatchThread.pumpEvents(EventDispatchThread.java:93)
	at java.awt.EventDispatchThread.run(EventDispatchThread.java:82)
Caused by: ptolemy.kernel.util.InternalErrorException: Failed to get the model directory? This can happen in a headless environment when the model attempts to interact with the graphical display.  It can also happen when the model fails to parse because of a missing class.
	at ptolemy.actor.gui.ConfigurationApplication.models(ConfigurationApplication.java:548)
	at ptolemy.actor.gui.ConfigurationApplication.openModelOrEntity(ConfigurationApplication.java:698)
	at ptolemy.vergil.basic.export.ExportModel$1.run(ExportModel.java:220)

	at ptolemy.vergil.basic.export.test.junit.ExportModelJUnitTest.RunExportModel(ExportModelJUnitTest.java:162)
	at ptolemy.vergil.basic.export.test.junit.ExportModelJUnitTestBatch.RunExportModel(ExportModelJUnitTestBatch.java:97)
	at junitparams.internal.InvokeParameterisedMethod.evaluate(InvokeParameterisedMethod.java:102)
	at junitparams.internal.ParameterisedTestMethodRunner.runMethodInvoker(ParameterisedTestMethodRunner.java:47)
	at junitparams.internal.ParameterisedTestMethodRunner.runTestMethod(ParameterisedTestMethodRunner.java:41)
	at junitparams.internal.ParameterisedTestClassRunner.runParameterisedTest(ParameterisedTestClassRunner.java:143)
	at junitparams.JUnitParamsRunner.runChild(JUnitParamsRunner.java:237)
	at junitparams.JUnitParamsRunner.runChild(JUnitParamsRunner.java:215)
</failure>
  </testcase>
  <testcase classname="ptolemy.vergil.basic.export.test.junit.ExportModelJUnitTestBatch3" name="[67] ptolemy/actor/ptalon/demo/ptinyos/SenseToLeds/SenseToLeds.xml (RunExportModel)" time="1.023">
    <failure message="Exporting HTML for ptolemy/actor/ptalon/demo/ptinyos/SenseToLeds/SenseToLeds.xml failed: &#xa;java.lang.reflect.InvocationTargetException&#xa;&#x9;at java.awt.EventQueue.invokeAndWait(EventQueue.java:1321)&#xa;&#x9;at java.awt.EventQueue.invokeAndWait(EventQueue.java:1296)&#xa;&#x9;at javax.swing.SwingUtilities.invokeAndWait(SwingUtilities.java:1348)&#xa;&#x9;at ptolemy.vergil.basic.export.ExportModel.exportModel(ExportModel.java:227)&#xa;&#x9;at ptolemy.vergil.basic.export.test.junit.ExportModelJUnitTest.RunExportModel(ExportModelJUnitTest.java:153)&#xa;&#x9;at ptolemy.vergil.basic.export.test.junit.ExportModelJUnitTestBatch.RunExportModel(ExportModelJUnitTestBatch.java:97)&#xa;&#x9;at sun.reflect.GeneratedMethodAccessor18.invoke(Unknown Source)&#xa;&#x9;at sun.reflect.DelegatingMethodAccessorImpl.invoke(DelegatingMethodAccessorImpl.java:43)&#xa;&#x9;at java.lang.reflect.Method.invoke(Method.java:498)&#xa;&#x9;at org.junit.runners.model.FrameworkMethod$1.runReflectiveCall(FrameworkMethod.java:44)&#xa;&#x9;at org.junit.internal.runners.model.ReflectiveCallable.run(ReflectiveCallable.java:15)&#xa;&#x9;at org.junit.runners.model.FrameworkMethod.invokeExplosively(FrameworkMethod.java:41)&#xa;&#x9;at junitparams.internal.InvokeParameterisedMethod.evaluate(InvokeParameterisedMethod.java:102)&#xa;&#x9;at junitparams.internal.ParameterisedTestMethodRunner.runMethodInvoker(ParameterisedTestMethodRunner.java:47)&#xa;&#x9;at junitparams.internal.ParameterisedTestMethodRunner.runTestMethod(ParameterisedTestMethodRunner.java:41)&#xa;&#x9;at junitparams.internal.ParameterisedTestClassRunner.runParameterisedTest(ParameterisedTestClassRunner.java:143)&#xa;&#x9;at junitparams.JUnitParamsRunner.runChild(JUnitParamsRunner.java:237)&#xa;&#x9;at junitparams.JUnitParamsRunner.runChild(JUnitParamsRunner.java:215)&#xa;&#x9;at org.junit.runners.ParentRunner$3.run(ParentRunner.java:193)&#xa;&#x9;at org.junit.runners.ParentRunner$1.schedule(ParentRunner.java:52)&#xa;&#x9;at org.junit.runners.ParentRunner.runChildren(ParentRunner.java:191)&#xa;&#x9;at org.junit.runners.ParentRunner.access$000(ParentRunner.java:42)&#xa;&#x9;at org.junit.runners.ParentRunner$2.evaluate(ParentRunner.java:184)&#xa;&#x9;at org.junit.runners.ParentRunner.run(ParentRunner.java:236)&#xa;&#x9;at junit.framework.JUnit4TestAdapter.run(JUnit4TestAdapter.java:39)&#xa;&#x9;at org.apache.tools.ant.taskdefs.optional.junit.JUnitTestRunner.run(JUnitTestRunner.java:535)&#xa;&#x9;at org.apache.tools.ant.taskdefs.optional.junit.JUnitTestRunner.launch(JUnitTestRunner.java:1182)&#xa;&#x9;at org.apache.tools.ant.taskdefs.optional.junit.JUnitTestRunner.main(JUnitTestRunner.java:1033)&#xa;Caused by: java.lang.RuntimeException: ptolemy.kernel.util.InternalErrorException: Failed to get the model directory? This can happen in a headless environment when the model attempts to interact with the graphical display.  It can also happen when the model fails to parse because of a missing class.&#xa;&#x9;at ptolemy.vergil.basic.export.ExportModel$1.run(ExportModel.java:223)&#xa;&#x9;at java.awt.event.InvocationEvent.dispatch(InvocationEvent.java:301)&#xa;&#x9;at java.awt.EventQueue.dispatchEventImpl(EventQueue.java:756)&#xa;&#x9;at java.awt.EventQueue.access$500(EventQueue.java:97)&#xa;&#x9;at java.awt.EventQueue$3.run(EventQueue.java:709)&#xa;&#x9;at java.awt.EventQueue$3.run(EventQueue.java:703)&#xa;&#x9;at java.security.AccessController.doPrivileged(Native Method)&#xa;&#x9;at java.security.ProtectionDomain$JavaSecurityAccessImpl.doIntersectionPrivilege(ProtectionDomain.java:80)&#xa;&#x9;at java.awt.EventQueue.dispatchEvent(EventQueue.java:726)&#xa;&#x9;at java.awt.EventDispatchThread.pumpOneEventForFilters(EventDispatchThread.java:201)&#xa;&#x9;at java.awt.EventDispatchThread.pumpEventsForFilter(EventDispatchThread.java:116)&#xa;&#x9;at java.awt.EventDispatchThread.pumpEventsForHierarchy(EventDispatchThread.java:105)&#xa;&#x9;at java.awt.EventDispatchThread.pumpEvents(EventDispatchThread.java:101)&#xa;&#x9;at java.awt.EventDispatchThread.pumpEvents(EventDispatchThread.java:93)&#xa;&#x9;at java.awt.EventDispatchThread.run(EventDispatchThread.java:82)&#xa;Caused by: ptolemy.kernel.util.InternalErrorException: Failed to get the model directory? This can happen in a headless environment when the model attempts to interact with the graphical display.  It can also happen when the model fails to parse because of a missing class.&#xa;&#x9;at ptolemy.actor.gui.ConfigurationApplication.models(ConfigurationApplication.java:548)&#xa;&#x9;at ptolemy.actor.gui.ConfigurationApplication.openModelOrEntity(ConfigurationApplication.java:698)&#xa;&#x9;at ptolemy.vergil.basic.export.ExportModel$1.run(ExportModel.java:220)&#xa;&#x9;... 14 more&#xa;" type="junit.framework.AssertionFailedError">junit.framework.AssertionFailedError: Exporting HTML for ptolemy/actor/ptalon/demo/ptinyos/SenseToLeds/SenseToLeds.xml failed: 
java.lang.reflect.InvocationTargetException
	at java.awt.EventQueue.invokeAndWait(EventQueue.java:1321)
	at java.awt.EventQueue.invokeAndWait(EventQueue.java:1296)
	at javax.swing.SwingUtilities.invokeAndWait(SwingUtilities.java:1348)
	at ptolemy.vergil.basic.export.ExportModel.exportModel(ExportModel.java:227)
	at ptolemy.vergil.basic.export.test.junit.ExportModelJUnitTest.RunExportModel(ExportModelJUnitTest.java:153)
	at ptolemy.vergil.basic.export.test.junit.ExportModelJUnitTestBatch.RunExportModel(ExportModelJUnitTestBatch.java:97)
	at junitparams.internal.InvokeParameterisedMethod.evaluate(InvokeParameterisedMethod.java:102)
	at junitparams.internal.ParameterisedTestMethodRunner.runMethodInvoker(ParameterisedTestMethodRunner.java:47)
	at junitparams.internal.ParameterisedTestMethodRunner.runTestMethod(ParameterisedTestMethodRunner.java:41)
	at junitparams.internal.ParameterisedTestClassRunner.runParameterisedTest(ParameterisedTestClassRunner.java:143)
	at junitparams.JUnitParamsRunner.runChild(JUnitParamsRunner.java:237)
	at junitparams.JUnitParamsRunner.runChild(JUnitParamsRunner.java:215)
Caused by: java.lang.RuntimeException: ptolemy.kernel.util.InternalErrorException: Failed to get the model directory? This can happen in a headless environment when the model attempts to interact with the graphical display.  It can also happen when the model fails to parse because of a missing class.
	at ptolemy.vergil.basic.export.ExportModel$1.run(ExportModel.java:223)
	at java.awt.event.InvocationEvent.dispatch(InvocationEvent.java:301)
	at java.awt.EventQueue.dispatchEventImpl(EventQueue.java:756)
	at java.awt.EventQueue.access$500(EventQueue.java:97)
	at java.awt.EventQueue$3.run(EventQueue.java:709)
	at java.awt.EventQueue$3.run(EventQueue.java:703)
	at java.security.AccessController.doPrivileged(Native Method)
	at java.security.ProtectionDomain$JavaSecurityAccessImpl.doIntersectionPrivilege(ProtectionDomain.java:80)
	at java.awt.EventQueue.dispatchEvent(EventQueue.java:726)
	at java.awt.EventDispatchThread.pumpOneEventForFilters(EventDispatchThread.java:201)
	at java.awt.EventDispatchThread.pumpEventsForFilter(EventDispatchThread.java:116)
	at java.awt.EventDispatchThread.pumpEventsForHierarchy(EventDispatchThread.java:105)
	at java.awt.EventDispatchThread.pumpEvents(EventDispatchThread.java:101)
	at java.awt.EventDispatchThread.pumpEvents(EventDispatchThread.java:93)
	at java.awt.EventDispatchThread.run(EventDispatchThread.java:82)
Caused by: ptolemy.kernel.util.InternalErrorException: Failed to get the model directory? This can happen in a headless environment when the model attempts to interact with the graphical display.  It can also happen when the model fails to parse because of a missing class.
	at ptolemy.actor.gui.ConfigurationApplication.models(ConfigurationApplication.java:548)
	at ptolemy.actor.gui.ConfigurationApplication.openModelOrEntity(ConfigurationApplication.java:698)
	at ptolemy.vergil.basic.export.ExportModel$1.run(ExportModel.java:220)

	at ptolemy.vergil.basic.export.test.junit.ExportModelJUnitTest.RunExportModel(ExportModelJUnitTest.java:162)
	at ptolemy.vergil.basic.export.test.junit.ExportModelJUnitTestBatch.RunExportModel(ExportModelJUnitTestBatch.java:97)
	at junitparams.internal.InvokeParameterisedMethod.evaluate(InvokeParameterisedMethod.java:102)
	at junitparams.internal.ParameterisedTestMethodRunner.runMethodInvoker(ParameterisedTestMethodRunner.java:47)
	at junitparams.internal.ParameterisedTestMethodRunner.runTestMethod(ParameterisedTestMethodRunner.java:41)
	at junitparams.internal.ParameterisedTestClassRunner.runParameterisedTest(ParameterisedTestClassRunner.java:143)
	at junitparams.JUnitParamsRunner.runChild(JUnitParamsRunner.java:237)
	at junitparams.JUnitParamsRunner.runChild(JUnitParamsRunner.java:215)
</failure>
  </testcase>
  <testcase classname="ptolemy.vergil.basic.export.test.junit.ExportModelJUnitTestBatch3" name="[68] ptolemy/actor/ptalon/demo/SmallWorld/ParameterSweepSmallWorldFSM.xml (RunExportModel)" time="35.847" />
  <testcase classname="ptolemy.vergil.basic.export.test.junit.ExportModelJUnitTestBatch3" name="[69] ptolemy/actor/ptalon/demo/SmallWorld/ParameterSweepSmallWorldSDF.xml (RunExportModel)" time="6.662" />
  <system-out><![CDATA[ExportModeJUnitTestBatch: There are 754 demos. Exporting demos: 221 to 290.
####### 1 Thu May 17 00:33:08 UTC 2018 $PTII/bin/ptinvoke ptolemy.vergil.basic.export.ExportModel -force htm -run -openComposites -timeOut 30000 -whiteBackground ptolemy/actor/lib/jjs/modules/iotAuth/demo/SecurePubSub/SecurePubSub.xml $PTII/ptolemy/actor/lib/jjs/modules/iotAuth/demo/SecurePubSub/SecurePubSub
----------------- Thu May 17 00:33:08 UTC 2018 About to sleep for 5.0 seconds before running or rerunning.  Test is: /home/travis/build/icyphy/ptII/ptolemy/actor/lib/jjs/modules/iotAuth/demo/SecurePubSub/SecurePubSub.xml
Done sleeping
JSAccessor: PT_NO_NET environment variable is set, so git pull and ptdoc are not being run.
Running .SecurePubSub
13824 ms. Memory: 378368K Free: 138583K (37%)
Exported /home/travis/build/icyphy/ptII/ptolemy/actor/lib/jjs/modules/iotAuth/demo/SecurePubSub/SecurePubSub/index.html
27491 ms. Memory: 378368K Free: 72757K (19%)
####### 2 Thu May 17 00:33:40 UTC 2018 $PTII/bin/ptinvoke ptolemy.vergil.basic.export.ExportModel -force htm -run -openComposites -timeOut 30000 -whiteBackground ptolemy/actor/lib/jjs/modules/localStorage/demo/LocalStorage/LocalStorage.xml $PTII/ptolemy/actor/lib/jjs/modules/localStorage/demo/LocalStorage/LocalStorage
----------------- Thu May 17 00:33:40 UTC 2018 About to sleep for 5.0 seconds before running or rerunning.  Test is: /home/travis/build/icyphy/ptII/ptolemy/actor/lib/jjs/modules/localStorage/demo/LocalStorage/LocalStorage.xml
Done sleeping
Running .LocalStorage
1456 ms. Memory: 482816K Free: 368639K (76%)
Exported /home/travis/build/icyphy/ptII/ptolemy/actor/lib/jjs/modules/localStorage/demo/LocalStorage/LocalStorage/index.html
6372 ms. Memory: 482816K Free: 337767K (70%)
####### 3 Thu May 17 00:33:52 UTC 2018 $PTII/bin/ptinvoke ptolemy.vergil.basic.export.ExportModel -force htm -run -openComposites -timeOut 30000 -whiteBackground ptolemy/actor/lib/jjs/modules/mqtt/demo/MQTTPubSub/MQTTPubSub.xml $PTII/ptolemy/actor/lib/jjs/modules/mqtt/demo/MQTTPubSub/MQTTPubSub
----------------- Thu May 17 00:33:52 UTC 2018 About to sleep for 5.0 seconds before running or rerunning.  Test is: /home/travis/build/icyphy/ptII/ptolemy/actor/lib/jjs/modules/mqtt/demo/MQTTPubSub/MQTTPubSub.xml
Done sleeping
Running .MQTTPubSub
12672 ms. Memory: 600576K Free: 369837K (62%)
Exported /home/travis/build/icyphy/ptII/ptolemy/actor/lib/jjs/modules/mqtt/demo/MQTTPubSub/MQTTPubSub/index.html
18467 ms. Memory: 600576K Free: 336721K (56%)
####### 4 Thu May 17 00:34:15 UTC 2018 $PTII/bin/ptinvoke ptolemy.vergil.basic.export.ExportModel -force htm -run -openComposites -timeOut 30000 -whiteBackground ptolemy/actor/lib/jjs/modules/socket/demo/SecureSocket/SecureSocket.xml $PTII/ptolemy/actor/lib/jjs/modules/socket/demo/SecureSocket/SecureSocket
----------------- Thu May 17 00:34:15 UTC 2018 About to sleep for 5.0 seconds before running or rerunning.  Test is: /home/travis/build/icyphy/ptII/ptolemy/actor/lib/jjs/modules/socket/demo/SecureSocket/SecureSocket.xml
Done sleeping
Running .SecureSocket
12477 ms. Memory: 729088K Free: 35994K (5%)
Exported /home/travis/build/icyphy/ptII/ptolemy/actor/lib/jjs/modules/socket/demo/SecureSocket/SecureSocket/index.html
17720 ms. Memory: 800256K Free: 698448K (87%)
####### 5 Thu May 17 00:34:38 UTC 2018 $PTII/bin/ptinvoke ptolemy.vergil.basic.export.ExportModel -force htm -run -openComposites -timeOut 30000 -whiteBackground ptolemy/actor/lib/jjs/modules/socket/demo/SocketDoubleArrayBatched/SocketDoubleArrayBatched.xml $PTII/ptolemy/actor/lib/jjs/modules/socket/demo/SocketDoubleArrayBatched/SocketDoubleArrayBatched
----------------- Thu May 17 00:34:38 UTC 2018 About to sleep for 5.0 seconds before running or rerunning.  Test is: /home/travis/build/icyphy/ptII/ptolemy/actor/lib/jjs/modules/socket/demo/SocketDoubleArrayBatched/SocketDoubleArrayBatched.xml
Done sleeping
Running .SocketDoubleArrayBatched
4212 ms. Memory: 920576K Free: 587220K (64%)
Exported /home/travis/build/icyphy/ptII/ptolemy/actor/lib/jjs/modules/socket/demo/SocketDoubleArrayBatched/SocketDoubleArrayBatched/index.html
9343 ms. Memory: 920576K Free: 546040K (59%)
####### 6 Thu May 17 00:34:52 UTC 2018 $PTII/bin/ptinvoke ptolemy.vergil.basic.export.ExportModel -force htm -run -openComposites -timeOut 30000 -whiteBackground ptolemy/actor/lib/jjs/modules/socket/demo/SocketImage/SocketImage.xml $PTII/ptolemy/actor/lib/jjs/modules/socket/demo/SocketImage/SocketImage
----------------- Thu May 17 00:34:52 UTC 2018 About to sleep for 5.0 seconds before running or rerunning.  Test is: /home/travis/build/icyphy/ptII/ptolemy/actor/lib/jjs/modules/socket/demo/SocketImage/SocketImage.xml
Done sleeping
No physical cameras found, using WebcamDummyDriver.
Running .SocketImage
23673 ms. Memory: 1120768K Free: 234072K (21%)
Exported /home/travis/build/icyphy/ptII/ptolemy/actor/lib/jjs/modules/socket/demo/SocketImage/SocketImage/index.html
33125 ms. Memory: 1123840K Free: 1004358K (89%)
####### 7 Thu May 17 00:35:30 UTC 2018 $PTII/bin/ptinvoke ptolemy.vergil.basic.export.ExportModel -force htm -run -openComposites -timeOut 30000 -whiteBackground ptolemy/actor/lib/jjs/modules/socket/demo/SocketString/SocketString.xml $PTII/ptolemy/actor/lib/jjs/modules/socket/demo/SocketString/SocketString
----------------- Thu May 17 00:35:30 UTC 2018 About to sleep for 5.0 seconds before running or rerunning.  Test is: /home/travis/build/icyphy/ptII/ptolemy/actor/lib/jjs/modules/socket/demo/SocketString/SocketString.xml
Done sleeping
Running .SocketString
6674 ms. Memory: 1123840K Free: 224415K (20%)
Exported /home/travis/build/icyphy/ptII/ptolemy/actor/lib/jjs/modules/socket/demo/SocketString/SocketString/index.html
11650 ms. Memory: 1264640K Free: 1089493K (86%)
####### 8 Thu May 17 00:35:47 UTC 2018 $PTII/bin/ptinvoke ptolemy.vergil.basic.export.ExportModel -force htm -run -openComposites -timeOut 30000 -whiteBackground ptolemy/actor/lib/jjs/modules/socket/demo/SocketUnsignedShort/SocketUnsignedShort.xml $PTII/ptolemy/actor/lib/jjs/modules/socket/demo/SocketUnsignedShort/SocketUnsignedShort
----------------- Thu May 17 00:35:47 UTC 2018 About to sleep for 5.0 seconds before running or rerunning.  Test is: /home/travis/build/icyphy/ptII/ptolemy/actor/lib/jjs/modules/socket/demo/SocketUnsignedShort/SocketUnsignedShort.xml
Done sleeping
Running .SocketUnsignedShort
3709 ms. Memory: 1264640K Free: 299115K (24%)
Exported /home/travis/build/icyphy/ptII/ptolemy/actor/lib/jjs/modules/socket/demo/SocketUnsignedShort/SocketUnsignedShort/index.html
8693 ms. Memory: 1264640K Free: 263402K (21%)
####### 9 Thu May 17 00:36:01 UTC 2018 $PTII/bin/ptinvoke ptolemy.vergil.basic.export.ExportModel -force htm  -openComposites -timeOut 30000 -whiteBackground ptolemy/actor/lib/jjs/modules/socket/demo/TCPSocket/TCPSocket.xml $PTII/ptolemy/actor/lib/jjs/modules/socket/demo/TCPSocket/TCPSocket
Warning: not running ptolemy/actor/lib/jjs/modules/socket/demo/TCPSocket/TCPSocket.xml. See ptolemy/vergil/basic/export/test/junit/ExportModelJUnitTest.java
----------------- Thu May 17 00:36:01 UTC 2018 About to sleep for 5.0 seconds before running or rerunning.  Test is: /home/travis/build/icyphy/ptII/ptolemy/actor/lib/jjs/modules/socket/demo/TCPSocket/TCPSocket.xml
Done sleeping
Exported /home/travis/build/icyphy/ptII/ptolemy/actor/lib/jjs/modules/socket/demo/TCPSocket/TCPSocket/index.html
3291 ms. Memory: 1272320K Free: 1047582K (82%)
####### 10 Thu May 17 00:36:09 UTC 2018 $PTII/bin/ptinvoke ptolemy.vergil.basic.export.ExportModel -force htm -run -openComposites -timeOut 30000 -whiteBackground ptolemy/actor/lib/jjs/modules/socket/demo/TCPSocket/TCPSocketDoubleArrayBatched.xml $PTII/ptolemy/actor/lib/jjs/modules/socket/demo/TCPSocket/TCPSocketDoubleArrayBatched
----------------- Thu May 17 00:36:09 UTC 2018 About to sleep for 5.0 seconds before running or rerunning.  Test is: /home/travis/build/icyphy/ptII/ptolemy/actor/lib/jjs/modules/socket/demo/TCPSocket/TCPSocketDoubleArrayBatched.xml
Done sleeping
Running .TCPSocketDoubleArrayBatched
3862 ms. Memory: 1272320K Free: 200316K (16%)
Exported /home/travis/build/icyphy/ptII/ptolemy/actor/lib/jjs/modules/socket/demo/TCPSocket/TCPSocketDoubleArrayBatched/index.html
9257 ms. Memory: 1272320K Free: 157477K (12%)
####### 11 Thu May 17 00:36:23 UTC 2018 $PTII/bin/ptinvoke ptolemy.vergil.basic.export.ExportModel -force htm -run -openComposites -timeOut 30000 -whiteBackground ptolemy/actor/lib/jjs/modules/socket/demo/TCPSocket/TCPSocketImage.xml $PTII/ptolemy/actor/lib/jjs/modules/socket/demo/TCPSocket/TCPSocketImage
----------------- Thu May 17 00:36:23 UTC 2018 About to sleep for 5.0 seconds before running or rerunning.  Test is: /home/travis/build/icyphy/ptII/ptolemy/actor/lib/jjs/modules/socket/demo/TCPSocket/TCPSocketImage.xml
Done sleeping
Running .TCPSocketImage
23530 ms. Memory: 2063872K Free: 1533091K (74%)
Exported /home/travis/build/icyphy/ptII/ptolemy/actor/lib/jjs/modules/socket/demo/TCPSocket/TCPSocketImage/index.html
29455 ms. Memory: 2063872K Free: 1500288K (73%)
####### 12 Thu May 17 00:36:58 UTC 2018 $PTII/bin/ptinvoke ptolemy.vergil.basic.export.ExportModel -force htm -run -openComposites -timeOut 30000 -whiteBackground ptolemy/actor/lib/jjs/modules/socket/demo/TCPSocket/TCPSocketSecureServerClient.xml $PTII/ptolemy/actor/lib/jjs/modules/socket/demo/TCPSocket/TCPSocketSecureServerClient
----------------- Thu May 17 00:36:58 UTC 2018 About to sleep for 5.0 seconds before running or rerunning.  Test is: /home/travis/build/icyphy/ptII/ptolemy/actor/lib/jjs/modules/socket/demo/TCPSocket/TCPSocketSecureServerClient.xml
Done sleeping
Running .TCPSocketSecureServerClient
9715 ms. Memory: 2034176K Free: 1032084K (51%)
Exported /home/travis/build/icyphy/ptII/ptolemy/actor/lib/jjs/modules/socket/demo/TCPSocket/TCPSocketSecureServerClient/index.html
16233 ms. Memory: 2034176K Free: 993121K (49%)
####### 13 Thu May 17 00:37:19 UTC 2018 $PTII/bin/ptinvoke ptolemy.vergil.basic.export.ExportModel -force htm -run -openComposites -timeOut 30000 -whiteBackground ptolemy/actor/lib/jjs/modules/socket/demo/TCPSocket/TCPSocketTwoClients.xml $PTII/ptolemy/actor/lib/jjs/modules/socket/demo/TCPSocket/TCPSocketTwoClients
----------------- Thu May 17 00:37:19 UTC 2018 About to sleep for 5.0 seconds before running or rerunning.  Test is: /home/travis/build/icyphy/ptII/ptolemy/actor/lib/jjs/modules/socket/demo/TCPSocket/TCPSocketTwoClients.xml
Done sleeping
Running .TCPSocketTwoClients
23605 ms. Memory: 1970688K Free: 800089K (41%)
Exported /home/travis/build/icyphy/ptII/ptolemy/actor/lib/jjs/modules/socket/demo/TCPSocket/TCPSocketTwoClients/index.html
29224 ms. Memory: 1970688K Free: 756776K (38%)
####### 14 Thu May 17 00:37:53 UTC 2018 $PTII/bin/ptinvoke ptolemy.vergil.basic.export.ExportModel -force htm -run -openComposites -timeOut 30000 -whiteBackground ptolemy/actor/lib/jjs/modules/socket/demo/TCPSocket/TCPSocketUnsignedShort.xml $PTII/ptolemy/actor/lib/jjs/modules/socket/demo/TCPSocket/TCPSocketUnsignedShort
----------------- Thu May 17 00:37:53 UTC 2018 About to sleep for 5.0 seconds before running or rerunning.  Test is: /home/travis/build/icyphy/ptII/ptolemy/actor/lib/jjs/modules/socket/demo/TCPSocket/TCPSocketUnsignedShort.xml
Done sleeping
Running .TCPSocketUnsignedShort
4787 ms. Memory: 1960448K Free: 1011121K (52%)
Exported /home/travis/build/icyphy/ptII/ptolemy/actor/lib/jjs/modules/socket/demo/TCPSocket/TCPSocketUnsignedShort/index.html
10016 ms. Memory: 1960448K Free: 974294K (50%)
####### 15 Thu May 17 00:38:08 UTC 2018 $PTII/bin/ptinvoke ptolemy.vergil.basic.export.ExportModel -force htm  -openComposites -timeOut 30000 -whiteBackground ptolemy/actor/lib/jjs/modules/speechRecognition/demo/SpeechRecognition/SpeechRecognition.xml $PTII/ptolemy/actor/lib/jjs/modules/speechRecognition/demo/SpeechRecognition/SpeechRecognition
Warning: not running ptolemy/actor/lib/jjs/modules/speechRecognition/demo/SpeechRecognition/SpeechRecognition.xml. See ptolemy/vergil/basic/export/test/junit/ExportModelJUnitTest.java
----------------- Thu May 17 00:38:08 UTC 2018 About to sleep for 5.0 seconds before running or rerunning.  Test is: /home/travis/build/icyphy/ptII/ptolemy/actor/lib/jjs/modules/speechRecognition/demo/SpeechRecognition/SpeechRecognition.xml
Done sleeping
Exported /home/travis/build/icyphy/ptII/ptolemy/actor/lib/jjs/modules/speechRecognition/demo/SpeechRecognition/SpeechRecognition/index.html
5135 ms. Memory: 1960448K Free: 313336K (16%)
####### 16 Thu May 17 00:38:18 UTC 2018 $PTII/bin/ptinvoke ptolemy.vergil.basic.export.ExportModel -force htm  -openComposites -timeOut 30000 -whiteBackground ptolemy/actor/lib/jjs/modules/speechRecognition/demo/WatchCommandUpdater/WatchCommandUpdater.xml $PTII/ptolemy/actor/lib/jjs/modules/speechRecognition/demo/WatchCommandUpdater/WatchCommandUpdater
Warning: not running ptolemy/actor/lib/jjs/modules/speechRecognition/demo/WatchCommandUpdater/WatchCommandUpdater.xml. See ptolemy/vergil/basic/export/test/junit/ExportModelJUnitTest.java
----------------- Thu May 17 00:38:18 UTC 2018 About to sleep for 5.0 seconds before running or rerunning.  Test is: /home/travis/build/icyphy/ptII/ptolemy/actor/lib/jjs/modules/speechRecognition/demo/WatchCommandUpdater/WatchCommandUpdater.xml
Done sleeping
Exported /home/travis/build/icyphy/ptII/ptolemy/actor/lib/jjs/modules/speechRecognition/demo/WatchCommandUpdater/WatchCommandUpdater/index.html
8494 ms. Memory: 1998336K Free: 158931K (8%)
####### 17 Thu May 17 00:38:32 UTC 2018 $PTII/bin/ptinvoke ptolemy.vergil.basic.export.ExportModel -force htm -run -openComposites -timeOut 30000 -whiteBackground ptolemy/actor/lib/jjs/modules/testing/demo/Testing/Testing.xml $PTII/ptolemy/actor/lib/jjs/modules/testing/demo/Testing/Testing
----------------- Thu May 17 00:38:32 UTC 2018 About to sleep for 5.0 seconds before running or rerunning.  Test is: /home/travis/build/icyphy/ptII/ptolemy/actor/lib/jjs/modules/testing/demo/Testing/Testing.xml
Done sleeping
Running .Testing
MochaTest: Start of Common host: Basic (Thread[AWT-EventQueue-0,6,main])
MochaTest: End of Common host: Basic (Thread[AWT-EventQueue-0,6,main])
MochaTest: Start of Common host: Composite accessors (Thread[AWT-EventQueue-0,6,main])
MochaTest: Start of Common host: Spontaneous accessors (Thread[AWT-EventQueue-0,6,main])
MochaTest: Start of Common host: Spontaneous accessors (Thread[AWT-EventQueue-0,6,main])
MochaTest: Before Spontaneous accessor produces correct outputs after 1 and 2 seconds. (Thread[AWT-EventQueue-0,6,main])
MochaTest: After Spontaneous accessor produces correct outputs after 1 and 2 seconds. (Thread[AWT-EventQueue-0,6,main])
MochaTest: End of Common host: Spontaneous accessors (Thread[AWT-EventQueue-0,6,main])
MochaTest: Start of Common host: Inheritance (Thread[AWT-EventQueue-0,6,main])
MochaTest: End of Common host: Inheritance (Thread[AWT-EventQueue-0,6,main])
MochaTest: Instance of TestAccessor: [Circular]
Tests: (Thread[AWT-EventQueue-0,6,main])
MochaTest: TestAccessor.fire() invoked. (Thread[AWT-EventQueue-0,6,main])
MochaTest: TestAdder: fire(): inputLeft: 10 inputRight: 40 (Thread[AWT-EventQueue-0,6,main])
MochaTest: TestAdder: fire(): inputLeft: 5 inputRight: 20 (Thread[AWT-EventQueue-0,6,main])
MochaTest: TestAdder: fire(): inputLeft: 5 inputRight: 20 (Thread[AWT-EventQueue-0,6,main])
MochaTest: TestAccessor.fire() invoked. (Thread[AWT-EventQueue-0,6,main])
MochaTest: <?xml version="1.0" encoding="UTF-8"?>
 <testsuites>
 <testsuite name="Root Suite" tests="0">
 <testsuite name="Common host: Basic" tests="7">
 <testcase name="this.getParameter() returns default value." > </testcase>
 <testcase name="this.getParameter() returns value set by this.setParameter()." > </testcase>
 <testcase name="this.get() returns default value." > </testcase>
 <testcase name="this.get() returns null if no input yet provided." > </testcase>
 <testcase name="this.get() returns null if no input yet provided but type being boolean." > </testcase>
 <testcase name="this.get() returns value provided by provideInput()." > </testcase>
 <testcase name="latestOutput contains value provided by inputHandlers and send()." > </testcase>
 </testsuite>
 <testsuite name="Common host: Composite accessors" tests="2">
 <testcase name="Composite accessor produces correct output when manually scheduled." > </testcase>
 <testcase name="Composite accessor produces correct output when automatically scheduled." > </testcase>
 </testsuite>
 <testsuite name="Common host: Spontaneous accessors" tests="2">
 <testcase name="Spontaneous accessor produces correct outputs after 1 and 2 seconds." > </testcase>
 <testcase name="Composite spontaneous accessor produces correct outputs after 1 and 2 seconds." > </testcase>
 </testsuite>
 <testsuite name="Common host: Inheritance" tests="4">
 <testcase name="Inheritance, function overriding, and variable visiility should work properly." > </testcase>
 <testcase name="Implementing an interface should work properly." > </testcase>
 <testcase name="Exported fields of base classes can be accessed and initialize() is properly scoped." > </testcase>
 <testcase name="Two-level inheritance should work properly." > </testcase>
 </testsuite>
 </testsuite>
 </testsuites>
 (Thread[AWT-EventQueue-0,6,main])
17539 ms. Memory: 1885696K Free: 1355059K (72%)
Exported /home/travis/build/icyphy/ptII/ptolemy/actor/lib/jjs/modules/testing/demo/Testing/Testing/index.html
25434 ms. Memory: 1885696K Free: 1330049K (71%)
####### 18 Thu May 17 00:39:02 UTC 2018 $PTII/bin/ptinvoke ptolemy.vergil.basic.export.ExportModel -force htm -run -openComposites -timeOut 30000 -whiteBackground ptolemy/actor/lib/jjs/modules/udpSocket/demo/UDPSocket/UDPSocket.xml $PTII/ptolemy/actor/lib/jjs/modules/udpSocket/demo/UDPSocket/UDPSocket
----------------- Thu May 17 00:39:02 UTC 2018 About to sleep for 5.0 seconds before running or rerunning.  Test is: /home/travis/build/icyphy/ptII/ptolemy/actor/lib/jjs/modules/udpSocket/demo/UDPSocket/UDPSocket.xml
Done sleeping
Running .UDPSocket
ExportHTMLTimer went off after 30000 ms., calling getDirector().finish and getDirector().stopFire()
30010 ms. Memory: 1885696K Free: 877032K (47%)
Exported /home/travis/build/icyphy/ptII/ptolemy/actor/lib/jjs/modules/udpSocket/demo/UDPSocket/UDPSocket/index.html
34685 ms. Memory: 1885696K Free: 845898K (45%)
####### 19 Thu May 17 00:39:42 UTC 2018 $PTII/bin/ptinvoke ptolemy.vergil.basic.export.ExportModel -force htm -run -openComposites -timeOut 30000 -whiteBackground ptolemy/actor/lib/jjs/modules/udpSocket/demo/WatchEmulator/WatchEmulator.xml $PTII/ptolemy/actor/lib/jjs/modules/udpSocket/demo/WatchEmulator/WatchEmulator
----------------- Thu May 17 00:39:42 UTC 2018 About to sleep for 5.0 seconds before running or rerunning.  Test is: /home/travis/build/icyphy/ptII/ptolemy/actor/lib/jjs/modules/udpSocket/demo/WatchEmulator/WatchEmulator.xml
Done sleeping
Running .WatchEmulator
9928 ms. Memory: 1869824K Free: 1432717K (77%)
####### 20 Thu May 17 00:40:02 UTC 2018 $PTII/bin/ptinvoke ptolemy.vergil.basic.export.ExportModel -force htm -run -openComposites -timeOut 30000 -whiteBackground ptolemy/actor/lib/jjs/modules/userInterface/demo/Dots/Dots.xml $PTII/ptolemy/actor/lib/jjs/modules/userInterface/demo/Dots/Dots
----------------- Thu May 17 00:40:02 UTC 2018 About to sleep for 5.0 seconds before running or rerunning.  Test is: /home/travis/build/icyphy/ptII/ptolemy/actor/lib/jjs/modules/userInterface/demo/Dots/Dots.xml
Done sleeping
Running .Dots
BrowserLauncher: UnsupportedOperation: http://localhost:8089: java.lang.UnsupportedOperationException: The BROWSE action is not supported on the current platform!
ExportHTMLTimer went off after 30000 ms., calling getDirector().finish and getDirector().stopFire()
ExportHTMLTimer went off after 60000 ms., calling manager.stop().
65967 ms. Memory: 1886720K Free: 1402515K (74%)
Exported /home/travis/build/icyphy/ptII/ptolemy/actor/lib/jjs/modules/userInterface/demo/Dots/Dots/index.html
71807 ms. Memory: 1886720K Free: 1368418K (73%)
####### 21 Thu May 17 00:41:19 UTC 2018 $PTII/bin/ptinvoke ptolemy.vergil.basic.export.ExportModel -force htm -run -openComposites -timeOut 30000 -whiteBackground ptolemy/actor/lib/jjs/modules/userInterface/demo/HelloUserInterface/HelloUserInterface.xml $PTII/ptolemy/actor/lib/jjs/modules/userInterface/demo/HelloUserInterface/HelloUserInterface
----------------- Thu May 17 00:41:19 UTC 2018 About to sleep for 5.0 seconds before running or rerunning.  Test is: /home/travis/build/icyphy/ptII/ptolemy/actor/lib/jjs/modules/userInterface/demo/HelloUserInterface/HelloUserInterface.xml
Done sleeping
Running .HelloUserInterface
BrowserLauncher: UnsupportedOperation: http://localhost:8089: java.lang.UnsupportedOperationException: The BROWSE action is not supported on the current platform!
UserInterface: Connection closed because model is no longer running. (Thread[AWT-EventQueue-0,6,main])
11795 ms. Memory: 1886720K Free: 592759K (31%)
Exported /home/travis/build/icyphy/ptII/ptolemy/actor/lib/jjs/modules/userInterface/demo/HelloUserInterface/HelloUserInterface/index.html
17154 ms. Memory: 1886720K Free: 558698K (30%)
####### 22 Thu May 17 00:41:41 UTC 2018 $PTII/bin/ptinvoke ptolemy.vergil.basic.export.ExportModel -force htm -run -openComposites -timeOut 30000 -whiteBackground ptolemy/actor/lib/jjs/modules/userInterface/demo/UserInterface/UserInterface.xml $PTII/ptolemy/actor/lib/jjs/modules/userInterface/demo/UserInterface/UserInterface
----------------- Thu May 17 00:41:41 UTC 2018 About to sleep for 5.0 seconds before running or rerunning.  Test is: /home/travis/build/icyphy/ptII/ptolemy/actor/lib/jjs/modules/userInterface/demo/UserInterface/UserInterface.xml
Done sleeping
Running .UserInterface
5001 ms. Memory: 1897984K Free: 1446875K (76%)
Exported /home/travis/build/icyphy/ptII/ptolemy/actor/lib/jjs/modules/userInterface/demo/UserInterface/UserInterface/index.html
9276 ms. Memory: 1897984K Free: 1408778K (74%)
####### 23 Thu May 17 00:41:56 UTC 2018 $PTII/bin/ptinvoke ptolemy.vergil.basic.export.ExportModel -force htm -run -openComposites -timeOut 30000 -whiteBackground ptolemy/actor/lib/jjs/modules/userInterface/demo/UserInterface/UserInterfaceBrowser.xml $PTII/ptolemy/actor/lib/jjs/modules/userInterface/demo/UserInterface/UserInterfaceBrowser
----------------- Thu May 17 00:41:56 UTC 2018 About to sleep for 5.0 seconds before running or rerunning.  Test is: /home/travis/build/icyphy/ptII/ptolemy/actor/lib/jjs/modules/userInterface/demo/UserInterface/UserInterfaceBrowser.xml
Done sleeping
Running .UserInterfaceBrowser
BrowserLauncher: UnsupportedOperation: http://localhost:8090: java.lang.UnsupportedOperationException: The BROWSE action is not supported on the current platform!
ExportHTMLTimer went off after 30000 ms., calling getDirector().finish and getDirector().stopFire()
UserInterface: Connection closed because model is no longer running. (Thread[AWT-EventQueue-0,6,main])
30054 ms. Memory: 1912832K Free: 971324K (51%)
Exported /home/travis/build/icyphy/ptII/ptolemy/actor/lib/jjs/modules/userInterface/demo/UserInterface/UserInterfaceBrowser/index.html
36200 ms. Memory: 1912832K Free: 949749K (50%)
####### 24 Thu May 17 00:42:37 UTC 2018 $PTII/bin/ptinvoke ptolemy.vergil.basic.export.ExportModel -force htm -run -openComposites -timeOut 30000 -whiteBackground ptolemy/actor/lib/jjs/modules/userInterface/demo/UserInterface/UserInterfaceFixedPage.xml $PTII/ptolemy/actor/lib/jjs/modules/userInterface/demo/UserInterface/UserInterfaceFixedPage
----------------- Thu May 17 00:42:37 UTC 2018 About to sleep for 5.0 seconds before running or rerunning.  Test is: /home/travis/build/icyphy/ptII/ptolemy/actor/lib/jjs/modules/userInterface/demo/UserInterface/UserInterfaceFixedPage.xml
Done sleeping
Running .UserInterfaceFixedPage
BrowserLauncher: UnsupportedOperation: http://localhost:8089: java.lang.UnsupportedOperationException: The BROWSE action is not supported on the current platform!
UserInterface: Connection closed because model is no longer running. (Thread[AWT-EventQueue-0,6,main])
5838 ms. Memory: 1912832K Free: 498487K (26%)
Exported /home/travis/build/icyphy/ptII/ptolemy/actor/lib/jjs/modules/userInterface/demo/UserInterface/UserInterfaceFixedPage/index.html
10442 ms. Memory: 1912832K Free: 476939K (25%)
####### 25 Thu May 17 00:42:52 UTC 2018 $PTII/bin/ptinvoke ptolemy.vergil.basic.export.ExportModel -force htm -run -openComposites -timeOut 30000 -whiteBackground ptolemy/actor/lib/jjs/modules/userInterface/demo/UserInterface/UserInterfaceInteractive.xml $PTII/ptolemy/actor/lib/jjs/modules/userInterface/demo/UserInterface/UserInterfaceInteractive
----------------- Thu May 17 00:42:52 UTC 2018 About to sleep for 5.0 seconds before running or rerunning.  Test is: /home/travis/build/icyphy/ptII/ptolemy/actor/lib/jjs/modules/userInterface/demo/UserInterface/UserInterfaceInteractive.xml
Done sleeping
Running .UserInterfaceInteractive
BrowserLauncher: UnsupportedOperation: http://localhost:8090: java.lang.UnsupportedOperationException: The BROWSE action is not supported on the current platform!
ExportHTMLTimer went off after 30000 ms., calling getDirector().finish and getDirector().stopFire()
UserInterface: Connection closed because model is no longer running. (Thread[AWT-EventQueue-0,6,main])
30018 ms. Memory: 1980928K Free: 1044195K (53%)
Exported /home/travis/build/icyphy/ptII/ptolemy/actor/lib/jjs/modules/userInterface/demo/UserInterface/UserInterfaceInteractive/index.html
35659 ms. Memory: 1980928K Free: 1001170K (51%)
####### 26 Thu May 17 00:43:33 UTC 2018 $PTII/bin/ptinvoke ptolemy.vergil.basic.export.ExportModel -force htm -run -openComposites -timeOut 30000 -whiteBackground ptolemy/actor/lib/jjs/modules/userInterface/demo/UserInterface/UserInterfaceRamp.xml $PTII/ptolemy/actor/lib/jjs/modules/userInterface/demo/UserInterface/UserInterfaceRamp
----------------- Thu May 17 00:43:33 UTC 2018 About to sleep for 5.0 seconds before running or rerunning.  Test is: /home/travis/build/icyphy/ptII/ptolemy/actor/lib/jjs/modules/userInterface/demo/UserInterface/UserInterfaceRamp.xml
Done sleeping
Running .UserInterfaceRamp
13336 ms. Memory: 1994752K Free: 1006946K (50%)
Exported /home/travis/build/icyphy/ptII/ptolemy/actor/lib/jjs/modules/userInterface/demo/UserInterface/UserInterfaceRamp/index.html
18827 ms. Memory: 1994752K Free: 983755K (49%)
####### 27 Thu May 17 00:43:57 UTC 2018 $PTII/bin/ptinvoke ptolemy.vergil.basic.export.ExportModel -force htm -run -openComposites -timeOut 30000 -whiteBackground ptolemy/actor/lib/jjs/modules/userInterface/demo/UserInterface/UserInterfaceUpdate.xml $PTII/ptolemy/actor/lib/jjs/modules/userInterface/demo/UserInterface/UserInterfaceUpdate
----------------- Thu May 17 00:43:57 UTC 2018 About to sleep for 5.0 seconds before running or rerunning.  Test is: /home/travis/build/icyphy/ptII/ptolemy/actor/lib/jjs/modules/userInterface/demo/UserInterface/UserInterfaceUpdate.xml
Done sleeping
Running .UserInterfaceUpdate
BrowserLauncher: UnsupportedOperation: http://localhost:8090: java.lang.UnsupportedOperationException: The BROWSE action is not supported on the current platform!
UserInterface: Connection closed because model is no longer running. (Thread[AWT-EventQueue-0,6,main])
13408 ms. Memory: 2024448K Free: 623238K (31%)
Exported /home/travis/build/icyphy/ptII/ptolemy/actor/lib/jjs/modules/userInterface/demo/UserInterface/UserInterfaceUpdate/index.html
19558 ms. Memory: 2024448K Free: 598426K (30%)
####### 28 Thu May 17 00:44:21 UTC 2018 $PTII/bin/ptinvoke ptolemy.vergil.basic.export.ExportModel -force htm -run -openComposites -timeOut 30000 -whiteBackground ptolemy/actor/lib/jjs/modules/userInterface/demo/UserInterface/UserInterfaceVideo.xml $PTII/ptolemy/actor/lib/jjs/modules/userInterface/demo/UserInterface/UserInterfaceVideo
----------------- Thu May 17 00:44:21 UTC 2018 About to sleep for 5.0 seconds before running or rerunning.  Test is: /home/travis/build/icyphy/ptII/ptolemy/actor/lib/jjs/modules/userInterface/demo/UserInterface/UserInterfaceVideo.xml
Done sleeping
Running .UserInterfaceVideo
BrowserLauncher: UnsupportedOperation: http://localhost:8090: java.lang.UnsupportedOperationException: The BROWSE action is not supported on the current platform!
ExportHTMLTimer went off after 30000 ms., calling getDirector().finish and getDirector().stopFire()
UserInterface: Connection closed because model is no longer running. (Thread[AWT-EventQueue-0,6,main])
30041 ms. Memory: 1956864K Free: 648033K (33%)
Exported /home/travis/build/icyphy/ptII/ptolemy/actor/lib/jjs/modules/userInterface/demo/UserInterface/UserInterfaceVideo/index.html
35789 ms. Memory: 1956864K Free: 613641K (31%)
####### 29 Thu May 17 00:45:02 UTC 2018 $PTII/bin/ptinvoke ptolemy.vergil.basic.export.ExportModel -force htm -run -openComposites -timeOut 30000 -whiteBackground ptolemy/actor/lib/jjs/modules/webSocket/demo/SpeakingServerListeningClient/SpeakingServerListeningClient.xml $PTII/ptolemy/actor/lib/jjs/modules/webSocket/demo/SpeakingServerListeningClient/SpeakingServerListeningClient
----------------- Thu May 17 00:45:02 UTC 2018 About to sleep for 5.0 seconds before running or rerunning.  Test is: /home/travis/build/icyphy/ptII/ptolemy/actor/lib/jjs/modules/webSocket/demo/SpeakingServerListeningClient/SpeakingServerListeningClient.xml
Done sleeping
Running .SpeakingServerListeningClient
WSServer: *** server initialized. (Thread[AWT-EventQueue-0,6,main])
WSClient1: --- client 1 initialized. (Thread[AWT-EventQueue-0,6,main])
WSClient1: Connection failed. Will try again: Connection refused: localhost/127.0.0.1:8081/nConnection refused (Thread[vert.x-eventloop-thread-3,6,main])
WSClient2: Connection failed. Will try again: Connection refused: localhost/127.0.0.1:8081/nConnection refused (Thread[vert.x-eventloop-thread-1,6,main])
WSClient2: +++ client 2 initialized. (Thread[AWT-EventQueue-0,6,main])
WSClient1: Connection failed. Will try again: Connection refused: localhost/127.0.0.1:8081/nConnection refused (Thread[vert.x-eventloop-thread-3,6,main])
WSClient2: Connection failed. Will try again: Connection refused: localhost/127.0.0.1:8081/nConnection refused (Thread[vert.x-eventloop-thread-1,6,main])
WSClient1: Connection failed. Will try again: Connection refused: localhost/127.0.0.1:8081/nConnection refused (Thread[vert.x-eventloop-thread-3,6,main])
WSClient2: Connection failed. Will try again: Connection refused: localhost/127.0.0.1:8081/nConnection refused (Thread[vert.x-eventloop-thread-1,6,main])
WSClient1: Connection failed. Will try again: Connection refused: localhost/127.0.0.1:8081/nConnection refused (Thread[vert.x-eventloop-thread-3,6,main])
WSClient2: Connection failed. Will try again: Connection refused: localhost/127.0.0.1:8081/nConnection refused (Thread[vert.x-eventloop-thread-1,6,main])
WSClient1: Connection failed. Will try again: Connection refused: localhost/127.0.0.1:8081/nConnection refused (Thread[vert.x-eventloop-thread-3,6,main])
WSClient2: Connection failed. Will try again: Connection refused: localhost/127.0.0.1:8081/nConnection refused (Thread[vert.x-eventloop-thread-1,6,main])
WSClient1: Connection failed. Will try again: Connection refused: localhost/127.0.0.1:8081/nConnection refused (Thread[vert.x-eventloop-thread-3,6,main])
WSClient2: Connection failed. Will try again: Connection refused: localhost/127.0.0.1:8081/nConnection refused (Thread[vert.x-eventloop-thread-1,6,main])
WSClient1: Connection failed. Will try again: Connection refused: localhost/127.0.0.1:8081/nConnection refused (Thread[vert.x-eventloop-thread-3,6,main])
WSClient2: Connection failed. Will try again: Connection refused: localhost/127.0.0.1:8081/nConnection refused (Thread[vert.x-eventloop-thread-1,6,main])
WSServer: *** server wrapping up. (Thread[AWT-EventQueue-0,6,main])
WSClient1: --- client 1 wrapping up. (Thread[AWT-EventQueue-0,6,main])
WSClient1: Connection closed because model is no longer running. (Thread[AWT-EventQueue-0,6,main])
WSClient2: +++ client 2 wrapping up. (Thread[AWT-EventQueue-0,6,main])
WSClient2: Connection closed because model is no longer running. (Thread[AWT-EventQueue-0,6,main])
6450 ms. Memory: 2072064K Free: 921733K (44%)
Exported /home/travis/build/icyphy/ptII/ptolemy/actor/lib/jjs/modules/webSocket/demo/SpeakingServerListeningClient/SpeakingServerListeningClient/index.html
13158 ms. Memory: 2072064K Free: 888898K (43%)
####### 30 Thu May 17 00:45:20 UTC 2018 $PTII/bin/ptinvoke ptolemy.vergil.basic.export.ExportModel -force htm -run -openComposites -timeOut 30000 -whiteBackground ptolemy/actor/lib/jjs/modules/webSocket/demo/TwoWebSockets/TwoWebSockets.xml $PTII/ptolemy/actor/lib/jjs/modules/webSocket/demo/TwoWebSockets/TwoWebSockets
----------------- Thu May 17 00:45:20 UTC 2018 About to sleep for 5.0 seconds before running or rerunning.  Test is: /home/travis/build/icyphy/ptII/ptolemy/actor/lib/jjs/modules/webSocket/demo/TwoWebSockets/TwoWebSockets.xml
Done sleeping
Running .TwoWebSockets
JavaScript: Connection failed. Will try again: Connection refused: localhost/127.0.0.1:8080/nConnection refused (Thread[vert.x-eventloop-thread-3,6,main])
JavaScript: Connection failed. Will try again: Connection refused: localhost/127.0.0.1:1984/nConnection refused (Thread[vert.x-eventloop-thread-3,6,main])
JavaScript: Connection failed. Will try again: Connection refused: localhost/127.0.0.1:8080/nConnection refused (Thread[vert.x-eventloop-thread-3,6,main])
JavaScript: Connection failed. Will try again: Connection refused: localhost/127.0.0.1:1984/nConnection refused (Thread[vert.x-eventloop-thread-3,6,main])
JavaScript: Connection failed. Will try again: Connection refused: localhost/127.0.0.1:8080/nConnection refused (Thread[vert.x-eventloop-thread-3,6,main])
JavaScript: Connection failed. Will try again: Connection refused: localhost/127.0.0.1:1984/nConnection refused (Thread[vert.x-eventloop-thread-3,6,main])
JavaScript: Connection failed. Will try again: Connection refused: localhost/127.0.0.1:8080/nConnection refused (Thread[vert.x-eventloop-thread-3,6,main])
JavaScript: Connection failed. Will try again: Connection refused: localhost/127.0.0.1:1984/nConnection refused (Thread[vert.x-eventloop-thread-3,6,main])
JavaScript: Connection failed. Will try again: Connection refused: localhost/127.0.0.1:8080/nConnection refused (Thread[vert.x-eventloop-thread-3,6,main])
JavaScript: Connection failed. Will try again: Connection refused: localhost/127.0.0.1:1984/nConnection refused (Thread[vert.x-eventloop-thread-3,6,main])
JavaScript: Connection failed. Will try again: Connection refused: localhost/127.0.0.1:8080/nConnection refused (Thread[vert.x-eventloop-thread-3,6,main])
JavaScript: Connection failed. Will try again: Connection refused: localhost/127.0.0.1:1984/nConnection refused (Thread[vert.x-eventloop-thread-3,6,main])
JavaScript: Connection failed. Will try again: Connection refused: localhost/127.0.0.1:8080/nConnection refused (Thread[vert.x-eventloop-thread-3,6,main])
JavaScript: Connection failed. Will try again: Connection refused: localhost/127.0.0.1:1984/nConnection refused (Thread[vert.x-eventloop-thread-3,6,main])
JavaScript: Connection failed. Will try again: Connection refused: localhost/127.0.0.1:8080/nConnection refused (Thread[vert.x-eventloop-thread-3,6,main])
JavaScript: Connection failed. Will try again: Connection refused: localhost/127.0.0.1:1984/nConnection refused (Thread[vert.x-eventloop-thread-3,6,main])
JavaScript: Connection failed. Will try again: Connection refused: localhost/127.0.0.1:8080/nConnection refused (Thread[vert.x-eventloop-thread-3,6,main])
JavaScript: Connection failed. Will try again: Connection refused: localhost/127.0.0.1:1984/nConnection refused (Thread[vert.x-eventloop-thread-3,6,main])
JavaScript: Connection failed. Will try again: Connection refused: localhost/127.0.0.1:8080/nConnection refused (Thread[vert.x-eventloop-thread-3,6,main])
JavaScript: Connection failed. Will try again: Connection refused: localhost/127.0.0.1:1984/nConnection refused (Thread[vert.x-eventloop-thread-3,6,main])
6117 ms. Memory: 2088448K Free: 1436911K (69%)
Exported /home/travis/build/icyphy/ptII/ptolemy/actor/lib/jjs/modules/webSocket/demo/TwoWebSockets/TwoWebSockets/index.html
10876 ms. Memory: 2088448K Free: 1417698K (68%)
####### 31 Thu May 17 00:45:36 UTC 2018 $PTII/bin/ptinvoke ptolemy.vergil.basic.export.ExportModel -force htm -run -openComposites -timeOut 30000 -whiteBackground ptolemy/actor/lib/jjs/modules/webSocket/demo/WebSocketChat/Client.xml $PTII/ptolemy/actor/lib/jjs/modules/webSocket/demo/WebSocketChat/Client
----------------- Thu May 17 00:45:36 UTC 2018 About to sleep for 5.0 seconds before running or rerunning.  Test is: /home/travis/build/icyphy/ptII/ptolemy/actor/lib/jjs/modules/webSocket/demo/WebSocketChat/Client.xml
Done sleeping
.Client.InteractiveDialog invoked SwingUtilities.invokeAndWait()
Model ".Client" contains actors such cannot be run  as part of the export process from ExportModel or it has a WebExportParameters value that runBeforeExport set to false. To export run this model and export it, use vergil.
Exported /home/travis/build/icyphy/ptII/ptolemy/actor/lib/jjs/modules/webSocket/demo/WebSocketChat/Client/index.html
3756 ms. Memory: 2088448K Free: 1153753K (55%)
####### 32 Thu May 17 00:45:45 UTC 2018 $PTII/bin/ptinvoke ptolemy.vergil.basic.export.ExportModel -force htm -run -openComposites -timeOut 30000 -whiteBackground ptolemy/actor/lib/jjs/modules/webSocket/demo/WebSocketChat/SecureClient.xml $PTII/ptolemy/actor/lib/jjs/modules/webSocket/demo/WebSocketChat/SecureClient
----------------- Thu May 17 00:45:45 UTC 2018 About to sleep for 5.0 seconds before running or rerunning.  Test is: /home/travis/build/icyphy/ptII/ptolemy/actor/lib/jjs/modules/webSocket/demo/WebSocketChat/SecureClient.xml
Done sleeping
.SecureClient.InteractiveDialog invoked SwingUtilities.invokeAndWait()
Model ".SecureClient" contains actors such cannot be run  as part of the export process from ExportModel or it has a WebExportParameters value that runBeforeExport set to false. To export run this model and export it, use vergil.
Exported /home/travis/build/icyphy/ptII/ptolemy/actor/lib/jjs/modules/webSocket/demo/WebSocketChat/SecureClient/index.html
3727 ms. Memory: 2088448K Free: 905278K (43%)
####### 33 Thu May 17 00:45:54 UTC 2018 $PTII/bin/ptinvoke ptolemy.vergil.basic.export.ExportModel -force htm -run -openComposites -timeOut 30000 -whiteBackground ptolemy/actor/lib/jjs/modules/webSocket/demo/WebSocketChat/SecureServer.xml $PTII/ptolemy/actor/lib/jjs/modules/webSocket/demo/WebSocketChat/SecureServer
----------------- Thu May 17 00:45:54 UTC 2018 About to sleep for 5.0 seconds before running or rerunning.  Test is: /home/travis/build/icyphy/ptII/ptolemy/actor/lib/jjs/modules/webSocket/demo/WebSocketChat/SecureServer.xml
Done sleeping
Running .SecureServer
ExportHTMLTimer went off after 30000 ms., calling getDirector().finish and getDirector().stopFire()
30009 ms. Memory: 2081792K Free: 1455084K (70%)
Exported /home/travis/build/icyphy/ptII/ptolemy/actor/lib/jjs/modules/webSocket/demo/WebSocketChat/SecureServer/index.html
34744 ms. Memory: 2081792K Free: 1434152K (69%)
####### 34 Thu May 17 00:46:33 UTC 2018 $PTII/bin/ptinvoke ptolemy.vergil.basic.export.ExportModel -force htm -run -openComposites -timeOut 30000 -whiteBackground ptolemy/actor/lib/jjs/modules/webSocket/demo/WebSocketChat/Server.xml $PTII/ptolemy/actor/lib/jjs/modules/webSocket/demo/WebSocketChat/Server
----------------- Thu May 17 00:46:33 UTC 2018 About to sleep for 5.0 seconds before running or rerunning.  Test is: /home/travis/build/icyphy/ptII/ptolemy/actor/lib/jjs/modules/webSocket/demo/WebSocketChat/Server.xml
Done sleeping
Running .Server
ExportHTMLTimer went off after 30000 ms., calling getDirector().finish and getDirector().stopFire()
30014 ms. Memory: 2081792K Free: 989924K (48%)
Exported /home/travis/build/icyphy/ptII/ptolemy/actor/lib/jjs/modules/webSocket/demo/WebSocketChat/Server/index.html
34687 ms. Memory: 2081792K Free: 969026K (47%)
####### 35 Thu May 17 00:47:13 UTC 2018 $PTII/bin/ptinvoke ptolemy.vergil.basic.export.ExportModel -force htm  -openComposites -timeOut 30000 -whiteBackground ptolemy/actor/lib/jjs/modules/webSocket/demo/WebSocketChat/WebSocketChat.xml $PTII/ptolemy/actor/lib/jjs/modules/webSocket/demo/WebSocketChat/WebSocketChat
Warning: not running ptolemy/actor/lib/jjs/modules/webSocket/demo/WebSocketChat/WebSocketChat.xml. See ptolemy/vergil/basic/export/test/junit/ExportModelJUnitTest.java
----------------- Thu May 17 00:47:13 UTC 2018 About to sleep for 5.0 seconds before running or rerunning.  Test is: /home/travis/build/icyphy/ptII/ptolemy/actor/lib/jjs/modules/webSocket/demo/WebSocketChat/WebSocketChat.xml
Done sleeping
Exported /home/travis/build/icyphy/ptII/ptolemy/actor/lib/jjs/modules/webSocket/demo/WebSocketChat/WebSocketChat/index.html
3170 ms. Memory: 2081792K Free: 849055K (41%)
####### 36 Thu May 17 00:47:21 UTC 2018 $PTII/bin/ptinvoke ptolemy.vergil.basic.export.ExportModel -force htm  -openComposites -timeOut 30000 -whiteBackground ptolemy/actor/lib/jjs/modules/webSocket/demo/WebSocketClient/WebSocketClient.xml $PTII/ptolemy/actor/lib/jjs/modules/webSocket/demo/WebSocketClient/WebSocketClient
Warning: not running ptolemy/actor/lib/jjs/modules/webSocket/demo/WebSocketClient/WebSocketClient.xml. See ptolemy/vergil/basic/export/test/junit/ExportModelJUnitTest.java
----------------- Thu May 17 00:47:21 UTC 2018 About to sleep for 5.0 seconds before running or rerunning.  Test is: /home/travis/build/icyphy/ptII/ptolemy/actor/lib/jjs/modules/webSocket/demo/WebSocketClient/WebSocketClient.xml
Done sleeping
Exported /home/travis/build/icyphy/ptII/ptolemy/actor/lib/jjs/modules/webSocket/demo/WebSocketClient/WebSocketClient/index.html
3794 ms. Memory: 2081792K Free: 579161K (28%)
####### 37 Thu May 17 00:47:30 UTC 2018 $PTII/bin/ptinvoke ptolemy.vergil.basic.export.ExportModel -force htm -run -openComposites -timeOut 30000 -whiteBackground ptolemy/actor/lib/jjs/modules/webSocket/demo/WebSocketClient/WebSocketServer.xml $PTII/ptolemy/actor/lib/jjs/modules/webSocket/demo/WebSocketClient/WebSocketServer
----------------- Thu May 17 00:47:30 UTC 2018 About to sleep for 5.0 seconds before running or rerunning.  Test is: /home/travis/build/icyphy/ptII/ptolemy/actor/lib/jjs/modules/webSocket/demo/WebSocketClient/WebSocketServer.xml
Done sleeping
Running .WebSocketServer
ExportHTMLTimer went off after 30000 ms., calling getDirector().finish and getDirector().stopFire()
30027 ms. Memory: 2095616K Free: 855821K (41%)
Exported /home/travis/build/icyphy/ptII/ptolemy/actor/lib/jjs/modules/webSocket/demo/WebSocketClient/WebSocketServer/index.html
35498 ms. Memory: 2095616K Free: 814754K (39%)
####### 38 Thu May 17 00:48:10 UTC 2018 $PTII/bin/ptinvoke ptolemy.vergil.basic.export.ExportModel -force htm -run -openComposites -timeOut 30000 -whiteBackground ptolemy/actor/lib/jjs/modules/webSocket/demo/WebSocketFullDuplex/WebSocketFullDuplex.xml $PTII/ptolemy/actor/lib/jjs/modules/webSocket/demo/WebSocketFullDuplex/WebSocketFullDuplex
----------------- Thu May 17 00:48:10 UTC 2018 About to sleep for 5.0 seconds before running or rerunning.  Test is: /home/travis/build/icyphy/ptII/ptolemy/actor/lib/jjs/modules/webSocket/demo/WebSocketFullDuplex/WebSocketFullDuplex.xml
Done sleeping
Running .WebSocketFullDuplex
WebSocketClient: Connection failed. Will try again: Connection refused: localhost/127.0.0.1:8080/nConnection refused (Thread[vert.x-eventloop-thread-3,6,main])
WebSocketClient: Connection failed. Will try again: Connection refused: localhost/127.0.0.1:8080/nConnection refused (Thread[vert.x-eventloop-thread-3,6,main])
WebSocketClient: Connection failed. Will try again: Connection refused: localhost/127.0.0.1:8080/nConnection refused (Thread[vert.x-eventloop-thread-3,6,main])
WebSocketClient: Connection failed. Will try again: Connection refused: localhost/127.0.0.1:8080/nConnection refused (Thread[vert.x-eventloop-thread-3,6,main])
WebSocketClient: Connection failed. Will try again: Connection refused: localhost/127.0.0.1:8080/nConnection refused (Thread[vert.x-eventloop-thread-3,6,main])
WebSocketClient: undefined: WebSocketClient.js: Error: Connection failed after 6 tries: Connection refused: localhost/127.0.0.1:8080/nConnection refused (Thread[vert.x-eventloop-thread-3,6,main])
ExportHTMLTimer went off after 30000 ms., calling getDirector().finish and getDirector().stopFire()
WebSocketClient: Connection closed because model is no longer running. (Thread[AWT-EventQueue-0,6,main])
WebSocketClient: undefined: WebSocketClient.js: Error: Unsent messages remain that were queued before the socket opened: [0, -1, -2, -3, -4, -5, -6, -7, -8, -9, -10, -11, -12, -13, -14, -15, -16, -17, -18, -19, -20, -21, -22, -23] (Thread[vert.x-eventloop-thread-3,6,main])
30217 ms. Memory: 2092032K Free: 992563K (47%)
Exported /home/travis/build/icyphy/ptII/ptolemy/actor/lib/jjs/modules/webSocket/demo/WebSocketFullDuplex/WebSocketFullDuplex/index.html
35823 ms. Memory: 2092032K Free: 969824K (46%)
####### 39 Thu May 17 00:48:51 UTC 2018 $PTII/bin/ptinvoke ptolemy.vergil.basic.export.ExportModel -force htm -run -openComposites -timeOut 30000 -whiteBackground ptolemy/actor/lib/jjs/modules/webSocket/demo/WebSocketGraph/WebSocketGraph.xml $PTII/ptolemy/actor/lib/jjs/modules/webSocket/demo/WebSocketGraph/WebSocketGraph
----------------- Thu May 17 00:48:51 UTC 2018 About to sleep for 5.0 seconds before running or rerunning.  Test is: /home/travis/build/icyphy/ptII/ptolemy/actor/lib/jjs/modules/webSocket/demo/WebSocketGraph/WebSocketGraph.xml
Done sleeping
Running .WebSocketGraph
BrowserLauncher: UnsupportedOperation: http://localhost:8089: java.lang.UnsupportedOperationException: The BROWSE action is not supported on the current platform!
ExportHTMLTimer went off after 30000 ms., calling getDirector().finish and getDirector().stopFire()
UserInterface: Connection closed because model is no longer running. (Thread[AWT-EventQueue-0,6,main])
30073 ms. Memory: 2056704K Free: 885255K (43%)
Exported /home/travis/build/icyphy/ptII/ptolemy/actor/lib/jjs/modules/webSocket/demo/WebSocketGraph/WebSocketGraph/index.html
38184 ms. Memory: 2056704K Free: 862910K (42%)
####### 40 Thu May 17 00:49:34 UTC 2018 $PTII/bin/ptinvoke ptolemy.vergil.basic.export.ExportModel -force htm -run -openComposites -timeOut 30000 -whiteBackground ptolemy/actor/lib/jjs/modules/webSocket/demo/WebSocketImage/WebSocketImage.xml $PTII/ptolemy/actor/lib/jjs/modules/webSocket/demo/WebSocketImage/WebSocketImage
----------------- Thu May 17 00:49:34 UTC 2018 About to sleep for 5.0 seconds before running or rerunning.  Test is: /home/travis/build/icyphy/ptII/ptolemy/actor/lib/jjs/modules/webSocket/demo/WebSocketImage/WebSocketImage.xml
Done sleeping
Running .WebSocketImage
WebSocketClient: WebSocketClient: WebSocketClient.js: connect(): portValue: -1, which is less than 0. This could be a signal to close a previously open socket.  Returning. (Thread[AWT-EventQueue-0,6,main])
ExportHTMLTimer went off after 30000 ms., calling getDirector().finish and getDirector().stopFire()
WebSocketClient: Connection closed because model is no longer running. (Thread[AWT-EventQueue-0,6,main])
30721 ms. Memory: 2167296K Free: 713805K (33%)
Exported /home/travis/build/icyphy/ptII/ptolemy/actor/lib/jjs/modules/webSocket/demo/WebSocketImage/WebSocketImage/index.html
38871 ms. Memory: 2167296K Free: 673769K (31%)
####### 41 Thu May 17 00:50:18 UTC 2018 $PTII/bin/ptinvoke ptolemy.vergil.basic.export.ExportModel -force htm -run -openComposites -timeOut 30000 -whiteBackground ptolemy/actor/lib/jjs/modules/webSocket/demo/WebSocketLog/WebSocketLog.xml $PTII/ptolemy/actor/lib/jjs/modules/webSocket/demo/WebSocketLog/WebSocketLog
----------------- Thu May 17 00:50:18 UTC 2018 About to sleep for 5.0 seconds before running or rerunning.  Test is: /home/travis/build/icyphy/ptII/ptolemy/actor/lib/jjs/modules/webSocket/demo/WebSocketLog/WebSocketLog.xml
Done sleeping
Running .WebSocketLog
14844 ms. Memory: 2549248K Free: 1733703K (68%)
Exported /home/travis/build/icyphy/ptII/ptolemy/actor/lib/jjs/modules/webSocket/demo/WebSocketLog/WebSocketLog/index.html
20964 ms. Memory: 2549248K Free: 1686380K (66%)
####### 42 Thu May 17 00:50:44 UTC 2018 $PTII/bin/ptinvoke ptolemy.vergil.basic.export.ExportModel -force htm -run -openComposites -timeOut 30000 -whiteBackground ptolemy/actor/lib/jjs/modules/webSocket/demo/WebSocketsServerClient/WebSocketsServerClient.xml $PTII/ptolemy/actor/lib/jjs/modules/webSocket/demo/WebSocketsServerClient/WebSocketsServerClient
----------------- Thu May 17 00:50:44 UTC 2018 About to sleep for 5.0 seconds before running or rerunning.  Test is: /home/travis/build/icyphy/ptII/ptolemy/actor/lib/jjs/modules/webSocket/demo/WebSocketsServerClient/WebSocketsServerClient.xml
Done sleeping
Running .WebSocketsServerClient
WSClient: Connection to socket is open. (Thread[vert.x-eventloop-thread-2,6,main])
WSClient: Connection closed because model is no longer running. (Thread[AWT-EventQueue-0,6,main])
12214 ms. Memory: 2549248K Free: 943202K (37%)
Exported /home/travis/build/icyphy/ptII/ptolemy/actor/lib/jjs/modules/webSocket/demo/WebSocketsServerClient/WebSocketsServerClient/index.html
17505 ms. Memory: 2549248K Free: 911129K (36%)
####### 43 Thu May 17 00:51:07 UTC 2018 $PTII/bin/ptinvoke ptolemy.vergil.basic.export.ExportModel -force htm  -openComposites -timeOut 30000 -whiteBackground ptolemy/actor/lib/jjs/modules/xbee/demo/XBeeHelloWorld/XBeeDataTypes.xml $PTII/ptolemy/actor/lib/jjs/modules/xbee/demo/XBeeHelloWorld/XBeeDataTypes
Warning: not running ptolemy/actor/lib/jjs/modules/xbee/demo/XBeeHelloWorld/XBeeDataTypes.xml. See ptolemy/vergil/basic/export/test/junit/ExportModelJUnitTest.java
----------------- Thu May 17 00:51:07 UTC 2018 About to sleep for 5.0 seconds before running or rerunning.  Test is: /home/travis/build/icyphy/ptII/ptolemy/actor/lib/jjs/modules/xbee/demo/XBeeHelloWorld/XBeeDataTypes.xml
Done sleeping
Exported /home/travis/build/icyphy/ptII/ptolemy/actor/lib/jjs/modules/xbee/demo/XBeeHelloWorld/XBeeDataTypes/index.html
4863 ms. Memory: 2236928K Free: 1134856K (51%)
####### 44 Thu May 17 00:51:17 UTC 2018 $PTII/bin/ptinvoke ptolemy.vergil.basic.export.ExportModel -force htm  -openComposites -timeOut 30000 -whiteBackground ptolemy/actor/lib/jjs/modules/xbee/demo/XBeeHelloWorld/XBeeHelloWorld.xml $PTII/ptolemy/actor/lib/jjs/modules/xbee/demo/XBeeHelloWorld/XBeeHelloWorld
Warning: not running ptolemy/actor/lib/jjs/modules/xbee/demo/XBeeHelloWorld/XBeeHelloWorld.xml. See ptolemy/vergil/basic/export/test/junit/ExportModelJUnitTest.java
----------------- Thu May 17 00:51:17 UTC 2018 About to sleep for 5.0 seconds before running or rerunning.  Test is: /home/travis/build/icyphy/ptII/ptolemy/actor/lib/jjs/modules/xbee/demo/XBeeHelloWorld/XBeeHelloWorld.xml
Done sleeping
Exported /home/travis/build/icyphy/ptII/ptolemy/actor/lib/jjs/modules/xbee/demo/XBeeHelloWorld/XBeeHelloWorld/index.html
4690 ms. Memory: 2236928K Free: 710992K (32%)
####### 45 Thu May 17 00:51:26 UTC 2018 $PTII/bin/ptinvoke ptolemy.vergil.basic.export.ExportModel -force htm  -openComposites -timeOut 30000 -whiteBackground ptolemy/actor/lib/jmf/demo/JMFJAI/JMFJAI.xml $PTII/ptolemy/actor/lib/jmf/demo/JMFJAI/JMFJAI
Warning: not running ptolemy/actor/lib/jmf/demo/JMFJAI/JMFJAI.xml. See ptolemy/vergil/basic/export/test/junit/ExportModelJUnitTest.java
Exported /home/travis/build/icyphy/ptII/ptolemy/actor/lib/jmf/demo/JMFJAI/JMFJAI/index.html
3250 ms. Memory: 2236928K Free: 608511K (27%)
####### 46 Thu May 17 00:51:30 UTC 2018 $PTII/bin/ptinvoke ptolemy.vergil.basic.export.ExportModel -force htm  -openComposites -timeOut 30000 -whiteBackground ptolemy/actor/lib/jmf/demo/VideoCapture/VideoCapture.xml $PTII/ptolemy/actor/lib/jmf/demo/VideoCapture/VideoCapture
Warning: not running ptolemy/actor/lib/jmf/demo/VideoCapture/VideoCapture.xml. See ptolemy/vergil/basic/export/test/junit/ExportModelJUnitTest.java
Exported /home/travis/build/icyphy/ptII/ptolemy/actor/lib/jmf/demo/VideoCapture/VideoCapture/index.html
3150 ms. Memory: 2236928K Free: 489238K (22%)
####### 47 Thu May 17 00:51:33 UTC 2018 $PTII/bin/ptinvoke ptolemy.vergil.basic.export.ExportModel -force htm -run -openComposites -timeOut 30000 -whiteBackground ptolemy/actor/lib/mail/demo/ExceptionEmailer/ExceptionEmailer.xml $PTII/ptolemy/actor/lib/mail/demo/ExceptionEmailer/ExceptionEmailer
Running .ExceptionEmailer
21 ms. Memory: 2540032K Free: 1612997K (64%)
Exported /home/travis/build/icyphy/ptII/ptolemy/actor/lib/mail/demo/ExceptionEmailer/ExceptionEmailer/index.html
4371 ms. Memory: 2540032K Free: 1575961K (62%)
####### 48 Thu May 17 00:51:37 UTC 2018 $PTII/bin/ptinvoke ptolemy.vergil.basic.export.ExportModel -force htm -run -openComposites -timeOut 30000 -whiteBackground ptolemy/actor/lib/mail/demo/SendMail/SendMail.xml $PTII/ptolemy/actor/lib/mail/demo/SendMail/SendMail
Running .SendMail
48 ms. Memory: 2540032K Free: 1451209K (57%)
Exported /home/travis/build/icyphy/ptII/ptolemy/actor/lib/mail/demo/SendMail/SendMail/index.html
4214 ms. Memory: 2540032K Free: 1414168K (56%)
####### 49 Thu May 17 00:51:41 UTC 2018 $PTII/bin/ptinvoke ptolemy.vergil.basic.export.ExportModel -force htm -run -openComposites -timeOut 30000 -whiteBackground ptolemy/actor/lib/python/demo/Ptolemnizer/Ptolemnizer.xml $PTII/ptolemy/actor/lib/python/demo/Ptolemnizer/Ptolemnizer
.Ptolemnizer.InteractiveShell invoked SwingUtilities.invokeAndWait()
Model ".Ptolemnizer" contains actors such cannot be run  as part of the export process from ExportModel or it has a WebExportParameters value that runBeforeExport set to false. To export run this model and export it, use vergil.
Exported /home/travis/build/icyphy/ptII/ptolemy/actor/lib/python/demo/Ptolemnizer/Ptolemnizer/index.html
6856 ms. Memory: 2540032K Free: 983219K (39%)
####### 50 Thu May 17 00:51:48 UTC 2018 $PTII/bin/ptinvoke ptolemy.vergil.basic.export.ExportModel -force htm -run -openComposites -timeOut 30000 -whiteBackground ptolemy/actor/lib/python/demo/PythonScale/PythonScale.xml $PTII/ptolemy/actor/lib/python/demo/PythonScale/PythonScale
Running .PythonScale
67 ms. Memory: 2540032K Free: 876242K (34%)
Exported /home/travis/build/icyphy/ptII/ptolemy/actor/lib/python/demo/PythonScale/PythonScale/index.html
4452 ms. Memory: 2540032K Free: 856944K (34%)
####### 51 Thu May 17 00:51:53 UTC 2018 $PTII/bin/ptinvoke ptolemy.vergil.basic.export.ExportModel -force htm  -openComposites -timeOut 30000 -whiteBackground ptolemy/actor/lib/python/demo/RecordManipulation/RecordManipulation.xml $PTII/ptolemy/actor/lib/python/demo/RecordManipulation/RecordManipulation
Warning: not running ptolemy/actor/lib/python/demo/RecordManipulation/RecordManipulation.xml. See ptolemy/vergil/basic/export/test/junit/ExportModelJUnitTest.java
Exported /home/travis/build/icyphy/ptII/ptolemy/actor/lib/python/demo/RecordManipulation/RecordManipulation/index.html
3299 ms. Memory: 2533376K Free: 1657908K (65%)
####### 52 Thu May 17 00:51:56 UTC 2018 $PTII/bin/ptinvoke ptolemy.vergil.basic.export.ExportModel -force htm  -openComposites -timeOut 30000 -whiteBackground ptolemy/actor/lib/r/demo/R3DPlot/R3DPlot.xml $PTII/ptolemy/actor/lib/r/demo/R3DPlot/R3DPlot
Warning: not running ptolemy/actor/lib/r/demo/R3DPlot/R3DPlot.xml. See ptolemy/vergil/basic/export/test/junit/ExportModelJUnitTest.java
Exported /home/travis/build/icyphy/ptII/ptolemy/actor/lib/r/demo/R3DPlot/R3DPlot/index.html
3268 ms. Memory: 2533376K Free: 1524652K (60%)
####### 53 Thu May 17 00:51:59 UTC 2018 $PTII/bin/ptinvoke ptolemy.vergil.basic.export.ExportModel -force htm  -openComposites -timeOut 30000 -whiteBackground ptolemy/actor/lib/r/demo/RRecordToDataframe/RRecordToDataframe.xml $PTII/ptolemy/actor/lib/r/demo/RRecordToDataframe/RRecordToDataframe
Warning: not running ptolemy/actor/lib/r/demo/RRecordToDataframe/RRecordToDataframe.xml. See ptolemy/vergil/basic/export/test/junit/ExportModelJUnitTest.java
Exported /home/travis/build/icyphy/ptII/ptolemy/actor/lib/r/demo/RRecordToDataframe/RRecordToDataframe/index.html
3189 ms. Memory: 2533376K Free: 1394441K (55%)
####### 54 Thu May 17 00:52:02 UTC 2018 $PTII/bin/ptinvoke ptolemy.vergil.basic.export.ExportModel -force htm  -openComposites -timeOut 30000 -whiteBackground ptolemy/actor/lib/security/demo/Signature/Signature.xml $PTII/ptolemy/actor/lib/security/demo/Signature/Signature
Warning: not running ptolemy/actor/lib/security/demo/Signature/Signature.xml. See ptolemy/vergil/basic/export/test/junit/ExportModelJUnitTest.java
Exported /home/travis/build/icyphy/ptII/ptolemy/actor/lib/security/demo/Signature/Signature/index.html
3438 ms. Memory: 2533376K Free: 1227571K (48%)
####### 55 Thu May 17 00:52:06 UTC 2018 $PTII/bin/ptinvoke ptolemy.vergil.basic.export.ExportModel -force htm -run -openComposites -timeOut 30000 -whiteBackground ptolemy/actor/lib/video/demo/DCT2x2dc/DCT2x2dc.xml $PTII/ptolemy/actor/lib/video/demo/DCT2x2dc/DCT2x2dc
Running .DCT2x2dc
69 ms. Memory: 2533376K Free: 1135465K (45%)
Exported /home/travis/build/icyphy/ptII/ptolemy/actor/lib/video/demo/DCT2x2dc/DCT2x2dc/index.html
4308 ms. Memory: 2533376K Free: 1115590K (44%)
####### 56 Thu May 17 00:52:10 UTC 2018 $PTII/bin/ptinvoke ptolemy.vergil.basic.export.ExportModel -force htm -run -openComposites -timeOut 30000 -whiteBackground ptolemy/actor/lib/video/demo/DCT4x4dc/DCT4x4dc.xml $PTII/ptolemy/actor/lib/video/demo/DCT4x4dc/DCT4x4dc
Running .DCT4x4dc
38 ms. Memory: 2533376K Free: 1021987K (40%)
Exported /home/travis/build/icyphy/ptII/ptolemy/actor/lib/video/demo/DCT4x4dc/DCT4x4dc/index.html
4268 ms. Memory: 2533376K Free: 983790K (39%)
####### 57 Thu May 17 00:52:14 UTC 2018 $PTII/bin/ptinvoke ptolemy.vergil.basic.export.ExportModel -force htm -run -openComposites -timeOut 30000 -whiteBackground ptolemy/actor/lib/video/demo/DCT8x8/DCT8x8.xml $PTII/ptolemy/actor/lib/video/demo/DCT8x8/DCT8x8
Running .DCT8x8
37 ms. Memory: 2533376K Free: 909282K (36%)
Exported /home/travis/build/icyphy/ptII/ptolemy/actor/lib/video/demo/DCT8x8/DCT8x8/index.html
4218 ms. Memory: 2533376K Free: 868176K (34%)
####### 58 Thu May 17 00:52:19 UTC 2018 $PTII/bin/ptinvoke ptolemy.vergil.basic.export.ExportModel -force htm -run -openComposites -timeOut 30000 -whiteBackground ptolemy/actor/lib/xslt/demo/MoMLFileTransformation/MoMLFileTransformation.xml $PTII/ptolemy/actor/lib/xslt/demo/MoMLFileTransformation/MoMLFileTransformation
Running .MOMLFileTransformation
625 ms. Memory: 2555392K Free: 1687678K (66%)
Exported /home/travis/build/icyphy/ptII/ptolemy/actor/lib/xslt/demo/MoMLFileTransformation/MoMLFileTransformation/index.html
4848 ms. Memory: 2555392K Free: 1589267K (62%)
####### 59 Thu May 17 00:52:24 UTC 2018 $PTII/bin/ptinvoke ptolemy.vergil.basic.export.ExportModel -force htm -run -openComposites -timeOut 30000 -whiteBackground ptolemy/actor/lib/xslt/demo/XMLInclusion/XMLInclusion.xml $PTII/ptolemy/actor/lib/xslt/demo/XMLInclusion/XMLInclusion
Running .XMLInclusion
22 ms. Memory: 2555392K Free: 1490292K (58%)
Exported /home/travis/build/icyphy/ptII/ptolemy/actor/lib/xslt/demo/XMLInclusion/XMLInclusion/index.html
4183 ms. Memory: 2555392K Free: 1391990K (54%)
####### 60 Thu May 17 00:52:28 UTC 2018 $PTII/bin/ptinvoke ptolemy.vergil.basic.export.ExportModel -force htm -run -openComposites -timeOut 30000 -whiteBackground ptolemy/actor/parameters/demo/Bouncer/Bouncer.xml $PTII/ptolemy/actor/parameters/demo/Bouncer/Bouncer
Running .Bouncer
10017 ms. Memory: 2555392K Free: 1256089K (49%)
Exported /home/travis/build/icyphy/ptII/ptolemy/actor/parameters/demo/Bouncer/Bouncer/index.html
14309 ms. Memory: 2555392K Free: 1175523K (46%)
####### 61 Thu May 17 00:52:42 UTC 2018 $PTII/bin/ptinvoke ptolemy.vergil.basic.export.ExportModel -force htm -run -openComposites -timeOut 30000 -whiteBackground ptolemy/actor/parameters/demo/SliderParameter/SliderParameter.xml $PTII/ptolemy/actor/parameters/demo/SliderParameter/SliderParameter
Running .SliderParameter
ExportHTMLTimer went off after 30000 ms., calling getDirector().finish and getDirector().stopFire()
30002 ms. Memory: 2609664K Free: 1219256K (47%)
Exported /home/travis/build/icyphy/ptII/ptolemy/actor/parameters/demo/SliderParameter/SliderParameter/index.html
34303 ms. Memory: 2609664K Free: 1144814K (44%)
####### 62 Thu May 17 00:53:16 UTC 2018 $PTII/bin/ptinvoke ptolemy.vergil.basic.export.ExportModel -force htm -run -openComposites -timeOut 30000 -whiteBackground ptolemy/actor/ptalon/demo/CruiseControl/CruiseControl.xml $PTII/ptolemy/actor/ptalon/demo/CruiseControl/CruiseControl
Running .CruiseControl
60 ms. Memory: 2609664K Free: 1028025K (39%)
Exported /home/travis/build/icyphy/ptII/ptolemy/actor/ptalon/demo/CruiseControl/CruiseControl/index.html
4518 ms. Memory: 2609664K Free: 956871K (37%)
####### 63 Thu May 17 00:53:21 UTC 2018 $PTII/bin/ptinvoke ptolemy.vergil.basic.export.ExportModel -force htm -run -openComposites -timeOut 30000 -whiteBackground ptolemy/actor/ptalon/demo/EightChannelFFT/EightChannelFFT.xml $PTII/ptolemy/actor/ptalon/demo/EightChannelFFT/EightChannelFFT
Running .EightChannelFFT
56 ms. Memory: 2609664K Free: 798077K (31%)
Exported /home/travis/build/icyphy/ptII/ptolemy/actor/ptalon/demo/EightChannelFFT/EightChannelFFT/index.html
5357 ms. Memory: 2605056K Free: 1505268K (58%)
####### 64 Thu May 17 00:53:26 UTC 2018 $PTII/bin/ptinvoke ptolemy.vergil.basic.export.ExportModel -force htm -run -openComposites -timeOut 30000 -whiteBackground ptolemy/actor/ptalon/demo/GameOfLife/GameOfLife.xml $PTII/ptolemy/actor/ptalon/demo/GameOfLife/GameOfLife
Running .GameOfLife
ExportHTMLTimer went off after 30000 ms., calling getDirector().finish and getDirector().stopFire()
30202 ms. Memory: 2605056K Free: 1296810K (50%)
Exported /home/travis/build/icyphy/ptII/ptolemy/actor/ptalon/demo/GameOfLife/GameOfLife/index.html
34876 ms. Memory: 2605056K Free: 1181627K (45%)
####### 65 Thu May 17 00:54:01 UTC 2018 $PTII/bin/ptinvoke ptolemy.vergil.basic.export.ExportModel -force htm -run -openComposites -timeOut 30000 -whiteBackground ptolemy/actor/ptalon/demo/MapReduce/MapReduce.xml $PTII/ptolemy/actor/ptalon/demo/MapReduce/MapReduce
Running .MapReduce
132 ms. Memory: 2605056K Free: 838938K (32%)
Exported /home/travis/build/icyphy/ptII/ptolemy/actor/ptalon/demo/MapReduce/MapReduce/index.html
5291 ms. Memory: 2632704K Free: 1527480K (58%)
####### 66 Thu May 17 00:54:06 UTC 2018 $PTII/bin/ptinvoke ptolemy.vergil.basic.export.ExportModel -force htm -run -openComposites -timeOut 30000 -whiteBackground ptolemy/actor/ptalon/demo/ModelChange/ModelChange.xml $PTII/ptolemy/actor/ptalon/demo/ModelChange/ModelChange
Running .ModelChange
13 ms. Memory: 2632704K Free: 1435365K (55%)
Exported /home/travis/build/icyphy/ptII/ptolemy/actor/ptalon/demo/ModelChange/ModelChange/index.html
4250 ms. Memory: 2632704K Free: 1388280K (53%)
####### 67 Thu May 17 00:54:11 UTC 2018 $PTII/bin/ptinvoke ptolemy.vergil.basic.export.ExportModel -force htm  -openComposites -timeOut 5000 -whiteBackground ptolemy/actor/ptalon/demo/ptinyos/SendAndReceiveCnt/SendAndReceiveCnt.xml $PTII/ptolemy/actor/ptalon/demo/ptinyos/SendAndReceiveCnt/SendAndReceiveCnt
Warning: not running ptolemy/actor/ptalon/demo/ptinyos/SendAndReceiveCnt/SendAndReceiveCnt.xml. See ptolemy/vergil/basic/export/test/junit/ExportModelJUnitTest.java
TableauFrame._addMenus: configuration == null?
####### 68 Thu May 17 00:54:12 UTC 2018 $PTII/bin/ptinvoke ptolemy.vergil.basic.export.ExportModel -force htm  -openComposites -timeOut 30000 -whiteBackground ptolemy/actor/ptalon/demo/ptinyos/SenseToLeds/SenseToLeds.xml $PTII/ptolemy/actor/ptalon/demo/ptinyos/SenseToLeds/SenseToLeds
Warning: not running ptolemy/actor/ptalon/demo/ptinyos/SenseToLeds/SenseToLeds.xml. See ptolemy/vergil/basic/export/test/junit/ExportModelJUnitTest.java
TableauFrame._addMenus: configuration == null?
####### 69 Thu May 17 00:54:13 UTC 2018 $PTII/bin/ptinvoke ptolemy.vergil.basic.export.ExportModel -force htm -run -openComposites -timeOut 30000 -whiteBackground ptolemy/actor/ptalon/demo/SmallWorld/ParameterSweepSmallWorldFSM.xml $PTII/ptolemy/actor/ptalon/demo/SmallWorld/ParameterSweepSmallWorldFSM
Running .ParameterSweepSmallWorldFSM
1
1
1
1
1
1
1
1
1
2
2
2
2
2
2
2
2
3
3
3
3
3
3
3
3
3
3
3
3
3
3
4
4
4
4
4
4
4
4
4
5
5
5
5
5
5
6
6
262 ms. Memory: 2629120K Free: 1226594K (47%)
ExportHTMLTimer went off after 30000 ms., calling getDirector().finish and getDirector().stopFire()
30001 ms. Memory: 2726912K Free: 781553K (29%)
Exported /home/travis/build/icyphy/ptII/ptolemy/actor/ptalon/demo/SmallWorld/ParameterSweepSmallWorldFSM/index.html
35847 ms. Memory: 2726912K Free: 721308K (26%)
####### 70 Thu May 17 00:54:49 UTC 2018 $PTII/bin/ptinvoke ptolemy.vergil.basic.export.ExportModel -force htm -run -openComposites -timeOut 30000 -whiteBackground ptolemy/actor/ptalon/demo/SmallWorld/ParameterSweepSmallWorldSDF.xml $PTII/ptolemy/actor/ptalon/demo/SmallWorld/ParameterSweepSmallWorldSDF
Running .ParameterSweepSmallWorldSDF
190 ms. Memory: 2749952K Free: 1022615K (37%)
143 ms. Memory: 2749952K Free: 911729K (33%)
144 ms. Memory: 2749952K Free: 773130K (28%)
148 ms. Memory: 2749952K Free: 662260K (24%)
1159 ms. Memory: 2749952K Free: 662260K (24%)
Exported /home/travis/build/icyphy/ptII/ptolemy/actor/ptalon/demo/SmallWorld/ParameterSweepSmallWorldSDF/index.html
6662 ms. Memory: 2749952K Free: 629845K (23%)
]]></system-out>
  <system-err><![CDATA[[AWT-EventQueue-0] INFO com.github.sarxos.webcam.Webcam - WebcamDefaultDriver capture driver will be used
[atomic-processor-1] INFO com.github.sarxos.webcam.ds.cgt.WebcamOpenTask - Opening webcam Dummy Webcam 0
[atomic-processor-1] INFO com.github.sarxos.webcam.ds.cgt.WebcamCloseTask - Closing Dummy Webcam 0
WARNING: Camera: Model stopped before executing actions (e.g. producing outputs) scheduled for execution at times [20.003]
May 17, 2018 12:36:12 AM org.eclipse.paho.client.mqttv3.internal.ClientState checkForActivity
SEVERE: mqttpt_-6894416869026168803: Timed out as no activity, keepAlive=60,000 lastOutboundActivity=1,526,517,312,528 lastInboundActivity=1,526,517,248,786 time=1,526,517,372,528 lastPing=1,526,517,312,528
May 17, 2018 12:36:12 AM org.eclipse.paho.client.mqttv3.internal.ClientState checkForActivity
SEVERE: mqttpt_-6894416869026168803: Timed out as no activity, keepAlive=60,000 lastOutboundActivity=1,526,517,312,538 lastInboundActivity=1,526,517,251,748 time=1,526,517,372,538 lastPing=1,526,517,312,538
[atomic-processor-1] INFO com.github.sarxos.webcam.ds.cgt.WebcamOpenTask - Opening webcam Dummy Webcam 0
[atomic-processor-1] INFO com.github.sarxos.webcam.ds.cgt.WebcamCloseTask - Closing Dummy Webcam 0
ptolemy.kernel.util.IllegalActionException: Exceptions occurred during wrapup:
ptolemy.kernel.util.IllegalActionException: Failure executing the wrapup function: Error: TrainableTest2: The input handler of this accessor was never invoked. Usually, this is an error indicating that starvation is occurring. in <function> at line number 393 at column number 16
  in .WatchEmulator.TrainableTest2
Because:
Error: TrainableTest2: The input handler of this accessor was never invoked. Usually, this is an error indicating that starvation is occurring. in <function> at line number 393 at column number 16

  in .WatchEmulator.DE Director
Because:
Failure executing the wrapup function: Error: TrainableTest2: The input handler of this accessor was never invoked. Usually, this is an error indicating that starvation is occurring. in <function> at line number 393 at column number 16
  in .WatchEmulator.TrainableTest2
Because:
Error: TrainableTest2: The input handler of this accessor was never invoked. Usually, this is an error indicating that starvation is occurring. in <function> at line number 393 at column number 16
	at ptolemy.actor.Director.wrapup(Director.java:1736)
	at ptolemy.domains.de.kernel.DEDirector.wrapup(DEDirector.java:1526)
	at ptolemy.actor.CompositeActor.wrapup(CompositeActor.java:2735)
	at ptolemy.actor.Manager.wrapup(Manager.java:1512)
	at ptolemy.actor.Manager.execute(Manager.java:407)
	at ptolemy.vergil.basic.export.ExportModel$2.run(ExportModel.java:390)
	at java.awt.event.InvocationEvent.dispatch(InvocationEvent.java:301)
	at java.awt.EventQueue.dispatchEventImpl(EventQueue.java:756)
	at java.awt.EventQueue.access$500(EventQueue.java:97)
	at java.awt.EventQueue$3.run(EventQueue.java:709)
	at java.awt.EventQueue$3.run(EventQueue.java:703)
	at java.security.AccessController.doPrivileged(Native Method)
	at java.security.ProtectionDomain$JavaSecurityAccessImpl.doIntersectionPrivilege(ProtectionDomain.java:80)
	at java.awt.EventQueue.dispatchEvent(EventQueue.java:726)
	at java.awt.EventDispatchThread.pumpOneEventForFilters(EventDispatchThread.java:201)
	at java.awt.EventDispatchThread.pumpEventsForFilter(EventDispatchThread.java:116)
	at java.awt.EventDispatchThread.pumpEventsForHierarchy(EventDispatchThread.java:105)
	at java.awt.EventDispatchThread.pumpEvents(EventDispatchThread.java:101)
	at java.awt.EventDispatchThread.pumpEvents(EventDispatchThread.java:93)
	at java.awt.EventDispatchThread.run(EventDispatchThread.java:82)
Caused by: ptolemy.kernel.util.IllegalActionException: Failure executing the wrapup function: Error: TrainableTest2: The input handler of this accessor was never invoked. Usually, this is an error indicating that starvation is occurring. in <function> at line number 393 at column number 16
  in .WatchEmulator.TrainableTest2
Because:
Error: TrainableTest2: The input handler of this accessor was never invoked. Usually, this is an error indicating that starvation is occurring. in <function> at line number 393 at column number 16
	at ptolemy.actor.lib.jjs.JavaScript._invokeMethodInContext(JavaScript.java:2223)
	at ptolemy.actor.lib.jjs.JavaScript.wrapup(JavaScript.java:2118)
	at ptolemy.actor.Director.wrapup(Director.java:1722)
	... 19 more
Caused by: javax.script.ScriptException: Error: TrainableTest2: The input handler of this accessor was never invoked. Usually, this is an error indicating that starvation is occurring. in <function> at line number 393 at column number 16
	at jdk.nashorn.api.scripting.NashornScriptEngine.throwAsScriptException(NashornScriptEngine.java:470)
	at jdk.nashorn.api.scripting.NashornScriptEngine.invokeImpl(NashornScriptEngine.java:392)
	at jdk.nashorn.api.scripting.NashornScriptEngine.invokeMethod(NashornScriptEngine.java:199)
	at ptolemy.actor.lib.jjs.JavaScript._invokeMethodInContext(JavaScript.java:2200)
	... 21 more
Caused by: <function>:393:16 Error: TrainableTest2: The input handler of this accessor was never invoked. Usually, this is an error indicating that starvation is occurring.
	at jdk.nashorn.internal.objects.NativeError.initException(NativeError.java:137)
	at jdk.nashorn.internal.objects.NativeError.<init>(NativeError.java:102)
	at jdk.nashorn.internal.objects.NativeError.<init>(NativeError.java:106)
	at jdk.nashorn.internal.objects.NativeError.<init>(NativeError.java:110)
	at jdk.nashorn.internal.objects.NativeError.constructor(NativeError.java:129)
	at jdk.nashorn.internal.scripts.Script$Recompilation$17670$18524$\^function\_.L:1#wrapup(<function>:393)
	at jdk.nashorn.internal.scripts.Script$Recompilation$17668$30384$require.L:1#Accessor#wrapup(/home/travis/build/icyphy/ptII/ptolemy/actor/lib/jjs/external/require.js#401:30<eval>:675)
	at jdk.nashorn.internal.runtime.ScriptFunctionData.invoke(ScriptFunctionData.java:637)
	at jdk.nashorn.internal.runtime.ScriptFunction.invoke(ScriptFunction.java:494)
	at jdk.nashorn.internal.runtime.ScriptRuntime.apply(ScriptRuntime.java:393)
	at jdk.nashorn.api.scripting.ScriptObjectMirror.callMember(ScriptObjectMirror.java:199)
	at jdk.nashorn.api.scripting.NashornScriptEngine.invokeImpl(NashornScriptEngine.java:386)
	... 23 more
Caused by: ptolemy.kernel.util.IllegalActionException: Failure executing the wrapup function: Error: TrainableTest2: The input handler of this accessor was never invoked. Usually, this is an error indicating that starvation is occurring. in <function> at line number 393 at column number 16
  in .WatchEmulator.TrainableTest2
Because:
Error: TrainableTest2: The input handler of this accessor was never invoked. Usually, this is an error indicating that starvation is occurring. in <function> at line number 393 at column number 16
	at ptolemy.actor.lib.jjs.JavaScript._invokeMethodInContext(JavaScript.java:2223)
	at ptolemy.actor.lib.jjs.JavaScript.wrapup(JavaScript.java:2118)
	at ptolemy.actor.Director.wrapup(Director.java:1722)
	at ptolemy.domains.de.kernel.DEDirector.wrapup(DEDirector.java:1526)
	at ptolemy.actor.CompositeActor.wrapup(CompositeActor.java:2735)
	at ptolemy.actor.Manager.wrapup(Manager.java:1512)
	at ptolemy.actor.Manager.execute(Manager.java:407)
	at ptolemy.vergil.basic.export.ExportModel$2.run(ExportModel.java:390)
	at java.awt.event.InvocationEvent.dispatch(InvocationEvent.java:301)
	at java.awt.EventQueue.dispatchEventImpl(EventQueue.java:756)
	at java.awt.EventQueue.access$500(EventQueue.java:97)
	at java.awt.EventQueue$3.run(EventQueue.java:709)
	at java.awt.EventQueue$3.run(EventQueue.java:703)
	at java.security.AccessController.doPrivileged(Native Method)
	at java.security.ProtectionDomain$JavaSecurityAccessImpl.doIntersectionPrivilege(ProtectionDomain.java:80)
	at java.awt.EventQueue.dispatchEvent(EventQueue.java:726)
	at java.awt.EventDispatchThread.pumpOneEventForFilters(EventDispatchThread.java:201)
	at java.awt.EventDispatchThread.pumpEventsForFilter(EventDispatchThread.java:116)
	at java.awt.EventDispatchThread.pumpEventsForHierarchy(EventDispatchThread.java:105)
	at java.awt.EventDispatchThread.pumpEvents(EventDispatchThread.java:101)
	at java.awt.EventDispatchThread.pumpEvents(EventDispatchThread.java:93)
	at java.awt.EventDispatchThread.run(EventDispatchThread.java:82)
Caused by: javax.script.ScriptException: Error: TrainableTest2: The input handler of this accessor was never invoked. Usually, this is an error indicating that starvation is occurring. in <function> at line number 393 at column number 16
	at jdk.nashorn.api.scripting.NashornScriptEngine.throwAsScriptException(NashornScriptEngine.java:470)
	at jdk.nashorn.api.scripting.NashornScriptEngine.invokeImpl(NashornScriptEngine.java:392)
	at jdk.nashorn.api.scripting.NashornScriptEngine.invokeMethod(NashornScriptEngine.java:199)
	at ptolemy.actor.lib.jjs.JavaScript._invokeMethodInContext(JavaScript.java:2200)
	... 21 more
Caused by: <function>:393:16 Error: TrainableTest2: The input handler of this accessor was never invoked. Usually, this is an error indicating that starvation is occurring.
	at jdk.nashorn.internal.objects.NativeError.initException(NativeError.java:137)
	at jdk.nashorn.internal.objects.NativeError.<init>(NativeError.java:102)
	at jdk.nashorn.internal.objects.NativeError.<init>(NativeError.java:106)
	at jdk.nashorn.internal.objects.NativeError.<init>(NativeError.java:110)
	at jdk.nashorn.internal.objects.NativeError.constructor(NativeError.java:129)
	at jdk.nashorn.internal.scripts.Script$Recompilation$17670$18524$\^function\_.L:1#wrapup(<function>:393)
	at jdk.nashorn.internal.scripts.Script$Recompilation$17668$30384$require.L:1#Accessor#wrapup(/home/travis/build/icyphy/ptII/ptolemy/actor/lib/jjs/external/require.js#401:30<eval>:675)
	at jdk.nashorn.internal.runtime.ScriptFunctionData.invoke(ScriptFunctionData.java:637)
	at jdk.nashorn.internal.runtime.ScriptFunction.invoke(ScriptFunction.java:494)
	at jdk.nashorn.internal.runtime.ScriptRuntime.apply(ScriptRuntime.java:393)
	at jdk.nashorn.api.scripting.ScriptObjectMirror.callMember(ScriptObjectMirror.java:199)
	at jdk.nashorn.api.scripting.NashornScriptEngine.invokeImpl(NashornScriptEngine.java:386)
	... 23 more
Caused by: javax.script.ScriptException: Error: TrainableTest2: The input handler of this accessor was never invoked. Usually, this is an error indicating that starvation is occurring. in <function> at line number 393 at column number 16
	at jdk.nashorn.api.scripting.NashornScriptEngine.throwAsScriptException(NashornScriptEngine.java:470)
	at jdk.nashorn.api.scripting.NashornScriptEngine.invokeImpl(NashornScriptEngine.java:392)
	at jdk.nashorn.api.scripting.NashornScriptEngine.invokeMethod(NashornScriptEngine.java:199)
	at ptolemy.actor.lib.jjs.JavaScript._invokeMethodInContext(JavaScript.java:2200)
	at ptolemy.actor.lib.jjs.JavaScript.wrapup(JavaScript.java:2118)
	at ptolemy.actor.Director.wrapup(Director.java:1722)
	at ptolemy.domains.de.kernel.DEDirector.wrapup(DEDirector.java:1526)
	at ptolemy.actor.CompositeActor.wrapup(CompositeActor.java:2735)
	at ptolemy.actor.Manager.wrapup(Manager.java:1512)
	at ptolemy.actor.Manager.execute(Manager.java:407)
	at ptolemy.vergil.basic.export.ExportModel$2.run(ExportModel.java:390)
	at java.awt.event.InvocationEvent.dispatch(InvocationEvent.java:301)
	at java.awt.EventQueue.dispatchEventImpl(EventQueue.java:756)
	at java.awt.EventQueue.access$500(EventQueue.java:97)
	at java.awt.EventQueue$3.run(EventQueue.java:709)
	at java.awt.EventQueue$3.run(EventQueue.java:703)
	at java.security.AccessController.doPrivileged(Native Method)
	at java.security.ProtectionDomain$JavaSecurityAccessImpl.doIntersectionPrivilege(ProtectionDomain.java:80)
	at java.awt.EventQueue.dispatchEvent(EventQueue.java:726)
	at java.awt.EventDispatchThread.pumpOneEventForFilters(EventDispatchThread.java:201)
	at java.awt.EventDispatchThread.pumpEventsForFilter(EventDispatchThread.java:116)
	at java.awt.EventDispatchThread.pumpEventsForHierarchy(EventDispatchThread.java:105)
	at java.awt.EventDispatchThread.pumpEvents(EventDispatchThread.java:101)
	at java.awt.EventDispatchThread.pumpEvents(EventDispatchThread.java:93)
	at java.awt.EventDispatchThread.run(EventDispatchThread.java:82)
Caused by: <function>:393:16 Error: TrainableTest2: The input handler of this accessor was never invoked. Usually, this is an error indicating that starvation is occurring.
	at jdk.nashorn.internal.objects.NativeError.initException(NativeError.java:137)
	at jdk.nashorn.internal.objects.NativeError.<init>(NativeError.java:102)
	at jdk.nashorn.internal.objects.NativeError.<init>(NativeError.java:106)
	at jdk.nashorn.internal.objects.NativeError.<init>(NativeError.java:110)
	at jdk.nashorn.internal.objects.NativeError.constructor(NativeError.java:129)
	at jdk.nashorn.internal.scripts.Script$Recompilation$17670$18524$\^function\_.L:1#wrapup(<function>:393)
	at jdk.nashorn.internal.scripts.Script$Recompilation$17668$30384$require.L:1#Accessor#wrapup(/home/travis/build/icyphy/ptII/ptolemy/actor/lib/jjs/external/require.js#401:30<eval>:675)
	at jdk.nashorn.internal.runtime.ScriptFunctionData.invoke(ScriptFunctionData.java:637)
	at jdk.nashorn.internal.runtime.ScriptFunction.invoke(ScriptFunction.java:494)
	at jdk.nashorn.internal.runtime.ScriptRuntime.apply(ScriptRuntime.java:393)
	at jdk.nashorn.api.scripting.ScriptObjectMirror.callMember(ScriptObjectMirror.java:199)
	at jdk.nashorn.api.scripting.NashornScriptEngine.invokeImpl(NashornScriptEngine.java:386)
	... 23 more
java.lang.reflect.InvocationTargetException
	at java.awt.EventQueue.invokeAndWait(EventQueue.java:1321)
	at java.awt.EventQueue.invokeAndWait(EventQueue.java:1296)
	at javax.swing.SwingUtilities.invokeAndWait(SwingUtilities.java:1348)
	at ptolemy.vergil.basic.export.ExportModel.exportModel(ExportModel.java:401)
	at ptolemy.vergil.basic.export.test.junit.ExportModelJUnitTest.RunExportModel(ExportModelJUnitTest.java:153)
	at ptolemy.vergil.basic.export.test.junit.ExportModelJUnitTestBatch.RunExportModel(ExportModelJUnitTestBatch.java:97)
	at sun.reflect.GeneratedMethodAccessor18.invoke(Unknown Source)
	at sun.reflect.DelegatingMethodAccessorImpl.invoke(DelegatingMethodAccessorImpl.java:43)
	at java.lang.reflect.Method.invoke(Method.java:498)
	at org.junit.runners.model.FrameworkMethod$1.runReflectiveCall(FrameworkMethod.java:44)
	at org.junit.internal.runners.model.ReflectiveCallable.run(ReflectiveCallable.java:15)
	at org.junit.runners.model.FrameworkMethod.invokeExplosively(FrameworkMethod.java:41)
	at junitparams.internal.InvokeParameterisedMethod.evaluate(InvokeParameterisedMethod.java:102)
	at junitparams.internal.ParameterisedTestMethodRunner.runMethodInvoker(ParameterisedTestMethodRunner.java:47)
	at junitparams.internal.ParameterisedTestMethodRunner.runTestMethod(ParameterisedTestMethodRunner.java:41)
	at junitparams.internal.ParameterisedTestClassRunner.runParameterisedTest(ParameterisedTestClassRunner.java:143)
	at junitparams.JUnitParamsRunner.runChild(JUnitParamsRunner.java:237)
	at junitparams.JUnitParamsRunner.runChild(JUnitParamsRunner.java:215)
	at org.junit.runners.ParentRunner$3.run(ParentRunner.java:193)
	at org.junit.runners.ParentRunner$1.schedule(ParentRunner.java:52)
	at org.junit.runners.ParentRunner.runChildren(ParentRunner.java:191)
	at org.junit.runners.ParentRunner.access$000(ParentRunner.java:42)
	at org.junit.runners.ParentRunner$2.evaluate(ParentRunner.java:184)
	at org.junit.runners.ParentRunner.run(ParentRunner.java:236)
	at junit.framework.JUnit4TestAdapter.run(JUnit4TestAdapter.java:39)
	at org.apache.tools.ant.taskdefs.optional.junit.JUnitTestRunner.run(JUnitTestRunner.java:535)
	at org.apache.tools.ant.taskdefs.optional.junit.JUnitTestRunner.launch(JUnitTestRunner.java:1182)
	at org.apache.tools.ant.taskdefs.optional.junit.JUnitTestRunner.main(JUnitTestRunner.java:1033)
Caused by: java.lang.RuntimeException: ptolemy.kernel.util.IllegalActionException: Exceptions occurred during wrapup:
ptolemy.kernel.util.IllegalActionException: Failure executing the wrapup function: Error: TrainableTest2: The input handler of this accessor was never invoked. Usually, this is an error indicating that starvation is occurring. in <function> at line number 393 at column number 16
  in .WatchEmulator.TrainableTest2
Because:
Error: TrainableTest2: The input handler of this accessor was never invoked. Usually, this is an error indicating that starvation is occurring. in <function> at line number 393 at column number 16

  in .WatchEmulator.DE Director
Because:
Failure executing the wrapup function: Error: TrainableTest2: The input handler of this accessor was never invoked. Usually, this is an error indicating that starvation is occurring. in <function> at line number 393 at column number 16
  in .WatchEmulator.TrainableTest2
Because:
Error: TrainableTest2: The input handler of this accessor was never invoked. Usually, this is an error indicating that starvation is occurring. in <function> at line number 393 at column number 16
	at ptolemy.vergil.basic.export.ExportModel$2.run(ExportModel.java:397)
	at java.awt.event.InvocationEvent.dispatch(InvocationEvent.java:301)
	at java.awt.EventQueue.dispatchEventImpl(EventQueue.java:756)
	at java.awt.EventQueue.access$500(EventQueue.java:97)
	at java.awt.EventQueue$3.run(EventQueue.java:709)
	at java.awt.EventQueue$3.run(EventQueue.java:703)
	at java.security.AccessController.doPrivileged(Native Method)
	at java.security.ProtectionDomain$JavaSecurityAccessImpl.doIntersectionPrivilege(ProtectionDomain.java:80)
	at java.awt.EventQueue.dispatchEvent(EventQueue.java:726)
	at java.awt.EventDispatchThread.pumpOneEventForFilters(EventDispatchThread.java:201)
	at java.awt.EventDispatchThread.pumpEventsForFilter(EventDispatchThread.java:116)
	at java.awt.EventDispatchThread.pumpEventsForHierarchy(EventDispatchThread.java:105)
	at java.awt.EventDispatchThread.pumpEvents(EventDispatchThread.java:101)
	at java.awt.EventDispatchThread.pumpEvents(EventDispatchThread.java:93)
	at java.awt.EventDispatchThread.run(EventDispatchThread.java:82)
Caused by: ptolemy.kernel.util.IllegalActionException: Exceptions occurred during wrapup:
ptolemy.kernel.util.IllegalActionException: Failure executing the wrapup function: Error: TrainableTest2: The input handler of this accessor was never invoked. Usually, this is an error indicating that starvation is occurring. in <function> at line number 393 at column number 16
  in .WatchEmulator.TrainableTest2
Because:
Error: TrainableTest2: The input handler of this accessor was never invoked. Usually, this is an error indicating that starvation is occurring. in <function> at line number 393 at column number 16

  in .WatchEmulator.DE Director
Because:
Failure executing the wrapup function: Error: TrainableTest2: The input handler of this accessor was never invoked. Usually, this is an error indicating that starvation is occurring. in <function> at line number 393 at column number 16
  in .WatchEmulator.TrainableTest2
Because:
Error: TrainableTest2: The input handler of this accessor was never invoked. Usually, this is an error indicating that starvation is occurring. in <function> at line number 393 at column number 16
	at ptolemy.actor.Director.wrapup(Director.java:1736)
	at ptolemy.domains.de.kernel.DEDirector.wrapup(DEDirector.java:1526)
	at ptolemy.actor.CompositeActor.wrapup(CompositeActor.java:2735)
	at ptolemy.actor.Manager.wrapup(Manager.java:1512)
	at ptolemy.actor.Manager.execute(Manager.java:407)
	at ptolemy.vergil.basic.export.ExportModel$2.run(ExportModel.java:390)
	... 14 more
Caused by: ptolemy.kernel.util.IllegalActionException: Failure executing the wrapup function: Error: TrainableTest2: The input handler of this accessor was never invoked. Usually, this is an error indicating that starvation is occurring. in <function> at line number 393 at column number 16
  in .WatchEmulator.TrainableTest2
Because:
Error: TrainableTest2: The input handler of this accessor was never invoked. Usually, this is an error indicating that starvation is occurring. in <function> at line number 393 at column number 16
	at ptolemy.actor.lib.jjs.JavaScript._invokeMethodInContext(JavaScript.java:2223)
	at ptolemy.actor.lib.jjs.JavaScript.wrapup(JavaScript.java:2118)
	at ptolemy.actor.Director.wrapup(Director.java:1722)
	... 19 more
Caused by: javax.script.ScriptException: Error: TrainableTest2: The input handler of this accessor was never invoked. Usually, this is an error indicating that starvation is occurring. in <function> at line number 393 at column number 16
	at jdk.nashorn.api.scripting.NashornScriptEngine.throwAsScriptException(NashornScriptEngine.java:470)
	at jdk.nashorn.api.scripting.NashornScriptEngine.invokeImpl(NashornScriptEngine.java:392)
	at jdk.nashorn.api.scripting.NashornScriptEngine.invokeMethod(NashornScriptEngine.java:199)
	at ptolemy.actor.lib.jjs.JavaScript._invokeMethodInContext(JavaScript.java:2200)
	... 21 more
Caused by: <function>:393:16 Error: TrainableTest2: The input handler of this accessor was never invoked. Usually, this is an error indicating that starvation is occurring.
	at jdk.nashorn.internal.objects.NativeError.initException(NativeError.java:137)
	at jdk.nashorn.internal.objects.NativeError.<init>(NativeError.java:102)
	at jdk.nashorn.internal.objects.NativeError.<init>(NativeError.java:106)
	at jdk.nashorn.internal.objects.NativeError.<init>(NativeError.java:110)
	at jdk.nashorn.internal.objects.NativeError.constructor(NativeError.java:129)
	at jdk.nashorn.internal.scripts.Script$Recompilation$17670$18524$\^function\_.L:1#wrapup(<function>:393)
	at jdk.nashorn.internal.scripts.Script$Recompilation$17668$30384$require.L:1#Accessor#wrapup(/home/travis/build/icyphy/ptII/ptolemy/actor/lib/jjs/external/require.js#401:30<eval>:675)
	at jdk.nashorn.internal.runtime.ScriptFunctionData.invoke(ScriptFunctionData.java:637)
	at jdk.nashorn.internal.runtime.ScriptFunction.invoke(ScriptFunction.java:494)
	at jdk.nashorn.internal.runtime.ScriptRuntime.apply(ScriptRuntime.java:393)
	at jdk.nashorn.api.scripting.ScriptObjectMirror.callMember(ScriptObjectMirror.java:199)
	at jdk.nashorn.api.scripting.NashornScriptEngine.invokeImpl(NashornScriptEngine.java:386)
	... 23 more
WARNING: Clock: Model stopped before executing actions (e.g. producing outputs) scheduled for execution at times [26.0]
WARNING: Invoking send() too late (probably in a callback), so WebSocketServer is not able to send the token {socketID = 0, status = "closed"} to the output connection. Token is discarded.
WARNING: Invoking send() too late (probably in a callback), so WebSocketServer is not able to send the token {socketID = 0, status = "closed"} to the output connection. Token is discarded.
WARNING: Clock: Model stopped before executing actions (e.g. producing outputs) scheduled for execution at times [11.0]
WARNING: Clock: Model stopped before executing actions (e.g. producing outputs) scheduled for execution at times [11.0]
WARNING: Invoking send() too late (probably in a callback), so WebSocketServer is not able to send the token {socketID = 0, status = "closed"} to the output connection. Token is discarded.
WARNING: Invoking send() too late (probably in a callback), so WebSocketServer is not able to send the token {socketID = 0, status = "closed"} to the output connection. Token is discarded.
[atomic-processor-1] INFO com.github.sarxos.webcam.ds.cgt.WebcamOpenTask - Opening webcam Dummy Webcam 0
[atomic-processor-1] INFO com.github.sarxos.webcam.ds.cgt.WebcamCloseTask - Closing Dummy Webcam 0
WARNING: Camera: Model stopped before executing actions (e.g. producing outputs) scheduled for execution at times [27.216]
JavaScript: Connection failed after 11 tries: Connection refused: localhost/127.0.0.1:8080/nConnection refused
WARNING: TestSpontaneous: Model stopped before executing actions (e.g. producing outputs) scheduled for execution at times [23.0]
WARNING: Invoking send() too late (probably in a callback), so WebSocketServer is not able to send the token {socketID = 0, status = "closed"} to the output connection. Token is discarded.
WARNING: Invoking send() too late (probably in a callback), so WebSocketServer is not able to send the token {socketID = 0, status = "closed"} to the output connection. Token is discarded.
[atomic-processor-1] INFO com.github.sarxos.webcam.ds.cgt.WebcamOpenTask - Opening webcam Dummy Webcam 0
WARNING: Invoking send() too late (probably in a callback), so Camera is not able to send the token {type="class ptolemy.data.AWTImageToken", width="640", height="480"} to the output image. Token is discarded.
[atomic-processor-1] INFO com.github.sarxos.webcam.ds.cgt.WebcamCloseTask - Closing Dummy Webcam 0
WARNING: Camera: Model stopped before executing actions (e.g. producing outputs) scheduled for execution at times [6.996, 10.045, 6.892, 15.871, 20.676000000000002, 23.871000000000002, 16.581, 19.129, 10.756, 18.001, 14.325000000000001, 7.099, 7.809, 18.923000000000002, 23.055, 9.943, 11.676, 19.026, 24.580000000000002, 16.48, 23.769000000000002, 9.233, 20.573, 13.201, 7.2010000000000005, 17.393, 25.607, 19.336000000000002, 23.158, 14.427000000000001, 13.406, 20.985, 8.623000000000001, 20.881, 7.708, 10.147, 25.503, 17.291, 3.972, 21.089000000000002, 8.725, 13.304, 4.075, 15.972000000000001, 20.778000000000002, 11.778, 24.682000000000002, 19.232, 19.439, 4.297000000000001, 23.26, 1.477, 1.373, 15.668000000000001, 7.606, 9.131, 21.400000000000002, 25.296, 6.687, 2.615, 3.8680000000000003, 6.583, 9.841000000000001, 2.7190000000000003, 19.749000000000002, 13.612, 11.879, 18.82, 8.013, 22.852, 25.400000000000002, 16.784, 4.399, 12.59, 9.029, 23.972, 11.065000000000001, 5.647, 22.954, 8.522, 17.596, 24.479, 24.986, 6.789000000000001, 1.891, 12.083, 22.642, 17.494, 12.488000000000001, 13.714, 17.089000000000002, 3.146, 4.921, 12.997, 9.334, 16.175, 2.305, 8.42, 7.9110000000000005, 10.35, 2.201, 11.472, 11.981, 0.929, 6.067, 22.44, 20.163, 22.336000000000002, 10.452, 1.0330000000000001, 1.137, 15.255, 5.5440000000000005, 15.359, 3.456, 9.638, 5.231, 15.046000000000001, 19.956, 16.277, 4.815, 20.060000000000002, 24.175, 1.24, 12.895000000000001, 14.943000000000001, 15.15, 23.464000000000002, 11.370000000000001, 3.3520000000000003, 3.559, 18.513, 7.404, 6.1690000000000005, 16.987000000000002, 5.127, 12.793000000000001, 14.734, 14.838000000000001, 13.919, 3.662, 22.025000000000002, 5.333, 8.115, 4.503, 0.8260000000000001, 14.021, 17.697, 3.766, 8.319, 21.608, 21.712, 15.566, 9.537, 4.606, 21.816000000000003, 24.276, 18.411, 7.3020000000000005, 23.362000000000002, 19.853, 12.184000000000001, 14.631, 22.232, 11.268, 22.751, 0.723, 16.886, 5.436, 12.691, 11.166, 21.505000000000003, 15.463000000000001, 8.217, 21.92, 10.553, 18.308, 22.128, 4.7090000000000005, 19.542, 18.717000000000002, 5.9670000000000005, 18.206, 12.285, 14.529, 0.62, 23.668, 16.378, 13.1, 17.798000000000002, 11.575000000000001, 1.58, 19.646, 21.295, 16.074, 24.378, 10.249, 10.654, 6.48, 2.822, 2.926, 25.089000000000002, 25.193, 24.783, 22.541, 9.435, 13.509, 21.191000000000003, 14.122, 18.104, 4.194, 20.37, 1.788, 3.041, 20.266000000000002, 17.900000000000002, 16.683, 17.19, 15.769, 18.615000000000002, 9.74, 6.272, 14.224, 6.376, 3.249, 5.75, 8.826, 10.858, 7.505, 10.962, 2.408, 5.024, 12.387, 2.512, 5.856, 1.6840000000000002, 23.566000000000003, 24.073, 8.928, 13.817, 20.472, 1.994, 24.885, 2.098]
WARNING: TestSpontaneous: Model stopped before executing actions (e.g. producing outputs) scheduled for execution at times [12.5]
Warning: Running an XSLT 1.0 stylesheet with an XSLT 2.0 processor
Warning: Running an XSLT 1.0 stylesheet with an XSLT 2.0 processor
Warning: Running an XSLT 1.0 stylesheet with an XSLT 2.0 processor
ptolemy.kernel.util.IllegalActionException: Failed to process attribute change to PtalonParameter, whose value is "ptolemy.actor.ptalon.PtalonExpressionParameter {.SendAndReceiveCnt.SendAndReceiveCnt.channelName} "AtomicWirelessChannel"".
  in .SendAndReceiveCnt.SendAndReceiveCnt
Because:
Unable to add actor null
	at ptolemy.actor.ptalon.PtalonActor.attributeChanged(PtalonActor.java:211)
	at ptolemy.actor.ptalon.PtalonMLHandler.startElement(PtalonMLHandler.java:134)
	at com.microstar.xml.XmlParser.parseElement(XmlParser.java:921)
	at com.microstar.xml.XmlParser.parseContent(XmlParser.java:1104)
	at com.microstar.xml.XmlParser.parseElement(XmlParser.java:924)
	at com.microstar.xml.XmlParser.parseDocument(XmlParser.java:481)
	at com.microstar.xml.XmlParser.doParse(XmlParser.java:159)
	at com.microstar.xml.XmlParser.parse(XmlParser.java:132)
	at ptolemy.actor.ptalon.PtalonActor.configure(PtalonActor.java:240)
	at ptolemy.moml.MoMLParser.endElement(MoMLParser.java:996)
	at com.microstar.xml.XmlParser.parseETag(XmlParser.java:1026)
	at com.microstar.xml.XmlParser.parseContent(XmlParser.java:1098)
	at com.microstar.xml.XmlParser.parseElement(XmlParser.java:924)
	at com.microstar.xml.XmlParser.parseContent(XmlParser.java:1104)
	at com.microstar.xml.XmlParser.parseElement(XmlParser.java:924)
	at com.microstar.xml.XmlParser.parseContent(XmlParser.java:1104)
	at com.microstar.xml.XmlParser.parseElement(XmlParser.java:924)
	at com.microstar.xml.XmlParser.parseDocument(XmlParser.java:481)
	at com.microstar.xml.XmlParser.doParse(XmlParser.java:159)
	at com.microstar.xml.XmlParser.parse(XmlParser.java:132)
	at ptolemy.moml.MoMLParser.parse(MoMLParser.java:1676)
	at ptolemy.moml.MoMLParser.parse(MoMLParser.java:1595)
	at ptolemy.moml.MoMLParser.parse(MoMLParser.java:1537)
	at ptolemy.actor.gui.PtolemyEffigy$Factory.createEffigy(PtolemyEffigy.java:424)
	at ptolemy.actor.gui.EffigyFactory.createEffigy(EffigyFactory.java:234)
	at ptolemy.actor.gui.Configuration.openModel(Configuration.java:1125)
	at ptolemy.actor.gui.Configuration.openModel(Configuration.java:1051)
	at ptolemy.actor.gui.ConfigurationApplication._openModel(ConfigurationApplication.java:1252)
	at ptolemy.actor.gui.ConfigurationApplication._parseArg(ConfigurationApplication.java:1399)
	at ptolemy.actor.gui.ConfigurationApplication._parseArgs(ConfigurationApplication.java:1478)
	at ptolemy.actor.gui.ConfigurationApplication.<init>(ConfigurationApplication.java:277)
	at ptolemy.actor.gui.ConfigurationApplication.<init>(ConfigurationApplication.java:214)
	at ptolemy.actor.gui.ConfigurationApplication.<init>(ConfigurationApplication.java:201)
	at ptolemy.actor.gui.ConfigurationApplication.openModelOrEntity(ConfigurationApplication.java:680)
	at ptolemy.vergil.basic.export.ExportModel$1.run(ExportModel.java:220)
	at java.awt.event.InvocationEvent.dispatch(InvocationEvent.java:301)
	at java.awt.EventQueue.dispatchEventImpl(EventQueue.java:756)
	at java.awt.EventQueue.access$500(EventQueue.java:97)
	at java.awt.EventQueue$3.run(EventQueue.java:709)
	at java.awt.EventQueue$3.run(EventQueue.java:703)
	at java.security.AccessController.doPrivileged(Native Method)
	at java.security.ProtectionDomain$JavaSecurityAccessImpl.doIntersectionPrivilege(ProtectionDomain.java:80)
	at java.awt.EventQueue.dispatchEvent(EventQueue.java:726)
	at java.awt.EventDispatchThread.pumpOneEventForFilters(EventDispatchThread.java:201)
	at java.awt.EventDispatchThread.pumpEventsForFilter(EventDispatchThread.java:116)
	at java.awt.EventDispatchThread.pumpEventsForHierarchy(EventDispatchThread.java:105)
	at java.awt.EventDispatchThread.pumpEvents(EventDispatchThread.java:101)
	at java.awt.EventDispatchThread.pumpEvents(EventDispatchThread.java:93)
	at java.awt.EventDispatchThread.run(EventDispatchThread.java:82)
Caused by: ptolemy.actor.ptalon.PtalonRuntimeException: Unable to add actor null
	at ptolemy.actor.ptalon.PtalonEvaluator.addActor(PtalonEvaluator.java:300)
	at ptolemy.actor.ptalon.PtalonPopulator.actor_declaration(PtalonPopulator.java:1574)
	at ptolemy.actor.ptalon.PtalonPopulator.atomic_statement(PtalonPopulator.java:1638)
	at ptolemy.actor.ptalon.PtalonPopulator.iterative_statement_evaluator(PtalonPopulator.java:2484)
	at ptolemy.actor.ptalon.AbstractPtalonEvaluator$IfTree.evaluateForScope(AbstractPtalonEvaluator.java:1307)
	at ptolemy.actor.ptalon.AbstractPtalonEvaluator.evaluateForScope(AbstractPtalonEvaluator.java:744)
	at ptolemy.actor.ptalon.PtalonPopulator.iterative_statement(PtalonPopulator.java:2363)
	at ptolemy.actor.ptalon.PtalonPopulator.actor_definition(PtalonPopulator.java:2809)
	at ptolemy.actor.ptalon.PtalonActor.attributeChanged(PtalonActor.java:206)
	... 48 more
Caused by: ptolemy.kernel.util.InternalErrorException: Element <entity name="sender1" class="ptolemy.actor.ptalon.demo.ptinyos.SendAndReceiveCnt.CntToLedsAndRfm"> caused an exception to be thrown.
  in .SendAndReceiveCnt.SendAndReceiveCnt
Because:
Cannot find class: ptolemy.actor.ptalon.demo.ptinyos.SendAndReceiveCnt.CntToLedsAndRfm. In Ptolemy, classes are typically Java .class files. Entities like actors may instead be defined within a .xml file.  In any case, the class was not found. If the class uses a third party package, then the class would be present only if the third party package was found at compile time.  It may be necessary to upgrade Java or install the third party package, reconfigure and recompile.
Because:
Element <entity name="MicaLeds" class="ptolemy.domains.ptinyos.lib.MicaLeds"> caused an exception to be thrown.
  in .CntToLedsAndRfm
Because:
Cannot find class: ptolemy.domains.ptinyos.lib.MicaLeds. In Ptolemy, classes are typically Java .class files. Entities like actors may instead be defined within a .xml file.  In any case, the class was not found. If the class uses a third party package, then the class would be present only if the third party package was found at compile time.  It may be necessary to upgrade Java or install the third party package, reconfigure and recompile.
Because:
-- /home/travis/build/icyphy/ptII/ptolemy/actor/ptalon/demo/ptinyos/SendAndReceiveCnt/ptolemy/domains/ptinyos/lib/MicaLeds.xml (No such file or directory)
-- XML file not found relative to classpath.
-- /home/travis/build/icyphy/ptII/ptolemy/vergil/basic/export/test/ptolemy/domains/ptinyos/lib/MicaLeds.xml
/home/travis/build/icyphy/ptII/ptolemy/vergil/basic/export/test/ptolemy/domains/ptinyos/lib/MicaLeds.xml (No such file or directory)
 in file:/home/travis/build/icyphy/ptII/ptolemy/actor/ptalon/demo/ptinyos/SendAndReceiveCnt/CntToLedsAndRfm.xml at line 132 and column 63
	at ptolemy.moml.SimpleErrorHandler.handleError(SimpleErrorHandler.java:75)
	at ptolemy.moml.MoMLParser.startElement(MoMLParser.java:3805)
	at com.microstar.xml.XmlParser.parseElement(XmlParser.java:931)
	at com.microstar.xml.XmlParser.parseDocument(XmlParser.java:481)
	at com.microstar.xml.XmlParser.doParse(XmlParser.java:159)
	at com.microstar.xml.XmlParser.parse(XmlParser.java:132)
	at ptolemy.moml.MoMLParser.parse(MoMLParser.java:1660)
	at ptolemy.moml.MoMLParser.parse(MoMLParser.java:1617)
	at ptolemy.moml.MoMLParser.parse(MoMLParser.java:1792)
	at ptolemy.actor.ptalon.PtalonEvaluator.addActor(PtalonEvaluator.java:241)
	... 56 more
Caused by: ptolemy.kernel.util.IllegalActionException: Cannot find class: ptolemy.actor.ptalon.demo.ptinyos.SendAndReceiveCnt.CntToLedsAndRfm. In Ptolemy, classes are typically Java .class files. Entities like actors may instead be defined within a .xml file.  In any case, the class was not found. If the class uses a third party package, then the class would be present only if the third party package was found at compile time.  It may be necessary to upgrade Java or install the third party package, reconfigure and recompile.
Because:
Element <entity name="MicaLeds" class="ptolemy.domains.ptinyos.lib.MicaLeds"> caused an exception to be thrown.
  in .CntToLedsAndRfm
Because:
Cannot find class: ptolemy.domains.ptinyos.lib.MicaLeds. In Ptolemy, classes are typically Java .class files. Entities like actors may instead be defined within a .xml file.  In any case, the class was not found. If the class uses a third party package, then the class would be present only if the third party package was found at compile time.  It may be necessary to upgrade Java or install the third party package, reconfigure and recompile.
Because:
-- /home/travis/build/icyphy/ptII/ptolemy/actor/ptalon/demo/ptinyos/SendAndReceiveCnt/ptolemy/domains/ptinyos/lib/MicaLeds.xml (No such file or directory)
-- XML file not found relative to classpath.
-- /home/travis/build/icyphy/ptII/ptolemy/vergil/basic/export/test/ptolemy/domains/ptinyos/lib/MicaLeds.xml
/home/travis/build/icyphy/ptII/ptolemy/vergil/basic/export/test/ptolemy/domains/ptinyos/lib/MicaLeds.xml (No such file or directory)
 in file:/home/travis/build/icyphy/ptII/ptolemy/actor/ptalon/demo/ptinyos/SendAndReceiveCnt/CntToLedsAndRfm.xml at line 132 and column 63
	at ptolemy.moml.MoMLParser._createEntity(MoMLParser.java:4330)
	at ptolemy.moml.MoMLParser.startElement(MoMLParser.java:2864)
	... 64 more
Caused by: ptolemy.kernel.util.InternalErrorException: Element <entity name="MicaLeds" class="ptolemy.domains.ptinyos.lib.MicaLeds"> caused an exception to be thrown.
  in .CntToLedsAndRfm
Because:
Cannot find class: ptolemy.domains.ptinyos.lib.MicaLeds. In Ptolemy, classes are typically Java .class files. Entities like actors may instead be defined within a .xml file.  In any case, the class was not found. If the class uses a third party package, then the class would be present only if the third party package was found at compile time.  It may be necessary to upgrade Java or install the third party package, reconfigure and recompile.
Because:
-- /home/travis/build/icyphy/ptII/ptolemy/actor/ptalon/demo/ptinyos/SendAndReceiveCnt/ptolemy/domains/ptinyos/lib/MicaLeds.xml (No such file or directory)
-- XML file not found relative to classpath.
-- /home/travis/build/icyphy/ptII/ptolemy/vergil/basic/export/test/ptolemy/domains/ptinyos/lib/MicaLeds.xml
/home/travis/build/icyphy/ptII/ptolemy/vergil/basic/export/test/ptolemy/domains/ptinyos/lib/MicaLeds.xml (No such file or directory)
 in file:/home/travis/build/icyphy/ptII/ptolemy/actor/ptalon/demo/ptinyos/SendAndReceiveCnt/CntToLedsAndRfm.xml at line 132 and column 63
	at ptolemy.moml.SimpleErrorHandler.handleError(SimpleErrorHandler.java:75)
	at ptolemy.moml.MoMLParser.startElement(MoMLParser.java:3805)
	at com.microstar.xml.XmlParser.parseElement(XmlParser.java:921)
	at com.microstar.xml.XmlParser.parseContent(XmlParser.java:1104)
	at com.microstar.xml.XmlParser.parseElement(XmlParser.java:924)
	at com.microstar.xml.XmlParser.parseDocument(XmlParser.java:481)
	at com.microstar.xml.XmlParser.doParse(XmlParser.java:159)
	at com.microstar.xml.XmlParser.parse(XmlParser.java:132)
	at ptolemy.moml.MoMLParser.parse(MoMLParser.java:1676)
	at ptolemy.moml.MoMLParser.parse(MoMLParser.java:1595)
	at ptolemy.moml.MoMLParser.parse(MoMLParser.java:1537)
	at ptolemy.moml.MoMLParser._findOrParse(MoMLParser.java:5286)
	at ptolemy.moml.MoMLParser._attemptToFindMoMLClass(MoMLParser.java:4075)
	at ptolemy.moml.MoMLParser._createEntity(MoMLParser.java:4323)
	... 65 more
Caused by: ptolemy.kernel.util.IllegalActionException: Cannot find class: ptolemy.domains.ptinyos.lib.MicaLeds. In Ptolemy, classes are typically Java .class files. Entities like actors may instead be defined within a .xml file.  In any case, the class was not found. If the class uses a third party package, then the class would be present only if the third party package was found at compile time.  It may be necessary to upgrade Java or install the third party package, reconfigure and recompile.
Because:
-- /home/travis/build/icyphy/ptII/ptolemy/actor/ptalon/demo/ptinyos/SendAndReceiveCnt/ptolemy/domains/ptinyos/lib/MicaLeds.xml (No such file or directory)
-- XML file not found relative to classpath.
-- /home/travis/build/icyphy/ptII/ptolemy/vergil/basic/export/test/ptolemy/domains/ptinyos/lib/MicaLeds.xml
/home/travis/build/icyphy/ptII/ptolemy/vergil/basic/export/test/ptolemy/domains/ptinyos/lib/MicaLeds.xml (No such file or directory)
 in file:/home/travis/build/icyphy/ptII/ptolemy/actor/ptalon/demo/ptinyos/SendAndReceiveCnt/CntToLedsAndRfm.xml at line 132 and column 63
	at ptolemy.moml.MoMLParser._createEntity(MoMLParser.java:4330)
	at ptolemy.moml.MoMLParser.startElement(MoMLParser.java:2864)
	... 77 more
Caused by: com.microstar.xml.XmlException: -- /home/travis/build/icyphy/ptII/ptolemy/actor/ptalon/demo/ptinyos/SendAndReceiveCnt/ptolemy/domains/ptinyos/lib/MicaLeds.xml (No such file or directory)
-- XML file not found relative to classpath.
-- /home/travis/build/icyphy/ptII/ptolemy/vergil/basic/export/test/ptolemy/domains/ptinyos/lib/MicaLeds.xml
/home/travis/build/icyphy/ptII/ptolemy/vergil/basic/export/test/ptolemy/domains/ptinyos/lib/MicaLeds.xml (No such file or directory)
 in file:/home/travis/build/icyphy/ptII/ptolemy/actor/ptalon/demo/ptinyos/SendAndReceiveCnt/CntToLedsAndRfm.xml at line 132 and column 63
	at ptolemy.moml.MoMLParser.fileNameToURL(MoMLParser.java:1414)
	at ptolemy.moml.MoMLParser._findOrParse(MoMLParser.java:5283)
	at ptolemy.moml.MoMLParser._attemptToFindMoMLClass(MoMLParser.java:4075)
	at ptolemy.moml.MoMLParser._createEntity(MoMLParser.java:4323)
	... 78 more
Caused by: ptolemy.actor.ptalon.PtalonRuntimeException: Unable to add actor null
	at ptolemy.actor.ptalon.PtalonEvaluator.addActor(PtalonEvaluator.java:300)
	at ptolemy.actor.ptalon.PtalonPopulator.actor_declaration(PtalonPopulator.java:1574)
	at ptolemy.actor.ptalon.PtalonPopulator.atomic_statement(PtalonPopulator.java:1638)
	at ptolemy.actor.ptalon.PtalonPopulator.iterative_statement_evaluator(PtalonPopulator.java:2484)
	at ptolemy.actor.ptalon.AbstractPtalonEvaluator$IfTree.evaluateForScope(AbstractPtalonEvaluator.java:1307)
	at ptolemy.actor.ptalon.AbstractPtalonEvaluator.evaluateForScope(AbstractPtalonEvaluator.java:744)
	at ptolemy.actor.ptalon.PtalonPopulator.iterative_statement(PtalonPopulator.java:2363)
	at ptolemy.actor.ptalon.PtalonPopulator.actor_definition(PtalonPopulator.java:2809)
	at ptolemy.actor.ptalon.PtalonActor.attributeChanged(PtalonActor.java:206)
	at ptolemy.actor.ptalon.PtalonMLHandler.startElement(PtalonMLHandler.java:134)
	at com.microstar.xml.XmlParser.parseElement(XmlParser.java:921)
	at com.microstar.xml.XmlParser.parseContent(XmlParser.java:1104)
	at com.microstar.xml.XmlParser.parseElement(XmlParser.java:924)
	at com.microstar.xml.XmlParser.parseDocument(XmlParser.java:481)
	at com.microstar.xml.XmlParser.doParse(XmlParser.java:159)
	at com.microstar.xml.XmlParser.parse(XmlParser.java:132)
	at ptolemy.actor.ptalon.PtalonActor.configure(PtalonActor.java:240)
	at ptolemy.moml.MoMLParser.endElement(MoMLParser.java:996)
	at com.microstar.xml.XmlParser.parseETag(XmlParser.java:1026)
	at com.microstar.xml.XmlParser.parseContent(XmlParser.java:1098)
	at com.microstar.xml.XmlParser.parseElement(XmlParser.java:924)
	at com.microstar.xml.XmlParser.parseContent(XmlParser.java:1104)
	at com.microstar.xml.XmlParser.parseElement(XmlParser.java:924)
	at com.microstar.xml.XmlParser.parseContent(XmlParser.java:1104)
	at com.microstar.xml.XmlParser.parseElement(XmlParser.java:924)
	at com.microstar.xml.XmlParser.parseDocument(XmlParser.java:481)
	at com.microstar.xml.XmlParser.doParse(XmlParser.java:159)
	at com.microstar.xml.XmlParser.parse(XmlParser.java:132)
	at ptolemy.moml.MoMLParser.parse(MoMLParser.java:1676)
	at ptolemy.moml.MoMLParser.parse(MoMLParser.java:1595)
	at ptolemy.moml.MoMLParser.parse(MoMLParser.java:1537)
	at ptolemy.actor.gui.PtolemyEffigy$Factory.createEffigy(PtolemyEffigy.java:424)
	at ptolemy.actor.gui.EffigyFactory.createEffigy(EffigyFactory.java:234)
	at ptolemy.actor.gui.Configuration.openModel(Configuration.java:1125)
	at ptolemy.actor.gui.Configuration.openModel(Configuration.java:1051)
	at ptolemy.actor.gui.ConfigurationApplication._openModel(ConfigurationApplication.java:1252)
	at ptolemy.actor.gui.ConfigurationApplication._parseArg(ConfigurationApplication.java:1399)
	at ptolemy.actor.gui.ConfigurationApplication._parseArgs(ConfigurationApplication.java:1478)
	at ptolemy.actor.gui.ConfigurationApplication.<init>(ConfigurationApplication.java:277)
	at ptolemy.actor.gui.ConfigurationApplication.<init>(ConfigurationApplication.java:214)
	at ptolemy.actor.gui.ConfigurationApplication.<init>(ConfigurationApplication.java:201)
	at ptolemy.actor.gui.ConfigurationApplication.openModelOrEntity(ConfigurationApplication.java:680)
	at ptolemy.vergil.basic.export.ExportModel$1.run(ExportModel.java:220)
	at java.awt.event.InvocationEvent.dispatch(InvocationEvent.java:301)
	at java.awt.EventQueue.dispatchEventImpl(EventQueue.java:756)
	at java.awt.EventQueue.access$500(EventQueue.java:97)
	at java.awt.EventQueue$3.run(EventQueue.java:709)
	at java.awt.EventQueue$3.run(EventQueue.java:703)
	at java.security.AccessController.doPrivileged(Native Method)
	at java.security.ProtectionDomain$JavaSecurityAccessImpl.doIntersectionPrivilege(ProtectionDomain.java:80)
	at java.awt.EventQueue.dispatchEvent(EventQueue.java:726)
	at java.awt.EventDispatchThread.pumpOneEventForFilters(EventDispatchThread.java:201)
	at java.awt.EventDispatchThread.pumpEventsForFilter(EventDispatchThread.java:116)
	at java.awt.EventDispatchThread.pumpEventsForHierarchy(EventDispatchThread.java:105)
	at java.awt.EventDispatchThread.pumpEvents(EventDispatchThread.java:101)
	at java.awt.EventDispatchThread.pumpEvents(EventDispatchThread.java:93)
	at java.awt.EventDispatchThread.run(EventDispatchThread.java:82)
Caused by: ptolemy.kernel.util.InternalErrorException: Element <entity name="sender1" class="ptolemy.actor.ptalon.demo.ptinyos.SendAndReceiveCnt.CntToLedsAndRfm"> caused an exception to be thrown.
  in .SendAndReceiveCnt.SendAndReceiveCnt
Because:
Cannot find class: ptolemy.actor.ptalon.demo.ptinyos.SendAndReceiveCnt.CntToLedsAndRfm. In Ptolemy, classes are typically Java .class files. Entities like actors may instead be defined within a .xml file.  In any case, the class was not found. If the class uses a third party package, then the class would be present only if the third party package was found at compile time.  It may be necessary to upgrade Java or install the third party package, reconfigure and recompile.
Because:
Element <entity name="MicaLeds" class="ptolemy.domains.ptinyos.lib.MicaLeds"> caused an exception to be thrown.
  in .CntToLedsAndRfm
Because:
Cannot find class: ptolemy.domains.ptinyos.lib.MicaLeds. In Ptolemy, classes are typically Java .class files. Entities like actors may instead be defined within a .xml file.  In any case, the class was not found. If the class uses a third party package, then the class would be present only if the third party package was found at compile time.  It may be necessary to upgrade Java or install the third party package, reconfigure and recompile.
Because:
-- /home/travis/build/icyphy/ptII/ptolemy/actor/ptalon/demo/ptinyos/SendAndReceiveCnt/ptolemy/domains/ptinyos/lib/MicaLeds.xml (No such file or directory)
-- XML file not found relative to classpath.
-- /home/travis/build/icyphy/ptII/ptolemy/vergil/basic/export/test/ptolemy/domains/ptinyos/lib/MicaLeds.xml
/home/travis/build/icyphy/ptII/ptolemy/vergil/basic/export/test/ptolemy/domains/ptinyos/lib/MicaLeds.xml (No such file or directory)
 in file:/home/travis/build/icyphy/ptII/ptolemy/actor/ptalon/demo/ptinyos/SendAndReceiveCnt/CntToLedsAndRfm.xml at line 132 and column 63
	at ptolemy.moml.SimpleErrorHandler.handleError(SimpleErrorHandler.java:75)
	at ptolemy.moml.MoMLParser.startElement(MoMLParser.java:3805)
	at com.microstar.xml.XmlParser.parseElement(XmlParser.java:931)
	at com.microstar.xml.XmlParser.parseDocument(XmlParser.java:481)
	at com.microstar.xml.XmlParser.doParse(XmlParser.java:159)
	at com.microstar.xml.XmlParser.parse(XmlParser.java:132)
	at ptolemy.moml.MoMLParser.parse(MoMLParser.java:1660)
	at ptolemy.moml.MoMLParser.parse(MoMLParser.java:1617)
	at ptolemy.moml.MoMLParser.parse(MoMLParser.java:1792)
	at ptolemy.actor.ptalon.PtalonEvaluator.addActor(PtalonEvaluator.java:241)
	... 56 more
Caused by: ptolemy.kernel.util.IllegalActionException: Cannot find class: ptolemy.actor.ptalon.demo.ptinyos.SendAndReceiveCnt.CntToLedsAndRfm. In Ptolemy, classes are typically Java .class files. Entities like actors may instead be defined within a .xml file.  In any case, the class was not found. If the class uses a third party package, then the class would be present only if the third party package was found at compile time.  It may be necessary to upgrade Java or install the third party package, reconfigure and recompile.
Because:
Element <entity name="MicaLeds" class="ptolemy.domains.ptinyos.lib.MicaLeds"> caused an exception to be thrown.
  in .CntToLedsAndRfm
Because:
Cannot find class: ptolemy.domains.ptinyos.lib.MicaLeds. In Ptolemy, classes are typically Java .class files. Entities like actors may instead be defined within a .xml file.  In any case, the class was not found. If the class uses a third party package, then the class would be present only if the third party package was found at compile time.  It may be necessary to upgrade Java or install the third party package, reconfigure and recompile.
Because:
-- /home/travis/build/icyphy/ptII/ptolemy/actor/ptalon/demo/ptinyos/SendAndReceiveCnt/ptolemy/domains/ptinyos/lib/MicaLeds.xml (No such file or directory)
-- XML file not found relative to classpath.
-- /home/travis/build/icyphy/ptII/ptolemy/vergil/basic/export/test/ptolemy/domains/ptinyos/lib/MicaLeds.xml
/home/travis/build/icyphy/ptII/ptolemy/vergil/basic/export/test/ptolemy/domains/ptinyos/lib/MicaLeds.xml (No such file or directory)
 in file:/home/travis/build/icyphy/ptII/ptolemy/actor/ptalon/demo/ptinyos/SendAndReceiveCnt/CntToLedsAndRfm.xml at line 132 and column 63
	at ptolemy.moml.MoMLParser._createEntity(MoMLParser.java:4330)
	at ptolemy.moml.MoMLParser.startElement(MoMLParser.java:2864)
	... 64 more
Caused by: ptolemy.kernel.util.InternalErrorException: Element <entity name="MicaLeds" class="ptolemy.domains.ptinyos.lib.MicaLeds"> caused an exception to be thrown.
  in .CntToLedsAndRfm
Because:
Cannot find class: ptolemy.domains.ptinyos.lib.MicaLeds. In Ptolemy, classes are typically Java .class files. Entities like actors may instead be defined within a .xml file.  In any case, the class was not found. If the class uses a third party package, then the class would be present only if the third party package was found at compile time.  It may be necessary to upgrade Java or install the third party package, reconfigure and recompile.
Because:
-- /home/travis/build/icyphy/ptII/ptolemy/actor/ptalon/demo/ptinyos/SendAndReceiveCnt/ptolemy/domains/ptinyos/lib/MicaLeds.xml (No such file or directory)
-- XML file not found relative to classpath.
-- /home/travis/build/icyphy/ptII/ptolemy/vergil/basic/export/test/ptolemy/domains/ptinyos/lib/MicaLeds.xml
/home/travis/build/icyphy/ptII/ptolemy/vergil/basic/export/test/ptolemy/domains/ptinyos/lib/MicaLeds.xml (No such file or directory)
 in file:/home/travis/build/icyphy/ptII/ptolemy/actor/ptalon/demo/ptinyos/SendAndReceiveCnt/CntToLedsAndRfm.xml at line 132 and column 63
	at ptolemy.moml.SimpleErrorHandler.handleError(SimpleErrorHandler.java:75)
	at ptolemy.moml.MoMLParser.startElement(MoMLParser.java:3805)
	at com.microstar.xml.XmlParser.parseElement(XmlParser.java:921)
	at com.microstar.xml.XmlParser.parseContent(XmlParser.java:1104)
	at com.microstar.xml.XmlParser.parseElement(XmlParser.java:924)
	at com.microstar.xml.XmlParser.parseDocument(XmlParser.java:481)
	at com.microstar.xml.XmlParser.doParse(XmlParser.java:159)
	at com.microstar.xml.XmlParser.parse(XmlParser.java:132)
	at ptolemy.moml.MoMLParser.parse(MoMLParser.java:1676)
	at ptolemy.moml.MoMLParser.parse(MoMLParser.java:1595)
	at ptolemy.moml.MoMLParser.parse(MoMLParser.java:1537)
	at ptolemy.moml.MoMLParser._findOrParse(MoMLParser.java:5286)
	at ptolemy.moml.MoMLParser._attemptToFindMoMLClass(MoMLParser.java:4075)
	at ptolemy.moml.MoMLParser._createEntity(MoMLParser.java:4323)
	... 65 more
Caused by: ptolemy.kernel.util.IllegalActionException: Cannot find class: ptolemy.domains.ptinyos.lib.MicaLeds. In Ptolemy, classes are typically Java .class files. Entities like actors may instead be defined within a .xml file.  In any case, the class was not found. If the class uses a third party package, then the class would be present only if the third party package was found at compile time.  It may be necessary to upgrade Java or install the third party package, reconfigure and recompile.
Because:
-- /home/travis/build/icyphy/ptII/ptolemy/actor/ptalon/demo/ptinyos/SendAndReceiveCnt/ptolemy/domains/ptinyos/lib/MicaLeds.xml (No such file or directory)
-- XML file not found relative to classpath.
-- /home/travis/build/icyphy/ptII/ptolemy/vergil/basic/export/test/ptolemy/domains/ptinyos/lib/MicaLeds.xml
/home/travis/build/icyphy/ptII/ptolemy/vergil/basic/export/test/ptolemy/domains/ptinyos/lib/MicaLeds.xml (No such file or directory)
 in file:/home/travis/build/icyphy/ptII/ptolemy/actor/ptalon/demo/ptinyos/SendAndReceiveCnt/CntToLedsAndRfm.xml at line 132 and column 63
	at ptolemy.moml.MoMLParser._createEntity(MoMLParser.java:4330)
	at ptolemy.moml.MoMLParser.startElement(MoMLParser.java:2864)
	... 77 more
Caused by: com.microstar.xml.XmlException: -- /home/travis/build/icyphy/ptII/ptolemy/actor/ptalon/demo/ptinyos/SendAndReceiveCnt/ptolemy/domains/ptinyos/lib/MicaLeds.xml (No such file or directory)
-- XML file not found relative to classpath.
-- /home/travis/build/icyphy/ptII/ptolemy/vergil/basic/export/test/ptolemy/domains/ptinyos/lib/MicaLeds.xml
/home/travis/build/icyphy/ptII/ptolemy/vergil/basic/export/test/ptolemy/domains/ptinyos/lib/MicaLeds.xml (No such file or directory)
 in file:/home/travis/build/icyphy/ptII/ptolemy/actor/ptalon/demo/ptinyos/SendAndReceiveCnt/CntToLedsAndRfm.xml at line 132 and column 63
	at ptolemy.moml.MoMLParser.fileNameToURL(MoMLParser.java:1414)
	at ptolemy.moml.MoMLParser._findOrParse(MoMLParser.java:5283)
	at ptolemy.moml.MoMLParser._attemptToFindMoMLClass(MoMLParser.java:4075)
	at ptolemy.moml.MoMLParser._createEntity(MoMLParser.java:4323)
	... 78 more
Failed to read file:/home/travis/build/icyphy/ptII/ptolemy/actor/ptalon/demo/ptinyos/SendAndReceiveCnt/SendAndReceiveCnt.xml
ptolemy.kernel.util.IllegalActionException: Failed to process attribute change to PtalonParameter, whose value is "ptolemy.actor.ptalon.PtalonExpressionParameter {.SendAndReceiveCnt.SendAndReceiveCnt.channelName} "AtomicWirelessChannel"".
  in .SendAndReceiveCnt.SendAndReceiveCnt
Because:
Unable to add actor null
	at ptolemy.actor.ptalon.PtalonActor.attributeChanged(PtalonActor.java:211)
	at ptolemy.actor.ptalon.PtalonMLHandler.startElement(PtalonMLHandler.java:134)
	at com.microstar.xml.XmlParser.parseElement(XmlParser.java:921)
	at com.microstar.xml.XmlParser.parseContent(XmlParser.java:1104)
	at com.microstar.xml.XmlParser.parseElement(XmlParser.java:924)
	at com.microstar.xml.XmlParser.parseDocument(XmlParser.java:481)
	at com.microstar.xml.XmlParser.doParse(XmlParser.java:159)
	at com.microstar.xml.XmlParser.parse(XmlParser.java:132)
	at ptolemy.actor.ptalon.PtalonActor.configure(PtalonActor.java:240)
	at ptolemy.moml.MoMLParser.endElement(MoMLParser.java:996)
	at com.microstar.xml.XmlParser.parseETag(XmlParser.java:1026)
	at com.microstar.xml.XmlParser.parseContent(XmlParser.java:1098)
	at com.microstar.xml.XmlParser.parseElement(XmlParser.java:924)
	at com.microstar.xml.XmlParser.parseContent(XmlParser.java:1104)
	at com.microstar.xml.XmlParser.parseElement(XmlParser.java:924)
	at com.microstar.xml.XmlParser.parseContent(XmlParser.java:1104)
	at com.microstar.xml.XmlParser.parseElement(XmlParser.java:924)
	at com.microstar.xml.XmlParser.parseDocument(XmlParser.java:481)
	at com.microstar.xml.XmlParser.doParse(XmlParser.java:159)
	at com.microstar.xml.XmlParser.parse(XmlParser.java:132)
	at ptolemy.moml.MoMLParser.parse(MoMLParser.java:1676)
	at ptolemy.moml.MoMLParser.parse(MoMLParser.java:1595)
	at ptolemy.moml.MoMLParser.parse(MoMLParser.java:1537)
	at ptolemy.actor.gui.PtolemyEffigy$Factory.createEffigy(PtolemyEffigy.java:424)
	at ptolemy.actor.gui.EffigyFactory.createEffigy(EffigyFactory.java:234)
	at ptolemy.actor.gui.Configuration.openModel(Configuration.java:1125)
	at ptolemy.actor.gui.Configuration.openModel(Configuration.java:1051)
	at ptolemy.actor.gui.ConfigurationApplication._openModel(ConfigurationApplication.java:1252)
	at ptolemy.actor.gui.ConfigurationApplication._parseArg(ConfigurationApplication.java:1399)
	at ptolemy.actor.gui.ConfigurationApplication._parseArgs(ConfigurationApplication.java:1478)
	at ptolemy.actor.gui.ConfigurationApplication.<init>(ConfigurationApplication.java:277)
	at ptolemy.actor.gui.ConfigurationApplication.<init>(ConfigurationApplication.java:214)
	at ptolemy.actor.gui.ConfigurationApplication.<init>(ConfigurationApplication.java:201)
	at ptolemy.actor.gui.ConfigurationApplication.openModelOrEntity(ConfigurationApplication.java:680)
	at ptolemy.vergil.basic.export.ExportModel$1.run(ExportModel.java:220)
	at java.awt.event.InvocationEvent.dispatch(InvocationEvent.java:301)
	at java.awt.EventQueue.dispatchEventImpl(EventQueue.java:756)
	at java.awt.EventQueue.access$500(EventQueue.java:97)
	at java.awt.EventQueue$3.run(EventQueue.java:709)
	at java.awt.EventQueue$3.run(EventQueue.java:703)
	at java.security.AccessController.doPrivileged(Native Method)
	at java.security.ProtectionDomain$JavaSecurityAccessImpl.doIntersectionPrivilege(ProtectionDomain.java:80)
	at java.awt.EventQueue.dispatchEvent(EventQueue.java:726)
	at java.awt.EventDispatchThread.pumpOneEventForFilters(EventDispatchThread.java:201)
	at java.awt.EventDispatchThread.pumpEventsForFilter(EventDispatchThread.java:116)
	at java.awt.EventDispatchThread.pumpEventsForHierarchy(EventDispatchThread.java:105)
	at java.awt.EventDispatchThread.pumpEvents(EventDispatchThread.java:101)
	at java.awt.EventDispatchThread.pumpEvents(EventDispatchThread.java:93)
	at java.awt.EventDispatchThread.run(EventDispatchThread.java:82)
Caused by: ptolemy.actor.ptalon.PtalonRuntimeException: Unable to add actor null
	at ptolemy.actor.ptalon.PtalonEvaluator.addActor(PtalonEvaluator.java:300)
	at ptolemy.actor.ptalon.PtalonPopulator.actor_declaration(PtalonPopulator.java:1574)
	at ptolemy.actor.ptalon.PtalonPopulator.atomic_statement(PtalonPopulator.java:1638)
	at ptolemy.actor.ptalon.PtalonPopulator.iterative_statement_evaluator(PtalonPopulator.java:2484)
	at ptolemy.actor.ptalon.AbstractPtalonEvaluator$IfTree.evaluateForScope(AbstractPtalonEvaluator.java:1307)
	at ptolemy.actor.ptalon.AbstractPtalonEvaluator.evaluateForScope(AbstractPtalonEvaluator.java:744)
	at ptolemy.actor.ptalon.PtalonPopulator.iterative_statement(PtalonPopulator.java:2363)
	at ptolemy.actor.ptalon.PtalonPopulator.actor_definition(PtalonPopulator.java:2809)
	at ptolemy.actor.ptalon.PtalonActor.attributeChanged(PtalonActor.java:206)
	... 48 more
Caused by: ptolemy.kernel.util.InternalErrorException: Element <entity name="sender1" class="ptolemy.actor.ptalon.demo.ptinyos.SendAndReceiveCnt.CntToLedsAndRfm"> caused an exception to be thrown.
  in .SendAndReceiveCnt.SendAndReceiveCnt
Because:
Cannot find class: ptolemy.actor.ptalon.demo.ptinyos.SendAndReceiveCnt.CntToLedsAndRfm. In Ptolemy, classes are typically Java .class files. Entities like actors may instead be defined within a .xml file.  In any case, the class was not found. If the class uses a third party package, then the class would be present only if the third party package was found at compile time.  It may be necessary to upgrade Java or install the third party package, reconfigure and recompile.
Because:
Element <entity name="MicaLeds" class="ptolemy.domains.ptinyos.lib.MicaLeds"> caused an exception to be thrown.
  in .CntToLedsAndRfm
Because:
Cannot find class: ptolemy.domains.ptinyos.lib.MicaLeds. In Ptolemy, classes are typically Java .class files. Entities like actors may instead be defined within a .xml file.  In any case, the class was not found. If the class uses a third party package, then the class would be present only if the third party package was found at compile time.  It may be necessary to upgrade Java or install the third party package, reconfigure and recompile.
Because:
-- /home/travis/build/icyphy/ptII/ptolemy/actor/ptalon/demo/ptinyos/SendAndReceiveCnt/ptolemy/domains/ptinyos/lib/MicaLeds.xml (No such file or directory)
-- XML file not found relative to classpath.
-- /home/travis/build/icyphy/ptII/ptolemy/vergil/basic/export/test/ptolemy/domains/ptinyos/lib/MicaLeds.xml
/home/travis/build/icyphy/ptII/ptolemy/vergil/basic/export/test/ptolemy/domains/ptinyos/lib/MicaLeds.xml (No such file or directory)
 in file:/home/travis/build/icyphy/ptII/ptolemy/actor/ptalon/demo/ptinyos/SendAndReceiveCnt/CntToLedsAndRfm.xml at line 132 and column 63
	at ptolemy.moml.SimpleErrorHandler.handleError(SimpleErrorHandler.java:75)
	at ptolemy.moml.MoMLParser.startElement(MoMLParser.java:3805)
	at com.microstar.xml.XmlParser.parseElement(XmlParser.java:931)
	at com.microstar.xml.XmlParser.parseDocument(XmlParser.java:481)
	at com.microstar.xml.XmlParser.doParse(XmlParser.java:159)
	at com.microstar.xml.XmlParser.parse(XmlParser.java:132)
	at ptolemy.moml.MoMLParser.parse(MoMLParser.java:1660)
	at ptolemy.moml.MoMLParser.parse(MoMLParser.java:1617)
	at ptolemy.moml.MoMLParser.parse(MoMLParser.java:1792)
	at ptolemy.actor.ptalon.PtalonEvaluator.addActor(PtalonEvaluator.java:241)
	... 56 more
Caused by: ptolemy.kernel.util.IllegalActionException: Cannot find class: ptolemy.actor.ptalon.demo.ptinyos.SendAndReceiveCnt.CntToLedsAndRfm. In Ptolemy, classes are typically Java .class files. Entities like actors may instead be defined within a .xml file.  In any case, the class was not found. If the class uses a third party package, then the class would be present only if the third party package was found at compile time.  It may be necessary to upgrade Java or install the third party package, reconfigure and recompile.
Because:
Element <entity name="MicaLeds" class="ptolemy.domains.ptinyos.lib.MicaLeds"> caused an exception to be thrown.
  in .CntToLedsAndRfm
Because:
Cannot find class: ptolemy.domains.ptinyos.lib.MicaLeds. In Ptolemy, classes are typically Java .class files. Entities like actors may instead be defined within a .xml file.  In any case, the class was not found. If the class uses a third party package, then the class would be present only if the third party package was found at compile time.  It may be necessary to upgrade Java or install the third party package, reconfigure and recompile.
Because:
-- /home/travis/build/icyphy/ptII/ptolemy/actor/ptalon/demo/ptinyos/SendAndReceiveCnt/ptolemy/domains/ptinyos/lib/MicaLeds.xml (No such file or directory)
-- XML file not found relative to classpath.
-- /home/travis/build/icyphy/ptII/ptolemy/vergil/basic/export/test/ptolemy/domains/ptinyos/lib/MicaLeds.xml
/home/travis/build/icyphy/ptII/ptolemy/vergil/basic/export/test/ptolemy/domains/ptinyos/lib/MicaLeds.xml (No such file or directory)
 in file:/home/travis/build/icyphy/ptII/ptolemy/actor/ptalon/demo/ptinyos/SendAndReceiveCnt/CntToLedsAndRfm.xml at line 132 and column 63
	at ptolemy.moml.MoMLParser._createEntity(MoMLParser.java:4330)
	at ptolemy.moml.MoMLParser.startElement(MoMLParser.java:2864)
	... 64 more
Caused by: ptolemy.kernel.util.InternalErrorException: Element <entity name="MicaLeds" class="ptolemy.domains.ptinyos.lib.MicaLeds"> caused an exception to be thrown.
  in .CntToLedsAndRfm
Because:
Cannot find class: ptolemy.domains.ptinyos.lib.MicaLeds. In Ptolemy, classes are typically Java .class files. Entities like actors may instead be defined within a .xml file.  In any case, the class was not found. If the class uses a third party package, then the class would be present only if the third party package was found at compile time.  It may be necessary to upgrade Java or install the third party package, reconfigure and recompile.
Because:
-- /home/travis/build/icyphy/ptII/ptolemy/actor/ptalon/demo/ptinyos/SendAndReceiveCnt/ptolemy/domains/ptinyos/lib/MicaLeds.xml (No such file or directory)
-- XML file not found relative to classpath.
-- /home/travis/build/icyphy/ptII/ptolemy/vergil/basic/export/test/ptolemy/domains/ptinyos/lib/MicaLeds.xml
/home/travis/build/icyphy/ptII/ptolemy/vergil/basic/export/test/ptolemy/domains/ptinyos/lib/MicaLeds.xml (No such file or directory)
 in file:/home/travis/build/icyphy/ptII/ptolemy/actor/ptalon/demo/ptinyos/SendAndReceiveCnt/CntToLedsAndRfm.xml at line 132 and column 63
	at ptolemy.moml.SimpleErrorHandler.handleError(SimpleErrorHandler.java:75)
	at ptolemy.moml.MoMLParser.startElement(MoMLParser.java:3805)
	at com.microstar.xml.XmlParser.parseElement(XmlParser.java:921)
	at com.microstar.xml.XmlParser.parseContent(XmlParser.java:1104)
	at com.microstar.xml.XmlParser.parseElement(XmlParser.java:924)
	at com.microstar.xml.XmlParser.parseDocument(XmlParser.java:481)
	at com.microstar.xml.XmlParser.doParse(XmlParser.java:159)
	at com.microstar.xml.XmlParser.parse(XmlParser.java:132)
	at ptolemy.moml.MoMLParser.parse(MoMLParser.java:1676)
	at ptolemy.moml.MoMLParser.parse(MoMLParser.java:1595)
	at ptolemy.moml.MoMLParser.parse(MoMLParser.java:1537)
	at ptolemy.moml.MoMLParser._findOrParse(MoMLParser.java:5286)
	at ptolemy.moml.MoMLParser._attemptToFindMoMLClass(MoMLParser.java:4075)
	at ptolemy.moml.MoMLParser._createEntity(MoMLParser.java:4323)
	... 65 more
Caused by: ptolemy.kernel.util.IllegalActionException: Cannot find class: ptolemy.domains.ptinyos.lib.MicaLeds. In Ptolemy, classes are typically Java .class files. Entities like actors may instead be defined within a .xml file.  In any case, the class was not found. If the class uses a third party package, then the class would be present only if the third party package was found at compile time.  It may be necessary to upgrade Java or install the third party package, reconfigure and recompile.
Because:
-- /home/travis/build/icyphy/ptII/ptolemy/actor/ptalon/demo/ptinyos/SendAndReceiveCnt/ptolemy/domains/ptinyos/lib/MicaLeds.xml (No such file or directory)
-- XML file not found relative to classpath.
-- /home/travis/build/icyphy/ptII/ptolemy/vergil/basic/export/test/ptolemy/domains/ptinyos/lib/MicaLeds.xml
/home/travis/build/icyphy/ptII/ptolemy/vergil/basic/export/test/ptolemy/domains/ptinyos/lib/MicaLeds.xml (No such file or directory)
 in file:/home/travis/build/icyphy/ptII/ptolemy/actor/ptalon/demo/ptinyos/SendAndReceiveCnt/CntToLedsAndRfm.xml at line 132 and column 63
	at ptolemy.moml.MoMLParser._createEntity(MoMLParser.java:4330)
	at ptolemy.moml.MoMLParser.startElement(MoMLParser.java:2864)
	... 77 more
Caused by: com.microstar.xml.XmlException: -- /home/travis/build/icyphy/ptII/ptolemy/actor/ptalon/demo/ptinyos/SendAndReceiveCnt/ptolemy/domains/ptinyos/lib/MicaLeds.xml (No such file or directory)
-- XML file not found relative to classpath.
-- /home/travis/build/icyphy/ptII/ptolemy/vergil/basic/export/test/ptolemy/domains/ptinyos/lib/MicaLeds.xml
/home/travis/build/icyphy/ptII/ptolemy/vergil/basic/export/test/ptolemy/domains/ptinyos/lib/MicaLeds.xml (No such file or directory)
 in file:/home/travis/build/icyphy/ptII/ptolemy/actor/ptalon/demo/ptinyos/SendAndReceiveCnt/CntToLedsAndRfm.xml at line 132 and column 63
	at ptolemy.moml.MoMLParser.fileNameToURL(MoMLParser.java:1414)
	at ptolemy.moml.MoMLParser._findOrParse(MoMLParser.java:5283)
	at ptolemy.moml.MoMLParser._attemptToFindMoMLClass(MoMLParser.java:4075)
	at ptolemy.moml.MoMLParser._createEntity(MoMLParser.java:4323)
	... 78 more
Caused by: ptolemy.actor.ptalon.PtalonRuntimeException: Unable to add actor null
	at ptolemy.actor.ptalon.PtalonEvaluator.addActor(PtalonEvaluator.java:300)
	at ptolemy.actor.ptalon.PtalonPopulator.actor_declaration(PtalonPopulator.java:1574)
	at ptolemy.actor.ptalon.PtalonPopulator.atomic_statement(PtalonPopulator.java:1638)
	at ptolemy.actor.ptalon.PtalonPopulator.iterative_statement_evaluator(PtalonPopulator.java:2484)
	at ptolemy.actor.ptalon.AbstractPtalonEvaluator$IfTree.evaluateForScope(AbstractPtalonEvaluator.java:1307)
	at ptolemy.actor.ptalon.AbstractPtalonEvaluator.evaluateForScope(AbstractPtalonEvaluator.java:744)
	at ptolemy.actor.ptalon.PtalonPopulator.iterative_statement(PtalonPopulator.java:2363)
	at ptolemy.actor.ptalon.PtalonPopulator.actor_definition(PtalonPopulator.java:2809)
	at ptolemy.actor.ptalon.PtalonActor.attributeChanged(PtalonActor.java:206)
	at ptolemy.actor.ptalon.PtalonMLHandler.startElement(PtalonMLHandler.java:134)
	at com.microstar.xml.XmlParser.parseElement(XmlParser.java:921)
	at com.microstar.xml.XmlParser.parseContent(XmlParser.java:1104)
	at com.microstar.xml.XmlParser.parseElement(XmlParser.java:924)
	at com.microstar.xml.XmlParser.parseDocument(XmlParser.java:481)
	at com.microstar.xml.XmlParser.doParse(XmlParser.java:159)
	at com.microstar.xml.XmlParser.parse(XmlParser.java:132)
	at ptolemy.actor.ptalon.PtalonActor.configure(PtalonActor.java:240)
	at ptolemy.moml.MoMLParser.endElement(MoMLParser.java:996)
	at com.microstar.xml.XmlParser.parseETag(XmlParser.java:1026)
	at com.microstar.xml.XmlParser.parseContent(XmlParser.java:1098)
	at com.microstar.xml.XmlParser.parseElement(XmlParser.java:924)
	at com.microstar.xml.XmlParser.parseContent(XmlParser.java:1104)
	at com.microstar.xml.XmlParser.parseElement(XmlParser.java:924)
	at com.microstar.xml.XmlParser.parseContent(XmlParser.java:1104)
	at com.microstar.xml.XmlParser.parseElement(XmlParser.java:924)
	at com.microstar.xml.XmlParser.parseDocument(XmlParser.java:481)
	at com.microstar.xml.XmlParser.doParse(XmlParser.java:159)
	at com.microstar.xml.XmlParser.parse(XmlParser.java:132)
	at ptolemy.moml.MoMLParser.parse(MoMLParser.java:1676)
	at ptolemy.moml.MoMLParser.parse(MoMLParser.java:1595)
	at ptolemy.moml.MoMLParser.parse(MoMLParser.java:1537)
	at ptolemy.actor.gui.PtolemyEffigy$Factory.createEffigy(PtolemyEffigy.java:424)
	at ptolemy.actor.gui.EffigyFactory.createEffigy(EffigyFactory.java:234)
	at ptolemy.actor.gui.Configuration.openModel(Configuration.java:1125)
	at ptolemy.actor.gui.Configuration.openModel(Configuration.java:1051)
	at ptolemy.actor.gui.ConfigurationApplication._openModel(ConfigurationApplication.java:1252)
	at ptolemy.actor.gui.ConfigurationApplication._parseArg(ConfigurationApplication.java:1399)
	at ptolemy.actor.gui.ConfigurationApplication._parseArgs(ConfigurationApplication.java:1478)
	at ptolemy.actor.gui.ConfigurationApplication.<init>(ConfigurationApplication.java:277)
	at ptolemy.actor.gui.ConfigurationApplication.<init>(ConfigurationApplication.java:214)
	at ptolemy.actor.gui.ConfigurationApplication.<init>(ConfigurationApplication.java:201)
	at ptolemy.actor.gui.ConfigurationApplication.openModelOrEntity(ConfigurationApplication.java:680)
	at ptolemy.vergil.basic.export.ExportModel$1.run(ExportModel.java:220)
	at java.awt.event.InvocationEvent.dispatch(InvocationEvent.java:301)
	at java.awt.EventQueue.dispatchEventImpl(EventQueue.java:756)
	at java.awt.EventQueue.access$500(EventQueue.java:97)
	at java.awt.EventQueue$3.run(EventQueue.java:709)
	at java.awt.EventQueue$3.run(EventQueue.java:703)
	at java.security.AccessController.doPrivileged(Native Method)
	at java.security.ProtectionDomain$JavaSecurityAccessImpl.doIntersectionPrivilege(ProtectionDomain.java:80)
	at java.awt.EventQueue.dispatchEvent(EventQueue.java:726)
	at java.awt.EventDispatchThread.pumpOneEventForFilters(EventDispatchThread.java:201)
	at java.awt.EventDispatchThread.pumpEventsForFilter(EventDispatchThread.java:116)
	at java.awt.EventDispatchThread.pumpEventsForHierarchy(EventDispatchThread.java:105)
	at java.awt.EventDispatchThread.pumpEvents(EventDispatchThread.java:101)
	at java.awt.EventDispatchThread.pumpEvents(EventDispatchThread.java:93)
	at java.awt.EventDispatchThread.run(EventDispatchThread.java:82)
Caused by: ptolemy.kernel.util.InternalErrorException: Element <entity name="sender1" class="ptolemy.actor.ptalon.demo.ptinyos.SendAndReceiveCnt.CntToLedsAndRfm"> caused an exception to be thrown.
  in .SendAndReceiveCnt.SendAndReceiveCnt
Because:
Cannot find class: ptolemy.actor.ptalon.demo.ptinyos.SendAndReceiveCnt.CntToLedsAndRfm. In Ptolemy, classes are typically Java .class files. Entities like actors may instead be defined within a .xml file.  In any case, the class was not found. If the class uses a third party package, then the class would be present only if the third party package was found at compile time.  It may be necessary to upgrade Java or install the third party package, reconfigure and recompile.
Because:
Element <entity name="MicaLeds" class="ptolemy.domains.ptinyos.lib.MicaLeds"> caused an exception to be thrown.
  in .CntToLedsAndRfm
Because:
Cannot find class: ptolemy.domains.ptinyos.lib.MicaLeds. In Ptolemy, classes are typically Java .class files. Entities like actors may instead be defined within a .xml file.  In any case, the class was not found. If the class uses a third party package, then the class would be present only if the third party package was found at compile time.  It may be necessary to upgrade Java or install the third party package, reconfigure and recompile.
Because:
-- /home/travis/build/icyphy/ptII/ptolemy/actor/ptalon/demo/ptinyos/SendAndReceiveCnt/ptolemy/domains/ptinyos/lib/MicaLeds.xml (No such file or directory)
-- XML file not found relative to classpath.
-- /home/travis/build/icyphy/ptII/ptolemy/vergil/basic/export/test/ptolemy/domains/ptinyos/lib/MicaLeds.xml
/home/travis/build/icyphy/ptII/ptolemy/vergil/basic/export/test/ptolemy/domains/ptinyos/lib/MicaLeds.xml (No such file or directory)
 in file:/home/travis/build/icyphy/ptII/ptolemy/actor/ptalon/demo/ptinyos/SendAndReceiveCnt/CntToLedsAndRfm.xml at line 132 and column 63
	at ptolemy.moml.SimpleErrorHandler.handleError(SimpleErrorHandler.java:75)
	at ptolemy.moml.MoMLParser.startElement(MoMLParser.java:3805)
	at com.microstar.xml.XmlParser.parseElement(XmlParser.java:931)
	at com.microstar.xml.XmlParser.parseDocument(XmlParser.java:481)
	at com.microstar.xml.XmlParser.doParse(XmlParser.java:159)
	at com.microstar.xml.XmlParser.parse(XmlParser.java:132)
	at ptolemy.moml.MoMLParser.parse(MoMLParser.java:1660)
	at ptolemy.moml.MoMLParser.parse(MoMLParser.java:1617)
	at ptolemy.moml.MoMLParser.parse(MoMLParser.java:1792)
	at ptolemy.actor.ptalon.PtalonEvaluator.addActor(PtalonEvaluator.java:241)
	... 56 more
Caused by: ptolemy.kernel.util.IllegalActionException: Cannot find class: ptolemy.actor.ptalon.demo.ptinyos.SendAndReceiveCnt.CntToLedsAndRfm. In Ptolemy, classes are typically Java .class files. Entities like actors may instead be defined within a .xml file.  In any case, the class was not found. If the class uses a third party package, then the class would be present only if the third party package was found at compile time.  It may be necessary to upgrade Java or install the third party package, reconfigure and recompile.
Because:
Element <entity name="MicaLeds" class="ptolemy.domains.ptinyos.lib.MicaLeds"> caused an exception to be thrown.
  in .CntToLedsAndRfm
Because:
Cannot find class: ptolemy.domains.ptinyos.lib.MicaLeds. In Ptolemy, classes are typically Java .class files. Entities like actors may instead be defined within a .xml file.  In any case, the class was not found. If the class uses a third party package, then the class would be present only if the third party package was found at compile time.  It may be necessary to upgrade Java or install the third party package, reconfigure and recompile.
Because:
-- /home/travis/build/icyphy/ptII/ptolemy/actor/ptalon/demo/ptinyos/SendAndReceiveCnt/ptolemy/domains/ptinyos/lib/MicaLeds.xml (No such file or directory)
-- XML file not found relative to classpath.
-- /home/travis/build/icyphy/ptII/ptolemy/vergil/basic/export/test/ptolemy/domains/ptinyos/lib/MicaLeds.xml
/home/travis/build/icyphy/ptII/ptolemy/vergil/basic/export/test/ptolemy/domains/ptinyos/lib/MicaLeds.xml (No such file or directory)
 in file:/home/travis/build/icyphy/ptII/ptolemy/actor/ptalon/demo/ptinyos/SendAndReceiveCnt/CntToLedsAndRfm.xml at line 132 and column 63
	at ptolemy.moml.MoMLParser._createEntity(MoMLParser.java:4330)
	at ptolemy.moml.MoMLParser.startElement(MoMLParser.java:2864)
	... 64 more
Caused by: ptolemy.kernel.util.InternalErrorException: Element <entity name="MicaLeds" class="ptolemy.domains.ptinyos.lib.MicaLeds"> caused an exception to be thrown.
  in .CntToLedsAndRfm
Because:
Cannot find class: ptolemy.domains.ptinyos.lib.MicaLeds. In Ptolemy, classes are typically Java .class files. Entities like actors may instead be defined within a .xml file.  In any case, the class was not found. If the class uses a third party package, then the class would be present only if the third party package was found at compile time.  It may be necessary to upgrade Java or install the third party package, reconfigure and recompile.
Because:
-- /home/travis/build/icyphy/ptII/ptolemy/actor/ptalon/demo/ptinyos/SendAndReceiveCnt/ptolemy/domains/ptinyos/lib/MicaLeds.xml (No such file or directory)
-- XML file not found relative to classpath.
-- /home/travis/build/icyphy/ptII/ptolemy/vergil/basic/export/test/ptolemy/domains/ptinyos/lib/MicaLeds.xml
/home/travis/build/icyphy/ptII/ptolemy/vergil/basic/export/test/ptolemy/domains/ptinyos/lib/MicaLeds.xml (No such file or directory)
 in file:/home/travis/build/icyphy/ptII/ptolemy/actor/ptalon/demo/ptinyos/SendAndReceiveCnt/CntToLedsAndRfm.xml at line 132 and column 63
	at ptolemy.moml.SimpleErrorHandler.handleError(SimpleErrorHandler.java:75)
	at ptolemy.moml.MoMLParser.startElement(MoMLParser.java:3805)
	at com.microstar.xml.XmlParser.parseElement(XmlParser.java:921)
	at com.microstar.xml.XmlParser.parseContent(XmlParser.java:1104)
	at com.microstar.xml.XmlParser.parseElement(XmlParser.java:924)
	at com.microstar.xml.XmlParser.parseDocument(XmlParser.java:481)
	at com.microstar.xml.XmlParser.doParse(XmlParser.java:159)
	at com.microstar.xml.XmlParser.parse(XmlParser.java:132)
	at ptolemy.moml.MoMLParser.parse(MoMLParser.java:1676)
	at ptolemy.moml.MoMLParser.parse(MoMLParser.java:1595)
	at ptolemy.moml.MoMLParser.parse(MoMLParser.java:1537)
	at ptolemy.moml.MoMLParser._findOrParse(MoMLParser.java:5286)
	at ptolemy.moml.MoMLParser._attemptToFindMoMLClass(MoMLParser.java:4075)
	at ptolemy.moml.MoMLParser._createEntity(MoMLParser.java:4323)
	... 65 more
Caused by: ptolemy.kernel.util.IllegalActionException: Cannot find class: ptolemy.domains.ptinyos.lib.MicaLeds. In Ptolemy, classes are typically Java .class files. Entities like actors may instead be defined within a .xml file.  In any case, the class was not found. If the class uses a third party package, then the class would be present only if the third party package was found at compile time.  It may be necessary to upgrade Java or install the third party package, reconfigure and recompile.
Because:
-- /home/travis/build/icyphy/ptII/ptolemy/actor/ptalon/demo/ptinyos/SendAndReceiveCnt/ptolemy/domains/ptinyos/lib/MicaLeds.xml (No such file or directory)
-- XML file not found relative to classpath.
-- /home/travis/build/icyphy/ptII/ptolemy/vergil/basic/export/test/ptolemy/domains/ptinyos/lib/MicaLeds.xml
/home/travis/build/icyphy/ptII/ptolemy/vergil/basic/export/test/ptolemy/domains/ptinyos/lib/MicaLeds.xml (No such file or directory)
 in file:/home/travis/build/icyphy/ptII/ptolemy/actor/ptalon/demo/ptinyos/SendAndReceiveCnt/CntToLedsAndRfm.xml at line 132 and column 63
	at ptolemy.moml.MoMLParser._createEntity(MoMLParser.java:4330)
	at ptolemy.moml.MoMLParser.startElement(MoMLParser.java:2864)
	... 77 more
Caused by: com.microstar.xml.XmlException: -- /home/travis/build/icyphy/ptII/ptolemy/actor/ptalon/demo/ptinyos/SendAndReceiveCnt/ptolemy/domains/ptinyos/lib/MicaLeds.xml (No such file or directory)
-- XML file not found relative to classpath.
-- /home/travis/build/icyphy/ptII/ptolemy/vergil/basic/export/test/ptolemy/domains/ptinyos/lib/MicaLeds.xml
/home/travis/build/icyphy/ptII/ptolemy/vergil/basic/export/test/ptolemy/domains/ptinyos/lib/MicaLeds.xml (No such file or directory)
 in file:/home/travis/build/icyphy/ptII/ptolemy/actor/ptalon/demo/ptinyos/SendAndReceiveCnt/CntToLedsAndRfm.xml at line 132 and column 63
	at ptolemy.moml.MoMLParser.fileNameToURL(MoMLParser.java:1414)
	at ptolemy.moml.MoMLParser._findOrParse(MoMLParser.java:5283)
	at ptolemy.moml.MoMLParser._attemptToFindMoMLClass(MoMLParser.java:4075)
	at ptolemy.moml.MoMLParser._createEntity(MoMLParser.java:4323)
	... 78 more
Failed to read file:/home/travis/build/icyphy/ptII/ptolemy/actor/ptalon/demo/ptinyos/SendAndReceiveCnt/SendAndReceiveCnt.xml
ptolemy.kernel.util.IllegalActionException: Failed to process attribute change to PtalonParameter, whose value is "ptolemy.actor.ptalon.PtalonExpressionParameter {.SendAndReceiveCnt.SendAndReceiveCnt.channelName} "AtomicWirelessChannel"".
  in .SendAndReceiveCnt.SendAndReceiveCnt
Because:
Unable to add actor null
	at ptolemy.actor.ptalon.PtalonActor.attributeChanged(PtalonActor.java:211)
	at ptolemy.actor.ptalon.PtalonMLHandler.startElement(PtalonMLHandler.java:134)
	at com.microstar.xml.XmlParser.parseElement(XmlParser.java:921)
	at com.microstar.xml.XmlParser.parseContent(XmlParser.java:1104)
	at com.microstar.xml.XmlParser.parseElement(XmlParser.java:924)
	at com.microstar.xml.XmlParser.parseDocument(XmlParser.java:481)
	at com.microstar.xml.XmlParser.doParse(XmlParser.java:159)
	at com.microstar.xml.XmlParser.parse(XmlParser.java:132)
	at ptolemy.actor.ptalon.PtalonActor.configure(PtalonActor.java:240)
	at ptolemy.moml.MoMLParser.endElement(MoMLParser.java:996)
	at com.microstar.xml.XmlParser.parseETag(XmlParser.java:1026)
	at com.microstar.xml.XmlParser.parseContent(XmlParser.java:1098)
	at com.microstar.xml.XmlParser.parseElement(XmlParser.java:924)
	at com.microstar.xml.XmlParser.parseContent(XmlParser.java:1104)
	at com.microstar.xml.XmlParser.parseElement(XmlParser.java:924)
	at com.microstar.xml.XmlParser.parseContent(XmlParser.java:1104)
	at com.microstar.xml.XmlParser.parseElement(XmlParser.java:924)
	at com.microstar.xml.XmlParser.parseDocument(XmlParser.java:481)
	at com.microstar.xml.XmlParser.doParse(XmlParser.java:159)
	at com.microstar.xml.XmlParser.parse(XmlParser.java:132)
	at ptolemy.moml.MoMLParser.parse(MoMLParser.java:1676)
	at ptolemy.moml.MoMLParser.parse(MoMLParser.java:1595)
	at ptolemy.moml.MoMLParser.parse(MoMLParser.java:1537)
	at ptolemy.actor.gui.PtolemyEffigy$Factory.createEffigy(PtolemyEffigy.java:424)
	at ptolemy.actor.gui.EffigyFactory.createEffigy(EffigyFactory.java:234)
	at ptolemy.actor.gui.Configuration.openModel(Configuration.java:1125)
	at ptolemy.actor.gui.Configuration.openModel(Configuration.java:1051)
	at ptolemy.actor.gui.ConfigurationApplication._openModel(ConfigurationApplication.java:1252)
	at ptolemy.actor.gui.ConfigurationApplication._parseArg(ConfigurationApplication.java:1399)
	at ptolemy.actor.gui.ConfigurationApplication._parseArgs(ConfigurationApplication.java:1478)
	at ptolemy.actor.gui.ConfigurationApplication.<init>(ConfigurationApplication.java:277)
	at ptolemy.actor.gui.ConfigurationApplication.<init>(ConfigurationApplication.java:214)
	at ptolemy.actor.gui.ConfigurationApplication.<init>(ConfigurationApplication.java:201)
	at ptolemy.actor.gui.ConfigurationApplication.openModelOrEntity(ConfigurationApplication.java:680)
	at ptolemy.vergil.basic.export.ExportModel$1.run(ExportModel.java:220)
	at java.awt.event.InvocationEvent.dispatch(InvocationEvent.java:301)
	at java.awt.EventQueue.dispatchEventImpl(EventQueue.java:756)
	at java.awt.EventQueue.access$500(EventQueue.java:97)
	at java.awt.EventQueue$3.run(EventQueue.java:709)
	at java.awt.EventQueue$3.run(EventQueue.java:703)
	at java.security.AccessController.doPrivileged(Native Method)
	at java.security.ProtectionDomain$JavaSecurityAccessImpl.doIntersectionPrivilege(ProtectionDomain.java:80)
	at java.awt.EventQueue.dispatchEvent(EventQueue.java:726)
	at java.awt.EventDispatchThread.pumpOneEventForFilters(EventDispatchThread.java:201)
	at java.awt.EventDispatchThread.pumpEventsForFilter(EventDispatchThread.java:116)
	at java.awt.EventDispatchThread.pumpEventsForHierarchy(EventDispatchThread.java:105)
	at java.awt.EventDispatchThread.pumpEvents(EventDispatchThread.java:101)
	at java.awt.EventDispatchThread.pumpEvents(EventDispatchThread.java:93)
	at java.awt.EventDispatchThread.run(EventDispatchThread.java:82)
Caused by: ptolemy.actor.ptalon.PtalonRuntimeException: Unable to add actor null
	at ptolemy.actor.ptalon.PtalonEvaluator.addActor(PtalonEvaluator.java:300)
	at ptolemy.actor.ptalon.PtalonPopulator.actor_declaration(PtalonPopulator.java:1574)
	at ptolemy.actor.ptalon.PtalonPopulator.atomic_statement(PtalonPopulator.java:1638)
	at ptolemy.actor.ptalon.PtalonPopulator.iterative_statement_evaluator(PtalonPopulator.java:2484)
	at ptolemy.actor.ptalon.AbstractPtalonEvaluator$IfTree.evaluateForScope(AbstractPtalonEvaluator.java:1307)
	at ptolemy.actor.ptalon.AbstractPtalonEvaluator.evaluateForScope(AbstractPtalonEvaluator.java:744)
	at ptolemy.actor.ptalon.PtalonPopulator.iterative_statement(PtalonPopulator.java:2363)
	at ptolemy.actor.ptalon.PtalonPopulator.actor_definition(PtalonPopulator.java:2809)
	at ptolemy.actor.ptalon.PtalonActor.attributeChanged(PtalonActor.java:206)
	... 48 more
Caused by: ptolemy.kernel.util.InternalErrorException: Element <entity name="sender1" class="ptolemy.actor.ptalon.demo.ptinyos.SendAndReceiveCnt.CntToLedsAndRfm"> caused an exception to be thrown.
  in .SendAndReceiveCnt.SendAndReceiveCnt
Because:
Cannot find class: ptolemy.actor.ptalon.demo.ptinyos.SendAndReceiveCnt.CntToLedsAndRfm. In Ptolemy, classes are typically Java .class files. Entities like actors may instead be defined within a .xml file.  In any case, the class was not found. If the class uses a third party package, then the class would be present only if the third party package was found at compile time.  It may be necessary to upgrade Java or install the third party package, reconfigure and recompile.
Because:
Element <entity name="MicaLeds" class="ptolemy.domains.ptinyos.lib.MicaLeds"> caused an exception to be thrown.
  in .CntToLedsAndRfm
Because:
Cannot find class: ptolemy.domains.ptinyos.lib.MicaLeds. In Ptolemy, classes are typically Java .class files. Entities like actors may instead be defined within a .xml file.  In any case, the class was not found. If the class uses a third party package, then the class would be present only if the third party package was found at compile time.  It may be necessary to upgrade Java or install the third party package, reconfigure and recompile.
Because:
-- /home/travis/build/icyphy/ptII/ptolemy/actor/ptalon/demo/ptinyos/SendAndReceiveCnt/ptolemy/domains/ptinyos/lib/MicaLeds.xml (No such file or directory)
-- XML file not found relative to classpath.
-- /home/travis/build/icyphy/ptII/ptolemy/vergil/basic/export/test/ptolemy/domains/ptinyos/lib/MicaLeds.xml
/home/travis/build/icyphy/ptII/ptolemy/vergil/basic/export/test/ptolemy/domains/ptinyos/lib/MicaLeds.xml (No such file or directory)
 in file:/home/travis/build/icyphy/ptII/ptolemy/actor/ptalon/demo/ptinyos/SendAndReceiveCnt/CntToLedsAndRfm.xml at line 132 and column 63
	at ptolemy.moml.SimpleErrorHandler.handleError(SimpleErrorHandler.java:75)
	at ptolemy.moml.MoMLParser.startElement(MoMLParser.java:3805)
	at com.microstar.xml.XmlParser.parseElement(XmlParser.java:931)
	at com.microstar.xml.XmlParser.parseDocument(XmlParser.java:481)
	at com.microstar.xml.XmlParser.doParse(XmlParser.java:159)
	at com.microstar.xml.XmlParser.parse(XmlParser.java:132)
	at ptolemy.moml.MoMLParser.parse(MoMLParser.java:1660)
	at ptolemy.moml.MoMLParser.parse(MoMLParser.java:1617)
	at ptolemy.moml.MoMLParser.parse(MoMLParser.java:1792)
	at ptolemy.actor.ptalon.PtalonEvaluator.addActor(PtalonEvaluator.java:241)
	... 56 more
Caused by: ptolemy.kernel.util.IllegalActionException: Cannot find class: ptolemy.actor.ptalon.demo.ptinyos.SendAndReceiveCnt.CntToLedsAndRfm. In Ptolemy, classes are typically Java .class files. Entities like actors may instead be defined within a .xml file.  In any case, the class was not found. If the class uses a third party package, then the class would be present only if the third party package was found at compile time.  It may be necessary to upgrade Java or install the third party package, reconfigure and recompile.
Because:
Element <entity name="MicaLeds" class="ptolemy.domains.ptinyos.lib.MicaLeds"> caused an exception to be thrown.
  in .CntToLedsAndRfm
Because:
Cannot find class: ptolemy.domains.ptinyos.lib.MicaLeds. In Ptolemy, classes are typically Java .class files. Entities like actors may instead be defined within a .xml file.  In any case, the class was not found. If the class uses a third party package, then the class would be present only if the third party package was found at compile time.  It may be necessary to upgrade Java or install the third party package, reconfigure and recompile.
Because:
-- /home/travis/build/icyphy/ptII/ptolemy/actor/ptalon/demo/ptinyos/SendAndReceiveCnt/ptolemy/domains/ptinyos/lib/MicaLeds.xml (No such file or directory)
-- XML file not found relative to classpath.
-- /home/travis/build/icyphy/ptII/ptolemy/vergil/basic/export/test/ptolemy/domains/ptinyos/lib/MicaLeds.xml
/home/travis/build/icyphy/ptII/ptolemy/vergil/basic/export/test/ptolemy/domains/ptinyos/lib/MicaLeds.xml (No such file or directory)
 in file:/home/travis/build/icyphy/ptII/ptolemy/actor/ptalon/demo/ptinyos/SendAndReceiveCnt/CntToLedsAndRfm.xml at line 132 and column 63
	at ptolemy.moml.MoMLParser._createEntity(MoMLParser.java:4330)
	at ptolemy.moml.MoMLParser.startElement(MoMLParser.java:2864)
	... 64 more
Caused by: ptolemy.kernel.util.InternalErrorException: Element <entity name="MicaLeds" class="ptolemy.domains.ptinyos.lib.MicaLeds"> caused an exception to be thrown.
  in .CntToLedsAndRfm
Because:
Cannot find class: ptolemy.domains.ptinyos.lib.MicaLeds. In Ptolemy, classes are typically Java .class files. Entities like actors may instead be defined within a .xml file.  In any case, the class was not found. If the class uses a third party package, then the class would be present only if the third party package was found at compile time.  It may be necessary to upgrade Java or install the third party package, reconfigure and recompile.
Because:
-- /home/travis/build/icyphy/ptII/ptolemy/actor/ptalon/demo/ptinyos/SendAndReceiveCnt/ptolemy/domains/ptinyos/lib/MicaLeds.xml (No such file or directory)
-- XML file not found relative to classpath.
-- /home/travis/build/icyphy/ptII/ptolemy/vergil/basic/export/test/ptolemy/domains/ptinyos/lib/MicaLeds.xml
/home/travis/build/icyphy/ptII/ptolemy/vergil/basic/export/test/ptolemy/domains/ptinyos/lib/MicaLeds.xml (No such file or directory)
 in file:/home/travis/build/icyphy/ptII/ptolemy/actor/ptalon/demo/ptinyos/SendAndReceiveCnt/CntToLedsAndRfm.xml at line 132 and column 63
	at ptolemy.moml.SimpleErrorHandler.handleError(SimpleErrorHandler.java:75)
	at ptolemy.moml.MoMLParser.startElement(MoMLParser.java:3805)
	at com.microstar.xml.XmlParser.parseElement(XmlParser.java:921)
	at com.microstar.xml.XmlParser.parseContent(XmlParser.java:1104)
	at com.microstar.xml.XmlParser.parseElement(XmlParser.java:924)
	at com.microstar.xml.XmlParser.parseDocument(XmlParser.java:481)
	at com.microstar.xml.XmlParser.doParse(XmlParser.java:159)
	at com.microstar.xml.XmlParser.parse(XmlParser.java:132)
	at ptolemy.moml.MoMLParser.parse(MoMLParser.java:1676)
	at ptolemy.moml.MoMLParser.parse(MoMLParser.java:1595)
	at ptolemy.moml.MoMLParser.parse(MoMLParser.java:1537)
	at ptolemy.moml.MoMLParser._findOrParse(MoMLParser.java:5286)
	at ptolemy.moml.MoMLParser._attemptToFindMoMLClass(MoMLParser.java:4075)
	at ptolemy.moml.MoMLParser._createEntity(MoMLParser.java:4323)
	... 65 more
Caused by: ptolemy.kernel.util.IllegalActionException: Cannot find class: ptolemy.domains.ptinyos.lib.MicaLeds. In Ptolemy, classes are typically Java .class files. Entities like actors may instead be defined within a .xml file.  In any case, the class was not found. If the class uses a third party package, then the class would be present only if the third party package was found at compile time.  It may be necessary to upgrade Java or install the third party package, reconfigure and recompile.
Because:
-- /home/travis/build/icyphy/ptII/ptolemy/actor/ptalon/demo/ptinyos/SendAndReceiveCnt/ptolemy/domains/ptinyos/lib/MicaLeds.xml (No such file or directory)
-- XML file not found relative to classpath.
-- /home/travis/build/icyphy/ptII/ptolemy/vergil/basic/export/test/ptolemy/domains/ptinyos/lib/MicaLeds.xml
/home/travis/build/icyphy/ptII/ptolemy/vergil/basic/export/test/ptolemy/domains/ptinyos/lib/MicaLeds.xml (No such file or directory)
 in file:/home/travis/build/icyphy/ptII/ptolemy/actor/ptalon/demo/ptinyos/SendAndReceiveCnt/CntToLedsAndRfm.xml at line 132 and column 63
	at ptolemy.moml.MoMLParser._createEntity(MoMLParser.java:4330)
	at ptolemy.moml.MoMLParser.startElement(MoMLParser.java:2864)
	... 77 more
Caused by: com.microstar.xml.XmlException: -- /home/travis/build/icyphy/ptII/ptolemy/actor/ptalon/demo/ptinyos/SendAndReceiveCnt/ptolemy/domains/ptinyos/lib/MicaLeds.xml (No such file or directory)
-- XML file not found relative to classpath.
-- /home/travis/build/icyphy/ptII/ptolemy/vergil/basic/export/test/ptolemy/domains/ptinyos/lib/MicaLeds.xml
/home/travis/build/icyphy/ptII/ptolemy/vergil/basic/export/test/ptolemy/domains/ptinyos/lib/MicaLeds.xml (No such file or directory)
 in file:/home/travis/build/icyphy/ptII/ptolemy/actor/ptalon/demo/ptinyos/SendAndReceiveCnt/CntToLedsAndRfm.xml at line 132 and column 63
	at ptolemy.moml.MoMLParser.fileNameToURL(MoMLParser.java:1414)
	at ptolemy.moml.MoMLParser._findOrParse(MoMLParser.java:5283)
	at ptolemy.moml.MoMLParser._attemptToFindMoMLClass(MoMLParser.java:4075)
	at ptolemy.moml.MoMLParser._createEntity(MoMLParser.java:4323)
	... 78 more
Caused by: ptolemy.actor.ptalon.PtalonRuntimeException: Unable to add actor null
	at ptolemy.actor.ptalon.PtalonEvaluator.addActor(PtalonEvaluator.java:300)
	at ptolemy.actor.ptalon.PtalonPopulator.actor_declaration(PtalonPopulator.java:1574)
	at ptolemy.actor.ptalon.PtalonPopulator.atomic_statement(PtalonPopulator.java:1638)
	at ptolemy.actor.ptalon.PtalonPopulator.iterative_statement_evaluator(PtalonPopulator.java:2484)
	at ptolemy.actor.ptalon.AbstractPtalonEvaluator$IfTree.evaluateForScope(AbstractPtalonEvaluator.java:1307)
	at ptolemy.actor.ptalon.AbstractPtalonEvaluator.evaluateForScope(AbstractPtalonEvaluator.java:744)
	at ptolemy.actor.ptalon.PtalonPopulator.iterative_statement(PtalonPopulator.java:2363)
	at ptolemy.actor.ptalon.PtalonPopulator.actor_definition(PtalonPopulator.java:2809)
	at ptolemy.actor.ptalon.PtalonActor.attributeChanged(PtalonActor.java:206)
	at ptolemy.actor.ptalon.PtalonMLHandler.startElement(PtalonMLHandler.java:134)
	at com.microstar.xml.XmlParser.parseElement(XmlParser.java:921)
	at com.microstar.xml.XmlParser.parseContent(XmlParser.java:1104)
	at com.microstar.xml.XmlParser.parseElement(XmlParser.java:924)
	at com.microstar.xml.XmlParser.parseDocument(XmlParser.java:481)
	at com.microstar.xml.XmlParser.doParse(XmlParser.java:159)
	at com.microstar.xml.XmlParser.parse(XmlParser.java:132)
	at ptolemy.actor.ptalon.PtalonActor.configure(PtalonActor.java:240)
	at ptolemy.moml.MoMLParser.endElement(MoMLParser.java:996)
	at com.microstar.xml.XmlParser.parseETag(XmlParser.java:1026)
	at com.microstar.xml.XmlParser.parseContent(XmlParser.java:1098)
	at com.microstar.xml.XmlParser.parseElement(XmlParser.java:924)
	at com.microstar.xml.XmlParser.parseContent(XmlParser.java:1104)
	at com.microstar.xml.XmlParser.parseElement(XmlParser.java:924)
	at com.microstar.xml.XmlParser.parseContent(XmlParser.java:1104)
	at com.microstar.xml.XmlParser.parseElement(XmlParser.java:924)
	at com.microstar.xml.XmlParser.parseDocument(XmlParser.java:481)
	at com.microstar.xml.XmlParser.doParse(XmlParser.java:159)
	at com.microstar.xml.XmlParser.parse(XmlParser.java:132)
	at ptolemy.moml.MoMLParser.parse(MoMLParser.java:1676)
	at ptolemy.moml.MoMLParser.parse(MoMLParser.java:1595)
	at ptolemy.moml.MoMLParser.parse(MoMLParser.java:1537)
	at ptolemy.actor.gui.PtolemyEffigy$Factory.createEffigy(PtolemyEffigy.java:424)
	at ptolemy.actor.gui.EffigyFactory.createEffigy(EffigyFactory.java:234)
	at ptolemy.actor.gui.Configuration.openModel(Configuration.java:1125)
	at ptolemy.actor.gui.Configuration.openModel(Configuration.java:1051)
	at ptolemy.actor.gui.ConfigurationApplication._openModel(ConfigurationApplication.java:1252)
	at ptolemy.actor.gui.ConfigurationApplication._parseArg(ConfigurationApplication.java:1399)
	at ptolemy.actor.gui.ConfigurationApplication._parseArgs(ConfigurationApplication.java:1478)
	at ptolemy.actor.gui.ConfigurationApplication.<init>(ConfigurationApplication.java:277)
	at ptolemy.actor.gui.ConfigurationApplication.<init>(ConfigurationApplication.java:214)
	at ptolemy.actor.gui.ConfigurationApplication.<init>(ConfigurationApplication.java:201)
	at ptolemy.actor.gui.ConfigurationApplication.openModelOrEntity(ConfigurationApplication.java:680)
	at ptolemy.vergil.basic.export.ExportModel$1.run(ExportModel.java:220)
	at java.awt.event.InvocationEvent.dispatch(InvocationEvent.java:301)
	at java.awt.EventQueue.dispatchEventImpl(EventQueue.java:756)
	at java.awt.EventQueue.access$500(EventQueue.java:97)
	at java.awt.EventQueue$3.run(EventQueue.java:709)
	at java.awt.EventQueue$3.run(EventQueue.java:703)
	at java.security.AccessController.doPrivileged(Native Method)
	at java.security.ProtectionDomain$JavaSecurityAccessImpl.doIntersectionPrivilege(ProtectionDomain.java:80)
	at java.awt.EventQueue.dispatchEvent(EventQueue.java:726)
	at java.awt.EventDispatchThread.pumpOneEventForFilters(EventDispatchThread.java:201)
	at java.awt.EventDispatchThread.pumpEventsForFilter(EventDispatchThread.java:116)
	at java.awt.EventDispatchThread.pumpEventsForHierarchy(EventDispatchThread.java:105)
	at java.awt.EventDispatchThread.pumpEvents(EventDispatchThread.java:101)
	at java.awt.EventDispatchThread.pumpEvents(EventDispatchThread.java:93)
	at java.awt.EventDispatchThread.run(EventDispatchThread.java:82)
Caused by: ptolemy.kernel.util.InternalErrorException: Element <entity name="sender1" class="ptolemy.actor.ptalon.demo.ptinyos.SendAndReceiveCnt.CntToLedsAndRfm"> caused an exception to be thrown.
  in .SendAndReceiveCnt.SendAndReceiveCnt
Because:
Cannot find class: ptolemy.actor.ptalon.demo.ptinyos.SendAndReceiveCnt.CntToLedsAndRfm. In Ptolemy, classes are typically Java .class files. Entities like actors may instead be defined within a .xml file.  In any case, the class was not found. If the class uses a third party package, then the class would be present only if the third party package was found at compile time.  It may be necessary to upgrade Java or install the third party package, reconfigure and recompile.
Because:
Element <entity name="MicaLeds" class="ptolemy.domains.ptinyos.lib.MicaLeds"> caused an exception to be thrown.
  in .CntToLedsAndRfm
Because:
Cannot find class: ptolemy.domains.ptinyos.lib.MicaLeds. In Ptolemy, classes are typically Java .class files. Entities like actors may instead be defined within a .xml file.  In any case, the class was not found. If the class uses a third party package, then the class would be present only if the third party package was found at compile time.  It may be necessary to upgrade Java or install the third party package, reconfigure and recompile.
Because:
-- /home/travis/build/icyphy/ptII/ptolemy/actor/ptalon/demo/ptinyos/SendAndReceiveCnt/ptolemy/domains/ptinyos/lib/MicaLeds.xml (No such file or directory)
-- XML file not found relative to classpath.
-- /home/travis/build/icyphy/ptII/ptolemy/vergil/basic/export/test/ptolemy/domains/ptinyos/lib/MicaLeds.xml
/home/travis/build/icyphy/ptII/ptolemy/vergil/basic/export/test/ptolemy/domains/ptinyos/lib/MicaLeds.xml (No such file or directory)
 in file:/home/travis/build/icyphy/ptII/ptolemy/actor/ptalon/demo/ptinyos/SendAndReceiveCnt/CntToLedsAndRfm.xml at line 132 and column 63
	at ptolemy.moml.SimpleErrorHandler.handleError(SimpleErrorHandler.java:75)
	at ptolemy.moml.MoMLParser.startElement(MoMLParser.java:3805)
	at com.microstar.xml.XmlParser.parseElement(XmlParser.java:931)
	at com.microstar.xml.XmlParser.parseDocument(XmlParser.java:481)
	at com.microstar.xml.XmlParser.doParse(XmlParser.java:159)
	at com.microstar.xml.XmlParser.parse(XmlParser.java:132)
	at ptolemy.moml.MoMLParser.parse(MoMLParser.java:1660)
	at ptolemy.moml.MoMLParser.parse(MoMLParser.java:1617)
	at ptolemy.moml.MoMLParser.parse(MoMLParser.java:1792)
	at ptolemy.actor.ptalon.PtalonEvaluator.addActor(PtalonEvaluator.java:241)
	... 56 more
Caused by: ptolemy.kernel.util.IllegalActionException: Cannot find class: ptolemy.actor.ptalon.demo.ptinyos.SendAndReceiveCnt.CntToLedsAndRfm. In Ptolemy, classes are typically Java .class files. Entities like actors may instead be defined within a .xml file.  In any case, the class was not found. If the class uses a third party package, then the class would be present only if the third party package was found at compile time.  It may be necessary to upgrade Java or install the third party package, reconfigure and recompile.
Because:
Element <entity name="MicaLeds" class="ptolemy.domains.ptinyos.lib.MicaLeds"> caused an exception to be thrown.
  in .CntToLedsAndRfm
Because:
Cannot find class: ptolemy.domains.ptinyos.lib.MicaLeds. In Ptolemy, classes are typically Java .class files. Entities like actors may instead be defined within a .xml file.  In any case, the class was not found. If the class uses a third party package, then the class would be present only if the third party package was found at compile time.  It may be necessary to upgrade Java or install the third party package, reconfigure and recompile.
Because:
-- /home/travis/build/icyphy/ptII/ptolemy/actor/ptalon/demo/ptinyos/SendAndReceiveCnt/ptolemy/domains/ptinyos/lib/MicaLeds.xml (No such file or directory)
-- XML file not found relative to classpath.
-- /home/travis/build/icyphy/ptII/ptolemy/vergil/basic/export/test/ptolemy/domains/ptinyos/lib/MicaLeds.xml
/home/travis/build/icyphy/ptII/ptolemy/vergil/basic/export/test/ptolemy/domains/ptinyos/lib/MicaLeds.xml (No such file or directory)
 in file:/home/travis/build/icyphy/ptII/ptolemy/actor/ptalon/demo/ptinyos/SendAndReceiveCnt/CntToLedsAndRfm.xml at line 132 and column 63
	at ptolemy.moml.MoMLParser._createEntity(MoMLParser.java:4330)
	at ptolemy.moml.MoMLParser.startElement(MoMLParser.java:2864)
	... 64 more
Caused by: ptolemy.kernel.util.InternalErrorException: Element <entity name="MicaLeds" class="ptolemy.domains.ptinyos.lib.MicaLeds"> caused an exception to be thrown.
  in .CntToLedsAndRfm
Because:
Cannot find class: ptolemy.domains.ptinyos.lib.MicaLeds. In Ptolemy, classes are typically Java .class files. Entities like actors may instead be defined within a .xml file.  In any case, the class was not found. If the class uses a third party package, then the class would be present only if the third party package was found at compile time.  It may be necessary to upgrade Java or install the third party package, reconfigure and recompile.
Because:
-- /home/travis/build/icyphy/ptII/ptolemy/actor/ptalon/demo/ptinyos/SendAndReceiveCnt/ptolemy/domains/ptinyos/lib/MicaLeds.xml (No such file or directory)
-- XML file not found relative to classpath.
-- /home/travis/build/icyphy/ptII/ptolemy/vergil/basic/export/test/ptolemy/domains/ptinyos/lib/MicaLeds.xml
/home/travis/build/icyphy/ptII/ptolemy/vergil/basic/export/test/ptolemy/domains/ptinyos/lib/MicaLeds.xml (No such file or directory)
 in file:/home/travis/build/icyphy/ptII/ptolemy/actor/ptalon/demo/ptinyos/SendAndReceiveCnt/CntToLedsAndRfm.xml at line 132 and column 63
	at ptolemy.moml.SimpleErrorHandler.handleError(SimpleErrorHandler.java:75)
	at ptolemy.moml.MoMLParser.startElement(MoMLParser.java:3805)
	at com.microstar.xml.XmlParser.parseElement(XmlParser.java:921)
	at com.microstar.xml.XmlParser.parseContent(XmlParser.java:1104)
	at com.microstar.xml.XmlParser.parseElement(XmlParser.java:924)
	at com.microstar.xml.XmlParser.parseDocument(XmlParser.java:481)
	at com.microstar.xml.XmlParser.doParse(XmlParser.java:159)
	at com.microstar.xml.XmlParser.parse(XmlParser.java:132)
	at ptolemy.moml.MoMLParser.parse(MoMLParser.java:1676)
	at ptolemy.moml.MoMLParser.parse(MoMLParser.java:1595)
	at ptolemy.moml.MoMLParser.parse(MoMLParser.java:1537)
	at ptolemy.moml.MoMLParser._findOrParse(MoMLParser.java:5286)
	at ptolemy.moml.MoMLParser._attemptToFindMoMLClass(MoMLParser.java:4075)
	at ptolemy.moml.MoMLParser._createEntity(MoMLParser.java:4323)
	... 65 more
Caused by: ptolemy.kernel.util.IllegalActionException: Cannot find class: ptolemy.domains.ptinyos.lib.MicaLeds. In Ptolemy, classes are typically Java .class files. Entities like actors may instead be defined within a .xml file.  In any case, the class was not found. If the class uses a third party package, then the class would be present only if the third party package was found at compile time.  It may be necessary to upgrade Java or install the third party package, reconfigure and recompile.
Because:
-- /home/travis/build/icyphy/ptII/ptolemy/actor/ptalon/demo/ptinyos/SendAndReceiveCnt/ptolemy/domains/ptinyos/lib/MicaLeds.xml (No such file or directory)
-- XML file not found relative to classpath.
-- /home/travis/build/icyphy/ptII/ptolemy/vergil/basic/export/test/ptolemy/domains/ptinyos/lib/MicaLeds.xml
/home/travis/build/icyphy/ptII/ptolemy/vergil/basic/export/test/ptolemy/domains/ptinyos/lib/MicaLeds.xml (No such file or directory)
 in file:/home/travis/build/icyphy/ptII/ptolemy/actor/ptalon/demo/ptinyos/SendAndReceiveCnt/CntToLedsAndRfm.xml at line 132 and column 63
	at ptolemy.moml.MoMLParser._createEntity(MoMLParser.java:4330)
	at ptolemy.moml.MoMLParser.startElement(MoMLParser.java:2864)
	... 77 more
Caused by: com.microstar.xml.XmlException: -- /home/travis/build/icyphy/ptII/ptolemy/actor/ptalon/demo/ptinyos/SendAndReceiveCnt/ptolemy/domains/ptinyos/lib/MicaLeds.xml (No such file or directory)
-- XML file not found relative to classpath.
-- /home/travis/build/icyphy/ptII/ptolemy/vergil/basic/export/test/ptolemy/domains/ptinyos/lib/MicaLeds.xml
/home/travis/build/icyphy/ptII/ptolemy/vergil/basic/export/test/ptolemy/domains/ptinyos/lib/MicaLeds.xml (No such file or directory)
 in file:/home/travis/build/icyphy/ptII/ptolemy/actor/ptalon/demo/ptinyos/SendAndReceiveCnt/CntToLedsAndRfm.xml at line 132 and column 63
	at ptolemy.moml.MoMLParser.fileNameToURL(MoMLParser.java:1414)
	at ptolemy.moml.MoMLParser._findOrParse(MoMLParser.java:5283)
	at ptolemy.moml.MoMLParser._attemptToFindMoMLClass(MoMLParser.java:4075)
	at ptolemy.moml.MoMLParser._createEntity(MoMLParser.java:4323)
	... 78 more
ptolemy.kernel.util.IllegalActionException: Failed to process attribute change to PtalonParameter, whose value is "ptolemy.actor.ptalon.PtalonExpressionParameter {.SendAndReceiveCnt.SendAndReceiveCnt.channelName} "AtomicWirelessChannel"".
  in .SendAndReceiveCnt.SendAndReceiveCnt
Because:
Unable to add actor null
	at ptolemy.actor.ptalon.PtalonActor.attributeChanged(PtalonActor.java:211)
	at ptolemy.actor.ptalon.PtalonMLHandler.startElement(PtalonMLHandler.java:134)
	at com.microstar.xml.XmlParser.parseElement(XmlParser.java:921)
	at com.microstar.xml.XmlParser.parseContent(XmlParser.java:1104)
	at com.microstar.xml.XmlParser.parseElement(XmlParser.java:924)
	at com.microstar.xml.XmlParser.parseDocument(XmlParser.java:481)
	at com.microstar.xml.XmlParser.doParse(XmlParser.java:159)
	at com.microstar.xml.XmlParser.parse(XmlParser.java:132)
	at ptolemy.actor.ptalon.PtalonActor.configure(PtalonActor.java:240)
	at ptolemy.moml.MoMLParser.endElement(MoMLParser.java:996)
	at com.microstar.xml.XmlParser.parseETag(XmlParser.java:1026)
	at com.microstar.xml.XmlParser.parseContent(XmlParser.java:1098)
	at com.microstar.xml.XmlParser.parseElement(XmlParser.java:924)
	at com.microstar.xml.XmlParser.parseContent(XmlParser.java:1104)
	at com.microstar.xml.XmlParser.parseElement(XmlParser.java:924)
	at com.microstar.xml.XmlParser.parseContent(XmlParser.java:1104)
	at com.microstar.xml.XmlParser.parseElement(XmlParser.java:924)
	at com.microstar.xml.XmlParser.parseDocument(XmlParser.java:481)
	at com.microstar.xml.XmlParser.doParse(XmlParser.java:159)
	at com.microstar.xml.XmlParser.parse(XmlParser.java:132)
	at ptolemy.moml.MoMLParser.parse(MoMLParser.java:1676)
	at ptolemy.moml.MoMLParser.parse(MoMLParser.java:1595)
	at ptolemy.moml.MoMLParser.parse(MoMLParser.java:1537)
	at ptolemy.actor.gui.PtolemyEffigy$Factory.createEffigy(PtolemyEffigy.java:424)
	at ptolemy.actor.gui.EffigyFactory.createEffigy(EffigyFactory.java:234)
	at ptolemy.actor.gui.Configuration.openModel(Configuration.java:1125)
	at ptolemy.actor.gui.Configuration.openModel(Configuration.java:1051)
	at ptolemy.actor.gui.ConfigurationApplication._openModel(ConfigurationApplication.java:1252)
	at ptolemy.actor.gui.ConfigurationApplication._parseArg(ConfigurationApplication.java:1399)
	at ptolemy.actor.gui.ConfigurationApplication._parseArgs(ConfigurationApplication.java:1478)
	at ptolemy.actor.gui.ConfigurationApplication.<init>(ConfigurationApplication.java:277)
	at ptolemy.actor.gui.ConfigurationApplication.<init>(ConfigurationApplication.java:214)
	at ptolemy.actor.gui.ConfigurationApplication.<init>(ConfigurationApplication.java:201)
	at ptolemy.actor.gui.ConfigurationApplication.openModelOrEntity(ConfigurationApplication.java:680)
	at ptolemy.vergil.basic.export.ExportModel$1.run(ExportModel.java:220)
	at java.awt.event.InvocationEvent.dispatch(InvocationEvent.java:301)
	at java.awt.EventQueue.dispatchEventImpl(EventQueue.java:756)
	at java.awt.EventQueue.access$500(EventQueue.java:97)
	at java.awt.EventQueue$3.run(EventQueue.java:709)
	at java.awt.EventQueue$3.run(EventQueue.java:703)
	at java.security.AccessController.doPrivileged(Native Method)
	at java.security.ProtectionDomain$JavaSecurityAccessImpl.doIntersectionPrivilege(ProtectionDomain.java:80)
	at java.awt.EventQueue.dispatchEvent(EventQueue.java:726)
	at java.awt.EventDispatchThread.pumpOneEventForFilters(EventDispatchThread.java:201)
	at java.awt.EventDispatchThread.pumpEventsForFilter(EventDispatchThread.java:116)
	at java.awt.EventDispatchThread.pumpEventsForHierarchy(EventDispatchThread.java:105)
	at java.awt.EventDispatchThread.pumpEvents(EventDispatchThread.java:101)
	at java.awt.EventDispatchThread.pumpEvents(EventDispatchThread.java:93)
	at java.awt.EventDispatchThread.run(EventDispatchThread.java:82)
Caused by: ptolemy.actor.ptalon.PtalonRuntimeException: Unable to add actor null
	at ptolemy.actor.ptalon.PtalonEvaluator.addActor(PtalonEvaluator.java:300)
	at ptolemy.actor.ptalon.PtalonPopulator.actor_declaration(PtalonPopulator.java:1574)
	at ptolemy.actor.ptalon.PtalonPopulator.atomic_statement(PtalonPopulator.java:1638)
	at ptolemy.actor.ptalon.PtalonPopulator.iterative_statement_evaluator(PtalonPopulator.java:2484)
	at ptolemy.actor.ptalon.AbstractPtalonEvaluator$IfTree.evaluateForScope(AbstractPtalonEvaluator.java:1307)
	at ptolemy.actor.ptalon.AbstractPtalonEvaluator.evaluateForScope(AbstractPtalonEvaluator.java:744)
	at ptolemy.actor.ptalon.PtalonPopulator.iterative_statement(PtalonPopulator.java:2363)
	at ptolemy.actor.ptalon.PtalonPopulator.actor_definition(PtalonPopulator.java:2809)
	at ptolemy.actor.ptalon.PtalonActor.attributeChanged(PtalonActor.java:206)
	... 48 more
Caused by: ptolemy.kernel.util.InternalErrorException: Element <entity name="sender1" class="ptolemy.actor.ptalon.demo.ptinyos.SendAndReceiveCnt.CntToLedsAndRfm"> caused an exception to be thrown.
  in .SendAndReceiveCnt.SendAndReceiveCnt
Because:
Cannot find class: ptolemy.actor.ptalon.demo.ptinyos.SendAndReceiveCnt.CntToLedsAndRfm. In Ptolemy, classes are typically Java .class files. Entities like actors may instead be defined within a .xml file.  In any case, the class was not found. If the class uses a third party package, then the class would be present only if the third party package was found at compile time.  It may be necessary to upgrade Java or install the third party package, reconfigure and recompile.
Because:
Element <entity name="MicaLeds" class="ptolemy.domains.ptinyos.lib.MicaLeds"> caused an exception to be thrown.
  in .CntToLedsAndRfm
Because:
Cannot find class: ptolemy.domains.ptinyos.lib.MicaLeds. In Ptolemy, classes are typically Java .class files. Entities like actors may instead be defined within a .xml file.  In any case, the class was not found. If the class uses a third party package, then the class would be present only if the third party package was found at compile time.  It may be necessary to upgrade Java or install the third party package, reconfigure and recompile.
Because:
-- /home/travis/build/icyphy/ptII/ptolemy/actor/ptalon/demo/ptinyos/SendAndReceiveCnt/ptolemy/domains/ptinyos/lib/MicaLeds.xml (No such file or directory)
-- XML file not found relative to classpath.
-- /home/travis/build/icyphy/ptII/ptolemy/vergil/basic/export/test/ptolemy/domains/ptinyos/lib/MicaLeds.xml
/home/travis/build/icyphy/ptII/ptolemy/vergil/basic/export/test/ptolemy/domains/ptinyos/lib/MicaLeds.xml (No such file or directory)
 in file:/home/travis/build/icyphy/ptII/ptolemy/actor/ptalon/demo/ptinyos/SendAndReceiveCnt/CntToLedsAndRfm.xml at line 132 and column 63
	at ptolemy.moml.SimpleErrorHandler.handleError(SimpleErrorHandler.java:75)
	at ptolemy.moml.MoMLParser.startElement(MoMLParser.java:3805)
	at com.microstar.xml.XmlParser.parseElement(XmlParser.java:931)
	at com.microstar.xml.XmlParser.parseDocument(XmlParser.java:481)
	at com.microstar.xml.XmlParser.doParse(XmlParser.java:159)
	at com.microstar.xml.XmlParser.parse(XmlParser.java:132)
	at ptolemy.moml.MoMLParser.parse(MoMLParser.java:1660)
	at ptolemy.moml.MoMLParser.parse(MoMLParser.java:1617)
	at ptolemy.moml.MoMLParser.parse(MoMLParser.java:1792)
	at ptolemy.actor.ptalon.PtalonEvaluator.addActor(PtalonEvaluator.java:241)
	... 56 more
Caused by: ptolemy.kernel.util.IllegalActionException: Cannot find class: ptolemy.actor.ptalon.demo.ptinyos.SendAndReceiveCnt.CntToLedsAndRfm. In Ptolemy, classes are typically Java .class files. Entities like actors may instead be defined within a .xml file.  In any case, the class was not found. If the class uses a third party package, then the class would be present only if the third party package was found at compile time.  It may be necessary to upgrade Java or install the third party package, reconfigure and recompile.
Because:
Element <entity name="MicaLeds" class="ptolemy.domains.ptinyos.lib.MicaLeds"> caused an exception to be thrown.
  in .CntToLedsAndRfm
Because:
Cannot find class: ptolemy.domains.ptinyos.lib.MicaLeds. In Ptolemy, classes are typically Java .class files. Entities like actors may instead be defined within a .xml file.  In any case, the class was not found. If the class uses a third party package, then the class would be present only if the third party package was found at compile time.  It may be necessary to upgrade Java or install the third party package, reconfigure and recompile.
Because:
-- /home/travis/build/icyphy/ptII/ptolemy/actor/ptalon/demo/ptinyos/SendAndReceiveCnt/ptolemy/domains/ptinyos/lib/MicaLeds.xml (No such file or directory)
-- XML file not found relative to classpath.
-- /home/travis/build/icyphy/ptII/ptolemy/vergil/basic/export/test/ptolemy/domains/ptinyos/lib/MicaLeds.xml
/home/travis/build/icyphy/ptII/ptolemy/vergil/basic/export/test/ptolemy/domains/ptinyos/lib/MicaLeds.xml (No such file or directory)
 in file:/home/travis/build/icyphy/ptII/ptolemy/actor/ptalon/demo/ptinyos/SendAndReceiveCnt/CntToLedsAndRfm.xml at line 132 and column 63
	at ptolemy.moml.MoMLParser._createEntity(MoMLParser.java:4330)
	at ptolemy.moml.MoMLParser.startElement(MoMLParser.java:2864)
	... 64 more
Caused by: ptolemy.kernel.util.InternalErrorException: Element <entity name="MicaLeds" class="ptolemy.domains.ptinyos.lib.MicaLeds"> caused an exception to be thrown.
  in .CntToLedsAndRfm
Because:
Cannot find class: ptolemy.domains.ptinyos.lib.MicaLeds. In Ptolemy, classes are typically Java .class files. Entities like actors may instead be defined within a .xml file.  In any case, the class was not found. If the class uses a third party package, then the class would be present only if the third party package was found at compile time.  It may be necessary to upgrade Java or install the third party package, reconfigure and recompile.
Because:
-- /home/travis/build/icyphy/ptII/ptolemy/actor/ptalon/demo/ptinyos/SendAndReceiveCnt/ptolemy/domains/ptinyos/lib/MicaLeds.xml (No such file or directory)
-- XML file not found relative to classpath.
-- /home/travis/build/icyphy/ptII/ptolemy/vergil/basic/export/test/ptolemy/domains/ptinyos/lib/MicaLeds.xml
/home/travis/build/icyphy/ptII/ptolemy/vergil/basic/export/test/ptolemy/domains/ptinyos/lib/MicaLeds.xml (No such file or directory)
 in file:/home/travis/build/icyphy/ptII/ptolemy/actor/ptalon/demo/ptinyos/SendAndReceiveCnt/CntToLedsAndRfm.xml at line 132 and column 63
	at ptolemy.moml.SimpleErrorHandler.handleError(SimpleErrorHandler.java:75)
	at ptolemy.moml.MoMLParser.startElement(MoMLParser.java:3805)
	at com.microstar.xml.XmlParser.parseElement(XmlParser.java:921)
	at com.microstar.xml.XmlParser.parseContent(XmlParser.java:1104)
	at com.microstar.xml.XmlParser.parseElement(XmlParser.java:924)
	at com.microstar.xml.XmlParser.parseDocument(XmlParser.java:481)
	at com.microstar.xml.XmlParser.doParse(XmlParser.java:159)
	at com.microstar.xml.XmlParser.parse(XmlParser.java:132)
	at ptolemy.moml.MoMLParser.parse(MoMLParser.java:1676)
	at ptolemy.moml.MoMLParser.parse(MoMLParser.java:1595)
	at ptolemy.moml.MoMLParser.parse(MoMLParser.java:1537)
	at ptolemy.moml.MoMLParser._findOrParse(MoMLParser.java:5286)
	at ptolemy.moml.MoMLParser._attemptToFindMoMLClass(MoMLParser.java:4075)
	at ptolemy.moml.MoMLParser._createEntity(MoMLParser.java:4323)
	... 65 more
Caused by: ptolemy.kernel.util.IllegalActionException: Cannot find class: ptolemy.domains.ptinyos.lib.MicaLeds. In Ptolemy, classes are typically Java .class files. Entities like actors may instead be defined within a .xml file.  In any case, the class was not found. If the class uses a third party package, then the class would be present only if the third party package was found at compile time.  It may be necessary to upgrade Java or install the third party package, reconfigure and recompile.
Because:
-- /home/travis/build/icyphy/ptII/ptolemy/actor/ptalon/demo/ptinyos/SendAndReceiveCnt/ptolemy/domains/ptinyos/lib/MicaLeds.xml (No such file or directory)
-- XML file not found relative to classpath.
-- /home/travis/build/icyphy/ptII/ptolemy/vergil/basic/export/test/ptolemy/domains/ptinyos/lib/MicaLeds.xml
/home/travis/build/icyphy/ptII/ptolemy/vergil/basic/export/test/ptolemy/domains/ptinyos/lib/MicaLeds.xml (No such file or directory)
 in file:/home/travis/build/icyphy/ptII/ptolemy/actor/ptalon/demo/ptinyos/SendAndReceiveCnt/CntToLedsAndRfm.xml at line 132 and column 63
	at ptolemy.moml.MoMLParser._createEntity(MoMLParser.java:4330)
	at ptolemy.moml.MoMLParser.startElement(MoMLParser.java:2864)
	... 77 more
Caused by: com.microstar.xml.XmlException: -- /home/travis/build/icyphy/ptII/ptolemy/actor/ptalon/demo/ptinyos/SendAndReceiveCnt/ptolemy/domains/ptinyos/lib/MicaLeds.xml (No such file or directory)
-- XML file not found relative to classpath.
-- /home/travis/build/icyphy/ptII/ptolemy/vergil/basic/export/test/ptolemy/domains/ptinyos/lib/MicaLeds.xml
/home/travis/build/icyphy/ptII/ptolemy/vergil/basic/export/test/ptolemy/domains/ptinyos/lib/MicaLeds.xml (No such file or directory)
 in file:/home/travis/build/icyphy/ptII/ptolemy/actor/ptalon/demo/ptinyos/SendAndReceiveCnt/CntToLedsAndRfm.xml at line 132 and column 63
	at ptolemy.moml.MoMLParser.fileNameToURL(MoMLParser.java:1414)
	at ptolemy.moml.MoMLParser._findOrParse(MoMLParser.java:5283)
	at ptolemy.moml.MoMLParser._attemptToFindMoMLClass(MoMLParser.java:4075)
	at ptolemy.moml.MoMLParser._createEntity(MoMLParser.java:4323)
	... 78 more
Caused by: ptolemy.actor.ptalon.PtalonRuntimeException: Unable to add actor null
	at ptolemy.actor.ptalon.PtalonEvaluator.addActor(PtalonEvaluator.java:300)
	at ptolemy.actor.ptalon.PtalonPopulator.actor_declaration(PtalonPopulator.java:1574)
	at ptolemy.actor.ptalon.PtalonPopulator.atomic_statement(PtalonPopulator.java:1638)
	at ptolemy.actor.ptalon.PtalonPopulator.iterative_statement_evaluator(PtalonPopulator.java:2484)
	at ptolemy.actor.ptalon.AbstractPtalonEvaluator$IfTree.evaluateForScope(AbstractPtalonEvaluator.java:1307)
	at ptolemy.actor.ptalon.AbstractPtalonEvaluator.evaluateForScope(AbstractPtalonEvaluator.java:744)
	at ptolemy.actor.ptalon.PtalonPopulator.iterative_statement(PtalonPopulator.java:2363)
	at ptolemy.actor.ptalon.PtalonPopulator.actor_definition(PtalonPopulator.java:2809)
	at ptolemy.actor.ptalon.PtalonActor.attributeChanged(PtalonActor.java:206)
	at ptolemy.actor.ptalon.PtalonMLHandler.startElement(PtalonMLHandler.java:134)
	at com.microstar.xml.XmlParser.parseElement(XmlParser.java:921)
	at com.microstar.xml.XmlParser.parseContent(XmlParser.java:1104)
	at com.microstar.xml.XmlParser.parseElement(XmlParser.java:924)
	at com.microstar.xml.XmlParser.parseDocument(XmlParser.java:481)
	at com.microstar.xml.XmlParser.doParse(XmlParser.java:159)
	at com.microstar.xml.XmlParser.parse(XmlParser.java:132)
	at ptolemy.actor.ptalon.PtalonActor.configure(PtalonActor.java:240)
	at ptolemy.moml.MoMLParser.endElement(MoMLParser.java:996)
	at com.microstar.xml.XmlParser.parseETag(XmlParser.java:1026)
	at com.microstar.xml.XmlParser.parseContent(XmlParser.java:1098)
	at com.microstar.xml.XmlParser.parseElement(XmlParser.java:924)
	at com.microstar.xml.XmlParser.parseContent(XmlParser.java:1104)
	at com.microstar.xml.XmlParser.parseElement(XmlParser.java:924)
	at com.microstar.xml.XmlParser.parseContent(XmlParser.java:1104)
	at com.microstar.xml.XmlParser.parseElement(XmlParser.java:924)
	at com.microstar.xml.XmlParser.parseDocument(XmlParser.java:481)
	at com.microstar.xml.XmlParser.doParse(XmlParser.java:159)
	at com.microstar.xml.XmlParser.parse(XmlParser.java:132)
	at ptolemy.moml.MoMLParser.parse(MoMLParser.java:1676)
	at ptolemy.moml.MoMLParser.parse(MoMLParser.java:1595)
	at ptolemy.moml.MoMLParser.parse(MoMLParser.java:1537)
	at ptolemy.actor.gui.PtolemyEffigy$Factory.createEffigy(PtolemyEffigy.java:424)
	at ptolemy.actor.gui.EffigyFactory.createEffigy(EffigyFactory.java:234)
	at ptolemy.actor.gui.Configuration.openModel(Configuration.java:1125)
	at ptolemy.actor.gui.Configuration.openModel(Configuration.java:1051)
	at ptolemy.actor.gui.ConfigurationApplication._openModel(ConfigurationApplication.java:1252)
	at ptolemy.actor.gui.ConfigurationApplication._parseArg(ConfigurationApplication.java:1399)
	at ptolemy.actor.gui.ConfigurationApplication._parseArgs(ConfigurationApplication.java:1478)
	at ptolemy.actor.gui.ConfigurationApplication.<init>(ConfigurationApplication.java:277)
	at ptolemy.actor.gui.ConfigurationApplication.<init>(ConfigurationApplication.java:214)
	at ptolemy.actor.gui.ConfigurationApplication.<init>(ConfigurationApplication.java:201)
	at ptolemy.actor.gui.ConfigurationApplication.openModelOrEntity(ConfigurationApplication.java:680)
	at ptolemy.vergil.basic.export.ExportModel$1.run(ExportModel.java:220)
	at java.awt.event.InvocationEvent.dispatch(InvocationEvent.java:301)
	at java.awt.EventQueue.dispatchEventImpl(EventQueue.java:756)
	at java.awt.EventQueue.access$500(EventQueue.java:97)
	at java.awt.EventQueue$3.run(EventQueue.java:709)
	at java.awt.EventQueue$3.run(EventQueue.java:703)
	at java.security.AccessController.doPrivileged(Native Method)
	at java.security.ProtectionDomain$JavaSecurityAccessImpl.doIntersectionPrivilege(ProtectionDomain.java:80)
	at java.awt.EventQueue.dispatchEvent(EventQueue.java:726)
	at java.awt.EventDispatchThread.pumpOneEventForFilters(EventDispatchThread.java:201)
	at java.awt.EventDispatchThread.pumpEventsForFilter(EventDispatchThread.java:116)
	at java.awt.EventDispatchThread.pumpEventsForHierarchy(EventDispatchThread.java:105)
	at java.awt.EventDispatchThread.pumpEvents(EventDispatchThread.java:101)
	at java.awt.EventDispatchThread.pumpEvents(EventDispatchThread.java:93)
	at java.awt.EventDispatchThread.run(EventDispatchThread.java:82)
Caused by: ptolemy.kernel.util.InternalErrorException: Element <entity name="sender1" class="ptolemy.actor.ptalon.demo.ptinyos.SendAndReceiveCnt.CntToLedsAndRfm"> caused an exception to be thrown.
  in .SendAndReceiveCnt.SendAndReceiveCnt
Because:
Cannot find class: ptolemy.actor.ptalon.demo.ptinyos.SendAndReceiveCnt.CntToLedsAndRfm. In Ptolemy, classes are typically Java .class files. Entities like actors may instead be defined within a .xml file.  In any case, the class was not found. If the class uses a third party package, then the class would be present only if the third party package was found at compile time.  It may be necessary to upgrade Java or install the third party package, reconfigure and recompile.
Because:
Element <entity name="MicaLeds" class="ptolemy.domains.ptinyos.lib.MicaLeds"> caused an exception to be thrown.
  in .CntToLedsAndRfm
Because:
Cannot find class: ptolemy.domains.ptinyos.lib.MicaLeds. In Ptolemy, classes are typically Java .class files. Entities like actors may instead be defined within a .xml file.  In any case, the class was not found. If the class uses a third party package, then the class would be present only if the third party package was found at compile time.  It may be necessary to upgrade Java or install the third party package, reconfigure and recompile.
Because:
-- /home/travis/build/icyphy/ptII/ptolemy/actor/ptalon/demo/ptinyos/SendAndReceiveCnt/ptolemy/domains/ptinyos/lib/MicaLeds.xml (No such file or directory)
-- XML file not found relative to classpath.
-- /home/travis/build/icyphy/ptII/ptolemy/vergil/basic/export/test/ptolemy/domains/ptinyos/lib/MicaLeds.xml
/home/travis/build/icyphy/ptII/ptolemy/vergil/basic/export/test/ptolemy/domains/ptinyos/lib/MicaLeds.xml (No such file or directory)
 in file:/home/travis/build/icyphy/ptII/ptolemy/actor/ptalon/demo/ptinyos/SendAndReceiveCnt/CntToLedsAndRfm.xml at line 132 and column 63
	at ptolemy.moml.SimpleErrorHandler.handleError(SimpleErrorHandler.java:75)
	at ptolemy.moml.MoMLParser.startElement(MoMLParser.java:3805)
	at com.microstar.xml.XmlParser.parseElement(XmlParser.java:931)
	at com.microstar.xml.XmlParser.parseDocument(XmlParser.java:481)
	at com.microstar.xml.XmlParser.doParse(XmlParser.java:159)
	at com.microstar.xml.XmlParser.parse(XmlParser.java:132)
	at ptolemy.moml.MoMLParser.parse(MoMLParser.java:1660)
	at ptolemy.moml.MoMLParser.parse(MoMLParser.java:1617)
	at ptolemy.moml.MoMLParser.parse(MoMLParser.java:1792)
	at ptolemy.actor.ptalon.PtalonEvaluator.addActor(PtalonEvaluator.java:241)
	... 56 more
Caused by: ptolemy.kernel.util.IllegalActionException: Cannot find class: ptolemy.actor.ptalon.demo.ptinyos.SendAndReceiveCnt.CntToLedsAndRfm. In Ptolemy, classes are typically Java .class files. Entities like actors may instead be defined within a .xml file.  In any case, the class was not found. If the class uses a third party package, then the class would be present only if the third party package was found at compile time.  It may be necessary to upgrade Java or install the third party package, reconfigure and recompile.
Because:
Element <entity name="MicaLeds" class="ptolemy.domains.ptinyos.lib.MicaLeds"> caused an exception to be thrown.
  in .CntToLedsAndRfm
Because:
Cannot find class: ptolemy.domains.ptinyos.lib.MicaLeds. In Ptolemy, classes are typically Java .class files. Entities like actors may instead be defined within a .xml file.  In any case, the class was not found. If the class uses a third party package, then the class would be present only if the third party package was found at compile time.  It may be necessary to upgrade Java or install the third party package, reconfigure and recompile.
Because:
-- /home/travis/build/icyphy/ptII/ptolemy/actor/ptalon/demo/ptinyos/SendAndReceiveCnt/ptolemy/domains/ptinyos/lib/MicaLeds.xml (No such file or directory)
-- XML file not found relative to classpath.
-- /home/travis/build/icyphy/ptII/ptolemy/vergil/basic/export/test/ptolemy/domains/ptinyos/lib/MicaLeds.xml
/home/travis/build/icyphy/ptII/ptolemy/vergil/basic/export/test/ptolemy/domains/ptinyos/lib/MicaLeds.xml (No such file or directory)
 in file:/home/travis/build/icyphy/ptII/ptolemy/actor/ptalon/demo/ptinyos/SendAndReceiveCnt/CntToLedsAndRfm.xml at line 132 and column 63
	at ptolemy.moml.MoMLParser._createEntity(MoMLParser.java:4330)
	at ptolemy.moml.MoMLParser.startElement(MoMLParser.java:2864)
	... 64 more
Caused by: ptolemy.kernel.util.InternalErrorException: Element <entity name="MicaLeds" class="ptolemy.domains.ptinyos.lib.MicaLeds"> caused an exception to be thrown.
  in .CntToLedsAndRfm
Because:
Cannot find class: ptolemy.domains.ptinyos.lib.MicaLeds. In Ptolemy, classes are typically Java .class files. Entities like actors may instead be defined within a .xml file.  In any case, the class was not found. If the class uses a third party package, then the class would be present only if the third party package was found at compile time.  It may be necessary to upgrade Java or install the third party package, reconfigure and recompile.
Because:
-- /home/travis/build/icyphy/ptII/ptolemy/actor/ptalon/demo/ptinyos/SendAndReceiveCnt/ptolemy/domains/ptinyos/lib/MicaLeds.xml (No such file or directory)
-- XML file not found relative to classpath.
-- /home/travis/build/icyphy/ptII/ptolemy/vergil/basic/export/test/ptolemy/domains/ptinyos/lib/MicaLeds.xml
/home/travis/build/icyphy/ptII/ptolemy/vergil/basic/export/test/ptolemy/domains/ptinyos/lib/MicaLeds.xml (No such file or directory)
 in file:/home/travis/build/icyphy/ptII/ptolemy/actor/ptalon/demo/ptinyos/SendAndReceiveCnt/CntToLedsAndRfm.xml at line 132 and column 63
	at ptolemy.moml.SimpleErrorHandler.handleError(SimpleErrorHandler.java:75)
	at ptolemy.moml.MoMLParser.startElement(MoMLParser.java:3805)
	at com.microstar.xml.XmlParser.parseElement(XmlParser.java:921)
	at com.microstar.xml.XmlParser.parseContent(XmlParser.java:1104)
	at com.microstar.xml.XmlParser.parseElement(XmlParser.java:924)
	at com.microstar.xml.XmlParser.parseDocument(XmlParser.java:481)
	at com.microstar.xml.XmlParser.doParse(XmlParser.java:159)
	at com.microstar.xml.XmlParser.parse(XmlParser.java:132)
	at ptolemy.moml.MoMLParser.parse(MoMLParser.java:1676)
	at ptolemy.moml.MoMLParser.parse(MoMLParser.java:1595)
	at ptolemy.moml.MoMLParser.parse(MoMLParser.java:1537)
	at ptolemy.moml.MoMLParser._findOrParse(MoMLParser.java:5286)
	at ptolemy.moml.MoMLParser._attemptToFindMoMLClass(MoMLParser.java:4075)
	at ptolemy.moml.MoMLParser._createEntity(MoMLParser.java:4323)
	... 65 more
Caused by: ptolemy.kernel.util.IllegalActionException: Cannot find class: ptolemy.domains.ptinyos.lib.MicaLeds. In Ptolemy, classes are typically Java .class files. Entities like actors may instead be defined within a .xml file.  In any case, the class was not found. If the class uses a third party package, then the class would be present only if the third party package was found at compile time.  It may be necessary to upgrade Java or install the third party package, reconfigure and recompile.
Because:
-- /home/travis/build/icyphy/ptII/ptolemy/actor/ptalon/demo/ptinyos/SendAndReceiveCnt/ptolemy/domains/ptinyos/lib/MicaLeds.xml (No such file or directory)
-- XML file not found relative to classpath.
-- /home/travis/build/icyphy/ptII/ptolemy/vergil/basic/export/test/ptolemy/domains/ptinyos/lib/MicaLeds.xml
/home/travis/build/icyphy/ptII/ptolemy/vergil/basic/export/test/ptolemy/domains/ptinyos/lib/MicaLeds.xml (No such file or directory)
 in file:/home/travis/build/icyphy/ptII/ptolemy/actor/ptalon/demo/ptinyos/SendAndReceiveCnt/CntToLedsAndRfm.xml at line 132 and column 63
	at ptolemy.moml.MoMLParser._createEntity(MoMLParser.java:4330)
	at ptolemy.moml.MoMLParser.startElement(MoMLParser.java:2864)
	... 77 more
Caused by: com.microstar.xml.XmlException: -- /home/travis/build/icyphy/ptII/ptolemy/actor/ptalon/demo/ptinyos/SendAndReceiveCnt/ptolemy/domains/ptinyos/lib/MicaLeds.xml (No such file or directory)
-- XML file not found relative to classpath.
-- /home/travis/build/icyphy/ptII/ptolemy/vergil/basic/export/test/ptolemy/domains/ptinyos/lib/MicaLeds.xml
/home/travis/build/icyphy/ptII/ptolemy/vergil/basic/export/test/ptolemy/domains/ptinyos/lib/MicaLeds.xml (No such file or directory)
 in file:/home/travis/build/icyphy/ptII/ptolemy/actor/ptalon/demo/ptinyos/SendAndReceiveCnt/CntToLedsAndRfm.xml at line 132 and column 63
	at ptolemy.moml.MoMLParser.fileNameToURL(MoMLParser.java:1414)
	at ptolemy.moml.MoMLParser._findOrParse(MoMLParser.java:5283)
	at ptolemy.moml.MoMLParser._attemptToFindMoMLClass(MoMLParser.java:4075)
	at ptolemy.moml.MoMLParser._createEntity(MoMLParser.java:4323)
	... 78 more
Failed to read file:/home/travis/build/icyphy/ptII/ptolemy/actor/ptalon/demo/ptinyos/SendAndReceiveCnt/SendAndReceiveCnt.xml
ptolemy.kernel.util.IllegalActionException: Failed to process attribute change to PtalonParameter, whose value is "ptolemy.actor.ptalon.PtalonExpressionParameter {.SendAndReceiveCnt.SendAndReceiveCnt.channelName} "AtomicWirelessChannel"".
  in .SendAndReceiveCnt.SendAndReceiveCnt
Because:
Unable to add actor null
	at ptolemy.actor.ptalon.PtalonActor.attributeChanged(PtalonActor.java:211)
	at ptolemy.actor.ptalon.PtalonMLHandler.startElement(PtalonMLHandler.java:134)
	at com.microstar.xml.XmlParser.parseElement(XmlParser.java:921)
	at com.microstar.xml.XmlParser.parseContent(XmlParser.java:1104)
	at com.microstar.xml.XmlParser.parseElement(XmlParser.java:924)
	at com.microstar.xml.XmlParser.parseDocument(XmlParser.java:481)
	at com.microstar.xml.XmlParser.doParse(XmlParser.java:159)
	at com.microstar.xml.XmlParser.parse(XmlParser.java:132)
	at ptolemy.actor.ptalon.PtalonActor.configure(PtalonActor.java:240)
	at ptolemy.moml.MoMLParser.endElement(MoMLParser.java:996)
	at com.microstar.xml.XmlParser.parseETag(XmlParser.java:1026)
	at com.microstar.xml.XmlParser.parseContent(XmlParser.java:1098)
	at com.microstar.xml.XmlParser.parseElement(XmlParser.java:924)
	at com.microstar.xml.XmlParser.parseContent(XmlParser.java:1104)
	at com.microstar.xml.XmlParser.parseElement(XmlParser.java:924)
	at com.microstar.xml.XmlParser.parseContent(XmlParser.java:1104)
	at com.microstar.xml.XmlParser.parseElement(XmlParser.java:924)
	at com.microstar.xml.XmlParser.parseDocument(XmlParser.java:481)
	at com.microstar.xml.XmlParser.doParse(XmlParser.java:159)
	at com.microstar.xml.XmlParser.parse(XmlParser.java:132)
	at ptolemy.moml.MoMLParser.parse(MoMLParser.java:1676)
	at ptolemy.moml.MoMLParser.parse(MoMLParser.java:1595)
	at ptolemy.moml.MoMLParser.parse(MoMLParser.java:1537)
	at ptolemy.actor.gui.PtolemyEffigy$Factory.createEffigy(PtolemyEffigy.java:424)
	at ptolemy.actor.gui.EffigyFactory.createEffigy(EffigyFactory.java:234)
	at ptolemy.actor.gui.Configuration.openModel(Configuration.java:1125)
	at ptolemy.actor.gui.Configuration.openModel(Configuration.java:1051)
	at ptolemy.actor.gui.ConfigurationApplication._openModel(ConfigurationApplication.java:1252)
	at ptolemy.actor.gui.ConfigurationApplication._parseArg(ConfigurationApplication.java:1399)
	at ptolemy.actor.gui.ConfigurationApplication._parseArgs(ConfigurationApplication.java:1478)
	at ptolemy.actor.gui.ConfigurationApplication.<init>(ConfigurationApplication.java:277)
	at ptolemy.actor.gui.ConfigurationApplication.<init>(ConfigurationApplication.java:214)
	at ptolemy.actor.gui.ConfigurationApplication.<init>(ConfigurationApplication.java:201)
	at ptolemy.actor.gui.ConfigurationApplication.openModelOrEntity(ConfigurationApplication.java:680)
	at ptolemy.vergil.basic.export.ExportModel$1.run(ExportModel.java:220)
	at java.awt.event.InvocationEvent.dispatch(InvocationEvent.java:301)
	at java.awt.EventQueue.dispatchEventImpl(EventQueue.java:756)
	at java.awt.EventQueue.access$500(EventQueue.java:97)
	at java.awt.EventQueue$3.run(EventQueue.java:709)
	at java.awt.EventQueue$3.run(EventQueue.java:703)
	at java.security.AccessController.doPrivileged(Native Method)
	at java.security.ProtectionDomain$JavaSecurityAccessImpl.doIntersectionPrivilege(ProtectionDomain.java:80)
	at java.awt.EventQueue.dispatchEvent(EventQueue.java:726)
	at java.awt.EventDispatchThread.pumpOneEventForFilters(EventDispatchThread.java:201)
	at java.awt.EventDispatchThread.pumpEventsForFilter(EventDispatchThread.java:116)
	at java.awt.EventDispatchThread.pumpEventsForHierarchy(EventDispatchThread.java:105)
	at java.awt.EventDispatchThread.pumpEvents(EventDispatchThread.java:101)
	at java.awt.EventDispatchThread.pumpEvents(EventDispatchThread.java:93)
	at java.awt.EventDispatchThread.run(EventDispatchThread.java:82)
Caused by: ptolemy.actor.ptalon.PtalonRuntimeException: Unable to add actor null
	at ptolemy.actor.ptalon.PtalonEvaluator.addActor(PtalonEvaluator.java:300)
	at ptolemy.actor.ptalon.PtalonPopulator.actor_declaration(PtalonPopulator.java:1574)
	at ptolemy.actor.ptalon.PtalonPopulator.atomic_statement(PtalonPopulator.java:1638)
	at ptolemy.actor.ptalon.PtalonPopulator.iterative_statement_evaluator(PtalonPopulator.java:2484)
	at ptolemy.actor.ptalon.AbstractPtalonEvaluator$IfTree.evaluateForScope(AbstractPtalonEvaluator.java:1307)
	at ptolemy.actor.ptalon.AbstractPtalonEvaluator.evaluateForScope(AbstractPtalonEvaluator.java:744)
	at ptolemy.actor.ptalon.PtalonPopulator.iterative_statement(PtalonPopulator.java:2363)
	at ptolemy.actor.ptalon.PtalonPopulator.actor_definition(PtalonPopulator.java:2809)
	at ptolemy.actor.ptalon.PtalonActor.attributeChanged(PtalonActor.java:206)
	... 48 more
Caused by: ptolemy.kernel.util.InternalErrorException: Element <entity name="sender1" class="ptolemy.actor.ptalon.demo.ptinyos.SendAndReceiveCnt.CntToLedsAndRfm"> caused an exception to be thrown.
  in .SendAndReceiveCnt.SendAndReceiveCnt
Because:
Cannot find class: ptolemy.actor.ptalon.demo.ptinyos.SendAndReceiveCnt.CntToLedsAndRfm. In Ptolemy, classes are typically Java .class files. Entities like actors may instead be defined within a .xml file.  In any case, the class was not found. If the class uses a third party package, then the class would be present only if the third party package was found at compile time.  It may be necessary to upgrade Java or install the third party package, reconfigure and recompile.
Because:
Element <entity name="MicaLeds" class="ptolemy.domains.ptinyos.lib.MicaLeds"> caused an exception to be thrown.
  in .CntToLedsAndRfm
Because:
Cannot find class: ptolemy.domains.ptinyos.lib.MicaLeds. In Ptolemy, classes are typically Java .class files. Entities like actors may instead be defined within a .xml file.  In any case, the class was not found. If the class uses a third party package, then the class would be present only if the third party package was found at compile time.  It may be necessary to upgrade Java or install the third party package, reconfigure and recompile.
Because:
-- /home/travis/build/icyphy/ptII/ptolemy/actor/ptalon/demo/ptinyos/SendAndReceiveCnt/ptolemy/domains/ptinyos/lib/MicaLeds.xml (No such file or directory)
-- XML file not found relative to classpath.
-- /home/travis/build/icyphy/ptII/ptolemy/vergil/basic/export/test/ptolemy/domains/ptinyos/lib/MicaLeds.xml
/home/travis/build/icyphy/ptII/ptolemy/vergil/basic/export/test/ptolemy/domains/ptinyos/lib/MicaLeds.xml (No such file or directory)
 in file:/home/travis/build/icyphy/ptII/ptolemy/actor/ptalon/demo/ptinyos/SendAndReceiveCnt/CntToLedsAndRfm.xml at line 132 and column 63
	at ptolemy.moml.SimpleErrorHandler.handleError(SimpleErrorHandler.java:75)
	at ptolemy.moml.MoMLParser.startElement(MoMLParser.java:3805)
	at com.microstar.xml.XmlParser.parseElement(XmlParser.java:931)
	at com.microstar.xml.XmlParser.parseDocument(XmlParser.java:481)
	at com.microstar.xml.XmlParser.doParse(XmlParser.java:159)
	at com.microstar.xml.XmlParser.parse(XmlParser.java:132)
	at ptolemy.moml.MoMLParser.parse(MoMLParser.java:1660)
	at ptolemy.moml.MoMLParser.parse(MoMLParser.java:1617)
	at ptolemy.moml.MoMLParser.parse(MoMLParser.java:1792)
	at ptolemy.actor.ptalon.PtalonEvaluator.addActor(PtalonEvaluator.java:241)
	... 56 more
Caused by: ptolemy.kernel.util.IllegalActionException: Cannot find class: ptolemy.actor.ptalon.demo.ptinyos.SendAndReceiveCnt.CntToLedsAndRfm. In Ptolemy, classes are typically Java .class files. Entities like actors may instead be defined within a .xml file.  In any case, the class was not found. If the class uses a third party package, then the class would be present only if the third party package was found at compile time.  It may be necessary to upgrade Java or install the third party package, reconfigure and recompile.
Because:
Element <entity name="MicaLeds" class="ptolemy.domains.ptinyos.lib.MicaLeds"> caused an exception to be thrown.
  in .CntToLedsAndRfm
Because:
Cannot find class: ptolemy.domains.ptinyos.lib.MicaLeds. In Ptolemy, classes are typically Java .class files. Entities like actors may instead be defined within a .xml file.  In any case, the class was not found. If the class uses a third party package, then the class would be present only if the third party package was found at compile time.  It may be necessary to upgrade Java or install the third party package, reconfigure and recompile.
Because:
-- /home/travis/build/icyphy/ptII/ptolemy/actor/ptalon/demo/ptinyos/SendAndReceiveCnt/ptolemy/domains/ptinyos/lib/MicaLeds.xml (No such file or directory)
-- XML file not found relative to classpath.
-- /home/travis/build/icyphy/ptII/ptolemy/vergil/basic/export/test/ptolemy/domains/ptinyos/lib/MicaLeds.xml
/home/travis/build/icyphy/ptII/ptolemy/vergil/basic/export/test/ptolemy/domains/ptinyos/lib/MicaLeds.xml (No such file or directory)
 in file:/home/travis/build/icyphy/ptII/ptolemy/actor/ptalon/demo/ptinyos/SendAndReceiveCnt/CntToLedsAndRfm.xml at line 132 and column 63
	at ptolemy.moml.MoMLParser._createEntity(MoMLParser.java:4330)
	at ptolemy.moml.MoMLParser.startElement(MoMLParser.java:2864)
	... 64 more
Caused by: ptolemy.kernel.util.InternalErrorException: Element <entity name="MicaLeds" class="ptolemy.domains.ptinyos.lib.MicaLeds"> caused an exception to be thrown.
  in .CntToLedsAndRfm
Because:
Cannot find class: ptolemy.domains.ptinyos.lib.MicaLeds. In Ptolemy, classes are typically Java .class files. Entities like actors may instead be defined within a .xml file.  In any case, the class was not found. If the class uses a third party package, then the class would be present only if the third party package was found at compile time.  It may be necessary to upgrade Java or install the third party package, reconfigure and recompile.
Because:
-- /home/travis/build/icyphy/ptII/ptolemy/actor/ptalon/demo/ptinyos/SendAndReceiveCnt/ptolemy/domains/ptinyos/lib/MicaLeds.xml (No such file or directory)
-- XML file not found relative to classpath.
-- /home/travis/build/icyphy/ptII/ptolemy/vergil/basic/export/test/ptolemy/domains/ptinyos/lib/MicaLeds.xml
/home/travis/build/icyphy/ptII/ptolemy/vergil/basic/export/test/ptolemy/domains/ptinyos/lib/MicaLeds.xml (No such file or directory)
 in file:/home/travis/build/icyphy/ptII/ptolemy/actor/ptalon/demo/ptinyos/SendAndReceiveCnt/CntToLedsAndRfm.xml at line 132 and column 63
	at ptolemy.moml.SimpleErrorHandler.handleError(SimpleErrorHandler.java:75)
	at ptolemy.moml.MoMLParser.startElement(MoMLParser.java:3805)
	at com.microstar.xml.XmlParser.parseElement(XmlParser.java:921)
	at com.microstar.xml.XmlParser.parseContent(XmlParser.java:1104)
	at com.microstar.xml.XmlParser.parseElement(XmlParser.java:924)
	at com.microstar.xml.XmlParser.parseDocument(XmlParser.java:481)
	at com.microstar.xml.XmlParser.doParse(XmlParser.java:159)
	at com.microstar.xml.XmlParser.parse(XmlParser.java:132)
	at ptolemy.moml.MoMLParser.parse(MoMLParser.java:1676)
	at ptolemy.moml.MoMLParser.parse(MoMLParser.java:1595)
	at ptolemy.moml.MoMLParser.parse(MoMLParser.java:1537)
	at ptolemy.moml.MoMLParser._findOrParse(MoMLParser.java:5286)
	at ptolemy.moml.MoMLParser._attemptToFindMoMLClass(MoMLParser.java:4075)
	at ptolemy.moml.MoMLParser._createEntity(MoMLParser.java:4323)
	... 65 more
Caused by: ptolemy.kernel.util.IllegalActionException: Cannot find class: ptolemy.domains.ptinyos.lib.MicaLeds. In Ptolemy, classes are typically Java .class files. Entities like actors may instead be defined within a .xml file.  In any case, the class was not found. If the class uses a third party package, then the class would be present only if the third party package was found at compile time.  It may be necessary to upgrade Java or install the third party package, reconfigure and recompile.
Because:
-- /home/travis/build/icyphy/ptII/ptolemy/actor/ptalon/demo/ptinyos/SendAndReceiveCnt/ptolemy/domains/ptinyos/lib/MicaLeds.xml (No such file or directory)
-- XML file not found relative to classpath.
-- /home/travis/build/icyphy/ptII/ptolemy/vergil/basic/export/test/ptolemy/domains/ptinyos/lib/MicaLeds.xml
/home/travis/build/icyphy/ptII/ptolemy/vergil/basic/export/test/ptolemy/domains/ptinyos/lib/MicaLeds.xml (No such file or directory)
 in file:/home/travis/build/icyphy/ptII/ptolemy/actor/ptalon/demo/ptinyos/SendAndReceiveCnt/CntToLedsAndRfm.xml at line 132 and column 63
	at ptolemy.moml.MoMLParser._createEntity(MoMLParser.java:4330)
	at ptolemy.moml.MoMLParser.startElement(MoMLParser.java:2864)
	... 77 more
Caused by: com.microstar.xml.XmlException: -- /home/travis/build/icyphy/ptII/ptolemy/actor/ptalon/demo/ptinyos/SendAndReceiveCnt/ptolemy/domains/ptinyos/lib/MicaLeds.xml (No such file or directory)
-- XML file not found relative to classpath.
-- /home/travis/build/icyphy/ptII/ptolemy/vergil/basic/export/test/ptolemy/domains/ptinyos/lib/MicaLeds.xml
/home/travis/build/icyphy/ptII/ptolemy/vergil/basic/export/test/ptolemy/domains/ptinyos/lib/MicaLeds.xml (No such file or directory)
 in file:/home/travis/build/icyphy/ptII/ptolemy/actor/ptalon/demo/ptinyos/SendAndReceiveCnt/CntToLedsAndRfm.xml at line 132 and column 63
	at ptolemy.moml.MoMLParser.fileNameToURL(MoMLParser.java:1414)
	at ptolemy.moml.MoMLParser._findOrParse(MoMLParser.java:5283)
	at ptolemy.moml.MoMLParser._attemptToFindMoMLClass(MoMLParser.java:4075)
	at ptolemy.moml.MoMLParser._createEntity(MoMLParser.java:4323)
	... 78 more
Caused by: ptolemy.actor.ptalon.PtalonRuntimeException: Unable to add actor null
	at ptolemy.actor.ptalon.PtalonEvaluator.addActor(PtalonEvaluator.java:300)
	at ptolemy.actor.ptalon.PtalonPopulator.actor_declaration(PtalonPopulator.java:1574)
	at ptolemy.actor.ptalon.PtalonPopulator.atomic_statement(PtalonPopulator.java:1638)
	at ptolemy.actor.ptalon.PtalonPopulator.iterative_statement_evaluator(PtalonPopulator.java:2484)
	at ptolemy.actor.ptalon.AbstractPtalonEvaluator$IfTree.evaluateForScope(AbstractPtalonEvaluator.java:1307)
	at ptolemy.actor.ptalon.AbstractPtalonEvaluator.evaluateForScope(AbstractPtalonEvaluator.java:744)
	at ptolemy.actor.ptalon.PtalonPopulator.iterative_statement(PtalonPopulator.java:2363)
	at ptolemy.actor.ptalon.PtalonPopulator.actor_definition(PtalonPopulator.java:2809)
	at ptolemy.actor.ptalon.PtalonActor.attributeChanged(PtalonActor.java:206)
	at ptolemy.actor.ptalon.PtalonMLHandler.startElement(PtalonMLHandler.java:134)
	at com.microstar.xml.XmlParser.parseElement(XmlParser.java:921)
	at com.microstar.xml.XmlParser.parseContent(XmlParser.java:1104)
	at com.microstar.xml.XmlParser.parseElement(XmlParser.java:924)
	at com.microstar.xml.XmlParser.parseDocument(XmlParser.java:481)
	at com.microstar.xml.XmlParser.doParse(XmlParser.java:159)
	at com.microstar.xml.XmlParser.parse(XmlParser.java:132)
	at ptolemy.actor.ptalon.PtalonActor.configure(PtalonActor.java:240)
	at ptolemy.moml.MoMLParser.endElement(MoMLParser.java:996)
	at com.microstar.xml.XmlParser.parseETag(XmlParser.java:1026)
	at com.microstar.xml.XmlParser.parseContent(XmlParser.java:1098)
	at com.microstar.xml.XmlParser.parseElement(XmlParser.java:924)
	at com.microstar.xml.XmlParser.parseContent(XmlParser.java:1104)
	at com.microstar.xml.XmlParser.parseElement(XmlParser.java:924)
	at com.microstar.xml.XmlParser.parseContent(XmlParser.java:1104)
	at com.microstar.xml.XmlParser.parseElement(XmlParser.java:924)
	at com.microstar.xml.XmlParser.parseDocument(XmlParser.java:481)
	at com.microstar.xml.XmlParser.doParse(XmlParser.java:159)
	at com.microstar.xml.XmlParser.parse(XmlParser.java:132)
	at ptolemy.moml.MoMLParser.parse(MoMLParser.java:1676)
	at ptolemy.moml.MoMLParser.parse(MoMLParser.java:1595)
	at ptolemy.moml.MoMLParser.parse(MoMLParser.java:1537)
	at ptolemy.actor.gui.PtolemyEffigy$Factory.createEffigy(PtolemyEffigy.java:424)
	at ptolemy.actor.gui.EffigyFactory.createEffigy(EffigyFactory.java:234)
	at ptolemy.actor.gui.Configuration.openModel(Configuration.java:1125)
	at ptolemy.actor.gui.Configuration.openModel(Configuration.java:1051)
	at ptolemy.actor.gui.ConfigurationApplication._openModel(ConfigurationApplication.java:1252)
	at ptolemy.actor.gui.ConfigurationApplication._parseArg(ConfigurationApplication.java:1399)
	at ptolemy.actor.gui.ConfigurationApplication._parseArgs(ConfigurationApplication.java:1478)
	at ptolemy.actor.gui.ConfigurationApplication.<init>(ConfigurationApplication.java:277)
	at ptolemy.actor.gui.ConfigurationApplication.<init>(ConfigurationApplication.java:214)
	at ptolemy.actor.gui.ConfigurationApplication.<init>(ConfigurationApplication.java:201)
	at ptolemy.actor.gui.ConfigurationApplication.openModelOrEntity(ConfigurationApplication.java:680)
	at ptolemy.vergil.basic.export.ExportModel$1.run(ExportModel.java:220)
	at java.awt.event.InvocationEvent.dispatch(InvocationEvent.java:301)
	at java.awt.EventQueue.dispatchEventImpl(EventQueue.java:756)
	at java.awt.EventQueue.access$500(EventQueue.java:97)
	at java.awt.EventQueue$3.run(EventQueue.java:709)
	at java.awt.EventQueue$3.run(EventQueue.java:703)
	at java.security.AccessController.doPrivileged(Native Method)
	at java.security.ProtectionDomain$JavaSecurityAccessImpl.doIntersectionPrivilege(ProtectionDomain.java:80)
	at java.awt.EventQueue.dispatchEvent(EventQueue.java:726)
	at java.awt.EventDispatchThread.pumpOneEventForFilters(EventDispatchThread.java:201)
	at java.awt.EventDispatchThread.pumpEventsForFilter(EventDispatchThread.java:116)
	at java.awt.EventDispatchThread.pumpEventsForHierarchy(EventDispatchThread.java:105)
	at java.awt.EventDispatchThread.pumpEvents(EventDispatchThread.java:101)
	at java.awt.EventDispatchThread.pumpEvents(EventDispatchThread.java:93)
	at java.awt.EventDispatchThread.run(EventDispatchThread.java:82)
Caused by: ptolemy.kernel.util.InternalErrorException: Element <entity name="sender1" class="ptolemy.actor.ptalon.demo.ptinyos.SendAndReceiveCnt.CntToLedsAndRfm"> caused an exception to be thrown.
  in .SendAndReceiveCnt.SendAndReceiveCnt
Because:
Cannot find class: ptolemy.actor.ptalon.demo.ptinyos.SendAndReceiveCnt.CntToLedsAndRfm. In Ptolemy, classes are typically Java .class files. Entities like actors may instead be defined within a .xml file.  In any case, the class was not found. If the class uses a third party package, then the class would be present only if the third party package was found at compile time.  It may be necessary to upgrade Java or install the third party package, reconfigure and recompile.
Because:
Element <entity name="MicaLeds" class="ptolemy.domains.ptinyos.lib.MicaLeds"> caused an exception to be thrown.
  in .CntToLedsAndRfm
Because:
Cannot find class: ptolemy.domains.ptinyos.lib.MicaLeds. In Ptolemy, classes are typically Java .class files. Entities like actors may instead be defined within a .xml file.  In any case, the class was not found. If the class uses a third party package, then the class would be present only if the third party package was found at compile time.  It may be necessary to upgrade Java or install the third party package, reconfigure and recompile.
Because:
-- /home/travis/build/icyphy/ptII/ptolemy/actor/ptalon/demo/ptinyos/SendAndReceiveCnt/ptolemy/domains/ptinyos/lib/MicaLeds.xml (No such file or directory)
-- XML file not found relative to classpath.
-- /home/travis/build/icyphy/ptII/ptolemy/vergil/basic/export/test/ptolemy/domains/ptinyos/lib/MicaLeds.xml
/home/travis/build/icyphy/ptII/ptolemy/vergil/basic/export/test/ptolemy/domains/ptinyos/lib/MicaLeds.xml (No such file or directory)
 in file:/home/travis/build/icyphy/ptII/ptolemy/actor/ptalon/demo/ptinyos/SendAndReceiveCnt/CntToLedsAndRfm.xml at line 132 and column 63
	at ptolemy.moml.SimpleErrorHandler.handleError(SimpleErrorHandler.java:75)
	at ptolemy.moml.MoMLParser.startElement(MoMLParser.java:3805)
	at com.microstar.xml.XmlParser.parseElement(XmlParser.java:931)
	at com.microstar.xml.XmlParser.parseDocument(XmlParser.java:481)
	at com.microstar.xml.XmlParser.doParse(XmlParser.java:159)
	at com.microstar.xml.XmlParser.parse(XmlParser.java:132)
	at ptolemy.moml.MoMLParser.parse(MoMLParser.java:1660)
	at ptolemy.moml.MoMLParser.parse(MoMLParser.java:1617)
	at ptolemy.moml.MoMLParser.parse(MoMLParser.java:1792)
	at ptolemy.actor.ptalon.PtalonEvaluator.addActor(PtalonEvaluator.java:241)
	... 56 more
Caused by: ptolemy.kernel.util.IllegalActionException: Cannot find class: ptolemy.actor.ptalon.demo.ptinyos.SendAndReceiveCnt.CntToLedsAndRfm. In Ptolemy, classes are typically Java .class files. Entities like actors may instead be defined within a .xml file.  In any case, the class was not found. If the class uses a third party package, then the class would be present only if the third party package was found at compile time.  It may be necessary to upgrade Java or install the third party package, reconfigure and recompile.
Because:
Element <entity name="MicaLeds" class="ptolemy.domains.ptinyos.lib.MicaLeds"> caused an exception to be thrown.
  in .CntToLedsAndRfm
Because:
Cannot find class: ptolemy.domains.ptinyos.lib.MicaLeds. In Ptolemy, classes are typically Java .class files. Entities like actors may instead be defined within a .xml file.  In any case, the class was not found. If the class uses a third party package, then the class would be present only if the third party package was found at compile time.  It may be necessary to upgrade Java or install the third party package, reconfigure and recompile.
Because:
-- /home/travis/build/icyphy/ptII/ptolemy/actor/ptalon/demo/ptinyos/SendAndReceiveCnt/ptolemy/domains/ptinyos/lib/MicaLeds.xml (No such file or directory)
-- XML file not found relative to classpath.
-- /home/travis/build/icyphy/ptII/ptolemy/vergil/basic/export/test/ptolemy/domains/ptinyos/lib/MicaLeds.xml
/home/travis/build/icyphy/ptII/ptolemy/vergil/basic/export/test/ptolemy/domains/ptinyos/lib/MicaLeds.xml (No such file or directory)
 in file:/home/travis/build/icyphy/ptII/ptolemy/actor/ptalon/demo/ptinyos/SendAndReceiveCnt/CntToLedsAndRfm.xml at line 132 and column 63
	at ptolemy.moml.MoMLParser._createEntity(MoMLParser.java:4330)
	at ptolemy.moml.MoMLParser.startElement(MoMLParser.java:2864)
	... 64 more
Caused by: ptolemy.kernel.util.InternalErrorException: Element <entity name="MicaLeds" class="ptolemy.domains.ptinyos.lib.MicaLeds"> caused an exception to be thrown.
  in .CntToLedsAndRfm
Because:
Cannot find class: ptolemy.domains.ptinyos.lib.MicaLeds. In Ptolemy, classes are typically Java .class files. Entities like actors may instead be defined within a .xml file.  In any case, the class was not found. If the class uses a third party package, then the class would be present only if the third party package was found at compile time.  It may be necessary to upgrade Java or install the third party package, reconfigure and recompile.
Because:
-- /home/travis/build/icyphy/ptII/ptolemy/actor/ptalon/demo/ptinyos/SendAndReceiveCnt/ptolemy/domains/ptinyos/lib/MicaLeds.xml (No such file or directory)
-- XML file not found relative to classpath.
-- /home/travis/build/icyphy/ptII/ptolemy/vergil/basic/export/test/ptolemy/domains/ptinyos/lib/MicaLeds.xml
/home/travis/build/icyphy/ptII/ptolemy/vergil/basic/export/test/ptolemy/domains/ptinyos/lib/MicaLeds.xml (No such file or directory)
 in file:/home/travis/build/icyphy/ptII/ptolemy/actor/ptalon/demo/ptinyos/SendAndReceiveCnt/CntToLedsAndRfm.xml at line 132 and column 63
	at ptolemy.moml.SimpleErrorHandler.handleError(SimpleErrorHandler.java:75)
	at ptolemy.moml.MoMLParser.startElement(MoMLParser.java:3805)
	at com.microstar.xml.XmlParser.parseElement(XmlParser.java:921)
	at com.microstar.xml.XmlParser.parseContent(XmlParser.java:1104)
	at com.microstar.xml.XmlParser.parseElement(XmlParser.java:924)
	at com.microstar.xml.XmlParser.parseDocument(XmlParser.java:481)
	at com.microstar.xml.XmlParser.doParse(XmlParser.java:159)
	at com.microstar.xml.XmlParser.parse(XmlParser.java:132)
	at ptolemy.moml.MoMLParser.parse(MoMLParser.java:1676)
	at ptolemy.moml.MoMLParser.parse(MoMLParser.java:1595)
	at ptolemy.moml.MoMLParser.parse(MoMLParser.java:1537)
	at ptolemy.moml.MoMLParser._findOrParse(MoMLParser.java:5286)
	at ptolemy.moml.MoMLParser._attemptToFindMoMLClass(MoMLParser.java:4075)
	at ptolemy.moml.MoMLParser._createEntity(MoMLParser.java:4323)
	... 65 more
Caused by: ptolemy.kernel.util.IllegalActionException: Cannot find class: ptolemy.domains.ptinyos.lib.MicaLeds. In Ptolemy, classes are typically Java .class files. Entities like actors may instead be defined within a .xml file.  In any case, the class was not found. If the class uses a third party package, then the class would be present only if the third party package was found at compile time.  It may be necessary to upgrade Java or install the third party package, reconfigure and recompile.
Because:
-- /home/travis/build/icyphy/ptII/ptolemy/actor/ptalon/demo/ptinyos/SendAndReceiveCnt/ptolemy/domains/ptinyos/lib/MicaLeds.xml (No such file or directory)
-- XML file not found relative to classpath.
-- /home/travis/build/icyphy/ptII/ptolemy/vergil/basic/export/test/ptolemy/domains/ptinyos/lib/MicaLeds.xml
/home/travis/build/icyphy/ptII/ptolemy/vergil/basic/export/test/ptolemy/domains/ptinyos/lib/MicaLeds.xml (No such file or directory)
 in file:/home/travis/build/icyphy/ptII/ptolemy/actor/ptalon/demo/ptinyos/SendAndReceiveCnt/CntToLedsAndRfm.xml at line 132 and column 63
	at ptolemy.moml.MoMLParser._createEntity(MoMLParser.java:4330)
	at ptolemy.moml.MoMLParser.startElement(MoMLParser.java:2864)
	... 77 more
Caused by: com.microstar.xml.XmlException: -- /home/travis/build/icyphy/ptII/ptolemy/actor/ptalon/demo/ptinyos/SendAndReceiveCnt/ptolemy/domains/ptinyos/lib/MicaLeds.xml (No such file or directory)
-- XML file not found relative to classpath.
-- /home/travis/build/icyphy/ptII/ptolemy/vergil/basic/export/test/ptolemy/domains/ptinyos/lib/MicaLeds.xml
/home/travis/build/icyphy/ptII/ptolemy/vergil/basic/export/test/ptolemy/domains/ptinyos/lib/MicaLeds.xml (No such file or directory)
 in file:/home/travis/build/icyphy/ptII/ptolemy/actor/ptalon/demo/ptinyos/SendAndReceiveCnt/CntToLedsAndRfm.xml at line 132 and column 63
	at ptolemy.moml.MoMLParser.fileNameToURL(MoMLParser.java:1414)
	at ptolemy.moml.MoMLParser._findOrParse(MoMLParser.java:5283)
	at ptolemy.moml.MoMLParser._attemptToFindMoMLClass(MoMLParser.java:4075)
	at ptolemy.moml.MoMLParser._createEntity(MoMLParser.java:4323)
	... 78 more
Failed to read file:/home/travis/build/icyphy/ptII/ptolemy/actor/ptalon/demo/ptinyos/SendAndReceiveCnt/SendAndReceiveCnt.xml
ptolemy.kernel.util.IllegalActionException: Failed to process attribute change to PtalonParameter, whose value is "ptolemy.actor.ptalon.PtalonExpressionParameter {.SendAndReceiveCnt.SendAndReceiveCnt.channelName} "AtomicWirelessChannel"".
  in .SendAndReceiveCnt.SendAndReceiveCnt
Because:
Unable to add actor null
	at ptolemy.actor.ptalon.PtalonActor.attributeChanged(PtalonActor.java:211)
	at ptolemy.actor.ptalon.PtalonMLHandler.startElement(PtalonMLHandler.java:134)
	at com.microstar.xml.XmlParser.parseElement(XmlParser.java:921)
	at com.microstar.xml.XmlParser.parseContent(XmlParser.java:1104)
	at com.microstar.xml.XmlParser.parseElement(XmlParser.java:924)
	at com.microstar.xml.XmlParser.parseDocument(XmlParser.java:481)
	at com.microstar.xml.XmlParser.doParse(XmlParser.java:159)
	at com.microstar.xml.XmlParser.parse(XmlParser.java:132)
	at ptolemy.actor.ptalon.PtalonActor.configure(PtalonActor.java:240)
	at ptolemy.moml.MoMLParser.endElement(MoMLParser.java:996)
	at com.microstar.xml.XmlParser.parseETag(XmlParser.java:1026)
	at com.microstar.xml.XmlParser.parseContent(XmlParser.java:1098)
	at com.microstar.xml.XmlParser.parseElement(XmlParser.java:924)
	at com.microstar.xml.XmlParser.parseContent(XmlParser.java:1104)
	at com.microstar.xml.XmlParser.parseElement(XmlParser.java:924)
	at com.microstar.xml.XmlParser.parseContent(XmlParser.java:1104)
	at com.microstar.xml.XmlParser.parseElement(XmlParser.java:924)
	at com.microstar.xml.XmlParser.parseDocument(XmlParser.java:481)
	at com.microstar.xml.XmlParser.doParse(XmlParser.java:159)
	at com.microstar.xml.XmlParser.parse(XmlParser.java:132)
	at ptolemy.moml.MoMLParser.parse(MoMLParser.java:1676)
	at ptolemy.moml.MoMLParser.parse(MoMLParser.java:1595)
	at ptolemy.moml.MoMLParser.parse(MoMLParser.java:1537)
	at ptolemy.actor.gui.PtolemyEffigy$Factory.createEffigy(PtolemyEffigy.java:424)
	at ptolemy.actor.gui.EffigyFactory.createEffigy(EffigyFactory.java:234)
	at ptolemy.actor.gui.Configuration.openModel(Configuration.java:1125)
	at ptolemy.actor.gui.Configuration.openModel(Configuration.java:1051)
	at ptolemy.actor.gui.ConfigurationApplication._openModel(ConfigurationApplication.java:1252)
	at ptolemy.actor.gui.ConfigurationApplication._parseArg(ConfigurationApplication.java:1399)
	at ptolemy.actor.gui.ConfigurationApplication._parseArgs(ConfigurationApplication.java:1478)
	at ptolemy.actor.gui.ConfigurationApplication.<init>(ConfigurationApplication.java:277)
	at ptolemy.actor.gui.ConfigurationApplication.<init>(ConfigurationApplication.java:214)
	at ptolemy.actor.gui.ConfigurationApplication.<init>(ConfigurationApplication.java:201)
	at ptolemy.actor.gui.ConfigurationApplication.openModelOrEntity(ConfigurationApplication.java:680)
	at ptolemy.vergil.basic.export.ExportModel$1.run(ExportModel.java:220)
	at java.awt.event.InvocationEvent.dispatch(InvocationEvent.java:301)
	at java.awt.EventQueue.dispatchEventImpl(EventQueue.java:756)
	at java.awt.EventQueue.access$500(EventQueue.java:97)
	at java.awt.EventQueue$3.run(EventQueue.java:709)
	at java.awt.EventQueue$3.run(EventQueue.java:703)
	at java.security.AccessController.doPrivileged(Native Method)
	at java.security.ProtectionDomain$JavaSecurityAccessImpl.doIntersectionPrivilege(ProtectionDomain.java:80)
	at java.awt.EventQueue.dispatchEvent(EventQueue.java:726)
	at java.awt.EventDispatchThread.pumpOneEventForFilters(EventDispatchThread.java:201)
	at java.awt.EventDispatchThread.pumpEventsForFilter(EventDispatchThread.java:116)
	at java.awt.EventDispatchThread.pumpEventsForHierarchy(EventDispatchThread.java:105)
	at java.awt.EventDispatchThread.pumpEvents(EventDispatchThread.java:101)
	at java.awt.EventDispatchThread.pumpEvents(EventDispatchThread.java:93)
	at java.awt.EventDispatchThread.run(EventDispatchThread.java:82)
Caused by: ptolemy.actor.ptalon.PtalonRuntimeException: Unable to add actor null
	at ptolemy.actor.ptalon.PtalonEvaluator.addActor(PtalonEvaluator.java:300)
	at ptolemy.actor.ptalon.PtalonPopulator.actor_declaration(PtalonPopulator.java:1574)
	at ptolemy.actor.ptalon.PtalonPopulator.atomic_statement(PtalonPopulator.java:1638)
	at ptolemy.actor.ptalon.PtalonPopulator.iterative_statement_evaluator(PtalonPopulator.java:2484)
	at ptolemy.actor.ptalon.AbstractPtalonEvaluator$IfTree.evaluateForScope(AbstractPtalonEvaluator.java:1307)
	at ptolemy.actor.ptalon.AbstractPtalonEvaluator.evaluateForScope(AbstractPtalonEvaluator.java:744)
	at ptolemy.actor.ptalon.PtalonPopulator.iterative_statement(PtalonPopulator.java:2363)
	at ptolemy.actor.ptalon.PtalonPopulator.actor_definition(PtalonPopulator.java:2809)
	at ptolemy.actor.ptalon.PtalonActor.attributeChanged(PtalonActor.java:206)
	... 48 more
Caused by: ptolemy.kernel.util.InternalErrorException: Element <entity name="sender1" class="ptolemy.actor.ptalon.demo.ptinyos.SendAndReceiveCnt.CntToLedsAndRfm"> caused an exception to be thrown.
  in .SendAndReceiveCnt.SendAndReceiveCnt
Because:
Cannot find class: ptolemy.actor.ptalon.demo.ptinyos.SendAndReceiveCnt.CntToLedsAndRfm. In Ptolemy, classes are typically Java .class files. Entities like actors may instead be defined within a .xml file.  In any case, the class was not found. If the class uses a third party package, then the class would be present only if the third party package was found at compile time.  It may be necessary to upgrade Java or install the third party package, reconfigure and recompile.
Because:
Element <entity name="MicaLeds" class="ptolemy.domains.ptinyos.lib.MicaLeds"> caused an exception to be thrown.
  in .CntToLedsAndRfm
Because:
Cannot find class: ptolemy.domains.ptinyos.lib.MicaLeds. In Ptolemy, classes are typically Java .class files. Entities like actors may instead be defined within a .xml file.  In any case, the class was not found. If the class uses a third party package, then the class would be present only if the third party package was found at compile time.  It may be necessary to upgrade Java or install the third party package, reconfigure and recompile.
Because:
-- /home/travis/build/icyphy/ptII/ptolemy/actor/ptalon/demo/ptinyos/SendAndReceiveCnt/ptolemy/domains/ptinyos/lib/MicaLeds.xml (No such file or directory)
-- XML file not found relative to classpath.
-- /home/travis/build/icyphy/ptII/ptolemy/vergil/basic/export/test/ptolemy/domains/ptinyos/lib/MicaLeds.xml
/home/travis/build/icyphy/ptII/ptolemy/vergil/basic/export/test/ptolemy/domains/ptinyos/lib/MicaLeds.xml (No such file or directory)
 in file:/home/travis/build/icyphy/ptII/ptolemy/actor/ptalon/demo/ptinyos/SendAndReceiveCnt/CntToLedsAndRfm.xml at line 132 and column 63
	at ptolemy.moml.SimpleErrorHandler.handleError(SimpleErrorHandler.java:75)
	at ptolemy.moml.MoMLParser.startElement(MoMLParser.java:3805)
	at com.microstar.xml.XmlParser.parseElement(XmlParser.java:931)
	at com.microstar.xml.XmlParser.parseDocument(XmlParser.java:481)
	at com.microstar.xml.XmlParser.doParse(XmlParser.java:159)
	at com.microstar.xml.XmlParser.parse(XmlParser.java:132)
	at ptolemy.moml.MoMLParser.parse(MoMLParser.java:1660)
	at ptolemy.moml.MoMLParser.parse(MoMLParser.java:1617)
	at ptolemy.moml.MoMLParser.parse(MoMLParser.java:1792)
	at ptolemy.actor.ptalon.PtalonEvaluator.addActor(PtalonEvaluator.java:241)
	... 56 more
Caused by: ptolemy.kernel.util.IllegalActionException: Cannot find class: ptolemy.actor.ptalon.demo.ptinyos.SendAndReceiveCnt.CntToLedsAndRfm. In Ptolemy, classes are typically Java .class files. Entities like actors may instead be defined within a .xml file.  In any case, the class was not found. If the class uses a third party package, then the class would be present only if the third party package was found at compile time.  It may be necessary to upgrade Java or install the third party package, reconfigure and recompile.
Because:
Element <entity name="MicaLeds" class="ptolemy.domains.ptinyos.lib.MicaLeds"> caused an exception to be thrown.
  in .CntToLedsAndRfm
Because:
Cannot find class: ptolemy.domains.ptinyos.lib.MicaLeds. In Ptolemy, classes are typically Java .class files. Entities like actors may instead be defined within a .xml file.  In any case, the class was not found. If the class uses a third party package, then the class would be present only if the third party package was found at compile time.  It may be necessary to upgrade Java or install the third party package, reconfigure and recompile.
Because:
-- /home/travis/build/icyphy/ptII/ptolemy/actor/ptalon/demo/ptinyos/SendAndReceiveCnt/ptolemy/domains/ptinyos/lib/MicaLeds.xml (No such file or directory)
-- XML file not found relative to classpath.
-- /home/travis/build/icyphy/ptII/ptolemy/vergil/basic/export/test/ptolemy/domains/ptinyos/lib/MicaLeds.xml
/home/travis/build/icyphy/ptII/ptolemy/vergil/basic/export/test/ptolemy/domains/ptinyos/lib/MicaLeds.xml (No such file or directory)
 in file:/home/travis/build/icyphy/ptII/ptolemy/actor/ptalon/demo/ptinyos/SendAndReceiveCnt/CntToLedsAndRfm.xml at line 132 and column 63
	at ptolemy.moml.MoMLParser._createEntity(MoMLParser.java:4330)
	at ptolemy.moml.MoMLParser.startElement(MoMLParser.java:2864)
	... 64 more
Caused by: ptolemy.kernel.util.InternalErrorException: Element <entity name="MicaLeds" class="ptolemy.domains.ptinyos.lib.MicaLeds"> caused an exception to be thrown.
  in .CntToLedsAndRfm
Because:
Cannot find class: ptolemy.domains.ptinyos.lib.MicaLeds. In Ptolemy, classes are typically Java .class files. Entities like actors may instead be defined within a .xml file.  In any case, the class was not found. If the class uses a third party package, then the class would be present only if the third party package was found at compile time.  It may be necessary to upgrade Java or install the third party package, reconfigure and recompile.
Because:
-- /home/travis/build/icyphy/ptII/ptolemy/actor/ptalon/demo/ptinyos/SendAndReceiveCnt/ptolemy/domains/ptinyos/lib/MicaLeds.xml (No such file or directory)
-- XML file not found relative to classpath.
-- /home/travis/build/icyphy/ptII/ptolemy/vergil/basic/export/test/ptolemy/domains/ptinyos/lib/MicaLeds.xml
/home/travis/build/icyphy/ptII/ptolemy/vergil/basic/export/test/ptolemy/domains/ptinyos/lib/MicaLeds.xml (No such file or directory)
 in file:/home/travis/build/icyphy/ptII/ptolemy/actor/ptalon/demo/ptinyos/SendAndReceiveCnt/CntToLedsAndRfm.xml at line 132 and column 63
	at ptolemy.moml.SimpleErrorHandler.handleError(SimpleErrorHandler.java:75)
	at ptolemy.moml.MoMLParser.startElement(MoMLParser.java:3805)
	at com.microstar.xml.XmlParser.parseElement(XmlParser.java:921)
	at com.microstar.xml.XmlParser.parseContent(XmlParser.java:1104)
	at com.microstar.xml.XmlParser.parseElement(XmlParser.java:924)
	at com.microstar.xml.XmlParser.parseDocument(XmlParser.java:481)
	at com.microstar.xml.XmlParser.doParse(XmlParser.java:159)
	at com.microstar.xml.XmlParser.parse(XmlParser.java:132)
	at ptolemy.moml.MoMLParser.parse(MoMLParser.java:1676)
	at ptolemy.moml.MoMLParser.parse(MoMLParser.java:1595)
	at ptolemy.moml.MoMLParser.parse(MoMLParser.java:1537)
	at ptolemy.moml.MoMLParser._findOrParse(MoMLParser.java:5286)
	at ptolemy.moml.MoMLParser._attemptToFindMoMLClass(MoMLParser.java:4075)
	at ptolemy.moml.MoMLParser._createEntity(MoMLParser.java:4323)
	... 65 more
Caused by: ptolemy.kernel.util.IllegalActionException: Cannot find class: ptolemy.domains.ptinyos.lib.MicaLeds. In Ptolemy, classes are typically Java .class files. Entities like actors may instead be defined within a .xml file.  In any case, the class was not found. If the class uses a third party package, then the class would be present only if the third party package was found at compile time.  It may be necessary to upgrade Java or install the third party package, reconfigure and recompile.
Because:
-- /home/travis/build/icyphy/ptII/ptolemy/actor/ptalon/demo/ptinyos/SendAndReceiveCnt/ptolemy/domains/ptinyos/lib/MicaLeds.xml (No such file or directory)
-- XML file not found relative to classpath.
-- /home/travis/build/icyphy/ptII/ptolemy/vergil/basic/export/test/ptolemy/domains/ptinyos/lib/MicaLeds.xml
/home/travis/build/icyphy/ptII/ptolemy/vergil/basic/export/test/ptolemy/domains/ptinyos/lib/MicaLeds.xml (No such file or directory)
 in file:/home/travis/build/icyphy/ptII/ptolemy/actor/ptalon/demo/ptinyos/SendAndReceiveCnt/CntToLedsAndRfm.xml at line 132 and column 63
	at ptolemy.moml.MoMLParser._createEntity(MoMLParser.java:4330)
	at ptolemy.moml.MoMLParser.startElement(MoMLParser.java:2864)
	... 77 more
Caused by: com.microstar.xml.XmlException: -- /home/travis/build/icyphy/ptII/ptolemy/actor/ptalon/demo/ptinyos/SendAndReceiveCnt/ptolemy/domains/ptinyos/lib/MicaLeds.xml (No such file or directory)
-- XML file not found relative to classpath.
-- /home/travis/build/icyphy/ptII/ptolemy/vergil/basic/export/test/ptolemy/domains/ptinyos/lib/MicaLeds.xml
/home/travis/build/icyphy/ptII/ptolemy/vergil/basic/export/test/ptolemy/domains/ptinyos/lib/MicaLeds.xml (No such file or directory)
 in file:/home/travis/build/icyphy/ptII/ptolemy/actor/ptalon/demo/ptinyos/SendAndReceiveCnt/CntToLedsAndRfm.xml at line 132 and column 63
	at ptolemy.moml.MoMLParser.fileNameToURL(MoMLParser.java:1414)
	at ptolemy.moml.MoMLParser._findOrParse(MoMLParser.java:5283)
	at ptolemy.moml.MoMLParser._attemptToFindMoMLClass(MoMLParser.java:4075)
	at ptolemy.moml.MoMLParser._createEntity(MoMLParser.java:4323)
	... 78 more
Caused by: ptolemy.actor.ptalon.PtalonRuntimeException: Unable to add actor null
	at ptolemy.actor.ptalon.PtalonEvaluator.addActor(PtalonEvaluator.java:300)
	at ptolemy.actor.ptalon.PtalonPopulator.actor_declaration(PtalonPopulator.java:1574)
	at ptolemy.actor.ptalon.PtalonPopulator.atomic_statement(PtalonPopulator.java:1638)
	at ptolemy.actor.ptalon.PtalonPopulator.iterative_statement_evaluator(PtalonPopulator.java:2484)
	at ptolemy.actor.ptalon.AbstractPtalonEvaluator$IfTree.evaluateForScope(AbstractPtalonEvaluator.java:1307)
	at ptolemy.actor.ptalon.AbstractPtalonEvaluator.evaluateForScope(AbstractPtalonEvaluator.java:744)
	at ptolemy.actor.ptalon.PtalonPopulator.iterative_statement(PtalonPopulator.java:2363)
	at ptolemy.actor.ptalon.PtalonPopulator.actor_definition(PtalonPopulator.java:2809)
	at ptolemy.actor.ptalon.PtalonActor.attributeChanged(PtalonActor.java:206)
	at ptolemy.actor.ptalon.PtalonMLHandler.startElement(PtalonMLHandler.java:134)
	at com.microstar.xml.XmlParser.parseElement(XmlParser.java:921)
	at com.microstar.xml.XmlParser.parseContent(XmlParser.java:1104)
	at com.microstar.xml.XmlParser.parseElement(XmlParser.java:924)
	at com.microstar.xml.XmlParser.parseDocument(XmlParser.java:481)
	at com.microstar.xml.XmlParser.doParse(XmlParser.java:159)
	at com.microstar.xml.XmlParser.parse(XmlParser.java:132)
	at ptolemy.actor.ptalon.PtalonActor.configure(PtalonActor.java:240)
	at ptolemy.moml.MoMLParser.endElement(MoMLParser.java:996)
	at com.microstar.xml.XmlParser.parseETag(XmlParser.java:1026)
	at com.microstar.xml.XmlParser.parseContent(XmlParser.java:1098)
	at com.microstar.xml.XmlParser.parseElement(XmlParser.java:924)
	at com.microstar.xml.XmlParser.parseContent(XmlParser.java:1104)
	at com.microstar.xml.XmlParser.parseElement(XmlParser.java:924)
	at com.microstar.xml.XmlParser.parseContent(XmlParser.java:1104)
	at com.microstar.xml.XmlParser.parseElement(XmlParser.java:924)
	at com.microstar.xml.XmlParser.parseDocument(XmlParser.java:481)
	at com.microstar.xml.XmlParser.doParse(XmlParser.java:159)
	at com.microstar.xml.XmlParser.parse(XmlParser.java:132)
	at ptolemy.moml.MoMLParser.parse(MoMLParser.java:1676)
	at ptolemy.moml.MoMLParser.parse(MoMLParser.java:1595)
	at ptolemy.moml.MoMLParser.parse(MoMLParser.java:1537)
	at ptolemy.actor.gui.PtolemyEffigy$Factory.createEffigy(PtolemyEffigy.java:424)
	at ptolemy.actor.gui.EffigyFactory.createEffigy(EffigyFactory.java:234)
	at ptolemy.actor.gui.Configuration.openModel(Configuration.java:1125)
	at ptolemy.actor.gui.Configuration.openModel(Configuration.java:1051)
	at ptolemy.actor.gui.ConfigurationApplication._openModel(ConfigurationApplication.java:1252)
	at ptolemy.actor.gui.ConfigurationApplication._parseArg(ConfigurationApplication.java:1399)
	at ptolemy.actor.gui.ConfigurationApplication._parseArgs(ConfigurationApplication.java:1478)
	at ptolemy.actor.gui.ConfigurationApplication.<init>(ConfigurationApplication.java:277)
	at ptolemy.actor.gui.ConfigurationApplication.<init>(ConfigurationApplication.java:214)
	at ptolemy.actor.gui.ConfigurationApplication.<init>(ConfigurationApplication.java:201)
	at ptolemy.actor.gui.ConfigurationApplication.openModelOrEntity(ConfigurationApplication.java:680)
	at ptolemy.vergil.basic.export.ExportModel$1.run(ExportModel.java:220)
	at java.awt.event.InvocationEvent.dispatch(InvocationEvent.java:301)
	at java.awt.EventQueue.dispatchEventImpl(EventQueue.java:756)
	at java.awt.EventQueue.access$500(EventQueue.java:97)
	at java.awt.EventQueue$3.run(EventQueue.java:709)
	at java.awt.EventQueue$3.run(EventQueue.java:703)
	at java.security.AccessController.doPrivileged(Native Method)
	at java.security.ProtectionDomain$JavaSecurityAccessImpl.doIntersectionPrivilege(ProtectionDomain.java:80)
	at java.awt.EventQueue.dispatchEvent(EventQueue.java:726)
	at java.awt.EventDispatchThread.pumpOneEventForFilters(EventDispatchThread.java:201)
	at java.awt.EventDispatchThread.pumpEventsForFilter(EventDispatchThread.java:116)
	at java.awt.EventDispatchThread.pumpEventsForHierarchy(EventDispatchThread.java:105)
	at java.awt.EventDispatchThread.pumpEvents(EventDispatchThread.java:101)
	at java.awt.EventDispatchThread.pumpEvents(EventDispatchThread.java:93)
	at java.awt.EventDispatchThread.run(EventDispatchThread.java:82)
Caused by: ptolemy.kernel.util.InternalErrorException: Element <entity name="sender1" class="ptolemy.actor.ptalon.demo.ptinyos.SendAndReceiveCnt.CntToLedsAndRfm"> caused an exception to be thrown.
  in .SendAndReceiveCnt.SendAndReceiveCnt
Because:
Cannot find class: ptolemy.actor.ptalon.demo.ptinyos.SendAndReceiveCnt.CntToLedsAndRfm. In Ptolemy, classes are typically Java .class files. Entities like actors may instead be defined within a .xml file.  In any case, the class was not found. If the class uses a third party package, then the class would be present only if the third party package was found at compile time.  It may be necessary to upgrade Java or install the third party package, reconfigure and recompile.
Because:
Element <entity name="MicaLeds" class="ptolemy.domains.ptinyos.lib.MicaLeds"> caused an exception to be thrown.
  in .CntToLedsAndRfm
Because:
Cannot find class: ptolemy.domains.ptinyos.lib.MicaLeds. In Ptolemy, classes are typically Java .class files. Entities like actors may instead be defined within a .xml file.  In any case, the class was not found. If the class uses a third party package, then the class would be present only if the third party package was found at compile time.  It may be necessary to upgrade Java or install the third party package, reconfigure and recompile.
Because:
-- /home/travis/build/icyphy/ptII/ptolemy/actor/ptalon/demo/ptinyos/SendAndReceiveCnt/ptolemy/domains/ptinyos/lib/MicaLeds.xml (No such file or directory)
-- XML file not found relative to classpath.
-- /home/travis/build/icyphy/ptII/ptolemy/vergil/basic/export/test/ptolemy/domains/ptinyos/lib/MicaLeds.xml
/home/travis/build/icyphy/ptII/ptolemy/vergil/basic/export/test/ptolemy/domains/ptinyos/lib/MicaLeds.xml (No such file or directory)
 in file:/home/travis/build/icyphy/ptII/ptolemy/actor/ptalon/demo/ptinyos/SendAndReceiveCnt/CntToLedsAndRfm.xml at line 132 and column 63
	at ptolemy.moml.SimpleErrorHandler.handleError(SimpleErrorHandler.java:75)
	at ptolemy.moml.MoMLParser.startElement(MoMLParser.java:3805)
	at com.microstar.xml.XmlParser.parseElement(XmlParser.java:931)
	at com.microstar.xml.XmlParser.parseDocument(XmlParser.java:481)
	at com.microstar.xml.XmlParser.doParse(XmlParser.java:159)
	at com.microstar.xml.XmlParser.parse(XmlParser.java:132)
	at ptolemy.moml.MoMLParser.parse(MoMLParser.java:1660)
	at ptolemy.moml.MoMLParser.parse(MoMLParser.java:1617)
	at ptolemy.moml.MoMLParser.parse(MoMLParser.java:1792)
	at ptolemy.actor.ptalon.PtalonEvaluator.addActor(PtalonEvaluator.java:241)
	... 56 more
Caused by: ptolemy.kernel.util.IllegalActionException: Cannot find class: ptolemy.actor.ptalon.demo.ptinyos.SendAndReceiveCnt.CntToLedsAndRfm. In Ptolemy, classes are typically Java .class files. Entities like actors may instead be defined within a .xml file.  In any case, the class was not found. If the class uses a third party package, then the class would be present only if the third party package was found at compile time.  It may be necessary to upgrade Java or install the third party package, reconfigure and recompile.
Because:
Element <entity name="MicaLeds" class="ptolemy.domains.ptinyos.lib.MicaLeds"> caused an exception to be thrown.
  in .CntToLedsAndRfm
Because:
Cannot find class: ptolemy.domains.ptinyos.lib.MicaLeds. In Ptolemy, classes are typically Java .class files. Entities like actors may instead be defined within a .xml file.  In any case, the class was not found. If the class uses a third party package, then the class would be present only if the third party package was found at compile time.  It may be necessary to upgrade Java or install the third party package, reconfigure and recompile.
Because:
-- /home/travis/build/icyphy/ptII/ptolemy/actor/ptalon/demo/ptinyos/SendAndReceiveCnt/ptolemy/domains/ptinyos/lib/MicaLeds.xml (No such file or directory)
-- XML file not found relative to classpath.
-- /home/travis/build/icyphy/ptII/ptolemy/vergil/basic/export/test/ptolemy/domains/ptinyos/lib/MicaLeds.xml
/home/travis/build/icyphy/ptII/ptolemy/vergil/basic/export/test/ptolemy/domains/ptinyos/lib/MicaLeds.xml (No such file or directory)
 in file:/home/travis/build/icyphy/ptII/ptolemy/actor/ptalon/demo/ptinyos/SendAndReceiveCnt/CntToLedsAndRfm.xml at line 132 and column 63
	at ptolemy.moml.MoMLParser._createEntity(MoMLParser.java:4330)
	at ptolemy.moml.MoMLParser.startElement(MoMLParser.java:2864)
	... 64 more
Caused by: ptolemy.kernel.util.InternalErrorException: Element <entity name="MicaLeds" class="ptolemy.domains.ptinyos.lib.MicaLeds"> caused an exception to be thrown.
  in .CntToLedsAndRfm
Because:
Cannot find class: ptolemy.domains.ptinyos.lib.MicaLeds. In Ptolemy, classes are typically Java .class files. Entities like actors may instead be defined within a .xml file.  In any case, the class was not found. If the class uses a third party package, then the class would be present only if the third party package was found at compile time.  It may be necessary to upgrade Java or install the third party package, reconfigure and recompile.
Because:
-- /home/travis/build/icyphy/ptII/ptolemy/actor/ptalon/demo/ptinyos/SendAndReceiveCnt/ptolemy/domains/ptinyos/lib/MicaLeds.xml (No such file or directory)
-- XML file not found relative to classpath.
-- /home/travis/build/icyphy/ptII/ptolemy/vergil/basic/export/test/ptolemy/domains/ptinyos/lib/MicaLeds.xml
/home/travis/build/icyphy/ptII/ptolemy/vergil/basic/export/test/ptolemy/domains/ptinyos/lib/MicaLeds.xml (No such file or directory)
 in file:/home/travis/build/icyphy/ptII/ptolemy/actor/ptalon/demo/ptinyos/SendAndReceiveCnt/CntToLedsAndRfm.xml at line 132 and column 63
	at ptolemy.moml.SimpleErrorHandler.handleError(SimpleErrorHandler.java:75)
	at ptolemy.moml.MoMLParser.startElement(MoMLParser.java:3805)
	at com.microstar.xml.XmlParser.parseElement(XmlParser.java:921)
	at com.microstar.xml.XmlParser.parseContent(XmlParser.java:1104)
	at com.microstar.xml.XmlParser.parseElement(XmlParser.java:924)
	at com.microstar.xml.XmlParser.parseDocument(XmlParser.java:481)
	at com.microstar.xml.XmlParser.doParse(XmlParser.java:159)
	at com.microstar.xml.XmlParser.parse(XmlParser.java:132)
	at ptolemy.moml.MoMLParser.parse(MoMLParser.java:1676)
	at ptolemy.moml.MoMLParser.parse(MoMLParser.java:1595)
	at ptolemy.moml.MoMLParser.parse(MoMLParser.java:1537)
	at ptolemy.moml.MoMLParser._findOrParse(MoMLParser.java:5286)
	at ptolemy.moml.MoMLParser._attemptToFindMoMLClass(MoMLParser.java:4075)
	at ptolemy.moml.MoMLParser._createEntity(MoMLParser.java:4323)
	... 65 more
Caused by: ptolemy.kernel.util.IllegalActionException: Cannot find class: ptolemy.domains.ptinyos.lib.MicaLeds. In Ptolemy, classes are typically Java .class files. Entities like actors may instead be defined within a .xml file.  In any case, the class was not found. If the class uses a third party package, then the class would be present only if the third party package was found at compile time.  It may be necessary to upgrade Java or install the third party package, reconfigure and recompile.
Because:
-- /home/travis/build/icyphy/ptII/ptolemy/actor/ptalon/demo/ptinyos/SendAndReceiveCnt/ptolemy/domains/ptinyos/lib/MicaLeds.xml (No such file or directory)
-- XML file not found relative to classpath.
-- /home/travis/build/icyphy/ptII/ptolemy/vergil/basic/export/test/ptolemy/domains/ptinyos/lib/MicaLeds.xml
/home/travis/build/icyphy/ptII/ptolemy/vergil/basic/export/test/ptolemy/domains/ptinyos/lib/MicaLeds.xml (No such file or directory)
 in file:/home/travis/build/icyphy/ptII/ptolemy/actor/ptalon/demo/ptinyos/SendAndReceiveCnt/CntToLedsAndRfm.xml at line 132 and column 63
	at ptolemy.moml.MoMLParser._createEntity(MoMLParser.java:4330)
	at ptolemy.moml.MoMLParser.startElement(MoMLParser.java:2864)
	... 77 more
Caused by: com.microstar.xml.XmlException: -- /home/travis/build/icyphy/ptII/ptolemy/actor/ptalon/demo/ptinyos/SendAndReceiveCnt/ptolemy/domains/ptinyos/lib/MicaLeds.xml (No such file or directory)
-- XML file not found relative to classpath.
-- /home/travis/build/icyphy/ptII/ptolemy/vergil/basic/export/test/ptolemy/domains/ptinyos/lib/MicaLeds.xml
/home/travis/build/icyphy/ptII/ptolemy/vergil/basic/export/test/ptolemy/domains/ptinyos/lib/MicaLeds.xml (No such file or directory)
 in file:/home/travis/build/icyphy/ptII/ptolemy/actor/ptalon/demo/ptinyos/SendAndReceiveCnt/CntToLedsAndRfm.xml at line 132 and column 63
	at ptolemy.moml.MoMLParser.fileNameToURL(MoMLParser.java:1414)
	at ptolemy.moml.MoMLParser._findOrParse(MoMLParser.java:5283)
	at ptolemy.moml.MoMLParser._attemptToFindMoMLClass(MoMLParser.java:4075)
	at ptolemy.moml.MoMLParser._createEntity(MoMLParser.java:4323)
	... 78 more
ptolemy.kernel.util.IllegalActionException: Failed to process attribute change to PtalonParameter, whose value is "ptolemy.actor.ptalon.PtalonExpressionParameter {.SendAndReceiveCnt.SendAndReceiveCnt.channelName} "AtomicWirelessChannel"".
  in .SendAndReceiveCnt.SendAndReceiveCnt
Because:
Unable to add actor null
	at ptolemy.actor.ptalon.PtalonActor.attributeChanged(PtalonActor.java:211)
	at ptolemy.actor.ptalon.PtalonMLHandler.startElement(PtalonMLHandler.java:134)
	at com.microstar.xml.XmlParser.parseElement(XmlParser.java:921)
	at com.microstar.xml.XmlParser.parseContent(XmlParser.java:1104)
	at com.microstar.xml.XmlParser.parseElement(XmlParser.java:924)
	at com.microstar.xml.XmlParser.parseDocument(XmlParser.java:481)
	at com.microstar.xml.XmlParser.doParse(XmlParser.java:159)
	at com.microstar.xml.XmlParser.parse(XmlParser.java:132)
	at ptolemy.actor.ptalon.PtalonActor.configure(PtalonActor.java:240)
	at ptolemy.moml.MoMLParser.endElement(MoMLParser.java:996)
	at com.microstar.xml.XmlParser.parseETag(XmlParser.java:1026)
	at com.microstar.xml.XmlParser.parseContent(XmlParser.java:1098)
	at com.microstar.xml.XmlParser.parseElement(XmlParser.java:924)
	at com.microstar.xml.XmlParser.parseContent(XmlParser.java:1104)
	at com.microstar.xml.XmlParser.parseElement(XmlParser.java:924)
	at com.microstar.xml.XmlParser.parseContent(XmlParser.java:1104)
	at com.microstar.xml.XmlParser.parseElement(XmlParser.java:924)
	at com.microstar.xml.XmlParser.parseDocument(XmlParser.java:481)
	at com.microstar.xml.XmlParser.doParse(XmlParser.java:159)
	at com.microstar.xml.XmlParser.parse(XmlParser.java:132)
	at ptolemy.moml.MoMLParser.parse(MoMLParser.java:1676)
	at ptolemy.moml.MoMLParser.parse(MoMLParser.java:1595)
	at ptolemy.moml.MoMLParser.parse(MoMLParser.java:1537)
	at ptolemy.actor.gui.PtolemyEffigy$Factory.createEffigy(PtolemyEffigy.java:424)
	at ptolemy.actor.gui.EffigyFactory.createEffigy(EffigyFactory.java:234)
	at ptolemy.actor.gui.Configuration.openModel(Configuration.java:1125)
	at ptolemy.actor.gui.Configuration.openModel(Configuration.java:1051)
	at ptolemy.actor.gui.ConfigurationApplication._openModel(ConfigurationApplication.java:1252)
	at ptolemy.actor.gui.ConfigurationApplication._parseArg(ConfigurationApplication.java:1399)
	at ptolemy.actor.gui.ConfigurationApplication._parseArgs(ConfigurationApplication.java:1478)
	at ptolemy.actor.gui.ConfigurationApplication.<init>(ConfigurationApplication.java:277)
	at ptolemy.actor.gui.ConfigurationApplication.<init>(ConfigurationApplication.java:214)
	at ptolemy.actor.gui.ConfigurationApplication.<init>(ConfigurationApplication.java:201)
	at ptolemy.actor.gui.ConfigurationApplication.openModelOrEntity(ConfigurationApplication.java:680)
	at ptolemy.vergil.basic.export.ExportModel$1.run(ExportModel.java:220)
	at java.awt.event.InvocationEvent.dispatch(InvocationEvent.java:301)
	at java.awt.EventQueue.dispatchEventImpl(EventQueue.java:756)
	at java.awt.EventQueue.access$500(EventQueue.java:97)
	at java.awt.EventQueue$3.run(EventQueue.java:709)
	at java.awt.EventQueue$3.run(EventQueue.java:703)
	at java.security.AccessController.doPrivileged(Native Method)
	at java.security.ProtectionDomain$JavaSecurityAccessImpl.doIntersectionPrivilege(ProtectionDomain.java:80)
	at java.awt.EventQueue.dispatchEvent(EventQueue.java:726)
	at java.awt.EventDispatchThread.pumpOneEventForFilters(EventDispatchThread.java:201)
	at java.awt.EventDispatchThread.pumpEventsForFilter(EventDispatchThread.java:116)
	at java.awt.EventDispatchThread.pumpEventsForHierarchy(EventDispatchThread.java:105)
	at java.awt.EventDispatchThread.pumpEvents(EventDispatchThread.java:101)
	at java.awt.EventDispatchThread.pumpEvents(EventDispatchThread.java:93)
	at java.awt.EventDispatchThread.run(EventDispatchThread.java:82)
Caused by: ptolemy.actor.ptalon.PtalonRuntimeException: Unable to add actor null
	at ptolemy.actor.ptalon.PtalonEvaluator.addActor(PtalonEvaluator.java:300)
	at ptolemy.actor.ptalon.PtalonPopulator.actor_declaration(PtalonPopulator.java:1574)
	at ptolemy.actor.ptalon.PtalonPopulator.atomic_statement(PtalonPopulator.java:1638)
	at ptolemy.actor.ptalon.PtalonPopulator.iterative_statement_evaluator(PtalonPopulator.java:2484)
	at ptolemy.actor.ptalon.AbstractPtalonEvaluator$IfTree.evaluateForScope(AbstractPtalonEvaluator.java:1307)
	at ptolemy.actor.ptalon.AbstractPtalonEvaluator.evaluateForScope(AbstractPtalonEvaluator.java:744)
	at ptolemy.actor.ptalon.PtalonPopulator.iterative_statement(PtalonPopulator.java:2363)
	at ptolemy.actor.ptalon.PtalonPopulator.actor_definition(PtalonPopulator.java:2809)
	at ptolemy.actor.ptalon.PtalonActor.attributeChanged(PtalonActor.java:206)
	... 48 more
Caused by: ptolemy.kernel.util.InternalErrorException: Element <entity name="sender1" class="ptolemy.actor.ptalon.demo.ptinyos.SendAndReceiveCnt.CntToLedsAndRfm"> caused an exception to be thrown.
  in .SendAndReceiveCnt.SendAndReceiveCnt
Because:
Cannot find class: ptolemy.actor.ptalon.demo.ptinyos.SendAndReceiveCnt.CntToLedsAndRfm. In Ptolemy, classes are typically Java .class files. Entities like actors may instead be defined within a .xml file.  In any case, the class was not found. If the class uses a third party package, then the class would be present only if the third party package was found at compile time.  It may be necessary to upgrade Java or install the third party package, reconfigure and recompile.
Because:
Element <entity name="MicaLeds" class="ptolemy.domains.ptinyos.lib.MicaLeds"> caused an exception to be thrown.
  in .CntToLedsAndRfm
Because:
Cannot find class: ptolemy.domains.ptinyos.lib.MicaLeds. In Ptolemy, classes are typically Java .class files. Entities like actors may instead be defined within a .xml file.  In any case, the class was not found. If the class uses a third party package, then the class would be present only if the third party package was found at compile time.  It may be necessary to upgrade Java or install the third party package, reconfigure and recompile.
Because:
-- /home/travis/build/icyphy/ptII/ptolemy/actor/ptalon/demo/ptinyos/SendAndReceiveCnt/ptolemy/domains/ptinyos/lib/MicaLeds.xml (No such file or directory)
-- XML file not found relative to classpath.
-- /home/travis/build/icyphy/ptII/ptolemy/vergil/basic/export/test/ptolemy/domains/ptinyos/lib/MicaLeds.xml
/home/travis/build/icyphy/ptII/ptolemy/vergil/basic/export/test/ptolemy/domains/ptinyos/lib/MicaLeds.xml (No such file or directory)
 in file:/home/travis/build/icyphy/ptII/ptolemy/actor/ptalon/demo/ptinyos/SendAndReceiveCnt/CntToLedsAndRfm.xml at line 132 and column 63
	at ptolemy.moml.SimpleErrorHandler.handleError(SimpleErrorHandler.java:75)
	at ptolemy.moml.MoMLParser.startElement(MoMLParser.java:3805)
	at com.microstar.xml.XmlParser.parseElement(XmlParser.java:931)
	at com.microstar.xml.XmlParser.parseDocument(XmlParser.java:481)
	at com.microstar.xml.XmlParser.doParse(XmlParser.java:159)
	at com.microstar.xml.XmlParser.parse(XmlParser.java:132)
	at ptolemy.moml.MoMLParser.parse(MoMLParser.java:1660)
	at ptolemy.moml.MoMLParser.parse(MoMLParser.java:1617)
	at ptolemy.moml.MoMLParser.parse(MoMLParser.java:1792)
	at ptolemy.actor.ptalon.PtalonEvaluator.addActor(PtalonEvaluator.java:241)
	... 56 more
Caused by: ptolemy.kernel.util.IllegalActionException: Cannot find class: ptolemy.actor.ptalon.demo.ptinyos.SendAndReceiveCnt.CntToLedsAndRfm. In Ptolemy, classes are typically Java .class files. Entities like actors may instead be defined within a .xml file.  In any case, the class was not found. If the class uses a third party package, then the class would be present only if the third party package was found at compile time.  It may be necessary to upgrade Java or install the third party package, reconfigure and recompile.
Because:
Element <entity name="MicaLeds" class="ptolemy.domains.ptinyos.lib.MicaLeds"> caused an exception to be thrown.
  in .CntToLedsAndRfm
Because:
Cannot find class: ptolemy.domains.ptinyos.lib.MicaLeds. In Ptolemy, classes are typically Java .class files. Entities like actors may instead be defined within a .xml file.  In any case, the class was not found. If the class uses a third party package, then the class would be present only if the third party package was found at compile time.  It may be necessary to upgrade Java or install the third party package, reconfigure and recompile.
Because:
-- /home/travis/build/icyphy/ptII/ptolemy/actor/ptalon/demo/ptinyos/SendAndReceiveCnt/ptolemy/domains/ptinyos/lib/MicaLeds.xml (No such file or directory)
-- XML file not found relative to classpath.
-- /home/travis/build/icyphy/ptII/ptolemy/vergil/basic/export/test/ptolemy/domains/ptinyos/lib/MicaLeds.xml
/home/travis/build/icyphy/ptII/ptolemy/vergil/basic/export/test/ptolemy/domains/ptinyos/lib/MicaLeds.xml (No such file or directory)
 in file:/home/travis/build/icyphy/ptII/ptolemy/actor/ptalon/demo/ptinyos/SendAndReceiveCnt/CntToLedsAndRfm.xml at line 132 and column 63
	at ptolemy.moml.MoMLParser._createEntity(MoMLParser.java:4330)
	at ptolemy.moml.MoMLParser.startElement(MoMLParser.java:2864)
	... 64 more
Caused by: ptolemy.kernel.util.InternalErrorException: Element <entity name="MicaLeds" class="ptolemy.domains.ptinyos.lib.MicaLeds"> caused an exception to be thrown.
  in .CntToLedsAndRfm
Because:
Cannot find class: ptolemy.domains.ptinyos.lib.MicaLeds. In Ptolemy, classes are typically Java .class files. Entities like actors may instead be defined within a .xml file.  In any case, the class was not found. If the class uses a third party package, then the class would be present only if the third party package was found at compile time.  It may be necessary to upgrade Java or install the third party package, reconfigure and recompile.
Because:
-- /home/travis/build/icyphy/ptII/ptolemy/actor/ptalon/demo/ptinyos/SendAndReceiveCnt/ptolemy/domains/ptinyos/lib/MicaLeds.xml (No such file or directory)
-- XML file not found relative to classpath.
-- /home/travis/build/icyphy/ptII/ptolemy/vergil/basic/export/test/ptolemy/domains/ptinyos/lib/MicaLeds.xml
/home/travis/build/icyphy/ptII/ptolemy/vergil/basic/export/test/ptolemy/domains/ptinyos/lib/MicaLeds.xml (No such file or directory)
 in file:/home/travis/build/icyphy/ptII/ptolemy/actor/ptalon/demo/ptinyos/SendAndReceiveCnt/CntToLedsAndRfm.xml at line 132 and column 63
	at ptolemy.moml.SimpleErrorHandler.handleError(SimpleErrorHandler.java:75)
	at ptolemy.moml.MoMLParser.startElement(MoMLParser.java:3805)
	at com.microstar.xml.XmlParser.parseElement(XmlParser.java:921)
	at com.microstar.xml.XmlParser.parseContent(XmlParser.java:1104)
	at com.microstar.xml.XmlParser.parseElement(XmlParser.java:924)
	at com.microstar.xml.XmlParser.parseDocument(XmlParser.java:481)
	at com.microstar.xml.XmlParser.doParse(XmlParser.java:159)
	at com.microstar.xml.XmlParser.parse(XmlParser.java:132)
	at ptolemy.moml.MoMLParser.parse(MoMLParser.java:1676)
	at ptolemy.moml.MoMLParser.parse(MoMLParser.java:1595)
	at ptolemy.moml.MoMLParser.parse(MoMLParser.java:1537)
	at ptolemy.moml.MoMLParser._findOrParse(MoMLParser.java:5286)
	at ptolemy.moml.MoMLParser._attemptToFindMoMLClass(MoMLParser.java:4075)
	at ptolemy.moml.MoMLParser._createEntity(MoMLParser.java:4323)
	... 65 more
Caused by: ptolemy.kernel.util.IllegalActionException: Cannot find class: ptolemy.domains.ptinyos.lib.MicaLeds. In Ptolemy, classes are typically Java .class files. Entities like actors may instead be defined within a .xml file.  In any case, the class was not found. If the class uses a third party package, then the class would be present only if the third party package was found at compile time.  It may be necessary to upgrade Java or install the third party package, reconfigure and recompile.
Because:
-- /home/travis/build/icyphy/ptII/ptolemy/actor/ptalon/demo/ptinyos/SendAndReceiveCnt/ptolemy/domains/ptinyos/lib/MicaLeds.xml (No such file or directory)
-- XML file not found relative to classpath.
-- /home/travis/build/icyphy/ptII/ptolemy/vergil/basic/export/test/ptolemy/domains/ptinyos/lib/MicaLeds.xml
/home/travis/build/icyphy/ptII/ptolemy/vergil/basic/export/test/ptolemy/domains/ptinyos/lib/MicaLeds.xml (No such file or directory)
 in file:/home/travis/build/icyphy/ptII/ptolemy/actor/ptalon/demo/ptinyos/SendAndReceiveCnt/CntToLedsAndRfm.xml at line 132 and column 63
	at ptolemy.moml.MoMLParser._createEntity(MoMLParser.java:4330)
	at ptolemy.moml.MoMLParser.startElement(MoMLParser.java:2864)
	... 77 more
Caused by: com.microstar.xml.XmlException: -- /home/travis/build/icyphy/ptII/ptolemy/actor/ptalon/demo/ptinyos/SendAndReceiveCnt/ptolemy/domains/ptinyos/lib/MicaLeds.xml (No such file or directory)
-- XML file not found relative to classpath.
-- /home/travis/build/icyphy/ptII/ptolemy/vergil/basic/export/test/ptolemy/domains/ptinyos/lib/MicaLeds.xml
/home/travis/build/icyphy/ptII/ptolemy/vergil/basic/export/test/ptolemy/domains/ptinyos/lib/MicaLeds.xml (No such file or directory)
 in file:/home/travis/build/icyphy/ptII/ptolemy/actor/ptalon/demo/ptinyos/SendAndReceiveCnt/CntToLedsAndRfm.xml at line 132 and column 63
	at ptolemy.moml.MoMLParser.fileNameToURL(MoMLParser.java:1414)
	at ptolemy.moml.MoMLParser._findOrParse(MoMLParser.java:5283)
	at ptolemy.moml.MoMLParser._attemptToFindMoMLClass(MoMLParser.java:4075)
	at ptolemy.moml.MoMLParser._createEntity(MoMLParser.java:4323)
	... 78 more
Caused by: ptolemy.actor.ptalon.PtalonRuntimeException: Unable to add actor null
	at ptolemy.actor.ptalon.PtalonEvaluator.addActor(PtalonEvaluator.java:300)
	at ptolemy.actor.ptalon.PtalonPopulator.actor_declaration(PtalonPopulator.java:1574)
	at ptolemy.actor.ptalon.PtalonPopulator.atomic_statement(PtalonPopulator.java:1638)
	at ptolemy.actor.ptalon.PtalonPopulator.iterative_statement_evaluator(PtalonPopulator.java:2484)
	at ptolemy.actor.ptalon.AbstractPtalonEvaluator$IfTree.evaluateForScope(AbstractPtalonEvaluator.java:1307)
	at ptolemy.actor.ptalon.AbstractPtalonEvaluator.evaluateForScope(AbstractPtalonEvaluator.java:744)
	at ptolemy.actor.ptalon.PtalonPopulator.iterative_statement(PtalonPopulator.java:2363)
	at ptolemy.actor.ptalon.PtalonPopulator.actor_definition(PtalonPopulator.java:2809)
	at ptolemy.actor.ptalon.PtalonActor.attributeChanged(PtalonActor.java:206)
	at ptolemy.actor.ptalon.PtalonMLHandler.startElement(PtalonMLHandler.java:134)
	at com.microstar.xml.XmlParser.parseElement(XmlParser.java:921)
	at com.microstar.xml.XmlParser.parseContent(XmlParser.java:1104)
	at com.microstar.xml.XmlParser.parseElement(XmlParser.java:924)
	at com.microstar.xml.XmlParser.parseDocument(XmlParser.java:481)
	at com.microstar.xml.XmlParser.doParse(XmlParser.java:159)
	at com.microstar.xml.XmlParser.parse(XmlParser.java:132)
	at ptolemy.actor.ptalon.PtalonActor.configure(PtalonActor.java:240)
	at ptolemy.moml.MoMLParser.endElement(MoMLParser.java:996)
	at com.microstar.xml.XmlParser.parseETag(XmlParser.java:1026)
	at com.microstar.xml.XmlParser.parseContent(XmlParser.java:1098)
	at com.microstar.xml.XmlParser.parseElement(XmlParser.java:924)
	at com.microstar.xml.XmlParser.parseContent(XmlParser.java:1104)
	at com.microstar.xml.XmlParser.parseElement(XmlParser.java:924)
	at com.microstar.xml.XmlParser.parseContent(XmlParser.java:1104)
	at com.microstar.xml.XmlParser.parseElement(XmlParser.java:924)
	at com.microstar.xml.XmlParser.parseDocument(XmlParser.java:481)
	at com.microstar.xml.XmlParser.doParse(XmlParser.java:159)
	at com.microstar.xml.XmlParser.parse(XmlParser.java:132)
	at ptolemy.moml.MoMLParser.parse(MoMLParser.java:1676)
	at ptolemy.moml.MoMLParser.parse(MoMLParser.java:1595)
	at ptolemy.moml.MoMLParser.parse(MoMLParser.java:1537)
	at ptolemy.actor.gui.PtolemyEffigy$Factory.createEffigy(PtolemyEffigy.java:424)
	at ptolemy.actor.gui.EffigyFactory.createEffigy(EffigyFactory.java:234)
	at ptolemy.actor.gui.Configuration.openModel(Configuration.java:1125)
	at ptolemy.actor.gui.Configuration.openModel(Configuration.java:1051)
	at ptolemy.actor.gui.ConfigurationApplication._openModel(ConfigurationApplication.java:1252)
	at ptolemy.actor.gui.ConfigurationApplication._parseArg(ConfigurationApplication.java:1399)
	at ptolemy.actor.gui.ConfigurationApplication._parseArgs(ConfigurationApplication.java:1478)
	at ptolemy.actor.gui.ConfigurationApplication.<init>(ConfigurationApplication.java:277)
	at ptolemy.actor.gui.ConfigurationApplication.<init>(ConfigurationApplication.java:214)
	at ptolemy.actor.gui.ConfigurationApplication.<init>(ConfigurationApplication.java:201)
	at ptolemy.actor.gui.ConfigurationApplication.openModelOrEntity(ConfigurationApplication.java:680)
	at ptolemy.vergil.basic.export.ExportModel$1.run(ExportModel.java:220)
	at java.awt.event.InvocationEvent.dispatch(InvocationEvent.java:301)
	at java.awt.EventQueue.dispatchEventImpl(EventQueue.java:756)
	at java.awt.EventQueue.access$500(EventQueue.java:97)
	at java.awt.EventQueue$3.run(EventQueue.java:709)
	at java.awt.EventQueue$3.run(EventQueue.java:703)
	at java.security.AccessController.doPrivileged(Native Method)
	at java.security.ProtectionDomain$JavaSecurityAccessImpl.doIntersectionPrivilege(ProtectionDomain.java:80)
	at java.awt.EventQueue.dispatchEvent(EventQueue.java:726)
	at java.awt.EventDispatchThread.pumpOneEventForFilters(EventDispatchThread.java:201)
	at java.awt.EventDispatchThread.pumpEventsForFilter(EventDispatchThread.java:116)
	at java.awt.EventDispatchThread.pumpEventsForHierarchy(EventDispatchThread.java:105)
	at java.awt.EventDispatchThread.pumpEvents(EventDispatchThread.java:101)
	at java.awt.EventDispatchThread.pumpEvents(EventDispatchThread.java:93)
	at java.awt.EventDispatchThread.run(EventDispatchThread.java:82)
Caused by: ptolemy.kernel.util.InternalErrorException: Element <entity name="sender1" class="ptolemy.actor.ptalon.demo.ptinyos.SendAndReceiveCnt.CntToLedsAndRfm"> caused an exception to be thrown.
  in .SendAndReceiveCnt.SendAndReceiveCnt
Because:
Cannot find class: ptolemy.actor.ptalon.demo.ptinyos.SendAndReceiveCnt.CntToLedsAndRfm. In Ptolemy, classes are typically Java .class files. Entities like actors may instead be defined within a .xml file.  In any case, the class was not found. If the class uses a third party package, then the class would be present only if the third party package was found at compile time.  It may be necessary to upgrade Java or install the third party package, reconfigure and recompile.
Because:
Element <entity name="MicaLeds" class="ptolemy.domains.ptinyos.lib.MicaLeds"> caused an exception to be thrown.
  in .CntToLedsAndRfm
Because:
Cannot find class: ptolemy.domains.ptinyos.lib.MicaLeds. In Ptolemy, classes are typically Java .class files. Entities like actors may instead be defined within a .xml file.  In any case, the class was not found. If the class uses a third party package, then the class would be present only if the third party package was found at compile time.  It may be necessary to upgrade Java or install the third party package, reconfigure and recompile.
Because:
-- /home/travis/build/icyphy/ptII/ptolemy/actor/ptalon/demo/ptinyos/SendAndReceiveCnt/ptolemy/domains/ptinyos/lib/MicaLeds.xml (No such file or directory)
-- XML file not found relative to classpath.
-- /home/travis/build/icyphy/ptII/ptolemy/vergil/basic/export/test/ptolemy/domains/ptinyos/lib/MicaLeds.xml
/home/travis/build/icyphy/ptII/ptolemy/vergil/basic/export/test/ptolemy/domains/ptinyos/lib/MicaLeds.xml (No such file or directory)
 in file:/home/travis/build/icyphy/ptII/ptolemy/actor/ptalon/demo/ptinyos/SendAndReceiveCnt/CntToLedsAndRfm.xml at line 132 and column 63
	at ptolemy.moml.SimpleErrorHandler.handleError(SimpleErrorHandler.java:75)
	at ptolemy.moml.MoMLParser.startElement(MoMLParser.java:3805)
	at com.microstar.xml.XmlParser.parseElement(XmlParser.java:931)
	at com.microstar.xml.XmlParser.parseDocument(XmlParser.java:481)
	at com.microstar.xml.XmlParser.doParse(XmlParser.java:159)
	at com.microstar.xml.XmlParser.parse(XmlParser.java:132)
	at ptolemy.moml.MoMLParser.parse(MoMLParser.java:1660)
	at ptolemy.moml.MoMLParser.parse(MoMLParser.java:1617)
	at ptolemy.moml.MoMLParser.parse(MoMLParser.java:1792)
	at ptolemy.actor.ptalon.PtalonEvaluator.addActor(PtalonEvaluator.java:241)
	... 56 more
Caused by: ptolemy.kernel.util.IllegalActionException: Cannot find class: ptolemy.actor.ptalon.demo.ptinyos.SendAndReceiveCnt.CntToLedsAndRfm. In Ptolemy, classes are typically Java .class files. Entities like actors may instead be defined within a .xml file.  In any case, the class was not found. If the class uses a third party package, then the class would be present only if the third party package was found at compile time.  It may be necessary to upgrade Java or install the third party package, reconfigure and recompile.
Because:
Element <entity name="MicaLeds" class="ptolemy.domains.ptinyos.lib.MicaLeds"> caused an exception to be thrown.
  in .CntToLedsAndRfm
Because:
Cannot find class: ptolemy.domains.ptinyos.lib.MicaLeds. In Ptolemy, classes are typically Java .class files. Entities like actors may instead be defined within a .xml file.  In any case, the class was not found. If the class uses a third party package, then the class would be present only if the third party package was found at compile time.  It may be necessary to upgrade Java or install the third party package, reconfigure and recompile.
Because:
-- /home/travis/build/icyphy/ptII/ptolemy/actor/ptalon/demo/ptinyos/SendAndReceiveCnt/ptolemy/domains/ptinyos/lib/MicaLeds.xml (No such file or directory)
-- XML file not found relative to classpath.
-- /home/travis/build/icyphy/ptII/ptolemy/vergil/basic/export/test/ptolemy/domains/ptinyos/lib/MicaLeds.xml
/home/travis/build/icyphy/ptII/ptolemy/vergil/basic/export/test/ptolemy/domains/ptinyos/lib/MicaLeds.xml (No such file or directory)
 in file:/home/travis/build/icyphy/ptII/ptolemy/actor/ptalon/demo/ptinyos/SendAndReceiveCnt/CntToLedsAndRfm.xml at line 132 and column 63
	at ptolemy.moml.MoMLParser._createEntity(MoMLParser.java:4330)
	at ptolemy.moml.MoMLParser.startElement(MoMLParser.java:2864)
	... 64 more
Caused by: ptolemy.kernel.util.InternalErrorException: Element <entity name="MicaLeds" class="ptolemy.domains.ptinyos.lib.MicaLeds"> caused an exception to be thrown.
  in .CntToLedsAndRfm
Because:
Cannot find class: ptolemy.domains.ptinyos.lib.MicaLeds. In Ptolemy, classes are typically Java .class files. Entities like actors may instead be defined within a .xml file.  In any case, the class was not found. If the class uses a third party package, then the class would be present only if the third party package was found at compile time.  It may be necessary to upgrade Java or install the third party package, reconfigure and recompile.
Because:
-- /home/travis/build/icyphy/ptII/ptolemy/actor/ptalon/demo/ptinyos/SendAndReceiveCnt/ptolemy/domains/ptinyos/lib/MicaLeds.xml (No such file or directory)
-- XML file not found relative to classpath.
-- /home/travis/build/icyphy/ptII/ptolemy/vergil/basic/export/test/ptolemy/domains/ptinyos/lib/MicaLeds.xml
/home/travis/build/icyphy/ptII/ptolemy/vergil/basic/export/test/ptolemy/domains/ptinyos/lib/MicaLeds.xml (No such file or directory)
 in file:/home/travis/build/icyphy/ptII/ptolemy/actor/ptalon/demo/ptinyos/SendAndReceiveCnt/CntToLedsAndRfm.xml at line 132 and column 63
	at ptolemy.moml.SimpleErrorHandler.handleError(SimpleErrorHandler.java:75)
	at ptolemy.moml.MoMLParser.startElement(MoMLParser.java:3805)
	at com.microstar.xml.XmlParser.parseElement(XmlParser.java:921)
	at com.microstar.xml.XmlParser.parseContent(XmlParser.java:1104)
	at com.microstar.xml.XmlParser.parseElement(XmlParser.java:924)
	at com.microstar.xml.XmlParser.parseDocument(XmlParser.java:481)
	at com.microstar.xml.XmlParser.doParse(XmlParser.java:159)
	at com.microstar.xml.XmlParser.parse(XmlParser.java:132)
	at ptolemy.moml.MoMLParser.parse(MoMLParser.java:1676)
	at ptolemy.moml.MoMLParser.parse(MoMLParser.java:1595)
	at ptolemy.moml.MoMLParser.parse(MoMLParser.java:1537)
	at ptolemy.moml.MoMLParser._findOrParse(MoMLParser.java:5286)
	at ptolemy.moml.MoMLParser._attemptToFindMoMLClass(MoMLParser.java:4075)
	at ptolemy.moml.MoMLParser._createEntity(MoMLParser.java:4323)
	... 65 more
Caused by: ptolemy.kernel.util.IllegalActionException: Cannot find class: ptolemy.domains.ptinyos.lib.MicaLeds. In Ptolemy, classes are typically Java .class files. Entities like actors may instead be defined within a .xml file.  In any case, the class was not found. If the class uses a third party package, then the class would be present only if the third party package was found at compile time.  It may be necessary to upgrade Java or install the third party package, reconfigure and recompile.
Because:
-- /home/travis/build/icyphy/ptII/ptolemy/actor/ptalon/demo/ptinyos/SendAndReceiveCnt/ptolemy/domains/ptinyos/lib/MicaLeds.xml (No such file or directory)
-- XML file not found relative to classpath.
-- /home/travis/build/icyphy/ptII/ptolemy/vergil/basic/export/test/ptolemy/domains/ptinyos/lib/MicaLeds.xml
/home/travis/build/icyphy/ptII/ptolemy/vergil/basic/export/test/ptolemy/domains/ptinyos/lib/MicaLeds.xml (No such file or directory)
 in file:/home/travis/build/icyphy/ptII/ptolemy/actor/ptalon/demo/ptinyos/SendAndReceiveCnt/CntToLedsAndRfm.xml at line 132 and column 63
	at ptolemy.moml.MoMLParser._createEntity(MoMLParser.java:4330)
	at ptolemy.moml.MoMLParser.startElement(MoMLParser.java:2864)
	... 77 more
Caused by: com.microstar.xml.XmlException: -- /home/travis/build/icyphy/ptII/ptolemy/actor/ptalon/demo/ptinyos/SendAndReceiveCnt/ptolemy/domains/ptinyos/lib/MicaLeds.xml (No such file or directory)
-- XML file not found relative to classpath.
-- /home/travis/build/icyphy/ptII/ptolemy/vergil/basic/export/test/ptolemy/domains/ptinyos/lib/MicaLeds.xml
/home/travis/build/icyphy/ptII/ptolemy/vergil/basic/export/test/ptolemy/domains/ptinyos/lib/MicaLeds.xml (No such file or directory)
 in file:/home/travis/build/icyphy/ptII/ptolemy/actor/ptalon/demo/ptinyos/SendAndReceiveCnt/CntToLedsAndRfm.xml at line 132 and column 63
	at ptolemy.moml.MoMLParser.fileNameToURL(MoMLParser.java:1414)
	at ptolemy.moml.MoMLParser._findOrParse(MoMLParser.java:5283)
	at ptolemy.moml.MoMLParser._attemptToFindMoMLClass(MoMLParser.java:4075)
	at ptolemy.moml.MoMLParser._createEntity(MoMLParser.java:4323)
	... 78 more
Failed to read file:/home/travis/build/icyphy/ptII/ptolemy/actor/ptalon/demo/ptinyos/SendAndReceiveCnt/SendAndReceiveCnt.xml
ptolemy.kernel.util.IllegalActionException: Failed to process attribute change to PtalonParameter, whose value is "ptolemy.actor.ptalon.PtalonExpressionParameter {.SendAndReceiveCnt.SendAndReceiveCnt.channelName} "AtomicWirelessChannel"".
  in .SendAndReceiveCnt.SendAndReceiveCnt
Because:
Unable to add actor null
	at ptolemy.actor.ptalon.PtalonActor.attributeChanged(PtalonActor.java:211)
	at ptolemy.actor.ptalon.PtalonMLHandler.startElement(PtalonMLHandler.java:134)
	at com.microstar.xml.XmlParser.parseElement(XmlParser.java:921)
	at com.microstar.xml.XmlParser.parseContent(XmlParser.java:1104)
	at com.microstar.xml.XmlParser.parseElement(XmlParser.java:924)
	at com.microstar.xml.XmlParser.parseDocument(XmlParser.java:481)
	at com.microstar.xml.XmlParser.doParse(XmlParser.java:159)
	at com.microstar.xml.XmlParser.parse(XmlParser.java:132)
	at ptolemy.actor.ptalon.PtalonActor.configure(PtalonActor.java:240)
	at ptolemy.moml.MoMLParser.endElement(MoMLParser.java:996)
	at com.microstar.xml.XmlParser.parseETag(XmlParser.java:1026)
	at com.microstar.xml.XmlParser.parseContent(XmlParser.java:1098)
	at com.microstar.xml.XmlParser.parseElement(XmlParser.java:924)
	at com.microstar.xml.XmlParser.parseContent(XmlParser.java:1104)
	at com.microstar.xml.XmlParser.parseElement(XmlParser.java:924)
	at com.microstar.xml.XmlParser.parseContent(XmlParser.java:1104)
	at com.microstar.xml.XmlParser.parseElement(XmlParser.java:924)
	at com.microstar.xml.XmlParser.parseDocument(XmlParser.java:481)
	at com.microstar.xml.XmlParser.doParse(XmlParser.java:159)
	at com.microstar.xml.XmlParser.parse(XmlParser.java:132)
	at ptolemy.moml.MoMLParser.parse(MoMLParser.java:1676)
	at ptolemy.moml.MoMLParser.parse(MoMLParser.java:1595)
	at ptolemy.moml.MoMLParser.parse(MoMLParser.java:1537)
	at ptolemy.actor.gui.PtolemyEffigy$Factory.createEffigy(PtolemyEffigy.java:424)
	at ptolemy.actor.gui.EffigyFactory.createEffigy(EffigyFactory.java:234)
	at ptolemy.actor.gui.Configuration.openModel(Configuration.java:1125)
	at ptolemy.actor.gui.Configuration.openModel(Configuration.java:1051)
	at ptolemy.actor.gui.ConfigurationApplication._openModel(ConfigurationApplication.java:1252)
	at ptolemy.actor.gui.ConfigurationApplication._parseArg(ConfigurationApplication.java:1399)
	at ptolemy.actor.gui.ConfigurationApplication._parseArgs(ConfigurationApplication.java:1478)
	at ptolemy.actor.gui.ConfigurationApplication.<init>(ConfigurationApplication.java:277)
	at ptolemy.actor.gui.ConfigurationApplication.<init>(ConfigurationApplication.java:214)
	at ptolemy.actor.gui.ConfigurationApplication.<init>(ConfigurationApplication.java:201)
	at ptolemy.actor.gui.ConfigurationApplication.openModelOrEntity(ConfigurationApplication.java:680)
	at ptolemy.vergil.basic.export.ExportModel$1.run(ExportModel.java:220)
	at java.awt.event.InvocationEvent.dispatch(InvocationEvent.java:301)
	at java.awt.EventQueue.dispatchEventImpl(EventQueue.java:756)
	at java.awt.EventQueue.access$500(EventQueue.java:97)
	at java.awt.EventQueue$3.run(EventQueue.java:709)
	at java.awt.EventQueue$3.run(EventQueue.java:703)
	at java.security.AccessController.doPrivileged(Native Method)
	at java.security.ProtectionDomain$JavaSecurityAccessImpl.doIntersectionPrivilege(ProtectionDomain.java:80)
	at java.awt.EventQueue.dispatchEvent(EventQueue.java:726)
	at java.awt.EventDispatchThread.pumpOneEventForFilters(EventDispatchThread.java:201)
	at java.awt.EventDispatchThread.pumpEventsForFilter(EventDispatchThread.java:116)
	at java.awt.EventDispatchThread.pumpEventsForHierarchy(EventDispatchThread.java:105)
	at java.awt.EventDispatchThread.pumpEvents(EventDispatchThread.java:101)
	at java.awt.EventDispatchThread.pumpEvents(EventDispatchThread.java:93)
	at java.awt.EventDispatchThread.run(EventDispatchThread.java:82)
Caused by: ptolemy.actor.ptalon.PtalonRuntimeException: Unable to add actor null
	at ptolemy.actor.ptalon.PtalonEvaluator.addActor(PtalonEvaluator.java:300)
	at ptolemy.actor.ptalon.PtalonPopulator.actor_declaration(PtalonPopulator.java:1574)
	at ptolemy.actor.ptalon.PtalonPopulator.atomic_statement(PtalonPopulator.java:1638)
	at ptolemy.actor.ptalon.PtalonPopulator.iterative_statement_evaluator(PtalonPopulator.java:2484)
	at ptolemy.actor.ptalon.AbstractPtalonEvaluator$IfTree.evaluateForScope(AbstractPtalonEvaluator.java:1307)
	at ptolemy.actor.ptalon.AbstractPtalonEvaluator.evaluateForScope(AbstractPtalonEvaluator.java:744)
	at ptolemy.actor.ptalon.PtalonPopulator.iterative_statement(PtalonPopulator.java:2363)
	at ptolemy.actor.ptalon.PtalonPopulator.actor_definition(PtalonPopulator.java:2809)
	at ptolemy.actor.ptalon.PtalonActor.attributeChanged(PtalonActor.java:206)
	... 48 more
Caused by: ptolemy.kernel.util.InternalErrorException: Element <entity name="sender1" class="ptolemy.actor.ptalon.demo.ptinyos.SendAndReceiveCnt.CntToLedsAndRfm"> caused an exception to be thrown.
  in .SendAndReceiveCnt.SendAndReceiveCnt
Because:
Cannot find class: ptolemy.actor.ptalon.demo.ptinyos.SendAndReceiveCnt.CntToLedsAndRfm. In Ptolemy, classes are typically Java .class files. Entities like actors may instead be defined within a .xml file.  In any case, the class was not found. If the class uses a third party package, then the class would be present only if the third party package was found at compile time.  It may be necessary to upgrade Java or install the third party package, reconfigure and recompile.
Because:
Element <entity name="MicaLeds" class="ptolemy.domains.ptinyos.lib.MicaLeds"> caused an exception to be thrown.
  in .CntToLedsAndRfm
Because:
Cannot find class: ptolemy.domains.ptinyos.lib.MicaLeds. In Ptolemy, classes are typically Java .class files. Entities like actors may instead be defined within a .xml file.  In any case, the class was not found. If the class uses a third party package, then the class would be present only if the third party package was found at compile time.  It may be necessary to upgrade Java or install the third party package, reconfigure and recompile.
Because:
-- /home/travis/build/icyphy/ptII/ptolemy/actor/ptalon/demo/ptinyos/SendAndReceiveCnt/ptolemy/domains/ptinyos/lib/MicaLeds.xml (No such file or directory)
-- XML file not found relative to classpath.
-- /home/travis/build/icyphy/ptII/ptolemy/vergil/basic/export/test/ptolemy/domains/ptinyos/lib/MicaLeds.xml
/home/travis/build/icyphy/ptII/ptolemy/vergil/basic/export/test/ptolemy/domains/ptinyos/lib/MicaLeds.xml (No such file or directory)
 in file:/home/travis/build/icyphy/ptII/ptolemy/actor/ptalon/demo/ptinyos/SendAndReceiveCnt/CntToLedsAndRfm.xml at line 132 and column 63
	at ptolemy.moml.SimpleErrorHandler.handleError(SimpleErrorHandler.java:75)
	at ptolemy.moml.MoMLParser.startElement(MoMLParser.java:3805)
	at com.microstar.xml.XmlParser.parseElement(XmlParser.java:931)
	at com.microstar.xml.XmlParser.parseDocument(XmlParser.java:481)
	at com.microstar.xml.XmlParser.doParse(XmlParser.java:159)
	at com.microstar.xml.XmlParser.parse(XmlParser.java:132)
	at ptolemy.moml.MoMLParser.parse(MoMLParser.java:1660)
	at ptolemy.moml.MoMLParser.parse(MoMLParser.java:1617)
	at ptolemy.moml.MoMLParser.parse(MoMLParser.java:1792)
	at ptolemy.actor.ptalon.PtalonEvaluator.addActor(PtalonEvaluator.java:241)
	... 56 more
Caused by: ptolemy.kernel.util.IllegalActionException: Cannot find class: ptolemy.actor.ptalon.demo.ptinyos.SendAndReceiveCnt.CntToLedsAndRfm. In Ptolemy, classes are typically Java .class files. Entities like actors may instead be defined within a .xml file.  In any case, the class was not found. If the class uses a third party package, then the class would be present only if the third party package was found at compile time.  It may be necessary to upgrade Java or install the third party package, reconfigure and recompile.
Because:
Element <entity name="MicaLeds" class="ptolemy.domains.ptinyos.lib.MicaLeds"> caused an exception to be thrown.
  in .CntToLedsAndRfm
Because:
Cannot find class: ptolemy.domains.ptinyos.lib.MicaLeds. In Ptolemy, classes are typically Java .class files. Entities like actors may instead be defined within a .xml file.  In any case, the class was not found. If the class uses a third party package, then the class would be present only if the third party package was found at compile time.  It may be necessary to upgrade Java or install the third party package, reconfigure and recompile.
Because:
-- /home/travis/build/icyphy/ptII/ptolemy/actor/ptalon/demo/ptinyos/SendAndReceiveCnt/ptolemy/domains/ptinyos/lib/MicaLeds.xml (No such file or directory)
-- XML file not found relative to classpath.
-- /home/travis/build/icyphy/ptII/ptolemy/vergil/basic/export/test/ptolemy/domains/ptinyos/lib/MicaLeds.xml
/home/travis/build/icyphy/ptII/ptolemy/vergil/basic/export/test/ptolemy/domains/ptinyos/lib/MicaLeds.xml (No such file or directory)
 in file:/home/travis/build/icyphy/ptII/ptolemy/actor/ptalon/demo/ptinyos/SendAndReceiveCnt/CntToLedsAndRfm.xml at line 132 and column 63
	at ptolemy.moml.MoMLParser._createEntity(MoMLParser.java:4330)
	at ptolemy.moml.MoMLParser.startElement(MoMLParser.java:2864)
	... 64 more
Caused by: ptolemy.kernel.util.InternalErrorException: Element <entity name="MicaLeds" class="ptolemy.domains.ptinyos.lib.MicaLeds"> caused an exception to be thrown.
  in .CntToLedsAndRfm
Because:
Cannot find class: ptolemy.domains.ptinyos.lib.MicaLeds. In Ptolemy, classes are typically Java .class files. Entities like actors may instead be defined within a .xml file.  In any case, the class was not found. If the class uses a third party package, then the class would be present only if the third party package was found at compile time.  It may be necessary to upgrade Java or install the third party package, reconfigure and recompile.
Because:
-- /home/travis/build/icyphy/ptII/ptolemy/actor/ptalon/demo/ptinyos/SendAndReceiveCnt/ptolemy/domains/ptinyos/lib/MicaLeds.xml (No such file or directory)
-- XML file not found relative to classpath.
-- /home/travis/build/icyphy/ptII/ptolemy/vergil/basic/export/test/ptolemy/domains/ptinyos/lib/MicaLeds.xml
/home/travis/build/icyphy/ptII/ptolemy/vergil/basic/export/test/ptolemy/domains/ptinyos/lib/MicaLeds.xml (No such file or directory)
 in file:/home/travis/build/icyphy/ptII/ptolemy/actor/ptalon/demo/ptinyos/SendAndReceiveCnt/CntToLedsAndRfm.xml at line 132 and column 63
	at ptolemy.moml.SimpleErrorHandler.handleError(SimpleErrorHandler.java:75)
	at ptolemy.moml.MoMLParser.startElement(MoMLParser.java:3805)
	at com.microstar.xml.XmlParser.parseElement(XmlParser.java:921)
	at com.microstar.xml.XmlParser.parseContent(XmlParser.java:1104)
	at com.microstar.xml.XmlParser.parseElement(XmlParser.java:924)
	at com.microstar.xml.XmlParser.parseDocument(XmlParser.java:481)
	at com.microstar.xml.XmlParser.doParse(XmlParser.java:159)
	at com.microstar.xml.XmlParser.parse(XmlParser.java:132)
	at ptolemy.moml.MoMLParser.parse(MoMLParser.java:1676)
	at ptolemy.moml.MoMLParser.parse(MoMLParser.java:1595)
	at ptolemy.moml.MoMLParser.parse(MoMLParser.java:1537)
	at ptolemy.moml.MoMLParser._findOrParse(MoMLParser.java:5286)
	at ptolemy.moml.MoMLParser._attemptToFindMoMLClass(MoMLParser.java:4075)
	at ptolemy.moml.MoMLParser._createEntity(MoMLParser.java:4323)
	... 65 more
Caused by: ptolemy.kernel.util.IllegalActionException: Cannot find class: ptolemy.domains.ptinyos.lib.MicaLeds. In Ptolemy, classes are typically Java .class files. Entities like actors may instead be defined within a .xml file.  In any case, the class was not found. If the class uses a third party package, then the class would be present only if the third party package was found at compile time.  It may be necessary to upgrade Java or install the third party package, reconfigure and recompile.
Because:
-- /home/travis/build/icyphy/ptII/ptolemy/actor/ptalon/demo/ptinyos/SendAndReceiveCnt/ptolemy/domains/ptinyos/lib/MicaLeds.xml (No such file or directory)
-- XML file not found relative to classpath.
-- /home/travis/build/icyphy/ptII/ptolemy/vergil/basic/export/test/ptolemy/domains/ptinyos/lib/MicaLeds.xml
/home/travis/build/icyphy/ptII/ptolemy/vergil/basic/export/test/ptolemy/domains/ptinyos/lib/MicaLeds.xml (No such file or directory)
 in file:/home/travis/build/icyphy/ptII/ptolemy/actor/ptalon/demo/ptinyos/SendAndReceiveCnt/CntToLedsAndRfm.xml at line 132 and column 63
	at ptolemy.moml.MoMLParser._createEntity(MoMLParser.java:4330)
	at ptolemy.moml.MoMLParser.startElement(MoMLParser.java:2864)
	... 77 more
Caused by: com.microstar.xml.XmlException: -- /home/travis/build/icyphy/ptII/ptolemy/actor/ptalon/demo/ptinyos/SendAndReceiveCnt/ptolemy/domains/ptinyos/lib/MicaLeds.xml (No such file or directory)
-- XML file not found relative to classpath.
-- /home/travis/build/icyphy/ptII/ptolemy/vergil/basic/export/test/ptolemy/domains/ptinyos/lib/MicaLeds.xml
/home/travis/build/icyphy/ptII/ptolemy/vergil/basic/export/test/ptolemy/domains/ptinyos/lib/MicaLeds.xml (No such file or directory)
 in file:/home/travis/build/icyphy/ptII/ptolemy/actor/ptalon/demo/ptinyos/SendAndReceiveCnt/CntToLedsAndRfm.xml at line 132 and column 63
	at ptolemy.moml.MoMLParser.fileNameToURL(MoMLParser.java:1414)
	at ptolemy.moml.MoMLParser._findOrParse(MoMLParser.java:5283)
	at ptolemy.moml.MoMLParser._attemptToFindMoMLClass(MoMLParser.java:4075)
	at ptolemy.moml.MoMLParser._createEntity(MoMLParser.java:4323)
	... 78 more
Caused by: ptolemy.actor.ptalon.PtalonRuntimeException: Unable to add actor null
	at ptolemy.actor.ptalon.PtalonEvaluator.addActor(PtalonEvaluator.java:300)
	at ptolemy.actor.ptalon.PtalonPopulator.actor_declaration(PtalonPopulator.java:1574)
	at ptolemy.actor.ptalon.PtalonPopulator.atomic_statement(PtalonPopulator.java:1638)
	at ptolemy.actor.ptalon.PtalonPopulator.iterative_statement_evaluator(PtalonPopulator.java:2484)
	at ptolemy.actor.ptalon.AbstractPtalonEvaluator$IfTree.evaluateForScope(AbstractPtalonEvaluator.java:1307)
	at ptolemy.actor.ptalon.AbstractPtalonEvaluator.evaluateForScope(AbstractPtalonEvaluator.java:744)
	at ptolemy.actor.ptalon.PtalonPopulator.iterative_statement(PtalonPopulator.java:2363)
	at ptolemy.actor.ptalon.PtalonPopulator.actor_definition(PtalonPopulator.java:2809)
	at ptolemy.actor.ptalon.PtalonActor.attributeChanged(PtalonActor.java:206)
	at ptolemy.actor.ptalon.PtalonMLHandler.startElement(PtalonMLHandler.java:134)
	at com.microstar.xml.XmlParser.parseElement(XmlParser.java:921)
	at com.microstar.xml.XmlParser.parseContent(XmlParser.java:1104)
	at com.microstar.xml.XmlParser.parseElement(XmlParser.java:924)
	at com.microstar.xml.XmlParser.parseDocument(XmlParser.java:481)
	at com.microstar.xml.XmlParser.doParse(XmlParser.java:159)
	at com.microstar.xml.XmlParser.parse(XmlParser.java:132)
	at ptolemy.actor.ptalon.PtalonActor.configure(PtalonActor.java:240)
	at ptolemy.moml.MoMLParser.endElement(MoMLParser.java:996)
	at com.microstar.xml.XmlParser.parseETag(XmlParser.java:1026)
	at com.microstar.xml.XmlParser.parseContent(XmlParser.java:1098)
	at com.microstar.xml.XmlParser.parseElement(XmlParser.java:924)
	at com.microstar.xml.XmlParser.parseContent(XmlParser.java:1104)
	at com.microstar.xml.XmlParser.parseElement(XmlParser.java:924)
	at com.microstar.xml.XmlParser.parseContent(XmlParser.java:1104)
	at com.microstar.xml.XmlParser.parseElement(XmlParser.java:924)
	at com.microstar.xml.XmlParser.parseDocument(XmlParser.java:481)
	at com.microstar.xml.XmlParser.doParse(XmlParser.java:159)
	at com.microstar.xml.XmlParser.parse(XmlParser.java:132)
	at ptolemy.moml.MoMLParser.parse(MoMLParser.java:1676)
	at ptolemy.moml.MoMLParser.parse(MoMLParser.java:1595)
	at ptolemy.moml.MoMLParser.parse(MoMLParser.java:1537)
	at ptolemy.actor.gui.PtolemyEffigy$Factory.createEffigy(PtolemyEffigy.java:424)
	at ptolemy.actor.gui.EffigyFactory.createEffigy(EffigyFactory.java:234)
	at ptolemy.actor.gui.Configuration.openModel(Configuration.java:1125)
	at ptolemy.actor.gui.Configuration.openModel(Configuration.java:1051)
	at ptolemy.actor.gui.ConfigurationApplication._openModel(ConfigurationApplication.java:1252)
	at ptolemy.actor.gui.ConfigurationApplication._parseArg(ConfigurationApplication.java:1399)
	at ptolemy.actor.gui.ConfigurationApplication._parseArgs(ConfigurationApplication.java:1478)
	at ptolemy.actor.gui.ConfigurationApplication.<init>(ConfigurationApplication.java:277)
	at ptolemy.actor.gui.ConfigurationApplication.<init>(ConfigurationApplication.java:214)
	at ptolemy.actor.gui.ConfigurationApplication.<init>(ConfigurationApplication.java:201)
	at ptolemy.actor.gui.ConfigurationApplication.openModelOrEntity(ConfigurationApplication.java:680)
	at ptolemy.vergil.basic.export.ExportModel$1.run(ExportModel.java:220)
	at java.awt.event.InvocationEvent.dispatch(InvocationEvent.java:301)
	at java.awt.EventQueue.dispatchEventImpl(EventQueue.java:756)
	at java.awt.EventQueue.access$500(EventQueue.java:97)
	at java.awt.EventQueue$3.run(EventQueue.java:709)
	at java.awt.EventQueue$3.run(EventQueue.java:703)
	at java.security.AccessController.doPrivileged(Native Method)
	at java.security.ProtectionDomain$JavaSecurityAccessImpl.doIntersectionPrivilege(ProtectionDomain.java:80)
	at java.awt.EventQueue.dispatchEvent(EventQueue.java:726)
	at java.awt.EventDispatchThread.pumpOneEventForFilters(EventDispatchThread.java:201)
	at java.awt.EventDispatchThread.pumpEventsForFilter(EventDispatchThread.java:116)
	at java.awt.EventDispatchThread.pumpEventsForHierarchy(EventDispatchThread.java:105)
	at java.awt.EventDispatchThread.pumpEvents(EventDispatchThread.java:101)
	at java.awt.EventDispatchThread.pumpEvents(EventDispatchThread.java:93)
	at java.awt.EventDispatchThread.run(EventDispatchThread.java:82)
Caused by: ptolemy.kernel.util.InternalErrorException: Element <entity name="sender1" class="ptolemy.actor.ptalon.demo.ptinyos.SendAndReceiveCnt.CntToLedsAndRfm"> caused an exception to be thrown.
  in .SendAndReceiveCnt.SendAndReceiveCnt
Because:
Cannot find class: ptolemy.actor.ptalon.demo.ptinyos.SendAndReceiveCnt.CntToLedsAndRfm. In Ptolemy, classes are typically Java .class files. Entities like actors may instead be defined within a .xml file.  In any case, the class was not found. If the class uses a third party package, then the class would be present only if the third party package was found at compile time.  It may be necessary to upgrade Java or install the third party package, reconfigure and recompile.
Because:
Element <entity name="MicaLeds" class="ptolemy.domains.ptinyos.lib.MicaLeds"> caused an exception to be thrown.
  in .CntToLedsAndRfm
Because:
Cannot find class: ptolemy.domains.ptinyos.lib.MicaLeds. In Ptolemy, classes are typically Java .class files. Entities like actors may instead be defined within a .xml file.  In any case, the class was not found. If the class uses a third party package, then the class would be present only if the third party package was found at compile time.  It may be necessary to upgrade Java or install the third party package, reconfigure and recompile.
Because:
-- /home/travis/build/icyphy/ptII/ptolemy/actor/ptalon/demo/ptinyos/SendAndReceiveCnt/ptolemy/domains/ptinyos/lib/MicaLeds.xml (No such file or directory)
-- XML file not found relative to classpath.
-- /home/travis/build/icyphy/ptII/ptolemy/vergil/basic/export/test/ptolemy/domains/ptinyos/lib/MicaLeds.xml
/home/travis/build/icyphy/ptII/ptolemy/vergil/basic/export/test/ptolemy/domains/ptinyos/lib/MicaLeds.xml (No such file or directory)
 in file:/home/travis/build/icyphy/ptII/ptolemy/actor/ptalon/demo/ptinyos/SendAndReceiveCnt/CntToLedsAndRfm.xml at line 132 and column 63
	at ptolemy.moml.SimpleErrorHandler.handleError(SimpleErrorHandler.java:75)
	at ptolemy.moml.MoMLParser.startElement(MoMLParser.java:3805)
	at com.microstar.xml.XmlParser.parseElement(XmlParser.java:931)
	at com.microstar.xml.XmlParser.parseDocument(XmlParser.java:481)
	at com.microstar.xml.XmlParser.doParse(XmlParser.java:159)
	at com.microstar.xml.XmlParser.parse(XmlParser.java:132)
	at ptolemy.moml.MoMLParser.parse(MoMLParser.java:1660)
	at ptolemy.moml.MoMLParser.parse(MoMLParser.java:1617)
	at ptolemy.moml.MoMLParser.parse(MoMLParser.java:1792)
	at ptolemy.actor.ptalon.PtalonEvaluator.addActor(PtalonEvaluator.java:241)
	... 56 more
Caused by: ptolemy.kernel.util.IllegalActionException: Cannot find class: ptolemy.actor.ptalon.demo.ptinyos.SendAndReceiveCnt.CntToLedsAndRfm. In Ptolemy, classes are typically Java .class files. Entities like actors may instead be defined within a .xml file.  In any case, the class was not found. If the class uses a third party package, then the class would be present only if the third party package was found at compile time.  It may be necessary to upgrade Java or install the third party package, reconfigure and recompile.
Because:
Element <entity name="MicaLeds" class="ptolemy.domains.ptinyos.lib.MicaLeds"> caused an exception to be thrown.
  in .CntToLedsAndRfm
Because:
Cannot find class: ptolemy.domains.ptinyos.lib.MicaLeds. In Ptolemy, classes are typically Java .class files. Entities like actors may instead be defined within a .xml file.  In any case, the class was not found. If the class uses a third party package, then the class would be present only if the third party package was found at compile time.  It may be necessary to upgrade Java or install the third party package, reconfigure and recompile.
Because:
-- /home/travis/build/icyphy/ptII/ptolemy/actor/ptalon/demo/ptinyos/SendAndReceiveCnt/ptolemy/domains/ptinyos/lib/MicaLeds.xml (No such file or directory)
-- XML file not found relative to classpath.
-- /home/travis/build/icyphy/ptII/ptolemy/vergil/basic/export/test/ptolemy/domains/ptinyos/lib/MicaLeds.xml
/home/travis/build/icyphy/ptII/ptolemy/vergil/basic/export/test/ptolemy/domains/ptinyos/lib/MicaLeds.xml (No such file or directory)
 in file:/home/travis/build/icyphy/ptII/ptolemy/actor/ptalon/demo/ptinyos/SendAndReceiveCnt/CntToLedsAndRfm.xml at line 132 and column 63
	at ptolemy.moml.MoMLParser._createEntity(MoMLParser.java:4330)
	at ptolemy.moml.MoMLParser.startElement(MoMLParser.java:2864)
	... 64 more
Caused by: ptolemy.kernel.util.InternalErrorException: Element <entity name="MicaLeds" class="ptolemy.domains.ptinyos.lib.MicaLeds"> caused an exception to be thrown.
  in .CntToLedsAndRfm
Because:
Cannot find class: ptolemy.domains.ptinyos.lib.MicaLeds. In Ptolemy, classes are typically Java .class files. Entities like actors may instead be defined within a .xml file.  In any case, the class was not found. If the class uses a third party package, then the class would be present only if the third party package was found at compile time.  It may be necessary to upgrade Java or install the third party package, reconfigure and recompile.
Because:
-- /home/travis/build/icyphy/ptII/ptolemy/actor/ptalon/demo/ptinyos/SendAndReceiveCnt/ptolemy/domains/ptinyos/lib/MicaLeds.xml (No such file or directory)
-- XML file not found relative to classpath.
-- /home/travis/build/icyphy/ptII/ptolemy/vergil/basic/export/test/ptolemy/domains/ptinyos/lib/MicaLeds.xml
/home/travis/build/icyphy/ptII/ptolemy/vergil/basic/export/test/ptolemy/domains/ptinyos/lib/MicaLeds.xml (No such file or directory)
 in file:/home/travis/build/icyphy/ptII/ptolemy/actor/ptalon/demo/ptinyos/SendAndReceiveCnt/CntToLedsAndRfm.xml at line 132 and column 63
	at ptolemy.moml.SimpleErrorHandler.handleError(SimpleErrorHandler.java:75)
	at ptolemy.moml.MoMLParser.startElement(MoMLParser.java:3805)
	at com.microstar.xml.XmlParser.parseElement(XmlParser.java:921)
	at com.microstar.xml.XmlParser.parseContent(XmlParser.java:1104)
	at com.microstar.xml.XmlParser.parseElement(XmlParser.java:924)
	at com.microstar.xml.XmlParser.parseDocument(XmlParser.java:481)
	at com.microstar.xml.XmlParser.doParse(XmlParser.java:159)
	at com.microstar.xml.XmlParser.parse(XmlParser.java:132)
	at ptolemy.moml.MoMLParser.parse(MoMLParser.java:1676)
	at ptolemy.moml.MoMLParser.parse(MoMLParser.java:1595)
	at ptolemy.moml.MoMLParser.parse(MoMLParser.java:1537)
	at ptolemy.moml.MoMLParser._findOrParse(MoMLParser.java:5286)
	at ptolemy.moml.MoMLParser._attemptToFindMoMLClass(MoMLParser.java:4075)
	at ptolemy.moml.MoMLParser._createEntity(MoMLParser.java:4323)
	... 65 more
Caused by: ptolemy.kernel.util.IllegalActionException: Cannot find class: ptolemy.domains.ptinyos.lib.MicaLeds. In Ptolemy, classes are typically Java .class files. Entities like actors may instead be defined within a .xml file.  In any case, the class was not found. If the class uses a third party package, then the class would be present only if the third party package was found at compile time.  It may be necessary to upgrade Java or install the third party package, reconfigure and recompile.
Because:
-- /home/travis/build/icyphy/ptII/ptolemy/actor/ptalon/demo/ptinyos/SendAndReceiveCnt/ptolemy/domains/ptinyos/lib/MicaLeds.xml (No such file or directory)
-- XML file not found relative to classpath.
-- /home/travis/build/icyphy/ptII/ptolemy/vergil/basic/export/test/ptolemy/domains/ptinyos/lib/MicaLeds.xml
/home/travis/build/icyphy/ptII/ptolemy/vergil/basic/export/test/ptolemy/domains/ptinyos/lib/MicaLeds.xml (No such file or directory)
 in file:/home/travis/build/icyphy/ptII/ptolemy/actor/ptalon/demo/ptinyos/SendAndReceiveCnt/CntToLedsAndRfm.xml at line 132 and column 63
	at ptolemy.moml.MoMLParser._createEntity(MoMLParser.java:4330)
	at ptolemy.moml.MoMLParser.startElement(MoMLParser.java:2864)
	... 77 more
Caused by: com.microstar.xml.XmlException: -- /home/travis/build/icyphy/ptII/ptolemy/actor/ptalon/demo/ptinyos/SendAndReceiveCnt/ptolemy/domains/ptinyos/lib/MicaLeds.xml (No such file or directory)
-- XML file not found relative to classpath.
-- /home/travis/build/icyphy/ptII/ptolemy/vergil/basic/export/test/ptolemy/domains/ptinyos/lib/MicaLeds.xml
/home/travis/build/icyphy/ptII/ptolemy/vergil/basic/export/test/ptolemy/domains/ptinyos/lib/MicaLeds.xml (No such file or directory)
 in file:/home/travis/build/icyphy/ptII/ptolemy/actor/ptalon/demo/ptinyos/SendAndReceiveCnt/CntToLedsAndRfm.xml at line 132 and column 63
	at ptolemy.moml.MoMLParser.fileNameToURL(MoMLParser.java:1414)
	at ptolemy.moml.MoMLParser._findOrParse(MoMLParser.java:5283)
	at ptolemy.moml.MoMLParser._attemptToFindMoMLClass(MoMLParser.java:4075)
	at ptolemy.moml.MoMLParser._createEntity(MoMLParser.java:4323)
	... 78 more
Failed to read file:/home/travis/build/icyphy/ptII/ptolemy/actor/ptalon/demo/ptinyos/SendAndReceiveCnt/SendAndReceiveCnt.xml
ptolemy.kernel.util.IllegalActionException: Failed to process attribute change to PtalonParameter, whose value is "ptolemy.actor.ptalon.PtalonExpressionParameter {.SendAndReceiveCnt.SendAndReceiveCnt.channelName} "AtomicWirelessChannel"".
  in .SendAndReceiveCnt.SendAndReceiveCnt
Because:
Unable to add actor null
	at ptolemy.actor.ptalon.PtalonActor.attributeChanged(PtalonActor.java:211)
	at ptolemy.actor.ptalon.PtalonMLHandler.startElement(PtalonMLHandler.java:134)
	at com.microstar.xml.XmlParser.parseElement(XmlParser.java:921)
	at com.microstar.xml.XmlParser.parseContent(XmlParser.java:1104)
	at com.microstar.xml.XmlParser.parseElement(XmlParser.java:924)
	at com.microstar.xml.XmlParser.parseDocument(XmlParser.java:481)
	at com.microstar.xml.XmlParser.doParse(XmlParser.java:159)
	at com.microstar.xml.XmlParser.parse(XmlParser.java:132)
	at ptolemy.actor.ptalon.PtalonActor.configure(PtalonActor.java:240)
	at ptolemy.moml.MoMLParser.endElement(MoMLParser.java:996)
	at com.microstar.xml.XmlParser.parseETag(XmlParser.java:1026)
	at com.microstar.xml.XmlParser.parseContent(XmlParser.java:1098)
	at com.microstar.xml.XmlParser.parseElement(XmlParser.java:924)
	at com.microstar.xml.XmlParser.parseContent(XmlParser.java:1104)
	at com.microstar.xml.XmlParser.parseElement(XmlParser.java:924)
	at com.microstar.xml.XmlParser.parseContent(XmlParser.java:1104)
	at com.microstar.xml.XmlParser.parseElement(XmlParser.java:924)
	at com.microstar.xml.XmlParser.parseDocument(XmlParser.java:481)
	at com.microstar.xml.XmlParser.doParse(XmlParser.java:159)
	at com.microstar.xml.XmlParser.parse(XmlParser.java:132)
	at ptolemy.moml.MoMLParser.parse(MoMLParser.java:1676)
	at ptolemy.moml.MoMLParser.parse(MoMLParser.java:1595)
	at ptolemy.moml.MoMLParser.parse(MoMLParser.java:1537)
	at ptolemy.actor.gui.PtolemyEffigy$Factory.createEffigy(PtolemyEffigy.java:424)
	at ptolemy.actor.gui.EffigyFactory.createEffigy(EffigyFactory.java:234)
	at ptolemy.actor.gui.Configuration.openModel(Configuration.java:1125)
	at ptolemy.actor.gui.Configuration.openModel(Configuration.java:1051)
	at ptolemy.actor.gui.ConfigurationApplication._openModel(ConfigurationApplication.java:1252)
	at ptolemy.actor.gui.ConfigurationApplication._parseArg(ConfigurationApplication.java:1399)
	at ptolemy.actor.gui.ConfigurationApplication._parseArgs(ConfigurationApplication.java:1478)
	at ptolemy.actor.gui.ConfigurationApplication.<init>(ConfigurationApplication.java:277)
	at ptolemy.actor.gui.ConfigurationApplication.<init>(ConfigurationApplication.java:214)
	at ptolemy.actor.gui.ConfigurationApplication.<init>(ConfigurationApplication.java:201)
	at ptolemy.actor.gui.ConfigurationApplication.openModelOrEntity(ConfigurationApplication.java:680)
	at ptolemy.vergil.basic.export.ExportModel$1.run(ExportModel.java:220)
	at java.awt.event.InvocationEvent.dispatch(InvocationEvent.java:301)
	at java.awt.EventQueue.dispatchEventImpl(EventQueue.java:756)
	at java.awt.EventQueue.access$500(EventQueue.java:97)
	at java.awt.EventQueue$3.run(EventQueue.java:709)
	at java.awt.EventQueue$3.run(EventQueue.java:703)
	at java.security.AccessController.doPrivileged(Native Method)
	at java.security.ProtectionDomain$JavaSecurityAccessImpl.doIntersectionPrivilege(ProtectionDomain.java:80)
	at java.awt.EventQueue.dispatchEvent(EventQueue.java:726)
	at java.awt.EventDispatchThread.pumpOneEventForFilters(EventDispatchThread.java:201)
	at java.awt.EventDispatchThread.pumpEventsForFilter(EventDispatchThread.java:116)
	at java.awt.EventDispatchThread.pumpEventsForHierarchy(EventDispatchThread.java:105)
	at java.awt.EventDispatchThread.pumpEvents(EventDispatchThread.java:101)
	at java.awt.EventDispatchThread.pumpEvents(EventDispatchThread.java:93)
	at java.awt.EventDispatchThread.run(EventDispatchThread.java:82)
Caused by: ptolemy.actor.ptalon.PtalonRuntimeException: Unable to add actor null
	at ptolemy.actor.ptalon.PtalonEvaluator.addActor(PtalonEvaluator.java:300)
	at ptolemy.actor.ptalon.PtalonPopulator.actor_declaration(PtalonPopulator.java:1574)
	at ptolemy.actor.ptalon.PtalonPopulator.atomic_statement(PtalonPopulator.java:1638)
	at ptolemy.actor.ptalon.PtalonPopulator.iterative_statement_evaluator(PtalonPopulator.java:2484)
	at ptolemy.actor.ptalon.AbstractPtalonEvaluator$IfTree.evaluateForScope(AbstractPtalonEvaluator.java:1307)
	at ptolemy.actor.ptalon.AbstractPtalonEvaluator.evaluateForScope(AbstractPtalonEvaluator.java:744)
	at ptolemy.actor.ptalon.PtalonPopulator.iterative_statement(PtalonPopulator.java:2363)
	at ptolemy.actor.ptalon.PtalonPopulator.actor_definition(PtalonPopulator.java:2809)
	at ptolemy.actor.ptalon.PtalonActor.attributeChanged(PtalonActor.java:206)
	... 48 more
Caused by: ptolemy.kernel.util.InternalErrorException: Element <entity name="sender1" class="ptolemy.actor.ptalon.demo.ptinyos.SendAndReceiveCnt.CntToLedsAndRfm"> caused an exception to be thrown.
  in .SendAndReceiveCnt.SendAndReceiveCnt
Because:
Cannot find class: ptolemy.actor.ptalon.demo.ptinyos.SendAndReceiveCnt.CntToLedsAndRfm. In Ptolemy, classes are typically Java .class files. Entities like actors may instead be defined within a .xml file.  In any case, the class was not found. If the class uses a third party package, then the class would be present only if the third party package was found at compile time.  It may be necessary to upgrade Java or install the third party package, reconfigure and recompile.
Because:
Element <entity name="MicaLeds" class="ptolemy.domains.ptinyos.lib.MicaLeds"> caused an exception to be thrown.
  in .CntToLedsAndRfm
Because:
Cannot find class: ptolemy.domains.ptinyos.lib.MicaLeds. In Ptolemy, classes are typically Java .class files. Entities like actors may instead be defined within a .xml file.  In any case, the class was not found. If the class uses a third party package, then the class would be present only if the third party package was found at compile time.  It may be necessary to upgrade Java or install the third party package, reconfigure and recompile.
Because:
-- /home/travis/build/icyphy/ptII/ptolemy/actor/ptalon/demo/ptinyos/SendAndReceiveCnt/ptolemy/domains/ptinyos/lib/MicaLeds.xml (No such file or directory)
-- XML file not found relative to classpath.
-- /home/travis/build/icyphy/ptII/ptolemy/vergil/basic/export/test/ptolemy/domains/ptinyos/lib/MicaLeds.xml
/home/travis/build/icyphy/ptII/ptolemy/vergil/basic/export/test/ptolemy/domains/ptinyos/lib/MicaLeds.xml (No such file or directory)
 in file:/home/travis/build/icyphy/ptII/ptolemy/actor/ptalon/demo/ptinyos/SendAndReceiveCnt/CntToLedsAndRfm.xml at line 132 and column 63
	at ptolemy.moml.SimpleErrorHandler.handleError(SimpleErrorHandler.java:75)
	at ptolemy.moml.MoMLParser.startElement(MoMLParser.java:3805)
	at com.microstar.xml.XmlParser.parseElement(XmlParser.java:931)
	at com.microstar.xml.XmlParser.parseDocument(XmlParser.java:481)
	at com.microstar.xml.XmlParser.doParse(XmlParser.java:159)
	at com.microstar.xml.XmlParser.parse(XmlParser.java:132)
	at ptolemy.moml.MoMLParser.parse(MoMLParser.java:1660)
	at ptolemy.moml.MoMLParser.parse(MoMLParser.java:1617)
	at ptolemy.moml.MoMLParser.parse(MoMLParser.java:1792)
	at ptolemy.actor.ptalon.PtalonEvaluator.addActor(PtalonEvaluator.java:241)
	... 56 more
Caused by: ptolemy.kernel.util.IllegalActionException: Cannot find class: ptolemy.actor.ptalon.demo.ptinyos.SendAndReceiveCnt.CntToLedsAndRfm. In Ptolemy, classes are typically Java .class files. Entities like actors may instead be defined within a .xml file.  In any case, the class was not found. If the class uses a third party package, then the class would be present only if the third party package was found at compile time.  It may be necessary to upgrade Java or install the third party package, reconfigure and recompile.
Because:
Element <entity name="MicaLeds" class="ptolemy.domains.ptinyos.lib.MicaLeds"> caused an exception to be thrown.
  in .CntToLedsAndRfm
Because:
Cannot find class: ptolemy.domains.ptinyos.lib.MicaLeds. In Ptolemy, classes are typically Java .class files. Entities like actors may instead be defined within a .xml file.  In any case, the class was not found. If the class uses a third party package, then the class would be present only if the third party package was found at compile time.  It may be necessary to upgrade Java or install the third party package, reconfigure and recompile.
Because:
-- /home/travis/build/icyphy/ptII/ptolemy/actor/ptalon/demo/ptinyos/SendAndReceiveCnt/ptolemy/domains/ptinyos/lib/MicaLeds.xml (No such file or directory)
-- XML file not found relative to classpath.
-- /home/travis/build/icyphy/ptII/ptolemy/vergil/basic/export/test/ptolemy/domains/ptinyos/lib/MicaLeds.xml
/home/travis/build/icyphy/ptII/ptolemy/vergil/basic/export/test/ptolemy/domains/ptinyos/lib/MicaLeds.xml (No such file or directory)
 in file:/home/travis/build/icyphy/ptII/ptolemy/actor/ptalon/demo/ptinyos/SendAndReceiveCnt/CntToLedsAndRfm.xml at line 132 and column 63
	at ptolemy.moml.MoMLParser._createEntity(MoMLParser.java:4330)
	at ptolemy.moml.MoMLParser.startElement(MoMLParser.java:2864)
	... 64 more
Caused by: ptolemy.kernel.util.InternalErrorException: Element <entity name="MicaLeds" class="ptolemy.domains.ptinyos.lib.MicaLeds"> caused an exception to be thrown.
  in .CntToLedsAndRfm
Because:
Cannot find class: ptolemy.domains.ptinyos.lib.MicaLeds. In Ptolemy, classes are typically Java .class files. Entities like actors may instead be defined within a .xml file.  In any case, the class was not found. If the class uses a third party package, then the class would be present only if the third party package was found at compile time.  It may be necessary to upgrade Java or install the third party package, reconfigure and recompile.
Because:
-- /home/travis/build/icyphy/ptII/ptolemy/actor/ptalon/demo/ptinyos/SendAndReceiveCnt/ptolemy/domains/ptinyos/lib/MicaLeds.xml (No such file or directory)
-- XML file not found relative to classpath.
-- /home/travis/build/icyphy/ptII/ptolemy/vergil/basic/export/test/ptolemy/domains/ptinyos/lib/MicaLeds.xml
/home/travis/build/icyphy/ptII/ptolemy/vergil/basic/export/test/ptolemy/domains/ptinyos/lib/MicaLeds.xml (No such file or directory)
 in file:/home/travis/build/icyphy/ptII/ptolemy/actor/ptalon/demo/ptinyos/SendAndReceiveCnt/CntToLedsAndRfm.xml at line 132 and column 63
	at ptolemy.moml.SimpleErrorHandler.handleError(SimpleErrorHandler.java:75)
	at ptolemy.moml.MoMLParser.startElement(MoMLParser.java:3805)
	at com.microstar.xml.XmlParser.parseElement(XmlParser.java:921)
	at com.microstar.xml.XmlParser.parseContent(XmlParser.java:1104)
	at com.microstar.xml.XmlParser.parseElement(XmlParser.java:924)
	at com.microstar.xml.XmlParser.parseDocument(XmlParser.java:481)
	at com.microstar.xml.XmlParser.doParse(XmlParser.java:159)
	at com.microstar.xml.XmlParser.parse(XmlParser.java:132)
	at ptolemy.moml.MoMLParser.parse(MoMLParser.java:1676)
	at ptolemy.moml.MoMLParser.parse(MoMLParser.java:1595)
	at ptolemy.moml.MoMLParser.parse(MoMLParser.java:1537)
	at ptolemy.moml.MoMLParser._findOrParse(MoMLParser.java:5286)
	at ptolemy.moml.MoMLParser._attemptToFindMoMLClass(MoMLParser.java:4075)
	at ptolemy.moml.MoMLParser._createEntity(MoMLParser.java:4323)
	... 65 more
Caused by: ptolemy.kernel.util.IllegalActionException: Cannot find class: ptolemy.domains.ptinyos.lib.MicaLeds. In Ptolemy, classes are typically Java .class files. Entities like actors may instead be defined within a .xml file.  In any case, the class was not found. If the class uses a third party package, then the class would be present only if the third party package was found at compile time.  It may be necessary to upgrade Java or install the third party package, reconfigure and recompile.
Because:
-- /home/travis/build/icyphy/ptII/ptolemy/actor/ptalon/demo/ptinyos/SendAndReceiveCnt/ptolemy/domains/ptinyos/lib/MicaLeds.xml (No such file or directory)
-- XML file not found relative to classpath.
-- /home/travis/build/icyphy/ptII/ptolemy/vergil/basic/export/test/ptolemy/domains/ptinyos/lib/MicaLeds.xml
/home/travis/build/icyphy/ptII/ptolemy/vergil/basic/export/test/ptolemy/domains/ptinyos/lib/MicaLeds.xml (No such file or directory)
 in file:/home/travis/build/icyphy/ptII/ptolemy/actor/ptalon/demo/ptinyos/SendAndReceiveCnt/CntToLedsAndRfm.xml at line 132 and column 63
	at ptolemy.moml.MoMLParser._createEntity(MoMLParser.java:4330)
	at ptolemy.moml.MoMLParser.startElement(MoMLParser.java:2864)
	... 77 more
Caused by: com.microstar.xml.XmlException: -- /home/travis/build/icyphy/ptII/ptolemy/actor/ptalon/demo/ptinyos/SendAndReceiveCnt/ptolemy/domains/ptinyos/lib/MicaLeds.xml (No such file or directory)
-- XML file not found relative to classpath.
-- /home/travis/build/icyphy/ptII/ptolemy/vergil/basic/export/test/ptolemy/domains/ptinyos/lib/MicaLeds.xml
/home/travis/build/icyphy/ptII/ptolemy/vergil/basic/export/test/ptolemy/domains/ptinyos/lib/MicaLeds.xml (No such file or directory)
 in file:/home/travis/build/icyphy/ptII/ptolemy/actor/ptalon/demo/ptinyos/SendAndReceiveCnt/CntToLedsAndRfm.xml at line 132 and column 63
	at ptolemy.moml.MoMLParser.fileNameToURL(MoMLParser.java:1414)
	at ptolemy.moml.MoMLParser._findOrParse(MoMLParser.java:5283)
	at ptolemy.moml.MoMLParser._attemptToFindMoMLClass(MoMLParser.java:4075)
	at ptolemy.moml.MoMLParser._createEntity(MoMLParser.java:4323)
	... 78 more
Caused by: ptolemy.actor.ptalon.PtalonRuntimeException: Unable to add actor null
	at ptolemy.actor.ptalon.PtalonEvaluator.addActor(PtalonEvaluator.java:300)
	at ptolemy.actor.ptalon.PtalonPopulator.actor_declaration(PtalonPopulator.java:1574)
	at ptolemy.actor.ptalon.PtalonPopulator.atomic_statement(PtalonPopulator.java:1638)
	at ptolemy.actor.ptalon.PtalonPopulator.iterative_statement_evaluator(PtalonPopulator.java:2484)
	at ptolemy.actor.ptalon.AbstractPtalonEvaluator$IfTree.evaluateForScope(AbstractPtalonEvaluator.java:1307)
	at ptolemy.actor.ptalon.AbstractPtalonEvaluator.evaluateForScope(AbstractPtalonEvaluator.java:744)
	at ptolemy.actor.ptalon.PtalonPopulator.iterative_statement(PtalonPopulator.java:2363)
	at ptolemy.actor.ptalon.PtalonPopulator.actor_definition(PtalonPopulator.java:2809)
	at ptolemy.actor.ptalon.PtalonActor.attributeChanged(PtalonActor.java:206)
	at ptolemy.actor.ptalon.PtalonMLHandler.startElement(PtalonMLHandler.java:134)
	at com.microstar.xml.XmlParser.parseElement(XmlParser.java:921)
	at com.microstar.xml.XmlParser.parseContent(XmlParser.java:1104)
	at com.microstar.xml.XmlParser.parseElement(XmlParser.java:924)
	at com.microstar.xml.XmlParser.parseDocument(XmlParser.java:481)
	at com.microstar.xml.XmlParser.doParse(XmlParser.java:159)
	at com.microstar.xml.XmlParser.parse(XmlParser.java:132)
	at ptolemy.actor.ptalon.PtalonActor.configure(PtalonActor.java:240)
	at ptolemy.moml.MoMLParser.endElement(MoMLParser.java:996)
	at com.microstar.xml.XmlParser.parseETag(XmlParser.java:1026)
	at com.microstar.xml.XmlParser.parseContent(XmlParser.java:1098)
	at com.microstar.xml.XmlParser.parseElement(XmlParser.java:924)
	at com.microstar.xml.XmlParser.parseContent(XmlParser.java:1104)
	at com.microstar.xml.XmlParser.parseElement(XmlParser.java:924)
	at com.microstar.xml.XmlParser.parseContent(XmlParser.java:1104)
	at com.microstar.xml.XmlParser.parseElement(XmlParser.java:924)
	at com.microstar.xml.XmlParser.parseDocument(XmlParser.java:481)
	at com.microstar.xml.XmlParser.doParse(XmlParser.java:159)
	at com.microstar.xml.XmlParser.parse(XmlParser.java:132)
	at ptolemy.moml.MoMLParser.parse(MoMLParser.java:1676)
	at ptolemy.moml.MoMLParser.parse(MoMLParser.java:1595)
	at ptolemy.moml.MoMLParser.parse(MoMLParser.java:1537)
	at ptolemy.actor.gui.PtolemyEffigy$Factory.createEffigy(PtolemyEffigy.java:424)
	at ptolemy.actor.gui.EffigyFactory.createEffigy(EffigyFactory.java:234)
	at ptolemy.actor.gui.Configuration.openModel(Configuration.java:1125)
	at ptolemy.actor.gui.Configuration.openModel(Configuration.java:1051)
	at ptolemy.actor.gui.ConfigurationApplication._openModel(ConfigurationApplication.java:1252)
	at ptolemy.actor.gui.ConfigurationApplication._parseArg(ConfigurationApplication.java:1399)
	at ptolemy.actor.gui.ConfigurationApplication._parseArgs(ConfigurationApplication.java:1478)
	at ptolemy.actor.gui.ConfigurationApplication.<init>(ConfigurationApplication.java:277)
	at ptolemy.actor.gui.ConfigurationApplication.<init>(ConfigurationApplication.java:214)
	at ptolemy.actor.gui.ConfigurationApplication.<init>(ConfigurationApplication.java:201)
	at ptolemy.actor.gui.ConfigurationApplication.openModelOrEntity(ConfigurationApplication.java:680)
	at ptolemy.vergil.basic.export.ExportModel$1.run(ExportModel.java:220)
	at java.awt.event.InvocationEvent.dispatch(InvocationEvent.java:301)
	at java.awt.EventQueue.dispatchEventImpl(EventQueue.java:756)
	at java.awt.EventQueue.access$500(EventQueue.java:97)
	at java.awt.EventQueue$3.run(EventQueue.java:709)
	at java.awt.EventQueue$3.run(EventQueue.java:703)
	at java.security.AccessController.doPrivileged(Native Method)
	at java.security.ProtectionDomain$JavaSecurityAccessImpl.doIntersectionPrivilege(ProtectionDomain.java:80)
	at java.awt.EventQueue.dispatchEvent(EventQueue.java:726)
	at java.awt.EventDispatchThread.pumpOneEventForFilters(EventDispatchThread.java:201)
	at java.awt.EventDispatchThread.pumpEventsForFilter(EventDispatchThread.java:116)
	at java.awt.EventDispatchThread.pumpEventsForHierarchy(EventDispatchThread.java:105)
	at java.awt.EventDispatchThread.pumpEvents(EventDispatchThread.java:101)
	at java.awt.EventDispatchThread.pumpEvents(EventDispatchThread.java:93)
	at java.awt.EventDispatchThread.run(EventDispatchThread.java:82)
Caused by: ptolemy.kernel.util.InternalErrorException: Element <entity name="sender1" class="ptolemy.actor.ptalon.demo.ptinyos.SendAndReceiveCnt.CntToLedsAndRfm"> caused an exception to be thrown.
  in .SendAndReceiveCnt.SendAndReceiveCnt
Because:
Cannot find class: ptolemy.actor.ptalon.demo.ptinyos.SendAndReceiveCnt.CntToLedsAndRfm. In Ptolemy, classes are typically Java .class files. Entities like actors may instead be defined within a .xml file.  In any case, the class was not found. If the class uses a third party package, then the class would be present only if the third party package was found at compile time.  It may be necessary to upgrade Java or install the third party package, reconfigure and recompile.
Because:
Element <entity name="MicaLeds" class="ptolemy.domains.ptinyos.lib.MicaLeds"> caused an exception to be thrown.
  in .CntToLedsAndRfm
Because:
Cannot find class: ptolemy.domains.ptinyos.lib.MicaLeds. In Ptolemy, classes are typically Java .class files. Entities like actors may instead be defined within a .xml file.  In any case, the class was not found. If the class uses a third party package, then the class would be present only if the third party package was found at compile time.  It may be necessary to upgrade Java or install the third party package, reconfigure and recompile.
Because:
-- /home/travis/build/icyphy/ptII/ptolemy/actor/ptalon/demo/ptinyos/SendAndReceiveCnt/ptolemy/domains/ptinyos/lib/MicaLeds.xml (No such file or directory)
-- XML file not found relative to classpath.
-- /home/travis/build/icyphy/ptII/ptolemy/vergil/basic/export/test/ptolemy/domains/ptinyos/lib/MicaLeds.xml
/home/travis/build/icyphy/ptII/ptolemy/vergil/basic/export/test/ptolemy/domains/ptinyos/lib/MicaLeds.xml (No such file or directory)
 in file:/home/travis/build/icyphy/ptII/ptolemy/actor/ptalon/demo/ptinyos/SendAndReceiveCnt/CntToLedsAndRfm.xml at line 132 and column 63
	at ptolemy.moml.SimpleErrorHandler.handleError(SimpleErrorHandler.java:75)
	at ptolemy.moml.MoMLParser.startElement(MoMLParser.java:3805)
	at com.microstar.xml.XmlParser.parseElement(XmlParser.java:931)
	at com.microstar.xml.XmlParser.parseDocument(XmlParser.java:481)
	at com.microstar.xml.XmlParser.doParse(XmlParser.java:159)
	at com.microstar.xml.XmlParser.parse(XmlParser.java:132)
	at ptolemy.moml.MoMLParser.parse(MoMLParser.java:1660)
	at ptolemy.moml.MoMLParser.parse(MoMLParser.java:1617)
	at ptolemy.moml.MoMLParser.parse(MoMLParser.java:1792)
	at ptolemy.actor.ptalon.PtalonEvaluator.addActor(PtalonEvaluator.java:241)
	... 56 more
Caused by: ptolemy.kernel.util.IllegalActionException: Cannot find class: ptolemy.actor.ptalon.demo.ptinyos.SendAndReceiveCnt.CntToLedsAndRfm. In Ptolemy, classes are typically Java .class files. Entities like actors may instead be defined within a .xml file.  In any case, the class was not found. If the class uses a third party package, then the class would be present only if the third party package was found at compile time.  It may be necessary to upgrade Java or install the third party package, reconfigure and recompile.
Because:
Element <entity name="MicaLeds" class="ptolemy.domains.ptinyos.lib.MicaLeds"> caused an exception to be thrown.
  in .CntToLedsAndRfm
Because:
Cannot find class: ptolemy.domains.ptinyos.lib.MicaLeds. In Ptolemy, classes are typically Java .class files. Entities like actors may instead be defined within a .xml file.  In any case, the class was not found. If the class uses a third party package, then the class would be present only if the third party package was found at compile time.  It may be necessary to upgrade Java or install the third party package, reconfigure and recompile.
Because:
-- /home/travis/build/icyphy/ptII/ptolemy/actor/ptalon/demo/ptinyos/SendAndReceiveCnt/ptolemy/domains/ptinyos/lib/MicaLeds.xml (No such file or directory)
-- XML file not found relative to classpath.
-- /home/travis/build/icyphy/ptII/ptolemy/vergil/basic/export/test/ptolemy/domains/ptinyos/lib/MicaLeds.xml
/home/travis/build/icyphy/ptII/ptolemy/vergil/basic/export/test/ptolemy/domains/ptinyos/lib/MicaLeds.xml (No such file or directory)
 in file:/home/travis/build/icyphy/ptII/ptolemy/actor/ptalon/demo/ptinyos/SendAndReceiveCnt/CntToLedsAndRfm.xml at line 132 and column 63
	at ptolemy.moml.MoMLParser._createEntity(MoMLParser.java:4330)
	at ptolemy.moml.MoMLParser.startElement(MoMLParser.java:2864)
	... 64 more
Caused by: ptolemy.kernel.util.InternalErrorException: Element <entity name="MicaLeds" class="ptolemy.domains.ptinyos.lib.MicaLeds"> caused an exception to be thrown.
  in .CntToLedsAndRfm
Because:
Cannot find class: ptolemy.domains.ptinyos.lib.MicaLeds. In Ptolemy, classes are typically Java .class files. Entities like actors may instead be defined within a .xml file.  In any case, the class was not found. If the class uses a third party package, then the class would be present only if the third party package was found at compile time.  It may be necessary to upgrade Java or install the third party package, reconfigure and recompile.
Because:
-- /home/travis/build/icyphy/ptII/ptolemy/actor/ptalon/demo/ptinyos/SendAndReceiveCnt/ptolemy/domains/ptinyos/lib/MicaLeds.xml (No such file or directory)
-- XML file not found relative to classpath.
-- /home/travis/build/icyphy/ptII/ptolemy/vergil/basic/export/test/ptolemy/domains/ptinyos/lib/MicaLeds.xml
/home/travis/build/icyphy/ptII/ptolemy/vergil/basic/export/test/ptolemy/domains/ptinyos/lib/MicaLeds.xml (No such file or directory)
 in file:/home/travis/build/icyphy/ptII/ptolemy/actor/ptalon/demo/ptinyos/SendAndReceiveCnt/CntToLedsAndRfm.xml at line 132 and column 63
	at ptolemy.moml.SimpleErrorHandler.handleError(SimpleErrorHandler.java:75)
	at ptolemy.moml.MoMLParser.startElement(MoMLParser.java:3805)
	at com.microstar.xml.XmlParser.parseElement(XmlParser.java:921)
	at com.microstar.xml.XmlParser.parseContent(XmlParser.java:1104)
	at com.microstar.xml.XmlParser.parseElement(XmlParser.java:924)
	at com.microstar.xml.XmlParser.parseDocument(XmlParser.java:481)
	at com.microstar.xml.XmlParser.doParse(XmlParser.java:159)
	at com.microstar.xml.XmlParser.parse(XmlParser.java:132)
	at ptolemy.moml.MoMLParser.parse(MoMLParser.java:1676)
	at ptolemy.moml.MoMLParser.parse(MoMLParser.java:1595)
	at ptolemy.moml.MoMLParser.parse(MoMLParser.java:1537)
	at ptolemy.moml.MoMLParser._findOrParse(MoMLParser.java:5286)
	at ptolemy.moml.MoMLParser._attemptToFindMoMLClass(MoMLParser.java:4075)
	at ptolemy.moml.MoMLParser._createEntity(MoMLParser.java:4323)
	... 65 more
Caused by: ptolemy.kernel.util.IllegalActionException: Cannot find class: ptolemy.domains.ptinyos.lib.MicaLeds. In Ptolemy, classes are typically Java .class files. Entities like actors may instead be defined within a .xml file.  In any case, the class was not found. If the class uses a third party package, then the class would be present only if the third party package was found at compile time.  It may be necessary to upgrade Java or install the third party package, reconfigure and recompile.
Because:
-- /home/travis/build/icyphy/ptII/ptolemy/actor/ptalon/demo/ptinyos/SendAndReceiveCnt/ptolemy/domains/ptinyos/lib/MicaLeds.xml (No such file or directory)
-- XML file not found relative to classpath.
-- /home/travis/build/icyphy/ptII/ptolemy/vergil/basic/export/test/ptolemy/domains/ptinyos/lib/MicaLeds.xml
/home/travis/build/icyphy/ptII/ptolemy/vergil/basic/export/test/ptolemy/domains/ptinyos/lib/MicaLeds.xml (No such file or directory)
 in file:/home/travis/build/icyphy/ptII/ptolemy/actor/ptalon/demo/ptinyos/SendAndReceiveCnt/CntToLedsAndRfm.xml at line 132 and column 63
	at ptolemy.moml.MoMLParser._createEntity(MoMLParser.java:4330)
	at ptolemy.moml.MoMLParser.startElement(MoMLParser.java:2864)
	... 77 more
Caused by: com.microstar.xml.XmlException: -- /home/travis/build/icyphy/ptII/ptolemy/actor/ptalon/demo/ptinyos/SendAndReceiveCnt/ptolemy/domains/ptinyos/lib/MicaLeds.xml (No such file or directory)
-- XML file not found relative to classpath.
-- /home/travis/build/icyphy/ptII/ptolemy/vergil/basic/export/test/ptolemy/domains/ptinyos/lib/MicaLeds.xml
/home/travis/build/icyphy/ptII/ptolemy/vergil/basic/export/test/ptolemy/domains/ptinyos/lib/MicaLeds.xml (No such file or directory)
 in file:/home/travis/build/icyphy/ptII/ptolemy/actor/ptalon/demo/ptinyos/SendAndReceiveCnt/CntToLedsAndRfm.xml at line 132 and column 63
	at ptolemy.moml.MoMLParser.fileNameToURL(MoMLParser.java:1414)
	at ptolemy.moml.MoMLParser._findOrParse(MoMLParser.java:5283)
	at ptolemy.moml.MoMLParser._attemptToFindMoMLClass(MoMLParser.java:4075)
	at ptolemy.moml.MoMLParser._createEntity(MoMLParser.java:4323)
	... 78 more
ptolemy.kernel.util.IllegalActionException: Failed to process attribute change to PtalonParameter, whose value is "ptolemy.actor.ptalon.PtalonExpressionParameter {.SendAndReceiveCnt.SendAndReceiveCnt.channelName} "AtomicWirelessChannel"".
  in .SendAndReceiveCnt.SendAndReceiveCnt
Because:
Unable to add actor null
	at ptolemy.actor.ptalon.PtalonActor.attributeChanged(PtalonActor.java:211)
	at ptolemy.actor.ptalon.PtalonMLHandler.startElement(PtalonMLHandler.java:134)
	at com.microstar.xml.XmlParser.parseElement(XmlParser.java:921)
	at com.microstar.xml.XmlParser.parseContent(XmlParser.java:1104)
	at com.microstar.xml.XmlParser.parseElement(XmlParser.java:924)
	at com.microstar.xml.XmlParser.parseDocument(XmlParser.java:481)
	at com.microstar.xml.XmlParser.doParse(XmlParser.java:159)
	at com.microstar.xml.XmlParser.parse(XmlParser.java:132)
	at ptolemy.actor.ptalon.PtalonActor.configure(PtalonActor.java:240)
	at ptolemy.moml.MoMLParser.endElement(MoMLParser.java:996)
	at com.microstar.xml.XmlParser.parseETag(XmlParser.java:1026)
	at com.microstar.xml.XmlParser.parseContent(XmlParser.java:1098)
	at com.microstar.xml.XmlParser.parseElement(XmlParser.java:924)
	at com.microstar.xml.XmlParser.parseContent(XmlParser.java:1104)
	at com.microstar.xml.XmlParser.parseElement(XmlParser.java:924)
	at com.microstar.xml.XmlParser.parseContent(XmlParser.java:1104)
	at com.microstar.xml.XmlParser.parseElement(XmlParser.java:924)
	at com.microstar.xml.XmlParser.parseDocument(XmlParser.java:481)
	at com.microstar.xml.XmlParser.doParse(XmlParser.java:159)
	at com.microstar.xml.XmlParser.parse(XmlParser.java:132)
	at ptolemy.moml.MoMLParser.parse(MoMLParser.java:1676)
	at ptolemy.moml.MoMLParser.parse(MoMLParser.java:1595)
	at ptolemy.moml.MoMLParser.parse(MoMLParser.java:1537)
	at ptolemy.actor.gui.PtolemyEffigy$Factory.createEffigy(PtolemyEffigy.java:424)
	at ptolemy.actor.gui.EffigyFactory.createEffigy(EffigyFactory.java:234)
	at ptolemy.actor.gui.Configuration.openModel(Configuration.java:1125)
	at ptolemy.actor.gui.Configuration.openModel(Configuration.java:1051)
	at ptolemy.actor.gui.ConfigurationApplication._openModel(ConfigurationApplication.java:1252)
	at ptolemy.actor.gui.ConfigurationApplication._parseArg(ConfigurationApplication.java:1399)
	at ptolemy.actor.gui.ConfigurationApplication._parseArgs(ConfigurationApplication.java:1478)
	at ptolemy.actor.gui.ConfigurationApplication.<init>(ConfigurationApplication.java:277)
	at ptolemy.actor.gui.ConfigurationApplication.<init>(ConfigurationApplication.java:214)
	at ptolemy.actor.gui.ConfigurationApplication.<init>(ConfigurationApplication.java:201)
	at ptolemy.actor.gui.ConfigurationApplication.openModelOrEntity(ConfigurationApplication.java:680)
	at ptolemy.vergil.basic.export.ExportModel$1.run(ExportModel.java:220)
	at java.awt.event.InvocationEvent.dispatch(InvocationEvent.java:301)
	at java.awt.EventQueue.dispatchEventImpl(EventQueue.java:756)
	at java.awt.EventQueue.access$500(EventQueue.java:97)
	at java.awt.EventQueue$3.run(EventQueue.java:709)
	at java.awt.EventQueue$3.run(EventQueue.java:703)
	at java.security.AccessController.doPrivileged(Native Method)
	at java.security.ProtectionDomain$JavaSecurityAccessImpl.doIntersectionPrivilege(ProtectionDomain.java:80)
	at java.awt.EventQueue.dispatchEvent(EventQueue.java:726)
	at java.awt.EventDispatchThread.pumpOneEventForFilters(EventDispatchThread.java:201)
	at java.awt.EventDispatchThread.pumpEventsForFilter(EventDispatchThread.java:116)
	at java.awt.EventDispatchThread.pumpEventsForHierarchy(EventDispatchThread.java:105)
	at java.awt.EventDispatchThread.pumpEvents(EventDispatchThread.java:101)
	at java.awt.EventDispatchThread.pumpEvents(EventDispatchThread.java:93)
	at java.awt.EventDispatchThread.run(EventDispatchThread.java:82)
Caused by: ptolemy.actor.ptalon.PtalonRuntimeException: Unable to add actor null
	at ptolemy.actor.ptalon.PtalonEvaluator.addActor(PtalonEvaluator.java:300)
	at ptolemy.actor.ptalon.PtalonPopulator.actor_declaration(PtalonPopulator.java:1574)
	at ptolemy.actor.ptalon.PtalonPopulator.atomic_statement(PtalonPopulator.java:1638)
	at ptolemy.actor.ptalon.PtalonPopulator.iterative_statement_evaluator(PtalonPopulator.java:2484)
	at ptolemy.actor.ptalon.AbstractPtalonEvaluator$IfTree.evaluateForScope(AbstractPtalonEvaluator.java:1307)
	at ptolemy.actor.ptalon.AbstractPtalonEvaluator.evaluateForScope(AbstractPtalonEvaluator.java:744)
	at ptolemy.actor.ptalon.PtalonPopulator.iterative_statement(PtalonPopulator.java:2363)
	at ptolemy.actor.ptalon.PtalonPopulator.actor_definition(PtalonPopulator.java:2809)
	at ptolemy.actor.ptalon.PtalonActor.attributeChanged(PtalonActor.java:206)
	... 48 more
Caused by: ptolemy.kernel.util.InternalErrorException: Element <entity name="sender1" class="ptolemy.actor.ptalon.demo.ptinyos.SendAndReceiveCnt.CntToLedsAndRfm"> caused an exception to be thrown.
  in .SendAndReceiveCnt.SendAndReceiveCnt
Because:
Cannot find class: ptolemy.actor.ptalon.demo.ptinyos.SendAndReceiveCnt.CntToLedsAndRfm. In Ptolemy, classes are typically Java .class files. Entities like actors may instead be defined within a .xml file.  In any case, the class was not found. If the class uses a third party package, then the class would be present only if the third party package was found at compile time.  It may be necessary to upgrade Java or install the third party package, reconfigure and recompile.
Because:
Element <entity name="MicaLeds" class="ptolemy.domains.ptinyos.lib.MicaLeds"> caused an exception to be thrown.
  in .CntToLedsAndRfm
Because:
Cannot find class: ptolemy.domains.ptinyos.lib.MicaLeds. In Ptolemy, classes are typically Java .class files. Entities like actors may instead be defined within a .xml file.  In any case, the class was not found. If the class uses a third party package, then the class would be present only if the third party package was found at compile time.  It may be necessary to upgrade Java or install the third party package, reconfigure and recompile.
Because:
-- /home/travis/build/icyphy/ptII/ptolemy/actor/ptalon/demo/ptinyos/SendAndReceiveCnt/ptolemy/domains/ptinyos/lib/MicaLeds.xml (No such file or directory)
-- XML file not found relative to classpath.
-- /home/travis/build/icyphy/ptII/ptolemy/vergil/basic/export/test/ptolemy/domains/ptinyos/lib/MicaLeds.xml
/home/travis/build/icyphy/ptII/ptolemy/vergil/basic/export/test/ptolemy/domains/ptinyos/lib/MicaLeds.xml (No such file or directory)
 in file:/home/travis/build/icyphy/ptII/ptolemy/actor/ptalon/demo/ptinyos/SendAndReceiveCnt/CntToLedsAndRfm.xml at line 132 and column 63
	at ptolemy.moml.SimpleErrorHandler.handleError(SimpleErrorHandler.java:75)
	at ptolemy.moml.MoMLParser.startElement(MoMLParser.java:3805)
	at com.microstar.xml.XmlParser.parseElement(XmlParser.java:931)
	at com.microstar.xml.XmlParser.parseDocument(XmlParser.java:481)
	at com.microstar.xml.XmlParser.doParse(XmlParser.java:159)
	at com.microstar.xml.XmlParser.parse(XmlParser.java:132)
	at ptolemy.moml.MoMLParser.parse(MoMLParser.java:1660)
	at ptolemy.moml.MoMLParser.parse(MoMLParser.java:1617)
	at ptolemy.moml.MoMLParser.parse(MoMLParser.java:1792)
	at ptolemy.actor.ptalon.PtalonEvaluator.addActor(PtalonEvaluator.java:241)
	... 56 more
Caused by: ptolemy.kernel.util.IllegalActionException: Cannot find class: ptolemy.actor.ptalon.demo.ptinyos.SendAndReceiveCnt.CntToLedsAndRfm. In Ptolemy, classes are typically Java .class files. Entities like actors may instead be defined within a .xml file.  In any case, the class was not found. If the class uses a third party package, then the class would be present only if the third party package was found at compile time.  It may be necessary to upgrade Java or install the third party package, reconfigure and recompile.
Because:
Element <entity name="MicaLeds" class="ptolemy.domains.ptinyos.lib.MicaLeds"> caused an exception to be thrown.
  in .CntToLedsAndRfm
Because:
Cannot find class: ptolemy.domains.ptinyos.lib.MicaLeds. In Ptolemy, classes are typically Java .class files. Entities like actors may instead be defined within a .xml file.  In any case, the class was not found. If the class uses a third party package, then the class would be present only if the third party package was found at compile time.  It may be necessary to upgrade Java or install the third party package, reconfigure and recompile.
Because:
-- /home/travis/build/icyphy/ptII/ptolemy/actor/ptalon/demo/ptinyos/SendAndReceiveCnt/ptolemy/domains/ptinyos/lib/MicaLeds.xml (No such file or directory)
-- XML file not found relative to classpath.
-- /home/travis/build/icyphy/ptII/ptolemy/vergil/basic/export/test/ptolemy/domains/ptinyos/lib/MicaLeds.xml
/home/travis/build/icyphy/ptII/ptolemy/vergil/basic/export/test/ptolemy/domains/ptinyos/lib/MicaLeds.xml (No such file or directory)
 in file:/home/travis/build/icyphy/ptII/ptolemy/actor/ptalon/demo/ptinyos/SendAndReceiveCnt/CntToLedsAndRfm.xml at line 132 and column 63
	at ptolemy.moml.MoMLParser._createEntity(MoMLParser.java:4330)
	at ptolemy.moml.MoMLParser.startElement(MoMLParser.java:2864)
	... 64 more
Caused by: ptolemy.kernel.util.InternalErrorException: Element <entity name="MicaLeds" class="ptolemy.domains.ptinyos.lib.MicaLeds"> caused an exception to be thrown.
  in .CntToLedsAndRfm
Because:
Cannot find class: ptolemy.domains.ptinyos.lib.MicaLeds. In Ptolemy, classes are typically Java .class files. Entities like actors may instead be defined within a .xml file.  In any case, the class was not found. If the class uses a third party package, then the class would be present only if the third party package was found at compile time.  It may be necessary to upgrade Java or install the third party package, reconfigure and recompile.
Because:
-- /home/travis/build/icyphy/ptII/ptolemy/actor/ptalon/demo/ptinyos/SendAndReceiveCnt/ptolemy/domains/ptinyos/lib/MicaLeds.xml (No such file or directory)
-- XML file not found relative to classpath.
-- /home/travis/build/icyphy/ptII/ptolemy/vergil/basic/export/test/ptolemy/domains/ptinyos/lib/MicaLeds.xml
/home/travis/build/icyphy/ptII/ptolemy/vergil/basic/export/test/ptolemy/domains/ptinyos/lib/MicaLeds.xml (No such file or directory)
 in file:/home/travis/build/icyphy/ptII/ptolemy/actor/ptalon/demo/ptinyos/SendAndReceiveCnt/CntToLedsAndRfm.xml at line 132 and column 63
	at ptolemy.moml.SimpleErrorHandler.handleError(SimpleErrorHandler.java:75)
	at ptolemy.moml.MoMLParser.startElement(MoMLParser.java:3805)
	at com.microstar.xml.XmlParser.parseElement(XmlParser.java:921)
	at com.microstar.xml.XmlParser.parseContent(XmlParser.java:1104)
	at com.microstar.xml.XmlParser.parseElement(XmlParser.java:924)
	at com.microstar.xml.XmlParser.parseDocument(XmlParser.java:481)
	at com.microstar.xml.XmlParser.doParse(XmlParser.java:159)
	at com.microstar.xml.XmlParser.parse(XmlParser.java:132)
	at ptolemy.moml.MoMLParser.parse(MoMLParser.java:1676)
	at ptolemy.moml.MoMLParser.parse(MoMLParser.java:1595)
	at ptolemy.moml.MoMLParser.parse(MoMLParser.java:1537)
	at ptolemy.moml.MoMLParser._findOrParse(MoMLParser.java:5286)
	at ptolemy.moml.MoMLParser._attemptToFindMoMLClass(MoMLParser.java:4075)
	at ptolemy.moml.MoMLParser._createEntity(MoMLParser.java:4323)
	... 65 more
Caused by: ptolemy.kernel.util.IllegalActionException: Cannot find class: ptolemy.domains.ptinyos.lib.MicaLeds. In Ptolemy, classes are typically Java .class files. Entities like actors may instead be defined within a .xml file.  In any case, the class was not found. If the class uses a third party package, then the class would be present only if the third party package was found at compile time.  It may be necessary to upgrade Java or install the third party package, reconfigure and recompile.
Because:
-- /home/travis/build/icyphy/ptII/ptolemy/actor/ptalon/demo/ptinyos/SendAndReceiveCnt/ptolemy/domains/ptinyos/lib/MicaLeds.xml (No such file or directory)
-- XML file not found relative to classpath.
-- /home/travis/build/icyphy/ptII/ptolemy/vergil/basic/export/test/ptolemy/domains/ptinyos/lib/MicaLeds.xml
/home/travis/build/icyphy/ptII/ptolemy/vergil/basic/export/test/ptolemy/domains/ptinyos/lib/MicaLeds.xml (No such file or directory)
 in file:/home/travis/build/icyphy/ptII/ptolemy/actor/ptalon/demo/ptinyos/SendAndReceiveCnt/CntToLedsAndRfm.xml at line 132 and column 63
	at ptolemy.moml.MoMLParser._createEntity(MoMLParser.java:4330)
	at ptolemy.moml.MoMLParser.startElement(MoMLParser.java:2864)
	... 77 more
Caused by: com.microstar.xml.XmlException: -- /home/travis/build/icyphy/ptII/ptolemy/actor/ptalon/demo/ptinyos/SendAndReceiveCnt/ptolemy/domains/ptinyos/lib/MicaLeds.xml (No such file or directory)
-- XML file not found relative to classpath.
-- /home/travis/build/icyphy/ptII/ptolemy/vergil/basic/export/test/ptolemy/domains/ptinyos/lib/MicaLeds.xml
/home/travis/build/icyphy/ptII/ptolemy/vergil/basic/export/test/ptolemy/domains/ptinyos/lib/MicaLeds.xml (No such file or directory)
 in file:/home/travis/build/icyphy/ptII/ptolemy/actor/ptalon/demo/ptinyos/SendAndReceiveCnt/CntToLedsAndRfm.xml at line 132 and column 63
	at ptolemy.moml.MoMLParser.fileNameToURL(MoMLParser.java:1414)
	at ptolemy.moml.MoMLParser._findOrParse(MoMLParser.java:5283)
	at ptolemy.moml.MoMLParser._attemptToFindMoMLClass(MoMLParser.java:4075)
	at ptolemy.moml.MoMLParser._createEntity(MoMLParser.java:4323)
	... 78 more
Caused by: ptolemy.actor.ptalon.PtalonRuntimeException: Unable to add actor null
	at ptolemy.actor.ptalon.PtalonEvaluator.addActor(PtalonEvaluator.java:300)
	at ptolemy.actor.ptalon.PtalonPopulator.actor_declaration(PtalonPopulator.java:1574)
	at ptolemy.actor.ptalon.PtalonPopulator.atomic_statement(PtalonPopulator.java:1638)
	at ptolemy.actor.ptalon.PtalonPopulator.iterative_statement_evaluator(PtalonPopulator.java:2484)
	at ptolemy.actor.ptalon.AbstractPtalonEvaluator$IfTree.evaluateForScope(AbstractPtalonEvaluator.java:1307)
	at ptolemy.actor.ptalon.AbstractPtalonEvaluator.evaluateForScope(AbstractPtalonEvaluator.java:744)
	at ptolemy.actor.ptalon.PtalonPopulator.iterative_statement(PtalonPopulator.java:2363)
	at ptolemy.actor.ptalon.PtalonPopulator.actor_definition(PtalonPopulator.java:2809)
	at ptolemy.actor.ptalon.PtalonActor.attributeChanged(PtalonActor.java:206)
	at ptolemy.actor.ptalon.PtalonMLHandler.startElement(PtalonMLHandler.java:134)
	at com.microstar.xml.XmlParser.parseElement(XmlParser.java:921)
	at com.microstar.xml.XmlParser.parseContent(XmlParser.java:1104)
	at com.microstar.xml.XmlParser.parseElement(XmlParser.java:924)
	at com.microstar.xml.XmlParser.parseDocument(XmlParser.java:481)
	at com.microstar.xml.XmlParser.doParse(XmlParser.java:159)
	at com.microstar.xml.XmlParser.parse(XmlParser.java:132)
	at ptolemy.actor.ptalon.PtalonActor.configure(PtalonActor.java:240)
	at ptolemy.moml.MoMLParser.endElement(MoMLParser.java:996)
	at com.microstar.xml.XmlParser.parseETag(XmlParser.java:1026)
	at com.microstar.xml.XmlParser.parseContent(XmlParser.java:1098)
	at com.microstar.xml.XmlParser.parseElement(XmlParser.java:924)
	at com.microstar.xml.XmlParser.parseContent(XmlParser.java:1104)
	at com.microstar.xml.XmlParser.parseElement(XmlParser.java:924)
	at com.microstar.xml.XmlParser.parseContent(XmlParser.java:1104)
	at com.microstar.xml.XmlParser.parseElement(XmlParser.java:924)
	at com.microstar.xml.XmlParser.parseDocument(XmlParser.java:481)
	at com.microstar.xml.XmlParser.doParse(XmlParser.java:159)
	at com.microstar.xml.XmlParser.parse(XmlParser.java:132)
	at ptolemy.moml.MoMLParser.parse(MoMLParser.java:1676)
	at ptolemy.moml.MoMLParser.parse(MoMLParser.java:1595)
	at ptolemy.moml.MoMLParser.parse(MoMLParser.java:1537)
	at ptolemy.actor.gui.PtolemyEffigy$Factory.createEffigy(PtolemyEffigy.java:424)
	at ptolemy.actor.gui.EffigyFactory.createEffigy(EffigyFactory.java:234)
	at ptolemy.actor.gui.Configuration.openModel(Configuration.java:1125)
	at ptolemy.actor.gui.Configuration.openModel(Configuration.java:1051)
	at ptolemy.actor.gui.ConfigurationApplication._openModel(ConfigurationApplication.java:1252)
	at ptolemy.actor.gui.ConfigurationApplication._parseArg(ConfigurationApplication.java:1399)
	at ptolemy.actor.gui.ConfigurationApplication._parseArgs(ConfigurationApplication.java:1478)
	at ptolemy.actor.gui.ConfigurationApplication.<init>(ConfigurationApplication.java:277)
	at ptolemy.actor.gui.ConfigurationApplication.<init>(ConfigurationApplication.java:214)
	at ptolemy.actor.gui.ConfigurationApplication.<init>(ConfigurationApplication.java:201)
	at ptolemy.actor.gui.ConfigurationApplication.openModelOrEntity(ConfigurationApplication.java:680)
	at ptolemy.vergil.basic.export.ExportModel$1.run(ExportModel.java:220)
	at java.awt.event.InvocationEvent.dispatch(InvocationEvent.java:301)
	at java.awt.EventQueue.dispatchEventImpl(EventQueue.java:756)
	at java.awt.EventQueue.access$500(EventQueue.java:97)
	at java.awt.EventQueue$3.run(EventQueue.java:709)
	at java.awt.EventQueue$3.run(EventQueue.java:703)
	at java.security.AccessController.doPrivileged(Native Method)
	at java.security.ProtectionDomain$JavaSecurityAccessImpl.doIntersectionPrivilege(ProtectionDomain.java:80)
	at java.awt.EventQueue.dispatchEvent(EventQueue.java:726)
	at java.awt.EventDispatchThread.pumpOneEventForFilters(EventDispatchThread.java:201)
	at java.awt.EventDispatchThread.pumpEventsForFilter(EventDispatchThread.java:116)
	at java.awt.EventDispatchThread.pumpEventsForHierarchy(EventDispatchThread.java:105)
	at java.awt.EventDispatchThread.pumpEvents(EventDispatchThread.java:101)
	at java.awt.EventDispatchThread.pumpEvents(EventDispatchThread.java:93)
	at java.awt.EventDispatchThread.run(EventDispatchThread.java:82)
Caused by: ptolemy.kernel.util.InternalErrorException: Element <entity name="sender1" class="ptolemy.actor.ptalon.demo.ptinyos.SendAndReceiveCnt.CntToLedsAndRfm"> caused an exception to be thrown.
  in .SendAndReceiveCnt.SendAndReceiveCnt
Because:
Cannot find class: ptolemy.actor.ptalon.demo.ptinyos.SendAndReceiveCnt.CntToLedsAndRfm. In Ptolemy, classes are typically Java .class files. Entities like actors may instead be defined within a .xml file.  In any case, the class was not found. If the class uses a third party package, then the class would be present only if the third party package was found at compile time.  It may be necessary to upgrade Java or install the third party package, reconfigure and recompile.
Because:
Element <entity name="MicaLeds" class="ptolemy.domains.ptinyos.lib.MicaLeds"> caused an exception to be thrown.
  in .CntToLedsAndRfm
Because:
Cannot find class: ptolemy.domains.ptinyos.lib.MicaLeds. In Ptolemy, classes are typically Java .class files. Entities like actors may instead be defined within a .xml file.  In any case, the class was not found. If the class uses a third party package, then the class would be present only if the third party package was found at compile time.  It may be necessary to upgrade Java or install the third party package, reconfigure and recompile.
Because:
-- /home/travis/build/icyphy/ptII/ptolemy/actor/ptalon/demo/ptinyos/SendAndReceiveCnt/ptolemy/domains/ptinyos/lib/MicaLeds.xml (No such file or directory)
-- XML file not found relative to classpath.
-- /home/travis/build/icyphy/ptII/ptolemy/vergil/basic/export/test/ptolemy/domains/ptinyos/lib/MicaLeds.xml
/home/travis/build/icyphy/ptII/ptolemy/vergil/basic/export/test/ptolemy/domains/ptinyos/lib/MicaLeds.xml (No such file or directory)
 in file:/home/travis/build/icyphy/ptII/ptolemy/actor/ptalon/demo/ptinyos/SendAndReceiveCnt/CntToLedsAndRfm.xml at line 132 and column 63
	at ptolemy.moml.SimpleErrorHandler.handleError(SimpleErrorHandler.java:75)
	at ptolemy.moml.MoMLParser.startElement(MoMLParser.java:3805)
	at com.microstar.xml.XmlParser.parseElement(XmlParser.java:931)
	at com.microstar.xml.XmlParser.parseDocument(XmlParser.java:481)
	at com.microstar.xml.XmlParser.doParse(XmlParser.java:159)
	at com.microstar.xml.XmlParser.parse(XmlParser.java:132)
	at ptolemy.moml.MoMLParser.parse(MoMLParser.java:1660)
	at ptolemy.moml.MoMLParser.parse(MoMLParser.java:1617)
	at ptolemy.moml.MoMLParser.parse(MoMLParser.java:1792)
	at ptolemy.actor.ptalon.PtalonEvaluator.addActor(PtalonEvaluator.java:241)
	... 56 more
Caused by: ptolemy.kernel.util.IllegalActionException: Cannot find class: ptolemy.actor.ptalon.demo.ptinyos.SendAndReceiveCnt.CntToLedsAndRfm. In Ptolemy, classes are typically Java .class files. Entities like actors may instead be defined within a .xml file.  In any case, the class was not found. If the class uses a third party package, then the class would be present only if the third party package was found at compile time.  It may be necessary to upgrade Java or install the third party package, reconfigure and recompile.
Because:
Element <entity name="MicaLeds" class="ptolemy.domains.ptinyos.lib.MicaLeds"> caused an exception to be thrown.
  in .CntToLedsAndRfm
Because:
Cannot find class: ptolemy.domains.ptinyos.lib.MicaLeds. In Ptolemy, classes are typically Java .class files. Entities like actors may instead be defined within a .xml file.  In any case, the class was not found. If the class uses a third party package, then the class would be present only if the third party package was found at compile time.  It may be necessary to upgrade Java or install the third party package, reconfigure and recompile.
Because:
-- /home/travis/build/icyphy/ptII/ptolemy/actor/ptalon/demo/ptinyos/SendAndReceiveCnt/ptolemy/domains/ptinyos/lib/MicaLeds.xml (No such file or directory)
-- XML file not found relative to classpath.
-- /home/travis/build/icyphy/ptII/ptolemy/vergil/basic/export/test/ptolemy/domains/ptinyos/lib/MicaLeds.xml
/home/travis/build/icyphy/ptII/ptolemy/vergil/basic/export/test/ptolemy/domains/ptinyos/lib/MicaLeds.xml (No such file or directory)
 in file:/home/travis/build/icyphy/ptII/ptolemy/actor/ptalon/demo/ptinyos/SendAndReceiveCnt/CntToLedsAndRfm.xml at line 132 and column 63
	at ptolemy.moml.MoMLParser._createEntity(MoMLParser.java:4330)
	at ptolemy.moml.MoMLParser.startElement(MoMLParser.java:2864)
	... 64 more
Caused by: ptolemy.kernel.util.InternalErrorException: Element <entity name="MicaLeds" class="ptolemy.domains.ptinyos.lib.MicaLeds"> caused an exception to be thrown.
  in .CntToLedsAndRfm
Because:
Cannot find class: ptolemy.domains.ptinyos.lib.MicaLeds. In Ptolemy, classes are typically Java .class files. Entities like actors may instead be defined within a .xml file.  In any case, the class was not found. If the class uses a third party package, then the class would be present only if the third party package was found at compile time.  It may be necessary to upgrade Java or install the third party package, reconfigure and recompile.
Because:
-- /home/travis/build/icyphy/ptII/ptolemy/actor/ptalon/demo/ptinyos/SendAndReceiveCnt/ptolemy/domains/ptinyos/lib/MicaLeds.xml (No such file or directory)
-- XML file not found relative to classpath.
-- /home/travis/build/icyphy/ptII/ptolemy/vergil/basic/export/test/ptolemy/domains/ptinyos/lib/MicaLeds.xml
/home/travis/build/icyphy/ptII/ptolemy/vergil/basic/export/test/ptolemy/domains/ptinyos/lib/MicaLeds.xml (No such file or directory)
 in file:/home/travis/build/icyphy/ptII/ptolemy/actor/ptalon/demo/ptinyos/SendAndReceiveCnt/CntToLedsAndRfm.xml at line 132 and column 63
	at ptolemy.moml.SimpleErrorHandler.handleError(SimpleErrorHandler.java:75)
	at ptolemy.moml.MoMLParser.startElement(MoMLParser.java:3805)
	at com.microstar.xml.XmlParser.parseElement(XmlParser.java:921)
	at com.microstar.xml.XmlParser.parseContent(XmlParser.java:1104)
	at com.microstar.xml.XmlParser.parseElement(XmlParser.java:924)
	at com.microstar.xml.XmlParser.parseDocument(XmlParser.java:481)
	at com.microstar.xml.XmlParser.doParse(XmlParser.java:159)
	at com.microstar.xml.XmlParser.parse(XmlParser.java:132)
	at ptolemy.moml.MoMLParser.parse(MoMLParser.java:1676)
	at ptolemy.moml.MoMLParser.parse(MoMLParser.java:1595)
	at ptolemy.moml.MoMLParser.parse(MoMLParser.java:1537)
	at ptolemy.moml.MoMLParser._findOrParse(MoMLParser.java:5286)
	at ptolemy.moml.MoMLParser._attemptToFindMoMLClass(MoMLParser.java:4075)
	at ptolemy.moml.MoMLParser._createEntity(MoMLParser.java:4323)
	... 65 more
Caused by: ptolemy.kernel.util.IllegalActionException: Cannot find class: ptolemy.domains.ptinyos.lib.MicaLeds. In Ptolemy, classes are typically Java .class files. Entities like actors may instead be defined within a .xml file.  In any case, the class was not found. If the class uses a third party package, then the class would be present only if the third party package was found at compile time.  It may be necessary to upgrade Java or install the third party package, reconfigure and recompile.
Because:
-- /home/travis/build/icyphy/ptII/ptolemy/actor/ptalon/demo/ptinyos/SendAndReceiveCnt/ptolemy/domains/ptinyos/lib/MicaLeds.xml (No such file or directory)
-- XML file not found relative to classpath.
-- /home/travis/build/icyphy/ptII/ptolemy/vergil/basic/export/test/ptolemy/domains/ptinyos/lib/MicaLeds.xml
/home/travis/build/icyphy/ptII/ptolemy/vergil/basic/export/test/ptolemy/domains/ptinyos/lib/MicaLeds.xml (No such file or directory)
 in file:/home/travis/build/icyphy/ptII/ptolemy/actor/ptalon/demo/ptinyos/SendAndReceiveCnt/CntToLedsAndRfm.xml at line 132 and column 63
	at ptolemy.moml.MoMLParser._createEntity(MoMLParser.java:4330)
	at ptolemy.moml.MoMLParser.startElement(MoMLParser.java:2864)
	... 77 more
Caused by: com.microstar.xml.XmlException: -- /home/travis/build/icyphy/ptII/ptolemy/actor/ptalon/demo/ptinyos/SendAndReceiveCnt/ptolemy/domains/ptinyos/lib/MicaLeds.xml (No such file or directory)
-- XML file not found relative to classpath.
-- /home/travis/build/icyphy/ptII/ptolemy/vergil/basic/export/test/ptolemy/domains/ptinyos/lib/MicaLeds.xml
/home/travis/build/icyphy/ptII/ptolemy/vergil/basic/export/test/ptolemy/domains/ptinyos/lib/MicaLeds.xml (No such file or directory)
 in file:/home/travis/build/icyphy/ptII/ptolemy/actor/ptalon/demo/ptinyos/SendAndReceiveCnt/CntToLedsAndRfm.xml at line 132 and column 63
	at ptolemy.moml.MoMLParser.fileNameToURL(MoMLParser.java:1414)
	at ptolemy.moml.MoMLParser._findOrParse(MoMLParser.java:5283)
	at ptolemy.moml.MoMLParser._attemptToFindMoMLClass(MoMLParser.java:4075)
	at ptolemy.moml.MoMLParser._createEntity(MoMLParser.java:4323)
	... 78 more
Failed to read file:/home/travis/build/icyphy/ptII/ptolemy/actor/ptalon/demo/ptinyos/SendAndReceiveCnt/SendAndReceiveCnt.xml
ptolemy.kernel.util.IllegalActionException: Failed to process attribute change to PtalonParameter, whose value is "ptolemy.actor.ptalon.PtalonExpressionParameter {.SendAndReceiveCnt.SendAndReceiveCnt.channelName} "AtomicWirelessChannel"".
  in .SendAndReceiveCnt.SendAndReceiveCnt
Because:
Unable to add actor null
	at ptolemy.actor.ptalon.PtalonActor.attributeChanged(PtalonActor.java:211)
	at ptolemy.actor.ptalon.PtalonMLHandler.startElement(PtalonMLHandler.java:134)
	at com.microstar.xml.XmlParser.parseElement(XmlParser.java:921)
	at com.microstar.xml.XmlParser.parseContent(XmlParser.java:1104)
	at com.microstar.xml.XmlParser.parseElement(XmlParser.java:924)
	at com.microstar.xml.XmlParser.parseDocument(XmlParser.java:481)
	at com.microstar.xml.XmlParser.doParse(XmlParser.java:159)
	at com.microstar.xml.XmlParser.parse(XmlParser.java:132)
	at ptolemy.actor.ptalon.PtalonActor.configure(PtalonActor.java:240)
	at ptolemy.moml.MoMLParser.endElement(MoMLParser.java:996)
	at com.microstar.xml.XmlParser.parseETag(XmlParser.java:1026)
	at com.microstar.xml.XmlParser.parseContent(XmlParser.java:1098)
	at com.microstar.xml.XmlParser.parseElement(XmlParser.java:924)
	at com.microstar.xml.XmlParser.parseContent(XmlParser.java:1104)
	at com.microstar.xml.XmlParser.parseElement(XmlParser.java:924)
	at com.microstar.xml.XmlParser.parseContent(XmlParser.java:1104)
	at com.microstar.xml.XmlParser.parseElement(XmlParser.java:924)
	at com.microstar.xml.XmlParser.parseDocument(XmlParser.java:481)
	at com.microstar.xml.XmlParser.doParse(XmlParser.java:159)
	at com.microstar.xml.XmlParser.parse(XmlParser.java:132)
	at ptolemy.moml.MoMLParser.parse(MoMLParser.java:1676)
	at ptolemy.moml.MoMLParser.parse(MoMLParser.java:1595)
	at ptolemy.moml.MoMLParser.parse(MoMLParser.java:1537)
	at ptolemy.actor.gui.PtolemyEffigy$Factory.createEffigy(PtolemyEffigy.java:424)
	at ptolemy.actor.gui.EffigyFactory.createEffigy(EffigyFactory.java:234)
	at ptolemy.actor.gui.Configuration.openModel(Configuration.java:1125)
	at ptolemy.actor.gui.Configuration.openModel(Configuration.java:1051)
	at ptolemy.actor.gui.ConfigurationApplication._openModel(ConfigurationApplication.java:1252)
	at ptolemy.actor.gui.ConfigurationApplication._parseArg(ConfigurationApplication.java:1399)
	at ptolemy.actor.gui.ConfigurationApplication._parseArgs(ConfigurationApplication.java:1478)
	at ptolemy.actor.gui.ConfigurationApplication.<init>(ConfigurationApplication.java:277)
	at ptolemy.actor.gui.ConfigurationApplication.<init>(ConfigurationApplication.java:214)
	at ptolemy.actor.gui.ConfigurationApplication.<init>(ConfigurationApplication.java:201)
	at ptolemy.actor.gui.ConfigurationApplication.openModelOrEntity(ConfigurationApplication.java:680)
	at ptolemy.vergil.basic.export.ExportModel$1.run(ExportModel.java:220)
	at java.awt.event.InvocationEvent.dispatch(InvocationEvent.java:301)
	at java.awt.EventQueue.dispatchEventImpl(EventQueue.java:756)
	at java.awt.EventQueue.access$500(EventQueue.java:97)
	at java.awt.EventQueue$3.run(EventQueue.java:709)
	at java.awt.EventQueue$3.run(EventQueue.java:703)
	at java.security.AccessController.doPrivileged(Native Method)
	at java.security.ProtectionDomain$JavaSecurityAccessImpl.doIntersectionPrivilege(ProtectionDomain.java:80)
	at java.awt.EventQueue.dispatchEvent(EventQueue.java:726)
	at java.awt.EventDispatchThread.pumpOneEventForFilters(EventDispatchThread.java:201)
	at java.awt.EventDispatchThread.pumpEventsForFilter(EventDispatchThread.java:116)
	at java.awt.EventDispatchThread.pumpEventsForHierarchy(EventDispatchThread.java:105)
	at java.awt.EventDispatchThread.pumpEvents(EventDispatchThread.java:101)
	at java.awt.EventDispatchThread.pumpEvents(EventDispatchThread.java:93)
	at java.awt.EventDispatchThread.run(EventDispatchThread.java:82)
Caused by: ptolemy.actor.ptalon.PtalonRuntimeException: Unable to add actor null
	at ptolemy.actor.ptalon.PtalonEvaluator.addActor(PtalonEvaluator.java:300)
	at ptolemy.actor.ptalon.PtalonPopulator.actor_declaration(PtalonPopulator.java:1574)
	at ptolemy.actor.ptalon.PtalonPopulator.atomic_statement(PtalonPopulator.java:1638)
	at ptolemy.actor.ptalon.PtalonPopulator.iterative_statement_evaluator(PtalonPopulator.java:2484)
	at ptolemy.actor.ptalon.AbstractPtalonEvaluator$IfTree.evaluateForScope(AbstractPtalonEvaluator.java:1307)
	at ptolemy.actor.ptalon.AbstractPtalonEvaluator.evaluateForScope(AbstractPtalonEvaluator.java:744)
	at ptolemy.actor.ptalon.PtalonPopulator.iterative_statement(PtalonPopulator.java:2363)
	at ptolemy.actor.ptalon.PtalonPopulator.actor_definition(PtalonPopulator.java:2809)
	at ptolemy.actor.ptalon.PtalonActor.attributeChanged(PtalonActor.java:206)
	... 48 more
Caused by: ptolemy.kernel.util.InternalErrorException: Element <entity name="sender1" class="ptolemy.actor.ptalon.demo.ptinyos.SendAndReceiveCnt.CntToLedsAndRfm"> caused an exception to be thrown.
  in .SendAndReceiveCnt.SendAndReceiveCnt
Because:
Cannot find class: ptolemy.actor.ptalon.demo.ptinyos.SendAndReceiveCnt.CntToLedsAndRfm. In Ptolemy, classes are typically Java .class files. Entities like actors may instead be defined within a .xml file.  In any case, the class was not found. If the class uses a third party package, then the class would be present only if the third party package was found at compile time.  It may be necessary to upgrade Java or install the third party package, reconfigure and recompile.
Because:
Element <entity name="MicaLeds" class="ptolemy.domains.ptinyos.lib.MicaLeds"> caused an exception to be thrown.
  in .CntToLedsAndRfm
Because:
Cannot find class: ptolemy.domains.ptinyos.lib.MicaLeds. In Ptolemy, classes are typically Java .class files. Entities like actors may instead be defined within a .xml file.  In any case, the class was not found. If the class uses a third party package, then the class would be present only if the third party package was found at compile time.  It may be necessary to upgrade Java or install the third party package, reconfigure and recompile.
Because:
-- /home/travis/build/icyphy/ptII/ptolemy/actor/ptalon/demo/ptinyos/SendAndReceiveCnt/ptolemy/domains/ptinyos/lib/MicaLeds.xml (No such file or directory)
-- XML file not found relative to classpath.
-- /home/travis/build/icyphy/ptII/ptolemy/vergil/basic/export/test/ptolemy/domains/ptinyos/lib/MicaLeds.xml
/home/travis/build/icyphy/ptII/ptolemy/vergil/basic/export/test/ptolemy/domains/ptinyos/lib/MicaLeds.xml (No such file or directory)
 in file:/home/travis/build/icyphy/ptII/ptolemy/actor/ptalon/demo/ptinyos/SendAndReceiveCnt/CntToLedsAndRfm.xml at line 132 and column 63
	at ptolemy.moml.SimpleErrorHandler.handleError(SimpleErrorHandler.java:75)
	at ptolemy.moml.MoMLParser.startElement(MoMLParser.java:3805)
	at com.microstar.xml.XmlParser.parseElement(XmlParser.java:931)
	at com.microstar.xml.XmlParser.parseDocument(XmlParser.java:481)
	at com.microstar.xml.XmlParser.doParse(XmlParser.java:159)
	at com.microstar.xml.XmlParser.parse(XmlParser.java:132)
	at ptolemy.moml.MoMLParser.parse(MoMLParser.java:1660)
	at ptolemy.moml.MoMLParser.parse(MoMLParser.java:1617)
	at ptolemy.moml.MoMLParser.parse(MoMLParser.java:1792)
	at ptolemy.actor.ptalon.PtalonEvaluator.addActor(PtalonEvaluator.java:241)
	... 56 more
Caused by: ptolemy.kernel.util.IllegalActionException: Cannot find class: ptolemy.actor.ptalon.demo.ptinyos.SendAndReceiveCnt.CntToLedsAndRfm. In Ptolemy, classes are typically Java .class files. Entities like actors may instead be defined within a .xml file.  In any case, the class was not found. If the class uses a third party package, then the class would be present only if the third party package was found at compile time.  It may be necessary to upgrade Java or install the third party package, reconfigure and recompile.
Because:
Element <entity name="MicaLeds" class="ptolemy.domains.ptinyos.lib.MicaLeds"> caused an exception to be thrown.
  in .CntToLedsAndRfm
Because:
Cannot find class: ptolemy.domains.ptinyos.lib.MicaLeds. In Ptolemy, classes are typically Java .class files. Entities like actors may instead be defined within a .xml file.  In any case, the class was not found. If the class uses a third party package, then the class would be present only if the third party package was found at compile time.  It may be necessary to upgrade Java or install the third party package, reconfigure and recompile.
Because:
-- /home/travis/build/icyphy/ptII/ptolemy/actor/ptalon/demo/ptinyos/SendAndReceiveCnt/ptolemy/domains/ptinyos/lib/MicaLeds.xml (No such file or directory)
-- XML file not found relative to classpath.
-- /home/travis/build/icyphy/ptII/ptolemy/vergil/basic/export/test/ptolemy/domains/ptinyos/lib/MicaLeds.xml
/home/travis/build/icyphy/ptII/ptolemy/vergil/basic/export/test/ptolemy/domains/ptinyos/lib/MicaLeds.xml (No such file or directory)
 in file:/home/travis/build/icyphy/ptII/ptolemy/actor/ptalon/demo/ptinyos/SendAndReceiveCnt/CntToLedsAndRfm.xml at line 132 and column 63
	at ptolemy.moml.MoMLParser._createEntity(MoMLParser.java:4330)
	at ptolemy.moml.MoMLParser.startElement(MoMLParser.java:2864)
	... 64 more
Caused by: ptolemy.kernel.util.InternalErrorException: Element <entity name="MicaLeds" class="ptolemy.domains.ptinyos.lib.MicaLeds"> caused an exception to be thrown.
  in .CntToLedsAndRfm
Because:
Cannot find class: ptolemy.domains.ptinyos.lib.MicaLeds. In Ptolemy, classes are typically Java .class files. Entities like actors may instead be defined within a .xml file.  In any case, the class was not found. If the class uses a third party package, then the class would be present only if the third party package was found at compile time.  It may be necessary to upgrade Java or install the third party package, reconfigure and recompile.
Because:
-- /home/travis/build/icyphy/ptII/ptolemy/actor/ptalon/demo/ptinyos/SendAndReceiveCnt/ptolemy/domains/ptinyos/lib/MicaLeds.xml (No such file or directory)
-- XML file not found relative to classpath.
-- /home/travis/build/icyphy/ptII/ptolemy/vergil/basic/export/test/ptolemy/domains/ptinyos/lib/MicaLeds.xml
/home/travis/build/icyphy/ptII/ptolemy/vergil/basic/export/test/ptolemy/domains/ptinyos/lib/MicaLeds.xml (No such file or directory)
 in file:/home/travis/build/icyphy/ptII/ptolemy/actor/ptalon/demo/ptinyos/SendAndReceiveCnt/CntToLedsAndRfm.xml at line 132 and column 63
	at ptolemy.moml.SimpleErrorHandler.handleError(SimpleErrorHandler.java:75)
	at ptolemy.moml.MoMLParser.startElement(MoMLParser.java:3805)
	at com.microstar.xml.XmlParser.parseElement(XmlParser.java:921)
	at com.microstar.xml.XmlParser.parseContent(XmlParser.java:1104)
	at com.microstar.xml.XmlParser.parseElement(XmlParser.java:924)
	at com.microstar.xml.XmlParser.parseDocument(XmlParser.java:481)
	at com.microstar.xml.XmlParser.doParse(XmlParser.java:159)
	at com.microstar.xml.XmlParser.parse(XmlParser.java:132)
	at ptolemy.moml.MoMLParser.parse(MoMLParser.java:1676)
	at ptolemy.moml.MoMLParser.parse(MoMLParser.java:1595)
	at ptolemy.moml.MoMLParser.parse(MoMLParser.java:1537)
	at ptolemy.moml.MoMLParser._findOrParse(MoMLParser.java:5286)
	at ptolemy.moml.MoMLParser._attemptToFindMoMLClass(MoMLParser.java:4075)
	at ptolemy.moml.MoMLParser._createEntity(MoMLParser.java:4323)
	... 65 more
Caused by: ptolemy.kernel.util.IllegalActionException: Cannot find class: ptolemy.domains.ptinyos.lib.MicaLeds. In Ptolemy, classes are typically Java .class files. Entities like actors may instead be defined within a .xml file.  In any case, the class was not found. If the class uses a third party package, then the class would be present only if the third party package was found at compile time.  It may be necessary to upgrade Java or install the third party package, reconfigure and recompile.
Because:
-- /home/travis/build/icyphy/ptII/ptolemy/actor/ptalon/demo/ptinyos/SendAndReceiveCnt/ptolemy/domains/ptinyos/lib/MicaLeds.xml (No such file or directory)
-- XML file not found relative to classpath.
-- /home/travis/build/icyphy/ptII/ptolemy/vergil/basic/export/test/ptolemy/domains/ptinyos/lib/MicaLeds.xml
/home/travis/build/icyphy/ptII/ptolemy/vergil/basic/export/test/ptolemy/domains/ptinyos/lib/MicaLeds.xml (No such file or directory)
 in file:/home/travis/build/icyphy/ptII/ptolemy/actor/ptalon/demo/ptinyos/SendAndReceiveCnt/CntToLedsAndRfm.xml at line 132 and column 63
	at ptolemy.moml.MoMLParser._createEntity(MoMLParser.java:4330)
	at ptolemy.moml.MoMLParser.startElement(MoMLParser.java:2864)
	... 77 more
Caused by: com.microstar.xml.XmlException: -- /home/travis/build/icyphy/ptII/ptolemy/actor/ptalon/demo/ptinyos/SendAndReceiveCnt/ptolemy/domains/ptinyos/lib/MicaLeds.xml (No such file or directory)
-- XML file not found relative to classpath.
-- /home/travis/build/icyphy/ptII/ptolemy/vergil/basic/export/test/ptolemy/domains/ptinyos/lib/MicaLeds.xml
/home/travis/build/icyphy/ptII/ptolemy/vergil/basic/export/test/ptolemy/domains/ptinyos/lib/MicaLeds.xml (No such file or directory)
 in file:/home/travis/build/icyphy/ptII/ptolemy/actor/ptalon/demo/ptinyos/SendAndReceiveCnt/CntToLedsAndRfm.xml at line 132 and column 63
	at ptolemy.moml.MoMLParser.fileNameToURL(MoMLParser.java:1414)
	at ptolemy.moml.MoMLParser._findOrParse(MoMLParser.java:5283)
	at ptolemy.moml.MoMLParser._attemptToFindMoMLClass(MoMLParser.java:4075)
	at ptolemy.moml.MoMLParser._createEntity(MoMLParser.java:4323)
	... 78 more
Caused by: ptolemy.actor.ptalon.PtalonRuntimeException: Unable to add actor null
	at ptolemy.actor.ptalon.PtalonEvaluator.addActor(PtalonEvaluator.java:300)
	at ptolemy.actor.ptalon.PtalonPopulator.actor_declaration(PtalonPopulator.java:1574)
	at ptolemy.actor.ptalon.PtalonPopulator.atomic_statement(PtalonPopulator.java:1638)
	at ptolemy.actor.ptalon.PtalonPopulator.iterative_statement_evaluator(PtalonPopulator.java:2484)
	at ptolemy.actor.ptalon.AbstractPtalonEvaluator$IfTree.evaluateForScope(AbstractPtalonEvaluator.java:1307)
	at ptolemy.actor.ptalon.AbstractPtalonEvaluator.evaluateForScope(AbstractPtalonEvaluator.java:744)
	at ptolemy.actor.ptalon.PtalonPopulator.iterative_statement(PtalonPopulator.java:2363)
	at ptolemy.actor.ptalon.PtalonPopulator.actor_definition(PtalonPopulator.java:2809)
	at ptolemy.actor.ptalon.PtalonActor.attributeChanged(PtalonActor.java:206)
	at ptolemy.actor.ptalon.PtalonMLHandler.startElement(PtalonMLHandler.java:134)
	at com.microstar.xml.XmlParser.parseElement(XmlParser.java:921)
	at com.microstar.xml.XmlParser.parseContent(XmlParser.java:1104)
	at com.microstar.xml.XmlParser.parseElement(XmlParser.java:924)
	at com.microstar.xml.XmlParser.parseDocument(XmlParser.java:481)
	at com.microstar.xml.XmlParser.doParse(XmlParser.java:159)
	at com.microstar.xml.XmlParser.parse(XmlParser.java:132)
	at ptolemy.actor.ptalon.PtalonActor.configure(PtalonActor.java:240)
	at ptolemy.moml.MoMLParser.endElement(MoMLParser.java:996)
	at com.microstar.xml.XmlParser.parseETag(XmlParser.java:1026)
	at com.microstar.xml.XmlParser.parseContent(XmlParser.java:1098)
	at com.microstar.xml.XmlParser.parseElement(XmlParser.java:924)
	at com.microstar.xml.XmlParser.parseContent(XmlParser.java:1104)
	at com.microstar.xml.XmlParser.parseElement(XmlParser.java:924)
	at com.microstar.xml.XmlParser.parseContent(XmlParser.java:1104)
	at com.microstar.xml.XmlParser.parseElement(XmlParser.java:924)
	at com.microstar.xml.XmlParser.parseDocument(XmlParser.java:481)
	at com.microstar.xml.XmlParser.doParse(XmlParser.java:159)
	at com.microstar.xml.XmlParser.parse(XmlParser.java:132)
	at ptolemy.moml.MoMLParser.parse(MoMLParser.java:1676)
	at ptolemy.moml.MoMLParser.parse(MoMLParser.java:1595)
	at ptolemy.moml.MoMLParser.parse(MoMLParser.java:1537)
	at ptolemy.actor.gui.PtolemyEffigy$Factory.createEffigy(PtolemyEffigy.java:424)
	at ptolemy.actor.gui.EffigyFactory.createEffigy(EffigyFactory.java:234)
	at ptolemy.actor.gui.Configuration.openModel(Configuration.java:1125)
	at ptolemy.actor.gui.Configuration.openModel(Configuration.java:1051)
	at ptolemy.actor.gui.ConfigurationApplication._openModel(ConfigurationApplication.java:1252)
	at ptolemy.actor.gui.ConfigurationApplication._parseArg(ConfigurationApplication.java:1399)
	at ptolemy.actor.gui.ConfigurationApplication._parseArgs(ConfigurationApplication.java:1478)
	at ptolemy.actor.gui.ConfigurationApplication.<init>(ConfigurationApplication.java:277)
	at ptolemy.actor.gui.ConfigurationApplication.<init>(ConfigurationApplication.java:214)
	at ptolemy.actor.gui.ConfigurationApplication.<init>(ConfigurationApplication.java:201)
	at ptolemy.actor.gui.ConfigurationApplication.openModelOrEntity(ConfigurationApplication.java:680)
	at ptolemy.vergil.basic.export.ExportModel$1.run(ExportModel.java:220)
	at java.awt.event.InvocationEvent.dispatch(InvocationEvent.java:301)
	at java.awt.EventQueue.dispatchEventImpl(EventQueue.java:756)
	at java.awt.EventQueue.access$500(EventQueue.java:97)
	at java.awt.EventQueue$3.run(EventQueue.java:709)
	at java.awt.EventQueue$3.run(EventQueue.java:703)
	at java.security.AccessController.doPrivileged(Native Method)
	at java.security.ProtectionDomain$JavaSecurityAccessImpl.doIntersectionPrivilege(ProtectionDomain.java:80)
	at java.awt.EventQueue.dispatchEvent(EventQueue.java:726)
	at java.awt.EventDispatchThread.pumpOneEventForFilters(EventDispatchThread.java:201)
	at java.awt.EventDispatchThread.pumpEventsForFilter(EventDispatchThread.java:116)
	at java.awt.EventDispatchThread.pumpEventsForHierarchy(EventDispatchThread.java:105)
	at java.awt.EventDispatchThread.pumpEvents(EventDispatchThread.java:101)
	at java.awt.EventDispatchThread.pumpEvents(EventDispatchThread.java:93)
	at java.awt.EventDispatchThread.run(EventDispatchThread.java:82)
Caused by: ptolemy.kernel.util.InternalErrorException: Element <entity name="sender1" class="ptolemy.actor.ptalon.demo.ptinyos.SendAndReceiveCnt.CntToLedsAndRfm"> caused an exception to be thrown.
  in .SendAndReceiveCnt.SendAndReceiveCnt
Because:
Cannot find class: ptolemy.actor.ptalon.demo.ptinyos.SendAndReceiveCnt.CntToLedsAndRfm. In Ptolemy, classes are typically Java .class files. Entities like actors may instead be defined within a .xml file.  In any case, the class was not found. If the class uses a third party package, then the class would be present only if the third party package was found at compile time.  It may be necessary to upgrade Java or install the third party package, reconfigure and recompile.
Because:
Element <entity name="MicaLeds" class="ptolemy.domains.ptinyos.lib.MicaLeds"> caused an exception to be thrown.
  in .CntToLedsAndRfm
Because:
Cannot find class: ptolemy.domains.ptinyos.lib.MicaLeds. In Ptolemy, classes are typically Java .class files. Entities like actors may instead be defined within a .xml file.  In any case, the class was not found. If the class uses a third party package, then the class would be present only if the third party package was found at compile time.  It may be necessary to upgrade Java or install the third party package, reconfigure and recompile.
Because:
-- /home/travis/build/icyphy/ptII/ptolemy/actor/ptalon/demo/ptinyos/SendAndReceiveCnt/ptolemy/domains/ptinyos/lib/MicaLeds.xml (No such file or directory)
-- XML file not found relative to classpath.
-- /home/travis/build/icyphy/ptII/ptolemy/vergil/basic/export/test/ptolemy/domains/ptinyos/lib/MicaLeds.xml
/home/travis/build/icyphy/ptII/ptolemy/vergil/basic/export/test/ptolemy/domains/ptinyos/lib/MicaLeds.xml (No such file or directory)
 in file:/home/travis/build/icyphy/ptII/ptolemy/actor/ptalon/demo/ptinyos/SendAndReceiveCnt/CntToLedsAndRfm.xml at line 132 and column 63
	at ptolemy.moml.SimpleErrorHandler.handleError(SimpleErrorHandler.java:75)
	at ptolemy.moml.MoMLParser.startElement(MoMLParser.java:3805)
	at com.microstar.xml.XmlParser.parseElement(XmlParser.java:931)
	at com.microstar.xml.XmlParser.parseDocument(XmlParser.java:481)
	at com.microstar.xml.XmlParser.doParse(XmlParser.java:159)
	at com.microstar.xml.XmlParser.parse(XmlParser.java:132)
	at ptolemy.moml.MoMLParser.parse(MoMLParser.java:1660)
	at ptolemy.moml.MoMLParser.parse(MoMLParser.java:1617)
	at ptolemy.moml.MoMLParser.parse(MoMLParser.java:1792)
	at ptolemy.actor.ptalon.PtalonEvaluator.addActor(PtalonEvaluator.java:241)
	... 56 more
Caused by: ptolemy.kernel.util.IllegalActionException: Cannot find class: ptolemy.actor.ptalon.demo.ptinyos.SendAndReceiveCnt.CntToLedsAndRfm. In Ptolemy, classes are typically Java .class files. Entities like actors may instead be defined within a .xml file.  In any case, the class was not found. If the class uses a third party package, then the class would be present only if the third party package was found at compile time.  It may be necessary to upgrade Java or install the third party package, reconfigure and recompile.
Because:
Element <entity name="MicaLeds" class="ptolemy.domains.ptinyos.lib.MicaLeds"> caused an exception to be thrown.
  in .CntToLedsAndRfm
Because:
Cannot find class: ptolemy.domains.ptinyos.lib.MicaLeds. In Ptolemy, classes are typically Java .class files. Entities like actors may instead be defined within a .xml file.  In any case, the class was not found. If the class uses a third party package, then the class would be present only if the third party package was found at compile time.  It may be necessary to upgrade Java or install the third party package, reconfigure and recompile.
Because:
-- /home/travis/build/icyphy/ptII/ptolemy/actor/ptalon/demo/ptinyos/SendAndReceiveCnt/ptolemy/domains/ptinyos/lib/MicaLeds.xml (No such file or directory)
-- XML file not found relative to classpath.
-- /home/travis/build/icyphy/ptII/ptolemy/vergil/basic/export/test/ptolemy/domains/ptinyos/lib/MicaLeds.xml
/home/travis/build/icyphy/ptII/ptolemy/vergil/basic/export/test/ptolemy/domains/ptinyos/lib/MicaLeds.xml (No such file or directory)
 in file:/home/travis/build/icyphy/ptII/ptolemy/actor/ptalon/demo/ptinyos/SendAndReceiveCnt/CntToLedsAndRfm.xml at line 132 and column 63
	at ptolemy.moml.MoMLParser._createEntity(MoMLParser.java:4330)
	at ptolemy.moml.MoMLParser.startElement(MoMLParser.java:2864)
	... 64 more
Caused by: ptolemy.kernel.util.InternalErrorException: Element <entity name="MicaLeds" class="ptolemy.domains.ptinyos.lib.MicaLeds"> caused an exception to be thrown.
  in .CntToLedsAndRfm
Because:
Cannot find class: ptolemy.domains.ptinyos.lib.MicaLeds. In Ptolemy, classes are typically Java .class files. Entities like actors may instead be defined within a .xml file.  In any case, the class was not found. If the class uses a third party package, then the class would be present only if the third party package was found at compile time.  It may be necessary to upgrade Java or install the third party package, reconfigure and recompile.
Because:
-- /home/travis/build/icyphy/ptII/ptolemy/actor/ptalon/demo/ptinyos/SendAndReceiveCnt/ptolemy/domains/ptinyos/lib/MicaLeds.xml (No such file or directory)
-- XML file not found relative to classpath.
-- /home/travis/build/icyphy/ptII/ptolemy/vergil/basic/export/test/ptolemy/domains/ptinyos/lib/MicaLeds.xml
/home/travis/build/icyphy/ptII/ptolemy/vergil/basic/export/test/ptolemy/domains/ptinyos/lib/MicaLeds.xml (No such file or directory)
 in file:/home/travis/build/icyphy/ptII/ptolemy/actor/ptalon/demo/ptinyos/SendAndReceiveCnt/CntToLedsAndRfm.xml at line 132 and column 63
	at ptolemy.moml.SimpleErrorHandler.handleError(SimpleErrorHandler.java:75)
	at ptolemy.moml.MoMLParser.startElement(MoMLParser.java:3805)
	at com.microstar.xml.XmlParser.parseElement(XmlParser.java:921)
	at com.microstar.xml.XmlParser.parseContent(XmlParser.java:1104)
	at com.microstar.xml.XmlParser.parseElement(XmlParser.java:924)
	at com.microstar.xml.XmlParser.parseDocument(XmlParser.java:481)
	at com.microstar.xml.XmlParser.doParse(XmlParser.java:159)
	at com.microstar.xml.XmlParser.parse(XmlParser.java:132)
	at ptolemy.moml.MoMLParser.parse(MoMLParser.java:1676)
	at ptolemy.moml.MoMLParser.parse(MoMLParser.java:1595)
	at ptolemy.moml.MoMLParser.parse(MoMLParser.java:1537)
	at ptolemy.moml.MoMLParser._findOrParse(MoMLParser.java:5286)
	at ptolemy.moml.MoMLParser._attemptToFindMoMLClass(MoMLParser.java:4075)
	at ptolemy.moml.MoMLParser._createEntity(MoMLParser.java:4323)
	... 65 more
Caused by: ptolemy.kernel.util.IllegalActionException: Cannot find class: ptolemy.domains.ptinyos.lib.MicaLeds. In Ptolemy, classes are typically Java .class files. Entities like actors may instead be defined within a .xml file.  In any case, the class was not found. If the class uses a third party package, then the class would be present only if the third party package was found at compile time.  It may be necessary to upgrade Java or install the third party package, reconfigure and recompile.
Because:
-- /home/travis/build/icyphy/ptII/ptolemy/actor/ptalon/demo/ptinyos/SendAndReceiveCnt/ptolemy/domains/ptinyos/lib/MicaLeds.xml (No such file or directory)
-- XML file not found relative to classpath.
-- /home/travis/build/icyphy/ptII/ptolemy/vergil/basic/export/test/ptolemy/domains/ptinyos/lib/MicaLeds.xml
/home/travis/build/icyphy/ptII/ptolemy/vergil/basic/export/test/ptolemy/domains/ptinyos/lib/MicaLeds.xml (No such file or directory)
 in file:/home/travis/build/icyphy/ptII/ptolemy/actor/ptalon/demo/ptinyos/SendAndReceiveCnt/CntToLedsAndRfm.xml at line 132 and column 63
	at ptolemy.moml.MoMLParser._createEntity(MoMLParser.java:4330)
	at ptolemy.moml.MoMLParser.startElement(MoMLParser.java:2864)
	... 77 more
Caused by: com.microstar.xml.XmlException: -- /home/travis/build/icyphy/ptII/ptolemy/actor/ptalon/demo/ptinyos/SendAndReceiveCnt/ptolemy/domains/ptinyos/lib/MicaLeds.xml (No such file or directory)
-- XML file not found relative to classpath.
-- /home/travis/build/icyphy/ptII/ptolemy/vergil/basic/export/test/ptolemy/domains/ptinyos/lib/MicaLeds.xml
/home/travis/build/icyphy/ptII/ptolemy/vergil/basic/export/test/ptolemy/domains/ptinyos/lib/MicaLeds.xml (No such file or directory)
 in file:/home/travis/build/icyphy/ptII/ptolemy/actor/ptalon/demo/ptinyos/SendAndReceiveCnt/CntToLedsAndRfm.xml at line 132 and column 63
	at ptolemy.moml.MoMLParser.fileNameToURL(MoMLParser.java:1414)
	at ptolemy.moml.MoMLParser._findOrParse(MoMLParser.java:5283)
	at ptolemy.moml.MoMLParser._attemptToFindMoMLClass(MoMLParser.java:4075)
	at ptolemy.moml.MoMLParser._createEntity(MoMLParser.java:4323)
	... 78 more
Failed to read file:/home/travis/build/icyphy/ptII/ptolemy/actor/ptalon/demo/ptinyos/SendAndReceiveCnt/SendAndReceiveCnt.xml
ptolemy.kernel.util.IllegalActionException: Failed to process attribute change to PtalonParameter, whose value is "ptolemy.actor.ptalon.PtalonExpressionParameter {.SendAndReceiveCnt.SendAndReceiveCnt.channelName} "AtomicWirelessChannel"".
  in .SendAndReceiveCnt.SendAndReceiveCnt
Because:
Unable to add actor null
	at ptolemy.actor.ptalon.PtalonActor.attributeChanged(PtalonActor.java:211)
	at ptolemy.actor.ptalon.PtalonMLHandler.startElement(PtalonMLHandler.java:134)
	at com.microstar.xml.XmlParser.parseElement(XmlParser.java:921)
	at com.microstar.xml.XmlParser.parseContent(XmlParser.java:1104)
	at com.microstar.xml.XmlParser.parseElement(XmlParser.java:924)
	at com.microstar.xml.XmlParser.parseDocument(XmlParser.java:481)
	at com.microstar.xml.XmlParser.doParse(XmlParser.java:159)
	at com.microstar.xml.XmlParser.parse(XmlParser.java:132)
	at ptolemy.actor.ptalon.PtalonActor.configure(PtalonActor.java:240)
	at ptolemy.moml.MoMLParser.endElement(MoMLParser.java:996)
	at com.microstar.xml.XmlParser.parseETag(XmlParser.java:1026)
	at com.microstar.xml.XmlParser.parseContent(XmlParser.java:1098)
	at com.microstar.xml.XmlParser.parseElement(XmlParser.java:924)
	at com.microstar.xml.XmlParser.parseContent(XmlParser.java:1104)
	at com.microstar.xml.XmlParser.parseElement(XmlParser.java:924)
	at com.microstar.xml.XmlParser.parseContent(XmlParser.java:1104)
	at com.microstar.xml.XmlParser.parseElement(XmlParser.java:924)
	at com.microstar.xml.XmlParser.parseDocument(XmlParser.java:481)
	at com.microstar.xml.XmlParser.doParse(XmlParser.java:159)
	at com.microstar.xml.XmlParser.parse(XmlParser.java:132)
	at ptolemy.moml.MoMLParser.parse(MoMLParser.java:1676)
	at ptolemy.moml.MoMLParser.parse(MoMLParser.java:1595)
	at ptolemy.moml.MoMLParser.parse(MoMLParser.java:1537)
	at ptolemy.actor.gui.PtolemyEffigy$Factory.createEffigy(PtolemyEffigy.java:424)
	at ptolemy.actor.gui.EffigyFactory.createEffigy(EffigyFactory.java:234)
	at ptolemy.actor.gui.Configuration.openModel(Configuration.java:1125)
	at ptolemy.actor.gui.Configuration.openModel(Configuration.java:1051)
	at ptolemy.actor.gui.ConfigurationApplication._openModel(ConfigurationApplication.java:1252)
	at ptolemy.actor.gui.ConfigurationApplication._parseArg(ConfigurationApplication.java:1399)
	at ptolemy.actor.gui.ConfigurationApplication._parseArgs(ConfigurationApplication.java:1478)
	at ptolemy.actor.gui.ConfigurationApplication.<init>(ConfigurationApplication.java:277)
	at ptolemy.actor.gui.ConfigurationApplication.<init>(ConfigurationApplication.java:214)
	at ptolemy.actor.gui.ConfigurationApplication.<init>(ConfigurationApplication.java:201)
	at ptolemy.actor.gui.ConfigurationApplication.openModelOrEntity(ConfigurationApplication.java:680)
	at ptolemy.vergil.basic.export.ExportModel$1.run(ExportModel.java:220)
	at java.awt.event.InvocationEvent.dispatch(InvocationEvent.java:301)
	at java.awt.EventQueue.dispatchEventImpl(EventQueue.java:756)
	at java.awt.EventQueue.access$500(EventQueue.java:97)
	at java.awt.EventQueue$3.run(EventQueue.java:709)
	at java.awt.EventQueue$3.run(EventQueue.java:703)
	at java.security.AccessController.doPrivileged(Native Method)
	at java.security.ProtectionDomain$JavaSecurityAccessImpl.doIntersectionPrivilege(ProtectionDomain.java:80)
	at java.awt.EventQueue.dispatchEvent(EventQueue.java:726)
	at java.awt.EventDispatchThread.pumpOneEventForFilters(EventDispatchThread.java:201)
	at java.awt.EventDispatchThread.pumpEventsForFilter(EventDispatchThread.java:116)
	at java.awt.EventDispatchThread.pumpEventsForHierarchy(EventDispatchThread.java:105)
	at java.awt.EventDispatchThread.pumpEvents(EventDispatchThread.java:101)
	at java.awt.EventDispatchThread.pumpEvents(EventDispatchThread.java:93)
	at java.awt.EventDispatchThread.run(EventDispatchThread.java:82)
Caused by: ptolemy.actor.ptalon.PtalonRuntimeException: Unable to add actor null
	at ptolemy.actor.ptalon.PtalonEvaluator.addActor(PtalonEvaluator.java:300)
	at ptolemy.actor.ptalon.PtalonPopulator.actor_declaration(PtalonPopulator.java:1574)
	at ptolemy.actor.ptalon.PtalonPopulator.atomic_statement(PtalonPopulator.java:1638)
	at ptolemy.actor.ptalon.PtalonPopulator.iterative_statement_evaluator(PtalonPopulator.java:2484)
	at ptolemy.actor.ptalon.AbstractPtalonEvaluator$IfTree.evaluateForScope(AbstractPtalonEvaluator.java:1307)
	at ptolemy.actor.ptalon.AbstractPtalonEvaluator.evaluateForScope(AbstractPtalonEvaluator.java:744)
	at ptolemy.actor.ptalon.PtalonPopulator.iterative_statement(PtalonPopulator.java:2363)
	at ptolemy.actor.ptalon.PtalonPopulator.actor_definition(PtalonPopulator.java:2809)
	at ptolemy.actor.ptalon.PtalonActor.attributeChanged(PtalonActor.java:206)
	... 48 more
Caused by: ptolemy.kernel.util.InternalErrorException: Element <entity name="sender1" class="ptolemy.actor.ptalon.demo.ptinyos.SendAndReceiveCnt.CntToLedsAndRfm"> caused an exception to be thrown.
  in .SendAndReceiveCnt.SendAndReceiveCnt
Because:
Cannot find class: ptolemy.actor.ptalon.demo.ptinyos.SendAndReceiveCnt.CntToLedsAndRfm. In Ptolemy, classes are typically Java .class files. Entities like actors may instead be defined within a .xml file.  In any case, the class was not found. If the class uses a third party package, then the class would be present only if the third party package was found at compile time.  It may be necessary to upgrade Java or install the third party package, reconfigure and recompile.
Because:
Element <entity name="MicaLeds" class="ptolemy.domains.ptinyos.lib.MicaLeds"> caused an exception to be thrown.
  in .CntToLedsAndRfm
Because:
Cannot find class: ptolemy.domains.ptinyos.lib.MicaLeds. In Ptolemy, classes are typically Java .class files. Entities like actors may instead be defined within a .xml file.  In any case, the class was not found. If the class uses a third party package, then the class would be present only if the third party package was found at compile time.  It may be necessary to upgrade Java or install the third party package, reconfigure and recompile.
Because:
-- /home/travis/build/icyphy/ptII/ptolemy/actor/ptalon/demo/ptinyos/SendAndReceiveCnt/ptolemy/domains/ptinyos/lib/MicaLeds.xml (No such file or directory)
-- XML file not found relative to classpath.
-- /home/travis/build/icyphy/ptII/ptolemy/vergil/basic/export/test/ptolemy/domains/ptinyos/lib/MicaLeds.xml
/home/travis/build/icyphy/ptII/ptolemy/vergil/basic/export/test/ptolemy/domains/ptinyos/lib/MicaLeds.xml (No such file or directory)
 in file:/home/travis/build/icyphy/ptII/ptolemy/actor/ptalon/demo/ptinyos/SendAndReceiveCnt/CntToLedsAndRfm.xml at line 132 and column 63
	at ptolemy.moml.SimpleErrorHandler.handleError(SimpleErrorHandler.java:75)
	at ptolemy.moml.MoMLParser.startElement(MoMLParser.java:3805)
	at com.microstar.xml.XmlParser.parseElement(XmlParser.java:931)
	at com.microstar.xml.XmlParser.parseDocument(XmlParser.java:481)
	at com.microstar.xml.XmlParser.doParse(XmlParser.java:159)
	at com.microstar.xml.XmlParser.parse(XmlParser.java:132)
	at ptolemy.moml.MoMLParser.parse(MoMLParser.java:1660)
	at ptolemy.moml.MoMLParser.parse(MoMLParser.java:1617)
	at ptolemy.moml.MoMLParser.parse(MoMLParser.java:1792)
	at ptolemy.actor.ptalon.PtalonEvaluator.addActor(PtalonEvaluator.java:241)
	... 56 more
Caused by: ptolemy.kernel.util.IllegalActionException: Cannot find class: ptolemy.actor.ptalon.demo.ptinyos.SendAndReceiveCnt.CntToLedsAndRfm. In Ptolemy, classes are typically Java .class files. Entities like actors may instead be defined within a .xml file.  In any case, the class was not found. If the class uses a third party package, then the class would be present only if the third party package was found at compile time.  It may be necessary to upgrade Java or install the third party package, reconfigure and recompile.
Because:
Element <entity name="MicaLeds" class="ptolemy.domains.ptinyos.lib.MicaLeds"> caused an exception to be thrown.
  in .CntToLedsAndRfm
Because:
Cannot find class: ptolemy.domains.ptinyos.lib.MicaLeds. In Ptolemy, classes are typically Java .class files. Entities like actors may instead be defined within a .xml file.  In any case, the class was not found. If the class uses a third party package, then the class would be present only if the third party package was found at compile time.  It may be necessary to upgrade Java or install the third party package, reconfigure and recompile.
Because:
-- /home/travis/build/icyphy/ptII/ptolemy/actor/ptalon/demo/ptinyos/SendAndReceiveCnt/ptolemy/domains/ptinyos/lib/MicaLeds.xml (No such file or directory)
-- XML file not found relative to classpath.
-- /home/travis/build/icyphy/ptII/ptolemy/vergil/basic/export/test/ptolemy/domains/ptinyos/lib/MicaLeds.xml
/home/travis/build/icyphy/ptII/ptolemy/vergil/basic/export/test/ptolemy/domains/ptinyos/lib/MicaLeds.xml (No such file or directory)
 in file:/home/travis/build/icyphy/ptII/ptolemy/actor/ptalon/demo/ptinyos/SendAndReceiveCnt/CntToLedsAndRfm.xml at line 132 and column 63
	at ptolemy.moml.MoMLParser._createEntity(MoMLParser.java:4330)
	at ptolemy.moml.MoMLParser.startElement(MoMLParser.java:2864)
	... 64 more
Caused by: ptolemy.kernel.util.InternalErrorException: Element <entity name="MicaLeds" class="ptolemy.domains.ptinyos.lib.MicaLeds"> caused an exception to be thrown.
  in .CntToLedsAndRfm
Because:
Cannot find class: ptolemy.domains.ptinyos.lib.MicaLeds. In Ptolemy, classes are typically Java .class files. Entities like actors may instead be defined within a .xml file.  In any case, the class was not found. If the class uses a third party package, then the class would be present only if the third party package was found at compile time.  It may be necessary to upgrade Java or install the third party package, reconfigure and recompile.
Because:
-- /home/travis/build/icyphy/ptII/ptolemy/actor/ptalon/demo/ptinyos/SendAndReceiveCnt/ptolemy/domains/ptinyos/lib/MicaLeds.xml (No such file or directory)
-- XML file not found relative to classpath.
-- /home/travis/build/icyphy/ptII/ptolemy/vergil/basic/export/test/ptolemy/domains/ptinyos/lib/MicaLeds.xml
/home/travis/build/icyphy/ptII/ptolemy/vergil/basic/export/test/ptolemy/domains/ptinyos/lib/MicaLeds.xml (No such file or directory)
 in file:/home/travis/build/icyphy/ptII/ptolemy/actor/ptalon/demo/ptinyos/SendAndReceiveCnt/CntToLedsAndRfm.xml at line 132 and column 63
	at ptolemy.moml.SimpleErrorHandler.handleError(SimpleErrorHandler.java:75)
	at ptolemy.moml.MoMLParser.startElement(MoMLParser.java:3805)
	at com.microstar.xml.XmlParser.parseElement(XmlParser.java:921)
	at com.microstar.xml.XmlParser.parseContent(XmlParser.java:1104)
	at com.microstar.xml.XmlParser.parseElement(XmlParser.java:924)
	at com.microstar.xml.XmlParser.parseDocument(XmlParser.java:481)
	at com.microstar.xml.XmlParser.doParse(XmlParser.java:159)
	at com.microstar.xml.XmlParser.parse(XmlParser.java:132)
	at ptolemy.moml.MoMLParser.parse(MoMLParser.java:1676)
	at ptolemy.moml.MoMLParser.parse(MoMLParser.java:1595)
	at ptolemy.moml.MoMLParser.parse(MoMLParser.java:1537)
	at ptolemy.moml.MoMLParser._findOrParse(MoMLParser.java:5286)
	at ptolemy.moml.MoMLParser._attemptToFindMoMLClass(MoMLParser.java:4075)
	at ptolemy.moml.MoMLParser._createEntity(MoMLParser.java:4323)
	... 65 more
Caused by: ptolemy.kernel.util.IllegalActionException: Cannot find class: ptolemy.domains.ptinyos.lib.MicaLeds. In Ptolemy, classes are typically Java .class files. Entities like actors may instead be defined within a .xml file.  In any case, the class was not found. If the class uses a third party package, then the class would be present only if the third party package was found at compile time.  It may be necessary to upgrade Java or install the third party package, reconfigure and recompile.
Because:
-- /home/travis/build/icyphy/ptII/ptolemy/actor/ptalon/demo/ptinyos/SendAndReceiveCnt/ptolemy/domains/ptinyos/lib/MicaLeds.xml (No such file or directory)
-- XML file not found relative to classpath.
-- /home/travis/build/icyphy/ptII/ptolemy/vergil/basic/export/test/ptolemy/domains/ptinyos/lib/MicaLeds.xml
/home/travis/build/icyphy/ptII/ptolemy/vergil/basic/export/test/ptolemy/domains/ptinyos/lib/MicaLeds.xml (No such file or directory)
 in file:/home/travis/build/icyphy/ptII/ptolemy/actor/ptalon/demo/ptinyos/SendAndReceiveCnt/CntToLedsAndRfm.xml at line 132 and column 63
	at ptolemy.moml.MoMLParser._createEntity(MoMLParser.java:4330)
	at ptolemy.moml.MoMLParser.startElement(MoMLParser.java:2864)
	... 77 more
Caused by: com.microstar.xml.XmlException: -- /home/travis/build/icyphy/ptII/ptolemy/actor/ptalon/demo/ptinyos/SendAndReceiveCnt/ptolemy/domains/ptinyos/lib/MicaLeds.xml (No such file or directory)
-- XML file not found relative to classpath.
-- /home/travis/build/icyphy/ptII/ptolemy/vergil/basic/export/test/ptolemy/domains/ptinyos/lib/MicaLeds.xml
/home/travis/build/icyphy/ptII/ptolemy/vergil/basic/export/test/ptolemy/domains/ptinyos/lib/MicaLeds.xml (No such file or directory)
 in file:/home/travis/build/icyphy/ptII/ptolemy/actor/ptalon/demo/ptinyos/SendAndReceiveCnt/CntToLedsAndRfm.xml at line 132 and column 63
	at ptolemy.moml.MoMLParser.fileNameToURL(MoMLParser.java:1414)
	at ptolemy.moml.MoMLParser._findOrParse(MoMLParser.java:5283)
	at ptolemy.moml.MoMLParser._attemptToFindMoMLClass(MoMLParser.java:4075)
	at ptolemy.moml.MoMLParser._createEntity(MoMLParser.java:4323)
	... 78 more
Caused by: ptolemy.actor.ptalon.PtalonRuntimeException: Unable to add actor null
	at ptolemy.actor.ptalon.PtalonEvaluator.addActor(PtalonEvaluator.java:300)
	at ptolemy.actor.ptalon.PtalonPopulator.actor_declaration(PtalonPopulator.java:1574)
	at ptolemy.actor.ptalon.PtalonPopulator.atomic_statement(PtalonPopulator.java:1638)
	at ptolemy.actor.ptalon.PtalonPopulator.iterative_statement_evaluator(PtalonPopulator.java:2484)
	at ptolemy.actor.ptalon.AbstractPtalonEvaluator$IfTree.evaluateForScope(AbstractPtalonEvaluator.java:1307)
	at ptolemy.actor.ptalon.AbstractPtalonEvaluator.evaluateForScope(AbstractPtalonEvaluator.java:744)
	at ptolemy.actor.ptalon.PtalonPopulator.iterative_statement(PtalonPopulator.java:2363)
	at ptolemy.actor.ptalon.PtalonPopulator.actor_definition(PtalonPopulator.java:2809)
	at ptolemy.actor.ptalon.PtalonActor.attributeChanged(PtalonActor.java:206)
	at ptolemy.actor.ptalon.PtalonMLHandler.startElement(PtalonMLHandler.java:134)
	at com.microstar.xml.XmlParser.parseElement(XmlParser.java:921)
	at com.microstar.xml.XmlParser.parseContent(XmlParser.java:1104)
	at com.microstar.xml.XmlParser.parseElement(XmlParser.java:924)
	at com.microstar.xml.XmlParser.parseDocument(XmlParser.java:481)
	at com.microstar.xml.XmlParser.doParse(XmlParser.java:159)
	at com.microstar.xml.XmlParser.parse(XmlParser.java:132)
	at ptolemy.actor.ptalon.PtalonActor.configure(PtalonActor.java:240)
	at ptolemy.moml.MoMLParser.endElement(MoMLParser.java:996)
	at com.microstar.xml.XmlParser.parseETag(XmlParser.java:1026)
	at com.microstar.xml.XmlParser.parseContent(XmlParser.java:1098)
	at com.microstar.xml.XmlParser.parseElement(XmlParser.java:924)
	at com.microstar.xml.XmlParser.parseContent(XmlParser.java:1104)
	at com.microstar.xml.XmlParser.parseElement(XmlParser.java:924)
	at com.microstar.xml.XmlParser.parseContent(XmlParser.java:1104)
	at com.microstar.xml.XmlParser.parseElement(XmlParser.java:924)
	at com.microstar.xml.XmlParser.parseDocument(XmlParser.java:481)
	at com.microstar.xml.XmlParser.doParse(XmlParser.java:159)
	at com.microstar.xml.XmlParser.parse(XmlParser.java:132)
	at ptolemy.moml.MoMLParser.parse(MoMLParser.java:1676)
	at ptolemy.moml.MoMLParser.parse(MoMLParser.java:1595)
	at ptolemy.moml.MoMLParser.parse(MoMLParser.java:1537)
	at ptolemy.actor.gui.PtolemyEffigy$Factory.createEffigy(PtolemyEffigy.java:424)
	at ptolemy.actor.gui.EffigyFactory.createEffigy(EffigyFactory.java:234)
	at ptolemy.actor.gui.Configuration.openModel(Configuration.java:1125)
	at ptolemy.actor.gui.Configuration.openModel(Configuration.java:1051)
	at ptolemy.actor.gui.ConfigurationApplication._openModel(ConfigurationApplication.java:1252)
	at ptolemy.actor.gui.ConfigurationApplication._parseArg(ConfigurationApplication.java:1399)
	at ptolemy.actor.gui.ConfigurationApplication._parseArgs(ConfigurationApplication.java:1478)
	at ptolemy.actor.gui.ConfigurationApplication.<init>(ConfigurationApplication.java:277)
	at ptolemy.actor.gui.ConfigurationApplication.<init>(ConfigurationApplication.java:214)
	at ptolemy.actor.gui.ConfigurationApplication.<init>(ConfigurationApplication.java:201)
	at ptolemy.actor.gui.ConfigurationApplication.openModelOrEntity(ConfigurationApplication.java:680)
	at ptolemy.vergil.basic.export.ExportModel$1.run(ExportModel.java:220)
	at java.awt.event.InvocationEvent.dispatch(InvocationEvent.java:301)
	at java.awt.EventQueue.dispatchEventImpl(EventQueue.java:756)
	at java.awt.EventQueue.access$500(EventQueue.java:97)
	at java.awt.EventQueue$3.run(EventQueue.java:709)
	at java.awt.EventQueue$3.run(EventQueue.java:703)
	at java.security.AccessController.doPrivileged(Native Method)
	at java.security.ProtectionDomain$JavaSecurityAccessImpl.doIntersectionPrivilege(ProtectionDomain.java:80)
	at java.awt.EventQueue.dispatchEvent(EventQueue.java:726)
	at java.awt.EventDispatchThread.pumpOneEventForFilters(EventDispatchThread.java:201)
	at java.awt.EventDispatchThread.pumpEventsForFilter(EventDispatchThread.java:116)
	at java.awt.EventDispatchThread.pumpEventsForHierarchy(EventDispatchThread.java:105)
	at java.awt.EventDispatchThread.pumpEvents(EventDispatchThread.java:101)
	at java.awt.EventDispatchThread.pumpEvents(EventDispatchThread.java:93)
	at java.awt.EventDispatchThread.run(EventDispatchThread.java:82)
Caused by: ptolemy.kernel.util.InternalErrorException: Element <entity name="sender1" class="ptolemy.actor.ptalon.demo.ptinyos.SendAndReceiveCnt.CntToLedsAndRfm"> caused an exception to be thrown.
  in .SendAndReceiveCnt.SendAndReceiveCnt
Because:
Cannot find class: ptolemy.actor.ptalon.demo.ptinyos.SendAndReceiveCnt.CntToLedsAndRfm. In Ptolemy, classes are typically Java .class files. Entities like actors may instead be defined within a .xml file.  In any case, the class was not found. If the class uses a third party package, then the class would be present only if the third party package was found at compile time.  It may be necessary to upgrade Java or install the third party package, reconfigure and recompile.
Because:
Element <entity name="MicaLeds" class="ptolemy.domains.ptinyos.lib.MicaLeds"> caused an exception to be thrown.
  in .CntToLedsAndRfm
Because:
Cannot find class: ptolemy.domains.ptinyos.lib.MicaLeds. In Ptolemy, classes are typically Java .class files. Entities like actors may instead be defined within a .xml file.  In any case, the class was not found. If the class uses a third party package, then the class would be present only if the third party package was found at compile time.  It may be necessary to upgrade Java or install the third party package, reconfigure and recompile.
Because:
-- /home/travis/build/icyphy/ptII/ptolemy/actor/ptalon/demo/ptinyos/SendAndReceiveCnt/ptolemy/domains/ptinyos/lib/MicaLeds.xml (No such file or directory)
-- XML file not found relative to classpath.
-- /home/travis/build/icyphy/ptII/ptolemy/vergil/basic/export/test/ptolemy/domains/ptinyos/lib/MicaLeds.xml
/home/travis/build/icyphy/ptII/ptolemy/vergil/basic/export/test/ptolemy/domains/ptinyos/lib/MicaLeds.xml (No such file or directory)
 in file:/home/travis/build/icyphy/ptII/ptolemy/actor/ptalon/demo/ptinyos/SendAndReceiveCnt/CntToLedsAndRfm.xml at line 132 and column 63
	at ptolemy.moml.SimpleErrorHandler.handleError(SimpleErrorHandler.java:75)
	at ptolemy.moml.MoMLParser.startElement(MoMLParser.java:3805)
	at com.microstar.xml.XmlParser.parseElement(XmlParser.java:931)
	at com.microstar.xml.XmlParser.parseDocument(XmlParser.java:481)
	at com.microstar.xml.XmlParser.doParse(XmlParser.java:159)
	at com.microstar.xml.XmlParser.parse(XmlParser.java:132)
	at ptolemy.moml.MoMLParser.parse(MoMLParser.java:1660)
	at ptolemy.moml.MoMLParser.parse(MoMLParser.java:1617)
	at ptolemy.moml.MoMLParser.parse(MoMLParser.java:1792)
	at ptolemy.actor.ptalon.PtalonEvaluator.addActor(PtalonEvaluator.java:241)
	... 56 more
Caused by: ptolemy.kernel.util.IllegalActionException: Cannot find class: ptolemy.actor.ptalon.demo.ptinyos.SendAndReceiveCnt.CntToLedsAndRfm. In Ptolemy, classes are typically Java .class files. Entities like actors may instead be defined within a .xml file.  In any case, the class was not found. If the class uses a third party package, then the class would be present only if the third party package was found at compile time.  It may be necessary to upgrade Java or install the third party package, reconfigure and recompile.
Because:
Element <entity name="MicaLeds" class="ptolemy.domains.ptinyos.lib.MicaLeds"> caused an exception to be thrown.
  in .CntToLedsAndRfm
Because:
Cannot find class: ptolemy.domains.ptinyos.lib.MicaLeds. In Ptolemy, classes are typically Java .class files. Entities like actors may instead be defined within a .xml file.  In any case, the class was not found. If the class uses a third party package, then the class would be present only if the third party package was found at compile time.  It may be necessary to upgrade Java or install the third party package, reconfigure and recompile.
Because:
-- /home/travis/build/icyphy/ptII/ptolemy/actor/ptalon/demo/ptinyos/SendAndReceiveCnt/ptolemy/domains/ptinyos/lib/MicaLeds.xml (No such file or directory)
-- XML file not found relative to classpath.
-- /home/travis/build/icyphy/ptII/ptolemy/vergil/basic/export/test/ptolemy/domains/ptinyos/lib/MicaLeds.xml
/home/travis/build/icyphy/ptII/ptolemy/vergil/basic/export/test/ptolemy/domains/ptinyos/lib/MicaLeds.xml (No such file or directory)
 in file:/home/travis/build/icyphy/ptII/ptolemy/actor/ptalon/demo/ptinyos/SendAndReceiveCnt/CntToLedsAndRfm.xml at line 132 and column 63
	at ptolemy.moml.MoMLParser._createEntity(MoMLParser.java:4330)
	at ptolemy.moml.MoMLParser.startElement(MoMLParser.java:2864)
	... 64 more
Caused by: ptolemy.kernel.util.InternalErrorException: Element <entity name="MicaLeds" class="ptolemy.domains.ptinyos.lib.MicaLeds"> caused an exception to be thrown.
  in .CntToLedsAndRfm
Because:
Cannot find class: ptolemy.domains.ptinyos.lib.MicaLeds. In Ptolemy, classes are typically Java .class files. Entities like actors may instead be defined within a .xml file.  In any case, the class was not found. If the class uses a third party package, then the class would be present only if the third party package was found at compile time.  It may be necessary to upgrade Java or install the third party package, reconfigure and recompile.
Because:
-- /home/travis/build/icyphy/ptII/ptolemy/actor/ptalon/demo/ptinyos/SendAndReceiveCnt/ptolemy/domains/ptinyos/lib/MicaLeds.xml (No such file or directory)
-- XML file not found relative to classpath.
-- /home/travis/build/icyphy/ptII/ptolemy/vergil/basic/export/test/ptolemy/domains/ptinyos/lib/MicaLeds.xml
/home/travis/build/icyphy/ptII/ptolemy/vergil/basic/export/test/ptolemy/domains/ptinyos/lib/MicaLeds.xml (No such file or directory)
 in file:/home/travis/build/icyphy/ptII/ptolemy/actor/ptalon/demo/ptinyos/SendAndReceiveCnt/CntToLedsAndRfm.xml at line 132 and column 63
	at ptolemy.moml.SimpleErrorHandler.handleError(SimpleErrorHandler.java:75)
	at ptolemy.moml.MoMLParser.startElement(MoMLParser.java:3805)
	at com.microstar.xml.XmlParser.parseElement(XmlParser.java:921)
	at com.microstar.xml.XmlParser.parseContent(XmlParser.java:1104)
	at com.microstar.xml.XmlParser.parseElement(XmlParser.java:924)
	at com.microstar.xml.XmlParser.parseDocument(XmlParser.java:481)
	at com.microstar.xml.XmlParser.doParse(XmlParser.java:159)
	at com.microstar.xml.XmlParser.parse(XmlParser.java:132)
	at ptolemy.moml.MoMLParser.parse(MoMLParser.java:1676)
	at ptolemy.moml.MoMLParser.parse(MoMLParser.java:1595)
	at ptolemy.moml.MoMLParser.parse(MoMLParser.java:1537)
	at ptolemy.moml.MoMLParser._findOrParse(MoMLParser.java:5286)
	at ptolemy.moml.MoMLParser._attemptToFindMoMLClass(MoMLParser.java:4075)
	at ptolemy.moml.MoMLParser._createEntity(MoMLParser.java:4323)
	... 65 more
Caused by: ptolemy.kernel.util.IllegalActionException: Cannot find class: ptolemy.domains.ptinyos.lib.MicaLeds. In Ptolemy, classes are typically Java .class files. Entities like actors may instead be defined within a .xml file.  In any case, the class was not found. If the class uses a third party package, then the class would be present only if the third party package was found at compile time.  It may be necessary to upgrade Java or install the third party package, reconfigure and recompile.
Because:
-- /home/travis/build/icyphy/ptII/ptolemy/actor/ptalon/demo/ptinyos/SendAndReceiveCnt/ptolemy/domains/ptinyos/lib/MicaLeds.xml (No such file or directory)
-- XML file not found relative to classpath.
-- /home/travis/build/icyphy/ptII/ptolemy/vergil/basic/export/test/ptolemy/domains/ptinyos/lib/MicaLeds.xml
/home/travis/build/icyphy/ptII/ptolemy/vergil/basic/export/test/ptolemy/domains/ptinyos/lib/MicaLeds.xml (No such file or directory)
 in file:/home/travis/build/icyphy/ptII/ptolemy/actor/ptalon/demo/ptinyos/SendAndReceiveCnt/CntToLedsAndRfm.xml at line 132 and column 63
	at ptolemy.moml.MoMLParser._createEntity(MoMLParser.java:4330)
	at ptolemy.moml.MoMLParser.startElement(MoMLParser.java:2864)
	... 77 more
Caused by: com.microstar.xml.XmlException: -- /home/travis/build/icyphy/ptII/ptolemy/actor/ptalon/demo/ptinyos/SendAndReceiveCnt/ptolemy/domains/ptinyos/lib/MicaLeds.xml (No such file or directory)
-- XML file not found relative to classpath.
-- /home/travis/build/icyphy/ptII/ptolemy/vergil/basic/export/test/ptolemy/domains/ptinyos/lib/MicaLeds.xml
/home/travis/build/icyphy/ptII/ptolemy/vergil/basic/export/test/ptolemy/domains/ptinyos/lib/MicaLeds.xml (No such file or directory)
 in file:/home/travis/build/icyphy/ptII/ptolemy/actor/ptalon/demo/ptinyos/SendAndReceiveCnt/CntToLedsAndRfm.xml at line 132 and column 63
	at ptolemy.moml.MoMLParser.fileNameToURL(MoMLParser.java:1414)
	at ptolemy.moml.MoMLParser._findOrParse(MoMLParser.java:5283)
	at ptolemy.moml.MoMLParser._attemptToFindMoMLClass(MoMLParser.java:4075)
	at ptolemy.moml.MoMLParser._createEntity(MoMLParser.java:4323)
	... 78 more
ptolemy.kernel.util.IllegalActionException: Failed to process attribute change to PtalonParameter, whose value is "ptolemy.actor.ptalon.PtalonExpressionParameter {.SendAndReceiveCnt.SendAndReceiveCnt.channelName} "AtomicWirelessChannel"".
  in .SendAndReceiveCnt.SendAndReceiveCnt
Because:
Unable to add actor null
	at ptolemy.actor.ptalon.PtalonActor.attributeChanged(PtalonActor.java:211)
	at ptolemy.actor.ptalon.PtalonMLHandler.startElement(PtalonMLHandler.java:134)
	at com.microstar.xml.XmlParser.parseElement(XmlParser.java:921)
	at com.microstar.xml.XmlParser.parseContent(XmlParser.java:1104)
	at com.microstar.xml.XmlParser.parseElement(XmlParser.java:924)
	at com.microstar.xml.XmlParser.parseDocument(XmlParser.java:481)
	at com.microstar.xml.XmlParser.doParse(XmlParser.java:159)
	at com.microstar.xml.XmlParser.parse(XmlParser.java:132)
	at ptolemy.actor.ptalon.PtalonActor.configure(PtalonActor.java:240)
	at ptolemy.moml.MoMLParser.endElement(MoMLParser.java:996)
	at com.microstar.xml.XmlParser.parseETag(XmlParser.java:1026)
	at com.microstar.xml.XmlParser.parseContent(XmlParser.java:1098)
	at com.microstar.xml.XmlParser.parseElement(XmlParser.java:924)
	at com.microstar.xml.XmlParser.parseContent(XmlParser.java:1104)
	at com.microstar.xml.XmlParser.parseElement(XmlParser.java:924)
	at com.microstar.xml.XmlParser.parseContent(XmlParser.java:1104)
	at com.microstar.xml.XmlParser.parseElement(XmlParser.java:924)
	at com.microstar.xml.XmlParser.parseDocument(XmlParser.java:481)
	at com.microstar.xml.XmlParser.doParse(XmlParser.java:159)
	at com.microstar.xml.XmlParser.parse(XmlParser.java:132)
	at ptolemy.moml.MoMLParser.parse(MoMLParser.java:1676)
	at ptolemy.moml.MoMLParser.parse(MoMLParser.java:1595)
	at ptolemy.moml.MoMLParser.parse(MoMLParser.java:1537)
	at ptolemy.actor.gui.PtolemyEffigy$Factory.createEffigy(PtolemyEffigy.java:424)
	at ptolemy.actor.gui.EffigyFactory.createEffigy(EffigyFactory.java:234)
	at ptolemy.actor.gui.Configuration.openModel(Configuration.java:1125)
	at ptolemy.actor.gui.Configuration.openModel(Configuration.java:1051)
	at ptolemy.actor.gui.ConfigurationApplication._openModel(ConfigurationApplication.java:1252)
	at ptolemy.actor.gui.ConfigurationApplication._parseArg(ConfigurationApplication.java:1399)
	at ptolemy.actor.gui.ConfigurationApplication._parseArgs(ConfigurationApplication.java:1478)
	at ptolemy.actor.gui.ConfigurationApplication.<init>(ConfigurationApplication.java:277)
	at ptolemy.actor.gui.ConfigurationApplication.<init>(ConfigurationApplication.java:214)
	at ptolemy.actor.gui.ConfigurationApplication.<init>(ConfigurationApplication.java:201)
	at ptolemy.actor.gui.ConfigurationApplication.openModelOrEntity(ConfigurationApplication.java:680)
	at ptolemy.vergil.basic.export.ExportModel$1.run(ExportModel.java:220)
	at java.awt.event.InvocationEvent.dispatch(InvocationEvent.java:301)
	at java.awt.EventQueue.dispatchEventImpl(EventQueue.java:756)
	at java.awt.EventQueue.access$500(EventQueue.java:97)
	at java.awt.EventQueue$3.run(EventQueue.java:709)
	at java.awt.EventQueue$3.run(EventQueue.java:703)
	at java.security.AccessController.doPrivileged(Native Method)
	at java.security.ProtectionDomain$JavaSecurityAccessImpl.doIntersectionPrivilege(ProtectionDomain.java:80)
	at java.awt.EventQueue.dispatchEvent(EventQueue.java:726)
	at java.awt.EventDispatchThread.pumpOneEventForFilters(EventDispatchThread.java:201)
	at java.awt.EventDispatchThread.pumpEventsForFilter(EventDispatchThread.java:116)
	at java.awt.EventDispatchThread.pumpEventsForHierarchy(EventDispatchThread.java:105)
	at java.awt.EventDispatchThread.pumpEvents(EventDispatchThread.java:101)
	at java.awt.EventDispatchThread.pumpEvents(EventDispatchThread.java:93)
	at java.awt.EventDispatchThread.run(EventDispatchThread.java:82)
Caused by: ptolemy.actor.ptalon.PtalonRuntimeException: Unable to add actor null
	at ptolemy.actor.ptalon.PtalonEvaluator.addActor(PtalonEvaluator.java:300)
	at ptolemy.actor.ptalon.PtalonPopulator.actor_declaration(PtalonPopulator.java:1574)
	at ptolemy.actor.ptalon.PtalonPopulator.atomic_statement(PtalonPopulator.java:1638)
	at ptolemy.actor.ptalon.PtalonPopulator.iterative_statement_evaluator(PtalonPopulator.java:2484)
	at ptolemy.actor.ptalon.AbstractPtalonEvaluator$IfTree.evaluateForScope(AbstractPtalonEvaluator.java:1307)
	at ptolemy.actor.ptalon.AbstractPtalonEvaluator.evaluateForScope(AbstractPtalonEvaluator.java:744)
	at ptolemy.actor.ptalon.PtalonPopulator.iterative_statement(PtalonPopulator.java:2363)
	at ptolemy.actor.ptalon.PtalonPopulator.actor_definition(PtalonPopulator.java:2809)
	at ptolemy.actor.ptalon.PtalonActor.attributeChanged(PtalonActor.java:206)
	... 48 more
Caused by: ptolemy.kernel.util.InternalErrorException: Element <entity name="sender1" class="ptolemy.actor.ptalon.demo.ptinyos.SendAndReceiveCnt.CntToLedsAndRfm"> caused an exception to be thrown.
  in .SendAndReceiveCnt.SendAndReceiveCnt
Because:
Cannot find class: ptolemy.actor.ptalon.demo.ptinyos.SendAndReceiveCnt.CntToLedsAndRfm. In Ptolemy, classes are typically Java .class files. Entities like actors may instead be defined within a .xml file.  In any case, the class was not found. If the class uses a third party package, then the class would be present only if the third party package was found at compile time.  It may be necessary to upgrade Java or install the third party package, reconfigure and recompile.
Because:
Element <entity name="MicaLeds" class="ptolemy.domains.ptinyos.lib.MicaLeds"> caused an exception to be thrown.
  in .CntToLedsAndRfm
Because:
Cannot find class: ptolemy.domains.ptinyos.lib.MicaLeds. In Ptolemy, classes are typically Java .class files. Entities like actors may instead be defined within a .xml file.  In any case, the class was not found. If the class uses a third party package, then the class would be present only if the third party package was found at compile time.  It may be necessary to upgrade Java or install the third party package, reconfigure and recompile.
Because:
-- /home/travis/build/icyphy/ptII/ptolemy/actor/ptalon/demo/ptinyos/SendAndReceiveCnt/ptolemy/domains/ptinyos/lib/MicaLeds.xml (No such file or directory)
-- XML file not found relative to classpath.
-- /home/travis/build/icyphy/ptII/ptolemy/vergil/basic/export/test/ptolemy/domains/ptinyos/lib/MicaLeds.xml
/home/travis/build/icyphy/ptII/ptolemy/vergil/basic/export/test/ptolemy/domains/ptinyos/lib/MicaLeds.xml (No such file or directory)
 in file:/home/travis/build/icyphy/ptII/ptolemy/actor/ptalon/demo/ptinyos/SendAndReceiveCnt/CntToLedsAndRfm.xml at line 132 and column 63
	at ptolemy.moml.SimpleErrorHandler.handleError(SimpleErrorHandler.java:75)
	at ptolemy.moml.MoMLParser.startElement(MoMLParser.java:3805)
	at com.microstar.xml.XmlParser.parseElement(XmlParser.java:931)
	at com.microstar.xml.XmlParser.parseDocument(XmlParser.java:481)
	at com.microstar.xml.XmlParser.doParse(XmlParser.java:159)
	at com.microstar.xml.XmlParser.parse(XmlParser.java:132)
	at ptolemy.moml.MoMLParser.parse(MoMLParser.java:1660)
	at ptolemy.moml.MoMLParser.parse(MoMLParser.java:1617)
	at ptolemy.moml.MoMLParser.parse(MoMLParser.java:1792)
	at ptolemy.actor.ptalon.PtalonEvaluator.addActor(PtalonEvaluator.java:241)
	... 56 more
Caused by: ptolemy.kernel.util.IllegalActionException: Cannot find class: ptolemy.actor.ptalon.demo.ptinyos.SendAndReceiveCnt.CntToLedsAndRfm. In Ptolemy, classes are typically Java .class files. Entities like actors may instead be defined within a .xml file.  In any case, the class was not found. If the class uses a third party package, then the class would be present only if the third party package was found at compile time.  It may be necessary to upgrade Java or install the third party package, reconfigure and recompile.
Because:
Element <entity name="MicaLeds" class="ptolemy.domains.ptinyos.lib.MicaLeds"> caused an exception to be thrown.
  in .CntToLedsAndRfm
Because:
Cannot find class: ptolemy.domains.ptinyos.lib.MicaLeds. In Ptolemy, classes are typically Java .class files. Entities like actors may instead be defined within a .xml file.  In any case, the class was not found. If the class uses a third party package, then the class would be present only if the third party package was found at compile time.  It may be necessary to upgrade Java or install the third party package, reconfigure and recompile.
Because:
-- /home/travis/build/icyphy/ptII/ptolemy/actor/ptalon/demo/ptinyos/SendAndReceiveCnt/ptolemy/domains/ptinyos/lib/MicaLeds.xml (No such file or directory)
-- XML file not found relative to classpath.
-- /home/travis/build/icyphy/ptII/ptolemy/vergil/basic/export/test/ptolemy/domains/ptinyos/lib/MicaLeds.xml
/home/travis/build/icyphy/ptII/ptolemy/vergil/basic/export/test/ptolemy/domains/ptinyos/lib/MicaLeds.xml (No such file or directory)
 in file:/home/travis/build/icyphy/ptII/ptolemy/actor/ptalon/demo/ptinyos/SendAndReceiveCnt/CntToLedsAndRfm.xml at line 132 and column 63
	at ptolemy.moml.MoMLParser._createEntity(MoMLParser.java:4330)
	at ptolemy.moml.MoMLParser.startElement(MoMLParser.java:2864)
	... 64 more
Caused by: ptolemy.kernel.util.InternalErrorException: Element <entity name="MicaLeds" class="ptolemy.domains.ptinyos.lib.MicaLeds"> caused an exception to be thrown.
  in .CntToLedsAndRfm
Because:
Cannot find class: ptolemy.domains.ptinyos.lib.MicaLeds. In Ptolemy, classes are typically Java .class files. Entities like actors may instead be defined within a .xml file.  In any case, the class was not found. If the class uses a third party package, then the class would be present only if the third party package was found at compile time.  It may be necessary to upgrade Java or install the third party package, reconfigure and recompile.
Because:
-- /home/travis/build/icyphy/ptII/ptolemy/actor/ptalon/demo/ptinyos/SendAndReceiveCnt/ptolemy/domains/ptinyos/lib/MicaLeds.xml (No such file or directory)
-- XML file not found relative to classpath.
-- /home/travis/build/icyphy/ptII/ptolemy/vergil/basic/export/test/ptolemy/domains/ptinyos/lib/MicaLeds.xml
/home/travis/build/icyphy/ptII/ptolemy/vergil/basic/export/test/ptolemy/domains/ptinyos/lib/MicaLeds.xml (No such file or directory)
 in file:/home/travis/build/icyphy/ptII/ptolemy/actor/ptalon/demo/ptinyos/SendAndReceiveCnt/CntToLedsAndRfm.xml at line 132 and column 63
	at ptolemy.moml.SimpleErrorHandler.handleError(SimpleErrorHandler.java:75)
	at ptolemy.moml.MoMLParser.startElement(MoMLParser.java:3805)
	at com.microstar.xml.XmlParser.parseElement(XmlParser.java:921)
	at com.microstar.xml.XmlParser.parseContent(XmlParser.java:1104)
	at com.microstar.xml.XmlParser.parseElement(XmlParser.java:924)
	at com.microstar.xml.XmlParser.parseDocument(XmlParser.java:481)
	at com.microstar.xml.XmlParser.doParse(XmlParser.java:159)
	at com.microstar.xml.XmlParser.parse(XmlParser.java:132)
	at ptolemy.moml.MoMLParser.parse(MoMLParser.java:1676)
	at ptolemy.moml.MoMLParser.parse(MoMLParser.java:1595)
	at ptolemy.moml.MoMLParser.parse(MoMLParser.java:1537)
	at ptolemy.moml.MoMLParser._findOrParse(MoMLParser.java:5286)
	at ptolemy.moml.MoMLParser._attemptToFindMoMLClass(MoMLParser.java:4075)
	at ptolemy.moml.MoMLParser._createEntity(MoMLParser.java:4323)
	... 65 more
Caused by: ptolemy.kernel.util.IllegalActionException: Cannot find class: ptolemy.domains.ptinyos.lib.MicaLeds. In Ptolemy, classes are typically Java .class files. Entities like actors may instead be defined within a .xml file.  In any case, the class was not found. If the class uses a third party package, then the class would be present only if the third party package was found at compile time.  It may be necessary to upgrade Java or install the third party package, reconfigure and recompile.
Because:
-- /home/travis/build/icyphy/ptII/ptolemy/actor/ptalon/demo/ptinyos/SendAndReceiveCnt/ptolemy/domains/ptinyos/lib/MicaLeds.xml (No such file or directory)
-- XML file not found relative to classpath.
-- /home/travis/build/icyphy/ptII/ptolemy/vergil/basic/export/test/ptolemy/domains/ptinyos/lib/MicaLeds.xml
/home/travis/build/icyphy/ptII/ptolemy/vergil/basic/export/test/ptolemy/domains/ptinyos/lib/MicaLeds.xml (No such file or directory)
 in file:/home/travis/build/icyphy/ptII/ptolemy/actor/ptalon/demo/ptinyos/SendAndReceiveCnt/CntToLedsAndRfm.xml at line 132 and column 63
	at ptolemy.moml.MoMLParser._createEntity(MoMLParser.java:4330)
	at ptolemy.moml.MoMLParser.startElement(MoMLParser.java:2864)
	... 77 more
Caused by: com.microstar.xml.XmlException: -- /home/travis/build/icyphy/ptII/ptolemy/actor/ptalon/demo/ptinyos/SendAndReceiveCnt/ptolemy/domains/ptinyos/lib/MicaLeds.xml (No such file or directory)
-- XML file not found relative to classpath.
-- /home/travis/build/icyphy/ptII/ptolemy/vergil/basic/export/test/ptolemy/domains/ptinyos/lib/MicaLeds.xml
/home/travis/build/icyphy/ptII/ptolemy/vergil/basic/export/test/ptolemy/domains/ptinyos/lib/MicaLeds.xml (No such file or directory)
 in file:/home/travis/build/icyphy/ptII/ptolemy/actor/ptalon/demo/ptinyos/SendAndReceiveCnt/CntToLedsAndRfm.xml at line 132 and column 63
	at ptolemy.moml.MoMLParser.fileNameToURL(MoMLParser.java:1414)
	at ptolemy.moml.MoMLParser._findOrParse(MoMLParser.java:5283)
	at ptolemy.moml.MoMLParser._attemptToFindMoMLClass(MoMLParser.java:4075)
	at ptolemy.moml.MoMLParser._createEntity(MoMLParser.java:4323)
	... 78 more
Caused by: ptolemy.actor.ptalon.PtalonRuntimeException: Unable to add actor null
	at ptolemy.actor.ptalon.PtalonEvaluator.addActor(PtalonEvaluator.java:300)
	at ptolemy.actor.ptalon.PtalonPopulator.actor_declaration(PtalonPopulator.java:1574)
	at ptolemy.actor.ptalon.PtalonPopulator.atomic_statement(PtalonPopulator.java:1638)
	at ptolemy.actor.ptalon.PtalonPopulator.iterative_statement_evaluator(PtalonPopulator.java:2484)
	at ptolemy.actor.ptalon.AbstractPtalonEvaluator$IfTree.evaluateForScope(AbstractPtalonEvaluator.java:1307)
	at ptolemy.actor.ptalon.AbstractPtalonEvaluator.evaluateForScope(AbstractPtalonEvaluator.java:744)
	at ptolemy.actor.ptalon.PtalonPopulator.iterative_statement(PtalonPopulator.java:2363)
	at ptolemy.actor.ptalon.PtalonPopulator.actor_definition(PtalonPopulator.java:2809)
	at ptolemy.actor.ptalon.PtalonActor.attributeChanged(PtalonActor.java:206)
	at ptolemy.actor.ptalon.PtalonMLHandler.startElement(PtalonMLHandler.java:134)
	at com.microstar.xml.XmlParser.parseElement(XmlParser.java:921)
	at com.microstar.xml.XmlParser.parseContent(XmlParser.java:1104)
	at com.microstar.xml.XmlParser.parseElement(XmlParser.java:924)
	at com.microstar.xml.XmlParser.parseDocument(XmlParser.java:481)
	at com.microstar.xml.XmlParser.doParse(XmlParser.java:159)
	at com.microstar.xml.XmlParser.parse(XmlParser.java:132)
	at ptolemy.actor.ptalon.PtalonActor.configure(PtalonActor.java:240)
	at ptolemy.moml.MoMLParser.endElement(MoMLParser.java:996)
	at com.microstar.xml.XmlParser.parseETag(XmlParser.java:1026)
	at com.microstar.xml.XmlParser.parseContent(XmlParser.java:1098)
	at com.microstar.xml.XmlParser.parseElement(XmlParser.java:924)
	at com.microstar.xml.XmlParser.parseContent(XmlParser.java:1104)
	at com.microstar.xml.XmlParser.parseElement(XmlParser.java:924)
	at com.microstar.xml.XmlParser.parseContent(XmlParser.java:1104)
	at com.microstar.xml.XmlParser.parseElement(XmlParser.java:924)
	at com.microstar.xml.XmlParser.parseDocument(XmlParser.java:481)
	at com.microstar.xml.XmlParser.doParse(XmlParser.java:159)
	at com.microstar.xml.XmlParser.parse(XmlParser.java:132)
	at ptolemy.moml.MoMLParser.parse(MoMLParser.java:1676)
	at ptolemy.moml.MoMLParser.parse(MoMLParser.java:1595)
	at ptolemy.moml.MoMLParser.parse(MoMLParser.java:1537)
	at ptolemy.actor.gui.PtolemyEffigy$Factory.createEffigy(PtolemyEffigy.java:424)
	at ptolemy.actor.gui.EffigyFactory.createEffigy(EffigyFactory.java:234)
	at ptolemy.actor.gui.Configuration.openModel(Configuration.java:1125)
	at ptolemy.actor.gui.Configuration.openModel(Configuration.java:1051)
	at ptolemy.actor.gui.ConfigurationApplication._openModel(ConfigurationApplication.java:1252)
	at ptolemy.actor.gui.ConfigurationApplication._parseArg(ConfigurationApplication.java:1399)
	at ptolemy.actor.gui.ConfigurationApplication._parseArgs(ConfigurationApplication.java:1478)
	at ptolemy.actor.gui.ConfigurationApplication.<init>(ConfigurationApplication.java:277)
	at ptolemy.actor.gui.ConfigurationApplication.<init>(ConfigurationApplication.java:214)
	at ptolemy.actor.gui.ConfigurationApplication.<init>(ConfigurationApplication.java:201)
	at ptolemy.actor.gui.ConfigurationApplication.openModelOrEntity(ConfigurationApplication.java:680)
	at ptolemy.vergil.basic.export.ExportModel$1.run(ExportModel.java:220)
	at java.awt.event.InvocationEvent.dispatch(InvocationEvent.java:301)
	at java.awt.EventQueue.dispatchEventImpl(EventQueue.java:756)
	at java.awt.EventQueue.access$500(EventQueue.java:97)
	at java.awt.EventQueue$3.run(EventQueue.java:709)
	at java.awt.EventQueue$3.run(EventQueue.java:703)
	at java.security.AccessController.doPrivileged(Native Method)
	at java.security.ProtectionDomain$JavaSecurityAccessImpl.doIntersectionPrivilege(ProtectionDomain.java:80)
	at java.awt.EventQueue.dispatchEvent(EventQueue.java:726)
	at java.awt.EventDispatchThread.pumpOneEventForFilters(EventDispatchThread.java:201)
	at java.awt.EventDispatchThread.pumpEventsForFilter(EventDispatchThread.java:116)
	at java.awt.EventDispatchThread.pumpEventsForHierarchy(EventDispatchThread.java:105)
	at java.awt.EventDispatchThread.pumpEvents(EventDispatchThread.java:101)
	at java.awt.EventDispatchThread.pumpEvents(EventDispatchThread.java:93)
	at java.awt.EventDispatchThread.run(EventDispatchThread.java:82)
Caused by: ptolemy.kernel.util.InternalErrorException: Element <entity name="sender1" class="ptolemy.actor.ptalon.demo.ptinyos.SendAndReceiveCnt.CntToLedsAndRfm"> caused an exception to be thrown.
  in .SendAndReceiveCnt.SendAndReceiveCnt
Because:
Cannot find class: ptolemy.actor.ptalon.demo.ptinyos.SendAndReceiveCnt.CntToLedsAndRfm. In Ptolemy, classes are typically Java .class files. Entities like actors may instead be defined within a .xml file.  In any case, the class was not found. If the class uses a third party package, then the class would be present only if the third party package was found at compile time.  It may be necessary to upgrade Java or install the third party package, reconfigure and recompile.
Because:
Element <entity name="MicaLeds" class="ptolemy.domains.ptinyos.lib.MicaLeds"> caused an exception to be thrown.
  in .CntToLedsAndRfm
Because:
Cannot find class: ptolemy.domains.ptinyos.lib.MicaLeds. In Ptolemy, classes are typically Java .class files. Entities like actors may instead be defined within a .xml file.  In any case, the class was not found. If the class uses a third party package, then the class would be present only if the third party package was found at compile time.  It may be necessary to upgrade Java or install the third party package, reconfigure and recompile.
Because:
-- /home/travis/build/icyphy/ptII/ptolemy/actor/ptalon/demo/ptinyos/SendAndReceiveCnt/ptolemy/domains/ptinyos/lib/MicaLeds.xml (No such file or directory)
-- XML file not found relative to classpath.
-- /home/travis/build/icyphy/ptII/ptolemy/vergil/basic/export/test/ptolemy/domains/ptinyos/lib/MicaLeds.xml
/home/travis/build/icyphy/ptII/ptolemy/vergil/basic/export/test/ptolemy/domains/ptinyos/lib/MicaLeds.xml (No such file or directory)
 in file:/home/travis/build/icyphy/ptII/ptolemy/actor/ptalon/demo/ptinyos/SendAndReceiveCnt/CntToLedsAndRfm.xml at line 132 and column 63
	at ptolemy.moml.SimpleErrorHandler.handleError(SimpleErrorHandler.java:75)
	at ptolemy.moml.MoMLParser.startElement(MoMLParser.java:3805)
	at com.microstar.xml.XmlParser.parseElement(XmlParser.java:931)
	at com.microstar.xml.XmlParser.parseDocument(XmlParser.java:481)
	at com.microstar.xml.XmlParser.doParse(XmlParser.java:159)
	at com.microstar.xml.XmlParser.parse(XmlParser.java:132)
	at ptolemy.moml.MoMLParser.parse(MoMLParser.java:1660)
	at ptolemy.moml.MoMLParser.parse(MoMLParser.java:1617)
	at ptolemy.moml.MoMLParser.parse(MoMLParser.java:1792)
	at ptolemy.actor.ptalon.PtalonEvaluator.addActor(PtalonEvaluator.java:241)
	... 56 more
Caused by: ptolemy.kernel.util.IllegalActionException: Cannot find class: ptolemy.actor.ptalon.demo.ptinyos.SendAndReceiveCnt.CntToLedsAndRfm. In Ptolemy, classes are typically Java .class files. Entities like actors may instead be defined within a .xml file.  In any case, the class was not found. If the class uses a third party package, then the class would be present only if the third party package was found at compile time.  It may be necessary to upgrade Java or install the third party package, reconfigure and recompile.
Because:
Element <entity name="MicaLeds" class="ptolemy.domains.ptinyos.lib.MicaLeds"> caused an exception to be thrown.
  in .CntToLedsAndRfm
Because:
Cannot find class: ptolemy.domains.ptinyos.lib.MicaLeds. In Ptolemy, classes are typically Java .class files. Entities like actors may instead be defined within a .xml file.  In any case, the class was not found. If the class uses a third party package, then the class would be present only if the third party package was found at compile time.  It may be necessary to upgrade Java or install the third party package, reconfigure and recompile.
Because:
-- /home/travis/build/icyphy/ptII/ptolemy/actor/ptalon/demo/ptinyos/SendAndReceiveCnt/ptolemy/domains/ptinyos/lib/MicaLeds.xml (No such file or directory)
-- XML file not found relative to classpath.
-- /home/travis/build/icyphy/ptII/ptolemy/vergil/basic/export/test/ptolemy/domains/ptinyos/lib/MicaLeds.xml
/home/travis/build/icyphy/ptII/ptolemy/vergil/basic/export/test/ptolemy/domains/ptinyos/lib/MicaLeds.xml (No such file or directory)
 in file:/home/travis/build/icyphy/ptII/ptolemy/actor/ptalon/demo/ptinyos/SendAndReceiveCnt/CntToLedsAndRfm.xml at line 132 and column 63
	at ptolemy.moml.MoMLParser._createEntity(MoMLParser.java:4330)
	at ptolemy.moml.MoMLParser.startElement(MoMLParser.java:2864)
	... 64 more
Caused by: ptolemy.kernel.util.InternalErrorException: Element <entity name="MicaLeds" class="ptolemy.domains.ptinyos.lib.MicaLeds"> caused an exception to be thrown.
  in .CntToLedsAndRfm
Because:
Cannot find class: ptolemy.domains.ptinyos.lib.MicaLeds. In Ptolemy, classes are typically Java .class files. Entities like actors may instead be defined within a .xml file.  In any case, the class was not found. If the class uses a third party package, then the class would be present only if the third party package was found at compile time.  It may be necessary to upgrade Java or install the third party package, reconfigure and recompile.
Because:
-- /home/travis/build/icyphy/ptII/ptolemy/actor/ptalon/demo/ptinyos/SendAndReceiveCnt/ptolemy/domains/ptinyos/lib/MicaLeds.xml (No such file or directory)
-- XML file not found relative to classpath.
-- /home/travis/build/icyphy/ptII/ptolemy/vergil/basic/export/test/ptolemy/domains/ptinyos/lib/MicaLeds.xml
/home/travis/build/icyphy/ptII/ptolemy/vergil/basic/export/test/ptolemy/domains/ptinyos/lib/MicaLeds.xml (No such file or directory)
 in file:/home/travis/build/icyphy/ptII/ptolemy/actor/ptalon/demo/ptinyos/SendAndReceiveCnt/CntToLedsAndRfm.xml at line 132 and column 63
	at ptolemy.moml.SimpleErrorHandler.handleError(SimpleErrorHandler.java:75)
	at ptolemy.moml.MoMLParser.startElement(MoMLParser.java:3805)
	at com.microstar.xml.XmlParser.parseElement(XmlParser.java:921)
	at com.microstar.xml.XmlParser.parseContent(XmlParser.java:1104)
	at com.microstar.xml.XmlParser.parseElement(XmlParser.java:924)
	at com.microstar.xml.XmlParser.parseDocument(XmlParser.java:481)
	at com.microstar.xml.XmlParser.doParse(XmlParser.java:159)
	at com.microstar.xml.XmlParser.parse(XmlParser.java:132)
	at ptolemy.moml.MoMLParser.parse(MoMLParser.java:1676)
	at ptolemy.moml.MoMLParser.parse(MoMLParser.java:1595)
	at ptolemy.moml.MoMLParser.parse(MoMLParser.java:1537)
	at ptolemy.moml.MoMLParser._findOrParse(MoMLParser.java:5286)
	at ptolemy.moml.MoMLParser._attemptToFindMoMLClass(MoMLParser.java:4075)
	at ptolemy.moml.MoMLParser._createEntity(MoMLParser.java:4323)
	... 65 more
Caused by: ptolemy.kernel.util.IllegalActionException: Cannot find class: ptolemy.domains.ptinyos.lib.MicaLeds. In Ptolemy, classes are typically Java .class files. Entities like actors may instead be defined within a .xml file.  In any case, the class was not found. If the class uses a third party package, then the class would be present only if the third party package was found at compile time.  It may be necessary to upgrade Java or install the third party package, reconfigure and recompile.
Because:
-- /home/travis/build/icyphy/ptII/ptolemy/actor/ptalon/demo/ptinyos/SendAndReceiveCnt/ptolemy/domains/ptinyos/lib/MicaLeds.xml (No such file or directory)
-- XML file not found relative to classpath.
-- /home/travis/build/icyphy/ptII/ptolemy/vergil/basic/export/test/ptolemy/domains/ptinyos/lib/MicaLeds.xml
/home/travis/build/icyphy/ptII/ptolemy/vergil/basic/export/test/ptolemy/domains/ptinyos/lib/MicaLeds.xml (No such file or directory)
 in file:/home/travis/build/icyphy/ptII/ptolemy/actor/ptalon/demo/ptinyos/SendAndReceiveCnt/CntToLedsAndRfm.xml at line 132 and column 63
	at ptolemy.moml.MoMLParser._createEntity(MoMLParser.java:4330)
	at ptolemy.moml.MoMLParser.startElement(MoMLParser.java:2864)
	... 77 more
Caused by: com.microstar.xml.XmlException: -- /home/travis/build/icyphy/ptII/ptolemy/actor/ptalon/demo/ptinyos/SendAndReceiveCnt/ptolemy/domains/ptinyos/lib/MicaLeds.xml (No such file or directory)
-- XML file not found relative to classpath.
-- /home/travis/build/icyphy/ptII/ptolemy/vergil/basic/export/test/ptolemy/domains/ptinyos/lib/MicaLeds.xml
/home/travis/build/icyphy/ptII/ptolemy/vergil/basic/export/test/ptolemy/domains/ptinyos/lib/MicaLeds.xml (No such file or directory)
 in file:/home/travis/build/icyphy/ptII/ptolemy/actor/ptalon/demo/ptinyos/SendAndReceiveCnt/CntToLedsAndRfm.xml at line 132 and column 63
	at ptolemy.moml.MoMLParser.fileNameToURL(MoMLParser.java:1414)
	at ptolemy.moml.MoMLParser._findOrParse(MoMLParser.java:5283)
	at ptolemy.moml.MoMLParser._attemptToFindMoMLClass(MoMLParser.java:4075)
	at ptolemy.moml.MoMLParser._createEntity(MoMLParser.java:4323)
	... 78 more
Failed to read file:/home/travis/build/icyphy/ptII/ptolemy/actor/ptalon/demo/ptinyos/SendAndReceiveCnt/SendAndReceiveCnt.xml
ptolemy.kernel.util.IllegalActionException: Failed to process attribute change to PtalonParameter, whose value is "ptolemy.actor.ptalon.PtalonExpressionParameter {.SendAndReceiveCnt.SendAndReceiveCnt.channelName} "AtomicWirelessChannel"".
  in .SendAndReceiveCnt.SendAndReceiveCnt
Because:
Unable to add actor null
	at ptolemy.actor.ptalon.PtalonActor.attributeChanged(PtalonActor.java:211)
	at ptolemy.actor.ptalon.PtalonMLHandler.startElement(PtalonMLHandler.java:134)
	at com.microstar.xml.XmlParser.parseElement(XmlParser.java:921)
	at com.microstar.xml.XmlParser.parseContent(XmlParser.java:1104)
	at com.microstar.xml.XmlParser.parseElement(XmlParser.java:924)
	at com.microstar.xml.XmlParser.parseDocument(XmlParser.java:481)
	at com.microstar.xml.XmlParser.doParse(XmlParser.java:159)
	at com.microstar.xml.XmlParser.parse(XmlParser.java:132)
	at ptolemy.actor.ptalon.PtalonActor.configure(PtalonActor.java:240)
	at ptolemy.moml.MoMLParser.endElement(MoMLParser.java:996)
	at com.microstar.xml.XmlParser.parseETag(XmlParser.java:1026)
	at com.microstar.xml.XmlParser.parseContent(XmlParser.java:1098)
	at com.microstar.xml.XmlParser.parseElement(XmlParser.java:924)
	at com.microstar.xml.XmlParser.parseContent(XmlParser.java:1104)
	at com.microstar.xml.XmlParser.parseElement(XmlParser.java:924)
	at com.microstar.xml.XmlParser.parseContent(XmlParser.java:1104)
	at com.microstar.xml.XmlParser.parseElement(XmlParser.java:924)
	at com.microstar.xml.XmlParser.parseDocument(XmlParser.java:481)
	at com.microstar.xml.XmlParser.doParse(XmlParser.java:159)
	at com.microstar.xml.XmlParser.parse(XmlParser.java:132)
	at ptolemy.moml.MoMLParser.parse(MoMLParser.java:1676)
	at ptolemy.moml.MoMLParser.parse(MoMLParser.java:1595)
	at ptolemy.moml.MoMLParser.parse(MoMLParser.java:1537)
	at ptolemy.actor.gui.PtolemyEffigy$Factory.createEffigy(PtolemyEffigy.java:424)
	at ptolemy.actor.gui.EffigyFactory.createEffigy(EffigyFactory.java:234)
	at ptolemy.actor.gui.Configuration.openModel(Configuration.java:1125)
	at ptolemy.actor.gui.Configuration.openModel(Configuration.java:1051)
	at ptolemy.actor.gui.ConfigurationApplication._openModel(ConfigurationApplication.java:1252)
	at ptolemy.actor.gui.ConfigurationApplication._parseArg(ConfigurationApplication.java:1399)
	at ptolemy.actor.gui.ConfigurationApplication._parseArgs(ConfigurationApplication.java:1478)
	at ptolemy.actor.gui.ConfigurationApplication.<init>(ConfigurationApplication.java:277)
	at ptolemy.actor.gui.ConfigurationApplication.<init>(ConfigurationApplication.java:214)
	at ptolemy.actor.gui.ConfigurationApplication.<init>(ConfigurationApplication.java:201)
	at ptolemy.actor.gui.ConfigurationApplication.openModelOrEntity(ConfigurationApplication.java:680)
	at ptolemy.vergil.basic.export.ExportModel$1.run(ExportModel.java:220)
	at java.awt.event.InvocationEvent.dispatch(InvocationEvent.java:301)
	at java.awt.EventQueue.dispatchEventImpl(EventQueue.java:756)
	at java.awt.EventQueue.access$500(EventQueue.java:97)
	at java.awt.EventQueue$3.run(EventQueue.java:709)
	at java.awt.EventQueue$3.run(EventQueue.java:703)
	at java.security.AccessController.doPrivileged(Native Method)
	at java.security.ProtectionDomain$JavaSecurityAccessImpl.doIntersectionPrivilege(ProtectionDomain.java:80)
	at java.awt.EventQueue.dispatchEvent(EventQueue.java:726)
	at java.awt.EventDispatchThread.pumpOneEventForFilters(EventDispatchThread.java:201)
	at java.awt.EventDispatchThread.pumpEventsForFilter(EventDispatchThread.java:116)
	at java.awt.EventDispatchThread.pumpEventsForHierarchy(EventDispatchThread.java:105)
	at java.awt.EventDispatchThread.pumpEvents(EventDispatchThread.java:101)
	at java.awt.EventDispatchThread.pumpEvents(EventDispatchThread.java:93)
	at java.awt.EventDispatchThread.run(EventDispatchThread.java:82)
Caused by: ptolemy.actor.ptalon.PtalonRuntimeException: Unable to add actor null
	at ptolemy.actor.ptalon.PtalonEvaluator.addActor(PtalonEvaluator.java:300)
	at ptolemy.actor.ptalon.PtalonPopulator.actor_declaration(PtalonPopulator.java:1574)
	at ptolemy.actor.ptalon.PtalonPopulator.atomic_statement(PtalonPopulator.java:1638)
	at ptolemy.actor.ptalon.PtalonPopulator.iterative_statement_evaluator(PtalonPopulator.java:2484)
	at ptolemy.actor.ptalon.AbstractPtalonEvaluator$IfTree.evaluateForScope(AbstractPtalonEvaluator.java:1307)
	at ptolemy.actor.ptalon.AbstractPtalonEvaluator.evaluateForScope(AbstractPtalonEvaluator.java:744)
	at ptolemy.actor.ptalon.PtalonPopulator.iterative_statement(PtalonPopulator.java:2363)
	at ptolemy.actor.ptalon.PtalonPopulator.actor_definition(PtalonPopulator.java:2809)
	at ptolemy.actor.ptalon.PtalonActor.attributeChanged(PtalonActor.java:206)
	... 48 more
Caused by: ptolemy.kernel.util.InternalErrorException: Element <entity name="sender1" class="ptolemy.actor.ptalon.demo.ptinyos.SendAndReceiveCnt.CntToLedsAndRfm"> caused an exception to be thrown.
  in .SendAndReceiveCnt.SendAndReceiveCnt
Because:
Cannot find class: ptolemy.actor.ptalon.demo.ptinyos.SendAndReceiveCnt.CntToLedsAndRfm. In Ptolemy, classes are typically Java .class files. Entities like actors may instead be defined within a .xml file.  In any case, the class was not found. If the class uses a third party package, then the class would be present only if the third party package was found at compile time.  It may be necessary to upgrade Java or install the third party package, reconfigure and recompile.
Because:
Element <entity name="MicaLeds" class="ptolemy.domains.ptinyos.lib.MicaLeds"> caused an exception to be thrown.
  in .CntToLedsAndRfm
Because:
Cannot find class: ptolemy.domains.ptinyos.lib.MicaLeds. In Ptolemy, classes are typically Java .class files. Entities like actors may instead be defined within a .xml file.  In any case, the class was not found. If the class uses a third party package, then the class would be present only if the third party package was found at compile time.  It may be necessary to upgrade Java or install the third party package, reconfigure and recompile.
Because:
-- /home/travis/build/icyphy/ptII/ptolemy/actor/ptalon/demo/ptinyos/SendAndReceiveCnt/ptolemy/domains/ptinyos/lib/MicaLeds.xml (No such file or directory)
-- XML file not found relative to classpath.
-- /home/travis/build/icyphy/ptII/ptolemy/vergil/basic/export/test/ptolemy/domains/ptinyos/lib/MicaLeds.xml
/home/travis/build/icyphy/ptII/ptolemy/vergil/basic/export/test/ptolemy/domains/ptinyos/lib/MicaLeds.xml (No such file or directory)
 in file:/home/travis/build/icyphy/ptII/ptolemy/actor/ptalon/demo/ptinyos/SendAndReceiveCnt/CntToLedsAndRfm.xml at line 132 and column 63
	at ptolemy.moml.SimpleErrorHandler.handleError(SimpleErrorHandler.java:75)
	at ptolemy.moml.MoMLParser.startElement(MoMLParser.java:3805)
	at com.microstar.xml.XmlParser.parseElement(XmlParser.java:931)
	at com.microstar.xml.XmlParser.parseDocument(XmlParser.java:481)
	at com.microstar.xml.XmlParser.doParse(XmlParser.java:159)
	at com.microstar.xml.XmlParser.parse(XmlParser.java:132)
	at ptolemy.moml.MoMLParser.parse(MoMLParser.java:1660)
	at ptolemy.moml.MoMLParser.parse(MoMLParser.java:1617)
	at ptolemy.moml.MoMLParser.parse(MoMLParser.java:1792)
	at ptolemy.actor.ptalon.PtalonEvaluator.addActor(PtalonEvaluator.java:241)
	... 56 more
Caused by: ptolemy.kernel.util.IllegalActionException: Cannot find class: ptolemy.actor.ptalon.demo.ptinyos.SendAndReceiveCnt.CntToLedsAndRfm. In Ptolemy, classes are typically Java .class files. Entities like actors may instead be defined within a .xml file.  In any case, the class was not found. If the class uses a third party package, then the class would be present only if the third party package was found at compile time.  It may be necessary to upgrade Java or install the third party package, reconfigure and recompile.
Because:
Element <entity name="MicaLeds" class="ptolemy.domains.ptinyos.lib.MicaLeds"> caused an exception to be thrown.
  in .CntToLedsAndRfm
Because:
Cannot find class: ptolemy.domains.ptinyos.lib.MicaLeds. In Ptolemy, classes are typically Java .class files. Entities like actors may instead be defined within a .xml file.  In any case, the class was not found. If the class uses a third party package, then the class would be present only if the third party package was found at compile time.  It may be necessary to upgrade Java or install the third party package, reconfigure and recompile.
Because:
-- /home/travis/build/icyphy/ptII/ptolemy/actor/ptalon/demo/ptinyos/SendAndReceiveCnt/ptolemy/domains/ptinyos/lib/MicaLeds.xml (No such file or directory)
-- XML file not found relative to classpath.
-- /home/travis/build/icyphy/ptII/ptolemy/vergil/basic/export/test/ptolemy/domains/ptinyos/lib/MicaLeds.xml
/home/travis/build/icyphy/ptII/ptolemy/vergil/basic/export/test/ptolemy/domains/ptinyos/lib/MicaLeds.xml (No such file or directory)
 in file:/home/travis/build/icyphy/ptII/ptolemy/actor/ptalon/demo/ptinyos/SendAndReceiveCnt/CntToLedsAndRfm.xml at line 132 and column 63
	at ptolemy.moml.MoMLParser._createEntity(MoMLParser.java:4330)
	at ptolemy.moml.MoMLParser.startElement(MoMLParser.java:2864)
	... 64 more
Caused by: ptolemy.kernel.util.InternalErrorException: Element <entity name="MicaLeds" class="ptolemy.domains.ptinyos.lib.MicaLeds"> caused an exception to be thrown.
  in .CntToLedsAndRfm
Because:
Cannot find class: ptolemy.domains.ptinyos.lib.MicaLeds. In Ptolemy, classes are typically Java .class files. Entities like actors may instead be defined within a .xml file.  In any case, the class was not found. If the class uses a third party package, then the class would be present only if the third party package was found at compile time.  It may be necessary to upgrade Java or install the third party package, reconfigure and recompile.
Because:
-- /home/travis/build/icyphy/ptII/ptolemy/actor/ptalon/demo/ptinyos/SendAndReceiveCnt/ptolemy/domains/ptinyos/lib/MicaLeds.xml (No such file or directory)
-- XML file not found relative to classpath.
-- /home/travis/build/icyphy/ptII/ptolemy/vergil/basic/export/test/ptolemy/domains/ptinyos/lib/MicaLeds.xml
/home/travis/build/icyphy/ptII/ptolemy/vergil/basic/export/test/ptolemy/domains/ptinyos/lib/MicaLeds.xml (No such file or directory)
 in file:/home/travis/build/icyphy/ptII/ptolemy/actor/ptalon/demo/ptinyos/SendAndReceiveCnt/CntToLedsAndRfm.xml at line 132 and column 63
	at ptolemy.moml.SimpleErrorHandler.handleError(SimpleErrorHandler.java:75)
	at ptolemy.moml.MoMLParser.startElement(MoMLParser.java:3805)
	at com.microstar.xml.XmlParser.parseElement(XmlParser.java:921)
	at com.microstar.xml.XmlParser.parseContent(XmlParser.java:1104)
	at com.microstar.xml.XmlParser.parseElement(XmlParser.java:924)
	at com.microstar.xml.XmlParser.parseDocument(XmlParser.java:481)
	at com.microstar.xml.XmlParser.doParse(XmlParser.java:159)
	at com.microstar.xml.XmlParser.parse(XmlParser.java:132)
	at ptolemy.moml.MoMLParser.parse(MoMLParser.java:1676)
	at ptolemy.moml.MoMLParser.parse(MoMLParser.java:1595)
	at ptolemy.moml.MoMLParser.parse(MoMLParser.java:1537)
	at ptolemy.moml.MoMLParser._findOrParse(MoMLParser.java:5286)
	at ptolemy.moml.MoMLParser._attemptToFindMoMLClass(MoMLParser.java:4075)
	at ptolemy.moml.MoMLParser._createEntity(MoMLParser.java:4323)
	... 65 more
Caused by: ptolemy.kernel.util.IllegalActionException: Cannot find class: ptolemy.domains.ptinyos.lib.MicaLeds. In Ptolemy, classes are typically Java .class files. Entities like actors may instead be defined within a .xml file.  In any case, the class was not found. If the class uses a third party package, then the class would be present only if the third party package was found at compile time.  It may be necessary to upgrade Java or install the third party package, reconfigure and recompile.
Because:
-- /home/travis/build/icyphy/ptII/ptolemy/actor/ptalon/demo/ptinyos/SendAndReceiveCnt/ptolemy/domains/ptinyos/lib/MicaLeds.xml (No such file or directory)
-- XML file not found relative to classpath.
-- /home/travis/build/icyphy/ptII/ptolemy/vergil/basic/export/test/ptolemy/domains/ptinyos/lib/MicaLeds.xml
/home/travis/build/icyphy/ptII/ptolemy/vergil/basic/export/test/ptolemy/domains/ptinyos/lib/MicaLeds.xml (No such file or directory)
 in file:/home/travis/build/icyphy/ptII/ptolemy/actor/ptalon/demo/ptinyos/SendAndReceiveCnt/CntToLedsAndRfm.xml at line 132 and column 63
	at ptolemy.moml.MoMLParser._createEntity(MoMLParser.java:4330)
	at ptolemy.moml.MoMLParser.startElement(MoMLParser.java:2864)
	... 77 more
Caused by: com.microstar.xml.XmlException: -- /home/travis/build/icyphy/ptII/ptolemy/actor/ptalon/demo/ptinyos/SendAndReceiveCnt/ptolemy/domains/ptinyos/lib/MicaLeds.xml (No such file or directory)
-- XML file not found relative to classpath.
-- /home/travis/build/icyphy/ptII/ptolemy/vergil/basic/export/test/ptolemy/domains/ptinyos/lib/MicaLeds.xml
/home/travis/build/icyphy/ptII/ptolemy/vergil/basic/export/test/ptolemy/domains/ptinyos/lib/MicaLeds.xml (No such file or directory)
 in file:/home/travis/build/icyphy/ptII/ptolemy/actor/ptalon/demo/ptinyos/SendAndReceiveCnt/CntToLedsAndRfm.xml at line 132 and column 63
	at ptolemy.moml.MoMLParser.fileNameToURL(MoMLParser.java:1414)
	at ptolemy.moml.MoMLParser._findOrParse(MoMLParser.java:5283)
	at ptolemy.moml.MoMLParser._attemptToFindMoMLClass(MoMLParser.java:4075)
	at ptolemy.moml.MoMLParser._createEntity(MoMLParser.java:4323)
	... 78 more
Caused by: ptolemy.actor.ptalon.PtalonRuntimeException: Unable to add actor null
	at ptolemy.actor.ptalon.PtalonEvaluator.addActor(PtalonEvaluator.java:300)
	at ptolemy.actor.ptalon.PtalonPopulator.actor_declaration(PtalonPopulator.java:1574)
	at ptolemy.actor.ptalon.PtalonPopulator.atomic_statement(PtalonPopulator.java:1638)
	at ptolemy.actor.ptalon.PtalonPopulator.iterative_statement_evaluator(PtalonPopulator.java:2484)
	at ptolemy.actor.ptalon.AbstractPtalonEvaluator$IfTree.evaluateForScope(AbstractPtalonEvaluator.java:1307)
	at ptolemy.actor.ptalon.AbstractPtalonEvaluator.evaluateForScope(AbstractPtalonEvaluator.java:744)
	at ptolemy.actor.ptalon.PtalonPopulator.iterative_statement(PtalonPopulator.java:2363)
	at ptolemy.actor.ptalon.PtalonPopulator.actor_definition(PtalonPopulator.java:2809)
	at ptolemy.actor.ptalon.PtalonActor.attributeChanged(PtalonActor.java:206)
	at ptolemy.actor.ptalon.PtalonMLHandler.startElement(PtalonMLHandler.java:134)
	at com.microstar.xml.XmlParser.parseElement(XmlParser.java:921)
	at com.microstar.xml.XmlParser.parseContent(XmlParser.java:1104)
	at com.microstar.xml.XmlParser.parseElement(XmlParser.java:924)
	at com.microstar.xml.XmlParser.parseDocument(XmlParser.java:481)
	at com.microstar.xml.XmlParser.doParse(XmlParser.java:159)
	at com.microstar.xml.XmlParser.parse(XmlParser.java:132)
	at ptolemy.actor.ptalon.PtalonActor.configure(PtalonActor.java:240)
	at ptolemy.moml.MoMLParser.endElement(MoMLParser.java:996)
	at com.microstar.xml.XmlParser.parseETag(XmlParser.java:1026)
	at com.microstar.xml.XmlParser.parseContent(XmlParser.java:1098)
	at com.microstar.xml.XmlParser.parseElement(XmlParser.java:924)
	at com.microstar.xml.XmlParser.parseContent(XmlParser.java:1104)
	at com.microstar.xml.XmlParser.parseElement(XmlParser.java:924)
	at com.microstar.xml.XmlParser.parseContent(XmlParser.java:1104)
	at com.microstar.xml.XmlParser.parseElement(XmlParser.java:924)
	at com.microstar.xml.XmlParser.parseDocument(XmlParser.java:481)
	at com.microstar.xml.XmlParser.doParse(XmlParser.java:159)
	at com.microstar.xml.XmlParser.parse(XmlParser.java:132)
	at ptolemy.moml.MoMLParser.parse(MoMLParser.java:1676)
	at ptolemy.moml.MoMLParser.parse(MoMLParser.java:1595)
	at ptolemy.moml.MoMLParser.parse(MoMLParser.java:1537)
	at ptolemy.actor.gui.PtolemyEffigy$Factory.createEffigy(PtolemyEffigy.java:424)
	at ptolemy.actor.gui.EffigyFactory.createEffigy(EffigyFactory.java:234)
	at ptolemy.actor.gui.Configuration.openModel(Configuration.java:1125)
	at ptolemy.actor.gui.Configuration.openModel(Configuration.java:1051)
	at ptolemy.actor.gui.ConfigurationApplication._openModel(ConfigurationApplication.java:1252)
	at ptolemy.actor.gui.ConfigurationApplication._parseArg(ConfigurationApplication.java:1399)
	at ptolemy.actor.gui.ConfigurationApplication._parseArgs(ConfigurationApplication.java:1478)
	at ptolemy.actor.gui.ConfigurationApplication.<init>(ConfigurationApplication.java:277)
	at ptolemy.actor.gui.ConfigurationApplication.<init>(ConfigurationApplication.java:214)
	at ptolemy.actor.gui.ConfigurationApplication.<init>(ConfigurationApplication.java:201)
	at ptolemy.actor.gui.ConfigurationApplication.openModelOrEntity(ConfigurationApplication.java:680)
	at ptolemy.vergil.basic.export.ExportModel$1.run(ExportModel.java:220)
	at java.awt.event.InvocationEvent.dispatch(InvocationEvent.java:301)
	at java.awt.EventQueue.dispatchEventImpl(EventQueue.java:756)
	at java.awt.EventQueue.access$500(EventQueue.java:97)
	at java.awt.EventQueue$3.run(EventQueue.java:709)
	at java.awt.EventQueue$3.run(EventQueue.java:703)
	at java.security.AccessController.doPrivileged(Native Method)
	at java.security.ProtectionDomain$JavaSecurityAccessImpl.doIntersectionPrivilege(ProtectionDomain.java:80)
	at java.awt.EventQueue.dispatchEvent(EventQueue.java:726)
	at java.awt.EventDispatchThread.pumpOneEventForFilters(EventDispatchThread.java:201)
	at java.awt.EventDispatchThread.pumpEventsForFilter(EventDispatchThread.java:116)
	at java.awt.EventDispatchThread.pumpEventsForHierarchy(EventDispatchThread.java:105)
	at java.awt.EventDispatchThread.pumpEvents(EventDispatchThread.java:101)
	at java.awt.EventDispatchThread.pumpEvents(EventDispatchThread.java:93)
	at java.awt.EventDispatchThread.run(EventDispatchThread.java:82)
Caused by: ptolemy.kernel.util.InternalErrorException: Element <entity name="sender1" class="ptolemy.actor.ptalon.demo.ptinyos.SendAndReceiveCnt.CntToLedsAndRfm"> caused an exception to be thrown.
  in .SendAndReceiveCnt.SendAndReceiveCnt
Because:
Cannot find class: ptolemy.actor.ptalon.demo.ptinyos.SendAndReceiveCnt.CntToLedsAndRfm. In Ptolemy, classes are typically Java .class files. Entities like actors may instead be defined within a .xml file.  In any case, the class was not found. If the class uses a third party package, then the class would be present only if the third party package was found at compile time.  It may be necessary to upgrade Java or install the third party package, reconfigure and recompile.
Because:
Element <entity name="MicaLeds" class="ptolemy.domains.ptinyos.lib.MicaLeds"> caused an exception to be thrown.
  in .CntToLedsAndRfm
Because:
Cannot find class: ptolemy.domains.ptinyos.lib.MicaLeds. In Ptolemy, classes are typically Java .class files. Entities like actors may instead be defined within a .xml file.  In any case, the class was not found. If the class uses a third party package, then the class would be present only if the third party package was found at compile time.  It may be necessary to upgrade Java or install the third party package, reconfigure and recompile.
Because:
-- /home/travis/build/icyphy/ptII/ptolemy/actor/ptalon/demo/ptinyos/SendAndReceiveCnt/ptolemy/domains/ptinyos/lib/MicaLeds.xml (No such file or directory)
-- XML file not found relative to classpath.
-- /home/travis/build/icyphy/ptII/ptolemy/vergil/basic/export/test/ptolemy/domains/ptinyos/lib/MicaLeds.xml
/home/travis/build/icyphy/ptII/ptolemy/vergil/basic/export/test/ptolemy/domains/ptinyos/lib/MicaLeds.xml (No such file or directory)
 in file:/home/travis/build/icyphy/ptII/ptolemy/actor/ptalon/demo/ptinyos/SendAndReceiveCnt/CntToLedsAndRfm.xml at line 132 and column 63
	at ptolemy.moml.SimpleErrorHandler.handleError(SimpleErrorHandler.java:75)
	at ptolemy.moml.MoMLParser.startElement(MoMLParser.java:3805)
	at com.microstar.xml.XmlParser.parseElement(XmlParser.java:931)
	at com.microstar.xml.XmlParser.parseDocument(XmlParser.java:481)
	at com.microstar.xml.XmlParser.doParse(XmlParser.java:159)
	at com.microstar.xml.XmlParser.parse(XmlParser.java:132)
	at ptolemy.moml.MoMLParser.parse(MoMLParser.java:1660)
	at ptolemy.moml.MoMLParser.parse(MoMLParser.java:1617)
	at ptolemy.moml.MoMLParser.parse(MoMLParser.java:1792)
	at ptolemy.actor.ptalon.PtalonEvaluator.addActor(PtalonEvaluator.java:241)
	... 56 more
Caused by: ptolemy.kernel.util.IllegalActionException: Cannot find class: ptolemy.actor.ptalon.demo.ptinyos.SendAndReceiveCnt.CntToLedsAndRfm. In Ptolemy, classes are typically Java .class files. Entities like actors may instead be defined within a .xml file.  In any case, the class was not found. If the class uses a third party package, then the class would be present only if the third party package was found at compile time.  It may be necessary to upgrade Java or install the third party package, reconfigure and recompile.
Because:
Element <entity name="MicaLeds" class="ptolemy.domains.ptinyos.lib.MicaLeds"> caused an exception to be thrown.
  in .CntToLedsAndRfm
Because:
Cannot find class: ptolemy.domains.ptinyos.lib.MicaLeds. In Ptolemy, classes are typically Java .class files. Entities like actors may instead be defined within a .xml file.  In any case, the class was not found. If the class uses a third party package, then the class would be present only if the third party package was found at compile time.  It may be necessary to upgrade Java or install the third party package, reconfigure and recompile.
Because:
-- /home/travis/build/icyphy/ptII/ptolemy/actor/ptalon/demo/ptinyos/SendAndReceiveCnt/ptolemy/domains/ptinyos/lib/MicaLeds.xml (No such file or directory)
-- XML file not found relative to classpath.
-- /home/travis/build/icyphy/ptII/ptolemy/vergil/basic/export/test/ptolemy/domains/ptinyos/lib/MicaLeds.xml
/home/travis/build/icyphy/ptII/ptolemy/vergil/basic/export/test/ptolemy/domains/ptinyos/lib/MicaLeds.xml (No such file or directory)
 in file:/home/travis/build/icyphy/ptII/ptolemy/actor/ptalon/demo/ptinyos/SendAndReceiveCnt/CntToLedsAndRfm.xml at line 132 and column 63
	at ptolemy.moml.MoMLParser._createEntity(MoMLParser.java:4330)
	at ptolemy.moml.MoMLParser.startElement(MoMLParser.java:2864)
	... 64 more
Caused by: ptolemy.kernel.util.InternalErrorException: Element <entity name="MicaLeds" class="ptolemy.domains.ptinyos.lib.MicaLeds"> caused an exception to be thrown.
  in .CntToLedsAndRfm
Because:
Cannot find class: ptolemy.domains.ptinyos.lib.MicaLeds. In Ptolemy, classes are typically Java .class files. Entities like actors may instead be defined within a .xml file.  In any case, the class was not found. If the class uses a third party package, then the class would be present only if the third party package was found at compile time.  It may be necessary to upgrade Java or install the third party package, reconfigure and recompile.
Because:
-- /home/travis/build/icyphy/ptII/ptolemy/actor/ptalon/demo/ptinyos/SendAndReceiveCnt/ptolemy/domains/ptinyos/lib/MicaLeds.xml (No such file or directory)
-- XML file not found relative to classpath.
-- /home/travis/build/icyphy/ptII/ptolemy/vergil/basic/export/test/ptolemy/domains/ptinyos/lib/MicaLeds.xml
/home/travis/build/icyphy/ptII/ptolemy/vergil/basic/export/test/ptolemy/domains/ptinyos/lib/MicaLeds.xml (No such file or directory)
 in file:/home/travis/build/icyphy/ptII/ptolemy/actor/ptalon/demo/ptinyos/SendAndReceiveCnt/CntToLedsAndRfm.xml at line 132 and column 63
	at ptolemy.moml.SimpleErrorHandler.handleError(SimpleErrorHandler.java:75)
	at ptolemy.moml.MoMLParser.startElement(MoMLParser.java:3805)
	at com.microstar.xml.XmlParser.parseElement(XmlParser.java:921)
	at com.microstar.xml.XmlParser.parseContent(XmlParser.java:1104)
	at com.microstar.xml.XmlParser.parseElement(XmlParser.java:924)
	at com.microstar.xml.XmlParser.parseDocument(XmlParser.java:481)
	at com.microstar.xml.XmlParser.doParse(XmlParser.java:159)
	at com.microstar.xml.XmlParser.parse(XmlParser.java:132)
	at ptolemy.moml.MoMLParser.parse(MoMLParser.java:1676)
	at ptolemy.moml.MoMLParser.parse(MoMLParser.java:1595)
	at ptolemy.moml.MoMLParser.parse(MoMLParser.java:1537)
	at ptolemy.moml.MoMLParser._findOrParse(MoMLParser.java:5286)
	at ptolemy.moml.MoMLParser._attemptToFindMoMLClass(MoMLParser.java:4075)
	at ptolemy.moml.MoMLParser._createEntity(MoMLParser.java:4323)
	... 65 more
Caused by: ptolemy.kernel.util.IllegalActionException: Cannot find class: ptolemy.domains.ptinyos.lib.MicaLeds. In Ptolemy, classes are typically Java .class files. Entities like actors may instead be defined within a .xml file.  In any case, the class was not found. If the class uses a third party package, then the class would be present only if the third party package was found at compile time.  It may be necessary to upgrade Java or install the third party package, reconfigure and recompile.
Because:
-- /home/travis/build/icyphy/ptII/ptolemy/actor/ptalon/demo/ptinyos/SendAndReceiveCnt/ptolemy/domains/ptinyos/lib/MicaLeds.xml (No such file or directory)
-- XML file not found relative to classpath.
-- /home/travis/build/icyphy/ptII/ptolemy/vergil/basic/export/test/ptolemy/domains/ptinyos/lib/MicaLeds.xml
/home/travis/build/icyphy/ptII/ptolemy/vergil/basic/export/test/ptolemy/domains/ptinyos/lib/MicaLeds.xml (No such file or directory)
 in file:/home/travis/build/icyphy/ptII/ptolemy/actor/ptalon/demo/ptinyos/SendAndReceiveCnt/CntToLedsAndRfm.xml at line 132 and column 63
	at ptolemy.moml.MoMLParser._createEntity(MoMLParser.java:4330)
	at ptolemy.moml.MoMLParser.startElement(MoMLParser.java:2864)
	... 77 more
Caused by: com.microstar.xml.XmlException: -- /home/travis/build/icyphy/ptII/ptolemy/actor/ptalon/demo/ptinyos/SendAndReceiveCnt/ptolemy/domains/ptinyos/lib/MicaLeds.xml (No such file or directory)
-- XML file not found relative to classpath.
-- /home/travis/build/icyphy/ptII/ptolemy/vergil/basic/export/test/ptolemy/domains/ptinyos/lib/MicaLeds.xml
/home/travis/build/icyphy/ptII/ptolemy/vergil/basic/export/test/ptolemy/domains/ptinyos/lib/MicaLeds.xml (No such file or directory)
 in file:/home/travis/build/icyphy/ptII/ptolemy/actor/ptalon/demo/ptinyos/SendAndReceiveCnt/CntToLedsAndRfm.xml at line 132 and column 63
	at ptolemy.moml.MoMLParser.fileNameToURL(MoMLParser.java:1414)
	at ptolemy.moml.MoMLParser._findOrParse(MoMLParser.java:5283)
	at ptolemy.moml.MoMLParser._attemptToFindMoMLClass(MoMLParser.java:4075)
	at ptolemy.moml.MoMLParser._createEntity(MoMLParser.java:4323)
	... 78 more
Failed to read file:/home/travis/build/icyphy/ptII/ptolemy/actor/ptalon/demo/ptinyos/SendAndReceiveCnt/SendAndReceiveCnt.xml
ptolemy.kernel.util.IllegalActionException: Failed to process attribute change to PtalonParameter, whose value is "ptolemy.actor.ptalon.PtalonExpressionParameter {.SendAndReceiveCnt.SendAndReceiveCnt.channelName} "AtomicWirelessChannel"".
  in .SendAndReceiveCnt.SendAndReceiveCnt
Because:
Unable to add actor null
	at ptolemy.actor.ptalon.PtalonActor.attributeChanged(PtalonActor.java:211)
	at ptolemy.actor.ptalon.PtalonMLHandler.startElement(PtalonMLHandler.java:134)
	at com.microstar.xml.XmlParser.parseElement(XmlParser.java:921)
	at com.microstar.xml.XmlParser.parseContent(XmlParser.java:1104)
	at com.microstar.xml.XmlParser.parseElement(XmlParser.java:924)
	at com.microstar.xml.XmlParser.parseDocument(XmlParser.java:481)
	at com.microstar.xml.XmlParser.doParse(XmlParser.java:159)
	at com.microstar.xml.XmlParser.parse(XmlParser.java:132)
	at ptolemy.actor.ptalon.PtalonActor.configure(PtalonActor.java:240)
	at ptolemy.moml.MoMLParser.endElement(MoMLParser.java:996)
	at com.microstar.xml.XmlParser.parseETag(XmlParser.java:1026)
	at com.microstar.xml.XmlParser.parseContent(XmlParser.java:1098)
	at com.microstar.xml.XmlParser.parseElement(XmlParser.java:924)
	at com.microstar.xml.XmlParser.parseContent(XmlParser.java:1104)
	at com.microstar.xml.XmlParser.parseElement(XmlParser.java:924)
	at com.microstar.xml.XmlParser.parseContent(XmlParser.java:1104)
	at com.microstar.xml.XmlParser.parseElement(XmlParser.java:924)
	at com.microstar.xml.XmlParser.parseDocument(XmlParser.java:481)
	at com.microstar.xml.XmlParser.doParse(XmlParser.java:159)
	at com.microstar.xml.XmlParser.parse(XmlParser.java:132)
	at ptolemy.moml.MoMLParser.parse(MoMLParser.java:1676)
	at ptolemy.moml.MoMLParser.parse(MoMLParser.java:1595)
	at ptolemy.moml.MoMLParser.parse(MoMLParser.java:1537)
	at ptolemy.actor.gui.PtolemyEffigy$Factory.createEffigy(PtolemyEffigy.java:424)
	at ptolemy.actor.gui.EffigyFactory.createEffigy(EffigyFactory.java:234)
	at ptolemy.actor.gui.Configuration.openModel(Configuration.java:1125)
	at ptolemy.actor.gui.Configuration.openModel(Configuration.java:1051)
	at ptolemy.actor.gui.ConfigurationApplication._openModel(ConfigurationApplication.java:1252)
	at ptolemy.actor.gui.ConfigurationApplication._parseArg(ConfigurationApplication.java:1399)
	at ptolemy.actor.gui.ConfigurationApplication._parseArgs(ConfigurationApplication.java:1478)
	at ptolemy.actor.gui.ConfigurationApplication.<init>(ConfigurationApplication.java:277)
	at ptolemy.actor.gui.ConfigurationApplication.<init>(ConfigurationApplication.java:214)
	at ptolemy.actor.gui.ConfigurationApplication.<init>(ConfigurationApplication.java:201)
	at ptolemy.actor.gui.ConfigurationApplication.openModelOrEntity(ConfigurationApplication.java:680)
	at ptolemy.vergil.basic.export.ExportModel$1.run(ExportModel.java:220)
	at java.awt.event.InvocationEvent.dispatch(InvocationEvent.java:301)
	at java.awt.EventQueue.dispatchEventImpl(EventQueue.java:756)
	at java.awt.EventQueue.access$500(EventQueue.java:97)
	at java.awt.EventQueue$3.run(EventQueue.java:709)
	at java.awt.EventQueue$3.run(EventQueue.java:703)
	at java.security.AccessController.doPrivileged(Native Method)
	at java.security.ProtectionDomain$JavaSecurityAccessImpl.doIntersectionPrivilege(ProtectionDomain.java:80)
	at java.awt.EventQueue.dispatchEvent(EventQueue.java:726)
	at java.awt.EventDispatchThread.pumpOneEventForFilters(EventDispatchThread.java:201)
	at java.awt.EventDispatchThread.pumpEventsForFilter(EventDispatchThread.java:116)
	at java.awt.EventDispatchThread.pumpEventsForHierarchy(EventDispatchThread.java:105)
	at java.awt.EventDispatchThread.pumpEvents(EventDispatchThread.java:101)
	at java.awt.EventDispatchThread.pumpEvents(EventDispatchThread.java:93)
	at java.awt.EventDispatchThread.run(EventDispatchThread.java:82)
Caused by: ptolemy.actor.ptalon.PtalonRuntimeException: Unable to add actor null
	at ptolemy.actor.ptalon.PtalonEvaluator.addActor(PtalonEvaluator.java:300)
	at ptolemy.actor.ptalon.PtalonPopulator.actor_declaration(PtalonPopulator.java:1574)
	at ptolemy.actor.ptalon.PtalonPopulator.atomic_statement(PtalonPopulator.java:1638)
	at ptolemy.actor.ptalon.PtalonPopulator.iterative_statement_evaluator(PtalonPopulator.java:2484)
	at ptolemy.actor.ptalon.AbstractPtalonEvaluator$IfTree.evaluateForScope(AbstractPtalonEvaluator.java:1307)
	at ptolemy.actor.ptalon.AbstractPtalonEvaluator.evaluateForScope(AbstractPtalonEvaluator.java:744)
	at ptolemy.actor.ptalon.PtalonPopulator.iterative_statement(PtalonPopulator.java:2363)
	at ptolemy.actor.ptalon.PtalonPopulator.actor_definition(PtalonPopulator.java:2809)
	at ptolemy.actor.ptalon.PtalonActor.attributeChanged(PtalonActor.java:206)
	... 48 more
Caused by: ptolemy.kernel.util.InternalErrorException: Element <entity name="sender1" class="ptolemy.actor.ptalon.demo.ptinyos.SendAndReceiveCnt.CntToLedsAndRfm"> caused an exception to be thrown.
  in .SendAndReceiveCnt.SendAndReceiveCnt
Because:
Cannot find class: ptolemy.actor.ptalon.demo.ptinyos.SendAndReceiveCnt.CntToLedsAndRfm. In Ptolemy, classes are typically Java .class files. Entities like actors may instead be defined within a .xml file.  In any case, the class was not found. If the class uses a third party package, then the class would be present only if the third party package was found at compile time.  It may be necessary to upgrade Java or install the third party package, reconfigure and recompile.
Because:
Element <entity name="MicaLeds" class="ptolemy.domains.ptinyos.lib.MicaLeds"> caused an exception to be thrown.
  in .CntToLedsAndRfm
Because:
Cannot find class: ptolemy.domains.ptinyos.lib.MicaLeds. In Ptolemy, classes are typically Java .class files. Entities like actors may instead be defined within a .xml file.  In any case, the class was not found. If the class uses a third party package, then the class would be present only if the third party package was found at compile time.  It may be necessary to upgrade Java or install the third party package, reconfigure and recompile.
Because:
-- /home/travis/build/icyphy/ptII/ptolemy/actor/ptalon/demo/ptinyos/SendAndReceiveCnt/ptolemy/domains/ptinyos/lib/MicaLeds.xml (No such file or directory)
-- XML file not found relative to classpath.
-- /home/travis/build/icyphy/ptII/ptolemy/vergil/basic/export/test/ptolemy/domains/ptinyos/lib/MicaLeds.xml
/home/travis/build/icyphy/ptII/ptolemy/vergil/basic/export/test/ptolemy/domains/ptinyos/lib/MicaLeds.xml (No such file or directory)
 in file:/home/travis/build/icyphy/ptII/ptolemy/actor/ptalon/demo/ptinyos/SendAndReceiveCnt/CntToLedsAndRfm.xml at line 132 and column 63
	at ptolemy.moml.SimpleErrorHandler.handleError(SimpleErrorHandler.java:75)
	at ptolemy.moml.MoMLParser.startElement(MoMLParser.java:3805)
	at com.microstar.xml.XmlParser.parseElement(XmlParser.java:931)
	at com.microstar.xml.XmlParser.parseDocument(XmlParser.java:481)
	at com.microstar.xml.XmlParser.doParse(XmlParser.java:159)
	at com.microstar.xml.XmlParser.parse(XmlParser.java:132)
	at ptolemy.moml.MoMLParser.parse(MoMLParser.java:1660)
	at ptolemy.moml.MoMLParser.parse(MoMLParser.java:1617)
	at ptolemy.moml.MoMLParser.parse(MoMLParser.java:1792)
	at ptolemy.actor.ptalon.PtalonEvaluator.addActor(PtalonEvaluator.java:241)
	... 56 more
Caused by: ptolemy.kernel.util.IllegalActionException: Cannot find class: ptolemy.actor.ptalon.demo.ptinyos.SendAndReceiveCnt.CntToLedsAndRfm. In Ptolemy, classes are typically Java .class files. Entities like actors may instead be defined within a .xml file.  In any case, the class was not found. If the class uses a third party package, then the class would be present only if the third party package was found at compile time.  It may be necessary to upgrade Java or install the third party package, reconfigure and recompile.
Because:
Element <entity name="MicaLeds" class="ptolemy.domains.ptinyos.lib.MicaLeds"> caused an exception to be thrown.
  in .CntToLedsAndRfm
Because:
Cannot find class: ptolemy.domains.ptinyos.lib.MicaLeds. In Ptolemy, classes are typically Java .class files. Entities like actors may instead be defined within a .xml file.  In any case, the class was not found. If the class uses a third party package, then the class would be present only if the third party package was found at compile time.  It may be necessary to upgrade Java or install the third party package, reconfigure and recompile.
Because:
-- /home/travis/build/icyphy/ptII/ptolemy/actor/ptalon/demo/ptinyos/SendAndReceiveCnt/ptolemy/domains/ptinyos/lib/MicaLeds.xml (No such file or directory)
-- XML file not found relative to classpath.
-- /home/travis/build/icyphy/ptII/ptolemy/vergil/basic/export/test/ptolemy/domains/ptinyos/lib/MicaLeds.xml
/home/travis/build/icyphy/ptII/ptolemy/vergil/basic/export/test/ptolemy/domains/ptinyos/lib/MicaLeds.xml (No such file or directory)
 in file:/home/travis/build/icyphy/ptII/ptolemy/actor/ptalon/demo/ptinyos/SendAndReceiveCnt/CntToLedsAndRfm.xml at line 132 and column 63
	at ptolemy.moml.MoMLParser._createEntity(MoMLParser.java:4330)
	at ptolemy.moml.MoMLParser.startElement(MoMLParser.java:2864)
	... 64 more
Caused by: ptolemy.kernel.util.InternalErrorException: Element <entity name="MicaLeds" class="ptolemy.domains.ptinyos.lib.MicaLeds"> caused an exception to be thrown.
  in .CntToLedsAndRfm
Because:
Cannot find class: ptolemy.domains.ptinyos.lib.MicaLeds. In Ptolemy, classes are typically Java .class files. Entities like actors may instead be defined within a .xml file.  In any case, the class was not found. If the class uses a third party package, then the class would be present only if the third party package was found at compile time.  It may be necessary to upgrade Java or install the third party package, reconfigure and recompile.
Because:
-- /home/travis/build/icyphy/ptII/ptolemy/actor/ptalon/demo/ptinyos/SendAndReceiveCnt/ptolemy/domains/ptinyos/lib/MicaLeds.xml (No such file or directory)
-- XML file not found relative to classpath.
-- /home/travis/build/icyphy/ptII/ptolemy/vergil/basic/export/test/ptolemy/domains/ptinyos/lib/MicaLeds.xml
/home/travis/build/icyphy/ptII/ptolemy/vergil/basic/export/test/ptolemy/domains/ptinyos/lib/MicaLeds.xml (No such file or directory)
 in file:/home/travis/build/icyphy/ptII/ptolemy/actor/ptalon/demo/ptinyos/SendAndReceiveCnt/CntToLedsAndRfm.xml at line 132 and column 63
	at ptolemy.moml.SimpleErrorHandler.handleError(SimpleErrorHandler.java:75)
	at ptolemy.moml.MoMLParser.startElement(MoMLParser.java:3805)
	at com.microstar.xml.XmlParser.parseElement(XmlParser.java:921)
	at com.microstar.xml.XmlParser.parseContent(XmlParser.java:1104)
	at com.microstar.xml.XmlParser.parseElement(XmlParser.java:924)
	at com.microstar.xml.XmlParser.parseDocument(XmlParser.java:481)
	at com.microstar.xml.XmlParser.doParse(XmlParser.java:159)
	at com.microstar.xml.XmlParser.parse(XmlParser.java:132)
	at ptolemy.moml.MoMLParser.parse(MoMLParser.java:1676)
	at ptolemy.moml.MoMLParser.parse(MoMLParser.java:1595)
	at ptolemy.moml.MoMLParser.parse(MoMLParser.java:1537)
	at ptolemy.moml.MoMLParser._findOrParse(MoMLParser.java:5286)
	at ptolemy.moml.MoMLParser._attemptToFindMoMLClass(MoMLParser.java:4075)
	at ptolemy.moml.MoMLParser._createEntity(MoMLParser.java:4323)
	... 65 more
Caused by: ptolemy.kernel.util.IllegalActionException: Cannot find class: ptolemy.domains.ptinyos.lib.MicaLeds. In Ptolemy, classes are typically Java .class files. Entities like actors may instead be defined within a .xml file.  In any case, the class was not found. If the class uses a third party package, then the class would be present only if the third party package was found at compile time.  It may be necessary to upgrade Java or install the third party package, reconfigure and recompile.
Because:
-- /home/travis/build/icyphy/ptII/ptolemy/actor/ptalon/demo/ptinyos/SendAndReceiveCnt/ptolemy/domains/ptinyos/lib/MicaLeds.xml (No such file or directory)
-- XML file not found relative to classpath.
-- /home/travis/build/icyphy/ptII/ptolemy/vergil/basic/export/test/ptolemy/domains/ptinyos/lib/MicaLeds.xml
/home/travis/build/icyphy/ptII/ptolemy/vergil/basic/export/test/ptolemy/domains/ptinyos/lib/MicaLeds.xml (No such file or directory)
 in file:/home/travis/build/icyphy/ptII/ptolemy/actor/ptalon/demo/ptinyos/SendAndReceiveCnt/CntToLedsAndRfm.xml at line 132 and column 63
	at ptolemy.moml.MoMLParser._createEntity(MoMLParser.java:4330)
	at ptolemy.moml.MoMLParser.startElement(MoMLParser.java:2864)
	... 77 more
Caused by: com.microstar.xml.XmlException: -- /home/travis/build/icyphy/ptII/ptolemy/actor/ptalon/demo/ptinyos/SendAndReceiveCnt/ptolemy/domains/ptinyos/lib/MicaLeds.xml (No such file or directory)
-- XML file not found relative to classpath.
-- /home/travis/build/icyphy/ptII/ptolemy/vergil/basic/export/test/ptolemy/domains/ptinyos/lib/MicaLeds.xml
/home/travis/build/icyphy/ptII/ptolemy/vergil/basic/export/test/ptolemy/domains/ptinyos/lib/MicaLeds.xml (No such file or directory)
 in file:/home/travis/build/icyphy/ptII/ptolemy/actor/ptalon/demo/ptinyos/SendAndReceiveCnt/CntToLedsAndRfm.xml at line 132 and column 63
	at ptolemy.moml.MoMLParser.fileNameToURL(MoMLParser.java:1414)
	at ptolemy.moml.MoMLParser._findOrParse(MoMLParser.java:5283)
	at ptolemy.moml.MoMLParser._attemptToFindMoMLClass(MoMLParser.java:4075)
	at ptolemy.moml.MoMLParser._createEntity(MoMLParser.java:4323)
	... 78 more
Caused by: ptolemy.actor.ptalon.PtalonRuntimeException: Unable to add actor null
	at ptolemy.actor.ptalon.PtalonEvaluator.addActor(PtalonEvaluator.java:300)
	at ptolemy.actor.ptalon.PtalonPopulator.actor_declaration(PtalonPopulator.java:1574)
	at ptolemy.actor.ptalon.PtalonPopulator.atomic_statement(PtalonPopulator.java:1638)
	at ptolemy.actor.ptalon.PtalonPopulator.iterative_statement_evaluator(PtalonPopulator.java:2484)
	at ptolemy.actor.ptalon.AbstractPtalonEvaluator$IfTree.evaluateForScope(AbstractPtalonEvaluator.java:1307)
	at ptolemy.actor.ptalon.AbstractPtalonEvaluator.evaluateForScope(AbstractPtalonEvaluator.java:744)
	at ptolemy.actor.ptalon.PtalonPopulator.iterative_statement(PtalonPopulator.java:2363)
	at ptolemy.actor.ptalon.PtalonPopulator.actor_definition(PtalonPopulator.java:2809)
	at ptolemy.actor.ptalon.PtalonActor.attributeChanged(PtalonActor.java:206)
	at ptolemy.actor.ptalon.PtalonMLHandler.startElement(PtalonMLHandler.java:134)
	at com.microstar.xml.XmlParser.parseElement(XmlParser.java:921)
	at com.microstar.xml.XmlParser.parseContent(XmlParser.java:1104)
	at com.microstar.xml.XmlParser.parseElement(XmlParser.java:924)
	at com.microstar.xml.XmlParser.parseDocument(XmlParser.java:481)
	at com.microstar.xml.XmlParser.doParse(XmlParser.java:159)
	at com.microstar.xml.XmlParser.parse(XmlParser.java:132)
	at ptolemy.actor.ptalon.PtalonActor.configure(PtalonActor.java:240)
	at ptolemy.moml.MoMLParser.endElement(MoMLParser.java:996)
	at com.microstar.xml.XmlParser.parseETag(XmlParser.java:1026)
	at com.microstar.xml.XmlParser.parseContent(XmlParser.java:1098)
	at com.microstar.xml.XmlParser.parseElement(XmlParser.java:924)
	at com.microstar.xml.XmlParser.parseContent(XmlParser.java:1104)
	at com.microstar.xml.XmlParser.parseElement(XmlParser.java:924)
	at com.microstar.xml.XmlParser.parseContent(XmlParser.java:1104)
	at com.microstar.xml.XmlParser.parseElement(XmlParser.java:924)
	at com.microstar.xml.XmlParser.parseDocument(XmlParser.java:481)
	at com.microstar.xml.XmlParser.doParse(XmlParser.java:159)
	at com.microstar.xml.XmlParser.parse(XmlParser.java:132)
	at ptolemy.moml.MoMLParser.parse(MoMLParser.java:1676)
	at ptolemy.moml.MoMLParser.parse(MoMLParser.java:1595)
	at ptolemy.moml.MoMLParser.parse(MoMLParser.java:1537)
	at ptolemy.actor.gui.PtolemyEffigy$Factory.createEffigy(PtolemyEffigy.java:424)
	at ptolemy.actor.gui.EffigyFactory.createEffigy(EffigyFactory.java:234)
	at ptolemy.actor.gui.Configuration.openModel(Configuration.java:1125)
	at ptolemy.actor.gui.Configuration.openModel(Configuration.java:1051)
	at ptolemy.actor.gui.ConfigurationApplication._openModel(ConfigurationApplication.java:1252)
	at ptolemy.actor.gui.ConfigurationApplication._parseArg(ConfigurationApplication.java:1399)
	at ptolemy.actor.gui.ConfigurationApplication._parseArgs(ConfigurationApplication.java:1478)
	at ptolemy.actor.gui.ConfigurationApplication.<init>(ConfigurationApplication.java:277)
	at ptolemy.actor.gui.ConfigurationApplication.<init>(ConfigurationApplication.java:214)
	at ptolemy.actor.gui.ConfigurationApplication.<init>(ConfigurationApplication.java:201)
	at ptolemy.actor.gui.ConfigurationApplication.openModelOrEntity(ConfigurationApplication.java:680)
	at ptolemy.vergil.basic.export.ExportModel$1.run(ExportModel.java:220)
	at java.awt.event.InvocationEvent.dispatch(InvocationEvent.java:301)
	at java.awt.EventQueue.dispatchEventImpl(EventQueue.java:756)
	at java.awt.EventQueue.access$500(EventQueue.java:97)
	at java.awt.EventQueue$3.run(EventQueue.java:709)
	at java.awt.EventQueue$3.run(EventQueue.java:703)
	at java.security.AccessController.doPrivileged(Native Method)
	at java.security.ProtectionDomain$JavaSecurityAccessImpl.doIntersectionPrivilege(ProtectionDomain.java:80)
	at java.awt.EventQueue.dispatchEvent(EventQueue.java:726)
	at java.awt.EventDispatchThread.pumpOneEventForFilters(EventDispatchThread.java:201)
	at java.awt.EventDispatchThread.pumpEventsForFilter(EventDispatchThread.java:116)
	at java.awt.EventDispatchThread.pumpEventsForHierarchy(EventDispatchThread.java:105)
	at java.awt.EventDispatchThread.pumpEvents(EventDispatchThread.java:101)
	at java.awt.EventDispatchThread.pumpEvents(EventDispatchThread.java:93)
	at java.awt.EventDispatchThread.run(EventDispatchThread.java:82)
Caused by: ptolemy.kernel.util.InternalErrorException: Element <entity name="sender1" class="ptolemy.actor.ptalon.demo.ptinyos.SendAndReceiveCnt.CntToLedsAndRfm"> caused an exception to be thrown.
  in .SendAndReceiveCnt.SendAndReceiveCnt
Because:
Cannot find class: ptolemy.actor.ptalon.demo.ptinyos.SendAndReceiveCnt.CntToLedsAndRfm. In Ptolemy, classes are typically Java .class files. Entities like actors may instead be defined within a .xml file.  In any case, the class was not found. If the class uses a third party package, then the class would be present only if the third party package was found at compile time.  It may be necessary to upgrade Java or install the third party package, reconfigure and recompile.
Because:
Element <entity name="MicaLeds" class="ptolemy.domains.ptinyos.lib.MicaLeds"> caused an exception to be thrown.
  in .CntToLedsAndRfm
Because:
Cannot find class: ptolemy.domains.ptinyos.lib.MicaLeds. In Ptolemy, classes are typically Java .class files. Entities like actors may instead be defined within a .xml file.  In any case, the class was not found. If the class uses a third party package, then the class would be present only if the third party package was found at compile time.  It may be necessary to upgrade Java or install the third party package, reconfigure and recompile.
Because:
-- /home/travis/build/icyphy/ptII/ptolemy/actor/ptalon/demo/ptinyos/SendAndReceiveCnt/ptolemy/domains/ptinyos/lib/MicaLeds.xml (No such file or directory)
-- XML file not found relative to classpath.
-- /home/travis/build/icyphy/ptII/ptolemy/vergil/basic/export/test/ptolemy/domains/ptinyos/lib/MicaLeds.xml
/home/travis/build/icyphy/ptII/ptolemy/vergil/basic/export/test/ptolemy/domains/ptinyos/lib/MicaLeds.xml (No such file or directory)
 in file:/home/travis/build/icyphy/ptII/ptolemy/actor/ptalon/demo/ptinyos/SendAndReceiveCnt/CntToLedsAndRfm.xml at line 132 and column 63
	at ptolemy.moml.SimpleErrorHandler.handleError(SimpleErrorHandler.java:75)
	at ptolemy.moml.MoMLParser.startElement(MoMLParser.java:3805)
	at com.microstar.xml.XmlParser.parseElement(XmlParser.java:931)
	at com.microstar.xml.XmlParser.parseDocument(XmlParser.java:481)
	at com.microstar.xml.XmlParser.doParse(XmlParser.java:159)
	at com.microstar.xml.XmlParser.parse(XmlParser.java:132)
	at ptolemy.moml.MoMLParser.parse(MoMLParser.java:1660)
	at ptolemy.moml.MoMLParser.parse(MoMLParser.java:1617)
	at ptolemy.moml.MoMLParser.parse(MoMLParser.java:1792)
	at ptolemy.actor.ptalon.PtalonEvaluator.addActor(PtalonEvaluator.java:241)
	... 56 more
Caused by: ptolemy.kernel.util.IllegalActionException: Cannot find class: ptolemy.actor.ptalon.demo.ptinyos.SendAndReceiveCnt.CntToLedsAndRfm. In Ptolemy, classes are typically Java .class files. Entities like actors may instead be defined within a .xml file.  In any case, the class was not found. If the class uses a third party package, then the class would be present only if the third party package was found at compile time.  It may be necessary to upgrade Java or install the third party package, reconfigure and recompile.
Because:
Element <entity name="MicaLeds" class="ptolemy.domains.ptinyos.lib.MicaLeds"> caused an exception to be thrown.
  in .CntToLedsAndRfm
Because:
Cannot find class: ptolemy.domains.ptinyos.lib.MicaLeds. In Ptolemy, classes are typically Java .class files. Entities like actors may instead be defined within a .xml file.  In any case, the class was not found. If the class uses a third party package, then the class would be present only if the third party package was found at compile time.  It may be necessary to upgrade Java or install the third party package, reconfigure and recompile.
Because:
-- /home/travis/build/icyphy/ptII/ptolemy/actor/ptalon/demo/ptinyos/SendAndReceiveCnt/ptolemy/domains/ptinyos/lib/MicaLeds.xml (No such file or directory)
-- XML file not found relative to classpath.
-- /home/travis/build/icyphy/ptII/ptolemy/vergil/basic/export/test/ptolemy/domains/ptinyos/lib/MicaLeds.xml
/home/travis/build/icyphy/ptII/ptolemy/vergil/basic/export/test/ptolemy/domains/ptinyos/lib/MicaLeds.xml (No such file or directory)
 in file:/home/travis/build/icyphy/ptII/ptolemy/actor/ptalon/demo/ptinyos/SendAndReceiveCnt/CntToLedsAndRfm.xml at line 132 and column 63
	at ptolemy.moml.MoMLParser._createEntity(MoMLParser.java:4330)
	at ptolemy.moml.MoMLParser.startElement(MoMLParser.java:2864)
	... 64 more
Caused by: ptolemy.kernel.util.InternalErrorException: Element <entity name="MicaLeds" class="ptolemy.domains.ptinyos.lib.MicaLeds"> caused an exception to be thrown.
  in .CntToLedsAndRfm
Because:
Cannot find class: ptolemy.domains.ptinyos.lib.MicaLeds. In Ptolemy, classes are typically Java .class files. Entities like actors may instead be defined within a .xml file.  In any case, the class was not found. If the class uses a third party package, then the class would be present only if the third party package was found at compile time.  It may be necessary to upgrade Java or install the third party package, reconfigure and recompile.
Because:
-- /home/travis/build/icyphy/ptII/ptolemy/actor/ptalon/demo/ptinyos/SendAndReceiveCnt/ptolemy/domains/ptinyos/lib/MicaLeds.xml (No such file or directory)
-- XML file not found relative to classpath.
-- /home/travis/build/icyphy/ptII/ptolemy/vergil/basic/export/test/ptolemy/domains/ptinyos/lib/MicaLeds.xml
/home/travis/build/icyphy/ptII/ptolemy/vergil/basic/export/test/ptolemy/domains/ptinyos/lib/MicaLeds.xml (No such file or directory)
 in file:/home/travis/build/icyphy/ptII/ptolemy/actor/ptalon/demo/ptinyos/SendAndReceiveCnt/CntToLedsAndRfm.xml at line 132 and column 63
	at ptolemy.moml.SimpleErrorHandler.handleError(SimpleErrorHandler.java:75)
	at ptolemy.moml.MoMLParser.startElement(MoMLParser.java:3805)
	at com.microstar.xml.XmlParser.parseElement(XmlParser.java:921)
	at com.microstar.xml.XmlParser.parseContent(XmlParser.java:1104)
	at com.microstar.xml.XmlParser.parseElement(XmlParser.java:924)
	at com.microstar.xml.XmlParser.parseDocument(XmlParser.java:481)
	at com.microstar.xml.XmlParser.doParse(XmlParser.java:159)
	at com.microstar.xml.XmlParser.parse(XmlParser.java:132)
	at ptolemy.moml.MoMLParser.parse(MoMLParser.java:1676)
	at ptolemy.moml.MoMLParser.parse(MoMLParser.java:1595)
	at ptolemy.moml.MoMLParser.parse(MoMLParser.java:1537)
	at ptolemy.moml.MoMLParser._findOrParse(MoMLParser.java:5286)
	at ptolemy.moml.MoMLParser._attemptToFindMoMLClass(MoMLParser.java:4075)
	at ptolemy.moml.MoMLParser._createEntity(MoMLParser.java:4323)
	... 65 more
Caused by: ptolemy.kernel.util.IllegalActionException: Cannot find class: ptolemy.domains.ptinyos.lib.MicaLeds. In Ptolemy, classes are typically Java .class files. Entities like actors may instead be defined within a .xml file.  In any case, the class was not found. If the class uses a third party package, then the class would be present only if the third party package was found at compile time.  It may be necessary to upgrade Java or install the third party package, reconfigure and recompile.
Because:
-- /home/travis/build/icyphy/ptII/ptolemy/actor/ptalon/demo/ptinyos/SendAndReceiveCnt/ptolemy/domains/ptinyos/lib/MicaLeds.xml (No such file or directory)
-- XML file not found relative to classpath.
-- /home/travis/build/icyphy/ptII/ptolemy/vergil/basic/export/test/ptolemy/domains/ptinyos/lib/MicaLeds.xml
/home/travis/build/icyphy/ptII/ptolemy/vergil/basic/export/test/ptolemy/domains/ptinyos/lib/MicaLeds.xml (No such file or directory)
 in file:/home/travis/build/icyphy/ptII/ptolemy/actor/ptalon/demo/ptinyos/SendAndReceiveCnt/CntToLedsAndRfm.xml at line 132 and column 63
	at ptolemy.moml.MoMLParser._createEntity(MoMLParser.java:4330)
	at ptolemy.moml.MoMLParser.startElement(MoMLParser.java:2864)
	... 77 more
Caused by: com.microstar.xml.XmlException: -- /home/travis/build/icyphy/ptII/ptolemy/actor/ptalon/demo/ptinyos/SendAndReceiveCnt/ptolemy/domains/ptinyos/lib/MicaLeds.xml (No such file or directory)
-- XML file not found relative to classpath.
-- /home/travis/build/icyphy/ptII/ptolemy/vergil/basic/export/test/ptolemy/domains/ptinyos/lib/MicaLeds.xml
/home/travis/build/icyphy/ptII/ptolemy/vergil/basic/export/test/ptolemy/domains/ptinyos/lib/MicaLeds.xml (No such file or directory)
 in file:/home/travis/build/icyphy/ptII/ptolemy/actor/ptalon/demo/ptinyos/SendAndReceiveCnt/CntToLedsAndRfm.xml at line 132 and column 63
	at ptolemy.moml.MoMLParser.fileNameToURL(MoMLParser.java:1414)
	at ptolemy.moml.MoMLParser._findOrParse(MoMLParser.java:5283)
	at ptolemy.moml.MoMLParser._attemptToFindMoMLClass(MoMLParser.java:4075)
	at ptolemy.moml.MoMLParser._createEntity(MoMLParser.java:4323)
	... 78 more
ptolemy.kernel.util.IllegalActionException: Failed to process attribute change to PtalonParameter, whose value is "ptolemy.actor.ptalon.PtalonExpressionParameter {.SendAndReceiveCnt.SendAndReceiveCnt.channelName} "AtomicWirelessChannel"".
  in .SendAndReceiveCnt.SendAndReceiveCnt
Because:
Unable to add actor null
	at ptolemy.actor.ptalon.PtalonActor.attributeChanged(PtalonActor.java:211)
	at ptolemy.actor.ptalon.PtalonMLHandler.startElement(PtalonMLHandler.java:134)
	at com.microstar.xml.XmlParser.parseElement(XmlParser.java:921)
	at com.microstar.xml.XmlParser.parseContent(XmlParser.java:1104)
	at com.microstar.xml.XmlParser.parseElement(XmlParser.java:924)
	at com.microstar.xml.XmlParser.parseDocument(XmlParser.java:481)
	at com.microstar.xml.XmlParser.doParse(XmlParser.java:159)
	at com.microstar.xml.XmlParser.parse(XmlParser.java:132)
	at ptolemy.actor.ptalon.PtalonActor.configure(PtalonActor.java:240)
	at ptolemy.moml.MoMLParser.endElement(MoMLParser.java:996)
	at com.microstar.xml.XmlParser.parseETag(XmlParser.java:1026)
	at com.microstar.xml.XmlParser.parseContent(XmlParser.java:1098)
	at com.microstar.xml.XmlParser.parseElement(XmlParser.java:924)
	at com.microstar.xml.XmlParser.parseContent(XmlParser.java:1104)
	at com.microstar.xml.XmlParser.parseElement(XmlParser.java:924)
	at com.microstar.xml.XmlParser.parseContent(XmlParser.java:1104)
	at com.microstar.xml.XmlParser.parseElement(XmlParser.java:924)
	at com.microstar.xml.XmlParser.parseDocument(XmlParser.java:481)
	at com.microstar.xml.XmlParser.doParse(XmlParser.java:159)
	at com.microstar.xml.XmlParser.parse(XmlParser.java:132)
	at ptolemy.moml.MoMLParser.parse(MoMLParser.java:1676)
	at ptolemy.moml.MoMLParser.parse(MoMLParser.java:1595)
	at ptolemy.moml.MoMLParser.parse(MoMLParser.java:1537)
	at ptolemy.actor.gui.PtolemyEffigy$Factory.createEffigy(PtolemyEffigy.java:424)
	at ptolemy.actor.gui.EffigyFactory.createEffigy(EffigyFactory.java:234)
	at ptolemy.actor.gui.Configuration.openModel(Configuration.java:1125)
	at ptolemy.actor.gui.Configuration.openModel(Configuration.java:1051)
	at ptolemy.actor.gui.ConfigurationApplication._openModel(ConfigurationApplication.java:1252)
	at ptolemy.actor.gui.ConfigurationApplication._parseArg(ConfigurationApplication.java:1399)
	at ptolemy.actor.gui.ConfigurationApplication._parseArgs(ConfigurationApplication.java:1478)
	at ptolemy.actor.gui.ConfigurationApplication.<init>(ConfigurationApplication.java:277)
	at ptolemy.actor.gui.ConfigurationApplication.<init>(ConfigurationApplication.java:214)
	at ptolemy.actor.gui.ConfigurationApplication.<init>(ConfigurationApplication.java:201)
	at ptolemy.actor.gui.ConfigurationApplication.openModelOrEntity(ConfigurationApplication.java:680)
	at ptolemy.vergil.basic.export.ExportModel$1.run(ExportModel.java:220)
	at java.awt.event.InvocationEvent.dispatch(InvocationEvent.java:301)
	at java.awt.EventQueue.dispatchEventImpl(EventQueue.java:756)
	at java.awt.EventQueue.access$500(EventQueue.java:97)
	at java.awt.EventQueue$3.run(EventQueue.java:709)
	at java.awt.EventQueue$3.run(EventQueue.java:703)
	at java.security.AccessController.doPrivileged(Native Method)
	at java.security.ProtectionDomain$JavaSecurityAccessImpl.doIntersectionPrivilege(ProtectionDomain.java:80)
	at java.awt.EventQueue.dispatchEvent(EventQueue.java:726)
	at java.awt.EventDispatchThread.pumpOneEventForFilters(EventDispatchThread.java:201)
	at java.awt.EventDispatchThread.pumpEventsForFilter(EventDispatchThread.java:116)
	at java.awt.EventDispatchThread.pumpEventsForHierarchy(EventDispatchThread.java:105)
	at java.awt.EventDispatchThread.pumpEvents(EventDispatchThread.java:101)
	at java.awt.EventDispatchThread.pumpEvents(EventDispatchThread.java:93)
	at java.awt.EventDispatchThread.run(EventDispatchThread.java:82)
Caused by: ptolemy.actor.ptalon.PtalonRuntimeException: Unable to add actor null
	at ptolemy.actor.ptalon.PtalonEvaluator.addActor(PtalonEvaluator.java:300)
	at ptolemy.actor.ptalon.PtalonPopulator.actor_declaration(PtalonPopulator.java:1574)
	at ptolemy.actor.ptalon.PtalonPopulator.atomic_statement(PtalonPopulator.java:1638)
	at ptolemy.actor.ptalon.PtalonPopulator.iterative_statement_evaluator(PtalonPopulator.java:2484)
	at ptolemy.actor.ptalon.AbstractPtalonEvaluator$IfTree.evaluateForScope(AbstractPtalonEvaluator.java:1307)
	at ptolemy.actor.ptalon.AbstractPtalonEvaluator.evaluateForScope(AbstractPtalonEvaluator.java:744)
	at ptolemy.actor.ptalon.PtalonPopulator.iterative_statement(PtalonPopulator.java:2363)
	at ptolemy.actor.ptalon.PtalonPopulator.actor_definition(PtalonPopulator.java:2809)
	at ptolemy.actor.ptalon.PtalonActor.attributeChanged(PtalonActor.java:206)
	... 48 more
Caused by: ptolemy.kernel.util.InternalErrorException: Element <entity name="sender1" class="ptolemy.actor.ptalon.demo.ptinyos.SendAndReceiveCnt.CntToLedsAndRfm"> caused an exception to be thrown.
  in .SendAndReceiveCnt.SendAndReceiveCnt
Because:
Cannot find class: ptolemy.actor.ptalon.demo.ptinyos.SendAndReceiveCnt.CntToLedsAndRfm. In Ptolemy, classes are typically Java .class files. Entities like actors may instead be defined within a .xml file.  In any case, the class was not found. If the class uses a third party package, then the class would be present only if the third party package was found at compile time.  It may be necessary to upgrade Java or install the third party package, reconfigure and recompile.
Because:
Element <entity name="MicaLeds" class="ptolemy.domains.ptinyos.lib.MicaLeds"> caused an exception to be thrown.
  in .CntToLedsAndRfm
Because:
Cannot find class: ptolemy.domains.ptinyos.lib.MicaLeds. In Ptolemy, classes are typically Java .class files. Entities like actors may instead be defined within a .xml file.  In any case, the class was not found. If the class uses a third party package, then the class would be present only if the third party package was found at compile time.  It may be necessary to upgrade Java or install the third party package, reconfigure and recompile.
Because:
-- /home/travis/build/icyphy/ptII/ptolemy/actor/ptalon/demo/ptinyos/SendAndReceiveCnt/ptolemy/domains/ptinyos/lib/MicaLeds.xml (No such file or directory)
-- XML file not found relative to classpath.
-- /home/travis/build/icyphy/ptII/ptolemy/vergil/basic/export/test/ptolemy/domains/ptinyos/lib/MicaLeds.xml
/home/travis/build/icyphy/ptII/ptolemy/vergil/basic/export/test/ptolemy/domains/ptinyos/lib/MicaLeds.xml (No such file or directory)
 in file:/home/travis/build/icyphy/ptII/ptolemy/actor/ptalon/demo/ptinyos/SendAndReceiveCnt/CntToLedsAndRfm.xml at line 132 and column 63
	at ptolemy.moml.SimpleErrorHandler.handleError(SimpleErrorHandler.java:75)
	at ptolemy.moml.MoMLParser.startElement(MoMLParser.java:3805)
	at com.microstar.xml.XmlParser.parseElement(XmlParser.java:931)
	at com.microstar.xml.XmlParser.parseDocument(XmlParser.java:481)
	at com.microstar.xml.XmlParser.doParse(XmlParser.java:159)
	at com.microstar.xml.XmlParser.parse(XmlParser.java:132)
	at ptolemy.moml.MoMLParser.parse(MoMLParser.java:1660)
	at ptolemy.moml.MoMLParser.parse(MoMLParser.java:1617)
	at ptolemy.moml.MoMLParser.parse(MoMLParser.java:1792)
	at ptolemy.actor.ptalon.PtalonEvaluator.addActor(PtalonEvaluator.java:241)
	... 56 more
Caused by: ptolemy.kernel.util.IllegalActionException: Cannot find class: ptolemy.actor.ptalon.demo.ptinyos.SendAndReceiveCnt.CntToLedsAndRfm. In Ptolemy, classes are typically Java .class files. Entities like actors may instead be defined within a .xml file.  In any case, the class was not found. If the class uses a third party package, then the class would be present only if the third party package was found at compile time.  It may be necessary to upgrade Java or install the third party package, reconfigure and recompile.
Because:
Element <entity name="MicaLeds" class="ptolemy.domains.ptinyos.lib.MicaLeds"> caused an exception to be thrown.
  in .CntToLedsAndRfm
Because:
Cannot find class: ptolemy.domains.ptinyos.lib.MicaLeds. In Ptolemy, classes are typically Java .class files. Entities like actors may instead be defined within a .xml file.  In any case, the class was not found. If the class uses a third party package, then the class would be present only if the third party package was found at compile time.  It may be necessary to upgrade Java or install the third party package, reconfigure and recompile.
Because:
-- /home/travis/build/icyphy/ptII/ptolemy/actor/ptalon/demo/ptinyos/SendAndReceiveCnt/ptolemy/domains/ptinyos/lib/MicaLeds.xml (No such file or directory)
-- XML file not found relative to classpath.
-- /home/travis/build/icyphy/ptII/ptolemy/vergil/basic/export/test/ptolemy/domains/ptinyos/lib/MicaLeds.xml
/home/travis/build/icyphy/ptII/ptolemy/vergil/basic/export/test/ptolemy/domains/ptinyos/lib/MicaLeds.xml (No such file or directory)
 in file:/home/travis/build/icyphy/ptII/ptolemy/actor/ptalon/demo/ptinyos/SendAndReceiveCnt/CntToLedsAndRfm.xml at line 132 and column 63
	at ptolemy.moml.MoMLParser._createEntity(MoMLParser.java:4330)
	at ptolemy.moml.MoMLParser.startElement(MoMLParser.java:2864)
	... 64 more
Caused by: ptolemy.kernel.util.InternalErrorException: Element <entity name="MicaLeds" class="ptolemy.domains.ptinyos.lib.MicaLeds"> caused an exception to be thrown.
  in .CntToLedsAndRfm
Because:
Cannot find class: ptolemy.domains.ptinyos.lib.MicaLeds. In Ptolemy, classes are typically Java .class files. Entities like actors may instead be defined within a .xml file.  In any case, the class was not found. If the class uses a third party package, then the class would be present only if the third party package was found at compile time.  It may be necessary to upgrade Java or install the third party package, reconfigure and recompile.
Because:
-- /home/travis/build/icyphy/ptII/ptolemy/actor/ptalon/demo/ptinyos/SendAndReceiveCnt/ptolemy/domains/ptinyos/lib/MicaLeds.xml (No such file or directory)
-- XML file not found relative to classpath.
-- /home/travis/build/icyphy/ptII/ptolemy/vergil/basic/export/test/ptolemy/domains/ptinyos/lib/MicaLeds.xml
/home/travis/build/icyphy/ptII/ptolemy/vergil/basic/export/test/ptolemy/domains/ptinyos/lib/MicaLeds.xml (No such file or directory)
 in file:/home/travis/build/icyphy/ptII/ptolemy/actor/ptalon/demo/ptinyos/SendAndReceiveCnt/CntToLedsAndRfm.xml at line 132 and column 63
	at ptolemy.moml.SimpleErrorHandler.handleError(SimpleErrorHandler.java:75)
	at ptolemy.moml.MoMLParser.startElement(MoMLParser.java:3805)
	at com.microstar.xml.XmlParser.parseElement(XmlParser.java:921)
	at com.microstar.xml.XmlParser.parseContent(XmlParser.java:1104)
	at com.microstar.xml.XmlParser.parseElement(XmlParser.java:924)
	at com.microstar.xml.XmlParser.parseDocument(XmlParser.java:481)
	at com.microstar.xml.XmlParser.doParse(XmlParser.java:159)
	at com.microstar.xml.XmlParser.parse(XmlParser.java:132)
	at ptolemy.moml.MoMLParser.parse(MoMLParser.java:1676)
	at ptolemy.moml.MoMLParser.parse(MoMLParser.java:1595)
	at ptolemy.moml.MoMLParser.parse(MoMLParser.java:1537)
	at ptolemy.moml.MoMLParser._findOrParse(MoMLParser.java:5286)
	at ptolemy.moml.MoMLParser._attemptToFindMoMLClass(MoMLParser.java:4075)
	at ptolemy.moml.MoMLParser._createEntity(MoMLParser.java:4323)
	... 65 more
Caused by: ptolemy.kernel.util.IllegalActionException: Cannot find class: ptolemy.domains.ptinyos.lib.MicaLeds. In Ptolemy, classes are typically Java .class files. Entities like actors may instead be defined within a .xml file.  In any case, the class was not found. If the class uses a third party package, then the class would be present only if the third party package was found at compile time.  It may be necessary to upgrade Java or install the third party package, reconfigure and recompile.
Because:
-- /home/travis/build/icyphy/ptII/ptolemy/actor/ptalon/demo/ptinyos/SendAndReceiveCnt/ptolemy/domains/ptinyos/lib/MicaLeds.xml (No such file or directory)
-- XML file not found relative to classpath.
-- /home/travis/build/icyphy/ptII/ptolemy/vergil/basic/export/test/ptolemy/domains/ptinyos/lib/MicaLeds.xml
/home/travis/build/icyphy/ptII/ptolemy/vergil/basic/export/test/ptolemy/domains/ptinyos/lib/MicaLeds.xml (No such file or directory)
 in file:/home/travis/build/icyphy/ptII/ptolemy/actor/ptalon/demo/ptinyos/SendAndReceiveCnt/CntToLedsAndRfm.xml at line 132 and column 63
	at ptolemy.moml.MoMLParser._createEntity(MoMLParser.java:4330)
	at ptolemy.moml.MoMLParser.startElement(MoMLParser.java:2864)
	... 77 more
Caused by: com.microstar.xml.XmlException: -- /home/travis/build/icyphy/ptII/ptolemy/actor/ptalon/demo/ptinyos/SendAndReceiveCnt/ptolemy/domains/ptinyos/lib/MicaLeds.xml (No such file or directory)
-- XML file not found relative to classpath.
-- /home/travis/build/icyphy/ptII/ptolemy/vergil/basic/export/test/ptolemy/domains/ptinyos/lib/MicaLeds.xml
/home/travis/build/icyphy/ptII/ptolemy/vergil/basic/export/test/ptolemy/domains/ptinyos/lib/MicaLeds.xml (No such file or directory)
 in file:/home/travis/build/icyphy/ptII/ptolemy/actor/ptalon/demo/ptinyos/SendAndReceiveCnt/CntToLedsAndRfm.xml at line 132 and column 63
	at ptolemy.moml.MoMLParser.fileNameToURL(MoMLParser.java:1414)
	at ptolemy.moml.MoMLParser._findOrParse(MoMLParser.java:5283)
	at ptolemy.moml.MoMLParser._attemptToFindMoMLClass(MoMLParser.java:4075)
	at ptolemy.moml.MoMLParser._createEntity(MoMLParser.java:4323)
	... 78 more
Caused by: ptolemy.actor.ptalon.PtalonRuntimeException: Unable to add actor null
	at ptolemy.actor.ptalon.PtalonEvaluator.addActor(PtalonEvaluator.java:300)
	at ptolemy.actor.ptalon.PtalonPopulator.actor_declaration(PtalonPopulator.java:1574)
	at ptolemy.actor.ptalon.PtalonPopulator.atomic_statement(PtalonPopulator.java:1638)
	at ptolemy.actor.ptalon.PtalonPopulator.iterative_statement_evaluator(PtalonPopulator.java:2484)
	at ptolemy.actor.ptalon.AbstractPtalonEvaluator$IfTree.evaluateForScope(AbstractPtalonEvaluator.java:1307)
	at ptolemy.actor.ptalon.AbstractPtalonEvaluator.evaluateForScope(AbstractPtalonEvaluator.java:744)
	at ptolemy.actor.ptalon.PtalonPopulator.iterative_statement(PtalonPopulator.java:2363)
	at ptolemy.actor.ptalon.PtalonPopulator.actor_definition(PtalonPopulator.java:2809)
	at ptolemy.actor.ptalon.PtalonActor.attributeChanged(PtalonActor.java:206)
	at ptolemy.actor.ptalon.PtalonMLHandler.startElement(PtalonMLHandler.java:134)
	at com.microstar.xml.XmlParser.parseElement(XmlParser.java:921)
	at com.microstar.xml.XmlParser.parseContent(XmlParser.java:1104)
	at com.microstar.xml.XmlParser.parseElement(XmlParser.java:924)
	at com.microstar.xml.XmlParser.parseDocument(XmlParser.java:481)
	at com.microstar.xml.XmlParser.doParse(XmlParser.java:159)
	at com.microstar.xml.XmlParser.parse(XmlParser.java:132)
	at ptolemy.actor.ptalon.PtalonActor.configure(PtalonActor.java:240)
	at ptolemy.moml.MoMLParser.endElement(MoMLParser.java:996)
	at com.microstar.xml.XmlParser.parseETag(XmlParser.java:1026)
	at com.microstar.xml.XmlParser.parseContent(XmlParser.java:1098)
	at com.microstar.xml.XmlParser.parseElement(XmlParser.java:924)
	at com.microstar.xml.XmlParser.parseContent(XmlParser.java:1104)
	at com.microstar.xml.XmlParser.parseElement(XmlParser.java:924)
	at com.microstar.xml.XmlParser.parseContent(XmlParser.java:1104)
	at com.microstar.xml.XmlParser.parseElement(XmlParser.java:924)
	at com.microstar.xml.XmlParser.parseDocument(XmlParser.java:481)
	at com.microstar.xml.XmlParser.doParse(XmlParser.java:159)
	at com.microstar.xml.XmlParser.parse(XmlParser.java:132)
	at ptolemy.moml.MoMLParser.parse(MoMLParser.java:1676)
	at ptolemy.moml.MoMLParser.parse(MoMLParser.java:1595)
	at ptolemy.moml.MoMLParser.parse(MoMLParser.java:1537)
	at ptolemy.actor.gui.PtolemyEffigy$Factory.createEffigy(PtolemyEffigy.java:424)
	at ptolemy.actor.gui.EffigyFactory.createEffigy(EffigyFactory.java:234)
	at ptolemy.actor.gui.Configuration.openModel(Configuration.java:1125)
	at ptolemy.actor.gui.Configuration.openModel(Configuration.java:1051)
	at ptolemy.actor.gui.ConfigurationApplication._openModel(ConfigurationApplication.java:1252)
	at ptolemy.actor.gui.ConfigurationApplication._parseArg(ConfigurationApplication.java:1399)
	at ptolemy.actor.gui.ConfigurationApplication._parseArgs(ConfigurationApplication.java:1478)
	at ptolemy.actor.gui.ConfigurationApplication.<init>(ConfigurationApplication.java:277)
	at ptolemy.actor.gui.ConfigurationApplication.<init>(ConfigurationApplication.java:214)
	at ptolemy.actor.gui.ConfigurationApplication.<init>(ConfigurationApplication.java:201)
	at ptolemy.actor.gui.ConfigurationApplication.openModelOrEntity(ConfigurationApplication.java:680)
	at ptolemy.vergil.basic.export.ExportModel$1.run(ExportModel.java:220)
	at java.awt.event.InvocationEvent.dispatch(InvocationEvent.java:301)
	at java.awt.EventQueue.dispatchEventImpl(EventQueue.java:756)
	at java.awt.EventQueue.access$500(EventQueue.java:97)
	at java.awt.EventQueue$3.run(EventQueue.java:709)
	at java.awt.EventQueue$3.run(EventQueue.java:703)
	at java.security.AccessController.doPrivileged(Native Method)
	at java.security.ProtectionDomain$JavaSecurityAccessImpl.doIntersectionPrivilege(ProtectionDomain.java:80)
	at java.awt.EventQueue.dispatchEvent(EventQueue.java:726)
	at java.awt.EventDispatchThread.pumpOneEventForFilters(EventDispatchThread.java:201)
	at java.awt.EventDispatchThread.pumpEventsForFilter(EventDispatchThread.java:116)
	at java.awt.EventDispatchThread.pumpEventsForHierarchy(EventDispatchThread.java:105)
	at java.awt.EventDispatchThread.pumpEvents(EventDispatchThread.java:101)
	at java.awt.EventDispatchThread.pumpEvents(EventDispatchThread.java:93)
	at java.awt.EventDispatchThread.run(EventDispatchThread.java:82)
Caused by: ptolemy.kernel.util.InternalErrorException: Element <entity name="sender1" class="ptolemy.actor.ptalon.demo.ptinyos.SendAndReceiveCnt.CntToLedsAndRfm"> caused an exception to be thrown.
  in .SendAndReceiveCnt.SendAndReceiveCnt
Because:
Cannot find class: ptolemy.actor.ptalon.demo.ptinyos.SendAndReceiveCnt.CntToLedsAndRfm. In Ptolemy, classes are typically Java .class files. Entities like actors may instead be defined within a .xml file.  In any case, the class was not found. If the class uses a third party package, then the class would be present only if the third party package was found at compile time.  It may be necessary to upgrade Java or install the third party package, reconfigure and recompile.
Because:
Element <entity name="MicaLeds" class="ptolemy.domains.ptinyos.lib.MicaLeds"> caused an exception to be thrown.
  in .CntToLedsAndRfm
Because:
Cannot find class: ptolemy.domains.ptinyos.lib.MicaLeds. In Ptolemy, classes are typically Java .class files. Entities like actors may instead be defined within a .xml file.  In any case, the class was not found. If the class uses a third party package, then the class would be present only if the third party package was found at compile time.  It may be necessary to upgrade Java or install the third party package, reconfigure and recompile.
Because:
-- /home/travis/build/icyphy/ptII/ptolemy/actor/ptalon/demo/ptinyos/SendAndReceiveCnt/ptolemy/domains/ptinyos/lib/MicaLeds.xml (No such file or directory)
-- XML file not found relative to classpath.
-- /home/travis/build/icyphy/ptII/ptolemy/vergil/basic/export/test/ptolemy/domains/ptinyos/lib/MicaLeds.xml
/home/travis/build/icyphy/ptII/ptolemy/vergil/basic/export/test/ptolemy/domains/ptinyos/lib/MicaLeds.xml (No such file or directory)
 in file:/home/travis/build/icyphy/ptII/ptolemy/actor/ptalon/demo/ptinyos/SendAndReceiveCnt/CntToLedsAndRfm.xml at line 132 and column 63
	at ptolemy.moml.SimpleErrorHandler.handleError(SimpleErrorHandler.java:75)
	at ptolemy.moml.MoMLParser.startElement(MoMLParser.java:3805)
	at com.microstar.xml.XmlParser.parseElement(XmlParser.java:931)
	at com.microstar.xml.XmlParser.parseDocument(XmlParser.java:481)
	at com.microstar.xml.XmlParser.doParse(XmlParser.java:159)
	at com.microstar.xml.XmlParser.parse(XmlParser.java:132)
	at ptolemy.moml.MoMLParser.parse(MoMLParser.java:1660)
	at ptolemy.moml.MoMLParser.parse(MoMLParser.java:1617)
	at ptolemy.moml.MoMLParser.parse(MoMLParser.java:1792)
	at ptolemy.actor.ptalon.PtalonEvaluator.addActor(PtalonEvaluator.java:241)
	... 56 more
Caused by: ptolemy.kernel.util.IllegalActionException: Cannot find class: ptolemy.actor.ptalon.demo.ptinyos.SendAndReceiveCnt.CntToLedsAndRfm. In Ptolemy, classes are typically Java .class files. Entities like actors may instead be defined within a .xml file.  In any case, the class was not found. If the class uses a third party package, then the class would be present only if the third party package was found at compile time.  It may be necessary to upgrade Java or install the third party package, reconfigure and recompile.
Because:
Element <entity name="MicaLeds" class="ptolemy.domains.ptinyos.lib.MicaLeds"> caused an exception to be thrown.
  in .CntToLedsAndRfm
Because:
Cannot find class: ptolemy.domains.ptinyos.lib.MicaLeds. In Ptolemy, classes are typically Java .class files. Entities like actors may instead be defined within a .xml file.  In any case, the class was not found. If the class uses a third party package, then the class would be present only if the third party package was found at compile time.  It may be necessary to upgrade Java or install the third party package, reconfigure and recompile.
Because:
-- /home/travis/build/icyphy/ptII/ptolemy/actor/ptalon/demo/ptinyos/SendAndReceiveCnt/ptolemy/domains/ptinyos/lib/MicaLeds.xml (No such file or directory)
-- XML file not found relative to classpath.
-- /home/travis/build/icyphy/ptII/ptolemy/vergil/basic/export/test/ptolemy/domains/ptinyos/lib/MicaLeds.xml
/home/travis/build/icyphy/ptII/ptolemy/vergil/basic/export/test/ptolemy/domains/ptinyos/lib/MicaLeds.xml (No such file or directory)
 in file:/home/travis/build/icyphy/ptII/ptolemy/actor/ptalon/demo/ptinyos/SendAndReceiveCnt/CntToLedsAndRfm.xml at line 132 and column 63
	at ptolemy.moml.MoMLParser._createEntity(MoMLParser.java:4330)
	at ptolemy.moml.MoMLParser.startElement(MoMLParser.java:2864)
	... 64 more
Caused by: ptolemy.kernel.util.InternalErrorException: Element <entity name="MicaLeds" class="ptolemy.domains.ptinyos.lib.MicaLeds"> caused an exception to be thrown.
  in .CntToLedsAndRfm
Because:
Cannot find class: ptolemy.domains.ptinyos.lib.MicaLeds. In Ptolemy, classes are typically Java .class files. Entities like actors may instead be defined within a .xml file.  In any case, the class was not found. If the class uses a third party package, then the class would be present only if the third party package was found at compile time.  It may be necessary to upgrade Java or install the third party package, reconfigure and recompile.
Because:
-- /home/travis/build/icyphy/ptII/ptolemy/actor/ptalon/demo/ptinyos/SendAndReceiveCnt/ptolemy/domains/ptinyos/lib/MicaLeds.xml (No such file or directory)
-- XML file not found relative to classpath.
-- /home/travis/build/icyphy/ptII/ptolemy/vergil/basic/export/test/ptolemy/domains/ptinyos/lib/MicaLeds.xml
/home/travis/build/icyphy/ptII/ptolemy/vergil/basic/export/test/ptolemy/domains/ptinyos/lib/MicaLeds.xml (No such file or directory)
 in file:/home/travis/build/icyphy/ptII/ptolemy/actor/ptalon/demo/ptinyos/SendAndReceiveCnt/CntToLedsAndRfm.xml at line 132 and column 63
	at ptolemy.moml.SimpleErrorHandler.handleError(SimpleErrorHandler.java:75)
	at ptolemy.moml.MoMLParser.startElement(MoMLParser.java:3805)
	at com.microstar.xml.XmlParser.parseElement(XmlParser.java:921)
	at com.microstar.xml.XmlParser.parseContent(XmlParser.java:1104)
	at com.microstar.xml.XmlParser.parseElement(XmlParser.java:924)
	at com.microstar.xml.XmlParser.parseDocument(XmlParser.java:481)
	at com.microstar.xml.XmlParser.doParse(XmlParser.java:159)
	at com.microstar.xml.XmlParser.parse(XmlParser.java:132)
	at ptolemy.moml.MoMLParser.parse(MoMLParser.java:1676)
	at ptolemy.moml.MoMLParser.parse(MoMLParser.java:1595)
	at ptolemy.moml.MoMLParser.parse(MoMLParser.java:1537)
	at ptolemy.moml.MoMLParser._findOrParse(MoMLParser.java:5286)
	at ptolemy.moml.MoMLParser._attemptToFindMoMLClass(MoMLParser.java:4075)
	at ptolemy.moml.MoMLParser._createEntity(MoMLParser.java:4323)
	... 65 more
Caused by: ptolemy.kernel.util.IllegalActionException: Cannot find class: ptolemy.domains.ptinyos.lib.MicaLeds. In Ptolemy, classes are typically Java .class files. Entities like actors may instead be defined within a .xml file.  In any case, the class was not found. If the class uses a third party package, then the class would be present only if the third party package was found at compile time.  It may be necessary to upgrade Java or install the third party package, reconfigure and recompile.
Because:
-- /home/travis/build/icyphy/ptII/ptolemy/actor/ptalon/demo/ptinyos/SendAndReceiveCnt/ptolemy/domains/ptinyos/lib/MicaLeds.xml (No such file or directory)
-- XML file not found relative to classpath.
-- /home/travis/build/icyphy/ptII/ptolemy/vergil/basic/export/test/ptolemy/domains/ptinyos/lib/MicaLeds.xml
/home/travis/build/icyphy/ptII/ptolemy/vergil/basic/export/test/ptolemy/domains/ptinyos/lib/MicaLeds.xml (No such file or directory)
 in file:/home/travis/build/icyphy/ptII/ptolemy/actor/ptalon/demo/ptinyos/SendAndReceiveCnt/CntToLedsAndRfm.xml at line 132 and column 63
	at ptolemy.moml.MoMLParser._createEntity(MoMLParser.java:4330)
	at ptolemy.moml.MoMLParser.startElement(MoMLParser.java:2864)
	... 77 more
Caused by: com.microstar.xml.XmlException: -- /home/travis/build/icyphy/ptII/ptolemy/actor/ptalon/demo/ptinyos/SendAndReceiveCnt/ptolemy/domains/ptinyos/lib/MicaLeds.xml (No such file or directory)
-- XML file not found relative to classpath.
-- /home/travis/build/icyphy/ptII/ptolemy/vergil/basic/export/test/ptolemy/domains/ptinyos/lib/MicaLeds.xml
/home/travis/build/icyphy/ptII/ptolemy/vergil/basic/export/test/ptolemy/domains/ptinyos/lib/MicaLeds.xml (No such file or directory)
 in file:/home/travis/build/icyphy/ptII/ptolemy/actor/ptalon/demo/ptinyos/SendAndReceiveCnt/CntToLedsAndRfm.xml at line 132 and column 63
	at ptolemy.moml.MoMLParser.fileNameToURL(MoMLParser.java:1414)
	at ptolemy.moml.MoMLParser._findOrParse(MoMLParser.java:5283)
	at ptolemy.moml.MoMLParser._attemptToFindMoMLClass(MoMLParser.java:4075)
	at ptolemy.moml.MoMLParser._createEntity(MoMLParser.java:4323)
	... 78 more
Failed to read file:/home/travis/build/icyphy/ptII/ptolemy/actor/ptalon/demo/ptinyos/SendAndReceiveCnt/SendAndReceiveCnt.xml
ptolemy.kernel.util.IllegalActionException: Failed to process attribute change to PtalonParameter, whose value is "ptolemy.actor.ptalon.PtalonExpressionParameter {.SendAndReceiveCnt.SendAndReceiveCnt.channelName} "AtomicWirelessChannel"".
  in .SendAndReceiveCnt.SendAndReceiveCnt
Because:
Unable to add actor null
	at ptolemy.actor.ptalon.PtalonActor.attributeChanged(PtalonActor.java:211)
	at ptolemy.actor.ptalon.PtalonMLHandler.startElement(PtalonMLHandler.java:134)
	at com.microstar.xml.XmlParser.parseElement(XmlParser.java:921)
	at com.microstar.xml.XmlParser.parseContent(XmlParser.java:1104)
	at com.microstar.xml.XmlParser.parseElement(XmlParser.java:924)
	at com.microstar.xml.XmlParser.parseDocument(XmlParser.java:481)
	at com.microstar.xml.XmlParser.doParse(XmlParser.java:159)
	at com.microstar.xml.XmlParser.parse(XmlParser.java:132)
	at ptolemy.actor.ptalon.PtalonActor.configure(PtalonActor.java:240)
	at ptolemy.moml.MoMLParser.endElement(MoMLParser.java:996)
	at com.microstar.xml.XmlParser.parseETag(XmlParser.java:1026)
	at com.microstar.xml.XmlParser.parseContent(XmlParser.java:1098)
	at com.microstar.xml.XmlParser.parseElement(XmlParser.java:924)
	at com.microstar.xml.XmlParser.parseContent(XmlParser.java:1104)
	at com.microstar.xml.XmlParser.parseElement(XmlParser.java:924)
	at com.microstar.xml.XmlParser.parseContent(XmlParser.java:1104)
	at com.microstar.xml.XmlParser.parseElement(XmlParser.java:924)
	at com.microstar.xml.XmlParser.parseDocument(XmlParser.java:481)
	at com.microstar.xml.XmlParser.doParse(XmlParser.java:159)
	at com.microstar.xml.XmlParser.parse(XmlParser.java:132)
	at ptolemy.moml.MoMLParser.parse(MoMLParser.java:1676)
	at ptolemy.moml.MoMLParser.parse(MoMLParser.java:1595)
	at ptolemy.moml.MoMLParser.parse(MoMLParser.java:1537)
	at ptolemy.actor.gui.PtolemyEffigy$Factory.createEffigy(PtolemyEffigy.java:424)
	at ptolemy.actor.gui.EffigyFactory.createEffigy(EffigyFactory.java:234)
	at ptolemy.actor.gui.Configuration.openModel(Configuration.java:1125)
	at ptolemy.actor.gui.Configuration.openModel(Configuration.java:1051)
	at ptolemy.actor.gui.ConfigurationApplication._openModel(ConfigurationApplication.java:1252)
	at ptolemy.actor.gui.ConfigurationApplication._parseArg(ConfigurationApplication.java:1399)
	at ptolemy.actor.gui.ConfigurationApplication._parseArgs(ConfigurationApplication.java:1478)
	at ptolemy.actor.gui.ConfigurationApplication.<init>(ConfigurationApplication.java:277)
	at ptolemy.actor.gui.ConfigurationApplication.<init>(ConfigurationApplication.java:214)
	at ptolemy.actor.gui.ConfigurationApplication.<init>(ConfigurationApplication.java:201)
	at ptolemy.actor.gui.ConfigurationApplication.openModelOrEntity(ConfigurationApplication.java:680)
	at ptolemy.vergil.basic.export.ExportModel$1.run(ExportModel.java:220)
	at java.awt.event.InvocationEvent.dispatch(InvocationEvent.java:301)
	at java.awt.EventQueue.dispatchEventImpl(EventQueue.java:756)
	at java.awt.EventQueue.access$500(EventQueue.java:97)
	at java.awt.EventQueue$3.run(EventQueue.java:709)
	at java.awt.EventQueue$3.run(EventQueue.java:703)
	at java.security.AccessController.doPrivileged(Native Method)
	at java.security.ProtectionDomain$JavaSecurityAccessImpl.doIntersectionPrivilege(ProtectionDomain.java:80)
	at java.awt.EventQueue.dispatchEvent(EventQueue.java:726)
	at java.awt.EventDispatchThread.pumpOneEventForFilters(EventDispatchThread.java:201)
	at java.awt.EventDispatchThread.pumpEventsForFilter(EventDispatchThread.java:116)
	at java.awt.EventDispatchThread.pumpEventsForHierarchy(EventDispatchThread.java:105)
	at java.awt.EventDispatchThread.pumpEvents(EventDispatchThread.java:101)
	at java.awt.EventDispatchThread.pumpEvents(EventDispatchThread.java:93)
	at java.awt.EventDispatchThread.run(EventDispatchThread.java:82)
Caused by: ptolemy.actor.ptalon.PtalonRuntimeException: Unable to add actor null
	at ptolemy.actor.ptalon.PtalonEvaluator.addActor(PtalonEvaluator.java:300)
	at ptolemy.actor.ptalon.PtalonPopulator.actor_declaration(PtalonPopulator.java:1574)
	at ptolemy.actor.ptalon.PtalonPopulator.atomic_statement(PtalonPopulator.java:1638)
	at ptolemy.actor.ptalon.PtalonPopulator.iterative_statement_evaluator(PtalonPopulator.java:2484)
	at ptolemy.actor.ptalon.AbstractPtalonEvaluator$IfTree.evaluateForScope(AbstractPtalonEvaluator.java:1307)
	at ptolemy.actor.ptalon.AbstractPtalonEvaluator.evaluateForScope(AbstractPtalonEvaluator.java:744)
	at ptolemy.actor.ptalon.PtalonPopulator.iterative_statement(PtalonPopulator.java:2363)
	at ptolemy.actor.ptalon.PtalonPopulator.actor_definition(PtalonPopulator.java:2809)
	at ptolemy.actor.ptalon.PtalonActor.attributeChanged(PtalonActor.java:206)
	... 48 more
Caused by: ptolemy.kernel.util.InternalErrorException: Element <entity name="sender1" class="ptolemy.actor.ptalon.demo.ptinyos.SendAndReceiveCnt.CntToLedsAndRfm"> caused an exception to be thrown.
  in .SendAndReceiveCnt.SendAndReceiveCnt
Because:
Cannot find class: ptolemy.actor.ptalon.demo.ptinyos.SendAndReceiveCnt.CntToLedsAndRfm. In Ptolemy, classes are typically Java .class files. Entities like actors may instead be defined within a .xml file.  In any case, the class was not found. If the class uses a third party package, then the class would be present only if the third party package was found at compile time.  It may be necessary to upgrade Java or install the third party package, reconfigure and recompile.
Because:
Element <entity name="MicaLeds" class="ptolemy.domains.ptinyos.lib.MicaLeds"> caused an exception to be thrown.
  in .CntToLedsAndRfm
Because:
Cannot find class: ptolemy.domains.ptinyos.lib.MicaLeds. In Ptolemy, classes are typically Java .class files. Entities like actors may instead be defined within a .xml file.  In any case, the class was not found. If the class uses a third party package, then the class would be present only if the third party package was found at compile time.  It may be necessary to upgrade Java or install the third party package, reconfigure and recompile.
Because:
-- /home/travis/build/icyphy/ptII/ptolemy/actor/ptalon/demo/ptinyos/SendAndReceiveCnt/ptolemy/domains/ptinyos/lib/MicaLeds.xml (No such file or directory)
-- XML file not found relative to classpath.
-- /home/travis/build/icyphy/ptII/ptolemy/vergil/basic/export/test/ptolemy/domains/ptinyos/lib/MicaLeds.xml
/home/travis/build/icyphy/ptII/ptolemy/vergil/basic/export/test/ptolemy/domains/ptinyos/lib/MicaLeds.xml (No such file or directory)
 in file:/home/travis/build/icyphy/ptII/ptolemy/actor/ptalon/demo/ptinyos/SendAndReceiveCnt/CntToLedsAndRfm.xml at line 132 and column 63
	at ptolemy.moml.SimpleErrorHandler.handleError(SimpleErrorHandler.java:75)
	at ptolemy.moml.MoMLParser.startElement(MoMLParser.java:3805)
	at com.microstar.xml.XmlParser.parseElement(XmlParser.java:931)
	at com.microstar.xml.XmlParser.parseDocument(XmlParser.java:481)
	at com.microstar.xml.XmlParser.doParse(XmlParser.java:159)
	at com.microstar.xml.XmlParser.parse(XmlParser.java:132)
	at ptolemy.moml.MoMLParser.parse(MoMLParser.java:1660)
	at ptolemy.moml.MoMLParser.parse(MoMLParser.java:1617)
	at ptolemy.moml.MoMLParser.parse(MoMLParser.java:1792)
	at ptolemy.actor.ptalon.PtalonEvaluator.addActor(PtalonEvaluator.java:241)
	... 56 more
Caused by: ptolemy.kernel.util.IllegalActionException: Cannot find class: ptolemy.actor.ptalon.demo.ptinyos.SendAndReceiveCnt.CntToLedsAndRfm. In Ptolemy, classes are typically Java .class files. Entities like actors may instead be defined within a .xml file.  In any case, the class was not found. If the class uses a third party package, then the class would be present only if the third party package was found at compile time.  It may be necessary to upgrade Java or install the third party package, reconfigure and recompile.
Because:
Element <entity name="MicaLeds" class="ptolemy.domains.ptinyos.lib.MicaLeds"> caused an exception to be thrown.
  in .CntToLedsAndRfm
Because:
Cannot find class: ptolemy.domains.ptinyos.lib.MicaLeds. In Ptolemy, classes are typically Java .class files. Entities like actors may instead be defined within a .xml file.  In any case, the class was not found. If the class uses a third party package, then the class would be present only if the third party package was found at compile time.  It may be necessary to upgrade Java or install the third party package, reconfigure and recompile.
Because:
-- /home/travis/build/icyphy/ptII/ptolemy/actor/ptalon/demo/ptinyos/SendAndReceiveCnt/ptolemy/domains/ptinyos/lib/MicaLeds.xml (No such file or directory)
-- XML file not found relative to classpath.
-- /home/travis/build/icyphy/ptII/ptolemy/vergil/basic/export/test/ptolemy/domains/ptinyos/lib/MicaLeds.xml
/home/travis/build/icyphy/ptII/ptolemy/vergil/basic/export/test/ptolemy/domains/ptinyos/lib/MicaLeds.xml (No such file or directory)
 in file:/home/travis/build/icyphy/ptII/ptolemy/actor/ptalon/demo/ptinyos/SendAndReceiveCnt/CntToLedsAndRfm.xml at line 132 and column 63
	at ptolemy.moml.MoMLParser._createEntity(MoMLParser.java:4330)
	at ptolemy.moml.MoMLParser.startElement(MoMLParser.java:2864)
	... 64 more
Caused by: ptolemy.kernel.util.InternalErrorException: Element <entity name="MicaLeds" class="ptolemy.domains.ptinyos.lib.MicaLeds"> caused an exception to be thrown.
  in .CntToLedsAndRfm
Because:
Cannot find class: ptolemy.domains.ptinyos.lib.MicaLeds. In Ptolemy, classes are typically Java .class files. Entities like actors may instead be defined within a .xml file.  In any case, the class was not found. If the class uses a third party package, then the class would be present only if the third party package was found at compile time.  It may be necessary to upgrade Java or install the third party package, reconfigure and recompile.
Because:
-- /home/travis/build/icyphy/ptII/ptolemy/actor/ptalon/demo/ptinyos/SendAndReceiveCnt/ptolemy/domains/ptinyos/lib/MicaLeds.xml (No such file or directory)
-- XML file not found relative to classpath.
-- /home/travis/build/icyphy/ptII/ptolemy/vergil/basic/export/test/ptolemy/domains/ptinyos/lib/MicaLeds.xml
/home/travis/build/icyphy/ptII/ptolemy/vergil/basic/export/test/ptolemy/domains/ptinyos/lib/MicaLeds.xml (No such file or directory)
 in file:/home/travis/build/icyphy/ptII/ptolemy/actor/ptalon/demo/ptinyos/SendAndReceiveCnt/CntToLedsAndRfm.xml at line 132 and column 63
	at ptolemy.moml.SimpleErrorHandler.handleError(SimpleErrorHandler.java:75)
	at ptolemy.moml.MoMLParser.startElement(MoMLParser.java:3805)
	at com.microstar.xml.XmlParser.parseElement(XmlParser.java:921)
	at com.microstar.xml.XmlParser.parseContent(XmlParser.java:1104)
	at com.microstar.xml.XmlParser.parseElement(XmlParser.java:924)
	at com.microstar.xml.XmlParser.parseDocument(XmlParser.java:481)
	at com.microstar.xml.XmlParser.doParse(XmlParser.java:159)
	at com.microstar.xml.XmlParser.parse(XmlParser.java:132)
	at ptolemy.moml.MoMLParser.parse(MoMLParser.java:1676)
	at ptolemy.moml.MoMLParser.parse(MoMLParser.java:1595)
	at ptolemy.moml.MoMLParser.parse(MoMLParser.java:1537)
	at ptolemy.moml.MoMLParser._findOrParse(MoMLParser.java:5286)
	at ptolemy.moml.MoMLParser._attemptToFindMoMLClass(MoMLParser.java:4075)
	at ptolemy.moml.MoMLParser._createEntity(MoMLParser.java:4323)
	... 65 more
Caused by: ptolemy.kernel.util.IllegalActionException: Cannot find class: ptolemy.domains.ptinyos.lib.MicaLeds. In Ptolemy, classes are typically Java .class files. Entities like actors may instead be defined within a .xml file.  In any case, the class was not found. If the class uses a third party package, then the class would be present only if the third party package was found at compile time.  It may be necessary to upgrade Java or install the third party package, reconfigure and recompile.
Because:
-- /home/travis/build/icyphy/ptII/ptolemy/actor/ptalon/demo/ptinyos/SendAndReceiveCnt/ptolemy/domains/ptinyos/lib/MicaLeds.xml (No such file or directory)
-- XML file not found relative to classpath.
-- /home/travis/build/icyphy/ptII/ptolemy/vergil/basic/export/test/ptolemy/domains/ptinyos/lib/MicaLeds.xml
/home/travis/build/icyphy/ptII/ptolemy/vergil/basic/export/test/ptolemy/domains/ptinyos/lib/MicaLeds.xml (No such file or directory)
 in file:/home/travis/build/icyphy/ptII/ptolemy/actor/ptalon/demo/ptinyos/SendAndReceiveCnt/CntToLedsAndRfm.xml at line 132 and column 63
	at ptolemy.moml.MoMLParser._createEntity(MoMLParser.java:4330)
	at ptolemy.moml.MoMLParser.startElement(MoMLParser.java:2864)
	... 77 more
Caused by: com.microstar.xml.XmlException: -- /home/travis/build/icyphy/ptII/ptolemy/actor/ptalon/demo/ptinyos/SendAndReceiveCnt/ptolemy/domains/ptinyos/lib/MicaLeds.xml (No such file or directory)
-- XML file not found relative to classpath.
-- /home/travis/build/icyphy/ptII/ptolemy/vergil/basic/export/test/ptolemy/domains/ptinyos/lib/MicaLeds.xml
/home/travis/build/icyphy/ptII/ptolemy/vergil/basic/export/test/ptolemy/domains/ptinyos/lib/MicaLeds.xml (No such file or directory)
 in file:/home/travis/build/icyphy/ptII/ptolemy/actor/ptalon/demo/ptinyos/SendAndReceiveCnt/CntToLedsAndRfm.xml at line 132 and column 63
	at ptolemy.moml.MoMLParser.fileNameToURL(MoMLParser.java:1414)
	at ptolemy.moml.MoMLParser._findOrParse(MoMLParser.java:5283)
	at ptolemy.moml.MoMLParser._attemptToFindMoMLClass(MoMLParser.java:4075)
	at ptolemy.moml.MoMLParser._createEntity(MoMLParser.java:4323)
	... 78 more
Caused by: ptolemy.actor.ptalon.PtalonRuntimeException: Unable to add actor null
	at ptolemy.actor.ptalon.PtalonEvaluator.addActor(PtalonEvaluator.java:300)
	at ptolemy.actor.ptalon.PtalonPopulator.actor_declaration(PtalonPopulator.java:1574)
	at ptolemy.actor.ptalon.PtalonPopulator.atomic_statement(PtalonPopulator.java:1638)
	at ptolemy.actor.ptalon.PtalonPopulator.iterative_statement_evaluator(PtalonPopulator.java:2484)
	at ptolemy.actor.ptalon.AbstractPtalonEvaluator$IfTree.evaluateForScope(AbstractPtalonEvaluator.java:1307)
	at ptolemy.actor.ptalon.AbstractPtalonEvaluator.evaluateForScope(AbstractPtalonEvaluator.java:744)
	at ptolemy.actor.ptalon.PtalonPopulator.iterative_statement(PtalonPopulator.java:2363)
	at ptolemy.actor.ptalon.PtalonPopulator.actor_definition(PtalonPopulator.java:2809)
	at ptolemy.actor.ptalon.PtalonActor.attributeChanged(PtalonActor.java:206)
	at ptolemy.actor.ptalon.PtalonMLHandler.startElement(PtalonMLHandler.java:134)
	at com.microstar.xml.XmlParser.parseElement(XmlParser.java:921)
	at com.microstar.xml.XmlParser.parseContent(XmlParser.java:1104)
	at com.microstar.xml.XmlParser.parseElement(XmlParser.java:924)
	at com.microstar.xml.XmlParser.parseDocument(XmlParser.java:481)
	at com.microstar.xml.XmlParser.doParse(XmlParser.java:159)
	at com.microstar.xml.XmlParser.parse(XmlParser.java:132)
	at ptolemy.actor.ptalon.PtalonActor.configure(PtalonActor.java:240)
	at ptolemy.moml.MoMLParser.endElement(MoMLParser.java:996)
	at com.microstar.xml.XmlParser.parseETag(XmlParser.java:1026)
	at com.microstar.xml.XmlParser.parseContent(XmlParser.java:1098)
	at com.microstar.xml.XmlParser.parseElement(XmlParser.java:924)
	at com.microstar.xml.XmlParser.parseContent(XmlParser.java:1104)
	at com.microstar.xml.XmlParser.parseElement(XmlParser.java:924)
	at com.microstar.xml.XmlParser.parseContent(XmlParser.java:1104)
	at com.microstar.xml.XmlParser.parseElement(XmlParser.java:924)
	at com.microstar.xml.XmlParser.parseDocument(XmlParser.java:481)
	at com.microstar.xml.XmlParser.doParse(XmlParser.java:159)
	at com.microstar.xml.XmlParser.parse(XmlParser.java:132)
	at ptolemy.moml.MoMLParser.parse(MoMLParser.java:1676)
	at ptolemy.moml.MoMLParser.parse(MoMLParser.java:1595)
	at ptolemy.moml.MoMLParser.parse(MoMLParser.java:1537)
	at ptolemy.actor.gui.PtolemyEffigy$Factory.createEffigy(PtolemyEffigy.java:424)
	at ptolemy.actor.gui.EffigyFactory.createEffigy(EffigyFactory.java:234)
	at ptolemy.actor.gui.Configuration.openModel(Configuration.java:1125)
	at ptolemy.actor.gui.Configuration.openModel(Configuration.java:1051)
	at ptolemy.actor.gui.ConfigurationApplication._openModel(ConfigurationApplication.java:1252)
	at ptolemy.actor.gui.ConfigurationApplication._parseArg(ConfigurationApplication.java:1399)
	at ptolemy.actor.gui.ConfigurationApplication._parseArgs(ConfigurationApplication.java:1478)
	at ptolemy.actor.gui.ConfigurationApplication.<init>(ConfigurationApplication.java:277)
	at ptolemy.actor.gui.ConfigurationApplication.<init>(ConfigurationApplication.java:214)
	at ptolemy.actor.gui.ConfigurationApplication.<init>(ConfigurationApplication.java:201)
	at ptolemy.actor.gui.ConfigurationApplication.openModelOrEntity(ConfigurationApplication.java:680)
	at ptolemy.vergil.basic.export.ExportModel$1.run(ExportModel.java:220)
	at java.awt.event.InvocationEvent.dispatch(InvocationEvent.java:301)
	at java.awt.EventQueue.dispatchEventImpl(EventQueue.java:756)
	at java.awt.EventQueue.access$500(EventQueue.java:97)
	at java.awt.EventQueue$3.run(EventQueue.java:709)
	at java.awt.EventQueue$3.run(EventQueue.java:703)
	at java.security.AccessController.doPrivileged(Native Method)
	at java.security.ProtectionDomain$JavaSecurityAccessImpl.doIntersectionPrivilege(ProtectionDomain.java:80)
	at java.awt.EventQueue.dispatchEvent(EventQueue.java:726)
	at java.awt.EventDispatchThread.pumpOneEventForFilters(EventDispatchThread.java:201)
	at java.awt.EventDispatchThread.pumpEventsForFilter(EventDispatchThread.java:116)
	at java.awt.EventDispatchThread.pumpEventsForHierarchy(EventDispatchThread.java:105)
	at java.awt.EventDispatchThread.pumpEvents(EventDispatchThread.java:101)
	at java.awt.EventDispatchThread.pumpEvents(EventDispatchThread.java:93)
	at java.awt.EventDispatchThread.run(EventDispatchThread.java:82)
Caused by: ptolemy.kernel.util.InternalErrorException: Element <entity name="sender1" class="ptolemy.actor.ptalon.demo.ptinyos.SendAndReceiveCnt.CntToLedsAndRfm"> caused an exception to be thrown.
  in .SendAndReceiveCnt.SendAndReceiveCnt
Because:
Cannot find class: ptolemy.actor.ptalon.demo.ptinyos.SendAndReceiveCnt.CntToLedsAndRfm. In Ptolemy, classes are typically Java .class files. Entities like actors may instead be defined within a .xml file.  In any case, the class was not found. If the class uses a third party package, then the class would be present only if the third party package was found at compile time.  It may be necessary to upgrade Java or install the third party package, reconfigure and recompile.
Because:
Element <entity name="MicaLeds" class="ptolemy.domains.ptinyos.lib.MicaLeds"> caused an exception to be thrown.
  in .CntToLedsAndRfm
Because:
Cannot find class: ptolemy.domains.ptinyos.lib.MicaLeds. In Ptolemy, classes are typically Java .class files. Entities like actors may instead be defined within a .xml file.  In any case, the class was not found. If the class uses a third party package, then the class would be present only if the third party package was found at compile time.  It may be necessary to upgrade Java or install the third party package, reconfigure and recompile.
Because:
-- /home/travis/build/icyphy/ptII/ptolemy/actor/ptalon/demo/ptinyos/SendAndReceiveCnt/ptolemy/domains/ptinyos/lib/MicaLeds.xml (No such file or directory)
-- XML file not found relative to classpath.
-- /home/travis/build/icyphy/ptII/ptolemy/vergil/basic/export/test/ptolemy/domains/ptinyos/lib/MicaLeds.xml
/home/travis/build/icyphy/ptII/ptolemy/vergil/basic/export/test/ptolemy/domains/ptinyos/lib/MicaLeds.xml (No such file or directory)
 in file:/home/travis/build/icyphy/ptII/ptolemy/actor/ptalon/demo/ptinyos/SendAndReceiveCnt/CntToLedsAndRfm.xml at line 132 and column 63
	at ptolemy.moml.SimpleErrorHandler.handleError(SimpleErrorHandler.java:75)
	at ptolemy.moml.MoMLParser.startElement(MoMLParser.java:3805)
	at com.microstar.xml.XmlParser.parseElement(XmlParser.java:931)
	at com.microstar.xml.XmlParser.parseDocument(XmlParser.java:481)
	at com.microstar.xml.XmlParser.doParse(XmlParser.java:159)
	at com.microstar.xml.XmlParser.parse(XmlParser.java:132)
	at ptolemy.moml.MoMLParser.parse(MoMLParser.java:1660)
	at ptolemy.moml.MoMLParser.parse(MoMLParser.java:1617)
	at ptolemy.moml.MoMLParser.parse(MoMLParser.java:1792)
	at ptolemy.actor.ptalon.PtalonEvaluator.addActor(PtalonEvaluator.java:241)
	... 56 more
Caused by: ptolemy.kernel.util.IllegalActionException: Cannot find class: ptolemy.actor.ptalon.demo.ptinyos.SendAndReceiveCnt.CntToLedsAndRfm. In Ptolemy, classes are typically Java .class files. Entities like actors may instead be defined within a .xml file.  In any case, the class was not found. If the class uses a third party package, then the class would be present only if the third party package was found at compile time.  It may be necessary to upgrade Java or install the third party package, reconfigure and recompile.
Because:
Element <entity name="MicaLeds" class="ptolemy.domains.ptinyos.lib.MicaLeds"> caused an exception to be thrown.
  in .CntToLedsAndRfm
Because:
Cannot find class: ptolemy.domains.ptinyos.lib.MicaLeds. In Ptolemy, classes are typically Java .class files. Entities like actors may instead be defined within a .xml file.  In any case, the class was not found. If the class uses a third party package, then the class would be present only if the third party package was found at compile time.  It may be necessary to upgrade Java or install the third party package, reconfigure and recompile.
Because:
-- /home/travis/build/icyphy/ptII/ptolemy/actor/ptalon/demo/ptinyos/SendAndReceiveCnt/ptolemy/domains/ptinyos/lib/MicaLeds.xml (No such file or directory)
-- XML file not found relative to classpath.
-- /home/travis/build/icyphy/ptII/ptolemy/vergil/basic/export/test/ptolemy/domains/ptinyos/lib/MicaLeds.xml
/home/travis/build/icyphy/ptII/ptolemy/vergil/basic/export/test/ptolemy/domains/ptinyos/lib/MicaLeds.xml (No such file or directory)
 in file:/home/travis/build/icyphy/ptII/ptolemy/actor/ptalon/demo/ptinyos/SendAndReceiveCnt/CntToLedsAndRfm.xml at line 132 and column 63
	at ptolemy.moml.MoMLParser._createEntity(MoMLParser.java:4330)
	at ptolemy.moml.MoMLParser.startElement(MoMLParser.java:2864)
	... 64 more
Caused by: ptolemy.kernel.util.InternalErrorException: Element <entity name="MicaLeds" class="ptolemy.domains.ptinyos.lib.MicaLeds"> caused an exception to be thrown.
  in .CntToLedsAndRfm
Because:
Cannot find class: ptolemy.domains.ptinyos.lib.MicaLeds. In Ptolemy, classes are typically Java .class files. Entities like actors may instead be defined within a .xml file.  In any case, the class was not found. If the class uses a third party package, then the class would be present only if the third party package was found at compile time.  It may be necessary to upgrade Java or install the third party package, reconfigure and recompile.
Because:
-- /home/travis/build/icyphy/ptII/ptolemy/actor/ptalon/demo/ptinyos/SendAndReceiveCnt/ptolemy/domains/ptinyos/lib/MicaLeds.xml (No such file or directory)
-- XML file not found relative to classpath.
-- /home/travis/build/icyphy/ptII/ptolemy/vergil/basic/export/test/ptolemy/domains/ptinyos/lib/MicaLeds.xml
/home/travis/build/icyphy/ptII/ptolemy/vergil/basic/export/test/ptolemy/domains/ptinyos/lib/MicaLeds.xml (No such file or directory)
 in file:/home/travis/build/icyphy/ptII/ptolemy/actor/ptalon/demo/ptinyos/SendAndReceiveCnt/CntToLedsAndRfm.xml at line 132 and column 63
	at ptolemy.moml.SimpleErrorHandler.handleError(SimpleErrorHandler.java:75)
	at ptolemy.moml.MoMLParser.startElement(MoMLParser.java:3805)
	at com.microstar.xml.XmlParser.parseElement(XmlParser.java:921)
	at com.microstar.xml.XmlParser.parseContent(XmlParser.java:1104)
	at com.microstar.xml.XmlParser.parseElement(XmlParser.java:924)
	at com.microstar.xml.XmlParser.parseDocument(XmlParser.java:481)
	at com.microstar.xml.XmlParser.doParse(XmlParser.java:159)
	at com.microstar.xml.XmlParser.parse(XmlParser.java:132)
	at ptolemy.moml.MoMLParser.parse(MoMLParser.java:1676)
	at ptolemy.moml.MoMLParser.parse(MoMLParser.java:1595)
	at ptolemy.moml.MoMLParser.parse(MoMLParser.java:1537)
	at ptolemy.moml.MoMLParser._findOrParse(MoMLParser.java:5286)
	at ptolemy.moml.MoMLParser._attemptToFindMoMLClass(MoMLParser.java:4075)
	at ptolemy.moml.MoMLParser._createEntity(MoMLParser.java:4323)
	... 65 more
Caused by: ptolemy.kernel.util.IllegalActionException: Cannot find class: ptolemy.domains.ptinyos.lib.MicaLeds. In Ptolemy, classes are typically Java .class files. Entities like actors may instead be defined within a .xml file.  In any case, the class was not found. If the class uses a third party package, then the class would be present only if the third party package was found at compile time.  It may be necessary to upgrade Java or install the third party package, reconfigure and recompile.
Because:
-- /home/travis/build/icyphy/ptII/ptolemy/actor/ptalon/demo/ptinyos/SendAndReceiveCnt/ptolemy/domains/ptinyos/lib/MicaLeds.xml (No such file or directory)
-- XML file not found relative to classpath.
-- /home/travis/build/icyphy/ptII/ptolemy/vergil/basic/export/test/ptolemy/domains/ptinyos/lib/MicaLeds.xml
/home/travis/build/icyphy/ptII/ptolemy/vergil/basic/export/test/ptolemy/domains/ptinyos/lib/MicaLeds.xml (No such file or directory)
 in file:/home/travis/build/icyphy/ptII/ptolemy/actor/ptalon/demo/ptinyos/SendAndReceiveCnt/CntToLedsAndRfm.xml at line 132 and column 63
	at ptolemy.moml.MoMLParser._createEntity(MoMLParser.java:4330)
	at ptolemy.moml.MoMLParser.startElement(MoMLParser.java:2864)
	... 77 more
Caused by: com.microstar.xml.XmlException: -- /home/travis/build/icyphy/ptII/ptolemy/actor/ptalon/demo/ptinyos/SendAndReceiveCnt/ptolemy/domains/ptinyos/lib/MicaLeds.xml (No such file or directory)
-- XML file not found relative to classpath.
-- /home/travis/build/icyphy/ptII/ptolemy/vergil/basic/export/test/ptolemy/domains/ptinyos/lib/MicaLeds.xml
/home/travis/build/icyphy/ptII/ptolemy/vergil/basic/export/test/ptolemy/domains/ptinyos/lib/MicaLeds.xml (No such file or directory)
 in file:/home/travis/build/icyphy/ptII/ptolemy/actor/ptalon/demo/ptinyos/SendAndReceiveCnt/CntToLedsAndRfm.xml at line 132 and column 63
	at ptolemy.moml.MoMLParser.fileNameToURL(MoMLParser.java:1414)
	at ptolemy.moml.MoMLParser._findOrParse(MoMLParser.java:5283)
	at ptolemy.moml.MoMLParser._attemptToFindMoMLClass(MoMLParser.java:4075)
	at ptolemy.moml.MoMLParser._createEntity(MoMLParser.java:4323)
	... 78 more
Failed to read file:/home/travis/build/icyphy/ptII/ptolemy/actor/ptalon/demo/ptinyos/SendAndReceiveCnt/SendAndReceiveCnt.xml
ptolemy.kernel.util.IllegalActionException: Failed to process attribute change to PtalonParameter, whose value is "ptolemy.actor.ptalon.PtalonExpressionParameter {.SendAndReceiveCnt.SendAndReceiveCnt.channelName} "AtomicWirelessChannel"".
  in .SendAndReceiveCnt.SendAndReceiveCnt
Because:
Unable to add actor null
	at ptolemy.actor.ptalon.PtalonActor.attributeChanged(PtalonActor.java:211)
	at ptolemy.actor.ptalon.PtalonMLHandler.startElement(PtalonMLHandler.java:134)
	at com.microstar.xml.XmlParser.parseElement(XmlParser.java:921)
	at com.microstar.xml.XmlParser.parseContent(XmlParser.java:1104)
	at com.microstar.xml.XmlParser.parseElement(XmlParser.java:924)
	at com.microstar.xml.XmlParser.parseDocument(XmlParser.java:481)
	at com.microstar.xml.XmlParser.doParse(XmlParser.java:159)
	at com.microstar.xml.XmlParser.parse(XmlParser.java:132)
	at ptolemy.actor.ptalon.PtalonActor.configure(PtalonActor.java:240)
	at ptolemy.moml.MoMLParser.endElement(MoMLParser.java:996)
	at com.microstar.xml.XmlParser.parseETag(XmlParser.java:1026)
	at com.microstar.xml.XmlParser.parseContent(XmlParser.java:1098)
	at com.microstar.xml.XmlParser.parseElement(XmlParser.java:924)
	at com.microstar.xml.XmlParser.parseContent(XmlParser.java:1104)
	at com.microstar.xml.XmlParser.parseElement(XmlParser.java:924)
	at com.microstar.xml.XmlParser.parseContent(XmlParser.java:1104)
	at com.microstar.xml.XmlParser.parseElement(XmlParser.java:924)
	at com.microstar.xml.XmlParser.parseDocument(XmlParser.java:481)
	at com.microstar.xml.XmlParser.doParse(XmlParser.java:159)
	at com.microstar.xml.XmlParser.parse(XmlParser.java:132)
	at ptolemy.moml.MoMLParser.parse(MoMLParser.java:1676)
	at ptolemy.moml.MoMLParser.parse(MoMLParser.java:1595)
	at ptolemy.moml.MoMLParser.parse(MoMLParser.java:1537)
	at ptolemy.actor.gui.PtolemyEffigy$Factory.createEffigy(PtolemyEffigy.java:424)
	at ptolemy.actor.gui.EffigyFactory.createEffigy(EffigyFactory.java:234)
	at ptolemy.actor.gui.Configuration.openModel(Configuration.java:1125)
	at ptolemy.actor.gui.Configuration.openModel(Configuration.java:1051)
	at ptolemy.actor.gui.ConfigurationApplication._openModel(ConfigurationApplication.java:1252)
	at ptolemy.actor.gui.ConfigurationApplication._parseArg(ConfigurationApplication.java:1399)
	at ptolemy.actor.gui.ConfigurationApplication._parseArgs(ConfigurationApplication.java:1478)
	at ptolemy.actor.gui.ConfigurationApplication.<init>(ConfigurationApplication.java:277)
	at ptolemy.actor.gui.ConfigurationApplication.<init>(ConfigurationApplication.java:214)
	at ptolemy.actor.gui.ConfigurationApplication.<init>(ConfigurationApplication.java:201)
	at ptolemy.actor.gui.ConfigurationApplication.openModelOrEntity(ConfigurationApplication.java:680)
	at ptolemy.vergil.basic.export.ExportModel$1.run(ExportModel.java:220)
	at java.awt.event.InvocationEvent.dispatch(InvocationEvent.java:301)
	at java.awt.EventQueue.dispatchEventImpl(EventQueue.java:756)
	at java.awt.EventQueue.access$500(EventQueue.java:97)
	at java.awt.EventQueue$3.run(EventQueue.java:709)
	at java.awt.EventQueue$3.run(EventQueue.java:703)
	at java.security.AccessController.doPrivileged(Native Method)
	at java.security.ProtectionDomain$JavaSecurityAccessImpl.doIntersectionPrivilege(ProtectionDomain.java:80)
	at java.awt.EventQueue.dispatchEvent(EventQueue.java:726)
	at java.awt.EventDispatchThread.pumpOneEventForFilters(EventDispatchThread.java:201)
	at java.awt.EventDispatchThread.pumpEventsForFilter(EventDispatchThread.java:116)
	at java.awt.EventDispatchThread.pumpEventsForHierarchy(EventDispatchThread.java:105)
	at java.awt.EventDispatchThread.pumpEvents(EventDispatchThread.java:101)
	at java.awt.EventDispatchThread.pumpEvents(EventDispatchThread.java:93)
	at java.awt.EventDispatchThread.run(EventDispatchThread.java:82)
Caused by: ptolemy.actor.ptalon.PtalonRuntimeException: Unable to add actor null
	at ptolemy.actor.ptalon.PtalonEvaluator.addActor(PtalonEvaluator.java:300)
	at ptolemy.actor.ptalon.PtalonPopulator.actor_declaration(PtalonPopulator.java:1574)
	at ptolemy.actor.ptalon.PtalonPopulator.atomic_statement(PtalonPopulator.java:1638)
	at ptolemy.actor.ptalon.PtalonPopulator.iterative_statement_evaluator(PtalonPopulator.java:2484)
	at ptolemy.actor.ptalon.AbstractPtalonEvaluator$IfTree.evaluateForScope(AbstractPtalonEvaluator.java:1307)
	at ptolemy.actor.ptalon.AbstractPtalonEvaluator.evaluateForScope(AbstractPtalonEvaluator.java:744)
	at ptolemy.actor.ptalon.PtalonPopulator.iterative_statement(PtalonPopulator.java:2363)
	at ptolemy.actor.ptalon.PtalonPopulator.actor_definition(PtalonPopulator.java:2809)
	at ptolemy.actor.ptalon.PtalonActor.attributeChanged(PtalonActor.java:206)
	... 48 more
Caused by: ptolemy.kernel.util.InternalErrorException: Element <entity name="sender1" class="ptolemy.actor.ptalon.demo.ptinyos.SendAndReceiveCnt.CntToLedsAndRfm"> caused an exception to be thrown.
  in .SendAndReceiveCnt.SendAndReceiveCnt
Because:
Cannot find class: ptolemy.actor.ptalon.demo.ptinyos.SendAndReceiveCnt.CntToLedsAndRfm. In Ptolemy, classes are typically Java .class files. Entities like actors may instead be defined within a .xml file.  In any case, the class was not found. If the class uses a third party package, then the class would be present only if the third party package was found at compile time.  It may be necessary to upgrade Java or install the third party package, reconfigure and recompile.
Because:
Element <entity name="MicaLeds" class="ptolemy.domains.ptinyos.lib.MicaLeds"> caused an exception to be thrown.
  in .CntToLedsAndRfm
Because:
Cannot find class: ptolemy.domains.ptinyos.lib.MicaLeds. In Ptolemy, classes are typically Java .class files. Entities like actors may instead be defined within a .xml file.  In any case, the class was not found. If the class uses a third party package, then the class would be present only if the third party package was found at compile time.  It may be necessary to upgrade Java or install the third party package, reconfigure and recompile.
Because:
-- /home/travis/build/icyphy/ptII/ptolemy/actor/ptalon/demo/ptinyos/SendAndReceiveCnt/ptolemy/domains/ptinyos/lib/MicaLeds.xml (No such file or directory)
-- XML file not found relative to classpath.
-- /home/travis/build/icyphy/ptII/ptolemy/vergil/basic/export/test/ptolemy/domains/ptinyos/lib/MicaLeds.xml
/home/travis/build/icyphy/ptII/ptolemy/vergil/basic/export/test/ptolemy/domains/ptinyos/lib/MicaLeds.xml (No such file or directory)
 in file:/home/travis/build/icyphy/ptII/ptolemy/actor/ptalon/demo/ptinyos/SendAndReceiveCnt/CntToLedsAndRfm.xml at line 132 and column 63
	at ptolemy.moml.SimpleErrorHandler.handleError(SimpleErrorHandler.java:75)
	at ptolemy.moml.MoMLParser.startElement(MoMLParser.java:3805)
	at com.microstar.xml.XmlParser.parseElement(XmlParser.java:931)
	at com.microstar.xml.XmlParser.parseDocument(XmlParser.java:481)
	at com.microstar.xml.XmlParser.doParse(XmlParser.java:159)
	at com.microstar.xml.XmlParser.parse(XmlParser.java:132)
	at ptolemy.moml.MoMLParser.parse(MoMLParser.java:1660)
	at ptolemy.moml.MoMLParser.parse(MoMLParser.java:1617)
	at ptolemy.moml.MoMLParser.parse(MoMLParser.java:1792)
	at ptolemy.actor.ptalon.PtalonEvaluator.addActor(PtalonEvaluator.java:241)
	... 56 more
Caused by: ptolemy.kernel.util.IllegalActionException: Cannot find class: ptolemy.actor.ptalon.demo.ptinyos.SendAndReceiveCnt.CntToLedsAndRfm. In Ptolemy, classes are typically Java .class files. Entities like actors may instead be defined within a .xml file.  In any case, the class was not found. If the class uses a third party package, then the class would be present only if the third party package was found at compile time.  It may be necessary to upgrade Java or install the third party package, reconfigure and recompile.
Because:
Element <entity name="MicaLeds" class="ptolemy.domains.ptinyos.lib.MicaLeds"> caused an exception to be thrown.
  in .CntToLedsAndRfm
Because:
Cannot find class: ptolemy.domains.ptinyos.lib.MicaLeds. In Ptolemy, classes are typically Java .class files. Entities like actors may instead be defined within a .xml file.  In any case, the class was not found. If the class uses a third party package, then the class would be present only if the third party package was found at compile time.  It may be necessary to upgrade Java or install the third party package, reconfigure and recompile.
Because:
-- /home/travis/build/icyphy/ptII/ptolemy/actor/ptalon/demo/ptinyos/SendAndReceiveCnt/ptolemy/domains/ptinyos/lib/MicaLeds.xml (No such file or directory)
-- XML file not found relative to classpath.
-- /home/travis/build/icyphy/ptII/ptolemy/vergil/basic/export/test/ptolemy/domains/ptinyos/lib/MicaLeds.xml
/home/travis/build/icyphy/ptII/ptolemy/vergil/basic/export/test/ptolemy/domains/ptinyos/lib/MicaLeds.xml (No such file or directory)
 in file:/home/travis/build/icyphy/ptII/ptolemy/actor/ptalon/demo/ptinyos/SendAndReceiveCnt/CntToLedsAndRfm.xml at line 132 and column 63
	at ptolemy.moml.MoMLParser._createEntity(MoMLParser.java:4330)
	at ptolemy.moml.MoMLParser.startElement(MoMLParser.java:2864)
	... 64 more
Caused by: ptolemy.kernel.util.InternalErrorException: Element <entity name="MicaLeds" class="ptolemy.domains.ptinyos.lib.MicaLeds"> caused an exception to be thrown.
  in .CntToLedsAndRfm
Because:
Cannot find class: ptolemy.domains.ptinyos.lib.MicaLeds. In Ptolemy, classes are typically Java .class files. Entities like actors may instead be defined within a .xml file.  In any case, the class was not found. If the class uses a third party package, then the class would be present only if the third party package was found at compile time.  It may be necessary to upgrade Java or install the third party package, reconfigure and recompile.
Because:
-- /home/travis/build/icyphy/ptII/ptolemy/actor/ptalon/demo/ptinyos/SendAndReceiveCnt/ptolemy/domains/ptinyos/lib/MicaLeds.xml (No such file or directory)
-- XML file not found relative to classpath.
-- /home/travis/build/icyphy/ptII/ptolemy/vergil/basic/export/test/ptolemy/domains/ptinyos/lib/MicaLeds.xml
/home/travis/build/icyphy/ptII/ptolemy/vergil/basic/export/test/ptolemy/domains/ptinyos/lib/MicaLeds.xml (No such file or directory)
 in file:/home/travis/build/icyphy/ptII/ptolemy/actor/ptalon/demo/ptinyos/SendAndReceiveCnt/CntToLedsAndRfm.xml at line 132 and column 63
	at ptolemy.moml.SimpleErrorHandler.handleError(SimpleErrorHandler.java:75)
	at ptolemy.moml.MoMLParser.startElement(MoMLParser.java:3805)
	at com.microstar.xml.XmlParser.parseElement(XmlParser.java:921)
	at com.microstar.xml.XmlParser.parseContent(XmlParser.java:1104)
	at com.microstar.xml.XmlParser.parseElement(XmlParser.java:924)
	at com.microstar.xml.XmlParser.parseDocument(XmlParser.java:481)
	at com.microstar.xml.XmlParser.doParse(XmlParser.java:159)
	at com.microstar.xml.XmlParser.parse(XmlParser.java:132)
	at ptolemy.moml.MoMLParser.parse(MoMLParser.java:1676)
	at ptolemy.moml.MoMLParser.parse(MoMLParser.java:1595)
	at ptolemy.moml.MoMLParser.parse(MoMLParser.java:1537)
	at ptolemy.moml.MoMLParser._findOrParse(MoMLParser.java:5286)
	at ptolemy.moml.MoMLParser._attemptToFindMoMLClass(MoMLParser.java:4075)
	at ptolemy.moml.MoMLParser._createEntity(MoMLParser.java:4323)
	... 65 more
Caused by: ptolemy.kernel.util.IllegalActionException: Cannot find class: ptolemy.domains.ptinyos.lib.MicaLeds. In Ptolemy, classes are typically Java .class files. Entities like actors may instead be defined within a .xml file.  In any case, the class was not found. If the class uses a third party package, then the class would be present only if the third party package was found at compile time.  It may be necessary to upgrade Java or install the third party package, reconfigure and recompile.
Because:
-- /home/travis/build/icyphy/ptII/ptolemy/actor/ptalon/demo/ptinyos/SendAndReceiveCnt/ptolemy/domains/ptinyos/lib/MicaLeds.xml (No such file or directory)
-- XML file not found relative to classpath.
-- /home/travis/build/icyphy/ptII/ptolemy/vergil/basic/export/test/ptolemy/domains/ptinyos/lib/MicaLeds.xml
/home/travis/build/icyphy/ptII/ptolemy/vergil/basic/export/test/ptolemy/domains/ptinyos/lib/MicaLeds.xml (No such file or directory)
 in file:/home/travis/build/icyphy/ptII/ptolemy/actor/ptalon/demo/ptinyos/SendAndReceiveCnt/CntToLedsAndRfm.xml at line 132 and column 63
	at ptolemy.moml.MoMLParser._createEntity(MoMLParser.java:4330)
	at ptolemy.moml.MoMLParser.startElement(MoMLParser.java:2864)
	... 77 more
Caused by: com.microstar.xml.XmlException: -- /home/travis/build/icyphy/ptII/ptolemy/actor/ptalon/demo/ptinyos/SendAndReceiveCnt/ptolemy/domains/ptinyos/lib/MicaLeds.xml (No such file or directory)
-- XML file not found relative to classpath.
-- /home/travis/build/icyphy/ptII/ptolemy/vergil/basic/export/test/ptolemy/domains/ptinyos/lib/MicaLeds.xml
/home/travis/build/icyphy/ptII/ptolemy/vergil/basic/export/test/ptolemy/domains/ptinyos/lib/MicaLeds.xml (No such file or directory)
 in file:/home/travis/build/icyphy/ptII/ptolemy/actor/ptalon/demo/ptinyos/SendAndReceiveCnt/CntToLedsAndRfm.xml at line 132 and column 63
	at ptolemy.moml.MoMLParser.fileNameToURL(MoMLParser.java:1414)
	at ptolemy.moml.MoMLParser._findOrParse(MoMLParser.java:5283)
	at ptolemy.moml.MoMLParser._attemptToFindMoMLClass(MoMLParser.java:4075)
	at ptolemy.moml.MoMLParser._createEntity(MoMLParser.java:4323)
	... 78 more
Caused by: ptolemy.actor.ptalon.PtalonRuntimeException: Unable to add actor null
	at ptolemy.actor.ptalon.PtalonEvaluator.addActor(PtalonEvaluator.java:300)
	at ptolemy.actor.ptalon.PtalonPopulator.actor_declaration(PtalonPopulator.java:1574)
	at ptolemy.actor.ptalon.PtalonPopulator.atomic_statement(PtalonPopulator.java:1638)
	at ptolemy.actor.ptalon.PtalonPopulator.iterative_statement_evaluator(PtalonPopulator.java:2484)
	at ptolemy.actor.ptalon.AbstractPtalonEvaluator$IfTree.evaluateForScope(AbstractPtalonEvaluator.java:1307)
	at ptolemy.actor.ptalon.AbstractPtalonEvaluator.evaluateForScope(AbstractPtalonEvaluator.java:744)
	at ptolemy.actor.ptalon.PtalonPopulator.iterative_statement(PtalonPopulator.java:2363)
	at ptolemy.actor.ptalon.PtalonPopulator.actor_definition(PtalonPopulator.java:2809)
	at ptolemy.actor.ptalon.PtalonActor.attributeChanged(PtalonActor.java:206)
	at ptolemy.actor.ptalon.PtalonMLHandler.startElement(PtalonMLHandler.java:134)
	at com.microstar.xml.XmlParser.parseElement(XmlParser.java:921)
	at com.microstar.xml.XmlParser.parseContent(XmlParser.java:1104)
	at com.microstar.xml.XmlParser.parseElement(XmlParser.java:924)
	at com.microstar.xml.XmlParser.parseDocument(XmlParser.java:481)
	at com.microstar.xml.XmlParser.doParse(XmlParser.java:159)
	at com.microstar.xml.XmlParser.parse(XmlParser.java:132)
	at ptolemy.actor.ptalon.PtalonActor.configure(PtalonActor.java:240)
	at ptolemy.moml.MoMLParser.endElement(MoMLParser.java:996)
	at com.microstar.xml.XmlParser.parseETag(XmlParser.java:1026)
	at com.microstar.xml.XmlParser.parseContent(XmlParser.java:1098)
	at com.microstar.xml.XmlParser.parseElement(XmlParser.java:924)
	at com.microstar.xml.XmlParser.parseContent(XmlParser.java:1104)
	at com.microstar.xml.XmlParser.parseElement(XmlParser.java:924)
	at com.microstar.xml.XmlParser.parseContent(XmlParser.java:1104)
	at com.microstar.xml.XmlParser.parseElement(XmlParser.java:924)
	at com.microstar.xml.XmlParser.parseDocument(XmlParser.java:481)
	at com.microstar.xml.XmlParser.doParse(XmlParser.java:159)
	at com.microstar.xml.XmlParser.parse(XmlParser.java:132)
	at ptolemy.moml.MoMLParser.parse(MoMLParser.java:1676)
	at ptolemy.moml.MoMLParser.parse(MoMLParser.java:1595)
	at ptolemy.moml.MoMLParser.parse(MoMLParser.java:1537)
	at ptolemy.actor.gui.PtolemyEffigy$Factory.createEffigy(PtolemyEffigy.java:424)
	at ptolemy.actor.gui.EffigyFactory.createEffigy(EffigyFactory.java:234)
	at ptolemy.actor.gui.Configuration.openModel(Configuration.java:1125)
	at ptolemy.actor.gui.Configuration.openModel(Configuration.java:1051)
	at ptolemy.actor.gui.ConfigurationApplication._openModel(ConfigurationApplication.java:1252)
	at ptolemy.actor.gui.ConfigurationApplication._parseArg(ConfigurationApplication.java:1399)
	at ptolemy.actor.gui.ConfigurationApplication._parseArgs(ConfigurationApplication.java:1478)
	at ptolemy.actor.gui.ConfigurationApplication.<init>(ConfigurationApplication.java:277)
	at ptolemy.actor.gui.ConfigurationApplication.<init>(ConfigurationApplication.java:214)
	at ptolemy.actor.gui.ConfigurationApplication.<init>(ConfigurationApplication.java:201)
	at ptolemy.actor.gui.ConfigurationApplication.openModelOrEntity(ConfigurationApplication.java:680)
	at ptolemy.vergil.basic.export.ExportModel$1.run(ExportModel.java:220)
	at java.awt.event.InvocationEvent.dispatch(InvocationEvent.java:301)
	at java.awt.EventQueue.dispatchEventImpl(EventQueue.java:756)
	at java.awt.EventQueue.access$500(EventQueue.java:97)
	at java.awt.EventQueue$3.run(EventQueue.java:709)
	at java.awt.EventQueue$3.run(EventQueue.java:703)
	at java.security.AccessController.doPrivileged(Native Method)
	at java.security.ProtectionDomain$JavaSecurityAccessImpl.doIntersectionPrivilege(ProtectionDomain.java:80)
	at java.awt.EventQueue.dispatchEvent(EventQueue.java:726)
	at java.awt.EventDispatchThread.pumpOneEventForFilters(EventDispatchThread.java:201)
	at java.awt.EventDispatchThread.pumpEventsForFilter(EventDispatchThread.java:116)
	at java.awt.EventDispatchThread.pumpEventsForHierarchy(EventDispatchThread.java:105)
	at java.awt.EventDispatchThread.pumpEvents(EventDispatchThread.java:101)
	at java.awt.EventDispatchThread.pumpEvents(EventDispatchThread.java:93)
	at java.awt.EventDispatchThread.run(EventDispatchThread.java:82)
Caused by: ptolemy.kernel.util.InternalErrorException: Element <entity name="sender1" class="ptolemy.actor.ptalon.demo.ptinyos.SendAndReceiveCnt.CntToLedsAndRfm"> caused an exception to be thrown.
  in .SendAndReceiveCnt.SendAndReceiveCnt
Because:
Cannot find class: ptolemy.actor.ptalon.demo.ptinyos.SendAndReceiveCnt.CntToLedsAndRfm. In Ptolemy, classes are typically Java .class files. Entities like actors may instead be defined within a .xml file.  In any case, the class was not found. If the class uses a third party package, then the class would be present only if the third party package was found at compile time.  It may be necessary to upgrade Java or install the third party package, reconfigure and recompile.
Because:
Element <entity name="MicaLeds" class="ptolemy.domains.ptinyos.lib.MicaLeds"> caused an exception to be thrown.
  in .CntToLedsAndRfm
Because:
Cannot find class: ptolemy.domains.ptinyos.lib.MicaLeds. In Ptolemy, classes are typically Java .class files. Entities like actors may instead be defined within a .xml file.  In any case, the class was not found. If the class uses a third party package, then the class would be present only if the third party package was found at compile time.  It may be necessary to upgrade Java or install the third party package, reconfigure and recompile.
Because:
-- /home/travis/build/icyphy/ptII/ptolemy/actor/ptalon/demo/ptinyos/SendAndReceiveCnt/ptolemy/domains/ptinyos/lib/MicaLeds.xml (No such file or directory)
-- XML file not found relative to classpath.
-- /home/travis/build/icyphy/ptII/ptolemy/vergil/basic/export/test/ptolemy/domains/ptinyos/lib/MicaLeds.xml
/home/travis/build/icyphy/ptII/ptolemy/vergil/basic/export/test/ptolemy/domains/ptinyos/lib/MicaLeds.xml (No such file or directory)
 in file:/home/travis/build/icyphy/ptII/ptolemy/actor/ptalon/demo/ptinyos/SendAndReceiveCnt/CntToLedsAndRfm.xml at line 132 and column 63
	at ptolemy.moml.SimpleErrorHandler.handleError(SimpleErrorHandler.java:75)
	at ptolemy.moml.MoMLParser.startElement(MoMLParser.java:3805)
	at com.microstar.xml.XmlParser.parseElement(XmlParser.java:931)
	at com.microstar.xml.XmlParser.parseDocument(XmlParser.java:481)
	at com.microstar.xml.XmlParser.doParse(XmlParser.java:159)
	at com.microstar.xml.XmlParser.parse(XmlParser.java:132)
	at ptolemy.moml.MoMLParser.parse(MoMLParser.java:1660)
	at ptolemy.moml.MoMLParser.parse(MoMLParser.java:1617)
	at ptolemy.moml.MoMLParser.parse(MoMLParser.java:1792)
	at ptolemy.actor.ptalon.PtalonEvaluator.addActor(PtalonEvaluator.java:241)
	... 56 more
Caused by: ptolemy.kernel.util.IllegalActionException: Cannot find class: ptolemy.actor.ptalon.demo.ptinyos.SendAndReceiveCnt.CntToLedsAndRfm. In Ptolemy, classes are typically Java .class files. Entities like actors may instead be defined within a .xml file.  In any case, the class was not found. If the class uses a third party package, then the class would be present only if the third party package was found at compile time.  It may be necessary to upgrade Java or install the third party package, reconfigure and recompile.
Because:
Element <entity name="MicaLeds" class="ptolemy.domains.ptinyos.lib.MicaLeds"> caused an exception to be thrown.
  in .CntToLedsAndRfm
Because:
Cannot find class: ptolemy.domains.ptinyos.lib.MicaLeds. In Ptolemy, classes are typically Java .class files. Entities like actors may instead be defined within a .xml file.  In any case, the class was not found. If the class uses a third party package, then the class would be present only if the third party package was found at compile time.  It may be necessary to upgrade Java or install the third party package, reconfigure and recompile.
Because:
-- /home/travis/build/icyphy/ptII/ptolemy/actor/ptalon/demo/ptinyos/SendAndReceiveCnt/ptolemy/domains/ptinyos/lib/MicaLeds.xml (No such file or directory)
-- XML file not found relative to classpath.
-- /home/travis/build/icyphy/ptII/ptolemy/vergil/basic/export/test/ptolemy/domains/ptinyos/lib/MicaLeds.xml
/home/travis/build/icyphy/ptII/ptolemy/vergil/basic/export/test/ptolemy/domains/ptinyos/lib/MicaLeds.xml (No such file or directory)
 in file:/home/travis/build/icyphy/ptII/ptolemy/actor/ptalon/demo/ptinyos/SendAndReceiveCnt/CntToLedsAndRfm.xml at line 132 and column 63
	at ptolemy.moml.MoMLParser._createEntity(MoMLParser.java:4330)
	at ptolemy.moml.MoMLParser.startElement(MoMLParser.java:2864)
	... 64 more
Caused by: ptolemy.kernel.util.InternalErrorException: Element <entity name="MicaLeds" class="ptolemy.domains.ptinyos.lib.MicaLeds"> caused an exception to be thrown.
  in .CntToLedsAndRfm
Because:
Cannot find class: ptolemy.domains.ptinyos.lib.MicaLeds. In Ptolemy, classes are typically Java .class files. Entities like actors may instead be defined within a .xml file.  In any case, the class was not found. If the class uses a third party package, then the class would be present only if the third party package was found at compile time.  It may be necessary to upgrade Java or install the third party package, reconfigure and recompile.
Because:
-- /home/travis/build/icyphy/ptII/ptolemy/actor/ptalon/demo/ptinyos/SendAndReceiveCnt/ptolemy/domains/ptinyos/lib/MicaLeds.xml (No such file or directory)
-- XML file not found relative to classpath.
-- /home/travis/build/icyphy/ptII/ptolemy/vergil/basic/export/test/ptolemy/domains/ptinyos/lib/MicaLeds.xml
/home/travis/build/icyphy/ptII/ptolemy/vergil/basic/export/test/ptolemy/domains/ptinyos/lib/MicaLeds.xml (No such file or directory)
 in file:/home/travis/build/icyphy/ptII/ptolemy/actor/ptalon/demo/ptinyos/SendAndReceiveCnt/CntToLedsAndRfm.xml at line 132 and column 63
	at ptolemy.moml.SimpleErrorHandler.handleError(SimpleErrorHandler.java:75)
	at ptolemy.moml.MoMLParser.startElement(MoMLParser.java:3805)
	at com.microstar.xml.XmlParser.parseElement(XmlParser.java:921)
	at com.microstar.xml.XmlParser.parseContent(XmlParser.java:1104)
	at com.microstar.xml.XmlParser.parseElement(XmlParser.java:924)
	at com.microstar.xml.XmlParser.parseDocument(XmlParser.java:481)
	at com.microstar.xml.XmlParser.doParse(XmlParser.java:159)
	at com.microstar.xml.XmlParser.parse(XmlParser.java:132)
	at ptolemy.moml.MoMLParser.parse(MoMLParser.java:1676)
	at ptolemy.moml.MoMLParser.parse(MoMLParser.java:1595)
	at ptolemy.moml.MoMLParser.parse(MoMLParser.java:1537)
	at ptolemy.moml.MoMLParser._findOrParse(MoMLParser.java:5286)
	at ptolemy.moml.MoMLParser._attemptToFindMoMLClass(MoMLParser.java:4075)
	at ptolemy.moml.MoMLParser._createEntity(MoMLParser.java:4323)
	... 65 more
Caused by: ptolemy.kernel.util.IllegalActionException: Cannot find class: ptolemy.domains.ptinyos.lib.MicaLeds. In Ptolemy, classes are typically Java .class files. Entities like actors may instead be defined within a .xml file.  In any case, the class was not found. If the class uses a third party package, then the class would be present only if the third party package was found at compile time.  It may be necessary to upgrade Java or install the third party package, reconfigure and recompile.
Because:
-- /home/travis/build/icyphy/ptII/ptolemy/actor/ptalon/demo/ptinyos/SendAndReceiveCnt/ptolemy/domains/ptinyos/lib/MicaLeds.xml (No such file or directory)
-- XML file not found relative to classpath.
-- /home/travis/build/icyphy/ptII/ptolemy/vergil/basic/export/test/ptolemy/domains/ptinyos/lib/MicaLeds.xml
/home/travis/build/icyphy/ptII/ptolemy/vergil/basic/export/test/ptolemy/domains/ptinyos/lib/MicaLeds.xml (No such file or directory)
 in file:/home/travis/build/icyphy/ptII/ptolemy/actor/ptalon/demo/ptinyos/SendAndReceiveCnt/CntToLedsAndRfm.xml at line 132 and column 63
	at ptolemy.moml.MoMLParser._createEntity(MoMLParser.java:4330)
	at ptolemy.moml.MoMLParser.startElement(MoMLParser.java:2864)
	... 77 more
Caused by: com.microstar.xml.XmlException: -- /home/travis/build/icyphy/ptII/ptolemy/actor/ptalon/demo/ptinyos/SendAndReceiveCnt/ptolemy/domains/ptinyos/lib/MicaLeds.xml (No such file or directory)
-- XML file not found relative to classpath.
-- /home/travis/build/icyphy/ptII/ptolemy/vergil/basic/export/test/ptolemy/domains/ptinyos/lib/MicaLeds.xml
/home/travis/build/icyphy/ptII/ptolemy/vergil/basic/export/test/ptolemy/domains/ptinyos/lib/MicaLeds.xml (No such file or directory)
 in file:/home/travis/build/icyphy/ptII/ptolemy/actor/ptalon/demo/ptinyos/SendAndReceiveCnt/CntToLedsAndRfm.xml at line 132 and column 63
	at ptolemy.moml.MoMLParser.fileNameToURL(MoMLParser.java:1414)
	at ptolemy.moml.MoMLParser._findOrParse(MoMLParser.java:5283)
	at ptolemy.moml.MoMLParser._attemptToFindMoMLClass(MoMLParser.java:4075)
	at ptolemy.moml.MoMLParser._createEntity(MoMLParser.java:4323)
	... 78 more
ptolemy.kernel.util.IllegalActionException: Failed to process attribute change to PtalonParameter, whose value is "ptolemy.actor.ptalon.PtalonExpressionParameter {.SendAndReceiveCnt.SendAndReceiveCnt.channelName} "AtomicWirelessChannel"".
  in .SendAndReceiveCnt.SendAndReceiveCnt
Because:
Unable to add actor null
	at ptolemy.actor.ptalon.PtalonActor.attributeChanged(PtalonActor.java:211)
	at ptolemy.actor.ptalon.PtalonMLHandler.startElement(PtalonMLHandler.java:134)
	at com.microstar.xml.XmlParser.parseElement(XmlParser.java:921)
	at com.microstar.xml.XmlParser.parseContent(XmlParser.java:1104)
	at com.microstar.xml.XmlParser.parseElement(XmlParser.java:924)
	at com.microstar.xml.XmlParser.parseDocument(XmlParser.java:481)
	at com.microstar.xml.XmlParser.doParse(XmlParser.java:159)
	at com.microstar.xml.XmlParser.parse(XmlParser.java:132)
	at ptolemy.actor.ptalon.PtalonActor.configure(PtalonActor.java:240)
	at ptolemy.moml.MoMLParser.endElement(MoMLParser.java:996)
	at com.microstar.xml.XmlParser.parseETag(XmlParser.java:1026)
	at com.microstar.xml.XmlParser.parseContent(XmlParser.java:1098)
	at com.microstar.xml.XmlParser.parseElement(XmlParser.java:924)
	at com.microstar.xml.XmlParser.parseContent(XmlParser.java:1104)
	at com.microstar.xml.XmlParser.parseElement(XmlParser.java:924)
	at com.microstar.xml.XmlParser.parseContent(XmlParser.java:1104)
	at com.microstar.xml.XmlParser.parseElement(XmlParser.java:924)
	at com.microstar.xml.XmlParser.parseDocument(XmlParser.java:481)
	at com.microstar.xml.XmlParser.doParse(XmlParser.java:159)
	at com.microstar.xml.XmlParser.parse(XmlParser.java:132)
	at ptolemy.moml.MoMLParser.parse(MoMLParser.java:1676)
	at ptolemy.moml.MoMLParser.parse(MoMLParser.java:1595)
	at ptolemy.moml.MoMLParser.parse(MoMLParser.java:1537)
	at ptolemy.actor.gui.PtolemyEffigy$Factory.createEffigy(PtolemyEffigy.java:424)
	at ptolemy.actor.gui.EffigyFactory.createEffigy(EffigyFactory.java:234)
	at ptolemy.actor.gui.Configuration.openModel(Configuration.java:1125)
	at ptolemy.actor.gui.Configuration.openModel(Configuration.java:1051)
	at ptolemy.actor.gui.ConfigurationApplication._openModel(ConfigurationApplication.java:1252)
	at ptolemy.actor.gui.ConfigurationApplication._parseArg(ConfigurationApplication.java:1399)
	at ptolemy.actor.gui.ConfigurationApplication._parseArgs(ConfigurationApplication.java:1478)
	at ptolemy.actor.gui.ConfigurationApplication.<init>(ConfigurationApplication.java:277)
	at ptolemy.actor.gui.ConfigurationApplication.<init>(ConfigurationApplication.java:214)
	at ptolemy.actor.gui.ConfigurationApplication.<init>(ConfigurationApplication.java:201)
	at ptolemy.actor.gui.ConfigurationApplication.openModelOrEntity(ConfigurationApplication.java:680)
	at ptolemy.vergil.basic.export.ExportModel$1.run(ExportModel.java:220)
	at java.awt.event.InvocationEvent.dispatch(InvocationEvent.java:301)
	at java.awt.EventQueue.dispatchEventImpl(EventQueue.java:756)
	at java.awt.EventQueue.access$500(EventQueue.java:97)
	at java.awt.EventQueue$3.run(EventQueue.java:709)
	at java.awt.EventQueue$3.run(EventQueue.java:703)
	at java.security.AccessController.doPrivileged(Native Method)
	at java.security.ProtectionDomain$JavaSecurityAccessImpl.doIntersectionPrivilege(ProtectionDomain.java:80)
	at java.awt.EventQueue.dispatchEvent(EventQueue.java:726)
	at java.awt.EventDispatchThread.pumpOneEventForFilters(EventDispatchThread.java:201)
	at java.awt.EventDispatchThread.pumpEventsForFilter(EventDispatchThread.java:116)
	at java.awt.EventDispatchThread.pumpEventsForHierarchy(EventDispatchThread.java:105)
	at java.awt.EventDispatchThread.pumpEvents(EventDispatchThread.java:101)
	at java.awt.EventDispatchThread.pumpEvents(EventDispatchThread.java:93)
	at java.awt.EventDispatchThread.run(EventDispatchThread.java:82)
Caused by: ptolemy.actor.ptalon.PtalonRuntimeException: Unable to add actor null
	at ptolemy.actor.ptalon.PtalonEvaluator.addActor(PtalonEvaluator.java:300)
	at ptolemy.actor.ptalon.PtalonPopulator.actor_declaration(PtalonPopulator.java:1574)
	at ptolemy.actor.ptalon.PtalonPopulator.atomic_statement(PtalonPopulator.java:1638)
	at ptolemy.actor.ptalon.PtalonPopulator.iterative_statement_evaluator(PtalonPopulator.java:2484)
	at ptolemy.actor.ptalon.AbstractPtalonEvaluator$IfTree.evaluateForScope(AbstractPtalonEvaluator.java:1307)
	at ptolemy.actor.ptalon.AbstractPtalonEvaluator.evaluateForScope(AbstractPtalonEvaluator.java:744)
	at ptolemy.actor.ptalon.PtalonPopulator.iterative_statement(PtalonPopulator.java:2363)
	at ptolemy.actor.ptalon.PtalonPopulator.actor_definition(PtalonPopulator.java:2809)
	at ptolemy.actor.ptalon.PtalonActor.attributeChanged(PtalonActor.java:206)
	... 48 more
Caused by: ptolemy.kernel.util.InternalErrorException: Element <entity name="sender1" class="ptolemy.actor.ptalon.demo.ptinyos.SendAndReceiveCnt.CntToLedsAndRfm"> caused an exception to be thrown.
  in .SendAndReceiveCnt.SendAndReceiveCnt
Because:
Cannot find class: ptolemy.actor.ptalon.demo.ptinyos.SendAndReceiveCnt.CntToLedsAndRfm. In Ptolemy, classes are typically Java .class files. Entities like actors may instead be defined within a .xml file.  In any case, the class was not found. If the class uses a third party package, then the class would be present only if the third party package was found at compile time.  It may be necessary to upgrade Java or install the third party package, reconfigure and recompile.
Because:
Element <entity name="MicaLeds" class="ptolemy.domains.ptinyos.lib.MicaLeds"> caused an exception to be thrown.
  in .CntToLedsAndRfm
Because:
Cannot find class: ptolemy.domains.ptinyos.lib.MicaLeds. In Ptolemy, classes are typically Java .class files. Entities like actors may instead be defined within a .xml file.  In any case, the class was not found. If the class uses a third party package, then the class would be present only if the third party package was found at compile time.  It may be necessary to upgrade Java or install the third party package, reconfigure and recompile.
Because:
-- /home/travis/build/icyphy/ptII/ptolemy/actor/ptalon/demo/ptinyos/SendAndReceiveCnt/ptolemy/domains/ptinyos/lib/MicaLeds.xml (No such file or directory)
-- XML file not found relative to classpath.
-- /home/travis/build/icyphy/ptII/ptolemy/vergil/basic/export/test/ptolemy/domains/ptinyos/lib/MicaLeds.xml
/home/travis/build/icyphy/ptII/ptolemy/vergil/basic/export/test/ptolemy/domains/ptinyos/lib/MicaLeds.xml (No such file or directory)
 in file:/home/travis/build/icyphy/ptII/ptolemy/actor/ptalon/demo/ptinyos/SendAndReceiveCnt/CntToLedsAndRfm.xml at line 132 and column 63
	at ptolemy.moml.SimpleErrorHandler.handleError(SimpleErrorHandler.java:75)
	at ptolemy.moml.MoMLParser.startElement(MoMLParser.java:3805)
	at com.microstar.xml.XmlParser.parseElement(XmlParser.java:931)
	at com.microstar.xml.XmlParser.parseDocument(XmlParser.java:481)
	at com.microstar.xml.XmlParser.doParse(XmlParser.java:159)
	at com.microstar.xml.XmlParser.parse(XmlParser.java:132)
	at ptolemy.moml.MoMLParser.parse(MoMLParser.java:1660)
	at ptolemy.moml.MoMLParser.parse(MoMLParser.java:1617)
	at ptolemy.moml.MoMLParser.parse(MoMLParser.java:1792)
	at ptolemy.actor.ptalon.PtalonEvaluator.addActor(PtalonEvaluator.java:241)
	... 56 more
Caused by: ptolemy.kernel.util.IllegalActionException: Cannot find class: ptolemy.actor.ptalon.demo.ptinyos.SendAndReceiveCnt.CntToLedsAndRfm. In Ptolemy, classes are typically Java .class files. Entities like actors may instead be defined within a .xml file.  In any case, the class was not found. If the class uses a third party package, then the class would be present only if the third party package was found at compile time.  It may be necessary to upgrade Java or install the third party package, reconfigure and recompile.
Because:
Element <entity name="MicaLeds" class="ptolemy.domains.ptinyos.lib.MicaLeds"> caused an exception to be thrown.
  in .CntToLedsAndRfm
Because:
Cannot find class: ptolemy.domains.ptinyos.lib.MicaLeds. In Ptolemy, classes are typically Java .class files. Entities like actors may instead be defined within a .xml file.  In any case, the class was not found. If the class uses a third party package, then the class would be present only if the third party package was found at compile time.  It may be necessary to upgrade Java or install the third party package, reconfigure and recompile.
Because:
-- /home/travis/build/icyphy/ptII/ptolemy/actor/ptalon/demo/ptinyos/SendAndReceiveCnt/ptolemy/domains/ptinyos/lib/MicaLeds.xml (No such file or directory)
-- XML file not found relative to classpath.
-- /home/travis/build/icyphy/ptII/ptolemy/vergil/basic/export/test/ptolemy/domains/ptinyos/lib/MicaLeds.xml
/home/travis/build/icyphy/ptII/ptolemy/vergil/basic/export/test/ptolemy/domains/ptinyos/lib/MicaLeds.xml (No such file or directory)
 in file:/home/travis/build/icyphy/ptII/ptolemy/actor/ptalon/demo/ptinyos/SendAndReceiveCnt/CntToLedsAndRfm.xml at line 132 and column 63
	at ptolemy.moml.MoMLParser._createEntity(MoMLParser.java:4330)
	at ptolemy.moml.MoMLParser.startElement(MoMLParser.java:2864)
	... 64 more
Caused by: ptolemy.kernel.util.InternalErrorException: Element <entity name="MicaLeds" class="ptolemy.domains.ptinyos.lib.MicaLeds"> caused an exception to be thrown.
  in .CntToLedsAndRfm
Because:
Cannot find class: ptolemy.domains.ptinyos.lib.MicaLeds. In Ptolemy, classes are typically Java .class files. Entities like actors may instead be defined within a .xml file.  In any case, the class was not found. If the class uses a third party package, then the class would be present only if the third party package was found at compile time.  It may be necessary to upgrade Java or install the third party package, reconfigure and recompile.
Because:
-- /home/travis/build/icyphy/ptII/ptolemy/actor/ptalon/demo/ptinyos/SendAndReceiveCnt/ptolemy/domains/ptinyos/lib/MicaLeds.xml (No such file or directory)
-- XML file not found relative to classpath.
-- /home/travis/build/icyphy/ptII/ptolemy/vergil/basic/export/test/ptolemy/domains/ptinyos/lib/MicaLeds.xml
/home/travis/build/icyphy/ptII/ptolemy/vergil/basic/export/test/ptolemy/domains/ptinyos/lib/MicaLeds.xml (No such file or directory)
 in file:/home/travis/build/icyphy/ptII/ptolemy/actor/ptalon/demo/ptinyos/SendAndReceiveCnt/CntToLedsAndRfm.xml at line 132 and column 63
	at ptolemy.moml.SimpleErrorHandler.handleError(SimpleErrorHandler.java:75)
	at ptolemy.moml.MoMLParser.startElement(MoMLParser.java:3805)
	at com.microstar.xml.XmlParser.parseElement(XmlParser.java:921)
	at com.microstar.xml.XmlParser.parseContent(XmlParser.java:1104)
	at com.microstar.xml.XmlParser.parseElement(XmlParser.java:924)
	at com.microstar.xml.XmlParser.parseDocument(XmlParser.java:481)
	at com.microstar.xml.XmlParser.doParse(XmlParser.java:159)
	at com.microstar.xml.XmlParser.parse(XmlParser.java:132)
	at ptolemy.moml.MoMLParser.parse(MoMLParser.java:1676)
	at ptolemy.moml.MoMLParser.parse(MoMLParser.java:1595)
	at ptolemy.moml.MoMLParser.parse(MoMLParser.java:1537)
	at ptolemy.moml.MoMLParser._findOrParse(MoMLParser.java:5286)
	at ptolemy.moml.MoMLParser._attemptToFindMoMLClass(MoMLParser.java:4075)
	at ptolemy.moml.MoMLParser._createEntity(MoMLParser.java:4323)
	... 65 more
Caused by: ptolemy.kernel.util.IllegalActionException: Cannot find class: ptolemy.domains.ptinyos.lib.MicaLeds. In Ptolemy, classes are typically Java .class files. Entities like actors may instead be defined within a .xml file.  In any case, the class was not found. If the class uses a third party package, then the class would be present only if the third party package was found at compile time.  It may be necessary to upgrade Java or install the third party package, reconfigure and recompile.
Because:
-- /home/travis/build/icyphy/ptII/ptolemy/actor/ptalon/demo/ptinyos/SendAndReceiveCnt/ptolemy/domains/ptinyos/lib/MicaLeds.xml (No such file or directory)
-- XML file not found relative to classpath.
-- /home/travis/build/icyphy/ptII/ptolemy/vergil/basic/export/test/ptolemy/domains/ptinyos/lib/MicaLeds.xml
/home/travis/build/icyphy/ptII/ptolemy/vergil/basic/export/test/ptolemy/domains/ptinyos/lib/MicaLeds.xml (No such file or directory)
 in file:/home/travis/build/icyphy/ptII/ptolemy/actor/ptalon/demo/ptinyos/SendAndReceiveCnt/CntToLedsAndRfm.xml at line 132 and column 63
	at ptolemy.moml.MoMLParser._createEntity(MoMLParser.java:4330)
	at ptolemy.moml.MoMLParser.startElement(MoMLParser.java:2864)
	... 77 more
Caused by: com.microstar.xml.XmlException: -- /home/travis/build/icyphy/ptII/ptolemy/actor/ptalon/demo/ptinyos/SendAndReceiveCnt/ptolemy/domains/ptinyos/lib/MicaLeds.xml (No such file or directory)
-- XML file not found relative to classpath.
-- /home/travis/build/icyphy/ptII/ptolemy/vergil/basic/export/test/ptolemy/domains/ptinyos/lib/MicaLeds.xml
/home/travis/build/icyphy/ptII/ptolemy/vergil/basic/export/test/ptolemy/domains/ptinyos/lib/MicaLeds.xml (No such file or directory)
 in file:/home/travis/build/icyphy/ptII/ptolemy/actor/ptalon/demo/ptinyos/SendAndReceiveCnt/CntToLedsAndRfm.xml at line 132 and column 63
	at ptolemy.moml.MoMLParser.fileNameToURL(MoMLParser.java:1414)
	at ptolemy.moml.MoMLParser._findOrParse(MoMLParser.java:5283)
	at ptolemy.moml.MoMLParser._attemptToFindMoMLClass(MoMLParser.java:4075)
	at ptolemy.moml.MoMLParser._createEntity(MoMLParser.java:4323)
	... 78 more
Caused by: ptolemy.actor.ptalon.PtalonRuntimeException: Unable to add actor null
	at ptolemy.actor.ptalon.PtalonEvaluator.addActor(PtalonEvaluator.java:300)
	at ptolemy.actor.ptalon.PtalonPopulator.actor_declaration(PtalonPopulator.java:1574)
	at ptolemy.actor.ptalon.PtalonPopulator.atomic_statement(PtalonPopulator.java:1638)
	at ptolemy.actor.ptalon.PtalonPopulator.iterative_statement_evaluator(PtalonPopulator.java:2484)
	at ptolemy.actor.ptalon.AbstractPtalonEvaluator$IfTree.evaluateForScope(AbstractPtalonEvaluator.java:1307)
	at ptolemy.actor.ptalon.AbstractPtalonEvaluator.evaluateForScope(AbstractPtalonEvaluator.java:744)
	at ptolemy.actor.ptalon.PtalonPopulator.iterative_statement(PtalonPopulator.java:2363)
	at ptolemy.actor.ptalon.PtalonPopulator.actor_definition(PtalonPopulator.java:2809)
	at ptolemy.actor.ptalon.PtalonActor.attributeChanged(PtalonActor.java:206)
	at ptolemy.actor.ptalon.PtalonMLHandler.startElement(PtalonMLHandler.java:134)
	at com.microstar.xml.XmlParser.parseElement(XmlParser.java:921)
	at com.microstar.xml.XmlParser.parseContent(XmlParser.java:1104)
	at com.microstar.xml.XmlParser.parseElement(XmlParser.java:924)
	at com.microstar.xml.XmlParser.parseDocument(XmlParser.java:481)
	at com.microstar.xml.XmlParser.doParse(XmlParser.java:159)
	at com.microstar.xml.XmlParser.parse(XmlParser.java:132)
	at ptolemy.actor.ptalon.PtalonActor.configure(PtalonActor.java:240)
	at ptolemy.moml.MoMLParser.endElement(MoMLParser.java:996)
	at com.microstar.xml.XmlParser.parseETag(XmlParser.java:1026)
	at com.microstar.xml.XmlParser.parseContent(XmlParser.java:1098)
	at com.microstar.xml.XmlParser.parseElement(XmlParser.java:924)
	at com.microstar.xml.XmlParser.parseContent(XmlParser.java:1104)
	at com.microstar.xml.XmlParser.parseElement(XmlParser.java:924)
	at com.microstar.xml.XmlParser.parseContent(XmlParser.java:1104)
	at com.microstar.xml.XmlParser.parseElement(XmlParser.java:924)
	at com.microstar.xml.XmlParser.parseDocument(XmlParser.java:481)
	at com.microstar.xml.XmlParser.doParse(XmlParser.java:159)
	at com.microstar.xml.XmlParser.parse(XmlParser.java:132)
	at ptolemy.moml.MoMLParser.parse(MoMLParser.java:1676)
	at ptolemy.moml.MoMLParser.parse(MoMLParser.java:1595)
	at ptolemy.moml.MoMLParser.parse(MoMLParser.java:1537)
	at ptolemy.actor.gui.PtolemyEffigy$Factory.createEffigy(PtolemyEffigy.java:424)
	at ptolemy.actor.gui.EffigyFactory.createEffigy(EffigyFactory.java:234)
	at ptolemy.actor.gui.Configuration.openModel(Configuration.java:1125)
	at ptolemy.actor.gui.Configuration.openModel(Configuration.java:1051)
	at ptolemy.actor.gui.ConfigurationApplication._openModel(ConfigurationApplication.java:1252)
	at ptolemy.actor.gui.ConfigurationApplication._parseArg(ConfigurationApplication.java:1399)
	at ptolemy.actor.gui.ConfigurationApplication._parseArgs(ConfigurationApplication.java:1478)
	at ptolemy.actor.gui.ConfigurationApplication.<init>(ConfigurationApplication.java:277)
	at ptolemy.actor.gui.ConfigurationApplication.<init>(ConfigurationApplication.java:214)
	at ptolemy.actor.gui.ConfigurationApplication.<init>(ConfigurationApplication.java:201)
	at ptolemy.actor.gui.ConfigurationApplication.openModelOrEntity(ConfigurationApplication.java:680)
	at ptolemy.vergil.basic.export.ExportModel$1.run(ExportModel.java:220)
	at java.awt.event.InvocationEvent.dispatch(InvocationEvent.java:301)
	at java.awt.EventQueue.dispatchEventImpl(EventQueue.java:756)
	at java.awt.EventQueue.access$500(EventQueue.java:97)
	at java.awt.EventQueue$3.run(EventQueue.java:709)
	at java.awt.EventQueue$3.run(EventQueue.java:703)
	at java.security.AccessController.doPrivileged(Native Method)
	at java.security.ProtectionDomain$JavaSecurityAccessImpl.doIntersectionPrivilege(ProtectionDomain.java:80)
	at java.awt.EventQueue.dispatchEvent(EventQueue.java:726)
	at java.awt.EventDispatchThread.pumpOneEventForFilters(EventDispatchThread.java:201)
	at java.awt.EventDispatchThread.pumpEventsForFilter(EventDispatchThread.java:116)
	at java.awt.EventDispatchThread.pumpEventsForHierarchy(EventDispatchThread.java:105)
	at java.awt.EventDispatchThread.pumpEvents(EventDispatchThread.java:101)
	at java.awt.EventDispatchThread.pumpEvents(EventDispatchThread.java:93)
	at java.awt.EventDispatchThread.run(EventDispatchThread.java:82)
Caused by: ptolemy.kernel.util.InternalErrorException: Element <entity name="sender1" class="ptolemy.actor.ptalon.demo.ptinyos.SendAndReceiveCnt.CntToLedsAndRfm"> caused an exception to be thrown.
  in .SendAndReceiveCnt.SendAndReceiveCnt
Because:
Cannot find class: ptolemy.actor.ptalon.demo.ptinyos.SendAndReceiveCnt.CntToLedsAndRfm. In Ptolemy, classes are typically Java .class files. Entities like actors may instead be defined within a .xml file.  In any case, the class was not found. If the class uses a third party package, then the class would be present only if the third party package was found at compile time.  It may be necessary to upgrade Java or install the third party package, reconfigure and recompile.
Because:
Element <entity name="MicaLeds" class="ptolemy.domains.ptinyos.lib.MicaLeds"> caused an exception to be thrown.
  in .CntToLedsAndRfm
Because:
Cannot find class: ptolemy.domains.ptinyos.lib.MicaLeds. In Ptolemy, classes are typically Java .class files. Entities like actors may instead be defined within a .xml file.  In any case, the class was not found. If the class uses a third party package, then the class would be present only if the third party package was found at compile time.  It may be necessary to upgrade Java or install the third party package, reconfigure and recompile.
Because:
-- /home/travis/build/icyphy/ptII/ptolemy/actor/ptalon/demo/ptinyos/SendAndReceiveCnt/ptolemy/domains/ptinyos/lib/MicaLeds.xml (No such file or directory)
-- XML file not found relative to classpath.
-- /home/travis/build/icyphy/ptII/ptolemy/vergil/basic/export/test/ptolemy/domains/ptinyos/lib/MicaLeds.xml
/home/travis/build/icyphy/ptII/ptolemy/vergil/basic/export/test/ptolemy/domains/ptinyos/lib/MicaLeds.xml (No such file or directory)
 in file:/home/travis/build/icyphy/ptII/ptolemy/actor/ptalon/demo/ptinyos/SendAndReceiveCnt/CntToLedsAndRfm.xml at line 132 and column 63
	at ptolemy.moml.SimpleErrorHandler.handleError(SimpleErrorHandler.java:75)
	at ptolemy.moml.MoMLParser.startElement(MoMLParser.java:3805)
	at com.microstar.xml.XmlParser.parseElement(XmlParser.java:931)
	at com.microstar.xml.XmlParser.parseDocument(XmlParser.java:481)
	at com.microstar.xml.XmlParser.doParse(XmlParser.java:159)
	at com.microstar.xml.XmlParser.parse(XmlParser.java:132)
	at ptolemy.moml.MoMLParser.parse(MoMLParser.java:1660)
	at ptolemy.moml.MoMLParser.parse(MoMLParser.java:1617)
	at ptolemy.moml.MoMLParser.parse(MoMLParser.java:1792)
	at ptolemy.actor.ptalon.PtalonEvaluator.addActor(PtalonEvaluator.java:241)
	... 56 more
Caused by: ptolemy.kernel.util.IllegalActionException: Cannot find class: ptolemy.actor.ptalon.demo.ptinyos.SendAndReceiveCnt.CntToLedsAndRfm. In Ptolemy, classes are typically Java .class files. Entities like actors may instead be defined within a .xml file.  In any case, the class was not found. If the class uses a third party package, then the class would be present only if the third party package was found at compile time.  It may be necessary to upgrade Java or install the third party package, reconfigure and recompile.
Because:
Element <entity name="MicaLeds" class="ptolemy.domains.ptinyos.lib.MicaLeds"> caused an exception to be thrown.
  in .CntToLedsAndRfm
Because:
Cannot find class: ptolemy.domains.ptinyos.lib.MicaLeds. In Ptolemy, classes are typically Java .class files. Entities like actors may instead be defined within a .xml file.  In any case, the class was not found. If the class uses a third party package, then the class would be present only if the third party package was found at compile time.  It may be necessary to upgrade Java or install the third party package, reconfigure and recompile.
Because:
-- /home/travis/build/icyphy/ptII/ptolemy/actor/ptalon/demo/ptinyos/SendAndReceiveCnt/ptolemy/domains/ptinyos/lib/MicaLeds.xml (No such file or directory)
-- XML file not found relative to classpath.
-- /home/travis/build/icyphy/ptII/ptolemy/vergil/basic/export/test/ptolemy/domains/ptinyos/lib/MicaLeds.xml
/home/travis/build/icyphy/ptII/ptolemy/vergil/basic/export/test/ptolemy/domains/ptinyos/lib/MicaLeds.xml (No such file or directory)
 in file:/home/travis/build/icyphy/ptII/ptolemy/actor/ptalon/demo/ptinyos/SendAndReceiveCnt/CntToLedsAndRfm.xml at line 132 and column 63
	at ptolemy.moml.MoMLParser._createEntity(MoMLParser.java:4330)
	at ptolemy.moml.MoMLParser.startElement(MoMLParser.java:2864)
	... 64 more
Caused by: ptolemy.kernel.util.InternalErrorException: Element <entity name="MicaLeds" class="ptolemy.domains.ptinyos.lib.MicaLeds"> caused an exception to be thrown.
  in .CntToLedsAndRfm
Because:
Cannot find class: ptolemy.domains.ptinyos.lib.MicaLeds. In Ptolemy, classes are typically Java .class files. Entities like actors may instead be defined within a .xml file.  In any case, the class was not found. If the class uses a third party package, then the class would be present only if the third party package was found at compile time.  It may be necessary to upgrade Java or install the third party package, reconfigure and recompile.
Because:
-- /home/travis/build/icyphy/ptII/ptolemy/actor/ptalon/demo/ptinyos/SendAndReceiveCnt/ptolemy/domains/ptinyos/lib/MicaLeds.xml (No such file or directory)
-- XML file not found relative to classpath.
-- /home/travis/build/icyphy/ptII/ptolemy/vergil/basic/export/test/ptolemy/domains/ptinyos/lib/MicaLeds.xml
/home/travis/build/icyphy/ptII/ptolemy/vergil/basic/export/test/ptolemy/domains/ptinyos/lib/MicaLeds.xml (No such file or directory)
 in file:/home/travis/build/icyphy/ptII/ptolemy/actor/ptalon/demo/ptinyos/SendAndReceiveCnt/CntToLedsAndRfm.xml at line 132 and column 63
	at ptolemy.moml.SimpleErrorHandler.handleError(SimpleErrorHandler.java:75)
	at ptolemy.moml.MoMLParser.startElement(MoMLParser.java:3805)
	at com.microstar.xml.XmlParser.parseElement(XmlParser.java:921)
	at com.microstar.xml.XmlParser.parseContent(XmlParser.java:1104)
	at com.microstar.xml.XmlParser.parseElement(XmlParser.java:924)
	at com.microstar.xml.XmlParser.parseDocument(XmlParser.java:481)
	at com.microstar.xml.XmlParser.doParse(XmlParser.java:159)
	at com.microstar.xml.XmlParser.parse(XmlParser.java:132)
	at ptolemy.moml.MoMLParser.parse(MoMLParser.java:1676)
	at ptolemy.moml.MoMLParser.parse(MoMLParser.java:1595)
	at ptolemy.moml.MoMLParser.parse(MoMLParser.java:1537)
	at ptolemy.moml.MoMLParser._findOrParse(MoMLParser.java:5286)
	at ptolemy.moml.MoMLParser._attemptToFindMoMLClass(MoMLParser.java:4075)
	at ptolemy.moml.MoMLParser._createEntity(MoMLParser.java:4323)
	... 65 more
Caused by: ptolemy.kernel.util.IllegalActionException: Cannot find class: ptolemy.domains.ptinyos.lib.MicaLeds. In Ptolemy, classes are typically Java .class files. Entities like actors may instead be defined within a .xml file.  In any case, the class was not found. If the class uses a third party package, then the class would be present only if the third party package was found at compile time.  It may be necessary to upgrade Java or install the third party package, reconfigure and recompile.
Because:
-- /home/travis/build/icyphy/ptII/ptolemy/actor/ptalon/demo/ptinyos/SendAndReceiveCnt/ptolemy/domains/ptinyos/lib/MicaLeds.xml (No such file or directory)
-- XML file not found relative to classpath.
-- /home/travis/build/icyphy/ptII/ptolemy/vergil/basic/export/test/ptolemy/domains/ptinyos/lib/MicaLeds.xml
/home/travis/build/icyphy/ptII/ptolemy/vergil/basic/export/test/ptolemy/domains/ptinyos/lib/MicaLeds.xml (No such file or directory)
 in file:/home/travis/build/icyphy/ptII/ptolemy/actor/ptalon/demo/ptinyos/SendAndReceiveCnt/CntToLedsAndRfm.xml at line 132 and column 63
	at ptolemy.moml.MoMLParser._createEntity(MoMLParser.java:4330)
	at ptolemy.moml.MoMLParser.startElement(MoMLParser.java:2864)
	... 77 more
Caused by: com.microstar.xml.XmlException: -- /home/travis/build/icyphy/ptII/ptolemy/actor/ptalon/demo/ptinyos/SendAndReceiveCnt/ptolemy/domains/ptinyos/lib/MicaLeds.xml (No such file or directory)
-- XML file not found relative to classpath.
-- /home/travis/build/icyphy/ptII/ptolemy/vergil/basic/export/test/ptolemy/domains/ptinyos/lib/MicaLeds.xml
/home/travis/build/icyphy/ptII/ptolemy/vergil/basic/export/test/ptolemy/domains/ptinyos/lib/MicaLeds.xml (No such file or directory)
 in file:/home/travis/build/icyphy/ptII/ptolemy/actor/ptalon/demo/ptinyos/SendAndReceiveCnt/CntToLedsAndRfm.xml at line 132 and column 63
	at ptolemy.moml.MoMLParser.fileNameToURL(MoMLParser.java:1414)
	at ptolemy.moml.MoMLParser._findOrParse(MoMLParser.java:5283)
	at ptolemy.moml.MoMLParser._attemptToFindMoMLClass(MoMLParser.java:4075)
	at ptolemy.moml.MoMLParser._createEntity(MoMLParser.java:4323)
	... 78 more
Failed to read file:/home/travis/build/icyphy/ptII/ptolemy/actor/ptalon/demo/ptinyos/SendAndReceiveCnt/SendAndReceiveCnt.xml
ptolemy.kernel.util.IllegalActionException: Failed to process attribute change to PtalonParameter, whose value is "ptolemy.actor.ptalon.PtalonExpressionParameter {.SendAndReceiveCnt.SendAndReceiveCnt.channelName} "AtomicWirelessChannel"".
  in .SendAndReceiveCnt.SendAndReceiveCnt
Because:
Unable to add actor null
	at ptolemy.actor.ptalon.PtalonActor.attributeChanged(PtalonActor.java:211)
	at ptolemy.actor.ptalon.PtalonMLHandler.startElement(PtalonMLHandler.java:134)
	at com.microstar.xml.XmlParser.parseElement(XmlParser.java:921)
	at com.microstar.xml.XmlParser.parseContent(XmlParser.java:1104)
	at com.microstar.xml.XmlParser.parseElement(XmlParser.java:924)
	at com.microstar.xml.XmlParser.parseDocument(XmlParser.java:481)
	at com.microstar.xml.XmlParser.doParse(XmlParser.java:159)
	at com.microstar.xml.XmlParser.parse(XmlParser.java:132)
	at ptolemy.actor.ptalon.PtalonActor.configure(PtalonActor.java:240)
	at ptolemy.moml.MoMLParser.endElement(MoMLParser.java:996)
	at com.microstar.xml.XmlParser.parseETag(XmlParser.java:1026)
	at com.microstar.xml.XmlParser.parseContent(XmlParser.java:1098)
	at com.microstar.xml.XmlParser.parseElement(XmlParser.java:924)
	at com.microstar.xml.XmlParser.parseContent(XmlParser.java:1104)
	at com.microstar.xml.XmlParser.parseElement(XmlParser.java:924)
	at com.microstar.xml.XmlParser.parseContent(XmlParser.java:1104)
	at com.microstar.xml.XmlParser.parseElement(XmlParser.java:924)
	at com.microstar.xml.XmlParser.parseDocument(XmlParser.java:481)
	at com.microstar.xml.XmlParser.doParse(XmlParser.java:159)
	at com.microstar.xml.XmlParser.parse(XmlParser.java:132)
	at ptolemy.moml.MoMLParser.parse(MoMLParser.java:1676)
	at ptolemy.moml.MoMLParser.parse(MoMLParser.java:1595)
	at ptolemy.moml.MoMLParser.parse(MoMLParser.java:1537)
	at ptolemy.actor.gui.PtolemyEffigy$Factory.createEffigy(PtolemyEffigy.java:424)
	at ptolemy.actor.gui.EffigyFactory.createEffigy(EffigyFactory.java:234)
	at ptolemy.actor.gui.Configuration.openModel(Configuration.java:1125)
	at ptolemy.actor.gui.Configuration.openModel(Configuration.java:1051)
	at ptolemy.actor.gui.ConfigurationApplication._openModel(ConfigurationApplication.java:1252)
	at ptolemy.actor.gui.ConfigurationApplication._parseArg(ConfigurationApplication.java:1399)
	at ptolemy.actor.gui.ConfigurationApplication._parseArgs(ConfigurationApplication.java:1478)
	at ptolemy.actor.gui.ConfigurationApplication.<init>(ConfigurationApplication.java:277)
	at ptolemy.actor.gui.ConfigurationApplication.<init>(ConfigurationApplication.java:214)
	at ptolemy.actor.gui.ConfigurationApplication.<init>(ConfigurationApplication.java:201)
	at ptolemy.actor.gui.ConfigurationApplication.openModelOrEntity(ConfigurationApplication.java:680)
	at ptolemy.vergil.basic.export.ExportModel$1.run(ExportModel.java:220)
	at java.awt.event.InvocationEvent.dispatch(InvocationEvent.java:301)
	at java.awt.EventQueue.dispatchEventImpl(EventQueue.java:756)
	at java.awt.EventQueue.access$500(EventQueue.java:97)
	at java.awt.EventQueue$3.run(EventQueue.java:709)
	at java.awt.EventQueue$3.run(EventQueue.java:703)
	at java.security.AccessController.doPrivileged(Native Method)
	at java.security.ProtectionDomain$JavaSecurityAccessImpl.doIntersectionPrivilege(ProtectionDomain.java:80)
	at java.awt.EventQueue.dispatchEvent(EventQueue.java:726)
	at java.awt.EventDispatchThread.pumpOneEventForFilters(EventDispatchThread.java:201)
	at java.awt.EventDispatchThread.pumpEventsForFilter(EventDispatchThread.java:116)
	at java.awt.EventDispatchThread.pumpEventsForHierarchy(EventDispatchThread.java:105)
	at java.awt.EventDispatchThread.pumpEvents(EventDispatchThread.java:101)
	at java.awt.EventDispatchThread.pumpEvents(EventDispatchThread.java:93)
	at java.awt.EventDispatchThread.run(EventDispatchThread.java:82)
Caused by: ptolemy.actor.ptalon.PtalonRuntimeException: Unable to add actor null
	at ptolemy.actor.ptalon.PtalonEvaluator.addActor(PtalonEvaluator.java:300)
	at ptolemy.actor.ptalon.PtalonPopulator.actor_declaration(PtalonPopulator.java:1574)
	at ptolemy.actor.ptalon.PtalonPopulator.atomic_statement(PtalonPopulator.java:1638)
	at ptolemy.actor.ptalon.PtalonPopulator.iterative_statement_evaluator(PtalonPopulator.java:2484)
	at ptolemy.actor.ptalon.AbstractPtalonEvaluator$IfTree.evaluateForScope(AbstractPtalonEvaluator.java:1307)
	at ptolemy.actor.ptalon.AbstractPtalonEvaluator.evaluateForScope(AbstractPtalonEvaluator.java:744)
	at ptolemy.actor.ptalon.PtalonPopulator.iterative_statement(PtalonPopulator.java:2363)
	at ptolemy.actor.ptalon.PtalonPopulator.actor_definition(PtalonPopulator.java:2809)
	at ptolemy.actor.ptalon.PtalonActor.attributeChanged(PtalonActor.java:206)
	... 48 more
Caused by: ptolemy.kernel.util.InternalErrorException: Element <entity name="sender1" class="ptolemy.actor.ptalon.demo.ptinyos.SendAndReceiveCnt.CntToLedsAndRfm"> caused an exception to be thrown.
  in .SendAndReceiveCnt.SendAndReceiveCnt
Because:
Cannot find class: ptolemy.actor.ptalon.demo.ptinyos.SendAndReceiveCnt.CntToLedsAndRfm. In Ptolemy, classes are typically Java .class files. Entities like actors may instead be defined within a .xml file.  In any case, the class was not found. If the class uses a third party package, then the class would be present only if the third party package was found at compile time.  It may be necessary to upgrade Java or install the third party package, reconfigure and recompile.
Because:
Element <entity name="MicaLeds" class="ptolemy.domains.ptinyos.lib.MicaLeds"> caused an exception to be thrown.
  in .CntToLedsAndRfm
Because:
Cannot find class: ptolemy.domains.ptinyos.lib.MicaLeds. In Ptolemy, classes are typically Java .class files. Entities like actors may instead be defined within a .xml file.  In any case, the class was not found. If the class uses a third party package, then the class would be present only if the third party package was found at compile time.  It may be necessary to upgrade Java or install the third party package, reconfigure and recompile.
Because:
-- /home/travis/build/icyphy/ptII/ptolemy/actor/ptalon/demo/ptinyos/SendAndReceiveCnt/ptolemy/domains/ptinyos/lib/MicaLeds.xml (No such file or directory)
-- XML file not found relative to classpath.
-- /home/travis/build/icyphy/ptII/ptolemy/vergil/basic/export/test/ptolemy/domains/ptinyos/lib/MicaLeds.xml
/home/travis/build/icyphy/ptII/ptolemy/vergil/basic/export/test/ptolemy/domains/ptinyos/lib/MicaLeds.xml (No such file or directory)
 in file:/home/travis/build/icyphy/ptII/ptolemy/actor/ptalon/demo/ptinyos/SendAndReceiveCnt/CntToLedsAndRfm.xml at line 132 and column 63
	at ptolemy.moml.SimpleErrorHandler.handleError(SimpleErrorHandler.java:75)
	at ptolemy.moml.MoMLParser.startElement(MoMLParser.java:3805)
	at com.microstar.xml.XmlParser.parseElement(XmlParser.java:931)
	at com.microstar.xml.XmlParser.parseDocument(XmlParser.java:481)
	at com.microstar.xml.XmlParser.doParse(XmlParser.java:159)
	at com.microstar.xml.XmlParser.parse(XmlParser.java:132)
	at ptolemy.moml.MoMLParser.parse(MoMLParser.java:1660)
	at ptolemy.moml.MoMLParser.parse(MoMLParser.java:1617)
	at ptolemy.moml.MoMLParser.parse(MoMLParser.java:1792)
	at ptolemy.actor.ptalon.PtalonEvaluator.addActor(PtalonEvaluator.java:241)
	... 56 more
Caused by: ptolemy.kernel.util.IllegalActionException: Cannot find class: ptolemy.actor.ptalon.demo.ptinyos.SendAndReceiveCnt.CntToLedsAndRfm. In Ptolemy, classes are typically Java .class files. Entities like actors may instead be defined within a .xml file.  In any case, the class was not found. If the class uses a third party package, then the class would be present only if the third party package was found at compile time.  It may be necessary to upgrade Java or install the third party package, reconfigure and recompile.
Because:
Element <entity name="MicaLeds" class="ptolemy.domains.ptinyos.lib.MicaLeds"> caused an exception to be thrown.
  in .CntToLedsAndRfm
Because:
Cannot find class: ptolemy.domains.ptinyos.lib.MicaLeds. In Ptolemy, classes are typically Java .class files. Entities like actors may instead be defined within a .xml file.  In any case, the class was not found. If the class uses a third party package, then the class would be present only if the third party package was found at compile time.  It may be necessary to upgrade Java or install the third party package, reconfigure and recompile.
Because:
-- /home/travis/build/icyphy/ptII/ptolemy/actor/ptalon/demo/ptinyos/SendAndReceiveCnt/ptolemy/domains/ptinyos/lib/MicaLeds.xml (No such file or directory)
-- XML file not found relative to classpath.
-- /home/travis/build/icyphy/ptII/ptolemy/vergil/basic/export/test/ptolemy/domains/ptinyos/lib/MicaLeds.xml
/home/travis/build/icyphy/ptII/ptolemy/vergil/basic/export/test/ptolemy/domains/ptinyos/lib/MicaLeds.xml (No such file or directory)
 in file:/home/travis/build/icyphy/ptII/ptolemy/actor/ptalon/demo/ptinyos/SendAndReceiveCnt/CntToLedsAndRfm.xml at line 132 and column 63
	at ptolemy.moml.MoMLParser._createEntity(MoMLParser.java:4330)
	at ptolemy.moml.MoMLParser.startElement(MoMLParser.java:2864)
	... 64 more
Caused by: ptolemy.kernel.util.InternalErrorException: Element <entity name="MicaLeds" class="ptolemy.domains.ptinyos.lib.MicaLeds"> caused an exception to be thrown.
  in .CntToLedsAndRfm
Because:
Cannot find class: ptolemy.domains.ptinyos.lib.MicaLeds. In Ptolemy, classes are typically Java .class files. Entities like actors may instead be defined within a .xml file.  In any case, the class was not found. If the class uses a third party package, then the class would be present only if the third party package was found at compile time.  It may be necessary to upgrade Java or install the third party package, reconfigure and recompile.
Because:
-- /home/travis/build/icyphy/ptII/ptolemy/actor/ptalon/demo/ptinyos/SendAndReceiveCnt/ptolemy/domains/ptinyos/lib/MicaLeds.xml (No such file or directory)
-- XML file not found relative to classpath.
-- /home/travis/build/icyphy/ptII/ptolemy/vergil/basic/export/test/ptolemy/domains/ptinyos/lib/MicaLeds.xml
/home/travis/build/icyphy/ptII/ptolemy/vergil/basic/export/test/ptolemy/domains/ptinyos/lib/MicaLeds.xml (No such file or directory)
 in file:/home/travis/build/icyphy/ptII/ptolemy/actor/ptalon/demo/ptinyos/SendAndReceiveCnt/CntToLedsAndRfm.xml at line 132 and column 63
	at ptolemy.moml.SimpleErrorHandler.handleError(SimpleErrorHandler.java:75)
	at ptolemy.moml.MoMLParser.startElement(MoMLParser.java:3805)
	at com.microstar.xml.XmlParser.parseElement(XmlParser.java:921)
	at com.microstar.xml.XmlParser.parseContent(XmlParser.java:1104)
	at com.microstar.xml.XmlParser.parseElement(XmlParser.java:924)
	at com.microstar.xml.XmlParser.parseDocument(XmlParser.java:481)
	at com.microstar.xml.XmlParser.doParse(XmlParser.java:159)
	at com.microstar.xml.XmlParser.parse(XmlParser.java:132)
	at ptolemy.moml.MoMLParser.parse(MoMLParser.java:1676)
	at ptolemy.moml.MoMLParser.parse(MoMLParser.java:1595)
	at ptolemy.moml.MoMLParser.parse(MoMLParser.java:1537)
	at ptolemy.moml.MoMLParser._findOrParse(MoMLParser.java:5286)
	at ptolemy.moml.MoMLParser._attemptToFindMoMLClass(MoMLParser.java:4075)
	at ptolemy.moml.MoMLParser._createEntity(MoMLParser.java:4323)
	... 65 more
Caused by: ptolemy.kernel.util.IllegalActionException: Cannot find class: ptolemy.domains.ptinyos.lib.MicaLeds. In Ptolemy, classes are typically Java .class files. Entities like actors may instead be defined within a .xml file.  In any case, the class was not found. If the class uses a third party package, then the class would be present only if the third party package was found at compile time.  It may be necessary to upgrade Java or install the third party package, reconfigure and recompile.
Because:
-- /home/travis/build/icyphy/ptII/ptolemy/actor/ptalon/demo/ptinyos/SendAndReceiveCnt/ptolemy/domains/ptinyos/lib/MicaLeds.xml (No such file or directory)
-- XML file not found relative to classpath.
-- /home/travis/build/icyphy/ptII/ptolemy/vergil/basic/export/test/ptolemy/domains/ptinyos/lib/MicaLeds.xml
/home/travis/build/icyphy/ptII/ptolemy/vergil/basic/export/test/ptolemy/domains/ptinyos/lib/MicaLeds.xml (No such file or directory)
 in file:/home/travis/build/icyphy/ptII/ptolemy/actor/ptalon/demo/ptinyos/SendAndReceiveCnt/CntToLedsAndRfm.xml at line 132 and column 63
	at ptolemy.moml.MoMLParser._createEntity(MoMLParser.java:4330)
	at ptolemy.moml.MoMLParser.startElement(MoMLParser.java:2864)
	... 77 more
Caused by: com.microstar.xml.XmlException: -- /home/travis/build/icyphy/ptII/ptolemy/actor/ptalon/demo/ptinyos/SendAndReceiveCnt/ptolemy/domains/ptinyos/lib/MicaLeds.xml (No such file or directory)
-- XML file not found relative to classpath.
-- /home/travis/build/icyphy/ptII/ptolemy/vergil/basic/export/test/ptolemy/domains/ptinyos/lib/MicaLeds.xml
/home/travis/build/icyphy/ptII/ptolemy/vergil/basic/export/test/ptolemy/domains/ptinyos/lib/MicaLeds.xml (No such file or directory)
 in file:/home/travis/build/icyphy/ptII/ptolemy/actor/ptalon/demo/ptinyos/SendAndReceiveCnt/CntToLedsAndRfm.xml at line 132 and column 63
	at ptolemy.moml.MoMLParser.fileNameToURL(MoMLParser.java:1414)
	at ptolemy.moml.MoMLParser._findOrParse(MoMLParser.java:5283)
	at ptolemy.moml.MoMLParser._attemptToFindMoMLClass(MoMLParser.java:4075)
	at ptolemy.moml.MoMLParser._createEntity(MoMLParser.java:4323)
	... 78 more
Caused by: ptolemy.actor.ptalon.PtalonRuntimeException: Unable to add actor null
	at ptolemy.actor.ptalon.PtalonEvaluator.addActor(PtalonEvaluator.java:300)
	at ptolemy.actor.ptalon.PtalonPopulator.actor_declaration(PtalonPopulator.java:1574)
	at ptolemy.actor.ptalon.PtalonPopulator.atomic_statement(PtalonPopulator.java:1638)
	at ptolemy.actor.ptalon.PtalonPopulator.iterative_statement_evaluator(PtalonPopulator.java:2484)
	at ptolemy.actor.ptalon.AbstractPtalonEvaluator$IfTree.evaluateForScope(AbstractPtalonEvaluator.java:1307)
	at ptolemy.actor.ptalon.AbstractPtalonEvaluator.evaluateForScope(AbstractPtalonEvaluator.java:744)
	at ptolemy.actor.ptalon.PtalonPopulator.iterative_statement(PtalonPopulator.java:2363)
	at ptolemy.actor.ptalon.PtalonPopulator.actor_definition(PtalonPopulator.java:2809)
	at ptolemy.actor.ptalon.PtalonActor.attributeChanged(PtalonActor.java:206)
	at ptolemy.actor.ptalon.PtalonMLHandler.startElement(PtalonMLHandler.java:134)
	at com.microstar.xml.XmlParser.parseElement(XmlParser.java:921)
	at com.microstar.xml.XmlParser.parseContent(XmlParser.java:1104)
	at com.microstar.xml.XmlParser.parseElement(XmlParser.java:924)
	at com.microstar.xml.XmlParser.parseDocument(XmlParser.java:481)
	at com.microstar.xml.XmlParser.doParse(XmlParser.java:159)
	at com.microstar.xml.XmlParser.parse(XmlParser.java:132)
	at ptolemy.actor.ptalon.PtalonActor.configure(PtalonActor.java:240)
	at ptolemy.moml.MoMLParser.endElement(MoMLParser.java:996)
	at com.microstar.xml.XmlParser.parseETag(XmlParser.java:1026)
	at com.microstar.xml.XmlParser.parseContent(XmlParser.java:1098)
	at com.microstar.xml.XmlParser.parseElement(XmlParser.java:924)
	at com.microstar.xml.XmlParser.parseContent(XmlParser.java:1104)
	at com.microstar.xml.XmlParser.parseElement(XmlParser.java:924)
	at com.microstar.xml.XmlParser.parseContent(XmlParser.java:1104)
	at com.microstar.xml.XmlParser.parseElement(XmlParser.java:924)
	at com.microstar.xml.XmlParser.parseDocument(XmlParser.java:481)
	at com.microstar.xml.XmlParser.doParse(XmlParser.java:159)
	at com.microstar.xml.XmlParser.parse(XmlParser.java:132)
	at ptolemy.moml.MoMLParser.parse(MoMLParser.java:1676)
	at ptolemy.moml.MoMLParser.parse(MoMLParser.java:1595)
	at ptolemy.moml.MoMLParser.parse(MoMLParser.java:1537)
	at ptolemy.actor.gui.PtolemyEffigy$Factory.createEffigy(PtolemyEffigy.java:424)
	at ptolemy.actor.gui.EffigyFactory.createEffigy(EffigyFactory.java:234)
	at ptolemy.actor.gui.Configuration.openModel(Configuration.java:1125)
	at ptolemy.actor.gui.Configuration.openModel(Configuration.java:1051)
	at ptolemy.actor.gui.ConfigurationApplication._openModel(ConfigurationApplication.java:1252)
	at ptolemy.actor.gui.ConfigurationApplication._parseArg(ConfigurationApplication.java:1399)
	at ptolemy.actor.gui.ConfigurationApplication._parseArgs(ConfigurationApplication.java:1478)
	at ptolemy.actor.gui.ConfigurationApplication.<init>(ConfigurationApplication.java:277)
	at ptolemy.actor.gui.ConfigurationApplication.<init>(ConfigurationApplication.java:214)
	at ptolemy.actor.gui.ConfigurationApplication.<init>(ConfigurationApplication.java:201)
	at ptolemy.actor.gui.ConfigurationApplication.openModelOrEntity(ConfigurationApplication.java:680)
	at ptolemy.vergil.basic.export.ExportModel$1.run(ExportModel.java:220)
	at java.awt.event.InvocationEvent.dispatch(InvocationEvent.java:301)
	at java.awt.EventQueue.dispatchEventImpl(EventQueue.java:756)
	at java.awt.EventQueue.access$500(EventQueue.java:97)
	at java.awt.EventQueue$3.run(EventQueue.java:709)
	at java.awt.EventQueue$3.run(EventQueue.java:703)
	at java.security.AccessController.doPrivileged(Native Method)
	at java.security.ProtectionDomain$JavaSecurityAccessImpl.doIntersectionPrivilege(ProtectionDomain.java:80)
	at java.awt.EventQueue.dispatchEvent(EventQueue.java:726)
	at java.awt.EventDispatchThread.pumpOneEventForFilters(EventDispatchThread.java:201)
	at java.awt.EventDispatchThread.pumpEventsForFilter(EventDispatchThread.java:116)
	at java.awt.EventDispatchThread.pumpEventsForHierarchy(EventDispatchThread.java:105)
	at java.awt.EventDispatchThread.pumpEvents(EventDispatchThread.java:101)
	at java.awt.EventDispatchThread.pumpEvents(EventDispatchThread.java:93)
	at java.awt.EventDispatchThread.run(EventDispatchThread.java:82)
Caused by: ptolemy.kernel.util.InternalErrorException: Element <entity name="sender1" class="ptolemy.actor.ptalon.demo.ptinyos.SendAndReceiveCnt.CntToLedsAndRfm"> caused an exception to be thrown.
  in .SendAndReceiveCnt.SendAndReceiveCnt
Because:
Cannot find class: ptolemy.actor.ptalon.demo.ptinyos.SendAndReceiveCnt.CntToLedsAndRfm. In Ptolemy, classes are typically Java .class files. Entities like actors may instead be defined within a .xml file.  In any case, the class was not found. If the class uses a third party package, then the class would be present only if the third party package was found at compile time.  It may be necessary to upgrade Java or install the third party package, reconfigure and recompile.
Because:
Element <entity name="MicaLeds" class="ptolemy.domains.ptinyos.lib.MicaLeds"> caused an exception to be thrown.
  in .CntToLedsAndRfm
Because:
Cannot find class: ptolemy.domains.ptinyos.lib.MicaLeds. In Ptolemy, classes are typically Java .class files. Entities like actors may instead be defined within a .xml file.  In any case, the class was not found. If the class uses a third party package, then the class would be present only if the third party package was found at compile time.  It may be necessary to upgrade Java or install the third party package, reconfigure and recompile.
Because:
-- /home/travis/build/icyphy/ptII/ptolemy/actor/ptalon/demo/ptinyos/SendAndReceiveCnt/ptolemy/domains/ptinyos/lib/MicaLeds.xml (No such file or directory)
-- XML file not found relative to classpath.
-- /home/travis/build/icyphy/ptII/ptolemy/vergil/basic/export/test/ptolemy/domains/ptinyos/lib/MicaLeds.xml
/home/travis/build/icyphy/ptII/ptolemy/vergil/basic/export/test/ptolemy/domains/ptinyos/lib/MicaLeds.xml (No such file or directory)
 in file:/home/travis/build/icyphy/ptII/ptolemy/actor/ptalon/demo/ptinyos/SendAndReceiveCnt/CntToLedsAndRfm.xml at line 132 and column 63
	at ptolemy.moml.SimpleErrorHandler.handleError(SimpleErrorHandler.java:75)
	at ptolemy.moml.MoMLParser.startElement(MoMLParser.java:3805)
	at com.microstar.xml.XmlParser.parseElement(XmlParser.java:931)
	at com.microstar.xml.XmlParser.parseDocument(XmlParser.java:481)
	at com.microstar.xml.XmlParser.doParse(XmlParser.java:159)
	at com.microstar.xml.XmlParser.parse(XmlParser.java:132)
	at ptolemy.moml.MoMLParser.parse(MoMLParser.java:1660)
	at ptolemy.moml.MoMLParser.parse(MoMLParser.java:1617)
	at ptolemy.moml.MoMLParser.parse(MoMLParser.java:1792)
	at ptolemy.actor.ptalon.PtalonEvaluator.addActor(PtalonEvaluator.java:241)
	... 56 more
Caused by: ptolemy.kernel.util.IllegalActionException: Cannot find class: ptolemy.actor.ptalon.demo.ptinyos.SendAndReceiveCnt.CntToLedsAndRfm. In Ptolemy, classes are typically Java .class files. Entities like actors may instead be defined within a .xml file.  In any case, the class was not found. If the class uses a third party package, then the class would be present only if the third party package was found at compile time.  It may be necessary to upgrade Java or install the third party package, reconfigure and recompile.
Because:
Element <entity name="MicaLeds" class="ptolemy.domains.ptinyos.lib.MicaLeds"> caused an exception to be thrown.
  in .CntToLedsAndRfm
Because:
Cannot find class: ptolemy.domains.ptinyos.lib.MicaLeds. In Ptolemy, classes are typically Java .class files. Entities like actors may instead be defined within a .xml file.  In any case, the class was not found. If the class uses a third party package, then the class would be present only if the third party package was found at compile time.  It may be necessary to upgrade Java or install the third party package, reconfigure and recompile.
Because:
-- /home/travis/build/icyphy/ptII/ptolemy/actor/ptalon/demo/ptinyos/SendAndReceiveCnt/ptolemy/domains/ptinyos/lib/MicaLeds.xml (No such file or directory)
-- XML file not found relative to classpath.
-- /home/travis/build/icyphy/ptII/ptolemy/vergil/basic/export/test/ptolemy/domains/ptinyos/lib/MicaLeds.xml
/home/travis/build/icyphy/ptII/ptolemy/vergil/basic/export/test/ptolemy/domains/ptinyos/lib/MicaLeds.xml (No such file or directory)
 in file:/home/travis/build/icyphy/ptII/ptolemy/actor/ptalon/demo/ptinyos/SendAndReceiveCnt/CntToLedsAndRfm.xml at line 132 and column 63
	at ptolemy.moml.MoMLParser._createEntity(MoMLParser.java:4330)
	at ptolemy.moml.MoMLParser.startElement(MoMLParser.java:2864)
	... 64 more
Caused by: ptolemy.kernel.util.InternalErrorException: Element <entity name="MicaLeds" class="ptolemy.domains.ptinyos.lib.MicaLeds"> caused an exception to be thrown.
  in .CntToLedsAndRfm
Because:
Cannot find class: ptolemy.domains.ptinyos.lib.MicaLeds. In Ptolemy, classes are typically Java .class files. Entities like actors may instead be defined within a .xml file.  In any case, the class was not found. If the class uses a third party package, then the class would be present only if the third party package was found at compile time.  It may be necessary to upgrade Java or install the third party package, reconfigure and recompile.
Because:
-- /home/travis/build/icyphy/ptII/ptolemy/actor/ptalon/demo/ptinyos/SendAndReceiveCnt/ptolemy/domains/ptinyos/lib/MicaLeds.xml (No such file or directory)
-- XML file not found relative to classpath.
-- /home/travis/build/icyphy/ptII/ptolemy/vergil/basic/export/test/ptolemy/domains/ptinyos/lib/MicaLeds.xml
/home/travis/build/icyphy/ptII/ptolemy/vergil/basic/export/test/ptolemy/domains/ptinyos/lib/MicaLeds.xml (No such file or directory)
 in file:/home/travis/build/icyphy/ptII/ptolemy/actor/ptalon/demo/ptinyos/SendAndReceiveCnt/CntToLedsAndRfm.xml at line 132 and column 63
	at ptolemy.moml.SimpleErrorHandler.handleError(SimpleErrorHandler.java:75)
	at ptolemy.moml.MoMLParser.startElement(MoMLParser.java:3805)
	at com.microstar.xml.XmlParser.parseElement(XmlParser.java:921)
	at com.microstar.xml.XmlParser.parseContent(XmlParser.java:1104)
	at com.microstar.xml.XmlParser.parseElement(XmlParser.java:924)
	at com.microstar.xml.XmlParser.parseDocument(XmlParser.java:481)
	at com.microstar.xml.XmlParser.doParse(XmlParser.java:159)
	at com.microstar.xml.XmlParser.parse(XmlParser.java:132)
	at ptolemy.moml.MoMLParser.parse(MoMLParser.java:1676)
	at ptolemy.moml.MoMLParser.parse(MoMLParser.java:1595)
	at ptolemy.moml.MoMLParser.parse(MoMLParser.java:1537)
	at ptolemy.moml.MoMLParser._findOrParse(MoMLParser.java:5286)
	at ptolemy.moml.MoMLParser._attemptToFindMoMLClass(MoMLParser.java:4075)
	at ptolemy.moml.MoMLParser._createEntity(MoMLParser.java:4323)
	... 65 more
Caused by: ptolemy.kernel.util.IllegalActionException: Cannot find class: ptolemy.domains.ptinyos.lib.MicaLeds. In Ptolemy, classes are typically Java .class files. Entities like actors may instead be defined within a .xml file.  In any case, the class was not found. If the class uses a third party package, then the class would be present only if the third party package was found at compile time.  It may be necessary to upgrade Java or install the third party package, reconfigure and recompile.
Because:
-- /home/travis/build/icyphy/ptII/ptolemy/actor/ptalon/demo/ptinyos/SendAndReceiveCnt/ptolemy/domains/ptinyos/lib/MicaLeds.xml (No such file or directory)
-- XML file not found relative to classpath.
-- /home/travis/build/icyphy/ptII/ptolemy/vergil/basic/export/test/ptolemy/domains/ptinyos/lib/MicaLeds.xml
/home/travis/build/icyphy/ptII/ptolemy/vergil/basic/export/test/ptolemy/domains/ptinyos/lib/MicaLeds.xml (No such file or directory)
 in file:/home/travis/build/icyphy/ptII/ptolemy/actor/ptalon/demo/ptinyos/SendAndReceiveCnt/CntToLedsAndRfm.xml at line 132 and column 63
	at ptolemy.moml.MoMLParser._createEntity(MoMLParser.java:4330)
	at ptolemy.moml.MoMLParser.startElement(MoMLParser.java:2864)
	... 77 more
Caused by: com.microstar.xml.XmlException: -- /home/travis/build/icyphy/ptII/ptolemy/actor/ptalon/demo/ptinyos/SendAndReceiveCnt/ptolemy/domains/ptinyos/lib/MicaLeds.xml (No such file or directory)
-- XML file not found relative to classpath.
-- /home/travis/build/icyphy/ptII/ptolemy/vergil/basic/export/test/ptolemy/domains/ptinyos/lib/MicaLeds.xml
/home/travis/build/icyphy/ptII/ptolemy/vergil/basic/export/test/ptolemy/domains/ptinyos/lib/MicaLeds.xml (No such file or directory)
 in file:/home/travis/build/icyphy/ptII/ptolemy/actor/ptalon/demo/ptinyos/SendAndReceiveCnt/CntToLedsAndRfm.xml at line 132 and column 63
	at ptolemy.moml.MoMLParser.fileNameToURL(MoMLParser.java:1414)
	at ptolemy.moml.MoMLParser._findOrParse(MoMLParser.java:5283)
	at ptolemy.moml.MoMLParser._attemptToFindMoMLClass(MoMLParser.java:4075)
	at ptolemy.moml.MoMLParser._createEntity(MoMLParser.java:4323)
	... 78 more
Failed to read file:/home/travis/build/icyphy/ptII/ptolemy/actor/ptalon/demo/ptinyos/SendAndReceiveCnt/SendAndReceiveCnt.xml
ptolemy.kernel.util.IllegalActionException: Failed to process attribute change to PtalonParameter, whose value is "ptolemy.actor.ptalon.PtalonExpressionParameter {.SendAndReceiveCnt.SendAndReceiveCnt.channelName} "AtomicWirelessChannel"".
  in .SendAndReceiveCnt.SendAndReceiveCnt
Because:
Unable to add actor null
	at ptolemy.actor.ptalon.PtalonActor.attributeChanged(PtalonActor.java:211)
	at ptolemy.actor.ptalon.PtalonMLHandler.startElement(PtalonMLHandler.java:134)
	at com.microstar.xml.XmlParser.parseElement(XmlParser.java:921)
	at com.microstar.xml.XmlParser.parseContent(XmlParser.java:1104)
	at com.microstar.xml.XmlParser.parseElement(XmlParser.java:924)
	at com.microstar.xml.XmlParser.parseDocument(XmlParser.java:481)
	at com.microstar.xml.XmlParser.doParse(XmlParser.java:159)
	at com.microstar.xml.XmlParser.parse(XmlParser.java:132)
	at ptolemy.actor.ptalon.PtalonActor.configure(PtalonActor.java:240)
	at ptolemy.moml.MoMLParser.endElement(MoMLParser.java:996)
	at com.microstar.xml.XmlParser.parseETag(XmlParser.java:1026)
	at com.microstar.xml.XmlParser.parseContent(XmlParser.java:1098)
	at com.microstar.xml.XmlParser.parseElement(XmlParser.java:924)
	at com.microstar.xml.XmlParser.parseContent(XmlParser.java:1104)
	at com.microstar.xml.XmlParser.parseElement(XmlParser.java:924)
	at com.microstar.xml.XmlParser.parseContent(XmlParser.java:1104)
	at com.microstar.xml.XmlParser.parseElement(XmlParser.java:924)
	at com.microstar.xml.XmlParser.parseDocument(XmlParser.java:481)
	at com.microstar.xml.XmlParser.doParse(XmlParser.java:159)
	at com.microstar.xml.XmlParser.parse(XmlParser.java:132)
	at ptolemy.moml.MoMLParser.parse(MoMLParser.java:1676)
	at ptolemy.moml.MoMLParser.parse(MoMLParser.java:1595)
	at ptolemy.moml.MoMLParser.parse(MoMLParser.java:1537)
	at ptolemy.actor.gui.PtolemyEffigy$Factory.createEffigy(PtolemyEffigy.java:424)
	at ptolemy.actor.gui.EffigyFactory.createEffigy(EffigyFactory.java:234)
	at ptolemy.actor.gui.Configuration.openModel(Configuration.java:1125)
	at ptolemy.actor.gui.Configuration.openModel(Configuration.java:1051)
	at ptolemy.actor.gui.ConfigurationApplication._openModel(ConfigurationApplication.java:1252)
	at ptolemy.actor.gui.ConfigurationApplication._parseArg(ConfigurationApplication.java:1399)
	at ptolemy.actor.gui.ConfigurationApplication._parseArgs(ConfigurationApplication.java:1478)
	at ptolemy.actor.gui.ConfigurationApplication.<init>(ConfigurationApplication.java:277)
	at ptolemy.actor.gui.ConfigurationApplication.<init>(ConfigurationApplication.java:214)
	at ptolemy.actor.gui.ConfigurationApplication.<init>(ConfigurationApplication.java:201)
	at ptolemy.actor.gui.ConfigurationApplication.openModelOrEntity(ConfigurationApplication.java:680)
	at ptolemy.vergil.basic.export.ExportModel$1.run(ExportModel.java:220)
	at java.awt.event.InvocationEvent.dispatch(InvocationEvent.java:301)
	at java.awt.EventQueue.dispatchEventImpl(EventQueue.java:756)
	at java.awt.EventQueue.access$500(EventQueue.java:97)
	at java.awt.EventQueue$3.run(EventQueue.java:709)
	at java.awt.EventQueue$3.run(EventQueue.java:703)
	at java.security.AccessController.doPrivileged(Native Method)
	at java.security.ProtectionDomain$JavaSecurityAccessImpl.doIntersectionPrivilege(ProtectionDomain.java:80)
	at java.awt.EventQueue.dispatchEvent(EventQueue.java:726)
	at java.awt.EventDispatchThread.pumpOneEventForFilters(EventDispatchThread.java:201)
	at java.awt.EventDispatchThread.pumpEventsForFilter(EventDispatchThread.java:116)
	at java.awt.EventDispatchThread.pumpEventsForHierarchy(EventDispatchThread.java:105)
	at java.awt.EventDispatchThread.pumpEvents(EventDispatchThread.java:101)
	at java.awt.EventDispatchThread.pumpEvents(EventDispatchThread.java:93)
	at java.awt.EventDispatchThread.run(EventDispatchThread.java:82)
Caused by: ptolemy.actor.ptalon.PtalonRuntimeException: Unable to add actor null
	at ptolemy.actor.ptalon.PtalonEvaluator.addActor(PtalonEvaluator.java:300)
	at ptolemy.actor.ptalon.PtalonPopulator.actor_declaration(PtalonPopulator.java:1574)
	at ptolemy.actor.ptalon.PtalonPopulator.atomic_statement(PtalonPopulator.java:1638)
	at ptolemy.actor.ptalon.PtalonPopulator.iterative_statement_evaluator(PtalonPopulator.java:2484)
	at ptolemy.actor.ptalon.AbstractPtalonEvaluator$IfTree.evaluateForScope(AbstractPtalonEvaluator.java:1307)
	at ptolemy.actor.ptalon.AbstractPtalonEvaluator.evaluateForScope(AbstractPtalonEvaluator.java:744)
	at ptolemy.actor.ptalon.PtalonPopulator.iterative_statement(PtalonPopulator.java:2363)
	at ptolemy.actor.ptalon.PtalonPopulator.actor_definition(PtalonPopulator.java:2809)
	at ptolemy.actor.ptalon.PtalonActor.attributeChanged(PtalonActor.java:206)
	... 48 more
Caused by: ptolemy.kernel.util.InternalErrorException: Element <entity name="sender1" class="ptolemy.actor.ptalon.demo.ptinyos.SendAndReceiveCnt.CntToLedsAndRfm"> caused an exception to be thrown.
  in .SendAndReceiveCnt.SendAndReceiveCnt
Because:
Cannot find class: ptolemy.actor.ptalon.demo.ptinyos.SendAndReceiveCnt.CntToLedsAndRfm. In Ptolemy, classes are typically Java .class files. Entities like actors may instead be defined within a .xml file.  In any case, the class was not found. If the class uses a third party package, then the class would be present only if the third party package was found at compile time.  It may be necessary to upgrade Java or install the third party package, reconfigure and recompile.
Because:
Element <entity name="MicaLeds" class="ptolemy.domains.ptinyos.lib.MicaLeds"> caused an exception to be thrown.
  in .CntToLedsAndRfm
Because:
Cannot find class: ptolemy.domains.ptinyos.lib.MicaLeds. In Ptolemy, classes are typically Java .class files. Entities like actors may instead be defined within a .xml file.  In any case, the class was not found. If the class uses a third party package, then the class would be present only if the third party package was found at compile time.  It may be necessary to upgrade Java or install the third party package, reconfigure and recompile.
Because:
-- /home/travis/build/icyphy/ptII/ptolemy/actor/ptalon/demo/ptinyos/SendAndReceiveCnt/ptolemy/domains/ptinyos/lib/MicaLeds.xml (No such file or directory)
-- XML file not found relative to classpath.
-- /home/travis/build/icyphy/ptII/ptolemy/vergil/basic/export/test/ptolemy/domains/ptinyos/lib/MicaLeds.xml
/home/travis/build/icyphy/ptII/ptolemy/vergil/basic/export/test/ptolemy/domains/ptinyos/lib/MicaLeds.xml (No such file or directory)
 in file:/home/travis/build/icyphy/ptII/ptolemy/actor/ptalon/demo/ptinyos/SendAndReceiveCnt/CntToLedsAndRfm.xml at line 132 and column 63
	at ptolemy.moml.SimpleErrorHandler.handleError(SimpleErrorHandler.java:75)
	at ptolemy.moml.MoMLParser.startElement(MoMLParser.java:3805)
	at com.microstar.xml.XmlParser.parseElement(XmlParser.java:931)
	at com.microstar.xml.XmlParser.parseDocument(XmlParser.java:481)
	at com.microstar.xml.XmlParser.doParse(XmlParser.java:159)
	at com.microstar.xml.XmlParser.parse(XmlParser.java:132)
	at ptolemy.moml.MoMLParser.parse(MoMLParser.java:1660)
	at ptolemy.moml.MoMLParser.parse(MoMLParser.java:1617)
	at ptolemy.moml.MoMLParser.parse(MoMLParser.java:1792)
	at ptolemy.actor.ptalon.PtalonEvaluator.addActor(PtalonEvaluator.java:241)
	... 56 more
Caused by: ptolemy.kernel.util.IllegalActionException: Cannot find class: ptolemy.actor.ptalon.demo.ptinyos.SendAndReceiveCnt.CntToLedsAndRfm. In Ptolemy, classes are typically Java .class files. Entities like actors may instead be defined within a .xml file.  In any case, the class was not found. If the class uses a third party package, then the class would be present only if the third party package was found at compile time.  It may be necessary to upgrade Java or install the third party package, reconfigure and recompile.
Because:
Element <entity name="MicaLeds" class="ptolemy.domains.ptinyos.lib.MicaLeds"> caused an exception to be thrown.
  in .CntToLedsAndRfm
Because:
Cannot find class: ptolemy.domains.ptinyos.lib.MicaLeds. In Ptolemy, classes are typically Java .class files. Entities like actors may instead be defined within a .xml file.  In any case, the class was not found. If the class uses a third party package, then the class would be present only if the third party package was found at compile time.  It may be necessary to upgrade Java or install the third party package, reconfigure and recompile.
Because:
-- /home/travis/build/icyphy/ptII/ptolemy/actor/ptalon/demo/ptinyos/SendAndReceiveCnt/ptolemy/domains/ptinyos/lib/MicaLeds.xml (No such file or directory)
-- XML file not found relative to classpath.
-- /home/travis/build/icyphy/ptII/ptolemy/vergil/basic/export/test/ptolemy/domains/ptinyos/lib/MicaLeds.xml
/home/travis/build/icyphy/ptII/ptolemy/vergil/basic/export/test/ptolemy/domains/ptinyos/lib/MicaLeds.xml (No such file or directory)
 in file:/home/travis/build/icyphy/ptII/ptolemy/actor/ptalon/demo/ptinyos/SendAndReceiveCnt/CntToLedsAndRfm.xml at line 132 and column 63
	at ptolemy.moml.MoMLParser._createEntity(MoMLParser.java:4330)
	at ptolemy.moml.MoMLParser.startElement(MoMLParser.java:2864)
	... 64 more
Caused by: ptolemy.kernel.util.InternalErrorException: Element <entity name="MicaLeds" class="ptolemy.domains.ptinyos.lib.MicaLeds"> caused an exception to be thrown.
  in .CntToLedsAndRfm
Because:
Cannot find class: ptolemy.domains.ptinyos.lib.MicaLeds. In Ptolemy, classes are typically Java .class files. Entities like actors may instead be defined within a .xml file.  In any case, the class was not found. If the class uses a third party package, then the class would be present only if the third party package was found at compile time.  It may be necessary to upgrade Java or install the third party package, reconfigure and recompile.
Because:
-- /home/travis/build/icyphy/ptII/ptolemy/actor/ptalon/demo/ptinyos/SendAndReceiveCnt/ptolemy/domains/ptinyos/lib/MicaLeds.xml (No such file or directory)
-- XML file not found relative to classpath.
-- /home/travis/build/icyphy/ptII/ptolemy/vergil/basic/export/test/ptolemy/domains/ptinyos/lib/MicaLeds.xml
/home/travis/build/icyphy/ptII/ptolemy/vergil/basic/export/test/ptolemy/domains/ptinyos/lib/MicaLeds.xml (No such file or directory)
 in file:/home/travis/build/icyphy/ptII/ptolemy/actor/ptalon/demo/ptinyos/SendAndReceiveCnt/CntToLedsAndRfm.xml at line 132 and column 63
	at ptolemy.moml.SimpleErrorHandler.handleError(SimpleErrorHandler.java:75)
	at ptolemy.moml.MoMLParser.startElement(MoMLParser.java:3805)
	at com.microstar.xml.XmlParser.parseElement(XmlParser.java:921)
	at com.microstar.xml.XmlParser.parseContent(XmlParser.java:1104)
	at com.microstar.xml.XmlParser.parseElement(XmlParser.java:924)
	at com.microstar.xml.XmlParser.parseDocument(XmlParser.java:481)
	at com.microstar.xml.XmlParser.doParse(XmlParser.java:159)
	at com.microstar.xml.XmlParser.parse(XmlParser.java:132)
	at ptolemy.moml.MoMLParser.parse(MoMLParser.java:1676)
	at ptolemy.moml.MoMLParser.parse(MoMLParser.java:1595)
	at ptolemy.moml.MoMLParser.parse(MoMLParser.java:1537)
	at ptolemy.moml.MoMLParser._findOrParse(MoMLParser.java:5286)
	at ptolemy.moml.MoMLParser._attemptToFindMoMLClass(MoMLParser.java:4075)
	at ptolemy.moml.MoMLParser._createEntity(MoMLParser.java:4323)
	... 65 more
Caused by: ptolemy.kernel.util.IllegalActionException: Cannot find class: ptolemy.domains.ptinyos.lib.MicaLeds. In Ptolemy, classes are typically Java .class files. Entities like actors may instead be defined within a .xml file.  In any case, the class was not found. If the class uses a third party package, then the class would be present only if the third party package was found at compile time.  It may be necessary to upgrade Java or install the third party package, reconfigure and recompile.
Because:
-- /home/travis/build/icyphy/ptII/ptolemy/actor/ptalon/demo/ptinyos/SendAndReceiveCnt/ptolemy/domains/ptinyos/lib/MicaLeds.xml (No such file or directory)
-- XML file not found relative to classpath.
-- /home/travis/build/icyphy/ptII/ptolemy/vergil/basic/export/test/ptolemy/domains/ptinyos/lib/MicaLeds.xml
/home/travis/build/icyphy/ptII/ptolemy/vergil/basic/export/test/ptolemy/domains/ptinyos/lib/MicaLeds.xml (No such file or directory)
 in file:/home/travis/build/icyphy/ptII/ptolemy/actor/ptalon/demo/ptinyos/SendAndReceiveCnt/CntToLedsAndRfm.xml at line 132 and column 63
	at ptolemy.moml.MoMLParser._createEntity(MoMLParser.java:4330)
	at ptolemy.moml.MoMLParser.startElement(MoMLParser.java:2864)
	... 77 more
Caused by: com.microstar.xml.XmlException: -- /home/travis/build/icyphy/ptII/ptolemy/actor/ptalon/demo/ptinyos/SendAndReceiveCnt/ptolemy/domains/ptinyos/lib/MicaLeds.xml (No such file or directory)
-- XML file not found relative to classpath.
-- /home/travis/build/icyphy/ptII/ptolemy/vergil/basic/export/test/ptolemy/domains/ptinyos/lib/MicaLeds.xml
/home/travis/build/icyphy/ptII/ptolemy/vergil/basic/export/test/ptolemy/domains/ptinyos/lib/MicaLeds.xml (No such file or directory)
 in file:/home/travis/build/icyphy/ptII/ptolemy/actor/ptalon/demo/ptinyos/SendAndReceiveCnt/CntToLedsAndRfm.xml at line 132 and column 63
	at ptolemy.moml.MoMLParser.fileNameToURL(MoMLParser.java:1414)
	at ptolemy.moml.MoMLParser._findOrParse(MoMLParser.java:5283)
	at ptolemy.moml.MoMLParser._attemptToFindMoMLClass(MoMLParser.java:4075)
	at ptolemy.moml.MoMLParser._createEntity(MoMLParser.java:4323)
	... 78 more
Caused by: ptolemy.actor.ptalon.PtalonRuntimeException: Unable to add actor null
	at ptolemy.actor.ptalon.PtalonEvaluator.addActor(PtalonEvaluator.java:300)
	at ptolemy.actor.ptalon.PtalonPopulator.actor_declaration(PtalonPopulator.java:1574)
	at ptolemy.actor.ptalon.PtalonPopulator.atomic_statement(PtalonPopulator.java:1638)
	at ptolemy.actor.ptalon.PtalonPopulator.iterative_statement_evaluator(PtalonPopulator.java:2484)
	at ptolemy.actor.ptalon.AbstractPtalonEvaluator$IfTree.evaluateForScope(AbstractPtalonEvaluator.java:1307)
	at ptolemy.actor.ptalon.AbstractPtalonEvaluator.evaluateForScope(AbstractPtalonEvaluator.java:744)
	at ptolemy.actor.ptalon.PtalonPopulator.iterative_statement(PtalonPopulator.java:2363)
	at ptolemy.actor.ptalon.PtalonPopulator.actor_definition(PtalonPopulator.java:2809)
	at ptolemy.actor.ptalon.PtalonActor.attributeChanged(PtalonActor.java:206)
	at ptolemy.actor.ptalon.PtalonMLHandler.startElement(PtalonMLHandler.java:134)
	at com.microstar.xml.XmlParser.parseElement(XmlParser.java:921)
	at com.microstar.xml.XmlParser.parseContent(XmlParser.java:1104)
	at com.microstar.xml.XmlParser.parseElement(XmlParser.java:924)
	at com.microstar.xml.XmlParser.parseDocument(XmlParser.java:481)
	at com.microstar.xml.XmlParser.doParse(XmlParser.java:159)
	at com.microstar.xml.XmlParser.parse(XmlParser.java:132)
	at ptolemy.actor.ptalon.PtalonActor.configure(PtalonActor.java:240)
	at ptolemy.moml.MoMLParser.endElement(MoMLParser.java:996)
	at com.microstar.xml.XmlParser.parseETag(XmlParser.java:1026)
	at com.microstar.xml.XmlParser.parseContent(XmlParser.java:1098)
	at com.microstar.xml.XmlParser.parseElement(XmlParser.java:924)
	at com.microstar.xml.XmlParser.parseContent(XmlParser.java:1104)
	at com.microstar.xml.XmlParser.parseElement(XmlParser.java:924)
	at com.microstar.xml.XmlParser.parseContent(XmlParser.java:1104)
	at com.microstar.xml.XmlParser.parseElement(XmlParser.java:924)
	at com.microstar.xml.XmlParser.parseDocument(XmlParser.java:481)
	at com.microstar.xml.XmlParser.doParse(XmlParser.java:159)
	at com.microstar.xml.XmlParser.parse(XmlParser.java:132)
	at ptolemy.moml.MoMLParser.parse(MoMLParser.java:1676)
	at ptolemy.moml.MoMLParser.parse(MoMLParser.java:1595)
	at ptolemy.moml.MoMLParser.parse(MoMLParser.java:1537)
	at ptolemy.actor.gui.PtolemyEffigy$Factory.createEffigy(PtolemyEffigy.java:424)
	at ptolemy.actor.gui.EffigyFactory.createEffigy(EffigyFactory.java:234)
	at ptolemy.actor.gui.Configuration.openModel(Configuration.java:1125)
	at ptolemy.actor.gui.Configuration.openModel(Configuration.java:1051)
	at ptolemy.actor.gui.ConfigurationApplication._openModel(ConfigurationApplication.java:1252)
	at ptolemy.actor.gui.ConfigurationApplication._parseArg(ConfigurationApplication.java:1399)
	at ptolemy.actor.gui.ConfigurationApplication._parseArgs(ConfigurationApplication.java:1478)
	at ptolemy.actor.gui.ConfigurationApplication.<init>(ConfigurationApplication.java:277)
	at ptolemy.actor.gui.ConfigurationApplication.<init>(ConfigurationApplication.java:214)
	at ptolemy.actor.gui.ConfigurationApplication.<init>(ConfigurationApplication.java:201)
	at ptolemy.actor.gui.ConfigurationApplication.openModelOrEntity(ConfigurationApplication.java:680)
	at ptolemy.vergil.basic.export.ExportModel$1.run(ExportModel.java:220)
	at java.awt.event.InvocationEvent.dispatch(InvocationEvent.java:301)
	at java.awt.EventQueue.dispatchEventImpl(EventQueue.java:756)
	at java.awt.EventQueue.access$500(EventQueue.java:97)
	at java.awt.EventQueue$3.run(EventQueue.java:709)
	at java.awt.EventQueue$3.run(EventQueue.java:703)
	at java.security.AccessController.doPrivileged(Native Method)
	at java.security.ProtectionDomain$JavaSecurityAccessImpl.doIntersectionPrivilege(ProtectionDomain.java:80)
	at java.awt.EventQueue.dispatchEvent(EventQueue.java:726)
	at java.awt.EventDispatchThread.pumpOneEventForFilters(EventDispatchThread.java:201)
	at java.awt.EventDispatchThread.pumpEventsForFilter(EventDispatchThread.java:116)
	at java.awt.EventDispatchThread.pumpEventsForHierarchy(EventDispatchThread.java:105)
	at java.awt.EventDispatchThread.pumpEvents(EventDispatchThread.java:101)
	at java.awt.EventDispatchThread.pumpEvents(EventDispatchThread.java:93)
	at java.awt.EventDispatchThread.run(EventDispatchThread.java:82)
Caused by: ptolemy.kernel.util.InternalErrorException: Element <entity name="sender1" class="ptolemy.actor.ptalon.demo.ptinyos.SendAndReceiveCnt.CntToLedsAndRfm"> caused an exception to be thrown.
  in .SendAndReceiveCnt.SendAndReceiveCnt
Because:
Cannot find class: ptolemy.actor.ptalon.demo.ptinyos.SendAndReceiveCnt.CntToLedsAndRfm. In Ptolemy, classes are typically Java .class files. Entities like actors may instead be defined within a .xml file.  In any case, the class was not found. If the class uses a third party package, then the class would be present only if the third party package was found at compile time.  It may be necessary to upgrade Java or install the third party package, reconfigure and recompile.
Because:
Element <entity name="MicaLeds" class="ptolemy.domains.ptinyos.lib.MicaLeds"> caused an exception to be thrown.
  in .CntToLedsAndRfm
Because:
Cannot find class: ptolemy.domains.ptinyos.lib.MicaLeds. In Ptolemy, classes are typically Java .class files. Entities like actors may instead be defined within a .xml file.  In any case, the class was not found. If the class uses a third party package, then the class would be present only if the third party package was found at compile time.  It may be necessary to upgrade Java or install the third party package, reconfigure and recompile.
Because:
-- /home/travis/build/icyphy/ptII/ptolemy/actor/ptalon/demo/ptinyos/SendAndReceiveCnt/ptolemy/domains/ptinyos/lib/MicaLeds.xml (No such file or directory)
-- XML file not found relative to classpath.
-- /home/travis/build/icyphy/ptII/ptolemy/vergil/basic/export/test/ptolemy/domains/ptinyos/lib/MicaLeds.xml
/home/travis/build/icyphy/ptII/ptolemy/vergil/basic/export/test/ptolemy/domains/ptinyos/lib/MicaLeds.xml (No such file or directory)
 in file:/home/travis/build/icyphy/ptII/ptolemy/actor/ptalon/demo/ptinyos/SendAndReceiveCnt/CntToLedsAndRfm.xml at line 132 and column 63
	at ptolemy.moml.SimpleErrorHandler.handleError(SimpleErrorHandler.java:75)
	at ptolemy.moml.MoMLParser.startElement(MoMLParser.java:3805)
	at com.microstar.xml.XmlParser.parseElement(XmlParser.java:931)
	at com.microstar.xml.XmlParser.parseDocument(XmlParser.java:481)
	at com.microstar.xml.XmlParser.doParse(XmlParser.java:159)
	at com.microstar.xml.XmlParser.parse(XmlParser.java:132)
	at ptolemy.moml.MoMLParser.parse(MoMLParser.java:1660)
	at ptolemy.moml.MoMLParser.parse(MoMLParser.java:1617)
	at ptolemy.moml.MoMLParser.parse(MoMLParser.java:1792)
	at ptolemy.actor.ptalon.PtalonEvaluator.addActor(PtalonEvaluator.java:241)
	... 56 more
Caused by: ptolemy.kernel.util.IllegalActionException: Cannot find class: ptolemy.actor.ptalon.demo.ptinyos.SendAndReceiveCnt.CntToLedsAndRfm. In Ptolemy, classes are typically Java .class files. Entities like actors may instead be defined within a .xml file.  In any case, the class was not found. If the class uses a third party package, then the class would be present only if the third party package was found at compile time.  It may be necessary to upgrade Java or install the third party package, reconfigure and recompile.
Because:
Element <entity name="MicaLeds" class="ptolemy.domains.ptinyos.lib.MicaLeds"> caused an exception to be thrown.
  in .CntToLedsAndRfm
Because:
Cannot find class: ptolemy.domains.ptinyos.lib.MicaLeds. In Ptolemy, classes are typically Java .class files. Entities like actors may instead be defined within a .xml file.  In any case, the class was not found. If the class uses a third party package, then the class would be present only if the third party package was found at compile time.  It may be necessary to upgrade Java or install the third party package, reconfigure and recompile.
Because:
-- /home/travis/build/icyphy/ptII/ptolemy/actor/ptalon/demo/ptinyos/SendAndReceiveCnt/ptolemy/domains/ptinyos/lib/MicaLeds.xml (No such file or directory)
-- XML file not found relative to classpath.
-- /home/travis/build/icyphy/ptII/ptolemy/vergil/basic/export/test/ptolemy/domains/ptinyos/lib/MicaLeds.xml
/home/travis/build/icyphy/ptII/ptolemy/vergil/basic/export/test/ptolemy/domains/ptinyos/lib/MicaLeds.xml (No such file or directory)
 in file:/home/travis/build/icyphy/ptII/ptolemy/actor/ptalon/demo/ptinyos/SendAndReceiveCnt/CntToLedsAndRfm.xml at line 132 and column 63
	at ptolemy.moml.MoMLParser._createEntity(MoMLParser.java:4330)
	at ptolemy.moml.MoMLParser.startElement(MoMLParser.java:2864)
	... 64 more
Caused by: ptolemy.kernel.util.InternalErrorException: Element <entity name="MicaLeds" class="ptolemy.domains.ptinyos.lib.MicaLeds"> caused an exception to be thrown.
  in .CntToLedsAndRfm
Because:
Cannot find class: ptolemy.domains.ptinyos.lib.MicaLeds. In Ptolemy, classes are typically Java .class files. Entities like actors may instead be defined within a .xml file.  In any case, the class was not found. If the class uses a third party package, then the class would be present only if the third party package was found at compile time.  It may be necessary to upgrade Java or install the third party package, reconfigure and recompile.
Because:
-- /home/travis/build/icyphy/ptII/ptolemy/actor/ptalon/demo/ptinyos/SendAndReceiveCnt/ptolemy/domains/ptinyos/lib/MicaLeds.xml (No such file or directory)
-- XML file not found relative to classpath.
-- /home/travis/build/icyphy/ptII/ptolemy/vergil/basic/export/test/ptolemy/domains/ptinyos/lib/MicaLeds.xml
/home/travis/build/icyphy/ptII/ptolemy/vergil/basic/export/test/ptolemy/domains/ptinyos/lib/MicaLeds.xml (No such file or directory)
 in file:/home/travis/build/icyphy/ptII/ptolemy/actor/ptalon/demo/ptinyos/SendAndReceiveCnt/CntToLedsAndRfm.xml at line 132 and column 63
	at ptolemy.moml.SimpleErrorHandler.handleError(SimpleErrorHandler.java:75)
	at ptolemy.moml.MoMLParser.startElement(MoMLParser.java:3805)
	at com.microstar.xml.XmlParser.parseElement(XmlParser.java:921)
	at com.microstar.xml.XmlParser.parseContent(XmlParser.java:1104)
	at com.microstar.xml.XmlParser.parseElement(XmlParser.java:924)
	at com.microstar.xml.XmlParser.parseDocument(XmlParser.java:481)
	at com.microstar.xml.XmlParser.doParse(XmlParser.java:159)
	at com.microstar.xml.XmlParser.parse(XmlParser.java:132)
	at ptolemy.moml.MoMLParser.parse(MoMLParser.java:1676)
	at ptolemy.moml.MoMLParser.parse(MoMLParser.java:1595)
	at ptolemy.moml.MoMLParser.parse(MoMLParser.java:1537)
	at ptolemy.moml.MoMLParser._findOrParse(MoMLParser.java:5286)
	at ptolemy.moml.MoMLParser._attemptToFindMoMLClass(MoMLParser.java:4075)
	at ptolemy.moml.MoMLParser._createEntity(MoMLParser.java:4323)
	... 65 more
Caused by: ptolemy.kernel.util.IllegalActionException: Cannot find class: ptolemy.domains.ptinyos.lib.MicaLeds. In Ptolemy, classes are typically Java .class files. Entities like actors may instead be defined within a .xml file.  In any case, the class was not found. If the class uses a third party package, then the class would be present only if the third party package was found at compile time.  It may be necessary to upgrade Java or install the third party package, reconfigure and recompile.
Because:
-- /home/travis/build/icyphy/ptII/ptolemy/actor/ptalon/demo/ptinyos/SendAndReceiveCnt/ptolemy/domains/ptinyos/lib/MicaLeds.xml (No such file or directory)
-- XML file not found relative to classpath.
-- /home/travis/build/icyphy/ptII/ptolemy/vergil/basic/export/test/ptolemy/domains/ptinyos/lib/MicaLeds.xml
/home/travis/build/icyphy/ptII/ptolemy/vergil/basic/export/test/ptolemy/domains/ptinyos/lib/MicaLeds.xml (No such file or directory)
 in file:/home/travis/build/icyphy/ptII/ptolemy/actor/ptalon/demo/ptinyos/SendAndReceiveCnt/CntToLedsAndRfm.xml at line 132 and column 63
	at ptolemy.moml.MoMLParser._createEntity(MoMLParser.java:4330)
	at ptolemy.moml.MoMLParser.startElement(MoMLParser.java:2864)
	... 77 more
Caused by: com.microstar.xml.XmlException: -- /home/travis/build/icyphy/ptII/ptolemy/actor/ptalon/demo/ptinyos/SendAndReceiveCnt/ptolemy/domains/ptinyos/lib/MicaLeds.xml (No such file or directory)
-- XML file not found relative to classpath.
-- /home/travis/build/icyphy/ptII/ptolemy/vergil/basic/export/test/ptolemy/domains/ptinyos/lib/MicaLeds.xml
/home/travis/build/icyphy/ptII/ptolemy/vergil/basic/export/test/ptolemy/domains/ptinyos/lib/MicaLeds.xml (No such file or directory)
 in file:/home/travis/build/icyphy/ptII/ptolemy/actor/ptalon/demo/ptinyos/SendAndReceiveCnt/CntToLedsAndRfm.xml at line 132 and column 63
	at ptolemy.moml.MoMLParser.fileNameToURL(MoMLParser.java:1414)
	at ptolemy.moml.MoMLParser._findOrParse(MoMLParser.java:5283)
	at ptolemy.moml.MoMLParser._attemptToFindMoMLClass(MoMLParser.java:4075)
	at ptolemy.moml.MoMLParser._createEntity(MoMLParser.java:4323)
	... 78 more
ptolemy.kernel.util.IllegalActionException: Failed to process attribute change to PtalonParameter, whose value is "ptolemy.actor.ptalon.PtalonExpressionParameter {.SendAndReceiveCnt.SendAndReceiveCnt.channelName} "AtomicWirelessChannel"".
  in .SendAndReceiveCnt.SendAndReceiveCnt
Because:
Unable to add actor null
	at ptolemy.actor.ptalon.PtalonActor.attributeChanged(PtalonActor.java:211)
	at ptolemy.actor.ptalon.PtalonMLHandler.startElement(PtalonMLHandler.java:134)
	at com.microstar.xml.XmlParser.parseElement(XmlParser.java:921)
	at com.microstar.xml.XmlParser.parseContent(XmlParser.java:1104)
	at com.microstar.xml.XmlParser.parseElement(XmlParser.java:924)
	at com.microstar.xml.XmlParser.parseDocument(XmlParser.java:481)
	at com.microstar.xml.XmlParser.doParse(XmlParser.java:159)
	at com.microstar.xml.XmlParser.parse(XmlParser.java:132)
	at ptolemy.actor.ptalon.PtalonActor.configure(PtalonActor.java:240)
	at ptolemy.moml.MoMLParser.endElement(MoMLParser.java:996)
	at com.microstar.xml.XmlParser.parseETag(XmlParser.java:1026)
	at com.microstar.xml.XmlParser.parseContent(XmlParser.java:1098)
	at com.microstar.xml.XmlParser.parseElement(XmlParser.java:924)
	at com.microstar.xml.XmlParser.parseContent(XmlParser.java:1104)
	at com.microstar.xml.XmlParser.parseElement(XmlParser.java:924)
	at com.microstar.xml.XmlParser.parseContent(XmlParser.java:1104)
	at com.microstar.xml.XmlParser.parseElement(XmlParser.java:924)
	at com.microstar.xml.XmlParser.parseDocument(XmlParser.java:481)
	at com.microstar.xml.XmlParser.doParse(XmlParser.java:159)
	at com.microstar.xml.XmlParser.parse(XmlParser.java:132)
	at ptolemy.moml.MoMLParser.parse(MoMLParser.java:1676)
	at ptolemy.moml.MoMLParser.parse(MoMLParser.java:1595)
	at ptolemy.moml.MoMLParser.parse(MoMLParser.java:1537)
	at ptolemy.actor.gui.PtolemyEffigy$Factory.createEffigy(PtolemyEffigy.java:424)
	at ptolemy.actor.gui.EffigyFactory.createEffigy(EffigyFactory.java:234)
	at ptolemy.actor.gui.Configuration.openModel(Configuration.java:1125)
	at ptolemy.actor.gui.Configuration.openModel(Configuration.java:1051)
	at ptolemy.actor.gui.ConfigurationApplication._openModel(ConfigurationApplication.java:1252)
	at ptolemy.actor.gui.ConfigurationApplication._parseArg(ConfigurationApplication.java:1399)
	at ptolemy.actor.gui.ConfigurationApplication._parseArgs(ConfigurationApplication.java:1478)
	at ptolemy.actor.gui.ConfigurationApplication.<init>(ConfigurationApplication.java:277)
	at ptolemy.actor.gui.ConfigurationApplication.<init>(ConfigurationApplication.java:214)
	at ptolemy.actor.gui.ConfigurationApplication.<init>(ConfigurationApplication.java:201)
	at ptolemy.actor.gui.ConfigurationApplication.openModelOrEntity(ConfigurationApplication.java:680)
	at ptolemy.vergil.basic.export.ExportModel$1.run(ExportModel.java:220)
	at java.awt.event.InvocationEvent.dispatch(InvocationEvent.java:301)
	at java.awt.EventQueue.dispatchEventImpl(EventQueue.java:756)
	at java.awt.EventQueue.access$500(EventQueue.java:97)
	at java.awt.EventQueue$3.run(EventQueue.java:709)
	at java.awt.EventQueue$3.run(EventQueue.java:703)
	at java.security.AccessController.doPrivileged(Native Method)
	at java.security.ProtectionDomain$JavaSecurityAccessImpl.doIntersectionPrivilege(ProtectionDomain.java:80)
	at java.awt.EventQueue.dispatchEvent(EventQueue.java:726)
	at java.awt.EventDispatchThread.pumpOneEventForFilters(EventDispatchThread.java:201)
	at java.awt.EventDispatchThread.pumpEventsForFilter(EventDispatchThread.java:116)
	at java.awt.EventDispatchThread.pumpEventsForHierarchy(EventDispatchThread.java:105)
	at java.awt.EventDispatchThread.pumpEvents(EventDispatchThread.java:101)
	at java.awt.EventDispatchThread.pumpEvents(EventDispatchThread.java:93)
	at java.awt.EventDispatchThread.run(EventDispatchThread.java:82)
Caused by: ptolemy.actor.ptalon.PtalonRuntimeException: Unable to add actor null
	at ptolemy.actor.ptalon.PtalonEvaluator.addActor(PtalonEvaluator.java:300)
	at ptolemy.actor.ptalon.PtalonPopulator.actor_declaration(PtalonPopulator.java:1574)
	at ptolemy.actor.ptalon.PtalonPopulator.atomic_statement(PtalonPopulator.java:1638)
	at ptolemy.actor.ptalon.PtalonPopulator.iterative_statement_evaluator(PtalonPopulator.java:2484)
	at ptolemy.actor.ptalon.AbstractPtalonEvaluator$IfTree.evaluateForScope(AbstractPtalonEvaluator.java:1307)
	at ptolemy.actor.ptalon.AbstractPtalonEvaluator.evaluateForScope(AbstractPtalonEvaluator.java:744)
	at ptolemy.actor.ptalon.PtalonPopulator.iterative_statement(PtalonPopulator.java:2363)
	at ptolemy.actor.ptalon.PtalonPopulator.actor_definition(PtalonPopulator.java:2809)
	at ptolemy.actor.ptalon.PtalonActor.attributeChanged(PtalonActor.java:206)
	... 48 more
Caused by: ptolemy.kernel.util.InternalErrorException: Element <entity name="sender1" class="ptolemy.actor.ptalon.demo.ptinyos.SendAndReceiveCnt.CntToLedsAndRfm"> caused an exception to be thrown.
  in .SendAndReceiveCnt.SendAndReceiveCnt
Because:
Cannot find class: ptolemy.actor.ptalon.demo.ptinyos.SendAndReceiveCnt.CntToLedsAndRfm. In Ptolemy, classes are typically Java .class files. Entities like actors may instead be defined within a .xml file.  In any case, the class was not found. If the class uses a third party package, then the class would be present only if the third party package was found at compile time.  It may be necessary to upgrade Java or install the third party package, reconfigure and recompile.
Because:
Element <entity name="MicaLeds" class="ptolemy.domains.ptinyos.lib.MicaLeds"> caused an exception to be thrown.
  in .CntToLedsAndRfm
Because:
Cannot find class: ptolemy.domains.ptinyos.lib.MicaLeds. In Ptolemy, classes are typically Java .class files. Entities like actors may instead be defined within a .xml file.  In any case, the class was not found. If the class uses a third party package, then the class would be present only if the third party package was found at compile time.  It may be necessary to upgrade Java or install the third party package, reconfigure and recompile.
Because:
-- /home/travis/build/icyphy/ptII/ptolemy/actor/ptalon/demo/ptinyos/SendAndReceiveCnt/ptolemy/domains/ptinyos/lib/MicaLeds.xml (No such file or directory)
-- XML file not found relative to classpath.
-- /home/travis/build/icyphy/ptII/ptolemy/vergil/basic/export/test/ptolemy/domains/ptinyos/lib/MicaLeds.xml
/home/travis/build/icyphy/ptII/ptolemy/vergil/basic/export/test/ptolemy/domains/ptinyos/lib/MicaLeds.xml (No such file or directory)
 in file:/home/travis/build/icyphy/ptII/ptolemy/actor/ptalon/demo/ptinyos/SendAndReceiveCnt/CntToLedsAndRfm.xml at line 132 and column 63
	at ptolemy.moml.SimpleErrorHandler.handleError(SimpleErrorHandler.java:75)
	at ptolemy.moml.MoMLParser.startElement(MoMLParser.java:3805)
	at com.microstar.xml.XmlParser.parseElement(XmlParser.java:931)
	at com.microstar.xml.XmlParser.parseDocument(XmlParser.java:481)
	at com.microstar.xml.XmlParser.doParse(XmlParser.java:159)
	at com.microstar.xml.XmlParser.parse(XmlParser.java:132)
	at ptolemy.moml.MoMLParser.parse(MoMLParser.java:1660)
	at ptolemy.moml.MoMLParser.parse(MoMLParser.java:1617)
	at ptolemy.moml.MoMLParser.parse(MoMLParser.java:1792)
	at ptolemy.actor.ptalon.PtalonEvaluator.addActor(PtalonEvaluator.java:241)
	... 56 more
Caused by: ptolemy.kernel.util.IllegalActionException: Cannot find class: ptolemy.actor.ptalon.demo.ptinyos.SendAndReceiveCnt.CntToLedsAndRfm. In Ptolemy, classes are typically Java .class files. Entities like actors may instead be defined within a .xml file.  In any case, the class was not found. If the class uses a third party package, then the class would be present only if the third party package was found at compile time.  It may be necessary to upgrade Java or install the third party package, reconfigure and recompile.
Because:
Element <entity name="MicaLeds" class="ptolemy.domains.ptinyos.lib.MicaLeds"> caused an exception to be thrown.
  in .CntToLedsAndRfm
Because:
Cannot find class: ptolemy.domains.ptinyos.lib.MicaLeds. In Ptolemy, classes are typically Java .class files. Entities like actors may instead be defined within a .xml file.  In any case, the class was not found. If the class uses a third party package, then the class would be present only if the third party package was found at compile time.  It may be necessary to upgrade Java or install the third party package, reconfigure and recompile.
Because:
-- /home/travis/build/icyphy/ptII/ptolemy/actor/ptalon/demo/ptinyos/SendAndReceiveCnt/ptolemy/domains/ptinyos/lib/MicaLeds.xml (No such file or directory)
-- XML file not found relative to classpath.
-- /home/travis/build/icyphy/ptII/ptolemy/vergil/basic/export/test/ptolemy/domains/ptinyos/lib/MicaLeds.xml
/home/travis/build/icyphy/ptII/ptolemy/vergil/basic/export/test/ptolemy/domains/ptinyos/lib/MicaLeds.xml (No such file or directory)
 in file:/home/travis/build/icyphy/ptII/ptolemy/actor/ptalon/demo/ptinyos/SendAndReceiveCnt/CntToLedsAndRfm.xml at line 132 and column 63
	at ptolemy.moml.MoMLParser._createEntity(MoMLParser.java:4330)
	at ptolemy.moml.MoMLParser.startElement(MoMLParser.java:2864)
	... 64 more
Caused by: ptolemy.kernel.util.InternalErrorException: Element <entity name="MicaLeds" class="ptolemy.domains.ptinyos.lib.MicaLeds"> caused an exception to be thrown.
  in .CntToLedsAndRfm
Because:
Cannot find class: ptolemy.domains.ptinyos.lib.MicaLeds. In Ptolemy, classes are typically Java .class files. Entities like actors may instead be defined within a .xml file.  In any case, the class was not found. If the class uses a third party package, then the class would be present only if the third party package was found at compile time.  It may be necessary to upgrade Java or install the third party package, reconfigure and recompile.
Because:
-- /home/travis/build/icyphy/ptII/ptolemy/actor/ptalon/demo/ptinyos/SendAndReceiveCnt/ptolemy/domains/ptinyos/lib/MicaLeds.xml (No such file or directory)
-- XML file not found relative to classpath.
-- /home/travis/build/icyphy/ptII/ptolemy/vergil/basic/export/test/ptolemy/domains/ptinyos/lib/MicaLeds.xml
/home/travis/build/icyphy/ptII/ptolemy/vergil/basic/export/test/ptolemy/domains/ptinyos/lib/MicaLeds.xml (No such file or directory)
 in file:/home/travis/build/icyphy/ptII/ptolemy/actor/ptalon/demo/ptinyos/SendAndReceiveCnt/CntToLedsAndRfm.xml at line 132 and column 63
	at ptolemy.moml.SimpleErrorHandler.handleError(SimpleErrorHandler.java:75)
	at ptolemy.moml.MoMLParser.startElement(MoMLParser.java:3805)
	at com.microstar.xml.XmlParser.parseElement(XmlParser.java:921)
	at com.microstar.xml.XmlParser.parseContent(XmlParser.java:1104)
	at com.microstar.xml.XmlParser.parseElement(XmlParser.java:924)
	at com.microstar.xml.XmlParser.parseDocument(XmlParser.java:481)
	at com.microstar.xml.XmlParser.doParse(XmlParser.java:159)
	at com.microstar.xml.XmlParser.parse(XmlParser.java:132)
	at ptolemy.moml.MoMLParser.parse(MoMLParser.java:1676)
	at ptolemy.moml.MoMLParser.parse(MoMLParser.java:1595)
	at ptolemy.moml.MoMLParser.parse(MoMLParser.java:1537)
	at ptolemy.moml.MoMLParser._findOrParse(MoMLParser.java:5286)
	at ptolemy.moml.MoMLParser._attemptToFindMoMLClass(MoMLParser.java:4075)
	at ptolemy.moml.MoMLParser._createEntity(MoMLParser.java:4323)
	... 65 more
Caused by: ptolemy.kernel.util.IllegalActionException: Cannot find class: ptolemy.domains.ptinyos.lib.MicaLeds. In Ptolemy, classes are typically Java .class files. Entities like actors may instead be defined within a .xml file.  In any case, the class was not found. If the class uses a third party package, then the class would be present only if the third party package was found at compile time.  It may be necessary to upgrade Java or install the third party package, reconfigure and recompile.
Because:
-- /home/travis/build/icyphy/ptII/ptolemy/actor/ptalon/demo/ptinyos/SendAndReceiveCnt/ptolemy/domains/ptinyos/lib/MicaLeds.xml (No such file or directory)
-- XML file not found relative to classpath.
-- /home/travis/build/icyphy/ptII/ptolemy/vergil/basic/export/test/ptolemy/domains/ptinyos/lib/MicaLeds.xml
/home/travis/build/icyphy/ptII/ptolemy/vergil/basic/export/test/ptolemy/domains/ptinyos/lib/MicaLeds.xml (No such file or directory)
 in file:/home/travis/build/icyphy/ptII/ptolemy/actor/ptalon/demo/ptinyos/SendAndReceiveCnt/CntToLedsAndRfm.xml at line 132 and column 63
	at ptolemy.moml.MoMLParser._createEntity(MoMLParser.java:4330)
	at ptolemy.moml.MoMLParser.startElement(MoMLParser.java:2864)
	... 77 more
Caused by: com.microstar.xml.XmlException: -- /home/travis/build/icyphy/ptII/ptolemy/actor/ptalon/demo/ptinyos/SendAndReceiveCnt/ptolemy/domains/ptinyos/lib/MicaLeds.xml (No such file or directory)
-- XML file not found relative to classpath.
-- /home/travis/build/icyphy/ptII/ptolemy/vergil/basic/export/test/ptolemy/domains/ptinyos/lib/MicaLeds.xml
/home/travis/build/icyphy/ptII/ptolemy/vergil/basic/export/test/ptolemy/domains/ptinyos/lib/MicaLeds.xml (No such file or directory)
 in file:/home/travis/build/icyphy/ptII/ptolemy/actor/ptalon/demo/ptinyos/SendAndReceiveCnt/CntToLedsAndRfm.xml at line 132 and column 63
	at ptolemy.moml.MoMLParser.fileNameToURL(MoMLParser.java:1414)
	at ptolemy.moml.MoMLParser._findOrParse(MoMLParser.java:5283)
	at ptolemy.moml.MoMLParser._attemptToFindMoMLClass(MoMLParser.java:4075)
	at ptolemy.moml.MoMLParser._createEntity(MoMLParser.java:4323)
	... 78 more
Caused by: ptolemy.actor.ptalon.PtalonRuntimeException: Unable to add actor null
	at ptolemy.actor.ptalon.PtalonEvaluator.addActor(PtalonEvaluator.java:300)
	at ptolemy.actor.ptalon.PtalonPopulator.actor_declaration(PtalonPopulator.java:1574)
	at ptolemy.actor.ptalon.PtalonPopulator.atomic_statement(PtalonPopulator.java:1638)
	at ptolemy.actor.ptalon.PtalonPopulator.iterative_statement_evaluator(PtalonPopulator.java:2484)
	at ptolemy.actor.ptalon.AbstractPtalonEvaluator$IfTree.evaluateForScope(AbstractPtalonEvaluator.java:1307)
	at ptolemy.actor.ptalon.AbstractPtalonEvaluator.evaluateForScope(AbstractPtalonEvaluator.java:744)
	at ptolemy.actor.ptalon.PtalonPopulator.iterative_statement(PtalonPopulator.java:2363)
	at ptolemy.actor.ptalon.PtalonPopulator.actor_definition(PtalonPopulator.java:2809)
	at ptolemy.actor.ptalon.PtalonActor.attributeChanged(PtalonActor.java:206)
	at ptolemy.actor.ptalon.PtalonMLHandler.startElement(PtalonMLHandler.java:134)
	at com.microstar.xml.XmlParser.parseElement(XmlParser.java:921)
	at com.microstar.xml.XmlParser.parseContent(XmlParser.java:1104)
	at com.microstar.xml.XmlParser.parseElement(XmlParser.java:924)
	at com.microstar.xml.XmlParser.parseDocument(XmlParser.java:481)
	at com.microstar.xml.XmlParser.doParse(XmlParser.java:159)
	at com.microstar.xml.XmlParser.parse(XmlParser.java:132)
	at ptolemy.actor.ptalon.PtalonActor.configure(PtalonActor.java:240)
	at ptolemy.moml.MoMLParser.endElement(MoMLParser.java:996)
	at com.microstar.xml.XmlParser.parseETag(XmlParser.java:1026)
	at com.microstar.xml.XmlParser.parseContent(XmlParser.java:1098)
	at com.microstar.xml.XmlParser.parseElement(XmlParser.java:924)
	at com.microstar.xml.XmlParser.parseContent(XmlParser.java:1104)
	at com.microstar.xml.XmlParser.parseElement(XmlParser.java:924)
	at com.microstar.xml.XmlParser.parseContent(XmlParser.java:1104)
	at com.microstar.xml.XmlParser.parseElement(XmlParser.java:924)
	at com.microstar.xml.XmlParser.parseDocument(XmlParser.java:481)
	at com.microstar.xml.XmlParser.doParse(XmlParser.java:159)
	at com.microstar.xml.XmlParser.parse(XmlParser.java:132)
	at ptolemy.moml.MoMLParser.parse(MoMLParser.java:1676)
	at ptolemy.moml.MoMLParser.parse(MoMLParser.java:1595)
	at ptolemy.moml.MoMLParser.parse(MoMLParser.java:1537)
	at ptolemy.actor.gui.PtolemyEffigy$Factory.createEffigy(PtolemyEffigy.java:424)
	at ptolemy.actor.gui.EffigyFactory.createEffigy(EffigyFactory.java:234)
	at ptolemy.actor.gui.Configuration.openModel(Configuration.java:1125)
	at ptolemy.actor.gui.Configuration.openModel(Configuration.java:1051)
	at ptolemy.actor.gui.ConfigurationApplication._openModel(ConfigurationApplication.java:1252)
	at ptolemy.actor.gui.ConfigurationApplication._parseArg(ConfigurationApplication.java:1399)
	at ptolemy.actor.gui.ConfigurationApplication._parseArgs(ConfigurationApplication.java:1478)
	at ptolemy.actor.gui.ConfigurationApplication.<init>(ConfigurationApplication.java:277)
	at ptolemy.actor.gui.ConfigurationApplication.<init>(ConfigurationApplication.java:214)
	at ptolemy.actor.gui.ConfigurationApplication.<init>(ConfigurationApplication.java:201)
	at ptolemy.actor.gui.ConfigurationApplication.openModelOrEntity(ConfigurationApplication.java:680)
	at ptolemy.vergil.basic.export.ExportModel$1.run(ExportModel.java:220)
	at java.awt.event.InvocationEvent.dispatch(InvocationEvent.java:301)
	at java.awt.EventQueue.dispatchEventImpl(EventQueue.java:756)
	at java.awt.EventQueue.access$500(EventQueue.java:97)
	at java.awt.EventQueue$3.run(EventQueue.java:709)
	at java.awt.EventQueue$3.run(EventQueue.java:703)
	at java.security.AccessController.doPrivileged(Native Method)
	at java.security.ProtectionDomain$JavaSecurityAccessImpl.doIntersectionPrivilege(ProtectionDomain.java:80)
	at java.awt.EventQueue.dispatchEvent(EventQueue.java:726)
	at java.awt.EventDispatchThread.pumpOneEventForFilters(EventDispatchThread.java:201)
	at java.awt.EventDispatchThread.pumpEventsForFilter(EventDispatchThread.java:116)
	at java.awt.EventDispatchThread.pumpEventsForHierarchy(EventDispatchThread.java:105)
	at java.awt.EventDispatchThread.pumpEvents(EventDispatchThread.java:101)
	at java.awt.EventDispatchThread.pumpEvents(EventDispatchThread.java:93)
	at java.awt.EventDispatchThread.run(EventDispatchThread.java:82)
Caused by: ptolemy.kernel.util.InternalErrorException: Element <entity name="sender1" class="ptolemy.actor.ptalon.demo.ptinyos.SendAndReceiveCnt.CntToLedsAndRfm"> caused an exception to be thrown.
  in .SendAndReceiveCnt.SendAndReceiveCnt
Because:
Cannot find class: ptolemy.actor.ptalon.demo.ptinyos.SendAndReceiveCnt.CntToLedsAndRfm. In Ptolemy, classes are typically Java .class files. Entities like actors may instead be defined within a .xml file.  In any case, the class was not found. If the class uses a third party package, then the class would be present only if the third party package was found at compile time.  It may be necessary to upgrade Java or install the third party package, reconfigure and recompile.
Because:
Element <entity name="MicaLeds" class="ptolemy.domains.ptinyos.lib.MicaLeds"> caused an exception to be thrown.
  in .CntToLedsAndRfm
Because:
Cannot find class: ptolemy.domains.ptinyos.lib.MicaLeds. In Ptolemy, classes are typically Java .class files. Entities like actors may instead be defined within a .xml file.  In any case, the class was not found. If the class uses a third party package, then the class would be present only if the third party package was found at compile time.  It may be necessary to upgrade Java or install the third party package, reconfigure and recompile.
Because:
-- /home/travis/build/icyphy/ptII/ptolemy/actor/ptalon/demo/ptinyos/SendAndReceiveCnt/ptolemy/domains/ptinyos/lib/MicaLeds.xml (No such file or directory)
-- XML file not found relative to classpath.
-- /home/travis/build/icyphy/ptII/ptolemy/vergil/basic/export/test/ptolemy/domains/ptinyos/lib/MicaLeds.xml
/home/travis/build/icyphy/ptII/ptolemy/vergil/basic/export/test/ptolemy/domains/ptinyos/lib/MicaLeds.xml (No such file or directory)
 in file:/home/travis/build/icyphy/ptII/ptolemy/actor/ptalon/demo/ptinyos/SendAndReceiveCnt/CntToLedsAndRfm.xml at line 132 and column 63
	at ptolemy.moml.SimpleErrorHandler.handleError(SimpleErrorHandler.java:75)
	at ptolemy.moml.MoMLParser.startElement(MoMLParser.java:3805)
	at com.microstar.xml.XmlParser.parseElement(XmlParser.java:931)
	at com.microstar.xml.XmlParser.parseDocument(XmlParser.java:481)
	at com.microstar.xml.XmlParser.doParse(XmlParser.java:159)
	at com.microstar.xml.XmlParser.parse(XmlParser.java:132)
	at ptolemy.moml.MoMLParser.parse(MoMLParser.java:1660)
	at ptolemy.moml.MoMLParser.parse(MoMLParser.java:1617)
	at ptolemy.moml.MoMLParser.parse(MoMLParser.java:1792)
	at ptolemy.actor.ptalon.PtalonEvaluator.addActor(PtalonEvaluator.java:241)
	... 56 more
Caused by: ptolemy.kernel.util.IllegalActionException: Cannot find class: ptolemy.actor.ptalon.demo.ptinyos.SendAndReceiveCnt.CntToLedsAndRfm. In Ptolemy, classes are typically Java .class files. Entities like actors may instead be defined within a .xml file.  In any case, the class was not found. If the class uses a third party package, then the class would be present only if the third party package was found at compile time.  It may be necessary to upgrade Java or install the third party package, reconfigure and recompile.
Because:
Element <entity name="MicaLeds" class="ptolemy.domains.ptinyos.lib.MicaLeds"> caused an exception to be thrown.
  in .CntToLedsAndRfm
Because:
Cannot find class: ptolemy.domains.ptinyos.lib.MicaLeds. In Ptolemy, classes are typically Java .class files. Entities like actors may instead be defined within a .xml file.  In any case, the class was not found. If the class uses a third party package, then the class would be present only if the third party package was found at compile time.  It may be necessary to upgrade Java or install the third party package, reconfigure and recompile.
Because:
-- /home/travis/build/icyphy/ptII/ptolemy/actor/ptalon/demo/ptinyos/SendAndReceiveCnt/ptolemy/domains/ptinyos/lib/MicaLeds.xml (No such file or directory)
-- XML file not found relative to classpath.
-- /home/travis/build/icyphy/ptII/ptolemy/vergil/basic/export/test/ptolemy/domains/ptinyos/lib/MicaLeds.xml
/home/travis/build/icyphy/ptII/ptolemy/vergil/basic/export/test/ptolemy/domains/ptinyos/lib/MicaLeds.xml (No such file or directory)
 in file:/home/travis/build/icyphy/ptII/ptolemy/actor/ptalon/demo/ptinyos/SendAndReceiveCnt/CntToLedsAndRfm.xml at line 132 and column 63
	at ptolemy.moml.MoMLParser._createEntity(MoMLParser.java:4330)
	at ptolemy.moml.MoMLParser.startElement(MoMLParser.java:2864)
	... 64 more
Caused by: ptolemy.kernel.util.InternalErrorException: Element <entity name="MicaLeds" class="ptolemy.domains.ptinyos.lib.MicaLeds"> caused an exception to be thrown.
  in .CntToLedsAndRfm
Because:
Cannot find class: ptolemy.domains.ptinyos.lib.MicaLeds. In Ptolemy, classes are typically Java .class files. Entities like actors may instead be defined within a .xml file.  In any case, the class was not found. If the class uses a third party package, then the class would be present only if the third party package was found at compile time.  It may be necessary to upgrade Java or install the third party package, reconfigure and recompile.
Because:
-- /home/travis/build/icyphy/ptII/ptolemy/actor/ptalon/demo/ptinyos/SendAndReceiveCnt/ptolemy/domains/ptinyos/lib/MicaLeds.xml (No such file or directory)
-- XML file not found relative to classpath.
-- /home/travis/build/icyphy/ptII/ptolemy/vergil/basic/export/test/ptolemy/domains/ptinyos/lib/MicaLeds.xml
/home/travis/build/icyphy/ptII/ptolemy/vergil/basic/export/test/ptolemy/domains/ptinyos/lib/MicaLeds.xml (No such file or directory)
 in file:/home/travis/build/icyphy/ptII/ptolemy/actor/ptalon/demo/ptinyos/SendAndReceiveCnt/CntToLedsAndRfm.xml at line 132 and column 63
	at ptolemy.moml.SimpleErrorHandler.handleError(SimpleErrorHandler.java:75)
	at ptolemy.moml.MoMLParser.startElement(MoMLParser.java:3805)
	at com.microstar.xml.XmlParser.parseElement(XmlParser.java:921)
	at com.microstar.xml.XmlParser.parseContent(XmlParser.java:1104)
	at com.microstar.xml.XmlParser.parseElement(XmlParser.java:924)
	at com.microstar.xml.XmlParser.parseDocument(XmlParser.java:481)
	at com.microstar.xml.XmlParser.doParse(XmlParser.java:159)
	at com.microstar.xml.XmlParser.parse(XmlParser.java:132)
	at ptolemy.moml.MoMLParser.parse(MoMLParser.java:1676)
	at ptolemy.moml.MoMLParser.parse(MoMLParser.java:1595)
	at ptolemy.moml.MoMLParser.parse(MoMLParser.java:1537)
	at ptolemy.moml.MoMLParser._findOrParse(MoMLParser.java:5286)
	at ptolemy.moml.MoMLParser._attemptToFindMoMLClass(MoMLParser.java:4075)
	at ptolemy.moml.MoMLParser._createEntity(MoMLParser.java:4323)
	... 65 more
Caused by: ptolemy.kernel.util.IllegalActionException: Cannot find class: ptolemy.domains.ptinyos.lib.MicaLeds. In Ptolemy, classes are typically Java .class files. Entities like actors may instead be defined within a .xml file.  In any case, the class was not found. If the class uses a third party package, then the class would be present only if the third party package was found at compile time.  It may be necessary to upgrade Java or install the third party package, reconfigure and recompile.
Because:
-- /home/travis/build/icyphy/ptII/ptolemy/actor/ptalon/demo/ptinyos/SendAndReceiveCnt/ptolemy/domains/ptinyos/lib/MicaLeds.xml (No such file or directory)
-- XML file not found relative to classpath.
-- /home/travis/build/icyphy/ptII/ptolemy/vergil/basic/export/test/ptolemy/domains/ptinyos/lib/MicaLeds.xml
/home/travis/build/icyphy/ptII/ptolemy/vergil/basic/export/test/ptolemy/domains/ptinyos/lib/MicaLeds.xml (No such file or directory)
 in file:/home/travis/build/icyphy/ptII/ptolemy/actor/ptalon/demo/ptinyos/SendAndReceiveCnt/CntToLedsAndRfm.xml at line 132 and column 63
	at ptolemy.moml.MoMLParser._createEntity(MoMLParser.java:4330)
	at ptolemy.moml.MoMLParser.startElement(MoMLParser.java:2864)
	... 77 more
Caused by: com.microstar.xml.XmlException: -- /home/travis/build/icyphy/ptII/ptolemy/actor/ptalon/demo/ptinyos/SendAndReceiveCnt/ptolemy/domains/ptinyos/lib/MicaLeds.xml (No such file or directory)
-- XML file not found relative to classpath.
-- /home/travis/build/icyphy/ptII/ptolemy/vergil/basic/export/test/ptolemy/domains/ptinyos/lib/MicaLeds.xml
/home/travis/build/icyphy/ptII/ptolemy/vergil/basic/export/test/ptolemy/domains/ptinyos/lib/MicaLeds.xml (No such file or directory)
 in file:/home/travis/build/icyphy/ptII/ptolemy/actor/ptalon/demo/ptinyos/SendAndReceiveCnt/CntToLedsAndRfm.xml at line 132 and column 63
	at ptolemy.moml.MoMLParser.fileNameToURL(MoMLParser.java:1414)
	at ptolemy.moml.MoMLParser._findOrParse(MoMLParser.java:5283)
	at ptolemy.moml.MoMLParser._attemptToFindMoMLClass(MoMLParser.java:4075)
	at ptolemy.moml.MoMLParser._createEntity(MoMLParser.java:4323)
	... 78 more
Failed to read file:/home/travis/build/icyphy/ptII/ptolemy/actor/ptalon/demo/ptinyos/SendAndReceiveCnt/SendAndReceiveCnt.xml
ptolemy.kernel.util.IllegalActionException: Failed to process attribute change to PtalonParameter, whose value is "ptolemy.actor.ptalon.PtalonExpressionParameter {.SendAndReceiveCnt.SendAndReceiveCnt.channelName} "AtomicWirelessChannel"".
  in .SendAndReceiveCnt.SendAndReceiveCnt
Because:
Unable to add actor null
	at ptolemy.actor.ptalon.PtalonActor.attributeChanged(PtalonActor.java:211)
	at ptolemy.actor.ptalon.PtalonMLHandler.startElement(PtalonMLHandler.java:134)
	at com.microstar.xml.XmlParser.parseElement(XmlParser.java:921)
	at com.microstar.xml.XmlParser.parseContent(XmlParser.java:1104)
	at com.microstar.xml.XmlParser.parseElement(XmlParser.java:924)
	at com.microstar.xml.XmlParser.parseDocument(XmlParser.java:481)
	at com.microstar.xml.XmlParser.doParse(XmlParser.java:159)
	at com.microstar.xml.XmlParser.parse(XmlParser.java:132)
	at ptolemy.actor.ptalon.PtalonActor.configure(PtalonActor.java:240)
	at ptolemy.moml.MoMLParser.endElement(MoMLParser.java:996)
	at com.microstar.xml.XmlParser.parseETag(XmlParser.java:1026)
	at com.microstar.xml.XmlParser.parseContent(XmlParser.java:1098)
	at com.microstar.xml.XmlParser.parseElement(XmlParser.java:924)
	at com.microstar.xml.XmlParser.parseContent(XmlParser.java:1104)
	at com.microstar.xml.XmlParser.parseElement(XmlParser.java:924)
	at com.microstar.xml.XmlParser.parseContent(XmlParser.java:1104)
	at com.microstar.xml.XmlParser.parseElement(XmlParser.java:924)
	at com.microstar.xml.XmlParser.parseDocument(XmlParser.java:481)
	at com.microstar.xml.XmlParser.doParse(XmlParser.java:159)
	at com.microstar.xml.XmlParser.parse(XmlParser.java:132)
	at ptolemy.moml.MoMLParser.parse(MoMLParser.java:1676)
	at ptolemy.moml.MoMLParser.parse(MoMLParser.java:1595)
	at ptolemy.moml.MoMLParser.parse(MoMLParser.java:1537)
	at ptolemy.actor.gui.PtolemyEffigy$Factory.createEffigy(PtolemyEffigy.java:424)
	at ptolemy.actor.gui.EffigyFactory.createEffigy(EffigyFactory.java:234)
	at ptolemy.actor.gui.Configuration.openModel(Configuration.java:1125)
	at ptolemy.actor.gui.Configuration.openModel(Configuration.java:1051)
	at ptolemy.actor.gui.ConfigurationApplication._openModel(ConfigurationApplication.java:1252)
	at ptolemy.actor.gui.ConfigurationApplication._parseArg(ConfigurationApplication.java:1399)
	at ptolemy.actor.gui.ConfigurationApplication._parseArgs(ConfigurationApplication.java:1478)
	at ptolemy.actor.gui.ConfigurationApplication.<init>(ConfigurationApplication.java:277)
	at ptolemy.actor.gui.ConfigurationApplication.<init>(ConfigurationApplication.java:214)
	at ptolemy.actor.gui.ConfigurationApplication.<init>(ConfigurationApplication.java:201)
	at ptolemy.actor.gui.ConfigurationApplication.openModelOrEntity(ConfigurationApplication.java:680)
	at ptolemy.vergil.basic.export.ExportModel$1.run(ExportModel.java:220)
	at java.awt.event.InvocationEvent.dispatch(InvocationEvent.java:301)
	at java.awt.EventQueue.dispatchEventImpl(EventQueue.java:756)
	at java.awt.EventQueue.access$500(EventQueue.java:97)
	at java.awt.EventQueue$3.run(EventQueue.java:709)
	at java.awt.EventQueue$3.run(EventQueue.java:703)
	at java.security.AccessController.doPrivileged(Native Method)
	at java.security.ProtectionDomain$JavaSecurityAccessImpl.doIntersectionPrivilege(ProtectionDomain.java:80)
	at java.awt.EventQueue.dispatchEvent(EventQueue.java:726)
	at java.awt.EventDispatchThread.pumpOneEventForFilters(EventDispatchThread.java:201)
	at java.awt.EventDispatchThread.pumpEventsForFilter(EventDispatchThread.java:116)
	at java.awt.EventDispatchThread.pumpEventsForHierarchy(EventDispatchThread.java:105)
	at java.awt.EventDispatchThread.pumpEvents(EventDispatchThread.java:101)
	at java.awt.EventDispatchThread.pumpEvents(EventDispatchThread.java:93)
	at java.awt.EventDispatchThread.run(EventDispatchThread.java:82)
Caused by: ptolemy.actor.ptalon.PtalonRuntimeException: Unable to add actor null
	at ptolemy.actor.ptalon.PtalonEvaluator.addActor(PtalonEvaluator.java:300)
	at ptolemy.actor.ptalon.PtalonPopulator.actor_declaration(PtalonPopulator.java:1574)
	at ptolemy.actor.ptalon.PtalonPopulator.atomic_statement(PtalonPopulator.java:1638)
	at ptolemy.actor.ptalon.PtalonPopulator.iterative_statement_evaluator(PtalonPopulator.java:2484)
	at ptolemy.actor.ptalon.AbstractPtalonEvaluator$IfTree.evaluateForScope(AbstractPtalonEvaluator.java:1307)
	at ptolemy.actor.ptalon.AbstractPtalonEvaluator.evaluateForScope(AbstractPtalonEvaluator.java:744)
	at ptolemy.actor.ptalon.PtalonPopulator.iterative_statement(PtalonPopulator.java:2363)
	at ptolemy.actor.ptalon.PtalonPopulator.actor_definition(PtalonPopulator.java:2809)
	at ptolemy.actor.ptalon.PtalonActor.attributeChanged(PtalonActor.java:206)
	... 48 more
Caused by: ptolemy.kernel.util.InternalErrorException: Element <entity name="sender1" class="ptolemy.actor.ptalon.demo.ptinyos.SendAndReceiveCnt.CntToLedsAndRfm"> caused an exception to be thrown.
  in .SendAndReceiveCnt.SendAndReceiveCnt
Because:
Cannot find class: ptolemy.actor.ptalon.demo.ptinyos.SendAndReceiveCnt.CntToLedsAndRfm. In Ptolemy, classes are typically Java .class files. Entities like actors may instead be defined within a .xml file.  In any case, the class was not found. If the class uses a third party package, then the class would be present only if the third party package was found at compile time.  It may be necessary to upgrade Java or install the third party package, reconfigure and recompile.
Because:
Element <entity name="MicaLeds" class="ptolemy.domains.ptinyos.lib.MicaLeds"> caused an exception to be thrown.
  in .CntToLedsAndRfm
Because:
Cannot find class: ptolemy.domains.ptinyos.lib.MicaLeds. In Ptolemy, classes are typically Java .class files. Entities like actors may instead be defined within a .xml file.  In any case, the class was not found. If the class uses a third party package, then the class would be present only if the third party package was found at compile time.  It may be necessary to upgrade Java or install the third party package, reconfigure and recompile.
Because:
-- /home/travis/build/icyphy/ptII/ptolemy/actor/ptalon/demo/ptinyos/SendAndReceiveCnt/ptolemy/domains/ptinyos/lib/MicaLeds.xml (No such file or directory)
-- XML file not found relative to classpath.
-- /home/travis/build/icyphy/ptII/ptolemy/vergil/basic/export/test/ptolemy/domains/ptinyos/lib/MicaLeds.xml
/home/travis/build/icyphy/ptII/ptolemy/vergil/basic/export/test/ptolemy/domains/ptinyos/lib/MicaLeds.xml (No such file or directory)
 in file:/home/travis/build/icyphy/ptII/ptolemy/actor/ptalon/demo/ptinyos/SendAndReceiveCnt/CntToLedsAndRfm.xml at line 132 and column 63
	at ptolemy.moml.SimpleErrorHandler.handleError(SimpleErrorHandler.java:75)
	at ptolemy.moml.MoMLParser.startElement(MoMLParser.java:3805)
	at com.microstar.xml.XmlParser.parseElement(XmlParser.java:931)
	at com.microstar.xml.XmlParser.parseDocument(XmlParser.java:481)
	at com.microstar.xml.XmlParser.doParse(XmlParser.java:159)
	at com.microstar.xml.XmlParser.parse(XmlParser.java:132)
	at ptolemy.moml.MoMLParser.parse(MoMLParser.java:1660)
	at ptolemy.moml.MoMLParser.parse(MoMLParser.java:1617)
	at ptolemy.moml.MoMLParser.parse(MoMLParser.java:1792)
	at ptolemy.actor.ptalon.PtalonEvaluator.addActor(PtalonEvaluator.java:241)
	... 56 more
Caused by: ptolemy.kernel.util.IllegalActionException: Cannot find class: ptolemy.actor.ptalon.demo.ptinyos.SendAndReceiveCnt.CntToLedsAndRfm. In Ptolemy, classes are typically Java .class files. Entities like actors may instead be defined within a .xml file.  In any case, the class was not found. If the class uses a third party package, then the class would be present only if the third party package was found at compile time.  It may be necessary to upgrade Java or install the third party package, reconfigure and recompile.
Because:
Element <entity name="MicaLeds" class="ptolemy.domains.ptinyos.lib.MicaLeds"> caused an exception to be thrown.
  in .CntToLedsAndRfm
Because:
Cannot find class: ptolemy.domains.ptinyos.lib.MicaLeds. In Ptolemy, classes are typically Java .class files. Entities like actors may instead be defined within a .xml file.  In any case, the class was not found. If the class uses a third party package, then the class would be present only if the third party package was found at compile time.  It may be necessary to upgrade Java or install the third party package, reconfigure and recompile.
Because:
-- /home/travis/build/icyphy/ptII/ptolemy/actor/ptalon/demo/ptinyos/SendAndReceiveCnt/ptolemy/domains/ptinyos/lib/MicaLeds.xml (No such file or directory)
-- XML file not found relative to classpath.
-- /home/travis/build/icyphy/ptII/ptolemy/vergil/basic/export/test/ptolemy/domains/ptinyos/lib/MicaLeds.xml
/home/travis/build/icyphy/ptII/ptolemy/vergil/basic/export/test/ptolemy/domains/ptinyos/lib/MicaLeds.xml (No such file or directory)
 in file:/home/travis/build/icyphy/ptII/ptolemy/actor/ptalon/demo/ptinyos/SendAndReceiveCnt/CntToLedsAndRfm.xml at line 132 and column 63
	at ptolemy.moml.MoMLParser._createEntity(MoMLParser.java:4330)
	at ptolemy.moml.MoMLParser.startElement(MoMLParser.java:2864)
	... 64 more
Caused by: ptolemy.kernel.util.InternalErrorException: Element <entity name="MicaLeds" class="ptolemy.domains.ptinyos.lib.MicaLeds"> caused an exception to be thrown.
  in .CntToLedsAndRfm
Because:
Cannot find class: ptolemy.domains.ptinyos.lib.MicaLeds. In Ptolemy, classes are typically Java .class files. Entities like actors may instead be defined within a .xml file.  In any case, the class was not found. If the class uses a third party package, then the class would be present only if the third party package was found at compile time.  It may be necessary to upgrade Java or install the third party package, reconfigure and recompile.
Because:
-- /home/travis/build/icyphy/ptII/ptolemy/actor/ptalon/demo/ptinyos/SendAndReceiveCnt/ptolemy/domains/ptinyos/lib/MicaLeds.xml (No such file or directory)
-- XML file not found relative to classpath.
-- /home/travis/build/icyphy/ptII/ptolemy/vergil/basic/export/test/ptolemy/domains/ptinyos/lib/MicaLeds.xml
/home/travis/build/icyphy/ptII/ptolemy/vergil/basic/export/test/ptolemy/domains/ptinyos/lib/MicaLeds.xml (No such file or directory)
 in file:/home/travis/build/icyphy/ptII/ptolemy/actor/ptalon/demo/ptinyos/SendAndReceiveCnt/CntToLedsAndRfm.xml at line 132 and column 63
	at ptolemy.moml.SimpleErrorHandler.handleError(SimpleErrorHandler.java:75)
	at ptolemy.moml.MoMLParser.startElement(MoMLParser.java:3805)
	at com.microstar.xml.XmlParser.parseElement(XmlParser.java:921)
	at com.microstar.xml.XmlParser.parseContent(XmlParser.java:1104)
	at com.microstar.xml.XmlParser.parseElement(XmlParser.java:924)
	at com.microstar.xml.XmlParser.parseDocument(XmlParser.java:481)
	at com.microstar.xml.XmlParser.doParse(XmlParser.java:159)
	at com.microstar.xml.XmlParser.parse(XmlParser.java:132)
	at ptolemy.moml.MoMLParser.parse(MoMLParser.java:1676)
	at ptolemy.moml.MoMLParser.parse(MoMLParser.java:1595)
	at ptolemy.moml.MoMLParser.parse(MoMLParser.java:1537)
	at ptolemy.moml.MoMLParser._findOrParse(MoMLParser.java:5286)
	at ptolemy.moml.MoMLParser._attemptToFindMoMLClass(MoMLParser.java:4075)
	at ptolemy.moml.MoMLParser._createEntity(MoMLParser.java:4323)
	... 65 more
Caused by: ptolemy.kernel.util.IllegalActionException: Cannot find class: ptolemy.domains.ptinyos.lib.MicaLeds. In Ptolemy, classes are typically Java .class files. Entities like actors may instead be defined within a .xml file.  In any case, the class was not found. If the class uses a third party package, then the class would be present only if the third party package was found at compile time.  It may be necessary to upgrade Java or install the third party package, reconfigure and recompile.
Because:
-- /home/travis/build/icyphy/ptII/ptolemy/actor/ptalon/demo/ptinyos/SendAndReceiveCnt/ptolemy/domains/ptinyos/lib/MicaLeds.xml (No such file or directory)
-- XML file not found relative to classpath.
-- /home/travis/build/icyphy/ptII/ptolemy/vergil/basic/export/test/ptolemy/domains/ptinyos/lib/MicaLeds.xml
/home/travis/build/icyphy/ptII/ptolemy/vergil/basic/export/test/ptolemy/domains/ptinyos/lib/MicaLeds.xml (No such file or directory)
 in file:/home/travis/build/icyphy/ptII/ptolemy/actor/ptalon/demo/ptinyos/SendAndReceiveCnt/CntToLedsAndRfm.xml at line 132 and column 63
	at ptolemy.moml.MoMLParser._createEntity(MoMLParser.java:4330)
	at ptolemy.moml.MoMLParser.startElement(MoMLParser.java:2864)
	... 77 more
Caused by: com.microstar.xml.XmlException: -- /home/travis/build/icyphy/ptII/ptolemy/actor/ptalon/demo/ptinyos/SendAndReceiveCnt/ptolemy/domains/ptinyos/lib/MicaLeds.xml (No such file or directory)
-- XML file not found relative to classpath.
-- /home/travis/build/icyphy/ptII/ptolemy/vergil/basic/export/test/ptolemy/domains/ptinyos/lib/MicaLeds.xml
/home/travis/build/icyphy/ptII/ptolemy/vergil/basic/export/test/ptolemy/domains/ptinyos/lib/MicaLeds.xml (No such file or directory)
 in file:/home/travis/build/icyphy/ptII/ptolemy/actor/ptalon/demo/ptinyos/SendAndReceiveCnt/CntToLedsAndRfm.xml at line 132 and column 63
	at ptolemy.moml.MoMLParser.fileNameToURL(MoMLParser.java:1414)
	at ptolemy.moml.MoMLParser._findOrParse(MoMLParser.java:5283)
	at ptolemy.moml.MoMLParser._attemptToFindMoMLClass(MoMLParser.java:4075)
	at ptolemy.moml.MoMLParser._createEntity(MoMLParser.java:4323)
	... 78 more
Caused by: ptolemy.actor.ptalon.PtalonRuntimeException: Unable to add actor null
	at ptolemy.actor.ptalon.PtalonEvaluator.addActor(PtalonEvaluator.java:300)
	at ptolemy.actor.ptalon.PtalonPopulator.actor_declaration(PtalonPopulator.java:1574)
	at ptolemy.actor.ptalon.PtalonPopulator.atomic_statement(PtalonPopulator.java:1638)
	at ptolemy.actor.ptalon.PtalonPopulator.iterative_statement_evaluator(PtalonPopulator.java:2484)
	at ptolemy.actor.ptalon.AbstractPtalonEvaluator$IfTree.evaluateForScope(AbstractPtalonEvaluator.java:1307)
	at ptolemy.actor.ptalon.AbstractPtalonEvaluator.evaluateForScope(AbstractPtalonEvaluator.java:744)
	at ptolemy.actor.ptalon.PtalonPopulator.iterative_statement(PtalonPopulator.java:2363)
	at ptolemy.actor.ptalon.PtalonPopulator.actor_definition(PtalonPopulator.java:2809)
	at ptolemy.actor.ptalon.PtalonActor.attributeChanged(PtalonActor.java:206)
	at ptolemy.actor.ptalon.PtalonMLHandler.startElement(PtalonMLHandler.java:134)
	at com.microstar.xml.XmlParser.parseElement(XmlParser.java:921)
	at com.microstar.xml.XmlParser.parseContent(XmlParser.java:1104)
	at com.microstar.xml.XmlParser.parseElement(XmlParser.java:924)
	at com.microstar.xml.XmlParser.parseDocument(XmlParser.java:481)
	at com.microstar.xml.XmlParser.doParse(XmlParser.java:159)
	at com.microstar.xml.XmlParser.parse(XmlParser.java:132)
	at ptolemy.actor.ptalon.PtalonActor.configure(PtalonActor.java:240)
	at ptolemy.moml.MoMLParser.endElement(MoMLParser.java:996)
	at com.microstar.xml.XmlParser.parseETag(XmlParser.java:1026)
	at com.microstar.xml.XmlParser.parseContent(XmlParser.java:1098)
	at com.microstar.xml.XmlParser.parseElement(XmlParser.java:924)
	at com.microstar.xml.XmlParser.parseContent(XmlParser.java:1104)
	at com.microstar.xml.XmlParser.parseElement(XmlParser.java:924)
	at com.microstar.xml.XmlParser.parseContent(XmlParser.java:1104)
	at com.microstar.xml.XmlParser.parseElement(XmlParser.java:924)
	at com.microstar.xml.XmlParser.parseDocument(XmlParser.java:481)
	at com.microstar.xml.XmlParser.doParse(XmlParser.java:159)
	at com.microstar.xml.XmlParser.parse(XmlParser.java:132)
	at ptolemy.moml.MoMLParser.parse(MoMLParser.java:1676)
	at ptolemy.moml.MoMLParser.parse(MoMLParser.java:1595)
	at ptolemy.moml.MoMLParser.parse(MoMLParser.java:1537)
	at ptolemy.actor.gui.PtolemyEffigy$Factory.createEffigy(PtolemyEffigy.java:424)
	at ptolemy.actor.gui.EffigyFactory.createEffigy(EffigyFactory.java:234)
	at ptolemy.actor.gui.Configuration.openModel(Configuration.java:1125)
	at ptolemy.actor.gui.Configuration.openModel(Configuration.java:1051)
	at ptolemy.actor.gui.ConfigurationApplication._openModel(ConfigurationApplication.java:1252)
	at ptolemy.actor.gui.ConfigurationApplication._parseArg(ConfigurationApplication.java:1399)
	at ptolemy.actor.gui.ConfigurationApplication._parseArgs(ConfigurationApplication.java:1478)
	at ptolemy.actor.gui.ConfigurationApplication.<init>(ConfigurationApplication.java:277)
	at ptolemy.actor.gui.ConfigurationApplication.<init>(ConfigurationApplication.java:214)
	at ptolemy.actor.gui.ConfigurationApplication.<init>(ConfigurationApplication.java:201)
	at ptolemy.actor.gui.ConfigurationApplication.openModelOrEntity(ConfigurationApplication.java:680)
	at ptolemy.vergil.basic.export.ExportModel$1.run(ExportModel.java:220)
	at java.awt.event.InvocationEvent.dispatch(InvocationEvent.java:301)
	at java.awt.EventQueue.dispatchEventImpl(EventQueue.java:756)
	at java.awt.EventQueue.access$500(EventQueue.java:97)
	at java.awt.EventQueue$3.run(EventQueue.java:709)
	at java.awt.EventQueue$3.run(EventQueue.java:703)
	at java.security.AccessController.doPrivileged(Native Method)
	at java.security.ProtectionDomain$JavaSecurityAccessImpl.doIntersectionPrivilege(ProtectionDomain.java:80)
	at java.awt.EventQueue.dispatchEvent(EventQueue.java:726)
	at java.awt.EventDispatchThread.pumpOneEventForFilters(EventDispatchThread.java:201)
	at java.awt.EventDispatchThread.pumpEventsForFilter(EventDispatchThread.java:116)
	at java.awt.EventDispatchThread.pumpEventsForHierarchy(EventDispatchThread.java:105)
	at java.awt.EventDispatchThread.pumpEvents(EventDispatchThread.java:101)
	at java.awt.EventDispatchThread.pumpEvents(EventDispatchThread.java:93)
	at java.awt.EventDispatchThread.run(EventDispatchThread.java:82)
Caused by: ptolemy.kernel.util.InternalErrorException: Element <entity name="sender1" class="ptolemy.actor.ptalon.demo.ptinyos.SendAndReceiveCnt.CntToLedsAndRfm"> caused an exception to be thrown.
  in .SendAndReceiveCnt.SendAndReceiveCnt
Because:
Cannot find class: ptolemy.actor.ptalon.demo.ptinyos.SendAndReceiveCnt.CntToLedsAndRfm. In Ptolemy, classes are typically Java .class files. Entities like actors may instead be defined within a .xml file.  In any case, the class was not found. If the class uses a third party package, then the class would be present only if the third party package was found at compile time.  It may be necessary to upgrade Java or install the third party package, reconfigure and recompile.
Because:
Element <entity name="MicaLeds" class="ptolemy.domains.ptinyos.lib.MicaLeds"> caused an exception to be thrown.
  in .CntToLedsAndRfm
Because:
Cannot find class: ptolemy.domains.ptinyos.lib.MicaLeds. In Ptolemy, classes are typically Java .class files. Entities like actors may instead be defined within a .xml file.  In any case, the class was not found. If the class uses a third party package, then the class would be present only if the third party package was found at compile time.  It may be necessary to upgrade Java or install the third party package, reconfigure and recompile.
Because:
-- /home/travis/build/icyphy/ptII/ptolemy/actor/ptalon/demo/ptinyos/SendAndReceiveCnt/ptolemy/domains/ptinyos/lib/MicaLeds.xml (No such file or directory)
-- XML file not found relative to classpath.
-- /home/travis/build/icyphy/ptII/ptolemy/vergil/basic/export/test/ptolemy/domains/ptinyos/lib/MicaLeds.xml
/home/travis/build/icyphy/ptII/ptolemy/vergil/basic/export/test/ptolemy/domains/ptinyos/lib/MicaLeds.xml (No such file or directory)
 in file:/home/travis/build/icyphy/ptII/ptolemy/actor/ptalon/demo/ptinyos/SendAndReceiveCnt/CntToLedsAndRfm.xml at line 132 and column 63
	at ptolemy.moml.SimpleErrorHandler.handleError(SimpleErrorHandler.java:75)
	at ptolemy.moml.MoMLParser.startElement(MoMLParser.java:3805)
	at com.microstar.xml.XmlParser.parseElement(XmlParser.java:931)
	at com.microstar.xml.XmlParser.parseDocument(XmlParser.java:481)
	at com.microstar.xml.XmlParser.doParse(XmlParser.java:159)
	at com.microstar.xml.XmlParser.parse(XmlParser.java:132)
	at ptolemy.moml.MoMLParser.parse(MoMLParser.java:1660)
	at ptolemy.moml.MoMLParser.parse(MoMLParser.java:1617)
	at ptolemy.moml.MoMLParser.parse(MoMLParser.java:1792)
	at ptolemy.actor.ptalon.PtalonEvaluator.addActor(PtalonEvaluator.java:241)
	... 56 more
Caused by: ptolemy.kernel.util.IllegalActionException: Cannot find class: ptolemy.actor.ptalon.demo.ptinyos.SendAndReceiveCnt.CntToLedsAndRfm. In Ptolemy, classes are typically Java .class files. Entities like actors may instead be defined within a .xml file.  In any case, the class was not found. If the class uses a third party package, then the class would be present only if the third party package was found at compile time.  It may be necessary to upgrade Java or install the third party package, reconfigure and recompile.
Because:
Element <entity name="MicaLeds" class="ptolemy.domains.ptinyos.lib.MicaLeds"> caused an exception to be thrown.
  in .CntToLedsAndRfm
Because:
Cannot find class: ptolemy.domains.ptinyos.lib.MicaLeds. In Ptolemy, classes are typically Java .class files. Entities like actors may instead be defined within a .xml file.  In any case, the class was not found. If the class uses a third party package, then the class would be present only if the third party package was found at compile time.  It may be necessary to upgrade Java or install the third party package, reconfigure and recompile.
Because:
-- /home/travis/build/icyphy/ptII/ptolemy/actor/ptalon/demo/ptinyos/SendAndReceiveCnt/ptolemy/domains/ptinyos/lib/MicaLeds.xml (No such file or directory)
-- XML file not found relative to classpath.
-- /home/travis/build/icyphy/ptII/ptolemy/vergil/basic/export/test/ptolemy/domains/ptinyos/lib/MicaLeds.xml
/home/travis/build/icyphy/ptII/ptolemy/vergil/basic/export/test/ptolemy/domains/ptinyos/lib/MicaLeds.xml (No such file or directory)
 in file:/home/travis/build/icyphy/ptII/ptolemy/actor/ptalon/demo/ptinyos/SendAndReceiveCnt/CntToLedsAndRfm.xml at line 132 and column 63
	at ptolemy.moml.MoMLParser._createEntity(MoMLParser.java:4330)
	at ptolemy.moml.MoMLParser.startElement(MoMLParser.java:2864)
	... 64 more
Caused by: ptolemy.kernel.util.InternalErrorException: Element <entity name="MicaLeds" class="ptolemy.domains.ptinyos.lib.MicaLeds"> caused an exception to be thrown.
  in .CntToLedsAndRfm
Because:
Cannot find class: ptolemy.domains.ptinyos.lib.MicaLeds. In Ptolemy, classes are typically Java .class files. Entities like actors may instead be defined within a .xml file.  In any case, the class was not found. If the class uses a third party package, then the class would be present only if the third party package was found at compile time.  It may be necessary to upgrade Java or install the third party package, reconfigure and recompile.
Because:
-- /home/travis/build/icyphy/ptII/ptolemy/actor/ptalon/demo/ptinyos/SendAndReceiveCnt/ptolemy/domains/ptinyos/lib/MicaLeds.xml (No such file or directory)
-- XML file not found relative to classpath.
-- /home/travis/build/icyphy/ptII/ptolemy/vergil/basic/export/test/ptolemy/domains/ptinyos/lib/MicaLeds.xml
/home/travis/build/icyphy/ptII/ptolemy/vergil/basic/export/test/ptolemy/domains/ptinyos/lib/MicaLeds.xml (No such file or directory)
 in file:/home/travis/build/icyphy/ptII/ptolemy/actor/ptalon/demo/ptinyos/SendAndReceiveCnt/CntToLedsAndRfm.xml at line 132 and column 63
	at ptolemy.moml.SimpleErrorHandler.handleError(SimpleErrorHandler.java:75)
	at ptolemy.moml.MoMLParser.startElement(MoMLParser.java:3805)
	at com.microstar.xml.XmlParser.parseElement(XmlParser.java:921)
	at com.microstar.xml.XmlParser.parseContent(XmlParser.java:1104)
	at com.microstar.xml.XmlParser.parseElement(XmlParser.java:924)
	at com.microstar.xml.XmlParser.parseDocument(XmlParser.java:481)
	at com.microstar.xml.XmlParser.doParse(XmlParser.java:159)
	at com.microstar.xml.XmlParser.parse(XmlParser.java:132)
	at ptolemy.moml.MoMLParser.parse(MoMLParser.java:1676)
	at ptolemy.moml.MoMLParser.parse(MoMLParser.java:1595)
	at ptolemy.moml.MoMLParser.parse(MoMLParser.java:1537)
	at ptolemy.moml.MoMLParser._findOrParse(MoMLParser.java:5286)
	at ptolemy.moml.MoMLParser._attemptToFindMoMLClass(MoMLParser.java:4075)
	at ptolemy.moml.MoMLParser._createEntity(MoMLParser.java:4323)
	... 65 more
Caused by: ptolemy.kernel.util.IllegalActionException: Cannot find class: ptolemy.domains.ptinyos.lib.MicaLeds. In Ptolemy, classes are typically Java .class files. Entities like actors may instead be defined within a .xml file.  In any case, the class was not found. If the class uses a third party package, then the class would be present only if the third party package was found at compile time.  It may be necessary to upgrade Java or install the third party package, reconfigure and recompile.
Because:
-- /home/travis/build/icyphy/ptII/ptolemy/actor/ptalon/demo/ptinyos/SendAndReceiveCnt/ptolemy/domains/ptinyos/lib/MicaLeds.xml (No such file or directory)
-- XML file not found relative to classpath.
-- /home/travis/build/icyphy/ptII/ptolemy/vergil/basic/export/test/ptolemy/domains/ptinyos/lib/MicaLeds.xml
/home/travis/build/icyphy/ptII/ptolemy/vergil/basic/export/test/ptolemy/domains/ptinyos/lib/MicaLeds.xml (No such file or directory)
 in file:/home/travis/build/icyphy/ptII/ptolemy/actor/ptalon/demo/ptinyos/SendAndReceiveCnt/CntToLedsAndRfm.xml at line 132 and column 63
	at ptolemy.moml.MoMLParser._createEntity(MoMLParser.java:4330)
	at ptolemy.moml.MoMLParser.startElement(MoMLParser.java:2864)
	... 77 more
Caused by: com.microstar.xml.XmlException: -- /home/travis/build/icyphy/ptII/ptolemy/actor/ptalon/demo/ptinyos/SendAndReceiveCnt/ptolemy/domains/ptinyos/lib/MicaLeds.xml (No such file or directory)
-- XML file not found relative to classpath.
-- /home/travis/build/icyphy/ptII/ptolemy/vergil/basic/export/test/ptolemy/domains/ptinyos/lib/MicaLeds.xml
/home/travis/build/icyphy/ptII/ptolemy/vergil/basic/export/test/ptolemy/domains/ptinyos/lib/MicaLeds.xml (No such file or directory)
 in file:/home/travis/build/icyphy/ptII/ptolemy/actor/ptalon/demo/ptinyos/SendAndReceiveCnt/CntToLedsAndRfm.xml at line 132 and column 63
	at ptolemy.moml.MoMLParser.fileNameToURL(MoMLParser.java:1414)
	at ptolemy.moml.MoMLParser._findOrParse(MoMLParser.java:5283)
	at ptolemy.moml.MoMLParser._attemptToFindMoMLClass(MoMLParser.java:4075)
	at ptolemy.moml.MoMLParser._createEntity(MoMLParser.java:4323)
	... 78 more
Failed to read file:/home/travis/build/icyphy/ptII/ptolemy/actor/ptalon/demo/ptinyos/SendAndReceiveCnt/SendAndReceiveCnt.xml
ptolemy.kernel.util.IllegalActionException: Failed to process attribute change to PtalonParameter, whose value is "ptolemy.actor.ptalon.PtalonExpressionParameter {.SendAndReceiveCnt.SendAndReceiveCnt.channelName} "AtomicWirelessChannel"".
  in .SendAndReceiveCnt.SendAndReceiveCnt
Because:
Unable to add actor null
	at ptolemy.actor.ptalon.PtalonActor.attributeChanged(PtalonActor.java:211)
	at ptolemy.actor.ptalon.PtalonMLHandler.startElement(PtalonMLHandler.java:134)
	at com.microstar.xml.XmlParser.parseElement(XmlParser.java:921)
	at com.microstar.xml.XmlParser.parseContent(XmlParser.java:1104)
	at com.microstar.xml.XmlParser.parseElement(XmlParser.java:924)
	at com.microstar.xml.XmlParser.parseDocument(XmlParser.java:481)
	at com.microstar.xml.XmlParser.doParse(XmlParser.java:159)
	at com.microstar.xml.XmlParser.parse(XmlParser.java:132)
	at ptolemy.actor.ptalon.PtalonActor.configure(PtalonActor.java:240)
	at ptolemy.moml.MoMLParser.endElement(MoMLParser.java:996)
	at com.microstar.xml.XmlParser.parseETag(XmlParser.java:1026)
	at com.microstar.xml.XmlParser.parseContent(XmlParser.java:1098)
	at com.microstar.xml.XmlParser.parseElement(XmlParser.java:924)
	at com.microstar.xml.XmlParser.parseContent(XmlParser.java:1104)
	at com.microstar.xml.XmlParser.parseElement(XmlParser.java:924)
	at com.microstar.xml.XmlParser.parseContent(XmlParser.java:1104)
	at com.microstar.xml.XmlParser.parseElement(XmlParser.java:924)
	at com.microstar.xml.XmlParser.parseDocument(XmlParser.java:481)
	at com.microstar.xml.XmlParser.doParse(XmlParser.java:159)
	at com.microstar.xml.XmlParser.parse(XmlParser.java:132)
	at ptolemy.moml.MoMLParser.parse(MoMLParser.java:1676)
	at ptolemy.moml.MoMLParser.parse(MoMLParser.java:1595)
	at ptolemy.moml.MoMLParser.parse(MoMLParser.java:1537)
	at ptolemy.actor.gui.PtolemyEffigy$Factory.createEffigy(PtolemyEffigy.java:424)
	at ptolemy.actor.gui.EffigyFactory.createEffigy(EffigyFactory.java:234)
	at ptolemy.actor.gui.Configuration.openModel(Configuration.java:1125)
	at ptolemy.actor.gui.Configuration.openModel(Configuration.java:1051)
	at ptolemy.actor.gui.ConfigurationApplication._openModel(ConfigurationApplication.java:1252)
	at ptolemy.actor.gui.ConfigurationApplication._parseArg(ConfigurationApplication.java:1399)
	at ptolemy.actor.gui.ConfigurationApplication._parseArgs(ConfigurationApplication.java:1478)
	at ptolemy.actor.gui.ConfigurationApplication.<init>(ConfigurationApplication.java:277)
	at ptolemy.actor.gui.ConfigurationApplication.<init>(ConfigurationApplication.java:214)
	at ptolemy.actor.gui.ConfigurationApplication.<init>(ConfigurationApplication.java:201)
	at ptolemy.actor.gui.ConfigurationApplication.openModelOrEntity(ConfigurationApplication.java:680)
	at ptolemy.vergil.basic.export.ExportModel$1.run(ExportModel.java:220)
	at java.awt.event.InvocationEvent.dispatch(InvocationEvent.java:301)
	at java.awt.EventQueue.dispatchEventImpl(EventQueue.java:756)
	at java.awt.EventQueue.access$500(EventQueue.java:97)
	at java.awt.EventQueue$3.run(EventQueue.java:709)
	at java.awt.EventQueue$3.run(EventQueue.java:703)
	at java.security.AccessController.doPrivileged(Native Method)
	at java.security.ProtectionDomain$JavaSecurityAccessImpl.doIntersectionPrivilege(ProtectionDomain.java:80)
	at java.awt.EventQueue.dispatchEvent(EventQueue.java:726)
	at java.awt.EventDispatchThread.pumpOneEventForFilters(EventDispatchThread.java:201)
	at java.awt.EventDispatchThread.pumpEventsForFilter(EventDispatchThread.java:116)
	at java.awt.EventDispatchThread.pumpEventsForHierarchy(EventDispatchThread.java:105)
	at java.awt.EventDispatchThread.pumpEvents(EventDispatchThread.java:101)
	at java.awt.EventDispatchThread.pumpEvents(EventDispatchThread.java:93)
	at java.awt.EventDispatchThread.run(EventDispatchThread.java:82)
Caused by: ptolemy.actor.ptalon.PtalonRuntimeException: Unable to add actor null
	at ptolemy.actor.ptalon.PtalonEvaluator.addActor(PtalonEvaluator.java:300)
	at ptolemy.actor.ptalon.PtalonPopulator.actor_declaration(PtalonPopulator.java:1574)
	at ptolemy.actor.ptalon.PtalonPopulator.atomic_statement(PtalonPopulator.java:1638)
	at ptolemy.actor.ptalon.PtalonPopulator.iterative_statement_evaluator(PtalonPopulator.java:2484)
	at ptolemy.actor.ptalon.AbstractPtalonEvaluator$IfTree.evaluateForScope(AbstractPtalonEvaluator.java:1307)
	at ptolemy.actor.ptalon.AbstractPtalonEvaluator.evaluateForScope(AbstractPtalonEvaluator.java:744)
	at ptolemy.actor.ptalon.PtalonPopulator.iterative_statement(PtalonPopulator.java:2363)
	at ptolemy.actor.ptalon.PtalonPopulator.actor_definition(PtalonPopulator.java:2809)
	at ptolemy.actor.ptalon.PtalonActor.attributeChanged(PtalonActor.java:206)
	... 48 more
Caused by: ptolemy.kernel.util.InternalErrorException: Element <entity name="sender1" class="ptolemy.actor.ptalon.demo.ptinyos.SendAndReceiveCnt.CntToLedsAndRfm"> caused an exception to be thrown.
  in .SendAndReceiveCnt.SendAndReceiveCnt
Because:
Cannot find class: ptolemy.actor.ptalon.demo.ptinyos.SendAndReceiveCnt.CntToLedsAndRfm. In Ptolemy, classes are typically Java .class files. Entities like actors may instead be defined within a .xml file.  In any case, the class was not found. If the class uses a third party package, then the class would be present only if the third party package was found at compile time.  It may be necessary to upgrade Java or install the third party package, reconfigure and recompile.
Because:
Element <entity name="MicaLeds" class="ptolemy.domains.ptinyos.lib.MicaLeds"> caused an exception to be thrown.
  in .CntToLedsAndRfm
Because:
Cannot find class: ptolemy.domains.ptinyos.lib.MicaLeds. In Ptolemy, classes are typically Java .class files. Entities like actors may instead be defined within a .xml file.  In any case, the class was not found. If the class uses a third party package, then the class would be present only if the third party package was found at compile time.  It may be necessary to upgrade Java or install the third party package, reconfigure and recompile.
Because:
-- /home/travis/build/icyphy/ptII/ptolemy/actor/ptalon/demo/ptinyos/SendAndReceiveCnt/ptolemy/domains/ptinyos/lib/MicaLeds.xml (No such file or directory)
-- XML file not found relative to classpath.
-- /home/travis/build/icyphy/ptII/ptolemy/vergil/basic/export/test/ptolemy/domains/ptinyos/lib/MicaLeds.xml
/home/travis/build/icyphy/ptII/ptolemy/vergil/basic/export/test/ptolemy/domains/ptinyos/lib/MicaLeds.xml (No such file or directory)
 in file:/home/travis/build/icyphy/ptII/ptolemy/actor/ptalon/demo/ptinyos/SendAndReceiveCnt/CntToLedsAndRfm.xml at line 132 and column 63
	at ptolemy.moml.SimpleErrorHandler.handleError(SimpleErrorHandler.java:75)
	at ptolemy.moml.MoMLParser.startElement(MoMLParser.java:3805)
	at com.microstar.xml.XmlParser.parseElement(XmlParser.java:931)
	at com.microstar.xml.XmlParser.parseDocument(XmlParser.java:481)
	at com.microstar.xml.XmlParser.doParse(XmlParser.java:159)
	at com.microstar.xml.XmlParser.parse(XmlParser.java:132)
	at ptolemy.moml.MoMLParser.parse(MoMLParser.java:1660)
	at ptolemy.moml.MoMLParser.parse(MoMLParser.java:1617)
	at ptolemy.moml.MoMLParser.parse(MoMLParser.java:1792)
	at ptolemy.actor.ptalon.PtalonEvaluator.addActor(PtalonEvaluator.java:241)
	... 56 more
Caused by: ptolemy.kernel.util.IllegalActionException: Cannot find class: ptolemy.actor.ptalon.demo.ptinyos.SendAndReceiveCnt.CntToLedsAndRfm. In Ptolemy, classes are typically Java .class files. Entities like actors may instead be defined within a .xml file.  In any case, the class was not found. If the class uses a third party package, then the class would be present only if the third party package was found at compile time.  It may be necessary to upgrade Java or install the third party package, reconfigure and recompile.
Because:
Element <entity name="MicaLeds" class="ptolemy.domains.ptinyos.lib.MicaLeds"> caused an exception to be thrown.
  in .CntToLedsAndRfm
Because:
Cannot find class: ptolemy.domains.ptinyos.lib.MicaLeds. In Ptolemy, classes are typically Java .class files. Entities like actors may instead be defined within a .xml file.  In any case, the class was not found. If the class uses a third party package, then the class would be present only if the third party package was found at compile time.  It may be necessary to upgrade Java or install the third party package, reconfigure and recompile.
Because:
-- /home/travis/build/icyphy/ptII/ptolemy/actor/ptalon/demo/ptinyos/SendAndReceiveCnt/ptolemy/domains/ptinyos/lib/MicaLeds.xml (No such file or directory)
-- XML file not found relative to classpath.
-- /home/travis/build/icyphy/ptII/ptolemy/vergil/basic/export/test/ptolemy/domains/ptinyos/lib/MicaLeds.xml
/home/travis/build/icyphy/ptII/ptolemy/vergil/basic/export/test/ptolemy/domains/ptinyos/lib/MicaLeds.xml (No such file or directory)
 in file:/home/travis/build/icyphy/ptII/ptolemy/actor/ptalon/demo/ptinyos/SendAndReceiveCnt/CntToLedsAndRfm.xml at line 132 and column 63
	at ptolemy.moml.MoMLParser._createEntity(MoMLParser.java:4330)
	at ptolemy.moml.MoMLParser.startElement(MoMLParser.java:2864)
	... 64 more
Caused by: ptolemy.kernel.util.InternalErrorException: Element <entity name="MicaLeds" class="ptolemy.domains.ptinyos.lib.MicaLeds"> caused an exception to be thrown.
  in .CntToLedsAndRfm
Because:
Cannot find class: ptolemy.domains.ptinyos.lib.MicaLeds. In Ptolemy, classes are typically Java .class files. Entities like actors may instead be defined within a .xml file.  In any case, the class was not found. If the class uses a third party package, then the class would be present only if the third party package was found at compile time.  It may be necessary to upgrade Java or install the third party package, reconfigure and recompile.
Because:
-- /home/travis/build/icyphy/ptII/ptolemy/actor/ptalon/demo/ptinyos/SendAndReceiveCnt/ptolemy/domains/ptinyos/lib/MicaLeds.xml (No such file or directory)
-- XML file not found relative to classpath.
-- /home/travis/build/icyphy/ptII/ptolemy/vergil/basic/export/test/ptolemy/domains/ptinyos/lib/MicaLeds.xml
/home/travis/build/icyphy/ptII/ptolemy/vergil/basic/export/test/ptolemy/domains/ptinyos/lib/MicaLeds.xml (No such file or directory)
 in file:/home/travis/build/icyphy/ptII/ptolemy/actor/ptalon/demo/ptinyos/SendAndReceiveCnt/CntToLedsAndRfm.xml at line 132 and column 63
	at ptolemy.moml.SimpleErrorHandler.handleError(SimpleErrorHandler.java:75)
	at ptolemy.moml.MoMLParser.startElement(MoMLParser.java:3805)
	at com.microstar.xml.XmlParser.parseElement(XmlParser.java:921)
	at com.microstar.xml.XmlParser.parseContent(XmlParser.java:1104)
	at com.microstar.xml.XmlParser.parseElement(XmlParser.java:924)
	at com.microstar.xml.XmlParser.parseDocument(XmlParser.java:481)
	at com.microstar.xml.XmlParser.doParse(XmlParser.java:159)
	at com.microstar.xml.XmlParser.parse(XmlParser.java:132)
	at ptolemy.moml.MoMLParser.parse(MoMLParser.java:1676)
	at ptolemy.moml.MoMLParser.parse(MoMLParser.java:1595)
	at ptolemy.moml.MoMLParser.parse(MoMLParser.java:1537)
	at ptolemy.moml.MoMLParser._findOrParse(MoMLParser.java:5286)
	at ptolemy.moml.MoMLParser._attemptToFindMoMLClass(MoMLParser.java:4075)
	at ptolemy.moml.MoMLParser._createEntity(MoMLParser.java:4323)
	... 65 more
Caused by: ptolemy.kernel.util.IllegalActionException: Cannot find class: ptolemy.domains.ptinyos.lib.MicaLeds. In Ptolemy, classes are typically Java .class files. Entities like actors may instead be defined within a .xml file.  In any case, the class was not found. If the class uses a third party package, then the class would be present only if the third party package was found at compile time.  It may be necessary to upgrade Java or install the third party package, reconfigure and recompile.
Because:
-- /home/travis/build/icyphy/ptII/ptolemy/actor/ptalon/demo/ptinyos/SendAndReceiveCnt/ptolemy/domains/ptinyos/lib/MicaLeds.xml (No such file or directory)
-- XML file not found relative to classpath.
-- /home/travis/build/icyphy/ptII/ptolemy/vergil/basic/export/test/ptolemy/domains/ptinyos/lib/MicaLeds.xml
/home/travis/build/icyphy/ptII/ptolemy/vergil/basic/export/test/ptolemy/domains/ptinyos/lib/MicaLeds.xml (No such file or directory)
 in file:/home/travis/build/icyphy/ptII/ptolemy/actor/ptalon/demo/ptinyos/SendAndReceiveCnt/CntToLedsAndRfm.xml at line 132 and column 63
	at ptolemy.moml.MoMLParser._createEntity(MoMLParser.java:4330)
	at ptolemy.moml.MoMLParser.startElement(MoMLParser.java:2864)
	... 77 more
Caused by: com.microstar.xml.XmlException: -- /home/travis/build/icyphy/ptII/ptolemy/actor/ptalon/demo/ptinyos/SendAndReceiveCnt/ptolemy/domains/ptinyos/lib/MicaLeds.xml (No such file or directory)
-- XML file not found relative to classpath.
-- /home/travis/build/icyphy/ptII/ptolemy/vergil/basic/export/test/ptolemy/domains/ptinyos/lib/MicaLeds.xml
/home/travis/build/icyphy/ptII/ptolemy/vergil/basic/export/test/ptolemy/domains/ptinyos/lib/MicaLeds.xml (No such file or directory)
 in file:/home/travis/build/icyphy/ptII/ptolemy/actor/ptalon/demo/ptinyos/SendAndReceiveCnt/CntToLedsAndRfm.xml at line 132 and column 63
	at ptolemy.moml.MoMLParser.fileNameToURL(MoMLParser.java:1414)
	at ptolemy.moml.MoMLParser._findOrParse(MoMLParser.java:5283)
	at ptolemy.moml.MoMLParser._attemptToFindMoMLClass(MoMLParser.java:4075)
	at ptolemy.moml.MoMLParser._createEntity(MoMLParser.java:4323)
	... 78 more
Caused by: ptolemy.actor.ptalon.PtalonRuntimeException: Unable to add actor null
	at ptolemy.actor.ptalon.PtalonEvaluator.addActor(PtalonEvaluator.java:300)
	at ptolemy.actor.ptalon.PtalonPopulator.actor_declaration(PtalonPopulator.java:1574)
	at ptolemy.actor.ptalon.PtalonPopulator.atomic_statement(PtalonPopulator.java:1638)
	at ptolemy.actor.ptalon.PtalonPopulator.iterative_statement_evaluator(PtalonPopulator.java:2484)
	at ptolemy.actor.ptalon.AbstractPtalonEvaluator$IfTree.evaluateForScope(AbstractPtalonEvaluator.java:1307)
	at ptolemy.actor.ptalon.AbstractPtalonEvaluator.evaluateForScope(AbstractPtalonEvaluator.java:744)
	at ptolemy.actor.ptalon.PtalonPopulator.iterative_statement(PtalonPopulator.java:2363)
	at ptolemy.actor.ptalon.PtalonPopulator.actor_definition(PtalonPopulator.java:2809)
	at ptolemy.actor.ptalon.PtalonActor.attributeChanged(PtalonActor.java:206)
	at ptolemy.actor.ptalon.PtalonMLHandler.startElement(PtalonMLHandler.java:134)
	at com.microstar.xml.XmlParser.parseElement(XmlParser.java:921)
	at com.microstar.xml.XmlParser.parseContent(XmlParser.java:1104)
	at com.microstar.xml.XmlParser.parseElement(XmlParser.java:924)
	at com.microstar.xml.XmlParser.parseDocument(XmlParser.java:481)
	at com.microstar.xml.XmlParser.doParse(XmlParser.java:159)
	at com.microstar.xml.XmlParser.parse(XmlParser.java:132)
	at ptolemy.actor.ptalon.PtalonActor.configure(PtalonActor.java:240)
	at ptolemy.moml.MoMLParser.endElement(MoMLParser.java:996)
	at com.microstar.xml.XmlParser.parseETag(XmlParser.java:1026)
	at com.microstar.xml.XmlParser.parseContent(XmlParser.java:1098)
	at com.microstar.xml.XmlParser.parseElement(XmlParser.java:924)
	at com.microstar.xml.XmlParser.parseContent(XmlParser.java:1104)
	at com.microstar.xml.XmlParser.parseElement(XmlParser.java:924)
	at com.microstar.xml.XmlParser.parseContent(XmlParser.java:1104)
	at com.microstar.xml.XmlParser.parseElement(XmlParser.java:924)
	at com.microstar.xml.XmlParser.parseDocument(XmlParser.java:481)
	at com.microstar.xml.XmlParser.doParse(XmlParser.java:159)
	at com.microstar.xml.XmlParser.parse(XmlParser.java:132)
	at ptolemy.moml.MoMLParser.parse(MoMLParser.java:1676)
	at ptolemy.moml.MoMLParser.parse(MoMLParser.java:1595)
	at ptolemy.moml.MoMLParser.parse(MoMLParser.java:1537)
	at ptolemy.actor.gui.PtolemyEffigy$Factory.createEffigy(PtolemyEffigy.java:424)
	at ptolemy.actor.gui.EffigyFactory.createEffigy(EffigyFactory.java:234)
	at ptolemy.actor.gui.Configuration.openModel(Configuration.java:1125)
	at ptolemy.actor.gui.Configuration.openModel(Configuration.java:1051)
	at ptolemy.actor.gui.ConfigurationApplication._openModel(ConfigurationApplication.java:1252)
	at ptolemy.actor.gui.ConfigurationApplication._parseArg(ConfigurationApplication.java:1399)
	at ptolemy.actor.gui.ConfigurationApplication._parseArgs(ConfigurationApplication.java:1478)
	at ptolemy.actor.gui.ConfigurationApplication.<init>(ConfigurationApplication.java:277)
	at ptolemy.actor.gui.ConfigurationApplication.<init>(ConfigurationApplication.java:214)
	at ptolemy.actor.gui.ConfigurationApplication.<init>(ConfigurationApplication.java:201)
	at ptolemy.actor.gui.ConfigurationApplication.openModelOrEntity(ConfigurationApplication.java:680)
	at ptolemy.vergil.basic.export.ExportModel$1.run(ExportModel.java:220)
	at java.awt.event.InvocationEvent.dispatch(InvocationEvent.java:301)
	at java.awt.EventQueue.dispatchEventImpl(EventQueue.java:756)
	at java.awt.EventQueue.access$500(EventQueue.java:97)
	at java.awt.EventQueue$3.run(EventQueue.java:709)
	at java.awt.EventQueue$3.run(EventQueue.java:703)
	at java.security.AccessController.doPrivileged(Native Method)
	at java.security.ProtectionDomain$JavaSecurityAccessImpl.doIntersectionPrivilege(ProtectionDomain.java:80)
	at java.awt.EventQueue.dispatchEvent(EventQueue.java:726)
	at java.awt.EventDispatchThread.pumpOneEventForFilters(EventDispatchThread.java:201)
	at java.awt.EventDispatchThread.pumpEventsForFilter(EventDispatchThread.java:116)
	at java.awt.EventDispatchThread.pumpEventsForHierarchy(EventDispatchThread.java:105)
	at java.awt.EventDispatchThread.pumpEvents(EventDispatchThread.java:101)
	at java.awt.EventDispatchThread.pumpEvents(EventDispatchThread.java:93)
	at java.awt.EventDispatchThread.run(EventDispatchThread.java:82)
Caused by: ptolemy.kernel.util.InternalErrorException: Element <entity name="sender1" class="ptolemy.actor.ptalon.demo.ptinyos.SendAndReceiveCnt.CntToLedsAndRfm"> caused an exception to be thrown.
  in .SendAndReceiveCnt.SendAndReceiveCnt
Because:
Cannot find class: ptolemy.actor.ptalon.demo.ptinyos.SendAndReceiveCnt.CntToLedsAndRfm. In Ptolemy, classes are typically Java .class files. Entities like actors may instead be defined within a .xml file.  In any case, the class was not found. If the class uses a third party package, then the class would be present only if the third party package was found at compile time.  It may be necessary to upgrade Java or install the third party package, reconfigure and recompile.
Because:
Element <entity name="MicaLeds" class="ptolemy.domains.ptinyos.lib.MicaLeds"> caused an exception to be thrown.
  in .CntToLedsAndRfm
Because:
Cannot find class: ptolemy.domains.ptinyos.lib.MicaLeds. In Ptolemy, classes are typically Java .class files. Entities like actors may instead be defined within a .xml file.  In any case, the class was not found. If the class uses a third party package, then the class would be present only if the third party package was found at compile time.  It may be necessary to upgrade Java or install the third party package, reconfigure and recompile.
Because:
-- /home/travis/build/icyphy/ptII/ptolemy/actor/ptalon/demo/ptinyos/SendAndReceiveCnt/ptolemy/domains/ptinyos/lib/MicaLeds.xml (No such file or directory)
-- XML file not found relative to classpath.
-- /home/travis/build/icyphy/ptII/ptolemy/vergil/basic/export/test/ptolemy/domains/ptinyos/lib/MicaLeds.xml
/home/travis/build/icyphy/ptII/ptolemy/vergil/basic/export/test/ptolemy/domains/ptinyos/lib/MicaLeds.xml (No such file or directory)
 in file:/home/travis/build/icyphy/ptII/ptolemy/actor/ptalon/demo/ptinyos/SendAndReceiveCnt/CntToLedsAndRfm.xml at line 132 and column 63
	at ptolemy.moml.SimpleErrorHandler.handleError(SimpleErrorHandler.java:75)
	at ptolemy.moml.MoMLParser.startElement(MoMLParser.java:3805)
	at com.microstar.xml.XmlParser.parseElement(XmlParser.java:931)
	at com.microstar.xml.XmlParser.parseDocument(XmlParser.java:481)
	at com.microstar.xml.XmlParser.doParse(XmlParser.java:159)
	at com.microstar.xml.XmlParser.parse(XmlParser.java:132)
	at ptolemy.moml.MoMLParser.parse(MoMLParser.java:1660)
	at ptolemy.moml.MoMLParser.parse(MoMLParser.java:1617)
	at ptolemy.moml.MoMLParser.parse(MoMLParser.java:1792)
	at ptolemy.actor.ptalon.PtalonEvaluator.addActor(PtalonEvaluator.java:241)
	... 56 more
Caused by: ptolemy.kernel.util.IllegalActionException: Cannot find class: ptolemy.actor.ptalon.demo.ptinyos.SendAndReceiveCnt.CntToLedsAndRfm. In Ptolemy, classes are typically Java .class files. Entities like actors may instead be defined within a .xml file.  In any case, the class was not found. If the class uses a third party package, then the class would be present only if the third party package was found at compile time.  It may be necessary to upgrade Java or install the third party package, reconfigure and recompile.
Because:
Element <entity name="MicaLeds" class="ptolemy.domains.ptinyos.lib.MicaLeds"> caused an exception to be thrown.
  in .CntToLedsAndRfm
Because:
Cannot find class: ptolemy.domains.ptinyos.lib.MicaLeds. In Ptolemy, classes are typically Java .class files. Entities like actors may instead be defined within a .xml file.  In any case, the class was not found. If the class uses a third party package, then the class would be present only if the third party package was found at compile time.  It may be necessary to upgrade Java or install the third party package, reconfigure and recompile.
Because:
-- /home/travis/build/icyphy/ptII/ptolemy/actor/ptalon/demo/ptinyos/SendAndReceiveCnt/ptolemy/domains/ptinyos/lib/MicaLeds.xml (No such file or directory)
-- XML file not found relative to classpath.
-- /home/travis/build/icyphy/ptII/ptolemy/vergil/basic/export/test/ptolemy/domains/ptinyos/lib/MicaLeds.xml
/home/travis/build/icyphy/ptII/ptolemy/vergil/basic/export/test/ptolemy/domains/ptinyos/lib/MicaLeds.xml (No such file or directory)
 in file:/home/travis/build/icyphy/ptII/ptolemy/actor/ptalon/demo/ptinyos/SendAndReceiveCnt/CntToLedsAndRfm.xml at line 132 and column 63
	at ptolemy.moml.MoMLParser._createEntity(MoMLParser.java:4330)
	at ptolemy.moml.MoMLParser.startElement(MoMLParser.java:2864)
	... 64 more
Caused by: ptolemy.kernel.util.InternalErrorException: Element <entity name="MicaLeds" class="ptolemy.domains.ptinyos.lib.MicaLeds"> caused an exception to be thrown.
  in .CntToLedsAndRfm
Because:
Cannot find class: ptolemy.domains.ptinyos.lib.MicaLeds. In Ptolemy, classes are typically Java .class files. Entities like actors may instead be defined within a .xml file.  In any case, the class was not found. If the class uses a third party package, then the class would be present only if the third party package was found at compile time.  It may be necessary to upgrade Java or install the third party package, reconfigure and recompile.
Because:
-- /home/travis/build/icyphy/ptII/ptolemy/actor/ptalon/demo/ptinyos/SendAndReceiveCnt/ptolemy/domains/ptinyos/lib/MicaLeds.xml (No such file or directory)
-- XML file not found relative to classpath.
-- /home/travis/build/icyphy/ptII/ptolemy/vergil/basic/export/test/ptolemy/domains/ptinyos/lib/MicaLeds.xml
/home/travis/build/icyphy/ptII/ptolemy/vergil/basic/export/test/ptolemy/domains/ptinyos/lib/MicaLeds.xml (No such file or directory)
 in file:/home/travis/build/icyphy/ptII/ptolemy/actor/ptalon/demo/ptinyos/SendAndReceiveCnt/CntToLedsAndRfm.xml at line 132 and column 63
	at ptolemy.moml.SimpleErrorHandler.handleError(SimpleErrorHandler.java:75)
	at ptolemy.moml.MoMLParser.startElement(MoMLParser.java:3805)
	at com.microstar.xml.XmlParser.parseElement(XmlParser.java:921)
	at com.microstar.xml.XmlParser.parseContent(XmlParser.java:1104)
	at com.microstar.xml.XmlParser.parseElement(XmlParser.java:924)
	at com.microstar.xml.XmlParser.parseDocument(XmlParser.java:481)
	at com.microstar.xml.XmlParser.doParse(XmlParser.java:159)
	at com.microstar.xml.XmlParser.parse(XmlParser.java:132)
	at ptolemy.moml.MoMLParser.parse(MoMLParser.java:1676)
	at ptolemy.moml.MoMLParser.parse(MoMLParser.java:1595)
	at ptolemy.moml.MoMLParser.parse(MoMLParser.java:1537)
	at ptolemy.moml.MoMLParser._findOrParse(MoMLParser.java:5286)
	at ptolemy.moml.MoMLParser._attemptToFindMoMLClass(MoMLParser.java:4075)
	at ptolemy.moml.MoMLParser._createEntity(MoMLParser.java:4323)
	... 65 more
Caused by: ptolemy.kernel.util.IllegalActionException: Cannot find class: ptolemy.domains.ptinyos.lib.MicaLeds. In Ptolemy, classes are typically Java .class files. Entities like actors may instead be defined within a .xml file.  In any case, the class was not found. If the class uses a third party package, then the class would be present only if the third party package was found at compile time.  It may be necessary to upgrade Java or install the third party package, reconfigure and recompile.
Because:
-- /home/travis/build/icyphy/ptII/ptolemy/actor/ptalon/demo/ptinyos/SendAndReceiveCnt/ptolemy/domains/ptinyos/lib/MicaLeds.xml (No such file or directory)
-- XML file not found relative to classpath.
-- /home/travis/build/icyphy/ptII/ptolemy/vergil/basic/export/test/ptolemy/domains/ptinyos/lib/MicaLeds.xml
/home/travis/build/icyphy/ptII/ptolemy/vergil/basic/export/test/ptolemy/domains/ptinyos/lib/MicaLeds.xml (No such file or directory)
 in file:/home/travis/build/icyphy/ptII/ptolemy/actor/ptalon/demo/ptinyos/SendAndReceiveCnt/CntToLedsAndRfm.xml at line 132 and column 63
	at ptolemy.moml.MoMLParser._createEntity(MoMLParser.java:4330)
	at ptolemy.moml.MoMLParser.startElement(MoMLParser.java:2864)
	... 77 more
Caused by: com.microstar.xml.XmlException: -- /home/travis/build/icyphy/ptII/ptolemy/actor/ptalon/demo/ptinyos/SendAndReceiveCnt/ptolemy/domains/ptinyos/lib/MicaLeds.xml (No such file or directory)
-- XML file not found relative to classpath.
-- /home/travis/build/icyphy/ptII/ptolemy/vergil/basic/export/test/ptolemy/domains/ptinyos/lib/MicaLeds.xml
/home/travis/build/icyphy/ptII/ptolemy/vergil/basic/export/test/ptolemy/domains/ptinyos/lib/MicaLeds.xml (No such file or directory)
 in file:/home/travis/build/icyphy/ptII/ptolemy/actor/ptalon/demo/ptinyos/SendAndReceiveCnt/CntToLedsAndRfm.xml at line 132 and column 63
	at ptolemy.moml.MoMLParser.fileNameToURL(MoMLParser.java:1414)
	at ptolemy.moml.MoMLParser._findOrParse(MoMLParser.java:5283)
	at ptolemy.moml.MoMLParser._attemptToFindMoMLClass(MoMLParser.java:4075)
	at ptolemy.moml.MoMLParser._createEntity(MoMLParser.java:4323)
	... 78 more
ptolemy.kernel.util.InternalErrorException: Failed to get the model directory? This can happen in a headless environment when the model attempts to interact with the graphical display.  It can also happen when the model fails to parse because of a missing class.
	at ptolemy.actor.gui.ConfigurationApplication.models(ConfigurationApplication.java:548)
	at ptolemy.actor.gui.ConfigurationApplication.openModelOrEntity(ConfigurationApplication.java:698)
	at ptolemy.vergil.basic.export.ExportModel$1.run(ExportModel.java:220)
	at java.awt.event.InvocationEvent.dispatch(InvocationEvent.java:301)
	at java.awt.EventQueue.dispatchEventImpl(EventQueue.java:756)
	at java.awt.EventQueue.access$500(EventQueue.java:97)
	at java.awt.EventQueue$3.run(EventQueue.java:709)
	at java.awt.EventQueue$3.run(EventQueue.java:703)
	at java.security.AccessController.doPrivileged(Native Method)
	at java.security.ProtectionDomain$JavaSecurityAccessImpl.doIntersectionPrivilege(ProtectionDomain.java:80)
	at java.awt.EventQueue.dispatchEvent(EventQueue.java:726)
	at java.awt.EventDispatchThread.pumpOneEventForFilters(EventDispatchThread.java:201)
	at java.awt.EventDispatchThread.pumpEventsForFilter(EventDispatchThread.java:116)
	at java.awt.EventDispatchThread.pumpEventsForHierarchy(EventDispatchThread.java:105)
	at java.awt.EventDispatchThread.pumpEvents(EventDispatchThread.java:101)
	at java.awt.EventDispatchThread.pumpEvents(EventDispatchThread.java:93)
	at java.awt.EventDispatchThread.run(EventDispatchThread.java:82)
ptolemy.kernel.util.InternalErrorException: Failed to get the model directory? This can happen in a headless environment when the model attempts to interact with the graphical display.  It can also happen when the model fails to parse because of a missing class.
	at ptolemy.actor.gui.ConfigurationApplication.models(ConfigurationApplication.java:548)
	at ptolemy.actor.gui.ConfigurationApplication.openModelOrEntity(ConfigurationApplication.java:698)
	at ptolemy.vergil.basic.export.ExportModel$1.run(ExportModel.java:220)
	at java.awt.event.InvocationEvent.dispatch(InvocationEvent.java:301)
	at java.awt.EventQueue.dispatchEventImpl(EventQueue.java:756)
	at java.awt.EventQueue.access$500(EventQueue.java:97)
	at java.awt.EventQueue$3.run(EventQueue.java:709)
	at java.awt.EventQueue$3.run(EventQueue.java:703)
	at java.security.AccessController.doPrivileged(Native Method)
	at java.security.ProtectionDomain$JavaSecurityAccessImpl.doIntersectionPrivilege(ProtectionDomain.java:80)
	at java.awt.EventQueue.dispatchEvent(EventQueue.java:726)
	at java.awt.EventDispatchThread.pumpOneEventForFilters(EventDispatchThread.java:201)
	at java.awt.EventDispatchThread.pumpEventsForFilter(EventDispatchThread.java:116)
	at java.awt.EventDispatchThread.pumpEventsForHierarchy(EventDispatchThread.java:105)
	at java.awt.EventDispatchThread.pumpEvents(EventDispatchThread.java:101)
	at java.awt.EventDispatchThread.pumpEvents(EventDispatchThread.java:93)
	at java.awt.EventDispatchThread.run(EventDispatchThread.java:82)
java.lang.reflect.InvocationTargetException
	at java.awt.EventQueue.invokeAndWait(EventQueue.java:1321)
	at java.awt.EventQueue.invokeAndWait(EventQueue.java:1296)
	at javax.swing.SwingUtilities.invokeAndWait(SwingUtilities.java:1348)
	at ptolemy.vergil.basic.export.ExportModel.exportModel(ExportModel.java:227)
	at ptolemy.vergil.basic.export.test.junit.ExportModelJUnitTest.RunExportModel(ExportModelJUnitTest.java:153)
	at ptolemy.vergil.basic.export.test.junit.ExportModelJUnitTestBatch.RunExportModel(ExportModelJUnitTestBatch.java:97)
	at sun.reflect.GeneratedMethodAccessor18.invoke(Unknown Source)
	at sun.reflect.DelegatingMethodAccessorImpl.invoke(DelegatingMethodAccessorImpl.java:43)
	at java.lang.reflect.Method.invoke(Method.java:498)
	at org.junit.runners.model.FrameworkMethod$1.runReflectiveCall(FrameworkMethod.java:44)
	at org.junit.internal.runners.model.ReflectiveCallable.run(ReflectiveCallable.java:15)
	at org.junit.runners.model.FrameworkMethod.invokeExplosively(FrameworkMethod.java:41)
	at junitparams.internal.InvokeParameterisedMethod.evaluate(InvokeParameterisedMethod.java:102)
	at junitparams.internal.ParameterisedTestMethodRunner.runMethodInvoker(ParameterisedTestMethodRunner.java:47)
	at junitparams.internal.ParameterisedTestMethodRunner.runTestMethod(ParameterisedTestMethodRunner.java:41)
	at junitparams.internal.ParameterisedTestClassRunner.runParameterisedTest(ParameterisedTestClassRunner.java:143)
	at junitparams.JUnitParamsRunner.runChild(JUnitParamsRunner.java:237)
	at junitparams.JUnitParamsRunner.runChild(JUnitParamsRunner.java:215)
	at org.junit.runners.ParentRunner$3.run(ParentRunner.java:193)
	at org.junit.runners.ParentRunner$1.schedule(ParentRunner.java:52)
	at org.junit.runners.ParentRunner.runChildren(ParentRunner.java:191)
	at org.junit.runners.ParentRunner.access$000(ParentRunner.java:42)
	at org.junit.runners.ParentRunner$2.evaluate(ParentRunner.java:184)
	at org.junit.runners.ParentRunner.run(ParentRunner.java:236)
	at junit.framework.JUnit4TestAdapter.run(JUnit4TestAdapter.java:39)
	at org.apache.tools.ant.taskdefs.optional.junit.JUnitTestRunner.run(JUnitTestRunner.java:535)
	at org.apache.tools.ant.taskdefs.optional.junit.JUnitTestRunner.launch(JUnitTestRunner.java:1182)
	at org.apache.tools.ant.taskdefs.optional.junit.JUnitTestRunner.main(JUnitTestRunner.java:1033)
Caused by: java.lang.RuntimeException: ptolemy.kernel.util.InternalErrorException: Failed to get the model directory? This can happen in a headless environment when the model attempts to interact with the graphical display.  It can also happen when the model fails to parse because of a missing class.
	at ptolemy.vergil.basic.export.ExportModel$1.run(ExportModel.java:223)
	at java.awt.event.InvocationEvent.dispatch(InvocationEvent.java:301)
	at java.awt.EventQueue.dispatchEventImpl(EventQueue.java:756)
	at java.awt.EventQueue.access$500(EventQueue.java:97)
	at java.awt.EventQueue$3.run(EventQueue.java:709)
	at java.awt.EventQueue$3.run(EventQueue.java:703)
	at java.security.AccessController.doPrivileged(Native Method)
	at java.security.ProtectionDomain$JavaSecurityAccessImpl.doIntersectionPrivilege(ProtectionDomain.java:80)
	at java.awt.EventQueue.dispatchEvent(EventQueue.java:726)
	at java.awt.EventDispatchThread.pumpOneEventForFilters(EventDispatchThread.java:201)
	at java.awt.EventDispatchThread.pumpEventsForFilter(EventDispatchThread.java:116)
	at java.awt.EventDispatchThread.pumpEventsForHierarchy(EventDispatchThread.java:105)
	at java.awt.EventDispatchThread.pumpEvents(EventDispatchThread.java:101)
	at java.awt.EventDispatchThread.pumpEvents(EventDispatchThread.java:93)
	at java.awt.EventDispatchThread.run(EventDispatchThread.java:82)
Caused by: ptolemy.kernel.util.InternalErrorException: Failed to get the model directory? This can happen in a headless environment when the model attempts to interact with the graphical display.  It can also happen when the model fails to parse because of a missing class.
	at ptolemy.actor.gui.ConfigurationApplication.models(ConfigurationApplication.java:548)
	at ptolemy.actor.gui.ConfigurationApplication.openModelOrEntity(ConfigurationApplication.java:698)
	at ptolemy.vergil.basic.export.ExportModel$1.run(ExportModel.java:220)
	... 14 more
ptolemy.kernel.util.IllegalActionException: Failed to process attribute change to PtalonParameter, whose value is "ptolemy.actor.ptalon.PtalonExpressionParameter {.SenseToLeds.SenseToLeds.n} 2".
  in .SenseToLeds.SenseToLeds
Because:
Unable to add actor null
	at ptolemy.actor.ptalon.PtalonActor.attributeChanged(PtalonActor.java:211)
	at ptolemy.actor.ptalon.PtalonMLHandler.startElement(PtalonMLHandler.java:134)
	at com.microstar.xml.XmlParser.parseElement(XmlParser.java:921)
	at com.microstar.xml.XmlParser.parseContent(XmlParser.java:1104)
	at com.microstar.xml.XmlParser.parseElement(XmlParser.java:924)
	at com.microstar.xml.XmlParser.parseDocument(XmlParser.java:481)
	at com.microstar.xml.XmlParser.doParse(XmlParser.java:159)
	at com.microstar.xml.XmlParser.parse(XmlParser.java:132)
	at ptolemy.actor.ptalon.PtalonActor.configure(PtalonActor.java:240)
	at ptolemy.moml.MoMLParser.endElement(MoMLParser.java:996)
	at com.microstar.xml.XmlParser.parseETag(XmlParser.java:1026)
	at com.microstar.xml.XmlParser.parseContent(XmlParser.java:1098)
	at com.microstar.xml.XmlParser.parseElement(XmlParser.java:924)
	at com.microstar.xml.XmlParser.parseContent(XmlParser.java:1104)
	at com.microstar.xml.XmlParser.parseElement(XmlParser.java:924)
	at com.microstar.xml.XmlParser.parseContent(XmlParser.java:1104)
	at com.microstar.xml.XmlParser.parseElement(XmlParser.java:924)
	at com.microstar.xml.XmlParser.parseDocument(XmlParser.java:481)
	at com.microstar.xml.XmlParser.doParse(XmlParser.java:159)
	at com.microstar.xml.XmlParser.parse(XmlParser.java:132)
	at ptolemy.moml.MoMLParser.parse(MoMLParser.java:1676)
	at ptolemy.moml.MoMLParser.parse(MoMLParser.java:1595)
	at ptolemy.moml.MoMLParser.parse(MoMLParser.java:1537)
	at ptolemy.actor.gui.PtolemyEffigy$Factory.createEffigy(PtolemyEffigy.java:424)
	at ptolemy.actor.gui.EffigyFactory.createEffigy(EffigyFactory.java:234)
	at ptolemy.actor.gui.Configuration.openModel(Configuration.java:1125)
	at ptolemy.actor.gui.Configuration.openModel(Configuration.java:1051)
	at ptolemy.actor.gui.ConfigurationApplication._openModel(ConfigurationApplication.java:1252)
	at ptolemy.actor.gui.ConfigurationApplication._parseArg(ConfigurationApplication.java:1399)
	at ptolemy.actor.gui.ConfigurationApplication._parseArgs(ConfigurationApplication.java:1478)
	at ptolemy.actor.gui.ConfigurationApplication.<init>(ConfigurationApplication.java:277)
	at ptolemy.actor.gui.ConfigurationApplication.<init>(ConfigurationApplication.java:214)
	at ptolemy.actor.gui.ConfigurationApplication.<init>(ConfigurationApplication.java:201)
	at ptolemy.actor.gui.ConfigurationApplication.openModelOrEntity(ConfigurationApplication.java:680)
	at ptolemy.vergil.basic.export.ExportModel$1.run(ExportModel.java:220)
	at java.awt.event.InvocationEvent.dispatch(InvocationEvent.java:301)
	at java.awt.EventQueue.dispatchEventImpl(EventQueue.java:756)
	at java.awt.EventQueue.access$500(EventQueue.java:97)
	at java.awt.EventQueue$3.run(EventQueue.java:709)
	at java.awt.EventQueue$3.run(EventQueue.java:703)
	at java.security.AccessController.doPrivileged(Native Method)
	at java.security.ProtectionDomain$JavaSecurityAccessImpl.doIntersectionPrivilege(ProtectionDomain.java:80)
	at java.awt.EventQueue.dispatchEvent(EventQueue.java:726)
	at java.awt.EventDispatchThread.pumpOneEventForFilters(EventDispatchThread.java:201)
	at java.awt.EventDispatchThread.pumpEventsForFilter(EventDispatchThread.java:116)
	at java.awt.EventDispatchThread.pumpEventsForHierarchy(EventDispatchThread.java:105)
	at java.awt.EventDispatchThread.pumpEvents(EventDispatchThread.java:101)
	at java.awt.EventDispatchThread.pumpEvents(EventDispatchThread.java:93)
	at java.awt.EventDispatchThread.run(EventDispatchThread.java:82)
Caused by: ptolemy.actor.ptalon.PtalonRuntimeException: Unable to add actor null
	at ptolemy.actor.ptalon.PtalonEvaluator.addActor(PtalonEvaluator.java:300)
	at ptolemy.actor.ptalon.PtalonPopulator.actor_declaration(PtalonPopulator.java:1574)
	at ptolemy.actor.ptalon.PtalonPopulator.atomic_statement(PtalonPopulator.java:1638)
	at ptolemy.actor.ptalon.PtalonPopulator.iterative_statement_evaluator(PtalonPopulator.java:2484)
	at ptolemy.actor.ptalon.AbstractPtalonEvaluator$IfTree.evaluateForScope(AbstractPtalonEvaluator.java:1307)
	at ptolemy.actor.ptalon.AbstractPtalonEvaluator.evaluateForScope(AbstractPtalonEvaluator.java:744)
	at ptolemy.actor.ptalon.PtalonPopulator.iterative_statement(PtalonPopulator.java:2363)
	at ptolemy.actor.ptalon.PtalonPopulator.actor_definition(PtalonPopulator.java:2809)
	at ptolemy.actor.ptalon.PtalonActor.attributeChanged(PtalonActor.java:206)
	... 48 more
Caused by: ptolemy.kernel.util.InternalErrorException: Element <entity name="node1" class="ptolemy.actor.ptalon.demo.ptinyos.SenseToLeds.MicaBoard"> caused an exception to be thrown.
  in .SenseToLeds.SenseToLeds
Because:
Cannot find class: ptolemy.actor.ptalon.demo.ptinyos.SenseToLeds.MicaBoard. In Ptolemy, classes are typically Java .class files. Entities like actors may instead be defined within a .xml file.  In any case, the class was not found. If the class uses a third party package, then the class would be present only if the third party package was found at compile time.  It may be necessary to upgrade Java or install the third party package, reconfigure and recompile.
Because:
Element <entity name="MicaLeds" class="ptolemy.domains.ptinyos.lib.MicaLeds"> caused an exception to be thrown.
  in .MicaBoard
Because:
Cannot find class: ptolemy.domains.ptinyos.lib.MicaLeds. In Ptolemy, classes are typically Java .class files. Entities like actors may instead be defined within a .xml file.  In any case, the class was not found. If the class uses a third party package, then the class would be present only if the third party package was found at compile time.  It may be necessary to upgrade Java or install the third party package, reconfigure and recompile.
Because:
-- /home/travis/build/icyphy/ptII/ptolemy/actor/ptalon/demo/ptinyos/SenseToLeds/ptolemy/domains/ptinyos/lib/MicaLeds.xml (No such file or directory)
-- XML file not found relative to classpath.
-- /home/travis/build/icyphy/ptII/ptolemy/vergil/basic/export/test/ptolemy/domains/ptinyos/lib/MicaLeds.xml
/home/travis/build/icyphy/ptII/ptolemy/vergil/basic/export/test/ptolemy/domains/ptinyos/lib/MicaLeds.xml (No such file or directory)
 in file:/home/travis/build/icyphy/ptII/ptolemy/actor/ptalon/demo/ptinyos/SenseToLeds/MicaBoard.xml at line 134 and column 63
	at ptolemy.moml.SimpleErrorHandler.handleError(SimpleErrorHandler.java:75)
	at ptolemy.moml.MoMLParser.startElement(MoMLParser.java:3805)
	at com.microstar.xml.XmlParser.parseElement(XmlParser.java:931)
	at com.microstar.xml.XmlParser.parseDocument(XmlParser.java:481)
	at com.microstar.xml.XmlParser.doParse(XmlParser.java:159)
	at com.microstar.xml.XmlParser.parse(XmlParser.java:132)
	at ptolemy.moml.MoMLParser.parse(MoMLParser.java:1660)
	at ptolemy.moml.MoMLParser.parse(MoMLParser.java:1617)
	at ptolemy.moml.MoMLParser.parse(MoMLParser.java:1792)
	at ptolemy.actor.ptalon.PtalonEvaluator.addActor(PtalonEvaluator.java:241)
	... 56 more
Caused by: ptolemy.kernel.util.IllegalActionException: Cannot find class: ptolemy.actor.ptalon.demo.ptinyos.SenseToLeds.MicaBoard. In Ptolemy, classes are typically Java .class files. Entities like actors may instead be defined within a .xml file.  In any case, the class was not found. If the class uses a third party package, then the class would be present only if the third party package was found at compile time.  It may be necessary to upgrade Java or install the third party package, reconfigure and recompile.
Because:
Element <entity name="MicaLeds" class="ptolemy.domains.ptinyos.lib.MicaLeds"> caused an exception to be thrown.
  in .MicaBoard
Because:
Cannot find class: ptolemy.domains.ptinyos.lib.MicaLeds. In Ptolemy, classes are typically Java .class files. Entities like actors may instead be defined within a .xml file.  In any case, the class was not found. If the class uses a third party package, then the class would be present only if the third party package was found at compile time.  It may be necessary to upgrade Java or install the third party package, reconfigure and recompile.
Because:
-- /home/travis/build/icyphy/ptII/ptolemy/actor/ptalon/demo/ptinyos/SenseToLeds/ptolemy/domains/ptinyos/lib/MicaLeds.xml (No such file or directory)
-- XML file not found relative to classpath.
-- /home/travis/build/icyphy/ptII/ptolemy/vergil/basic/export/test/ptolemy/domains/ptinyos/lib/MicaLeds.xml
/home/travis/build/icyphy/ptII/ptolemy/vergil/basic/export/test/ptolemy/domains/ptinyos/lib/MicaLeds.xml (No such file or directory)
 in file:/home/travis/build/icyphy/ptII/ptolemy/actor/ptalon/demo/ptinyos/SenseToLeds/MicaBoard.xml at line 134 and column 63
	at ptolemy.moml.MoMLParser._createEntity(MoMLParser.java:4330)
	at ptolemy.moml.MoMLParser.startElement(MoMLParser.java:2864)
	... 64 more
Caused by: ptolemy.kernel.util.InternalErrorException: Element <entity name="MicaLeds" class="ptolemy.domains.ptinyos.lib.MicaLeds"> caused an exception to be thrown.
  in .MicaBoard
Because:
Cannot find class: ptolemy.domains.ptinyos.lib.MicaLeds. In Ptolemy, classes are typically Java .class files. Entities like actors may instead be defined within a .xml file.  In any case, the class was not found. If the class uses a third party package, then the class would be present only if the third party package was found at compile time.  It may be necessary to upgrade Java or install the third party package, reconfigure and recompile.
Because:
-- /home/travis/build/icyphy/ptII/ptolemy/actor/ptalon/demo/ptinyos/SenseToLeds/ptolemy/domains/ptinyos/lib/MicaLeds.xml (No such file or directory)
-- XML file not found relative to classpath.
-- /home/travis/build/icyphy/ptII/ptolemy/vergil/basic/export/test/ptolemy/domains/ptinyos/lib/MicaLeds.xml
/home/travis/build/icyphy/ptII/ptolemy/vergil/basic/export/test/ptolemy/domains/ptinyos/lib/MicaLeds.xml (No such file or directory)
 in file:/home/travis/build/icyphy/ptII/ptolemy/actor/ptalon/demo/ptinyos/SenseToLeds/MicaBoard.xml at line 134 and column 63
	at ptolemy.moml.SimpleErrorHandler.handleError(SimpleErrorHandler.java:75)
	at ptolemy.moml.MoMLParser.startElement(MoMLParser.java:3805)
	at com.microstar.xml.XmlParser.parseElement(XmlParser.java:921)
	at com.microstar.xml.XmlParser.parseContent(XmlParser.java:1104)
	at com.microstar.xml.XmlParser.parseElement(XmlParser.java:924)
	at com.microstar.xml.XmlParser.parseDocument(XmlParser.java:481)
	at com.microstar.xml.XmlParser.doParse(XmlParser.java:159)
	at com.microstar.xml.XmlParser.parse(XmlParser.java:132)
	at ptolemy.moml.MoMLParser.parse(MoMLParser.java:1676)
	at ptolemy.moml.MoMLParser.parse(MoMLParser.java:1595)
	at ptolemy.moml.MoMLParser.parse(MoMLParser.java:1537)
	at ptolemy.moml.MoMLParser._findOrParse(MoMLParser.java:5286)
	at ptolemy.moml.MoMLParser._attemptToFindMoMLClass(MoMLParser.java:4075)
	at ptolemy.moml.MoMLParser._createEntity(MoMLParser.java:4323)
	... 65 more
Caused by: ptolemy.kernel.util.IllegalActionException: Cannot find class: ptolemy.domains.ptinyos.lib.MicaLeds. In Ptolemy, classes are typically Java .class files. Entities like actors may instead be defined within a .xml file.  In any case, the class was not found. If the class uses a third party package, then the class would be present only if the third party package was found at compile time.  It may be necessary to upgrade Java or install the third party package, reconfigure and recompile.
Because:
-- /home/travis/build/icyphy/ptII/ptolemy/actor/ptalon/demo/ptinyos/SenseToLeds/ptolemy/domains/ptinyos/lib/MicaLeds.xml (No such file or directory)
-- XML file not found relative to classpath.
-- /home/travis/build/icyphy/ptII/ptolemy/vergil/basic/export/test/ptolemy/domains/ptinyos/lib/MicaLeds.xml
/home/travis/build/icyphy/ptII/ptolemy/vergil/basic/export/test/ptolemy/domains/ptinyos/lib/MicaLeds.xml (No such file or directory)
 in file:/home/travis/build/icyphy/ptII/ptolemy/actor/ptalon/demo/ptinyos/SenseToLeds/MicaBoard.xml at line 134 and column 63
	at ptolemy.moml.MoMLParser._createEntity(MoMLParser.java:4330)
	at ptolemy.moml.MoMLParser.startElement(MoMLParser.java:2864)
	... 77 more
Caused by: com.microstar.xml.XmlException: -- /home/travis/build/icyphy/ptII/ptolemy/actor/ptalon/demo/ptinyos/SenseToLeds/ptolemy/domains/ptinyos/lib/MicaLeds.xml (No such file or directory)
-- XML file not found relative to classpath.
-- /home/travis/build/icyphy/ptII/ptolemy/vergil/basic/export/test/ptolemy/domains/ptinyos/lib/MicaLeds.xml
/home/travis/build/icyphy/ptII/ptolemy/vergil/basic/export/test/ptolemy/domains/ptinyos/lib/MicaLeds.xml (No such file or directory)
 in file:/home/travis/build/icyphy/ptII/ptolemy/actor/ptalon/demo/ptinyos/SenseToLeds/MicaBoard.xml at line 134 and column 63
	at ptolemy.moml.MoMLParser.fileNameToURL(MoMLParser.java:1414)
	at ptolemy.moml.MoMLParser._findOrParse(MoMLParser.java:5283)
	at ptolemy.moml.MoMLParser._attemptToFindMoMLClass(MoMLParser.java:4075)
	at ptolemy.moml.MoMLParser._createEntity(MoMLParser.java:4323)
	... 78 more
Caused by: ptolemy.actor.ptalon.PtalonRuntimeException: Unable to add actor null
	at ptolemy.actor.ptalon.PtalonEvaluator.addActor(PtalonEvaluator.java:300)
	at ptolemy.actor.ptalon.PtalonPopulator.actor_declaration(PtalonPopulator.java:1574)
	at ptolemy.actor.ptalon.PtalonPopulator.atomic_statement(PtalonPopulator.java:1638)
	at ptolemy.actor.ptalon.PtalonPopulator.iterative_statement_evaluator(PtalonPopulator.java:2484)
	at ptolemy.actor.ptalon.AbstractPtalonEvaluator$IfTree.evaluateForScope(AbstractPtalonEvaluator.java:1307)
	at ptolemy.actor.ptalon.AbstractPtalonEvaluator.evaluateForScope(AbstractPtalonEvaluator.java:744)
	at ptolemy.actor.ptalon.PtalonPopulator.iterative_statement(PtalonPopulator.java:2363)
	at ptolemy.actor.ptalon.PtalonPopulator.actor_definition(PtalonPopulator.java:2809)
	at ptolemy.actor.ptalon.PtalonActor.attributeChanged(PtalonActor.java:206)
	at ptolemy.actor.ptalon.PtalonMLHandler.startElement(PtalonMLHandler.java:134)
	at com.microstar.xml.XmlParser.parseElement(XmlParser.java:921)
	at com.microstar.xml.XmlParser.parseContent(XmlParser.java:1104)
	at com.microstar.xml.XmlParser.parseElement(XmlParser.java:924)
	at com.microstar.xml.XmlParser.parseDocument(XmlParser.java:481)
	at com.microstar.xml.XmlParser.doParse(XmlParser.java:159)
	at com.microstar.xml.XmlParser.parse(XmlParser.java:132)
	at ptolemy.actor.ptalon.PtalonActor.configure(PtalonActor.java:240)
	at ptolemy.moml.MoMLParser.endElement(MoMLParser.java:996)
	at com.microstar.xml.XmlParser.parseETag(XmlParser.java:1026)
	at com.microstar.xml.XmlParser.parseContent(XmlParser.java:1098)
	at com.microstar.xml.XmlParser.parseElement(XmlParser.java:924)
	at com.microstar.xml.XmlParser.parseContent(XmlParser.java:1104)
	at com.microstar.xml.XmlParser.parseElement(XmlParser.java:924)
	at com.microstar.xml.XmlParser.parseContent(XmlParser.java:1104)
	at com.microstar.xml.XmlParser.parseElement(XmlParser.java:924)
	at com.microstar.xml.XmlParser.parseDocument(XmlParser.java:481)
	at com.microstar.xml.XmlParser.doParse(XmlParser.java:159)
	at com.microstar.xml.XmlParser.parse(XmlParser.java:132)
	at ptolemy.moml.MoMLParser.parse(MoMLParser.java:1676)
	at ptolemy.moml.MoMLParser.parse(MoMLParser.java:1595)
	at ptolemy.moml.MoMLParser.parse(MoMLParser.java:1537)
	at ptolemy.actor.gui.PtolemyEffigy$Factory.createEffigy(PtolemyEffigy.java:424)
	at ptolemy.actor.gui.EffigyFactory.createEffigy(EffigyFactory.java:234)
	at ptolemy.actor.gui.Configuration.openModel(Configuration.java:1125)
	at ptolemy.actor.gui.Configuration.openModel(Configuration.java:1051)
	at ptolemy.actor.gui.ConfigurationApplication._openModel(ConfigurationApplication.java:1252)
	at ptolemy.actor.gui.ConfigurationApplication._parseArg(ConfigurationApplication.java:1399)
	at ptolemy.actor.gui.ConfigurationApplication._parseArgs(ConfigurationApplication.java:1478)
	at ptolemy.actor.gui.ConfigurationApplication.<init>(ConfigurationApplication.java:277)
	at ptolemy.actor.gui.ConfigurationApplication.<init>(ConfigurationApplication.java:214)
	at ptolemy.actor.gui.ConfigurationApplication.<init>(ConfigurationApplication.java:201)
	at ptolemy.actor.gui.ConfigurationApplication.openModelOrEntity(ConfigurationApplication.java:680)
	at ptolemy.vergil.basic.export.ExportModel$1.run(ExportModel.java:220)
	at java.awt.event.InvocationEvent.dispatch(InvocationEvent.java:301)
	at java.awt.EventQueue.dispatchEventImpl(EventQueue.java:756)
	at java.awt.EventQueue.access$500(EventQueue.java:97)
	at java.awt.EventQueue$3.run(EventQueue.java:709)
	at java.awt.EventQueue$3.run(EventQueue.java:703)
	at java.security.AccessController.doPrivileged(Native Method)
	at java.security.ProtectionDomain$JavaSecurityAccessImpl.doIntersectionPrivilege(ProtectionDomain.java:80)
	at java.awt.EventQueue.dispatchEvent(EventQueue.java:726)
	at java.awt.EventDispatchThread.pumpOneEventForFilters(EventDispatchThread.java:201)
	at java.awt.EventDispatchThread.pumpEventsForFilter(EventDispatchThread.java:116)
	at java.awt.EventDispatchThread.pumpEventsForHierarchy(EventDispatchThread.java:105)
	at java.awt.EventDispatchThread.pumpEvents(EventDispatchThread.java:101)
	at java.awt.EventDispatchThread.pumpEvents(EventDispatchThread.java:93)
	at java.awt.EventDispatchThread.run(EventDispatchThread.java:82)
Caused by: ptolemy.kernel.util.InternalErrorException: Element <entity name="node1" class="ptolemy.actor.ptalon.demo.ptinyos.SenseToLeds.MicaBoard"> caused an exception to be thrown.
  in .SenseToLeds.SenseToLeds
Because:
Cannot find class: ptolemy.actor.ptalon.demo.ptinyos.SenseToLeds.MicaBoard. In Ptolemy, classes are typically Java .class files. Entities like actors may instead be defined within a .xml file.  In any case, the class was not found. If the class uses a third party package, then the class would be present only if the third party package was found at compile time.  It may be necessary to upgrade Java or install the third party package, reconfigure and recompile.
Because:
Element <entity name="MicaLeds" class="ptolemy.domains.ptinyos.lib.MicaLeds"> caused an exception to be thrown.
  in .MicaBoard
Because:
Cannot find class: ptolemy.domains.ptinyos.lib.MicaLeds. In Ptolemy, classes are typically Java .class files. Entities like actors may instead be defined within a .xml file.  In any case, the class was not found. If the class uses a third party package, then the class would be present only if the third party package was found at compile time.  It may be necessary to upgrade Java or install the third party package, reconfigure and recompile.
Because:
-- /home/travis/build/icyphy/ptII/ptolemy/actor/ptalon/demo/ptinyos/SenseToLeds/ptolemy/domains/ptinyos/lib/MicaLeds.xml (No such file or directory)
-- XML file not found relative to classpath.
-- /home/travis/build/icyphy/ptII/ptolemy/vergil/basic/export/test/ptolemy/domains/ptinyos/lib/MicaLeds.xml
/home/travis/build/icyphy/ptII/ptolemy/vergil/basic/export/test/ptolemy/domains/ptinyos/lib/MicaLeds.xml (No such file or directory)
 in file:/home/travis/build/icyphy/ptII/ptolemy/actor/ptalon/demo/ptinyos/SenseToLeds/MicaBoard.xml at line 134 and column 63
	at ptolemy.moml.SimpleErrorHandler.handleError(SimpleErrorHandler.java:75)
	at ptolemy.moml.MoMLParser.startElement(MoMLParser.java:3805)
	at com.microstar.xml.XmlParser.parseElement(XmlParser.java:931)
	at com.microstar.xml.XmlParser.parseDocument(XmlParser.java:481)
	at com.microstar.xml.XmlParser.doParse(XmlParser.java:159)
	at com.microstar.xml.XmlParser.parse(XmlParser.java:132)
	at ptolemy.moml.MoMLParser.parse(MoMLParser.java:1660)
	at ptolemy.moml.MoMLParser.parse(MoMLParser.java:1617)
	at ptolemy.moml.MoMLParser.parse(MoMLParser.java:1792)
	at ptolemy.actor.ptalon.PtalonEvaluator.addActor(PtalonEvaluator.java:241)
	... 56 more
Caused by: ptolemy.kernel.util.IllegalActionException: Cannot find class: ptolemy.actor.ptalon.demo.ptinyos.SenseToLeds.MicaBoard. In Ptolemy, classes are typically Java .class files. Entities like actors may instead be defined within a .xml file.  In any case, the class was not found. If the class uses a third party package, then the class would be present only if the third party package was found at compile time.  It may be necessary to upgrade Java or install the third party package, reconfigure and recompile.
Because:
Element <entity name="MicaLeds" class="ptolemy.domains.ptinyos.lib.MicaLeds"> caused an exception to be thrown.
  in .MicaBoard
Because:
Cannot find class: ptolemy.domains.ptinyos.lib.MicaLeds. In Ptolemy, classes are typically Java .class files. Entities like actors may instead be defined within a .xml file.  In any case, the class was not found. If the class uses a third party package, then the class would be present only if the third party package was found at compile time.  It may be necessary to upgrade Java or install the third party package, reconfigure and recompile.
Because:
-- /home/travis/build/icyphy/ptII/ptolemy/actor/ptalon/demo/ptinyos/SenseToLeds/ptolemy/domains/ptinyos/lib/MicaLeds.xml (No such file or directory)
-- XML file not found relative to classpath.
-- /home/travis/build/icyphy/ptII/ptolemy/vergil/basic/export/test/ptolemy/domains/ptinyos/lib/MicaLeds.xml
/home/travis/build/icyphy/ptII/ptolemy/vergil/basic/export/test/ptolemy/domains/ptinyos/lib/MicaLeds.xml (No such file or directory)
 in file:/home/travis/build/icyphy/ptII/ptolemy/actor/ptalon/demo/ptinyos/SenseToLeds/MicaBoard.xml at line 134 and column 63
	at ptolemy.moml.MoMLParser._createEntity(MoMLParser.java:4330)
	at ptolemy.moml.MoMLParser.startElement(MoMLParser.java:2864)
	... 64 more
Caused by: ptolemy.kernel.util.InternalErrorException: Element <entity name="MicaLeds" class="ptolemy.domains.ptinyos.lib.MicaLeds"> caused an exception to be thrown.
  in .MicaBoard
Because:
Cannot find class: ptolemy.domains.ptinyos.lib.MicaLeds. In Ptolemy, classes are typically Java .class files. Entities like actors may instead be defined within a .xml file.  In any case, the class was not found. If the class uses a third party package, then the class would be present only if the third party package was found at compile time.  It may be necessary to upgrade Java or install the third party package, reconfigure and recompile.
Because:
-- /home/travis/build/icyphy/ptII/ptolemy/actor/ptalon/demo/ptinyos/SenseToLeds/ptolemy/domains/ptinyos/lib/MicaLeds.xml (No such file or directory)
-- XML file not found relative to classpath.
-- /home/travis/build/icyphy/ptII/ptolemy/vergil/basic/export/test/ptolemy/domains/ptinyos/lib/MicaLeds.xml
/home/travis/build/icyphy/ptII/ptolemy/vergil/basic/export/test/ptolemy/domains/ptinyos/lib/MicaLeds.xml (No such file or directory)
 in file:/home/travis/build/icyphy/ptII/ptolemy/actor/ptalon/demo/ptinyos/SenseToLeds/MicaBoard.xml at line 134 and column 63
	at ptolemy.moml.SimpleErrorHandler.handleError(SimpleErrorHandler.java:75)
	at ptolemy.moml.MoMLParser.startElement(MoMLParser.java:3805)
	at com.microstar.xml.XmlParser.parseElement(XmlParser.java:921)
	at com.microstar.xml.XmlParser.parseContent(XmlParser.java:1104)
	at com.microstar.xml.XmlParser.parseElement(XmlParser.java:924)
	at com.microstar.xml.XmlParser.parseDocument(XmlParser.java:481)
	at com.microstar.xml.XmlParser.doParse(XmlParser.java:159)
	at com.microstar.xml.XmlParser.parse(XmlParser.java:132)
	at ptolemy.moml.MoMLParser.parse(MoMLParser.java:1676)
	at ptolemy.moml.MoMLParser.parse(MoMLParser.java:1595)
	at ptolemy.moml.MoMLParser.parse(MoMLParser.java:1537)
	at ptolemy.moml.MoMLParser._findOrParse(MoMLParser.java:5286)
	at ptolemy.moml.MoMLParser._attemptToFindMoMLClass(MoMLParser.java:4075)
	at ptolemy.moml.MoMLParser._createEntity(MoMLParser.java:4323)
	... 65 more
Caused by: ptolemy.kernel.util.IllegalActionException: Cannot find class: ptolemy.domains.ptinyos.lib.MicaLeds. In Ptolemy, classes are typically Java .class files. Entities like actors may instead be defined within a .xml file.  In any case, the class was not found. If the class uses a third party package, then the class would be present only if the third party package was found at compile time.  It may be necessary to upgrade Java or install the third party package, reconfigure and recompile.
Because:
-- /home/travis/build/icyphy/ptII/ptolemy/actor/ptalon/demo/ptinyos/SenseToLeds/ptolemy/domains/ptinyos/lib/MicaLeds.xml (No such file or directory)
-- XML file not found relative to classpath.
-- /home/travis/build/icyphy/ptII/ptolemy/vergil/basic/export/test/ptolemy/domains/ptinyos/lib/MicaLeds.xml
/home/travis/build/icyphy/ptII/ptolemy/vergil/basic/export/test/ptolemy/domains/ptinyos/lib/MicaLeds.xml (No such file or directory)
 in file:/home/travis/build/icyphy/ptII/ptolemy/actor/ptalon/demo/ptinyos/SenseToLeds/MicaBoard.xml at line 134 and column 63
	at ptolemy.moml.MoMLParser._createEntity(MoMLParser.java:4330)
	at ptolemy.moml.MoMLParser.startElement(MoMLParser.java:2864)
	... 77 more
Caused by: com.microstar.xml.XmlException: -- /home/travis/build/icyphy/ptII/ptolemy/actor/ptalon/demo/ptinyos/SenseToLeds/ptolemy/domains/ptinyos/lib/MicaLeds.xml (No such file or directory)
-- XML file not found relative to classpath.
-- /home/travis/build/icyphy/ptII/ptolemy/vergil/basic/export/test/ptolemy/domains/ptinyos/lib/MicaLeds.xml
/home/travis/build/icyphy/ptII/ptolemy/vergil/basic/export/test/ptolemy/domains/ptinyos/lib/MicaLeds.xml (No such file or directory)
 in file:/home/travis/build/icyphy/ptII/ptolemy/actor/ptalon/demo/ptinyos/SenseToLeds/MicaBoard.xml at line 134 and column 63
	at ptolemy.moml.MoMLParser.fileNameToURL(MoMLParser.java:1414)
	at ptolemy.moml.MoMLParser._findOrParse(MoMLParser.java:5283)
	at ptolemy.moml.MoMLParser._attemptToFindMoMLClass(MoMLParser.java:4075)
	at ptolemy.moml.MoMLParser._createEntity(MoMLParser.java:4323)
	... 78 more
Failed to read file:/home/travis/build/icyphy/ptII/ptolemy/actor/ptalon/demo/ptinyos/SenseToLeds/SenseToLeds.xml
ptolemy.kernel.util.IllegalActionException: Failed to process attribute change to PtalonParameter, whose value is "ptolemy.actor.ptalon.PtalonExpressionParameter {.SenseToLeds.SenseToLeds.n} 2".
  in .SenseToLeds.SenseToLeds
Because:
Unable to add actor null
	at ptolemy.actor.ptalon.PtalonActor.attributeChanged(PtalonActor.java:211)
	at ptolemy.actor.ptalon.PtalonMLHandler.startElement(PtalonMLHandler.java:134)
	at com.microstar.xml.XmlParser.parseElement(XmlParser.java:921)
	at com.microstar.xml.XmlParser.parseContent(XmlParser.java:1104)
	at com.microstar.xml.XmlParser.parseElement(XmlParser.java:924)
	at com.microstar.xml.XmlParser.parseDocument(XmlParser.java:481)
	at com.microstar.xml.XmlParser.doParse(XmlParser.java:159)
	at com.microstar.xml.XmlParser.parse(XmlParser.java:132)
	at ptolemy.actor.ptalon.PtalonActor.configure(PtalonActor.java:240)
	at ptolemy.moml.MoMLParser.endElement(MoMLParser.java:996)
	at com.microstar.xml.XmlParser.parseETag(XmlParser.java:1026)
	at com.microstar.xml.XmlParser.parseContent(XmlParser.java:1098)
	at com.microstar.xml.XmlParser.parseElement(XmlParser.java:924)
	at com.microstar.xml.XmlParser.parseContent(XmlParser.java:1104)
	at com.microstar.xml.XmlParser.parseElement(XmlParser.java:924)
	at com.microstar.xml.XmlParser.parseContent(XmlParser.java:1104)
	at com.microstar.xml.XmlParser.parseElement(XmlParser.java:924)
	at com.microstar.xml.XmlParser.parseDocument(XmlParser.java:481)
	at com.microstar.xml.XmlParser.doParse(XmlParser.java:159)
	at com.microstar.xml.XmlParser.parse(XmlParser.java:132)
	at ptolemy.moml.MoMLParser.parse(MoMLParser.java:1676)
	at ptolemy.moml.MoMLParser.parse(MoMLParser.java:1595)
	at ptolemy.moml.MoMLParser.parse(MoMLParser.java:1537)
	at ptolemy.actor.gui.PtolemyEffigy$Factory.createEffigy(PtolemyEffigy.java:424)
	at ptolemy.actor.gui.EffigyFactory.createEffigy(EffigyFactory.java:234)
	at ptolemy.actor.gui.Configuration.openModel(Configuration.java:1125)
	at ptolemy.actor.gui.Configuration.openModel(Configuration.java:1051)
	at ptolemy.actor.gui.ConfigurationApplication._openModel(ConfigurationApplication.java:1252)
	at ptolemy.actor.gui.ConfigurationApplication._parseArg(ConfigurationApplication.java:1399)
	at ptolemy.actor.gui.ConfigurationApplication._parseArgs(ConfigurationApplication.java:1478)
	at ptolemy.actor.gui.ConfigurationApplication.<init>(ConfigurationApplication.java:277)
	at ptolemy.actor.gui.ConfigurationApplication.<init>(ConfigurationApplication.java:214)
	at ptolemy.actor.gui.ConfigurationApplication.<init>(ConfigurationApplication.java:201)
	at ptolemy.actor.gui.ConfigurationApplication.openModelOrEntity(ConfigurationApplication.java:680)
	at ptolemy.vergil.basic.export.ExportModel$1.run(ExportModel.java:220)
	at java.awt.event.InvocationEvent.dispatch(InvocationEvent.java:301)
	at java.awt.EventQueue.dispatchEventImpl(EventQueue.java:756)
	at java.awt.EventQueue.access$500(EventQueue.java:97)
	at java.awt.EventQueue$3.run(EventQueue.java:709)
	at java.awt.EventQueue$3.run(EventQueue.java:703)
	at java.security.AccessController.doPrivileged(Native Method)
	at java.security.ProtectionDomain$JavaSecurityAccessImpl.doIntersectionPrivilege(ProtectionDomain.java:80)
	at java.awt.EventQueue.dispatchEvent(EventQueue.java:726)
	at java.awt.EventDispatchThread.pumpOneEventForFilters(EventDispatchThread.java:201)
	at java.awt.EventDispatchThread.pumpEventsForFilter(EventDispatchThread.java:116)
	at java.awt.EventDispatchThread.pumpEventsForHierarchy(EventDispatchThread.java:105)
	at java.awt.EventDispatchThread.pumpEvents(EventDispatchThread.java:101)
	at java.awt.EventDispatchThread.pumpEvents(EventDispatchThread.java:93)
	at java.awt.EventDispatchThread.run(EventDispatchThread.java:82)
Caused by: ptolemy.actor.ptalon.PtalonRuntimeException: Unable to add actor null
	at ptolemy.actor.ptalon.PtalonEvaluator.addActor(PtalonEvaluator.java:300)
	at ptolemy.actor.ptalon.PtalonPopulator.actor_declaration(PtalonPopulator.java:1574)
	at ptolemy.actor.ptalon.PtalonPopulator.atomic_statement(PtalonPopulator.java:1638)
	at ptolemy.actor.ptalon.PtalonPopulator.iterative_statement_evaluator(PtalonPopulator.java:2484)
	at ptolemy.actor.ptalon.AbstractPtalonEvaluator$IfTree.evaluateForScope(AbstractPtalonEvaluator.java:1307)
	at ptolemy.actor.ptalon.AbstractPtalonEvaluator.evaluateForScope(AbstractPtalonEvaluator.java:744)
	at ptolemy.actor.ptalon.PtalonPopulator.iterative_statement(PtalonPopulator.java:2363)
	at ptolemy.actor.ptalon.PtalonPopulator.actor_definition(PtalonPopulator.java:2809)
	at ptolemy.actor.ptalon.PtalonActor.attributeChanged(PtalonActor.java:206)
	... 48 more
Caused by: ptolemy.kernel.util.InternalErrorException: Element <entity name="node1" class="ptolemy.actor.ptalon.demo.ptinyos.SenseToLeds.MicaBoard"> caused an exception to be thrown.
  in .SenseToLeds.SenseToLeds
Because:
Cannot find class: ptolemy.actor.ptalon.demo.ptinyos.SenseToLeds.MicaBoard. In Ptolemy, classes are typically Java .class files. Entities like actors may instead be defined within a .xml file.  In any case, the class was not found. If the class uses a third party package, then the class would be present only if the third party package was found at compile time.  It may be necessary to upgrade Java or install the third party package, reconfigure and recompile.
Because:
Element <entity name="MicaLeds" class="ptolemy.domains.ptinyos.lib.MicaLeds"> caused an exception to be thrown.
  in .MicaBoard
Because:
Cannot find class: ptolemy.domains.ptinyos.lib.MicaLeds. In Ptolemy, classes are typically Java .class files. Entities like actors may instead be defined within a .xml file.  In any case, the class was not found. If the class uses a third party package, then the class would be present only if the third party package was found at compile time.  It may be necessary to upgrade Java or install the third party package, reconfigure and recompile.
Because:
-- /home/travis/build/icyphy/ptII/ptolemy/actor/ptalon/demo/ptinyos/SenseToLeds/ptolemy/domains/ptinyos/lib/MicaLeds.xml (No such file or directory)
-- XML file not found relative to classpath.
-- /home/travis/build/icyphy/ptII/ptolemy/vergil/basic/export/test/ptolemy/domains/ptinyos/lib/MicaLeds.xml
/home/travis/build/icyphy/ptII/ptolemy/vergil/basic/export/test/ptolemy/domains/ptinyos/lib/MicaLeds.xml (No such file or directory)
 in file:/home/travis/build/icyphy/ptII/ptolemy/actor/ptalon/demo/ptinyos/SenseToLeds/MicaBoard.xml at line 134 and column 63
	at ptolemy.moml.SimpleErrorHandler.handleError(SimpleErrorHandler.java:75)
	at ptolemy.moml.MoMLParser.startElement(MoMLParser.java:3805)
	at com.microstar.xml.XmlParser.parseElement(XmlParser.java:931)
	at com.microstar.xml.XmlParser.parseDocument(XmlParser.java:481)
	at com.microstar.xml.XmlParser.doParse(XmlParser.java:159)
	at com.microstar.xml.XmlParser.parse(XmlParser.java:132)
	at ptolemy.moml.MoMLParser.parse(MoMLParser.java:1660)
	at ptolemy.moml.MoMLParser.parse(MoMLParser.java:1617)
	at ptolemy.moml.MoMLParser.parse(MoMLParser.java:1792)
	at ptolemy.actor.ptalon.PtalonEvaluator.addActor(PtalonEvaluator.java:241)
	... 56 more
Caused by: ptolemy.kernel.util.IllegalActionException: Cannot find class: ptolemy.actor.ptalon.demo.ptinyos.SenseToLeds.MicaBoard. In Ptolemy, classes are typically Java .class files. Entities like actors may instead be defined within a .xml file.  In any case, the class was not found. If the class uses a third party package, then the class would be present only if the third party package was found at compile time.  It may be necessary to upgrade Java or install the third party package, reconfigure and recompile.
Because:
Element <entity name="MicaLeds" class="ptolemy.domains.ptinyos.lib.MicaLeds"> caused an exception to be thrown.
  in .MicaBoard
Because:
Cannot find class: ptolemy.domains.ptinyos.lib.MicaLeds. In Ptolemy, classes are typically Java .class files. Entities like actors may instead be defined within a .xml file.  In any case, the class was not found. If the class uses a third party package, then the class would be present only if the third party package was found at compile time.  It may be necessary to upgrade Java or install the third party package, reconfigure and recompile.
Because:
-- /home/travis/build/icyphy/ptII/ptolemy/actor/ptalon/demo/ptinyos/SenseToLeds/ptolemy/domains/ptinyos/lib/MicaLeds.xml (No such file or directory)
-- XML file not found relative to classpath.
-- /home/travis/build/icyphy/ptII/ptolemy/vergil/basic/export/test/ptolemy/domains/ptinyos/lib/MicaLeds.xml
/home/travis/build/icyphy/ptII/ptolemy/vergil/basic/export/test/ptolemy/domains/ptinyos/lib/MicaLeds.xml (No such file or directory)
 in file:/home/travis/build/icyphy/ptII/ptolemy/actor/ptalon/demo/ptinyos/SenseToLeds/MicaBoard.xml at line 134 and column 63
	at ptolemy.moml.MoMLParser._createEntity(MoMLParser.java:4330)
	at ptolemy.moml.MoMLParser.startElement(MoMLParser.java:2864)
	... 64 more
Caused by: ptolemy.kernel.util.InternalErrorException: Element <entity name="MicaLeds" class="ptolemy.domains.ptinyos.lib.MicaLeds"> caused an exception to be thrown.
  in .MicaBoard
Because:
Cannot find class: ptolemy.domains.ptinyos.lib.MicaLeds. In Ptolemy, classes are typically Java .class files. Entities like actors may instead be defined within a .xml file.  In any case, the class was not found. If the class uses a third party package, then the class would be present only if the third party package was found at compile time.  It may be necessary to upgrade Java or install the third party package, reconfigure and recompile.
Because:
-- /home/travis/build/icyphy/ptII/ptolemy/actor/ptalon/demo/ptinyos/SenseToLeds/ptolemy/domains/ptinyos/lib/MicaLeds.xml (No such file or directory)
-- XML file not found relative to classpath.
-- /home/travis/build/icyphy/ptII/ptolemy/vergil/basic/export/test/ptolemy/domains/ptinyos/lib/MicaLeds.xml
/home/travis/build/icyphy/ptII/ptolemy/vergil/basic/export/test/ptolemy/domains/ptinyos/lib/MicaLeds.xml (No such file or directory)
 in file:/home/travis/build/icyphy/ptII/ptolemy/actor/ptalon/demo/ptinyos/SenseToLeds/MicaBoard.xml at line 134 and column 63
	at ptolemy.moml.SimpleErrorHandler.handleError(SimpleErrorHandler.java:75)
	at ptolemy.moml.MoMLParser.startElement(MoMLParser.java:3805)
	at com.microstar.xml.XmlParser.parseElement(XmlParser.java:921)
	at com.microstar.xml.XmlParser.parseContent(XmlParser.java:1104)
	at com.microstar.xml.XmlParser.parseElement(XmlParser.java:924)
	at com.microstar.xml.XmlParser.parseDocument(XmlParser.java:481)
	at com.microstar.xml.XmlParser.doParse(XmlParser.java:159)
	at com.microstar.xml.XmlParser.parse(XmlParser.java:132)
	at ptolemy.moml.MoMLParser.parse(MoMLParser.java:1676)
	at ptolemy.moml.MoMLParser.parse(MoMLParser.java:1595)
	at ptolemy.moml.MoMLParser.parse(MoMLParser.java:1537)
	at ptolemy.moml.MoMLParser._findOrParse(MoMLParser.java:5286)
	at ptolemy.moml.MoMLParser._attemptToFindMoMLClass(MoMLParser.java:4075)
	at ptolemy.moml.MoMLParser._createEntity(MoMLParser.java:4323)
	... 65 more
Caused by: ptolemy.kernel.util.IllegalActionException: Cannot find class: ptolemy.domains.ptinyos.lib.MicaLeds. In Ptolemy, classes are typically Java .class files. Entities like actors may instead be defined within a .xml file.  In any case, the class was not found. If the class uses a third party package, then the class would be present only if the third party package was found at compile time.  It may be necessary to upgrade Java or install the third party package, reconfigure and recompile.
Because:
-- /home/travis/build/icyphy/ptII/ptolemy/actor/ptalon/demo/ptinyos/SenseToLeds/ptolemy/domains/ptinyos/lib/MicaLeds.xml (No such file or directory)
-- XML file not found relative to classpath.
-- /home/travis/build/icyphy/ptII/ptolemy/vergil/basic/export/test/ptolemy/domains/ptinyos/lib/MicaLeds.xml
/home/travis/build/icyphy/ptII/ptolemy/vergil/basic/export/test/ptolemy/domains/ptinyos/lib/MicaLeds.xml (No such file or directory)
 in file:/home/travis/build/icyphy/ptII/ptolemy/actor/ptalon/demo/ptinyos/SenseToLeds/MicaBoard.xml at line 134 and column 63
	at ptolemy.moml.MoMLParser._createEntity(MoMLParser.java:4330)
	at ptolemy.moml.MoMLParser.startElement(MoMLParser.java:2864)
	... 77 more
Caused by: com.microstar.xml.XmlException: -- /home/travis/build/icyphy/ptII/ptolemy/actor/ptalon/demo/ptinyos/SenseToLeds/ptolemy/domains/ptinyos/lib/MicaLeds.xml (No such file or directory)
-- XML file not found relative to classpath.
-- /home/travis/build/icyphy/ptII/ptolemy/vergil/basic/export/test/ptolemy/domains/ptinyos/lib/MicaLeds.xml
/home/travis/build/icyphy/ptII/ptolemy/vergil/basic/export/test/ptolemy/domains/ptinyos/lib/MicaLeds.xml (No such file or directory)
 in file:/home/travis/build/icyphy/ptII/ptolemy/actor/ptalon/demo/ptinyos/SenseToLeds/MicaBoard.xml at line 134 and column 63
	at ptolemy.moml.MoMLParser.fileNameToURL(MoMLParser.java:1414)
	at ptolemy.moml.MoMLParser._findOrParse(MoMLParser.java:5283)
	at ptolemy.moml.MoMLParser._attemptToFindMoMLClass(MoMLParser.java:4075)
	at ptolemy.moml.MoMLParser._createEntity(MoMLParser.java:4323)
	... 78 more
Caused by: ptolemy.actor.ptalon.PtalonRuntimeException: Unable to add actor null
	at ptolemy.actor.ptalon.PtalonEvaluator.addActor(PtalonEvaluator.java:300)
	at ptolemy.actor.ptalon.PtalonPopulator.actor_declaration(PtalonPopulator.java:1574)
	at ptolemy.actor.ptalon.PtalonPopulator.atomic_statement(PtalonPopulator.java:1638)
	at ptolemy.actor.ptalon.PtalonPopulator.iterative_statement_evaluator(PtalonPopulator.java:2484)
	at ptolemy.actor.ptalon.AbstractPtalonEvaluator$IfTree.evaluateForScope(AbstractPtalonEvaluator.java:1307)
	at ptolemy.actor.ptalon.AbstractPtalonEvaluator.evaluateForScope(AbstractPtalonEvaluator.java:744)
	at ptolemy.actor.ptalon.PtalonPopulator.iterative_statement(PtalonPopulator.java:2363)
	at ptolemy.actor.ptalon.PtalonPopulator.actor_definition(PtalonPopulator.java:2809)
	at ptolemy.actor.ptalon.PtalonActor.attributeChanged(PtalonActor.java:206)
	at ptolemy.actor.ptalon.PtalonMLHandler.startElement(PtalonMLHandler.java:134)
	at com.microstar.xml.XmlParser.parseElement(XmlParser.java:921)
	at com.microstar.xml.XmlParser.parseContent(XmlParser.java:1104)
	at com.microstar.xml.XmlParser.parseElement(XmlParser.java:924)
	at com.microstar.xml.XmlParser.parseDocument(XmlParser.java:481)
	at com.microstar.xml.XmlParser.doParse(XmlParser.java:159)
	at com.microstar.xml.XmlParser.parse(XmlParser.java:132)
	at ptolemy.actor.ptalon.PtalonActor.configure(PtalonActor.java:240)
	at ptolemy.moml.MoMLParser.endElement(MoMLParser.java:996)
	at com.microstar.xml.XmlParser.parseETag(XmlParser.java:1026)
	at com.microstar.xml.XmlParser.parseContent(XmlParser.java:1098)
	at com.microstar.xml.XmlParser.parseElement(XmlParser.java:924)
	at com.microstar.xml.XmlParser.parseContent(XmlParser.java:1104)
	at com.microstar.xml.XmlParser.parseElement(XmlParser.java:924)
	at com.microstar.xml.XmlParser.parseContent(XmlParser.java:1104)
	at com.microstar.xml.XmlParser.parseElement(XmlParser.java:924)
	at com.microstar.xml.XmlParser.parseDocument(XmlParser.java:481)
	at com.microstar.xml.XmlParser.doParse(XmlParser.java:159)
	at com.microstar.xml.XmlParser.parse(XmlParser.java:132)
	at ptolemy.moml.MoMLParser.parse(MoMLParser.java:1676)
	at ptolemy.moml.MoMLParser.parse(MoMLParser.java:1595)
	at ptolemy.moml.MoMLParser.parse(MoMLParser.java:1537)
	at ptolemy.actor.gui.PtolemyEffigy$Factory.createEffigy(PtolemyEffigy.java:424)
	at ptolemy.actor.gui.EffigyFactory.createEffigy(EffigyFactory.java:234)
	at ptolemy.actor.gui.Configuration.openModel(Configuration.java:1125)
	at ptolemy.actor.gui.Configuration.openModel(Configuration.java:1051)
	at ptolemy.actor.gui.ConfigurationApplication._openModel(ConfigurationApplication.java:1252)
	at ptolemy.actor.gui.ConfigurationApplication._parseArg(ConfigurationApplication.java:1399)
	at ptolemy.actor.gui.ConfigurationApplication._parseArgs(ConfigurationApplication.java:1478)
	at ptolemy.actor.gui.ConfigurationApplication.<init>(ConfigurationApplication.java:277)
	at ptolemy.actor.gui.ConfigurationApplication.<init>(ConfigurationApplication.java:214)
	at ptolemy.actor.gui.ConfigurationApplication.<init>(ConfigurationApplication.java:201)
	at ptolemy.actor.gui.ConfigurationApplication.openModelOrEntity(ConfigurationApplication.java:680)
	at ptolemy.vergil.basic.export.ExportModel$1.run(ExportModel.java:220)
	at java.awt.event.InvocationEvent.dispatch(InvocationEvent.java:301)
	at java.awt.EventQueue.dispatchEventImpl(EventQueue.java:756)
	at java.awt.EventQueue.access$500(EventQueue.java:97)
	at java.awt.EventQueue$3.run(EventQueue.java:709)
	at java.awt.EventQueue$3.run(EventQueue.java:703)
	at java.security.AccessController.doPrivileged(Native Method)
	at java.security.ProtectionDomain$JavaSecurityAccessImpl.doIntersectionPrivilege(ProtectionDomain.java:80)
	at java.awt.EventQueue.dispatchEvent(EventQueue.java:726)
	at java.awt.EventDispatchThread.pumpOneEventForFilters(EventDispatchThread.java:201)
	at java.awt.EventDispatchThread.pumpEventsForFilter(EventDispatchThread.java:116)
	at java.awt.EventDispatchThread.pumpEventsForHierarchy(EventDispatchThread.java:105)
	at java.awt.EventDispatchThread.pumpEvents(EventDispatchThread.java:101)
	at java.awt.EventDispatchThread.pumpEvents(EventDispatchThread.java:93)
	at java.awt.EventDispatchThread.run(EventDispatchThread.java:82)
Caused by: ptolemy.kernel.util.InternalErrorException: Element <entity name="node1" class="ptolemy.actor.ptalon.demo.ptinyos.SenseToLeds.MicaBoard"> caused an exception to be thrown.
  in .SenseToLeds.SenseToLeds
Because:
Cannot find class: ptolemy.actor.ptalon.demo.ptinyos.SenseToLeds.MicaBoard. In Ptolemy, classes are typically Java .class files. Entities like actors may instead be defined within a .xml file.  In any case, the class was not found. If the class uses a third party package, then the class would be present only if the third party package was found at compile time.  It may be necessary to upgrade Java or install the third party package, reconfigure and recompile.
Because:
Element <entity name="MicaLeds" class="ptolemy.domains.ptinyos.lib.MicaLeds"> caused an exception to be thrown.
  in .MicaBoard
Because:
Cannot find class: ptolemy.domains.ptinyos.lib.MicaLeds. In Ptolemy, classes are typically Java .class files. Entities like actors may instead be defined within a .xml file.  In any case, the class was not found. If the class uses a third party package, then the class would be present only if the third party package was found at compile time.  It may be necessary to upgrade Java or install the third party package, reconfigure and recompile.
Because:
-- /home/travis/build/icyphy/ptII/ptolemy/actor/ptalon/demo/ptinyos/SenseToLeds/ptolemy/domains/ptinyos/lib/MicaLeds.xml (No such file or directory)
-- XML file not found relative to classpath.
-- /home/travis/build/icyphy/ptII/ptolemy/vergil/basic/export/test/ptolemy/domains/ptinyos/lib/MicaLeds.xml
/home/travis/build/icyphy/ptII/ptolemy/vergil/basic/export/test/ptolemy/domains/ptinyos/lib/MicaLeds.xml (No such file or directory)
 in file:/home/travis/build/icyphy/ptII/ptolemy/actor/ptalon/demo/ptinyos/SenseToLeds/MicaBoard.xml at line 134 and column 63
	at ptolemy.moml.SimpleErrorHandler.handleError(SimpleErrorHandler.java:75)
	at ptolemy.moml.MoMLParser.startElement(MoMLParser.java:3805)
	at com.microstar.xml.XmlParser.parseElement(XmlParser.java:931)
	at com.microstar.xml.XmlParser.parseDocument(XmlParser.java:481)
	at com.microstar.xml.XmlParser.doParse(XmlParser.java:159)
	at com.microstar.xml.XmlParser.parse(XmlParser.java:132)
	at ptolemy.moml.MoMLParser.parse(MoMLParser.java:1660)
	at ptolemy.moml.MoMLParser.parse(MoMLParser.java:1617)
	at ptolemy.moml.MoMLParser.parse(MoMLParser.java:1792)
	at ptolemy.actor.ptalon.PtalonEvaluator.addActor(PtalonEvaluator.java:241)
	... 56 more
Caused by: ptolemy.kernel.util.IllegalActionException: Cannot find class: ptolemy.actor.ptalon.demo.ptinyos.SenseToLeds.MicaBoard. In Ptolemy, classes are typically Java .class files. Entities like actors may instead be defined within a .xml file.  In any case, the class was not found. If the class uses a third party package, then the class would be present only if the third party package was found at compile time.  It may be necessary to upgrade Java or install the third party package, reconfigure and recompile.
Because:
Element <entity name="MicaLeds" class="ptolemy.domains.ptinyos.lib.MicaLeds"> caused an exception to be thrown.
  in .MicaBoard
Because:
Cannot find class: ptolemy.domains.ptinyos.lib.MicaLeds. In Ptolemy, classes are typically Java .class files. Entities like actors may instead be defined within a .xml file.  In any case, the class was not found. If the class uses a third party package, then the class would be present only if the third party package was found at compile time.  It may be necessary to upgrade Java or install the third party package, reconfigure and recompile.
Because:
-- /home/travis/build/icyphy/ptII/ptolemy/actor/ptalon/demo/ptinyos/SenseToLeds/ptolemy/domains/ptinyos/lib/MicaLeds.xml (No such file or directory)
-- XML file not found relative to classpath.
-- /home/travis/build/icyphy/ptII/ptolemy/vergil/basic/export/test/ptolemy/domains/ptinyos/lib/MicaLeds.xml
/home/travis/build/icyphy/ptII/ptolemy/vergil/basic/export/test/ptolemy/domains/ptinyos/lib/MicaLeds.xml (No such file or directory)
 in file:/home/travis/build/icyphy/ptII/ptolemy/actor/ptalon/demo/ptinyos/SenseToLeds/MicaBoard.xml at line 134 and column 63
	at ptolemy.moml.MoMLParser._createEntity(MoMLParser.java:4330)
	at ptolemy.moml.MoMLParser.startElement(MoMLParser.java:2864)
	... 64 more
Caused by: ptolemy.kernel.util.InternalErrorException: Element <entity name="MicaLeds" class="ptolemy.domains.ptinyos.lib.MicaLeds"> caused an exception to be thrown.
  in .MicaBoard
Because:
Cannot find class: ptolemy.domains.ptinyos.lib.MicaLeds. In Ptolemy, classes are typically Java .class files. Entities like actors may instead be defined within a .xml file.  In any case, the class was not found. If the class uses a third party package, then the class would be present only if the third party package was found at compile time.  It may be necessary to upgrade Java or install the third party package, reconfigure and recompile.
Because:
-- /home/travis/build/icyphy/ptII/ptolemy/actor/ptalon/demo/ptinyos/SenseToLeds/ptolemy/domains/ptinyos/lib/MicaLeds.xml (No such file or directory)
-- XML file not found relative to classpath.
-- /home/travis/build/icyphy/ptII/ptolemy/vergil/basic/export/test/ptolemy/domains/ptinyos/lib/MicaLeds.xml
/home/travis/build/icyphy/ptII/ptolemy/vergil/basic/export/test/ptolemy/domains/ptinyos/lib/MicaLeds.xml (No such file or directory)
 in file:/home/travis/build/icyphy/ptII/ptolemy/actor/ptalon/demo/ptinyos/SenseToLeds/MicaBoard.xml at line 134 and column 63
	at ptolemy.moml.SimpleErrorHandler.handleError(SimpleErrorHandler.java:75)
	at ptolemy.moml.MoMLParser.startElement(MoMLParser.java:3805)
	at com.microstar.xml.XmlParser.parseElement(XmlParser.java:921)
	at com.microstar.xml.XmlParser.parseContent(XmlParser.java:1104)
	at com.microstar.xml.XmlParser.parseElement(XmlParser.java:924)
	at com.microstar.xml.XmlParser.parseDocument(XmlParser.java:481)
	at com.microstar.xml.XmlParser.doParse(XmlParser.java:159)
	at com.microstar.xml.XmlParser.parse(XmlParser.java:132)
	at ptolemy.moml.MoMLParser.parse(MoMLParser.java:1676)
	at ptolemy.moml.MoMLParser.parse(MoMLParser.java:1595)
	at ptolemy.moml.MoMLParser.parse(MoMLParser.java:1537)
	at ptolemy.moml.MoMLParser._findOrParse(MoMLParser.java:5286)
	at ptolemy.moml.MoMLParser._attemptToFindMoMLClass(MoMLParser.java:4075)
	at ptolemy.moml.MoMLParser._createEntity(MoMLParser.java:4323)
	... 65 more
Caused by: ptolemy.kernel.util.IllegalActionException: Cannot find class: ptolemy.domains.ptinyos.lib.MicaLeds. In Ptolemy, classes are typically Java .class files. Entities like actors may instead be defined within a .xml file.  In any case, the class was not found. If the class uses a third party package, then the class would be present only if the third party package was found at compile time.  It may be necessary to upgrade Java or install the third party package, reconfigure and recompile.
Because:
-- /home/travis/build/icyphy/ptII/ptolemy/actor/ptalon/demo/ptinyos/SenseToLeds/ptolemy/domains/ptinyos/lib/MicaLeds.xml (No such file or directory)
-- XML file not found relative to classpath.
-- /home/travis/build/icyphy/ptII/ptolemy/vergil/basic/export/test/ptolemy/domains/ptinyos/lib/MicaLeds.xml
/home/travis/build/icyphy/ptII/ptolemy/vergil/basic/export/test/ptolemy/domains/ptinyos/lib/MicaLeds.xml (No such file or directory)
 in file:/home/travis/build/icyphy/ptII/ptolemy/actor/ptalon/demo/ptinyos/SenseToLeds/MicaBoard.xml at line 134 and column 63
	at ptolemy.moml.MoMLParser._createEntity(MoMLParser.java:4330)
	at ptolemy.moml.MoMLParser.startElement(MoMLParser.java:2864)
	... 77 more
Caused by: com.microstar.xml.XmlException: -- /home/travis/build/icyphy/ptII/ptolemy/actor/ptalon/demo/ptinyos/SenseToLeds/ptolemy/domains/ptinyos/lib/MicaLeds.xml (No such file or directory)
-- XML file not found relative to classpath.
-- /home/travis/build/icyphy/ptII/ptolemy/vergil/basic/export/test/ptolemy/domains/ptinyos/lib/MicaLeds.xml
/home/travis/build/icyphy/ptII/ptolemy/vergil/basic/export/test/ptolemy/domains/ptinyos/lib/MicaLeds.xml (No such file or directory)
 in file:/home/travis/build/icyphy/ptII/ptolemy/actor/ptalon/demo/ptinyos/SenseToLeds/MicaBoard.xml at line 134 and column 63
	at ptolemy.moml.MoMLParser.fileNameToURL(MoMLParser.java:1414)
	at ptolemy.moml.MoMLParser._findOrParse(MoMLParser.java:5283)
	at ptolemy.moml.MoMLParser._attemptToFindMoMLClass(MoMLParser.java:4075)
	at ptolemy.moml.MoMLParser._createEntity(MoMLParser.java:4323)
	... 78 more
Failed to read file:/home/travis/build/icyphy/ptII/ptolemy/actor/ptalon/demo/ptinyos/SenseToLeds/SenseToLeds.xml
ptolemy.kernel.util.IllegalActionException: Failed to process attribute change to PtalonParameter, whose value is "ptolemy.actor.ptalon.PtalonExpressionParameter {.SenseToLeds.SenseToLeds.n} 2".
  in .SenseToLeds.SenseToLeds
Because:
Unable to add actor null
	at ptolemy.actor.ptalon.PtalonActor.attributeChanged(PtalonActor.java:211)
	at ptolemy.actor.ptalon.PtalonMLHandler.startElement(PtalonMLHandler.java:134)
	at com.microstar.xml.XmlParser.parseElement(XmlParser.java:921)
	at com.microstar.xml.XmlParser.parseContent(XmlParser.java:1104)
	at com.microstar.xml.XmlParser.parseElement(XmlParser.java:924)
	at com.microstar.xml.XmlParser.parseDocument(XmlParser.java:481)
	at com.microstar.xml.XmlParser.doParse(XmlParser.java:159)
	at com.microstar.xml.XmlParser.parse(XmlParser.java:132)
	at ptolemy.actor.ptalon.PtalonActor.configure(PtalonActor.java:240)
	at ptolemy.moml.MoMLParser.endElement(MoMLParser.java:996)
	at com.microstar.xml.XmlParser.parseETag(XmlParser.java:1026)
	at com.microstar.xml.XmlParser.parseContent(XmlParser.java:1098)
	at com.microstar.xml.XmlParser.parseElement(XmlParser.java:924)
	at com.microstar.xml.XmlParser.parseContent(XmlParser.java:1104)
	at com.microstar.xml.XmlParser.parseElement(XmlParser.java:924)
	at com.microstar.xml.XmlParser.parseContent(XmlParser.java:1104)
	at com.microstar.xml.XmlParser.parseElement(XmlParser.java:924)
	at com.microstar.xml.XmlParser.parseDocument(XmlParser.java:481)
	at com.microstar.xml.XmlParser.doParse(XmlParser.java:159)
	at com.microstar.xml.XmlParser.parse(XmlParser.java:132)
	at ptolemy.moml.MoMLParser.parse(MoMLParser.java:1676)
	at ptolemy.moml.MoMLParser.parse(MoMLParser.java:1595)
	at ptolemy.moml.MoMLParser.parse(MoMLParser.java:1537)
	at ptolemy.actor.gui.PtolemyEffigy$Factory.createEffigy(PtolemyEffigy.java:424)
	at ptolemy.actor.gui.EffigyFactory.createEffigy(EffigyFactory.java:234)
	at ptolemy.actor.gui.Configuration.openModel(Configuration.java:1125)
	at ptolemy.actor.gui.Configuration.openModel(Configuration.java:1051)
	at ptolemy.actor.gui.ConfigurationApplication._openModel(ConfigurationApplication.java:1252)
	at ptolemy.actor.gui.ConfigurationApplication._parseArg(ConfigurationApplication.java:1399)
	at ptolemy.actor.gui.ConfigurationApplication._parseArgs(ConfigurationApplication.java:1478)
	at ptolemy.actor.gui.ConfigurationApplication.<init>(ConfigurationApplication.java:277)
	at ptolemy.actor.gui.ConfigurationApplication.<init>(ConfigurationApplication.java:214)
	at ptolemy.actor.gui.ConfigurationApplication.<init>(ConfigurationApplication.java:201)
	at ptolemy.actor.gui.ConfigurationApplication.openModelOrEntity(ConfigurationApplication.java:680)
	at ptolemy.vergil.basic.export.ExportModel$1.run(ExportModel.java:220)
	at java.awt.event.InvocationEvent.dispatch(InvocationEvent.java:301)
	at java.awt.EventQueue.dispatchEventImpl(EventQueue.java:756)
	at java.awt.EventQueue.access$500(EventQueue.java:97)
	at java.awt.EventQueue$3.run(EventQueue.java:709)
	at java.awt.EventQueue$3.run(EventQueue.java:703)
	at java.security.AccessController.doPrivileged(Native Method)
	at java.security.ProtectionDomain$JavaSecurityAccessImpl.doIntersectionPrivilege(ProtectionDomain.java:80)
	at java.awt.EventQueue.dispatchEvent(EventQueue.java:726)
	at java.awt.EventDispatchThread.pumpOneEventForFilters(EventDispatchThread.java:201)
	at java.awt.EventDispatchThread.pumpEventsForFilter(EventDispatchThread.java:116)
	at java.awt.EventDispatchThread.pumpEventsForHierarchy(EventDispatchThread.java:105)
	at java.awt.EventDispatchThread.pumpEvents(EventDispatchThread.java:101)
	at java.awt.EventDispatchThread.pumpEvents(EventDispatchThread.java:93)
	at java.awt.EventDispatchThread.run(EventDispatchThread.java:82)
Caused by: ptolemy.actor.ptalon.PtalonRuntimeException: Unable to add actor null
	at ptolemy.actor.ptalon.PtalonEvaluator.addActor(PtalonEvaluator.java:300)
	at ptolemy.actor.ptalon.PtalonPopulator.actor_declaration(PtalonPopulator.java:1574)
	at ptolemy.actor.ptalon.PtalonPopulator.atomic_statement(PtalonPopulator.java:1638)
	at ptolemy.actor.ptalon.PtalonPopulator.iterative_statement_evaluator(PtalonPopulator.java:2484)
	at ptolemy.actor.ptalon.AbstractPtalonEvaluator$IfTree.evaluateForScope(AbstractPtalonEvaluator.java:1307)
	at ptolemy.actor.ptalon.AbstractPtalonEvaluator.evaluateForScope(AbstractPtalonEvaluator.java:744)
	at ptolemy.actor.ptalon.PtalonPopulator.iterative_statement(PtalonPopulator.java:2363)
	at ptolemy.actor.ptalon.PtalonPopulator.actor_definition(PtalonPopulator.java:2809)
	at ptolemy.actor.ptalon.PtalonActor.attributeChanged(PtalonActor.java:206)
	... 48 more
Caused by: ptolemy.kernel.util.InternalErrorException: Element <entity name="node1" class="ptolemy.actor.ptalon.demo.ptinyos.SenseToLeds.MicaBoard"> caused an exception to be thrown.
  in .SenseToLeds.SenseToLeds
Because:
Cannot find class: ptolemy.actor.ptalon.demo.ptinyos.SenseToLeds.MicaBoard. In Ptolemy, classes are typically Java .class files. Entities like actors may instead be defined within a .xml file.  In any case, the class was not found. If the class uses a third party package, then the class would be present only if the third party package was found at compile time.  It may be necessary to upgrade Java or install the third party package, reconfigure and recompile.
Because:
Element <entity name="MicaLeds" class="ptolemy.domains.ptinyos.lib.MicaLeds"> caused an exception to be thrown.
  in .MicaBoard
Because:
Cannot find class: ptolemy.domains.ptinyos.lib.MicaLeds. In Ptolemy, classes are typically Java .class files. Entities like actors may instead be defined within a .xml file.  In any case, the class was not found. If the class uses a third party package, then the class would be present only if the third party package was found at compile time.  It may be necessary to upgrade Java or install the third party package, reconfigure and recompile.
Because:
-- /home/travis/build/icyphy/ptII/ptolemy/actor/ptalon/demo/ptinyos/SenseToLeds/ptolemy/domains/ptinyos/lib/MicaLeds.xml (No such file or directory)
-- XML file not found relative to classpath.
-- /home/travis/build/icyphy/ptII/ptolemy/vergil/basic/export/test/ptolemy/domains/ptinyos/lib/MicaLeds.xml
/home/travis/build/icyphy/ptII/ptolemy/vergil/basic/export/test/ptolemy/domains/ptinyos/lib/MicaLeds.xml (No such file or directory)
 in file:/home/travis/build/icyphy/ptII/ptolemy/actor/ptalon/demo/ptinyos/SenseToLeds/MicaBoard.xml at line 134 and column 63
	at ptolemy.moml.SimpleErrorHandler.handleError(SimpleErrorHandler.java:75)
	at ptolemy.moml.MoMLParser.startElement(MoMLParser.java:3805)
	at com.microstar.xml.XmlParser.parseElement(XmlParser.java:931)
	at com.microstar.xml.XmlParser.parseDocument(XmlParser.java:481)
	at com.microstar.xml.XmlParser.doParse(XmlParser.java:159)
	at com.microstar.xml.XmlParser.parse(XmlParser.java:132)
	at ptolemy.moml.MoMLParser.parse(MoMLParser.java:1660)
	at ptolemy.moml.MoMLParser.parse(MoMLParser.java:1617)
	at ptolemy.moml.MoMLParser.parse(MoMLParser.java:1792)
	at ptolemy.actor.ptalon.PtalonEvaluator.addActor(PtalonEvaluator.java:241)
	... 56 more
Caused by: ptolemy.kernel.util.IllegalActionException: Cannot find class: ptolemy.actor.ptalon.demo.ptinyos.SenseToLeds.MicaBoard. In Ptolemy, classes are typically Java .class files. Entities like actors may instead be defined within a .xml file.  In any case, the class was not found. If the class uses a third party package, then the class would be present only if the third party package was found at compile time.  It may be necessary to upgrade Java or install the third party package, reconfigure and recompile.
Because:
Element <entity name="MicaLeds" class="ptolemy.domains.ptinyos.lib.MicaLeds"> caused an exception to be thrown.
  in .MicaBoard
Because:
Cannot find class: ptolemy.domains.ptinyos.lib.MicaLeds. In Ptolemy, classes are typically Java .class files. Entities like actors may instead be defined within a .xml file.  In any case, the class was not found. If the class uses a third party package, then the class would be present only if the third party package was found at compile time.  It may be necessary to upgrade Java or install the third party package, reconfigure and recompile.
Because:
-- /home/travis/build/icyphy/ptII/ptolemy/actor/ptalon/demo/ptinyos/SenseToLeds/ptolemy/domains/ptinyos/lib/MicaLeds.xml (No such file or directory)
-- XML file not found relative to classpath.
-- /home/travis/build/icyphy/ptII/ptolemy/vergil/basic/export/test/ptolemy/domains/ptinyos/lib/MicaLeds.xml
/home/travis/build/icyphy/ptII/ptolemy/vergil/basic/export/test/ptolemy/domains/ptinyos/lib/MicaLeds.xml (No such file or directory)
 in file:/home/travis/build/icyphy/ptII/ptolemy/actor/ptalon/demo/ptinyos/SenseToLeds/MicaBoard.xml at line 134 and column 63
	at ptolemy.moml.MoMLParser._createEntity(MoMLParser.java:4330)
	at ptolemy.moml.MoMLParser.startElement(MoMLParser.java:2864)
	... 64 more
Caused by: ptolemy.kernel.util.InternalErrorException: Element <entity name="MicaLeds" class="ptolemy.domains.ptinyos.lib.MicaLeds"> caused an exception to be thrown.
  in .MicaBoard
Because:
Cannot find class: ptolemy.domains.ptinyos.lib.MicaLeds. In Ptolemy, classes are typically Java .class files. Entities like actors may instead be defined within a .xml file.  In any case, the class was not found. If the class uses a third party package, then the class would be present only if the third party package was found at compile time.  It may be necessary to upgrade Java or install the third party package, reconfigure and recompile.
Because:
-- /home/travis/build/icyphy/ptII/ptolemy/actor/ptalon/demo/ptinyos/SenseToLeds/ptolemy/domains/ptinyos/lib/MicaLeds.xml (No such file or directory)
-- XML file not found relative to classpath.
-- /home/travis/build/icyphy/ptII/ptolemy/vergil/basic/export/test/ptolemy/domains/ptinyos/lib/MicaLeds.xml
/home/travis/build/icyphy/ptII/ptolemy/vergil/basic/export/test/ptolemy/domains/ptinyos/lib/MicaLeds.xml (No such file or directory)
 in file:/home/travis/build/icyphy/ptII/ptolemy/actor/ptalon/demo/ptinyos/SenseToLeds/MicaBoard.xml at line 134 and column 63
	at ptolemy.moml.SimpleErrorHandler.handleError(SimpleErrorHandler.java:75)
	at ptolemy.moml.MoMLParser.startElement(MoMLParser.java:3805)
	at com.microstar.xml.XmlParser.parseElement(XmlParser.java:921)
	at com.microstar.xml.XmlParser.parseContent(XmlParser.java:1104)
	at com.microstar.xml.XmlParser.parseElement(XmlParser.java:924)
	at com.microstar.xml.XmlParser.parseDocument(XmlParser.java:481)
	at com.microstar.xml.XmlParser.doParse(XmlParser.java:159)
	at com.microstar.xml.XmlParser.parse(XmlParser.java:132)
	at ptolemy.moml.MoMLParser.parse(MoMLParser.java:1676)
	at ptolemy.moml.MoMLParser.parse(MoMLParser.java:1595)
	at ptolemy.moml.MoMLParser.parse(MoMLParser.java:1537)
	at ptolemy.moml.MoMLParser._findOrParse(MoMLParser.java:5286)
	at ptolemy.moml.MoMLParser._attemptToFindMoMLClass(MoMLParser.java:4075)
	at ptolemy.moml.MoMLParser._createEntity(MoMLParser.java:4323)
	... 65 more
Caused by: ptolemy.kernel.util.IllegalActionException: Cannot find class: ptolemy.domains.ptinyos.lib.MicaLeds. In Ptolemy, classes are typically Java .class files. Entities like actors may instead be defined within a .xml file.  In any case, the class was not found. If the class uses a third party package, then the class would be present only if the third party package was found at compile time.  It may be necessary to upgrade Java or install the third party package, reconfigure and recompile.
Because:
-- /home/travis/build/icyphy/ptII/ptolemy/actor/ptalon/demo/ptinyos/SenseToLeds/ptolemy/domains/ptinyos/lib/MicaLeds.xml (No such file or directory)
-- XML file not found relative to classpath.
-- /home/travis/build/icyphy/ptII/ptolemy/vergil/basic/export/test/ptolemy/domains/ptinyos/lib/MicaLeds.xml
/home/travis/build/icyphy/ptII/ptolemy/vergil/basic/export/test/ptolemy/domains/ptinyos/lib/MicaLeds.xml (No such file or directory)
 in file:/home/travis/build/icyphy/ptII/ptolemy/actor/ptalon/demo/ptinyos/SenseToLeds/MicaBoard.xml at line 134 and column 63
	at ptolemy.moml.MoMLParser._createEntity(MoMLParser.java:4330)
	at ptolemy.moml.MoMLParser.startElement(MoMLParser.java:2864)
	... 77 more
Caused by: com.microstar.xml.XmlException: -- /home/travis/build/icyphy/ptII/ptolemy/actor/ptalon/demo/ptinyos/SenseToLeds/ptolemy/domains/ptinyos/lib/MicaLeds.xml (No such file or directory)
-- XML file not found relative to classpath.
-- /home/travis/build/icyphy/ptII/ptolemy/vergil/basic/export/test/ptolemy/domains/ptinyos/lib/MicaLeds.xml
/home/travis/build/icyphy/ptII/ptolemy/vergil/basic/export/test/ptolemy/domains/ptinyos/lib/MicaLeds.xml (No such file or directory)
 in file:/home/travis/build/icyphy/ptII/ptolemy/actor/ptalon/demo/ptinyos/SenseToLeds/MicaBoard.xml at line 134 and column 63
	at ptolemy.moml.MoMLParser.fileNameToURL(MoMLParser.java:1414)
	at ptolemy.moml.MoMLParser._findOrParse(MoMLParser.java:5283)
	at ptolemy.moml.MoMLParser._attemptToFindMoMLClass(MoMLParser.java:4075)
	at ptolemy.moml.MoMLParser._createEntity(MoMLParser.java:4323)
	... 78 more
Caused by: ptolemy.actor.ptalon.PtalonRuntimeException: Unable to add actor null
	at ptolemy.actor.ptalon.PtalonEvaluator.addActor(PtalonEvaluator.java:300)
	at ptolemy.actor.ptalon.PtalonPopulator.actor_declaration(PtalonPopulator.java:1574)
	at ptolemy.actor.ptalon.PtalonPopulator.atomic_statement(PtalonPopulator.java:1638)
	at ptolemy.actor.ptalon.PtalonPopulator.iterative_statement_evaluator(PtalonPopulator.java:2484)
	at ptolemy.actor.ptalon.AbstractPtalonEvaluator$IfTree.evaluateForScope(AbstractPtalonEvaluator.java:1307)
	at ptolemy.actor.ptalon.AbstractPtalonEvaluator.evaluateForScope(AbstractPtalonEvaluator.java:744)
	at ptolemy.actor.ptalon.PtalonPopulator.iterative_statement(PtalonPopulator.java:2363)
	at ptolemy.actor.ptalon.PtalonPopulator.actor_definition(PtalonPopulator.java:2809)
	at ptolemy.actor.ptalon.PtalonActor.attributeChanged(PtalonActor.java:206)
	at ptolemy.actor.ptalon.PtalonMLHandler.startElement(PtalonMLHandler.java:134)
	at com.microstar.xml.XmlParser.parseElement(XmlParser.java:921)
	at com.microstar.xml.XmlParser.parseContent(XmlParser.java:1104)
	at com.microstar.xml.XmlParser.parseElement(XmlParser.java:924)
	at com.microstar.xml.XmlParser.parseDocument(XmlParser.java:481)
	at com.microstar.xml.XmlParser.doParse(XmlParser.java:159)
	at com.microstar.xml.XmlParser.parse(XmlParser.java:132)
	at ptolemy.actor.ptalon.PtalonActor.configure(PtalonActor.java:240)
	at ptolemy.moml.MoMLParser.endElement(MoMLParser.java:996)
	at com.microstar.xml.XmlParser.parseETag(XmlParser.java:1026)
	at com.microstar.xml.XmlParser.parseContent(XmlParser.java:1098)
	at com.microstar.xml.XmlParser.parseElement(XmlParser.java:924)
	at com.microstar.xml.XmlParser.parseContent(XmlParser.java:1104)
	at com.microstar.xml.XmlParser.parseElement(XmlParser.java:924)
	at com.microstar.xml.XmlParser.parseContent(XmlParser.java:1104)
	at com.microstar.xml.XmlParser.parseElement(XmlParser.java:924)
	at com.microstar.xml.XmlParser.parseDocument(XmlParser.java:481)
	at com.microstar.xml.XmlParser.doParse(XmlParser.java:159)
	at com.microstar.xml.XmlParser.parse(XmlParser.java:132)
	at ptolemy.moml.MoMLParser.parse(MoMLParser.java:1676)
	at ptolemy.moml.MoMLParser.parse(MoMLParser.java:1595)
	at ptolemy.moml.MoMLParser.parse(MoMLParser.java:1537)
	at ptolemy.actor.gui.PtolemyEffigy$Factory.createEffigy(PtolemyEffigy.java:424)
	at ptolemy.actor.gui.EffigyFactory.createEffigy(EffigyFactory.java:234)
	at ptolemy.actor.gui.Configuration.openModel(Configuration.java:1125)
	at ptolemy.actor.gui.Configuration.openModel(Configuration.java:1051)
	at ptolemy.actor.gui.ConfigurationApplication._openModel(ConfigurationApplication.java:1252)
	at ptolemy.actor.gui.ConfigurationApplication._parseArg(ConfigurationApplication.java:1399)
	at ptolemy.actor.gui.ConfigurationApplication._parseArgs(ConfigurationApplication.java:1478)
	at ptolemy.actor.gui.ConfigurationApplication.<init>(ConfigurationApplication.java:277)
	at ptolemy.actor.gui.ConfigurationApplication.<init>(ConfigurationApplication.java:214)
	at ptolemy.actor.gui.ConfigurationApplication.<init>(ConfigurationApplication.java:201)
	at ptolemy.actor.gui.ConfigurationApplication.openModelOrEntity(ConfigurationApplication.java:680)
	at ptolemy.vergil.basic.export.ExportModel$1.run(ExportModel.java:220)
	at java.awt.event.InvocationEvent.dispatch(InvocationEvent.java:301)
	at java.awt.EventQueue.dispatchEventImpl(EventQueue.java:756)
	at java.awt.EventQueue.access$500(EventQueue.java:97)
	at java.awt.EventQueue$3.run(EventQueue.java:709)
	at java.awt.EventQueue$3.run(EventQueue.java:703)
	at java.security.AccessController.doPrivileged(Native Method)
	at java.security.ProtectionDomain$JavaSecurityAccessImpl.doIntersectionPrivilege(ProtectionDomain.java:80)
	at java.awt.EventQueue.dispatchEvent(EventQueue.java:726)
	at java.awt.EventDispatchThread.pumpOneEventForFilters(EventDispatchThread.java:201)
	at java.awt.EventDispatchThread.pumpEventsForFilter(EventDispatchThread.java:116)
	at java.awt.EventDispatchThread.pumpEventsForHierarchy(EventDispatchThread.java:105)
	at java.awt.EventDispatchThread.pumpEvents(EventDispatchThread.java:101)
	at java.awt.EventDispatchThread.pumpEvents(EventDispatchThread.java:93)
	at java.awt.EventDispatchThread.run(EventDispatchThread.java:82)
Caused by: ptolemy.kernel.util.InternalErrorException: Element <entity name="node1" class="ptolemy.actor.ptalon.demo.ptinyos.SenseToLeds.MicaBoard"> caused an exception to be thrown.
  in .SenseToLeds.SenseToLeds
Because:
Cannot find class: ptolemy.actor.ptalon.demo.ptinyos.SenseToLeds.MicaBoard. In Ptolemy, classes are typically Java .class files. Entities like actors may instead be defined within a .xml file.  In any case, the class was not found. If the class uses a third party package, then the class would be present only if the third party package was found at compile time.  It may be necessary to upgrade Java or install the third party package, reconfigure and recompile.
Because:
Element <entity name="MicaLeds" class="ptolemy.domains.ptinyos.lib.MicaLeds"> caused an exception to be thrown.
  in .MicaBoard
Because:
Cannot find class: ptolemy.domains.ptinyos.lib.MicaLeds. In Ptolemy, classes are typically Java .class files. Entities like actors may instead be defined within a .xml file.  In any case, the class was not found. If the class uses a third party package, then the class would be present only if the third party package was found at compile time.  It may be necessary to upgrade Java or install the third party package, reconfigure and recompile.
Because:
-- /home/travis/build/icyphy/ptII/ptolemy/actor/ptalon/demo/ptinyos/SenseToLeds/ptolemy/domains/ptinyos/lib/MicaLeds.xml (No such file or directory)
-- XML file not found relative to classpath.
-- /home/travis/build/icyphy/ptII/ptolemy/vergil/basic/export/test/ptolemy/domains/ptinyos/lib/MicaLeds.xml
/home/travis/build/icyphy/ptII/ptolemy/vergil/basic/export/test/ptolemy/domains/ptinyos/lib/MicaLeds.xml (No such file or directory)
 in file:/home/travis/build/icyphy/ptII/ptolemy/actor/ptalon/demo/ptinyos/SenseToLeds/MicaBoard.xml at line 134 and column 63
	at ptolemy.moml.SimpleErrorHandler.handleError(SimpleErrorHandler.java:75)
	at ptolemy.moml.MoMLParser.startElement(MoMLParser.java:3805)
	at com.microstar.xml.XmlParser.parseElement(XmlParser.java:931)
	at com.microstar.xml.XmlParser.parseDocument(XmlParser.java:481)
	at com.microstar.xml.XmlParser.doParse(XmlParser.java:159)
	at com.microstar.xml.XmlParser.parse(XmlParser.java:132)
	at ptolemy.moml.MoMLParser.parse(MoMLParser.java:1660)
	at ptolemy.moml.MoMLParser.parse(MoMLParser.java:1617)
	at ptolemy.moml.MoMLParser.parse(MoMLParser.java:1792)
	at ptolemy.actor.ptalon.PtalonEvaluator.addActor(PtalonEvaluator.java:241)
	... 56 more
Caused by: ptolemy.kernel.util.IllegalActionException: Cannot find class: ptolemy.actor.ptalon.demo.ptinyos.SenseToLeds.MicaBoard. In Ptolemy, classes are typically Java .class files. Entities like actors may instead be defined within a .xml file.  In any case, the class was not found. If the class uses a third party package, then the class would be present only if the third party package was found at compile time.  It may be necessary to upgrade Java or install the third party package, reconfigure and recompile.
Because:
Element <entity name="MicaLeds" class="ptolemy.domains.ptinyos.lib.MicaLeds"> caused an exception to be thrown.
  in .MicaBoard
Because:
Cannot find class: ptolemy.domains.ptinyos.lib.MicaLeds. In Ptolemy, classes are typically Java .class files. Entities like actors may instead be defined within a .xml file.  In any case, the class was not found. If the class uses a third party package, then the class would be present only if the third party package was found at compile time.  It may be necessary to upgrade Java or install the third party package, reconfigure and recompile.
Because:
-- /home/travis/build/icyphy/ptII/ptolemy/actor/ptalon/demo/ptinyos/SenseToLeds/ptolemy/domains/ptinyos/lib/MicaLeds.xml (No such file or directory)
-- XML file not found relative to classpath.
-- /home/travis/build/icyphy/ptII/ptolemy/vergil/basic/export/test/ptolemy/domains/ptinyos/lib/MicaLeds.xml
/home/travis/build/icyphy/ptII/ptolemy/vergil/basic/export/test/ptolemy/domains/ptinyos/lib/MicaLeds.xml (No such file or directory)
 in file:/home/travis/build/icyphy/ptII/ptolemy/actor/ptalon/demo/ptinyos/SenseToLeds/MicaBoard.xml at line 134 and column 63
	at ptolemy.moml.MoMLParser._createEntity(MoMLParser.java:4330)
	at ptolemy.moml.MoMLParser.startElement(MoMLParser.java:2864)
	... 64 more
Caused by: ptolemy.kernel.util.InternalErrorException: Element <entity name="MicaLeds" class="ptolemy.domains.ptinyos.lib.MicaLeds"> caused an exception to be thrown.
  in .MicaBoard
Because:
Cannot find class: ptolemy.domains.ptinyos.lib.MicaLeds. In Ptolemy, classes are typically Java .class files. Entities like actors may instead be defined within a .xml file.  In any case, the class was not found. If the class uses a third party package, then the class would be present only if the third party package was found at compile time.  It may be necessary to upgrade Java or install the third party package, reconfigure and recompile.
Because:
-- /home/travis/build/icyphy/ptII/ptolemy/actor/ptalon/demo/ptinyos/SenseToLeds/ptolemy/domains/ptinyos/lib/MicaLeds.xml (No such file or directory)
-- XML file not found relative to classpath.
-- /home/travis/build/icyphy/ptII/ptolemy/vergil/basic/export/test/ptolemy/domains/ptinyos/lib/MicaLeds.xml
/home/travis/build/icyphy/ptII/ptolemy/vergil/basic/export/test/ptolemy/domains/ptinyos/lib/MicaLeds.xml (No such file or directory)
 in file:/home/travis/build/icyphy/ptII/ptolemy/actor/ptalon/demo/ptinyos/SenseToLeds/MicaBoard.xml at line 134 and column 63
	at ptolemy.moml.SimpleErrorHandler.handleError(SimpleErrorHandler.java:75)
	at ptolemy.moml.MoMLParser.startElement(MoMLParser.java:3805)
	at com.microstar.xml.XmlParser.parseElement(XmlParser.java:921)
	at com.microstar.xml.XmlParser.parseContent(XmlParser.java:1104)
	at com.microstar.xml.XmlParser.parseElement(XmlParser.java:924)
	at com.microstar.xml.XmlParser.parseDocument(XmlParser.java:481)
	at com.microstar.xml.XmlParser.doParse(XmlParser.java:159)
	at com.microstar.xml.XmlParser.parse(XmlParser.java:132)
	at ptolemy.moml.MoMLParser.parse(MoMLParser.java:1676)
	at ptolemy.moml.MoMLParser.parse(MoMLParser.java:1595)
	at ptolemy.moml.MoMLParser.parse(MoMLParser.java:1537)
	at ptolemy.moml.MoMLParser._findOrParse(MoMLParser.java:5286)
	at ptolemy.moml.MoMLParser._attemptToFindMoMLClass(MoMLParser.java:4075)
	at ptolemy.moml.MoMLParser._createEntity(MoMLParser.java:4323)
	... 65 more
Caused by: ptolemy.kernel.util.IllegalActionException: Cannot find class: ptolemy.domains.ptinyos.lib.MicaLeds. In Ptolemy, classes are typically Java .class files. Entities like actors may instead be defined within a .xml file.  In any case, the class was not found. If the class uses a third party package, then the class would be present only if the third party package was found at compile time.  It may be necessary to upgrade Java or install the third party package, reconfigure and recompile.
Because:
-- /home/travis/build/icyphy/ptII/ptolemy/actor/ptalon/demo/ptinyos/SenseToLeds/ptolemy/domains/ptinyos/lib/MicaLeds.xml (No such file or directory)
-- XML file not found relative to classpath.
-- /home/travis/build/icyphy/ptII/ptolemy/vergil/basic/export/test/ptolemy/domains/ptinyos/lib/MicaLeds.xml
/home/travis/build/icyphy/ptII/ptolemy/vergil/basic/export/test/ptolemy/domains/ptinyos/lib/MicaLeds.xml (No such file or directory)
 in file:/home/travis/build/icyphy/ptII/ptolemy/actor/ptalon/demo/ptinyos/SenseToLeds/MicaBoard.xml at line 134 and column 63
	at ptolemy.moml.MoMLParser._createEntity(MoMLParser.java:4330)
	at ptolemy.moml.MoMLParser.startElement(MoMLParser.java:2864)
	... 77 more
Caused by: com.microstar.xml.XmlException: -- /home/travis/build/icyphy/ptII/ptolemy/actor/ptalon/demo/ptinyos/SenseToLeds/ptolemy/domains/ptinyos/lib/MicaLeds.xml (No such file or directory)
-- XML file not found relative to classpath.
-- /home/travis/build/icyphy/ptII/ptolemy/vergil/basic/export/test/ptolemy/domains/ptinyos/lib/MicaLeds.xml
/home/travis/build/icyphy/ptII/ptolemy/vergil/basic/export/test/ptolemy/domains/ptinyos/lib/MicaLeds.xml (No such file or directory)
 in file:/home/travis/build/icyphy/ptII/ptolemy/actor/ptalon/demo/ptinyos/SenseToLeds/MicaBoard.xml at line 134 and column 63
	at ptolemy.moml.MoMLParser.fileNameToURL(MoMLParser.java:1414)
	at ptolemy.moml.MoMLParser._findOrParse(MoMLParser.java:5283)
	at ptolemy.moml.MoMLParser._attemptToFindMoMLClass(MoMLParser.java:4075)
	at ptolemy.moml.MoMLParser._createEntity(MoMLParser.java:4323)
	... 78 more
ptolemy.kernel.util.IllegalActionException: Failed to process attribute change to PtalonParameter, whose value is "ptolemy.actor.ptalon.PtalonExpressionParameter {.SenseToLeds.SenseToLeds.n} 2".
  in .SenseToLeds.SenseToLeds
Because:
Unable to add actor null
	at ptolemy.actor.ptalon.PtalonActor.attributeChanged(PtalonActor.java:211)
	at ptolemy.actor.ptalon.PtalonMLHandler.startElement(PtalonMLHandler.java:134)
	at com.microstar.xml.XmlParser.parseElement(XmlParser.java:921)
	at com.microstar.xml.XmlParser.parseContent(XmlParser.java:1104)
	at com.microstar.xml.XmlParser.parseElement(XmlParser.java:924)
	at com.microstar.xml.XmlParser.parseDocument(XmlParser.java:481)
	at com.microstar.xml.XmlParser.doParse(XmlParser.java:159)
	at com.microstar.xml.XmlParser.parse(XmlParser.java:132)
	at ptolemy.actor.ptalon.PtalonActor.configure(PtalonActor.java:240)
	at ptolemy.moml.MoMLParser.endElement(MoMLParser.java:996)
	at com.microstar.xml.XmlParser.parseETag(XmlParser.java:1026)
	at com.microstar.xml.XmlParser.parseContent(XmlParser.java:1098)
	at com.microstar.xml.XmlParser.parseElement(XmlParser.java:924)
	at com.microstar.xml.XmlParser.parseContent(XmlParser.java:1104)
	at com.microstar.xml.XmlParser.parseElement(XmlParser.java:924)
	at com.microstar.xml.XmlParser.parseContent(XmlParser.java:1104)
	at com.microstar.xml.XmlParser.parseElement(XmlParser.java:924)
	at com.microstar.xml.XmlParser.parseDocument(XmlParser.java:481)
	at com.microstar.xml.XmlParser.doParse(XmlParser.java:159)
	at com.microstar.xml.XmlParser.parse(XmlParser.java:132)
	at ptolemy.moml.MoMLParser.parse(MoMLParser.java:1676)
	at ptolemy.moml.MoMLParser.parse(MoMLParser.java:1595)
	at ptolemy.moml.MoMLParser.parse(MoMLParser.java:1537)
	at ptolemy.actor.gui.PtolemyEffigy$Factory.createEffigy(PtolemyEffigy.java:424)
	at ptolemy.actor.gui.EffigyFactory.createEffigy(EffigyFactory.java:234)
	at ptolemy.actor.gui.Configuration.openModel(Configuration.java:1125)
	at ptolemy.actor.gui.Configuration.openModel(Configuration.java:1051)
	at ptolemy.actor.gui.ConfigurationApplication._openModel(ConfigurationApplication.java:1252)
	at ptolemy.actor.gui.ConfigurationApplication._parseArg(ConfigurationApplication.java:1399)
	at ptolemy.actor.gui.ConfigurationApplication._parseArgs(ConfigurationApplication.java:1478)
	at ptolemy.actor.gui.ConfigurationApplication.<init>(ConfigurationApplication.java:277)
	at ptolemy.actor.gui.ConfigurationApplication.<init>(ConfigurationApplication.java:214)
	at ptolemy.actor.gui.ConfigurationApplication.<init>(ConfigurationApplication.java:201)
	at ptolemy.actor.gui.ConfigurationApplication.openModelOrEntity(ConfigurationApplication.java:680)
	at ptolemy.vergil.basic.export.ExportModel$1.run(ExportModel.java:220)
	at java.awt.event.InvocationEvent.dispatch(InvocationEvent.java:301)
	at java.awt.EventQueue.dispatchEventImpl(EventQueue.java:756)
	at java.awt.EventQueue.access$500(EventQueue.java:97)
	at java.awt.EventQueue$3.run(EventQueue.java:709)
	at java.awt.EventQueue$3.run(EventQueue.java:703)
	at java.security.AccessController.doPrivileged(Native Method)
	at java.security.ProtectionDomain$JavaSecurityAccessImpl.doIntersectionPrivilege(ProtectionDomain.java:80)
	at java.awt.EventQueue.dispatchEvent(EventQueue.java:726)
	at java.awt.EventDispatchThread.pumpOneEventForFilters(EventDispatchThread.java:201)
	at java.awt.EventDispatchThread.pumpEventsForFilter(EventDispatchThread.java:116)
	at java.awt.EventDispatchThread.pumpEventsForHierarchy(EventDispatchThread.java:105)
	at java.awt.EventDispatchThread.pumpEvents(EventDispatchThread.java:101)
	at java.awt.EventDispatchThread.pumpEvents(EventDispatchThread.java:93)
	at java.awt.EventDispatchThread.run(EventDispatchThread.java:82)
Caused by: ptolemy.actor.ptalon.PtalonRuntimeException: Unable to add actor null
	at ptolemy.actor.ptalon.PtalonEvaluator.addActor(PtalonEvaluator.java:300)
	at ptolemy.actor.ptalon.PtalonPopulator.actor_declaration(PtalonPopulator.java:1574)
	at ptolemy.actor.ptalon.PtalonPopulator.atomic_statement(PtalonPopulator.java:1638)
	at ptolemy.actor.ptalon.PtalonPopulator.iterative_statement_evaluator(PtalonPopulator.java:2484)
	at ptolemy.actor.ptalon.AbstractPtalonEvaluator$IfTree.evaluateForScope(AbstractPtalonEvaluator.java:1307)
	at ptolemy.actor.ptalon.AbstractPtalonEvaluator.evaluateForScope(AbstractPtalonEvaluator.java:744)
	at ptolemy.actor.ptalon.PtalonPopulator.iterative_statement(PtalonPopulator.java:2363)
	at ptolemy.actor.ptalon.PtalonPopulator.actor_definition(PtalonPopulator.java:2809)
	at ptolemy.actor.ptalon.PtalonActor.attributeChanged(PtalonActor.java:206)
	... 48 more
Caused by: ptolemy.kernel.util.InternalErrorException: Element <entity name="node1" class="ptolemy.actor.ptalon.demo.ptinyos.SenseToLeds.MicaBoard"> caused an exception to be thrown.
  in .SenseToLeds.SenseToLeds
Because:
Cannot find class: ptolemy.actor.ptalon.demo.ptinyos.SenseToLeds.MicaBoard. In Ptolemy, classes are typically Java .class files. Entities like actors may instead be defined within a .xml file.  In any case, the class was not found. If the class uses a third party package, then the class would be present only if the third party package was found at compile time.  It may be necessary to upgrade Java or install the third party package, reconfigure and recompile.
Because:
Element <entity name="MicaLeds" class="ptolemy.domains.ptinyos.lib.MicaLeds"> caused an exception to be thrown.
  in .MicaBoard
Because:
Cannot find class: ptolemy.domains.ptinyos.lib.MicaLeds. In Ptolemy, classes are typically Java .class files. Entities like actors may instead be defined within a .xml file.  In any case, the class was not found. If the class uses a third party package, then the class would be present only if the third party package was found at compile time.  It may be necessary to upgrade Java or install the third party package, reconfigure and recompile.
Because:
-- /home/travis/build/icyphy/ptII/ptolemy/actor/ptalon/demo/ptinyos/SenseToLeds/ptolemy/domains/ptinyos/lib/MicaLeds.xml (No such file or directory)
-- XML file not found relative to classpath.
-- /home/travis/build/icyphy/ptII/ptolemy/vergil/basic/export/test/ptolemy/domains/ptinyos/lib/MicaLeds.xml
/home/travis/build/icyphy/ptII/ptolemy/vergil/basic/export/test/ptolemy/domains/ptinyos/lib/MicaLeds.xml (No such file or directory)
 in file:/home/travis/build/icyphy/ptII/ptolemy/actor/ptalon/demo/ptinyos/SenseToLeds/MicaBoard.xml at line 134 and column 63
	at ptolemy.moml.SimpleErrorHandler.handleError(SimpleErrorHandler.java:75)
	at ptolemy.moml.MoMLParser.startElement(MoMLParser.java:3805)
	at com.microstar.xml.XmlParser.parseElement(XmlParser.java:931)
	at com.microstar.xml.XmlParser.parseDocument(XmlParser.java:481)
	at com.microstar.xml.XmlParser.doParse(XmlParser.java:159)
	at com.microstar.xml.XmlParser.parse(XmlParser.java:132)
	at ptolemy.moml.MoMLParser.parse(MoMLParser.java:1660)
	at ptolemy.moml.MoMLParser.parse(MoMLParser.java:1617)
	at ptolemy.moml.MoMLParser.parse(MoMLParser.java:1792)
	at ptolemy.actor.ptalon.PtalonEvaluator.addActor(PtalonEvaluator.java:241)
	... 56 more
Caused by: ptolemy.kernel.util.IllegalActionException: Cannot find class: ptolemy.actor.ptalon.demo.ptinyos.SenseToLeds.MicaBoard. In Ptolemy, classes are typically Java .class files. Entities like actors may instead be defined within a .xml file.  In any case, the class was not found. If the class uses a third party package, then the class would be present only if the third party package was found at compile time.  It may be necessary to upgrade Java or install the third party package, reconfigure and recompile.
Because:
Element <entity name="MicaLeds" class="ptolemy.domains.ptinyos.lib.MicaLeds"> caused an exception to be thrown.
  in .MicaBoard
Because:
Cannot find class: ptolemy.domains.ptinyos.lib.MicaLeds. In Ptolemy, classes are typically Java .class files. Entities like actors may instead be defined within a .xml file.  In any case, the class was not found. If the class uses a third party package, then the class would be present only if the third party package was found at compile time.  It may be necessary to upgrade Java or install the third party package, reconfigure and recompile.
Because:
-- /home/travis/build/icyphy/ptII/ptolemy/actor/ptalon/demo/ptinyos/SenseToLeds/ptolemy/domains/ptinyos/lib/MicaLeds.xml (No such file or directory)
-- XML file not found relative to classpath.
-- /home/travis/build/icyphy/ptII/ptolemy/vergil/basic/export/test/ptolemy/domains/ptinyos/lib/MicaLeds.xml
/home/travis/build/icyphy/ptII/ptolemy/vergil/basic/export/test/ptolemy/domains/ptinyos/lib/MicaLeds.xml (No such file or directory)
 in file:/home/travis/build/icyphy/ptII/ptolemy/actor/ptalon/demo/ptinyos/SenseToLeds/MicaBoard.xml at line 134 and column 63
	at ptolemy.moml.MoMLParser._createEntity(MoMLParser.java:4330)
	at ptolemy.moml.MoMLParser.startElement(MoMLParser.java:2864)
	... 64 more
Caused by: ptolemy.kernel.util.InternalErrorException: Element <entity name="MicaLeds" class="ptolemy.domains.ptinyos.lib.MicaLeds"> caused an exception to be thrown.
  in .MicaBoard
Because:
Cannot find class: ptolemy.domains.ptinyos.lib.MicaLeds. In Ptolemy, classes are typically Java .class files. Entities like actors may instead be defined within a .xml file.  In any case, the class was not found. If the class uses a third party package, then the class would be present only if the third party package was found at compile time.  It may be necessary to upgrade Java or install the third party package, reconfigure and recompile.
Because:
-- /home/travis/build/icyphy/ptII/ptolemy/actor/ptalon/demo/ptinyos/SenseToLeds/ptolemy/domains/ptinyos/lib/MicaLeds.xml (No such file or directory)
-- XML file not found relative to classpath.
-- /home/travis/build/icyphy/ptII/ptolemy/vergil/basic/export/test/ptolemy/domains/ptinyos/lib/MicaLeds.xml
/home/travis/build/icyphy/ptII/ptolemy/vergil/basic/export/test/ptolemy/domains/ptinyos/lib/MicaLeds.xml (No such file or directory)
 in file:/home/travis/build/icyphy/ptII/ptolemy/actor/ptalon/demo/ptinyos/SenseToLeds/MicaBoard.xml at line 134 and column 63
	at ptolemy.moml.SimpleErrorHandler.handleError(SimpleErrorHandler.java:75)
	at ptolemy.moml.MoMLParser.startElement(MoMLParser.java:3805)
	at com.microstar.xml.XmlParser.parseElement(XmlParser.java:921)
	at com.microstar.xml.XmlParser.parseContent(XmlParser.java:1104)
	at com.microstar.xml.XmlParser.parseElement(XmlParser.java:924)
	at com.microstar.xml.XmlParser.parseDocument(XmlParser.java:481)
	at com.microstar.xml.XmlParser.doParse(XmlParser.java:159)
	at com.microstar.xml.XmlParser.parse(XmlParser.java:132)
	at ptolemy.moml.MoMLParser.parse(MoMLParser.java:1676)
	at ptolemy.moml.MoMLParser.parse(MoMLParser.java:1595)
	at ptolemy.moml.MoMLParser.parse(MoMLParser.java:1537)
	at ptolemy.moml.MoMLParser._findOrParse(MoMLParser.java:5286)
	at ptolemy.moml.MoMLParser._attemptToFindMoMLClass(MoMLParser.java:4075)
	at ptolemy.moml.MoMLParser._createEntity(MoMLParser.java:4323)
	... 65 more
Caused by: ptolemy.kernel.util.IllegalActionException: Cannot find class: ptolemy.domains.ptinyos.lib.MicaLeds. In Ptolemy, classes are typically Java .class files. Entities like actors may instead be defined within a .xml file.  In any case, the class was not found. If the class uses a third party package, then the class would be present only if the third party package was found at compile time.  It may be necessary to upgrade Java or install the third party package, reconfigure and recompile.
Because:
-- /home/travis/build/icyphy/ptII/ptolemy/actor/ptalon/demo/ptinyos/SenseToLeds/ptolemy/domains/ptinyos/lib/MicaLeds.xml (No such file or directory)
-- XML file not found relative to classpath.
-- /home/travis/build/icyphy/ptII/ptolemy/vergil/basic/export/test/ptolemy/domains/ptinyos/lib/MicaLeds.xml
/home/travis/build/icyphy/ptII/ptolemy/vergil/basic/export/test/ptolemy/domains/ptinyos/lib/MicaLeds.xml (No such file or directory)
 in file:/home/travis/build/icyphy/ptII/ptolemy/actor/ptalon/demo/ptinyos/SenseToLeds/MicaBoard.xml at line 134 and column 63
	at ptolemy.moml.MoMLParser._createEntity(MoMLParser.java:4330)
	at ptolemy.moml.MoMLParser.startElement(MoMLParser.java:2864)
	... 77 more
Caused by: com.microstar.xml.XmlException: -- /home/travis/build/icyphy/ptII/ptolemy/actor/ptalon/demo/ptinyos/SenseToLeds/ptolemy/domains/ptinyos/lib/MicaLeds.xml (No such file or directory)
-- XML file not found relative to classpath.
-- /home/travis/build/icyphy/ptII/ptolemy/vergil/basic/export/test/ptolemy/domains/ptinyos/lib/MicaLeds.xml
/home/travis/build/icyphy/ptII/ptolemy/vergil/basic/export/test/ptolemy/domains/ptinyos/lib/MicaLeds.xml (No such file or directory)
 in file:/home/travis/build/icyphy/ptII/ptolemy/actor/ptalon/demo/ptinyos/SenseToLeds/MicaBoard.xml at line 134 and column 63
	at ptolemy.moml.MoMLParser.fileNameToURL(MoMLParser.java:1414)
	at ptolemy.moml.MoMLParser._findOrParse(MoMLParser.java:5283)
	at ptolemy.moml.MoMLParser._attemptToFindMoMLClass(MoMLParser.java:4075)
	at ptolemy.moml.MoMLParser._createEntity(MoMLParser.java:4323)
	... 78 more
Caused by: ptolemy.actor.ptalon.PtalonRuntimeException: Unable to add actor null
	at ptolemy.actor.ptalon.PtalonEvaluator.addActor(PtalonEvaluator.java:300)
	at ptolemy.actor.ptalon.PtalonPopulator.actor_declaration(PtalonPopulator.java:1574)
	at ptolemy.actor.ptalon.PtalonPopulator.atomic_statement(PtalonPopulator.java:1638)
	at ptolemy.actor.ptalon.PtalonPopulator.iterative_statement_evaluator(PtalonPopulator.java:2484)
	at ptolemy.actor.ptalon.AbstractPtalonEvaluator$IfTree.evaluateForScope(AbstractPtalonEvaluator.java:1307)
	at ptolemy.actor.ptalon.AbstractPtalonEvaluator.evaluateForScope(AbstractPtalonEvaluator.java:744)
	at ptolemy.actor.ptalon.PtalonPopulator.iterative_statement(PtalonPopulator.java:2363)
	at ptolemy.actor.ptalon.PtalonPopulator.actor_definition(PtalonPopulator.java:2809)
	at ptolemy.actor.ptalon.PtalonActor.attributeChanged(PtalonActor.java:206)
	at ptolemy.actor.ptalon.PtalonMLHandler.startElement(PtalonMLHandler.java:134)
	at com.microstar.xml.XmlParser.parseElement(XmlParser.java:921)
	at com.microstar.xml.XmlParser.parseContent(XmlParser.java:1104)
	at com.microstar.xml.XmlParser.parseElement(XmlParser.java:924)
	at com.microstar.xml.XmlParser.parseDocument(XmlParser.java:481)
	at com.microstar.xml.XmlParser.doParse(XmlParser.java:159)
	at com.microstar.xml.XmlParser.parse(XmlParser.java:132)
	at ptolemy.actor.ptalon.PtalonActor.configure(PtalonActor.java:240)
	at ptolemy.moml.MoMLParser.endElement(MoMLParser.java:996)
	at com.microstar.xml.XmlParser.parseETag(XmlParser.java:1026)
	at com.microstar.xml.XmlParser.parseContent(XmlParser.java:1098)
	at com.microstar.xml.XmlParser.parseElement(XmlParser.java:924)
	at com.microstar.xml.XmlParser.parseContent(XmlParser.java:1104)
	at com.microstar.xml.XmlParser.parseElement(XmlParser.java:924)
	at com.microstar.xml.XmlParser.parseContent(XmlParser.java:1104)
	at com.microstar.xml.XmlParser.parseElement(XmlParser.java:924)
	at com.microstar.xml.XmlParser.parseDocument(XmlParser.java:481)
	at com.microstar.xml.XmlParser.doParse(XmlParser.java:159)
	at com.microstar.xml.XmlParser.parse(XmlParser.java:132)
	at ptolemy.moml.MoMLParser.parse(MoMLParser.java:1676)
	at ptolemy.moml.MoMLParser.parse(MoMLParser.java:1595)
	at ptolemy.moml.MoMLParser.parse(MoMLParser.java:1537)
	at ptolemy.actor.gui.PtolemyEffigy$Factory.createEffigy(PtolemyEffigy.java:424)
	at ptolemy.actor.gui.EffigyFactory.createEffigy(EffigyFactory.java:234)
	at ptolemy.actor.gui.Configuration.openModel(Configuration.java:1125)
	at ptolemy.actor.gui.Configuration.openModel(Configuration.java:1051)
	at ptolemy.actor.gui.ConfigurationApplication._openModel(ConfigurationApplication.java:1252)
	at ptolemy.actor.gui.ConfigurationApplication._parseArg(ConfigurationApplication.java:1399)
	at ptolemy.actor.gui.ConfigurationApplication._parseArgs(ConfigurationApplication.java:1478)
	at ptolemy.actor.gui.ConfigurationApplication.<init>(ConfigurationApplication.java:277)
	at ptolemy.actor.gui.ConfigurationApplication.<init>(ConfigurationApplication.java:214)
	at ptolemy.actor.gui.ConfigurationApplication.<init>(ConfigurationApplication.java:201)
	at ptolemy.actor.gui.ConfigurationApplication.openModelOrEntity(ConfigurationApplication.java:680)
	at ptolemy.vergil.basic.export.ExportModel$1.run(ExportModel.java:220)
	at java.awt.event.InvocationEvent.dispatch(InvocationEvent.java:301)
	at java.awt.EventQueue.dispatchEventImpl(EventQueue.java:756)
	at java.awt.EventQueue.access$500(EventQueue.java:97)
	at java.awt.EventQueue$3.run(EventQueue.java:709)
	at java.awt.EventQueue$3.run(EventQueue.java:703)
	at java.security.AccessController.doPrivileged(Native Method)
	at java.security.ProtectionDomain$JavaSecurityAccessImpl.doIntersectionPrivilege(ProtectionDomain.java:80)
	at java.awt.EventQueue.dispatchEvent(EventQueue.java:726)
	at java.awt.EventDispatchThread.pumpOneEventForFilters(EventDispatchThread.java:201)
	at java.awt.EventDispatchThread.pumpEventsForFilter(EventDispatchThread.java:116)
	at java.awt.EventDispatchThread.pumpEventsForHierarchy(EventDispatchThread.java:105)
	at java.awt.EventDispatchThread.pumpEvents(EventDispatchThread.java:101)
	at java.awt.EventDispatchThread.pumpEvents(EventDispatchThread.java:93)
	at java.awt.EventDispatchThread.run(EventDispatchThread.java:82)
Caused by: ptolemy.kernel.util.InternalErrorException: Element <entity name="node1" class="ptolemy.actor.ptalon.demo.ptinyos.SenseToLeds.MicaBoard"> caused an exception to be thrown.
  in .SenseToLeds.SenseToLeds
Because:
Cannot find class: ptolemy.actor.ptalon.demo.ptinyos.SenseToLeds.MicaBoard. In Ptolemy, classes are typically Java .class files. Entities like actors may instead be defined within a .xml file.  In any case, the class was not found. If the class uses a third party package, then the class would be present only if the third party package was found at compile time.  It may be necessary to upgrade Java or install the third party package, reconfigure and recompile.
Because:
Element <entity name="MicaLeds" class="ptolemy.domains.ptinyos.lib.MicaLeds"> caused an exception to be thrown.
  in .MicaBoard
Because:
Cannot find class: ptolemy.domains.ptinyos.lib.MicaLeds. In Ptolemy, classes are typically Java .class files. Entities like actors may instead be defined within a .xml file.  In any case, the class was not found. If the class uses a third party package, then the class would be present only if the third party package was found at compile time.  It may be necessary to upgrade Java or install the third party package, reconfigure and recompile.
Because:
-- /home/travis/build/icyphy/ptII/ptolemy/actor/ptalon/demo/ptinyos/SenseToLeds/ptolemy/domains/ptinyos/lib/MicaLeds.xml (No such file or directory)
-- XML file not found relative to classpath.
-- /home/travis/build/icyphy/ptII/ptolemy/vergil/basic/export/test/ptolemy/domains/ptinyos/lib/MicaLeds.xml
/home/travis/build/icyphy/ptII/ptolemy/vergil/basic/export/test/ptolemy/domains/ptinyos/lib/MicaLeds.xml (No such file or directory)
 in file:/home/travis/build/icyphy/ptII/ptolemy/actor/ptalon/demo/ptinyos/SenseToLeds/MicaBoard.xml at line 134 and column 63
	at ptolemy.moml.SimpleErrorHandler.handleError(SimpleErrorHandler.java:75)
	at ptolemy.moml.MoMLParser.startElement(MoMLParser.java:3805)
	at com.microstar.xml.XmlParser.parseElement(XmlParser.java:931)
	at com.microstar.xml.XmlParser.parseDocument(XmlParser.java:481)
	at com.microstar.xml.XmlParser.doParse(XmlParser.java:159)
	at com.microstar.xml.XmlParser.parse(XmlParser.java:132)
	at ptolemy.moml.MoMLParser.parse(MoMLParser.java:1660)
	at ptolemy.moml.MoMLParser.parse(MoMLParser.java:1617)
	at ptolemy.moml.MoMLParser.parse(MoMLParser.java:1792)
	at ptolemy.actor.ptalon.PtalonEvaluator.addActor(PtalonEvaluator.java:241)
	... 56 more
Caused by: ptolemy.kernel.util.IllegalActionException: Cannot find class: ptolemy.actor.ptalon.demo.ptinyos.SenseToLeds.MicaBoard. In Ptolemy, classes are typically Java .class files. Entities like actors may instead be defined within a .xml file.  In any case, the class was not found. If the class uses a third party package, then the class would be present only if the third party package was found at compile time.  It may be necessary to upgrade Java or install the third party package, reconfigure and recompile.
Because:
Element <entity name="MicaLeds" class="ptolemy.domains.ptinyos.lib.MicaLeds"> caused an exception to be thrown.
  in .MicaBoard
Because:
Cannot find class: ptolemy.domains.ptinyos.lib.MicaLeds. In Ptolemy, classes are typically Java .class files. Entities like actors may instead be defined within a .xml file.  In any case, the class was not found. If the class uses a third party package, then the class would be present only if the third party package was found at compile time.  It may be necessary to upgrade Java or install the third party package, reconfigure and recompile.
Because:
-- /home/travis/build/icyphy/ptII/ptolemy/actor/ptalon/demo/ptinyos/SenseToLeds/ptolemy/domains/ptinyos/lib/MicaLeds.xml (No such file or directory)
-- XML file not found relative to classpath.
-- /home/travis/build/icyphy/ptII/ptolemy/vergil/basic/export/test/ptolemy/domains/ptinyos/lib/MicaLeds.xml
/home/travis/build/icyphy/ptII/ptolemy/vergil/basic/export/test/ptolemy/domains/ptinyos/lib/MicaLeds.xml (No such file or directory)
 in file:/home/travis/build/icyphy/ptII/ptolemy/actor/ptalon/demo/ptinyos/SenseToLeds/MicaBoard.xml at line 134 and column 63
	at ptolemy.moml.MoMLParser._createEntity(MoMLParser.java:4330)
	at ptolemy.moml.MoMLParser.startElement(MoMLParser.java:2864)
	... 64 more
Caused by: ptolemy.kernel.util.InternalErrorException: Element <entity name="MicaLeds" class="ptolemy.domains.ptinyos.lib.MicaLeds"> caused an exception to be thrown.
  in .MicaBoard
Because:
Cannot find class: ptolemy.domains.ptinyos.lib.MicaLeds. In Ptolemy, classes are typically Java .class files. Entities like actors may instead be defined within a .xml file.  In any case, the class was not found. If the class uses a third party package, then the class would be present only if the third party package was found at compile time.  It may be necessary to upgrade Java or install the third party package, reconfigure and recompile.
Because:
-- /home/travis/build/icyphy/ptII/ptolemy/actor/ptalon/demo/ptinyos/SenseToLeds/ptolemy/domains/ptinyos/lib/MicaLeds.xml (No such file or directory)
-- XML file not found relative to classpath.
-- /home/travis/build/icyphy/ptII/ptolemy/vergil/basic/export/test/ptolemy/domains/ptinyos/lib/MicaLeds.xml
/home/travis/build/icyphy/ptII/ptolemy/vergil/basic/export/test/ptolemy/domains/ptinyos/lib/MicaLeds.xml (No such file or directory)
 in file:/home/travis/build/icyphy/ptII/ptolemy/actor/ptalon/demo/ptinyos/SenseToLeds/MicaBoard.xml at line 134 and column 63
	at ptolemy.moml.SimpleErrorHandler.handleError(SimpleErrorHandler.java:75)
	at ptolemy.moml.MoMLParser.startElement(MoMLParser.java:3805)
	at com.microstar.xml.XmlParser.parseElement(XmlParser.java:921)
	at com.microstar.xml.XmlParser.parseContent(XmlParser.java:1104)
	at com.microstar.xml.XmlParser.parseElement(XmlParser.java:924)
	at com.microstar.xml.XmlParser.parseDocument(XmlParser.java:481)
	at com.microstar.xml.XmlParser.doParse(XmlParser.java:159)
	at com.microstar.xml.XmlParser.parse(XmlParser.java:132)
	at ptolemy.moml.MoMLParser.parse(MoMLParser.java:1676)
	at ptolemy.moml.MoMLParser.parse(MoMLParser.java:1595)
	at ptolemy.moml.MoMLParser.parse(MoMLParser.java:1537)
	at ptolemy.moml.MoMLParser._findOrParse(MoMLParser.java:5286)
	at ptolemy.moml.MoMLParser._attemptToFindMoMLClass(MoMLParser.java:4075)
	at ptolemy.moml.MoMLParser._createEntity(MoMLParser.java:4323)
	... 65 more
Caused by: ptolemy.kernel.util.IllegalActionException: Cannot find class: ptolemy.domains.ptinyos.lib.MicaLeds. In Ptolemy, classes are typically Java .class files. Entities like actors may instead be defined within a .xml file.  In any case, the class was not found. If the class uses a third party package, then the class would be present only if the third party package was found at compile time.  It may be necessary to upgrade Java or install the third party package, reconfigure and recompile.
Because:
-- /home/travis/build/icyphy/ptII/ptolemy/actor/ptalon/demo/ptinyos/SenseToLeds/ptolemy/domains/ptinyos/lib/MicaLeds.xml (No such file or directory)
-- XML file not found relative to classpath.
-- /home/travis/build/icyphy/ptII/ptolemy/vergil/basic/export/test/ptolemy/domains/ptinyos/lib/MicaLeds.xml
/home/travis/build/icyphy/ptII/ptolemy/vergil/basic/export/test/ptolemy/domains/ptinyos/lib/MicaLeds.xml (No such file or directory)
 in file:/home/travis/build/icyphy/ptII/ptolemy/actor/ptalon/demo/ptinyos/SenseToLeds/MicaBoard.xml at line 134 and column 63
	at ptolemy.moml.MoMLParser._createEntity(MoMLParser.java:4330)
	at ptolemy.moml.MoMLParser.startElement(MoMLParser.java:2864)
	... 77 more
Caused by: com.microstar.xml.XmlException: -- /home/travis/build/icyphy/ptII/ptolemy/actor/ptalon/demo/ptinyos/SenseToLeds/ptolemy/domains/ptinyos/lib/MicaLeds.xml (No such file or directory)
-- XML file not found relative to classpath.
-- /home/travis/build/icyphy/ptII/ptolemy/vergil/basic/export/test/ptolemy/domains/ptinyos/lib/MicaLeds.xml
/home/travis/build/icyphy/ptII/ptolemy/vergil/basic/export/test/ptolemy/domains/ptinyos/lib/MicaLeds.xml (No such file or directory)
 in file:/home/travis/build/icyphy/ptII/ptolemy/actor/ptalon/demo/ptinyos/SenseToLeds/MicaBoard.xml at line 134 and column 63
	at ptolemy.moml.MoMLParser.fileNameToURL(MoMLParser.java:1414)
	at ptolemy.moml.MoMLParser._findOrParse(MoMLParser.java:5283)
	at ptolemy.moml.MoMLParser._attemptToFindMoMLClass(MoMLParser.java:4075)
	at ptolemy.moml.MoMLParser._createEntity(MoMLParser.java:4323)
	... 78 more
Failed to read file:/home/travis/build/icyphy/ptII/ptolemy/actor/ptalon/demo/ptinyos/SenseToLeds/SenseToLeds.xml
ptolemy.kernel.util.IllegalActionException: Failed to process attribute change to PtalonParameter, whose value is "ptolemy.actor.ptalon.PtalonExpressionParameter {.SenseToLeds.SenseToLeds.n} 2".
  in .SenseToLeds.SenseToLeds
Because:
Unable to add actor null
	at ptolemy.actor.ptalon.PtalonActor.attributeChanged(PtalonActor.java:211)
	at ptolemy.actor.ptalon.PtalonMLHandler.startElement(PtalonMLHandler.java:134)
	at com.microstar.xml.XmlParser.parseElement(XmlParser.java:921)
	at com.microstar.xml.XmlParser.parseContent(XmlParser.java:1104)
	at com.microstar.xml.XmlParser.parseElement(XmlParser.java:924)
	at com.microstar.xml.XmlParser.parseDocument(XmlParser.java:481)
	at com.microstar.xml.XmlParser.doParse(XmlParser.java:159)
	at com.microstar.xml.XmlParser.parse(XmlParser.java:132)
	at ptolemy.actor.ptalon.PtalonActor.configure(PtalonActor.java:240)
	at ptolemy.moml.MoMLParser.endElement(MoMLParser.java:996)
	at com.microstar.xml.XmlParser.parseETag(XmlParser.java:1026)
	at com.microstar.xml.XmlParser.parseContent(XmlParser.java:1098)
	at com.microstar.xml.XmlParser.parseElement(XmlParser.java:924)
	at com.microstar.xml.XmlParser.parseContent(XmlParser.java:1104)
	at com.microstar.xml.XmlParser.parseElement(XmlParser.java:924)
	at com.microstar.xml.XmlParser.parseContent(XmlParser.java:1104)
	at com.microstar.xml.XmlParser.parseElement(XmlParser.java:924)
	at com.microstar.xml.XmlParser.parseDocument(XmlParser.java:481)
	at com.microstar.xml.XmlParser.doParse(XmlParser.java:159)
	at com.microstar.xml.XmlParser.parse(XmlParser.java:132)
	at ptolemy.moml.MoMLParser.parse(MoMLParser.java:1676)
	at ptolemy.moml.MoMLParser.parse(MoMLParser.java:1595)
	at ptolemy.moml.MoMLParser.parse(MoMLParser.java:1537)
	at ptolemy.actor.gui.PtolemyEffigy$Factory.createEffigy(PtolemyEffigy.java:424)
	at ptolemy.actor.gui.EffigyFactory.createEffigy(EffigyFactory.java:234)
	at ptolemy.actor.gui.Configuration.openModel(Configuration.java:1125)
	at ptolemy.actor.gui.Configuration.openModel(Configuration.java:1051)
	at ptolemy.actor.gui.ConfigurationApplication._openModel(ConfigurationApplication.java:1252)
	at ptolemy.actor.gui.ConfigurationApplication._parseArg(ConfigurationApplication.java:1399)
	at ptolemy.actor.gui.ConfigurationApplication._parseArgs(ConfigurationApplication.java:1478)
	at ptolemy.actor.gui.ConfigurationApplication.<init>(ConfigurationApplication.java:277)
	at ptolemy.actor.gui.ConfigurationApplication.<init>(ConfigurationApplication.java:214)
	at ptolemy.actor.gui.ConfigurationApplication.<init>(ConfigurationApplication.java:201)
	at ptolemy.actor.gui.ConfigurationApplication.openModelOrEntity(ConfigurationApplication.java:680)
	at ptolemy.vergil.basic.export.ExportModel$1.run(ExportModel.java:220)
	at java.awt.event.InvocationEvent.dispatch(InvocationEvent.java:301)
	at java.awt.EventQueue.dispatchEventImpl(EventQueue.java:756)
	at java.awt.EventQueue.access$500(EventQueue.java:97)
	at java.awt.EventQueue$3.run(EventQueue.java:709)
	at java.awt.EventQueue$3.run(EventQueue.java:703)
	at java.security.AccessController.doPrivileged(Native Method)
	at java.security.ProtectionDomain$JavaSecurityAccessImpl.doIntersectionPrivilege(ProtectionDomain.java:80)
	at java.awt.EventQueue.dispatchEvent(EventQueue.java:726)
	at java.awt.EventDispatchThread.pumpOneEventForFilters(EventDispatchThread.java:201)
	at java.awt.EventDispatchThread.pumpEventsForFilter(EventDispatchThread.java:116)
	at java.awt.EventDispatchThread.pumpEventsForHierarchy(EventDispatchThread.java:105)
	at java.awt.EventDispatchThread.pumpEvents(EventDispatchThread.java:101)
	at java.awt.EventDispatchThread.pumpEvents(EventDispatchThread.java:93)
	at java.awt.EventDispatchThread.run(EventDispatchThread.java:82)
Caused by: ptolemy.actor.ptalon.PtalonRuntimeException: Unable to add actor null
	at ptolemy.actor.ptalon.PtalonEvaluator.addActor(PtalonEvaluator.java:300)
	at ptolemy.actor.ptalon.PtalonPopulator.actor_declaration(PtalonPopulator.java:1574)
	at ptolemy.actor.ptalon.PtalonPopulator.atomic_statement(PtalonPopulator.java:1638)
	at ptolemy.actor.ptalon.PtalonPopulator.iterative_statement_evaluator(PtalonPopulator.java:2484)
	at ptolemy.actor.ptalon.AbstractPtalonEvaluator$IfTree.evaluateForScope(AbstractPtalonEvaluator.java:1307)
	at ptolemy.actor.ptalon.AbstractPtalonEvaluator.evaluateForScope(AbstractPtalonEvaluator.java:744)
	at ptolemy.actor.ptalon.PtalonPopulator.iterative_statement(PtalonPopulator.java:2363)
	at ptolemy.actor.ptalon.PtalonPopulator.actor_definition(PtalonPopulator.java:2809)
	at ptolemy.actor.ptalon.PtalonActor.attributeChanged(PtalonActor.java:206)
	... 48 more
Caused by: ptolemy.kernel.util.InternalErrorException: Element <entity name="node1" class="ptolemy.actor.ptalon.demo.ptinyos.SenseToLeds.MicaBoard"> caused an exception to be thrown.
  in .SenseToLeds.SenseToLeds
Because:
Cannot find class: ptolemy.actor.ptalon.demo.ptinyos.SenseToLeds.MicaBoard. In Ptolemy, classes are typically Java .class files. Entities like actors may instead be defined within a .xml file.  In any case, the class was not found. If the class uses a third party package, then the class would be present only if the third party package was found at compile time.  It may be necessary to upgrade Java or install the third party package, reconfigure and recompile.
Because:
Element <entity name="MicaLeds" class="ptolemy.domains.ptinyos.lib.MicaLeds"> caused an exception to be thrown.
  in .MicaBoard
Because:
Cannot find class: ptolemy.domains.ptinyos.lib.MicaLeds. In Ptolemy, classes are typically Java .class files. Entities like actors may instead be defined within a .xml file.  In any case, the class was not found. If the class uses a third party package, then the class would be present only if the third party package was found at compile time.  It may be necessary to upgrade Java or install the third party package, reconfigure and recompile.
Because:
-- /home/travis/build/icyphy/ptII/ptolemy/actor/ptalon/demo/ptinyos/SenseToLeds/ptolemy/domains/ptinyos/lib/MicaLeds.xml (No such file or directory)
-- XML file not found relative to classpath.
-- /home/travis/build/icyphy/ptII/ptolemy/vergil/basic/export/test/ptolemy/domains/ptinyos/lib/MicaLeds.xml
/home/travis/build/icyphy/ptII/ptolemy/vergil/basic/export/test/ptolemy/domains/ptinyos/lib/MicaLeds.xml (No such file or directory)
 in file:/home/travis/build/icyphy/ptII/ptolemy/actor/ptalon/demo/ptinyos/SenseToLeds/MicaBoard.xml at line 134 and column 63
	at ptolemy.moml.SimpleErrorHandler.handleError(SimpleErrorHandler.java:75)
	at ptolemy.moml.MoMLParser.startElement(MoMLParser.java:3805)
	at com.microstar.xml.XmlParser.parseElement(XmlParser.java:931)
	at com.microstar.xml.XmlParser.parseDocument(XmlParser.java:481)
	at com.microstar.xml.XmlParser.doParse(XmlParser.java:159)
	at com.microstar.xml.XmlParser.parse(XmlParser.java:132)
	at ptolemy.moml.MoMLParser.parse(MoMLParser.java:1660)
	at ptolemy.moml.MoMLParser.parse(MoMLParser.java:1617)
	at ptolemy.moml.MoMLParser.parse(MoMLParser.java:1792)
	at ptolemy.actor.ptalon.PtalonEvaluator.addActor(PtalonEvaluator.java:241)
	... 56 more
Caused by: ptolemy.kernel.util.IllegalActionException: Cannot find class: ptolemy.actor.ptalon.demo.ptinyos.SenseToLeds.MicaBoard. In Ptolemy, classes are typically Java .class files. Entities like actors may instead be defined within a .xml file.  In any case, the class was not found. If the class uses a third party package, then the class would be present only if the third party package was found at compile time.  It may be necessary to upgrade Java or install the third party package, reconfigure and recompile.
Because:
Element <entity name="MicaLeds" class="ptolemy.domains.ptinyos.lib.MicaLeds"> caused an exception to be thrown.
  in .MicaBoard
Because:
Cannot find class: ptolemy.domains.ptinyos.lib.MicaLeds. In Ptolemy, classes are typically Java .class files. Entities like actors may instead be defined within a .xml file.  In any case, the class was not found. If the class uses a third party package, then the class would be present only if the third party package was found at compile time.  It may be necessary to upgrade Java or install the third party package, reconfigure and recompile.
Because:
-- /home/travis/build/icyphy/ptII/ptolemy/actor/ptalon/demo/ptinyos/SenseToLeds/ptolemy/domains/ptinyos/lib/MicaLeds.xml (No such file or directory)
-- XML file not found relative to classpath.
-- /home/travis/build/icyphy/ptII/ptolemy/vergil/basic/export/test/ptolemy/domains/ptinyos/lib/MicaLeds.xml
/home/travis/build/icyphy/ptII/ptolemy/vergil/basic/export/test/ptolemy/domains/ptinyos/lib/MicaLeds.xml (No such file or directory)
 in file:/home/travis/build/icyphy/ptII/ptolemy/actor/ptalon/demo/ptinyos/SenseToLeds/MicaBoard.xml at line 134 and column 63
	at ptolemy.moml.MoMLParser._createEntity(MoMLParser.java:4330)
	at ptolemy.moml.MoMLParser.startElement(MoMLParser.java:2864)
	... 64 more
Caused by: ptolemy.kernel.util.InternalErrorException: Element <entity name="MicaLeds" class="ptolemy.domains.ptinyos.lib.MicaLeds"> caused an exception to be thrown.
  in .MicaBoard
Because:
Cannot find class: ptolemy.domains.ptinyos.lib.MicaLeds. In Ptolemy, classes are typically Java .class files. Entities like actors may instead be defined within a .xml file.  In any case, the class was not found. If the class uses a third party package, then the class would be present only if the third party package was found at compile time.  It may be necessary to upgrade Java or install the third party package, reconfigure and recompile.
Because:
-- /home/travis/build/icyphy/ptII/ptolemy/actor/ptalon/demo/ptinyos/SenseToLeds/ptolemy/domains/ptinyos/lib/MicaLeds.xml (No such file or directory)
-- XML file not found relative to classpath.
-- /home/travis/build/icyphy/ptII/ptolemy/vergil/basic/export/test/ptolemy/domains/ptinyos/lib/MicaLeds.xml
/home/travis/build/icyphy/ptII/ptolemy/vergil/basic/export/test/ptolemy/domains/ptinyos/lib/MicaLeds.xml (No such file or directory)
 in file:/home/travis/build/icyphy/ptII/ptolemy/actor/ptalon/demo/ptinyos/SenseToLeds/MicaBoard.xml at line 134 and column 63
	at ptolemy.moml.SimpleErrorHandler.handleError(SimpleErrorHandler.java:75)
	at ptolemy.moml.MoMLParser.startElement(MoMLParser.java:3805)
	at com.microstar.xml.XmlParser.parseElement(XmlParser.java:921)
	at com.microstar.xml.XmlParser.parseContent(XmlParser.java:1104)
	at com.microstar.xml.XmlParser.parseElement(XmlParser.java:924)
	at com.microstar.xml.XmlParser.parseDocument(XmlParser.java:481)
	at com.microstar.xml.XmlParser.doParse(XmlParser.java:159)
	at com.microstar.xml.XmlParser.parse(XmlParser.java:132)
	at ptolemy.moml.MoMLParser.parse(MoMLParser.java:1676)
	at ptolemy.moml.MoMLParser.parse(MoMLParser.java:1595)
	at ptolemy.moml.MoMLParser.parse(MoMLParser.java:1537)
	at ptolemy.moml.MoMLParser._findOrParse(MoMLParser.java:5286)
	at ptolemy.moml.MoMLParser._attemptToFindMoMLClass(MoMLParser.java:4075)
	at ptolemy.moml.MoMLParser._createEntity(MoMLParser.java:4323)
	... 65 more
Caused by: ptolemy.kernel.util.IllegalActionException: Cannot find class: ptolemy.domains.ptinyos.lib.MicaLeds. In Ptolemy, classes are typically Java .class files. Entities like actors may instead be defined within a .xml file.  In any case, the class was not found. If the class uses a third party package, then the class would be present only if the third party package was found at compile time.  It may be necessary to upgrade Java or install the third party package, reconfigure and recompile.
Because:
-- /home/travis/build/icyphy/ptII/ptolemy/actor/ptalon/demo/ptinyos/SenseToLeds/ptolemy/domains/ptinyos/lib/MicaLeds.xml (No such file or directory)
-- XML file not found relative to classpath.
-- /home/travis/build/icyphy/ptII/ptolemy/vergil/basic/export/test/ptolemy/domains/ptinyos/lib/MicaLeds.xml
/home/travis/build/icyphy/ptII/ptolemy/vergil/basic/export/test/ptolemy/domains/ptinyos/lib/MicaLeds.xml (No such file or directory)
 in file:/home/travis/build/icyphy/ptII/ptolemy/actor/ptalon/demo/ptinyos/SenseToLeds/MicaBoard.xml at line 134 and column 63
	at ptolemy.moml.MoMLParser._createEntity(MoMLParser.java:4330)
	at ptolemy.moml.MoMLParser.startElement(MoMLParser.java:2864)
	... 77 more
Caused by: com.microstar.xml.XmlException: -- /home/travis/build/icyphy/ptII/ptolemy/actor/ptalon/demo/ptinyos/SenseToLeds/ptolemy/domains/ptinyos/lib/MicaLeds.xml (No such file or directory)
-- XML file not found relative to classpath.
-- /home/travis/build/icyphy/ptII/ptolemy/vergil/basic/export/test/ptolemy/domains/ptinyos/lib/MicaLeds.xml
/home/travis/build/icyphy/ptII/ptolemy/vergil/basic/export/test/ptolemy/domains/ptinyos/lib/MicaLeds.xml (No such file or directory)
 in file:/home/travis/build/icyphy/ptII/ptolemy/actor/ptalon/demo/ptinyos/SenseToLeds/MicaBoard.xml at line 134 and column 63
	at ptolemy.moml.MoMLParser.fileNameToURL(MoMLParser.java:1414)
	at ptolemy.moml.MoMLParser._findOrParse(MoMLParser.java:5283)
	at ptolemy.moml.MoMLParser._attemptToFindMoMLClass(MoMLParser.java:4075)
	at ptolemy.moml.MoMLParser._createEntity(MoMLParser.java:4323)
	... 78 more
Caused by: ptolemy.actor.ptalon.PtalonRuntimeException: Unable to add actor null
	at ptolemy.actor.ptalon.PtalonEvaluator.addActor(PtalonEvaluator.java:300)
	at ptolemy.actor.ptalon.PtalonPopulator.actor_declaration(PtalonPopulator.java:1574)
	at ptolemy.actor.ptalon.PtalonPopulator.atomic_statement(PtalonPopulator.java:1638)
	at ptolemy.actor.ptalon.PtalonPopulator.iterative_statement_evaluator(PtalonPopulator.java:2484)
	at ptolemy.actor.ptalon.AbstractPtalonEvaluator$IfTree.evaluateForScope(AbstractPtalonEvaluator.java:1307)
	at ptolemy.actor.ptalon.AbstractPtalonEvaluator.evaluateForScope(AbstractPtalonEvaluator.java:744)
	at ptolemy.actor.ptalon.PtalonPopulator.iterative_statement(PtalonPopulator.java:2363)
	at ptolemy.actor.ptalon.PtalonPopulator.actor_definition(PtalonPopulator.java:2809)
	at ptolemy.actor.ptalon.PtalonActor.attributeChanged(PtalonActor.java:206)
	at ptolemy.actor.ptalon.PtalonMLHandler.startElement(PtalonMLHandler.java:134)
	at com.microstar.xml.XmlParser.parseElement(XmlParser.java:921)
	at com.microstar.xml.XmlParser.parseContent(XmlParser.java:1104)
	at com.microstar.xml.XmlParser.parseElement(XmlParser.java:924)
	at com.microstar.xml.XmlParser.parseDocument(XmlParser.java:481)
	at com.microstar.xml.XmlParser.doParse(XmlParser.java:159)
	at com.microstar.xml.XmlParser.parse(XmlParser.java:132)
	at ptolemy.actor.ptalon.PtalonActor.configure(PtalonActor.java:240)
	at ptolemy.moml.MoMLParser.endElement(MoMLParser.java:996)
	at com.microstar.xml.XmlParser.parseETag(XmlParser.java:1026)
	at com.microstar.xml.XmlParser.parseContent(XmlParser.java:1098)
	at com.microstar.xml.XmlParser.parseElement(XmlParser.java:924)
	at com.microstar.xml.XmlParser.parseContent(XmlParser.java:1104)
	at com.microstar.xml.XmlParser.parseElement(XmlParser.java:924)
	at com.microstar.xml.XmlParser.parseContent(XmlParser.java:1104)
	at com.microstar.xml.XmlParser.parseElement(XmlParser.java:924)
	at com.microstar.xml.XmlParser.parseDocument(XmlParser.java:481)
	at com.microstar.xml.XmlParser.doParse(XmlParser.java:159)
	at com.microstar.xml.XmlParser.parse(XmlParser.java:132)
	at ptolemy.moml.MoMLParser.parse(MoMLParser.java:1676)
	at ptolemy.moml.MoMLParser.parse(MoMLParser.java:1595)
	at ptolemy.moml.MoMLParser.parse(MoMLParser.java:1537)
	at ptolemy.actor.gui.PtolemyEffigy$Factory.createEffigy(PtolemyEffigy.java:424)
	at ptolemy.actor.gui.EffigyFactory.createEffigy(EffigyFactory.java:234)
	at ptolemy.actor.gui.Configuration.openModel(Configuration.java:1125)
	at ptolemy.actor.gui.Configuration.openModel(Configuration.java:1051)
	at ptolemy.actor.gui.ConfigurationApplication._openModel(ConfigurationApplication.java:1252)
	at ptolemy.actor.gui.ConfigurationApplication._parseArg(ConfigurationApplication.java:1399)
	at ptolemy.actor.gui.ConfigurationApplication._parseArgs(ConfigurationApplication.java:1478)
	at ptolemy.actor.gui.ConfigurationApplication.<init>(ConfigurationApplication.java:277)
	at ptolemy.actor.gui.ConfigurationApplication.<init>(ConfigurationApplication.java:214)
	at ptolemy.actor.gui.ConfigurationApplication.<init>(ConfigurationApplication.java:201)
	at ptolemy.actor.gui.ConfigurationApplication.openModelOrEntity(ConfigurationApplication.java:680)
	at ptolemy.vergil.basic.export.ExportModel$1.run(ExportModel.java:220)
	at java.awt.event.InvocationEvent.dispatch(InvocationEvent.java:301)
	at java.awt.EventQueue.dispatchEventImpl(EventQueue.java:756)
	at java.awt.EventQueue.access$500(EventQueue.java:97)
	at java.awt.EventQueue$3.run(EventQueue.java:709)
	at java.awt.EventQueue$3.run(EventQueue.java:703)
	at java.security.AccessController.doPrivileged(Native Method)
	at java.security.ProtectionDomain$JavaSecurityAccessImpl.doIntersectionPrivilege(ProtectionDomain.java:80)
	at java.awt.EventQueue.dispatchEvent(EventQueue.java:726)
	at java.awt.EventDispatchThread.pumpOneEventForFilters(EventDispatchThread.java:201)
	at java.awt.EventDispatchThread.pumpEventsForFilter(EventDispatchThread.java:116)
	at java.awt.EventDispatchThread.pumpEventsForHierarchy(EventDispatchThread.java:105)
	at java.awt.EventDispatchThread.pumpEvents(EventDispatchThread.java:101)
	at java.awt.EventDispatchThread.pumpEvents(EventDispatchThread.java:93)
	at java.awt.EventDispatchThread.run(EventDispatchThread.java:82)
Caused by: ptolemy.kernel.util.InternalErrorException: Element <entity name="node1" class="ptolemy.actor.ptalon.demo.ptinyos.SenseToLeds.MicaBoard"> caused an exception to be thrown.
  in .SenseToLeds.SenseToLeds
Because:
Cannot find class: ptolemy.actor.ptalon.demo.ptinyos.SenseToLeds.MicaBoard. In Ptolemy, classes are typically Java .class files. Entities like actors may instead be defined within a .xml file.  In any case, the class was not found. If the class uses a third party package, then the class would be present only if the third party package was found at compile time.  It may be necessary to upgrade Java or install the third party package, reconfigure and recompile.
Because:
Element <entity name="MicaLeds" class="ptolemy.domains.ptinyos.lib.MicaLeds"> caused an exception to be thrown.
  in .MicaBoard
Because:
Cannot find class: ptolemy.domains.ptinyos.lib.MicaLeds. In Ptolemy, classes are typically Java .class files. Entities like actors may instead be defined within a .xml file.  In any case, the class was not found. If the class uses a third party package, then the class would be present only if the third party package was found at compile time.  It may be necessary to upgrade Java or install the third party package, reconfigure and recompile.
Because:
-- /home/travis/build/icyphy/ptII/ptolemy/actor/ptalon/demo/ptinyos/SenseToLeds/ptolemy/domains/ptinyos/lib/MicaLeds.xml (No such file or directory)
-- XML file not found relative to classpath.
-- /home/travis/build/icyphy/ptII/ptolemy/vergil/basic/export/test/ptolemy/domains/ptinyos/lib/MicaLeds.xml
/home/travis/build/icyphy/ptII/ptolemy/vergil/basic/export/test/ptolemy/domains/ptinyos/lib/MicaLeds.xml (No such file or directory)
 in file:/home/travis/build/icyphy/ptII/ptolemy/actor/ptalon/demo/ptinyos/SenseToLeds/MicaBoard.xml at line 134 and column 63
	at ptolemy.moml.SimpleErrorHandler.handleError(SimpleErrorHandler.java:75)
	at ptolemy.moml.MoMLParser.startElement(MoMLParser.java:3805)
	at com.microstar.xml.XmlParser.parseElement(XmlParser.java:931)
	at com.microstar.xml.XmlParser.parseDocument(XmlParser.java:481)
	at com.microstar.xml.XmlParser.doParse(XmlParser.java:159)
	at com.microstar.xml.XmlParser.parse(XmlParser.java:132)
	at ptolemy.moml.MoMLParser.parse(MoMLParser.java:1660)
	at ptolemy.moml.MoMLParser.parse(MoMLParser.java:1617)
	at ptolemy.moml.MoMLParser.parse(MoMLParser.java:1792)
	at ptolemy.actor.ptalon.PtalonEvaluator.addActor(PtalonEvaluator.java:241)
	... 56 more
Caused by: ptolemy.kernel.util.IllegalActionException: Cannot find class: ptolemy.actor.ptalon.demo.ptinyos.SenseToLeds.MicaBoard. In Ptolemy, classes are typically Java .class files. Entities like actors may instead be defined within a .xml file.  In any case, the class was not found. If the class uses a third party package, then the class would be present only if the third party package was found at compile time.  It may be necessary to upgrade Java or install the third party package, reconfigure and recompile.
Because:
Element <entity name="MicaLeds" class="ptolemy.domains.ptinyos.lib.MicaLeds"> caused an exception to be thrown.
  in .MicaBoard
Because:
Cannot find class: ptolemy.domains.ptinyos.lib.MicaLeds. In Ptolemy, classes are typically Java .class files. Entities like actors may instead be defined within a .xml file.  In any case, the class was not found. If the class uses a third party package, then the class would be present only if the third party package was found at compile time.  It may be necessary to upgrade Java or install the third party package, reconfigure and recompile.
Because:
-- /home/travis/build/icyphy/ptII/ptolemy/actor/ptalon/demo/ptinyos/SenseToLeds/ptolemy/domains/ptinyos/lib/MicaLeds.xml (No such file or directory)
-- XML file not found relative to classpath.
-- /home/travis/build/icyphy/ptII/ptolemy/vergil/basic/export/test/ptolemy/domains/ptinyos/lib/MicaLeds.xml
/home/travis/build/icyphy/ptII/ptolemy/vergil/basic/export/test/ptolemy/domains/ptinyos/lib/MicaLeds.xml (No such file or directory)
 in file:/home/travis/build/icyphy/ptII/ptolemy/actor/ptalon/demo/ptinyos/SenseToLeds/MicaBoard.xml at line 134 and column 63
	at ptolemy.moml.MoMLParser._createEntity(MoMLParser.java:4330)
	at ptolemy.moml.MoMLParser.startElement(MoMLParser.java:2864)
	... 64 more
Caused by: ptolemy.kernel.util.InternalErrorException: Element <entity name="MicaLeds" class="ptolemy.domains.ptinyos.lib.MicaLeds"> caused an exception to be thrown.
  in .MicaBoard
Because:
Cannot find class: ptolemy.domains.ptinyos.lib.MicaLeds. In Ptolemy, classes are typically Java .class files. Entities like actors may instead be defined within a .xml file.  In any case, the class was not found. If the class uses a third party package, then the class would be present only if the third party package was found at compile time.  It may be necessary to upgrade Java or install the third party package, reconfigure and recompile.
Because:
-- /home/travis/build/icyphy/ptII/ptolemy/actor/ptalon/demo/ptinyos/SenseToLeds/ptolemy/domains/ptinyos/lib/MicaLeds.xml (No such file or directory)
-- XML file not found relative to classpath.
-- /home/travis/build/icyphy/ptII/ptolemy/vergil/basic/export/test/ptolemy/domains/ptinyos/lib/MicaLeds.xml
/home/travis/build/icyphy/ptII/ptolemy/vergil/basic/export/test/ptolemy/domains/ptinyos/lib/MicaLeds.xml (No such file or directory)
 in file:/home/travis/build/icyphy/ptII/ptolemy/actor/ptalon/demo/ptinyos/SenseToLeds/MicaBoard.xml at line 134 and column 63
	at ptolemy.moml.SimpleErrorHandler.handleError(SimpleErrorHandler.java:75)
	at ptolemy.moml.MoMLParser.startElement(MoMLParser.java:3805)
	at com.microstar.xml.XmlParser.parseElement(XmlParser.java:921)
	at com.microstar.xml.XmlParser.parseContent(XmlParser.java:1104)
	at com.microstar.xml.XmlParser.parseElement(XmlParser.java:924)
	at com.microstar.xml.XmlParser.parseDocument(XmlParser.java:481)
	at com.microstar.xml.XmlParser.doParse(XmlParser.java:159)
	at com.microstar.xml.XmlParser.parse(XmlParser.java:132)
	at ptolemy.moml.MoMLParser.parse(MoMLParser.java:1676)
	at ptolemy.moml.MoMLParser.parse(MoMLParser.java:1595)
	at ptolemy.moml.MoMLParser.parse(MoMLParser.java:1537)
	at ptolemy.moml.MoMLParser._findOrParse(MoMLParser.java:5286)
	at ptolemy.moml.MoMLParser._attemptToFindMoMLClass(MoMLParser.java:4075)
	at ptolemy.moml.MoMLParser._createEntity(MoMLParser.java:4323)
	... 65 more
Caused by: ptolemy.kernel.util.IllegalActionException: Cannot find class: ptolemy.domains.ptinyos.lib.MicaLeds. In Ptolemy, classes are typically Java .class files. Entities like actors may instead be defined within a .xml file.  In any case, the class was not found. If the class uses a third party package, then the class would be present only if the third party package was found at compile time.  It may be necessary to upgrade Java or install the third party package, reconfigure and recompile.
Because:
-- /home/travis/build/icyphy/ptII/ptolemy/actor/ptalon/demo/ptinyos/SenseToLeds/ptolemy/domains/ptinyos/lib/MicaLeds.xml (No such file or directory)
-- XML file not found relative to classpath.
-- /home/travis/build/icyphy/ptII/ptolemy/vergil/basic/export/test/ptolemy/domains/ptinyos/lib/MicaLeds.xml
/home/travis/build/icyphy/ptII/ptolemy/vergil/basic/export/test/ptolemy/domains/ptinyos/lib/MicaLeds.xml (No such file or directory)
 in file:/home/travis/build/icyphy/ptII/ptolemy/actor/ptalon/demo/ptinyos/SenseToLeds/MicaBoard.xml at line 134 and column 63
	at ptolemy.moml.MoMLParser._createEntity(MoMLParser.java:4330)
	at ptolemy.moml.MoMLParser.startElement(MoMLParser.java:2864)
	... 77 more
Caused by: com.microstar.xml.XmlException: -- /home/travis/build/icyphy/ptII/ptolemy/actor/ptalon/demo/ptinyos/SenseToLeds/ptolemy/domains/ptinyos/lib/MicaLeds.xml (No such file or directory)
-- XML file not found relative to classpath.
-- /home/travis/build/icyphy/ptII/ptolemy/vergil/basic/export/test/ptolemy/domains/ptinyos/lib/MicaLeds.xml
/home/travis/build/icyphy/ptII/ptolemy/vergil/basic/export/test/ptolemy/domains/ptinyos/lib/MicaLeds.xml (No such file or directory)
 in file:/home/travis/build/icyphy/ptII/ptolemy/actor/ptalon/demo/ptinyos/SenseToLeds/MicaBoard.xml at line 134 and column 63
	at ptolemy.moml.MoMLParser.fileNameToURL(MoMLParser.java:1414)
	at ptolemy.moml.MoMLParser._findOrParse(MoMLParser.java:5283)
	at ptolemy.moml.MoMLParser._attemptToFindMoMLClass(MoMLParser.java:4075)
	at ptolemy.moml.MoMLParser._createEntity(MoMLParser.java:4323)
	... 78 more
Failed to read file:/home/travis/build/icyphy/ptII/ptolemy/actor/ptalon/demo/ptinyos/SenseToLeds/SenseToLeds.xml
ptolemy.kernel.util.IllegalActionException: Failed to process attribute change to PtalonParameter, whose value is "ptolemy.actor.ptalon.PtalonExpressionParameter {.SenseToLeds.SenseToLeds.n} 2".
  in .SenseToLeds.SenseToLeds
Because:
Unable to add actor null
	at ptolemy.actor.ptalon.PtalonActor.attributeChanged(PtalonActor.java:211)
	at ptolemy.actor.ptalon.PtalonMLHandler.startElement(PtalonMLHandler.java:134)
	at com.microstar.xml.XmlParser.parseElement(XmlParser.java:921)
	at com.microstar.xml.XmlParser.parseContent(XmlParser.java:1104)
	at com.microstar.xml.XmlParser.parseElement(XmlParser.java:924)
	at com.microstar.xml.XmlParser.parseDocument(XmlParser.java:481)
	at com.microstar.xml.XmlParser.doParse(XmlParser.java:159)
	at com.microstar.xml.XmlParser.parse(XmlParser.java:132)
	at ptolemy.actor.ptalon.PtalonActor.configure(PtalonActor.java:240)
	at ptolemy.moml.MoMLParser.endElement(MoMLParser.java:996)
	at com.microstar.xml.XmlParser.parseETag(XmlParser.java:1026)
	at com.microstar.xml.XmlParser.parseContent(XmlParser.java:1098)
	at com.microstar.xml.XmlParser.parseElement(XmlParser.java:924)
	at com.microstar.xml.XmlParser.parseContent(XmlParser.java:1104)
	at com.microstar.xml.XmlParser.parseElement(XmlParser.java:924)
	at com.microstar.xml.XmlParser.parseContent(XmlParser.java:1104)
	at com.microstar.xml.XmlParser.parseElement(XmlParser.java:924)
	at com.microstar.xml.XmlParser.parseDocument(XmlParser.java:481)
	at com.microstar.xml.XmlParser.doParse(XmlParser.java:159)
	at com.microstar.xml.XmlParser.parse(XmlParser.java:132)
	at ptolemy.moml.MoMLParser.parse(MoMLParser.java:1676)
	at ptolemy.moml.MoMLParser.parse(MoMLParser.java:1595)
	at ptolemy.moml.MoMLParser.parse(MoMLParser.java:1537)
	at ptolemy.actor.gui.PtolemyEffigy$Factory.createEffigy(PtolemyEffigy.java:424)
	at ptolemy.actor.gui.EffigyFactory.createEffigy(EffigyFactory.java:234)
	at ptolemy.actor.gui.Configuration.openModel(Configuration.java:1125)
	at ptolemy.actor.gui.Configuration.openModel(Configuration.java:1051)
	at ptolemy.actor.gui.ConfigurationApplication._openModel(ConfigurationApplication.java:1252)
	at ptolemy.actor.gui.ConfigurationApplication._parseArg(ConfigurationApplication.java:1399)
	at ptolemy.actor.gui.ConfigurationApplication._parseArgs(ConfigurationApplication.java:1478)
	at ptolemy.actor.gui.ConfigurationApplication.<init>(ConfigurationApplication.java:277)
	at ptolemy.actor.gui.ConfigurationApplication.<init>(ConfigurationApplication.java:214)
	at ptolemy.actor.gui.ConfigurationApplication.<init>(ConfigurationApplication.java:201)
	at ptolemy.actor.gui.ConfigurationApplication.openModelOrEntity(ConfigurationApplication.java:680)
	at ptolemy.vergil.basic.export.ExportModel$1.run(ExportModel.java:220)
	at java.awt.event.InvocationEvent.dispatch(InvocationEvent.java:301)
	at java.awt.EventQueue.dispatchEventImpl(EventQueue.java:756)
	at java.awt.EventQueue.access$500(EventQueue.java:97)
	at java.awt.EventQueue$3.run(EventQueue.java:709)
	at java.awt.EventQueue$3.run(EventQueue.java:703)
	at java.security.AccessController.doPrivileged(Native Method)
	at java.security.ProtectionDomain$JavaSecurityAccessImpl.doIntersectionPrivilege(ProtectionDomain.java:80)
	at java.awt.EventQueue.dispatchEvent(EventQueue.java:726)
	at java.awt.EventDispatchThread.pumpOneEventForFilters(EventDispatchThread.java:201)
	at java.awt.EventDispatchThread.pumpEventsForFilter(EventDispatchThread.java:116)
	at java.awt.EventDispatchThread.pumpEventsForHierarchy(EventDispatchThread.java:105)
	at java.awt.EventDispatchThread.pumpEvents(EventDispatchThread.java:101)
	at java.awt.EventDispatchThread.pumpEvents(EventDispatchThread.java:93)
	at java.awt.EventDispatchThread.run(EventDispatchThread.java:82)
Caused by: ptolemy.actor.ptalon.PtalonRuntimeException: Unable to add actor null
	at ptolemy.actor.ptalon.PtalonEvaluator.addActor(PtalonEvaluator.java:300)
	at ptolemy.actor.ptalon.PtalonPopulator.actor_declaration(PtalonPopulator.java:1574)
	at ptolemy.actor.ptalon.PtalonPopulator.atomic_statement(PtalonPopulator.java:1638)
	at ptolemy.actor.ptalon.PtalonPopulator.iterative_statement_evaluator(PtalonPopulator.java:2484)
	at ptolemy.actor.ptalon.AbstractPtalonEvaluator$IfTree.evaluateForScope(AbstractPtalonEvaluator.java:1307)
	at ptolemy.actor.ptalon.AbstractPtalonEvaluator.evaluateForScope(AbstractPtalonEvaluator.java:744)
	at ptolemy.actor.ptalon.PtalonPopulator.iterative_statement(PtalonPopulator.java:2363)
	at ptolemy.actor.ptalon.PtalonPopulator.actor_definition(PtalonPopulator.java:2809)
	at ptolemy.actor.ptalon.PtalonActor.attributeChanged(PtalonActor.java:206)
	... 48 more
Caused by: ptolemy.kernel.util.InternalErrorException: Element <entity name="node1" class="ptolemy.actor.ptalon.demo.ptinyos.SenseToLeds.MicaBoard"> caused an exception to be thrown.
  in .SenseToLeds.SenseToLeds
Because:
Cannot find class: ptolemy.actor.ptalon.demo.ptinyos.SenseToLeds.MicaBoard. In Ptolemy, classes are typically Java .class files. Entities like actors may instead be defined within a .xml file.  In any case, the class was not found. If the class uses a third party package, then the class would be present only if the third party package was found at compile time.  It may be necessary to upgrade Java or install the third party package, reconfigure and recompile.
Because:
Element <entity name="MicaLeds" class="ptolemy.domains.ptinyos.lib.MicaLeds"> caused an exception to be thrown.
  in .MicaBoard
Because:
Cannot find class: ptolemy.domains.ptinyos.lib.MicaLeds. In Ptolemy, classes are typically Java .class files. Entities like actors may instead be defined within a .xml file.  In any case, the class was not found. If the class uses a third party package, then the class would be present only if the third party package was found at compile time.  It may be necessary to upgrade Java or install the third party package, reconfigure and recompile.
Because:
-- /home/travis/build/icyphy/ptII/ptolemy/actor/ptalon/demo/ptinyos/SenseToLeds/ptolemy/domains/ptinyos/lib/MicaLeds.xml (No such file or directory)
-- XML file not found relative to classpath.
-- /home/travis/build/icyphy/ptII/ptolemy/vergil/basic/export/test/ptolemy/domains/ptinyos/lib/MicaLeds.xml
/home/travis/build/icyphy/ptII/ptolemy/vergil/basic/export/test/ptolemy/domains/ptinyos/lib/MicaLeds.xml (No such file or directory)
 in file:/home/travis/build/icyphy/ptII/ptolemy/actor/ptalon/demo/ptinyos/SenseToLeds/MicaBoard.xml at line 134 and column 63
	at ptolemy.moml.SimpleErrorHandler.handleError(SimpleErrorHandler.java:75)
	at ptolemy.moml.MoMLParser.startElement(MoMLParser.java:3805)
	at com.microstar.xml.XmlParser.parseElement(XmlParser.java:931)
	at com.microstar.xml.XmlParser.parseDocument(XmlParser.java:481)
	at com.microstar.xml.XmlParser.doParse(XmlParser.java:159)
	at com.microstar.xml.XmlParser.parse(XmlParser.java:132)
	at ptolemy.moml.MoMLParser.parse(MoMLParser.java:1660)
	at ptolemy.moml.MoMLParser.parse(MoMLParser.java:1617)
	at ptolemy.moml.MoMLParser.parse(MoMLParser.java:1792)
	at ptolemy.actor.ptalon.PtalonEvaluator.addActor(PtalonEvaluator.java:241)
	... 56 more
Caused by: ptolemy.kernel.util.IllegalActionException: Cannot find class: ptolemy.actor.ptalon.demo.ptinyos.SenseToLeds.MicaBoard. In Ptolemy, classes are typically Java .class files. Entities like actors may instead be defined within a .xml file.  In any case, the class was not found. If the class uses a third party package, then the class would be present only if the third party package was found at compile time.  It may be necessary to upgrade Java or install the third party package, reconfigure and recompile.
Because:
Element <entity name="MicaLeds" class="ptolemy.domains.ptinyos.lib.MicaLeds"> caused an exception to be thrown.
  in .MicaBoard
Because:
Cannot find class: ptolemy.domains.ptinyos.lib.MicaLeds. In Ptolemy, classes are typically Java .class files. Entities like actors may instead be defined within a .xml file.  In any case, the class was not found. If the class uses a third party package, then the class would be present only if the third party package was found at compile time.  It may be necessary to upgrade Java or install the third party package, reconfigure and recompile.
Because:
-- /home/travis/build/icyphy/ptII/ptolemy/actor/ptalon/demo/ptinyos/SenseToLeds/ptolemy/domains/ptinyos/lib/MicaLeds.xml (No such file or directory)
-- XML file not found relative to classpath.
-- /home/travis/build/icyphy/ptII/ptolemy/vergil/basic/export/test/ptolemy/domains/ptinyos/lib/MicaLeds.xml
/home/travis/build/icyphy/ptII/ptolemy/vergil/basic/export/test/ptolemy/domains/ptinyos/lib/MicaLeds.xml (No such file or directory)
 in file:/home/travis/build/icyphy/ptII/ptolemy/actor/ptalon/demo/ptinyos/SenseToLeds/MicaBoard.xml at line 134 and column 63
	at ptolemy.moml.MoMLParser._createEntity(MoMLParser.java:4330)
	at ptolemy.moml.MoMLParser.startElement(MoMLParser.java:2864)
	... 64 more
Caused by: ptolemy.kernel.util.InternalErrorException: Element <entity name="MicaLeds" class="ptolemy.domains.ptinyos.lib.MicaLeds"> caused an exception to be thrown.
  in .MicaBoard
Because:
Cannot find class: ptolemy.domains.ptinyos.lib.MicaLeds. In Ptolemy, classes are typically Java .class files. Entities like actors may instead be defined within a .xml file.  In any case, the class was not found. If the class uses a third party package, then the class would be present only if the third party package was found at compile time.  It may be necessary to upgrade Java or install the third party package, reconfigure and recompile.
Because:
-- /home/travis/build/icyphy/ptII/ptolemy/actor/ptalon/demo/ptinyos/SenseToLeds/ptolemy/domains/ptinyos/lib/MicaLeds.xml (No such file or directory)
-- XML file not found relative to classpath.
-- /home/travis/build/icyphy/ptII/ptolemy/vergil/basic/export/test/ptolemy/domains/ptinyos/lib/MicaLeds.xml
/home/travis/build/icyphy/ptII/ptolemy/vergil/basic/export/test/ptolemy/domains/ptinyos/lib/MicaLeds.xml (No such file or directory)
 in file:/home/travis/build/icyphy/ptII/ptolemy/actor/ptalon/demo/ptinyos/SenseToLeds/MicaBoard.xml at line 134 and column 63
	at ptolemy.moml.SimpleErrorHandler.handleError(SimpleErrorHandler.java:75)
	at ptolemy.moml.MoMLParser.startElement(MoMLParser.java:3805)
	at com.microstar.xml.XmlParser.parseElement(XmlParser.java:921)
	at com.microstar.xml.XmlParser.parseContent(XmlParser.java:1104)
	at com.microstar.xml.XmlParser.parseElement(XmlParser.java:924)
	at com.microstar.xml.XmlParser.parseDocument(XmlParser.java:481)
	at com.microstar.xml.XmlParser.doParse(XmlParser.java:159)
	at com.microstar.xml.XmlParser.parse(XmlParser.java:132)
	at ptolemy.moml.MoMLParser.parse(MoMLParser.java:1676)
	at ptolemy.moml.MoMLParser.parse(MoMLParser.java:1595)
	at ptolemy.moml.MoMLParser.parse(MoMLParser.java:1537)
	at ptolemy.moml.MoMLParser._findOrParse(MoMLParser.java:5286)
	at ptolemy.moml.MoMLParser._attemptToFindMoMLClass(MoMLParser.java:4075)
	at ptolemy.moml.MoMLParser._createEntity(MoMLParser.java:4323)
	... 65 more
Caused by: ptolemy.kernel.util.IllegalActionException: Cannot find class: ptolemy.domains.ptinyos.lib.MicaLeds. In Ptolemy, classes are typically Java .class files. Entities like actors may instead be defined within a .xml file.  In any case, the class was not found. If the class uses a third party package, then the class would be present only if the third party package was found at compile time.  It may be necessary to upgrade Java or install the third party package, reconfigure and recompile.
Because:
-- /home/travis/build/icyphy/ptII/ptolemy/actor/ptalon/demo/ptinyos/SenseToLeds/ptolemy/domains/ptinyos/lib/MicaLeds.xml (No such file or directory)
-- XML file not found relative to classpath.
-- /home/travis/build/icyphy/ptII/ptolemy/vergil/basic/export/test/ptolemy/domains/ptinyos/lib/MicaLeds.xml
/home/travis/build/icyphy/ptII/ptolemy/vergil/basic/export/test/ptolemy/domains/ptinyos/lib/MicaLeds.xml (No such file or directory)
 in file:/home/travis/build/icyphy/ptII/ptolemy/actor/ptalon/demo/ptinyos/SenseToLeds/MicaBoard.xml at line 134 and column 63
	at ptolemy.moml.MoMLParser._createEntity(MoMLParser.java:4330)
	at ptolemy.moml.MoMLParser.startElement(MoMLParser.java:2864)
	... 77 more
Caused by: com.microstar.xml.XmlException: -- /home/travis/build/icyphy/ptII/ptolemy/actor/ptalon/demo/ptinyos/SenseToLeds/ptolemy/domains/ptinyos/lib/MicaLeds.xml (No such file or directory)
-- XML file not found relative to classpath.
-- /home/travis/build/icyphy/ptII/ptolemy/vergil/basic/export/test/ptolemy/domains/ptinyos/lib/MicaLeds.xml
/home/travis/build/icyphy/ptII/ptolemy/vergil/basic/export/test/ptolemy/domains/ptinyos/lib/MicaLeds.xml (No such file or directory)
 in file:/home/travis/build/icyphy/ptII/ptolemy/actor/ptalon/demo/ptinyos/SenseToLeds/MicaBoard.xml at line 134 and column 63
	at ptolemy.moml.MoMLParser.fileNameToURL(MoMLParser.java:1414)
	at ptolemy.moml.MoMLParser._findOrParse(MoMLParser.java:5283)
	at ptolemy.moml.MoMLParser._attemptToFindMoMLClass(MoMLParser.java:4075)
	at ptolemy.moml.MoMLParser._createEntity(MoMLParser.java:4323)
	... 78 more
Caused by: ptolemy.actor.ptalon.PtalonRuntimeException: Unable to add actor null
	at ptolemy.actor.ptalon.PtalonEvaluator.addActor(PtalonEvaluator.java:300)
	at ptolemy.actor.ptalon.PtalonPopulator.actor_declaration(PtalonPopulator.java:1574)
	at ptolemy.actor.ptalon.PtalonPopulator.atomic_statement(PtalonPopulator.java:1638)
	at ptolemy.actor.ptalon.PtalonPopulator.iterative_statement_evaluator(PtalonPopulator.java:2484)
	at ptolemy.actor.ptalon.AbstractPtalonEvaluator$IfTree.evaluateForScope(AbstractPtalonEvaluator.java:1307)
	at ptolemy.actor.ptalon.AbstractPtalonEvaluator.evaluateForScope(AbstractPtalonEvaluator.java:744)
	at ptolemy.actor.ptalon.PtalonPopulator.iterative_statement(PtalonPopulator.java:2363)
	at ptolemy.actor.ptalon.PtalonPopulator.actor_definition(PtalonPopulator.java:2809)
	at ptolemy.actor.ptalon.PtalonActor.attributeChanged(PtalonActor.java:206)
	at ptolemy.actor.ptalon.PtalonMLHandler.startElement(PtalonMLHandler.java:134)
	at com.microstar.xml.XmlParser.parseElement(XmlParser.java:921)
	at com.microstar.xml.XmlParser.parseContent(XmlParser.java:1104)
	at com.microstar.xml.XmlParser.parseElement(XmlParser.java:924)
	at com.microstar.xml.XmlParser.parseDocument(XmlParser.java:481)
	at com.microstar.xml.XmlParser.doParse(XmlParser.java:159)
	at com.microstar.xml.XmlParser.parse(XmlParser.java:132)
	at ptolemy.actor.ptalon.PtalonActor.configure(PtalonActor.java:240)
	at ptolemy.moml.MoMLParser.endElement(MoMLParser.java:996)
	at com.microstar.xml.XmlParser.parseETag(XmlParser.java:1026)
	at com.microstar.xml.XmlParser.parseContent(XmlParser.java:1098)
	at com.microstar.xml.XmlParser.parseElement(XmlParser.java:924)
	at com.microstar.xml.XmlParser.parseContent(XmlParser.java:1104)
	at com.microstar.xml.XmlParser.parseElement(XmlParser.java:924)
	at com.microstar.xml.XmlParser.parseContent(XmlParser.java:1104)
	at com.microstar.xml.XmlParser.parseElement(XmlParser.java:924)
	at com.microstar.xml.XmlParser.parseDocument(XmlParser.java:481)
	at com.microstar.xml.XmlParser.doParse(XmlParser.java:159)
	at com.microstar.xml.XmlParser.parse(XmlParser.java:132)
	at ptolemy.moml.MoMLParser.parse(MoMLParser.java:1676)
	at ptolemy.moml.MoMLParser.parse(MoMLParser.java:1595)
	at ptolemy.moml.MoMLParser.parse(MoMLParser.java:1537)
	at ptolemy.actor.gui.PtolemyEffigy$Factory.createEffigy(PtolemyEffigy.java:424)
	at ptolemy.actor.gui.EffigyFactory.createEffigy(EffigyFactory.java:234)
	at ptolemy.actor.gui.Configuration.openModel(Configuration.java:1125)
	at ptolemy.actor.gui.Configuration.openModel(Configuration.java:1051)
	at ptolemy.actor.gui.ConfigurationApplication._openModel(ConfigurationApplication.java:1252)
	at ptolemy.actor.gui.ConfigurationApplication._parseArg(ConfigurationApplication.java:1399)
	at ptolemy.actor.gui.ConfigurationApplication._parseArgs(ConfigurationApplication.java:1478)
	at ptolemy.actor.gui.ConfigurationApplication.<init>(ConfigurationApplication.java:277)
	at ptolemy.actor.gui.ConfigurationApplication.<init>(ConfigurationApplication.java:214)
	at ptolemy.actor.gui.ConfigurationApplication.<init>(ConfigurationApplication.java:201)
	at ptolemy.actor.gui.ConfigurationApplication.openModelOrEntity(ConfigurationApplication.java:680)
	at ptolemy.vergil.basic.export.ExportModel$1.run(ExportModel.java:220)
	at java.awt.event.InvocationEvent.dispatch(InvocationEvent.java:301)
	at java.awt.EventQueue.dispatchEventImpl(EventQueue.java:756)
	at java.awt.EventQueue.access$500(EventQueue.java:97)
	at java.awt.EventQueue$3.run(EventQueue.java:709)
	at java.awt.EventQueue$3.run(EventQueue.java:703)
	at java.security.AccessController.doPrivileged(Native Method)
	at java.security.ProtectionDomain$JavaSecurityAccessImpl.doIntersectionPrivilege(ProtectionDomain.java:80)
	at java.awt.EventQueue.dispatchEvent(EventQueue.java:726)
	at java.awt.EventDispatchThread.pumpOneEventForFilters(EventDispatchThread.java:201)
	at java.awt.EventDispatchThread.pumpEventsForFilter(EventDispatchThread.java:116)
	at java.awt.EventDispatchThread.pumpEventsForHierarchy(EventDispatchThread.java:105)
	at java.awt.EventDispatchThread.pumpEvents(EventDispatchThread.java:101)
	at java.awt.EventDispatchThread.pumpEvents(EventDispatchThread.java:93)
	at java.awt.EventDispatchThread.run(EventDispatchThread.java:82)
Caused by: ptolemy.kernel.util.InternalErrorException: Element <entity name="node1" class="ptolemy.actor.ptalon.demo.ptinyos.SenseToLeds.MicaBoard"> caused an exception to be thrown.
  in .SenseToLeds.SenseToLeds
Because:
Cannot find class: ptolemy.actor.ptalon.demo.ptinyos.SenseToLeds.MicaBoard. In Ptolemy, classes are typically Java .class files. Entities like actors may instead be defined within a .xml file.  In any case, the class was not found. If the class uses a third party package, then the class would be present only if the third party package was found at compile time.  It may be necessary to upgrade Java or install the third party package, reconfigure and recompile.
Because:
Element <entity name="MicaLeds" class="ptolemy.domains.ptinyos.lib.MicaLeds"> caused an exception to be thrown.
  in .MicaBoard
Because:
Cannot find class: ptolemy.domains.ptinyos.lib.MicaLeds. In Ptolemy, classes are typically Java .class files. Entities like actors may instead be defined within a .xml file.  In any case, the class was not found. If the class uses a third party package, then the class would be present only if the third party package was found at compile time.  It may be necessary to upgrade Java or install the third party package, reconfigure and recompile.
Because:
-- /home/travis/build/icyphy/ptII/ptolemy/actor/ptalon/demo/ptinyos/SenseToLeds/ptolemy/domains/ptinyos/lib/MicaLeds.xml (No such file or directory)
-- XML file not found relative to classpath.
-- /home/travis/build/icyphy/ptII/ptolemy/vergil/basic/export/test/ptolemy/domains/ptinyos/lib/MicaLeds.xml
/home/travis/build/icyphy/ptII/ptolemy/vergil/basic/export/test/ptolemy/domains/ptinyos/lib/MicaLeds.xml (No such file or directory)
 in file:/home/travis/build/icyphy/ptII/ptolemy/actor/ptalon/demo/ptinyos/SenseToLeds/MicaBoard.xml at line 134 and column 63
	at ptolemy.moml.SimpleErrorHandler.handleError(SimpleErrorHandler.java:75)
	at ptolemy.moml.MoMLParser.startElement(MoMLParser.java:3805)
	at com.microstar.xml.XmlParser.parseElement(XmlParser.java:931)
	at com.microstar.xml.XmlParser.parseDocument(XmlParser.java:481)
	at com.microstar.xml.XmlParser.doParse(XmlParser.java:159)
	at com.microstar.xml.XmlParser.parse(XmlParser.java:132)
	at ptolemy.moml.MoMLParser.parse(MoMLParser.java:1660)
	at ptolemy.moml.MoMLParser.parse(MoMLParser.java:1617)
	at ptolemy.moml.MoMLParser.parse(MoMLParser.java:1792)
	at ptolemy.actor.ptalon.PtalonEvaluator.addActor(PtalonEvaluator.java:241)
	... 56 more
Caused by: ptolemy.kernel.util.IllegalActionException: Cannot find class: ptolemy.actor.ptalon.demo.ptinyos.SenseToLeds.MicaBoard. In Ptolemy, classes are typically Java .class files. Entities like actors may instead be defined within a .xml file.  In any case, the class was not found. If the class uses a third party package, then the class would be present only if the third party package was found at compile time.  It may be necessary to upgrade Java or install the third party package, reconfigure and recompile.
Because:
Element <entity name="MicaLeds" class="ptolemy.domains.ptinyos.lib.MicaLeds"> caused an exception to be thrown.
  in .MicaBoard
Because:
Cannot find class: ptolemy.domains.ptinyos.lib.MicaLeds. In Ptolemy, classes are typically Java .class files. Entities like actors may instead be defined within a .xml file.  In any case, the class was not found. If the class uses a third party package, then the class would be present only if the third party package was found at compile time.  It may be necessary to upgrade Java or install the third party package, reconfigure and recompile.
Because:
-- /home/travis/build/icyphy/ptII/ptolemy/actor/ptalon/demo/ptinyos/SenseToLeds/ptolemy/domains/ptinyos/lib/MicaLeds.xml (No such file or directory)
-- XML file not found relative to classpath.
-- /home/travis/build/icyphy/ptII/ptolemy/vergil/basic/export/test/ptolemy/domains/ptinyos/lib/MicaLeds.xml
/home/travis/build/icyphy/ptII/ptolemy/vergil/basic/export/test/ptolemy/domains/ptinyos/lib/MicaLeds.xml (No such file or directory)
 in file:/home/travis/build/icyphy/ptII/ptolemy/actor/ptalon/demo/ptinyos/SenseToLeds/MicaBoard.xml at line 134 and column 63
	at ptolemy.moml.MoMLParser._createEntity(MoMLParser.java:4330)
	at ptolemy.moml.MoMLParser.startElement(MoMLParser.java:2864)
	... 64 more
Caused by: ptolemy.kernel.util.InternalErrorException: Element <entity name="MicaLeds" class="ptolemy.domains.ptinyos.lib.MicaLeds"> caused an exception to be thrown.
  in .MicaBoard
Because:
Cannot find class: ptolemy.domains.ptinyos.lib.MicaLeds. In Ptolemy, classes are typically Java .class files. Entities like actors may instead be defined within a .xml file.  In any case, the class was not found. If the class uses a third party package, then the class would be present only if the third party package was found at compile time.  It may be necessary to upgrade Java or install the third party package, reconfigure and recompile.
Because:
-- /home/travis/build/icyphy/ptII/ptolemy/actor/ptalon/demo/ptinyos/SenseToLeds/ptolemy/domains/ptinyos/lib/MicaLeds.xml (No such file or directory)
-- XML file not found relative to classpath.
-- /home/travis/build/icyphy/ptII/ptolemy/vergil/basic/export/test/ptolemy/domains/ptinyos/lib/MicaLeds.xml
/home/travis/build/icyphy/ptII/ptolemy/vergil/basic/export/test/ptolemy/domains/ptinyos/lib/MicaLeds.xml (No such file or directory)
 in file:/home/travis/build/icyphy/ptII/ptolemy/actor/ptalon/demo/ptinyos/SenseToLeds/MicaBoard.xml at line 134 and column 63
	at ptolemy.moml.SimpleErrorHandler.handleError(SimpleErrorHandler.java:75)
	at ptolemy.moml.MoMLParser.startElement(MoMLParser.java:3805)
	at com.microstar.xml.XmlParser.parseElement(XmlParser.java:921)
	at com.microstar.xml.XmlParser.parseContent(XmlParser.java:1104)
	at com.microstar.xml.XmlParser.parseElement(XmlParser.java:924)
	at com.microstar.xml.XmlParser.parseDocument(XmlParser.java:481)
	at com.microstar.xml.XmlParser.doParse(XmlParser.java:159)
	at com.microstar.xml.XmlParser.parse(XmlParser.java:132)
	at ptolemy.moml.MoMLParser.parse(MoMLParser.java:1676)
	at ptolemy.moml.MoMLParser.parse(MoMLParser.java:1595)
	at ptolemy.moml.MoMLParser.parse(MoMLParser.java:1537)
	at ptolemy.moml.MoMLParser._findOrParse(MoMLParser.java:5286)
	at ptolemy.moml.MoMLParser._attemptToFindMoMLClass(MoMLParser.java:4075)
	at ptolemy.moml.MoMLParser._createEntity(MoMLParser.java:4323)
	... 65 more
Caused by: ptolemy.kernel.util.IllegalActionException: Cannot find class: ptolemy.domains.ptinyos.lib.MicaLeds. In Ptolemy, classes are typically Java .class files. Entities like actors may instead be defined within a .xml file.  In any case, the class was not found. If the class uses a third party package, then the class would be present only if the third party package was found at compile time.  It may be necessary to upgrade Java or install the third party package, reconfigure and recompile.
Because:
-- /home/travis/build/icyphy/ptII/ptolemy/actor/ptalon/demo/ptinyos/SenseToLeds/ptolemy/domains/ptinyos/lib/MicaLeds.xml (No such file or directory)
-- XML file not found relative to classpath.
-- /home/travis/build/icyphy/ptII/ptolemy/vergil/basic/export/test/ptolemy/domains/ptinyos/lib/MicaLeds.xml
/home/travis/build/icyphy/ptII/ptolemy/vergil/basic/export/test/ptolemy/domains/ptinyos/lib/MicaLeds.xml (No such file or directory)
 in file:/home/travis/build/icyphy/ptII/ptolemy/actor/ptalon/demo/ptinyos/SenseToLeds/MicaBoard.xml at line 134 and column 63
	at ptolemy.moml.MoMLParser._createEntity(MoMLParser.java:4330)
	at ptolemy.moml.MoMLParser.startElement(MoMLParser.java:2864)
	... 77 more
Caused by: com.microstar.xml.XmlException: -- /home/travis/build/icyphy/ptII/ptolemy/actor/ptalon/demo/ptinyos/SenseToLeds/ptolemy/domains/ptinyos/lib/MicaLeds.xml (No such file or directory)
-- XML file not found relative to classpath.
-- /home/travis/build/icyphy/ptII/ptolemy/vergil/basic/export/test/ptolemy/domains/ptinyos/lib/MicaLeds.xml
/home/travis/build/icyphy/ptII/ptolemy/vergil/basic/export/test/ptolemy/domains/ptinyos/lib/MicaLeds.xml (No such file or directory)
 in file:/home/travis/build/icyphy/ptII/ptolemy/actor/ptalon/demo/ptinyos/SenseToLeds/MicaBoard.xml at line 134 and column 63
	at ptolemy.moml.MoMLParser.fileNameToURL(MoMLParser.java:1414)
	at ptolemy.moml.MoMLParser._findOrParse(MoMLParser.java:5283)
	at ptolemy.moml.MoMLParser._attemptToFindMoMLClass(MoMLParser.java:4075)
	at ptolemy.moml.MoMLParser._createEntity(MoMLParser.java:4323)
	... 78 more
ptolemy.kernel.util.IllegalActionException: Failed to process attribute change to PtalonParameter, whose value is "ptolemy.actor.ptalon.PtalonExpressionParameter {.SenseToLeds.SenseToLeds.n} 2".
  in .SenseToLeds.SenseToLeds
Because:
Unable to add actor null
	at ptolemy.actor.ptalon.PtalonActor.attributeChanged(PtalonActor.java:211)
	at ptolemy.actor.ptalon.PtalonMLHandler.startElement(PtalonMLHandler.java:134)
	at com.microstar.xml.XmlParser.parseElement(XmlParser.java:921)
	at com.microstar.xml.XmlParser.parseContent(XmlParser.java:1104)
	at com.microstar.xml.XmlParser.parseElement(XmlParser.java:924)
	at com.microstar.xml.XmlParser.parseDocument(XmlParser.java:481)
	at com.microstar.xml.XmlParser.doParse(XmlParser.java:159)
	at com.microstar.xml.XmlParser.parse(XmlParser.java:132)
	at ptolemy.actor.ptalon.PtalonActor.configure(PtalonActor.java:240)
	at ptolemy.moml.MoMLParser.endElement(MoMLParser.java:996)
	at com.microstar.xml.XmlParser.parseETag(XmlParser.java:1026)
	at com.microstar.xml.XmlParser.parseContent(XmlParser.java:1098)
	at com.microstar.xml.XmlParser.parseElement(XmlParser.java:924)
	at com.microstar.xml.XmlParser.parseContent(XmlParser.java:1104)
	at com.microstar.xml.XmlParser.parseElement(XmlParser.java:924)
	at com.microstar.xml.XmlParser.parseContent(XmlParser.java:1104)
	at com.microstar.xml.XmlParser.parseElement(XmlParser.java:924)
	at com.microstar.xml.XmlParser.parseDocument(XmlParser.java:481)
	at com.microstar.xml.XmlParser.doParse(XmlParser.java:159)
	at com.microstar.xml.XmlParser.parse(XmlParser.java:132)
	at ptolemy.moml.MoMLParser.parse(MoMLParser.java:1676)
	at ptolemy.moml.MoMLParser.parse(MoMLParser.java:1595)
	at ptolemy.moml.MoMLParser.parse(MoMLParser.java:1537)
	at ptolemy.actor.gui.PtolemyEffigy$Factory.createEffigy(PtolemyEffigy.java:424)
	at ptolemy.actor.gui.EffigyFactory.createEffigy(EffigyFactory.java:234)
	at ptolemy.actor.gui.Configuration.openModel(Configuration.java:1125)
	at ptolemy.actor.gui.Configuration.openModel(Configuration.java:1051)
	at ptolemy.actor.gui.ConfigurationApplication._openModel(ConfigurationApplication.java:1252)
	at ptolemy.actor.gui.ConfigurationApplication._parseArg(ConfigurationApplication.java:1399)
	at ptolemy.actor.gui.ConfigurationApplication._parseArgs(ConfigurationApplication.java:1478)
	at ptolemy.actor.gui.ConfigurationApplication.<init>(ConfigurationApplication.java:277)
	at ptolemy.actor.gui.ConfigurationApplication.<init>(ConfigurationApplication.java:214)
	at ptolemy.actor.gui.ConfigurationApplication.<init>(ConfigurationApplication.java:201)
	at ptolemy.actor.gui.ConfigurationApplication.openModelOrEntity(ConfigurationApplication.java:680)
	at ptolemy.vergil.basic.export.ExportModel$1.run(ExportModel.java:220)
	at java.awt.event.InvocationEvent.dispatch(InvocationEvent.java:301)
	at java.awt.EventQueue.dispatchEventImpl(EventQueue.java:756)
	at java.awt.EventQueue.access$500(EventQueue.java:97)
	at java.awt.EventQueue$3.run(EventQueue.java:709)
	at java.awt.EventQueue$3.run(EventQueue.java:703)
	at java.security.AccessController.doPrivileged(Native Method)
	at java.security.ProtectionDomain$JavaSecurityAccessImpl.doIntersectionPrivilege(ProtectionDomain.java:80)
	at java.awt.EventQueue.dispatchEvent(EventQueue.java:726)
	at java.awt.EventDispatchThread.pumpOneEventForFilters(EventDispatchThread.java:201)
	at java.awt.EventDispatchThread.pumpEventsForFilter(EventDispatchThread.java:116)
	at java.awt.EventDispatchThread.pumpEventsForHierarchy(EventDispatchThread.java:105)
	at java.awt.EventDispatchThread.pumpEvents(EventDispatchThread.java:101)
	at java.awt.EventDispatchThread.pumpEvents(EventDispatchThread.java:93)
	at java.awt.EventDispatchThread.run(EventDispatchThread.java:82)
Caused by: ptolemy.actor.ptalon.PtalonRuntimeException: Unable to add actor null
	at ptolemy.actor.ptalon.PtalonEvaluator.addActor(PtalonEvaluator.java:300)
	at ptolemy.actor.ptalon.PtalonPopulator.actor_declaration(PtalonPopulator.java:1574)
	at ptolemy.actor.ptalon.PtalonPopulator.atomic_statement(PtalonPopulator.java:1638)
	at ptolemy.actor.ptalon.PtalonPopulator.iterative_statement_evaluator(PtalonPopulator.java:2484)
	at ptolemy.actor.ptalon.AbstractPtalonEvaluator$IfTree.evaluateForScope(AbstractPtalonEvaluator.java:1307)
	at ptolemy.actor.ptalon.AbstractPtalonEvaluator.evaluateForScope(AbstractPtalonEvaluator.java:744)
	at ptolemy.actor.ptalon.PtalonPopulator.iterative_statement(PtalonPopulator.java:2363)
	at ptolemy.actor.ptalon.PtalonPopulator.actor_definition(PtalonPopulator.java:2809)
	at ptolemy.actor.ptalon.PtalonActor.attributeChanged(PtalonActor.java:206)
	... 48 more
Caused by: ptolemy.kernel.util.InternalErrorException: Element <entity name="node1" class="ptolemy.actor.ptalon.demo.ptinyos.SenseToLeds.MicaBoard"> caused an exception to be thrown.
  in .SenseToLeds.SenseToLeds
Because:
Cannot find class: ptolemy.actor.ptalon.demo.ptinyos.SenseToLeds.MicaBoard. In Ptolemy, classes are typically Java .class files. Entities like actors may instead be defined within a .xml file.  In any case, the class was not found. If the class uses a third party package, then the class would be present only if the third party package was found at compile time.  It may be necessary to upgrade Java or install the third party package, reconfigure and recompile.
Because:
Element <entity name="MicaLeds" class="ptolemy.domains.ptinyos.lib.MicaLeds"> caused an exception to be thrown.
  in .MicaBoard
Because:
Cannot find class: ptolemy.domains.ptinyos.lib.MicaLeds. In Ptolemy, classes are typically Java .class files. Entities like actors may instead be defined within a .xml file.  In any case, the class was not found. If the class uses a third party package, then the class would be present only if the third party package was found at compile time.  It may be necessary to upgrade Java or install the third party package, reconfigure and recompile.
Because:
-- /home/travis/build/icyphy/ptII/ptolemy/actor/ptalon/demo/ptinyos/SenseToLeds/ptolemy/domains/ptinyos/lib/MicaLeds.xml (No such file or directory)
-- XML file not found relative to classpath.
-- /home/travis/build/icyphy/ptII/ptolemy/vergil/basic/export/test/ptolemy/domains/ptinyos/lib/MicaLeds.xml
/home/travis/build/icyphy/ptII/ptolemy/vergil/basic/export/test/ptolemy/domains/ptinyos/lib/MicaLeds.xml (No such file or directory)
 in file:/home/travis/build/icyphy/ptII/ptolemy/actor/ptalon/demo/ptinyos/SenseToLeds/MicaBoard.xml at line 134 and column 63
	at ptolemy.moml.SimpleErrorHandler.handleError(SimpleErrorHandler.java:75)
	at ptolemy.moml.MoMLParser.startElement(MoMLParser.java:3805)
	at com.microstar.xml.XmlParser.parseElement(XmlParser.java:931)
	at com.microstar.xml.XmlParser.parseDocument(XmlParser.java:481)
	at com.microstar.xml.XmlParser.doParse(XmlParser.java:159)
	at com.microstar.xml.XmlParser.parse(XmlParser.java:132)
	at ptolemy.moml.MoMLParser.parse(MoMLParser.java:1660)
	at ptolemy.moml.MoMLParser.parse(MoMLParser.java:1617)
	at ptolemy.moml.MoMLParser.parse(MoMLParser.java:1792)
	at ptolemy.actor.ptalon.PtalonEvaluator.addActor(PtalonEvaluator.java:241)
	... 56 more
Caused by: ptolemy.kernel.util.IllegalActionException: Cannot find class: ptolemy.actor.ptalon.demo.ptinyos.SenseToLeds.MicaBoard. In Ptolemy, classes are typically Java .class files. Entities like actors may instead be defined within a .xml file.  In any case, the class was not found. If the class uses a third party package, then the class would be present only if the third party package was found at compile time.  It may be necessary to upgrade Java or install the third party package, reconfigure and recompile.
Because:
Element <entity name="MicaLeds" class="ptolemy.domains.ptinyos.lib.MicaLeds"> caused an exception to be thrown.
  in .MicaBoard
Because:
Cannot find class: ptolemy.domains.ptinyos.lib.MicaLeds. In Ptolemy, classes are typically Java .class files. Entities like actors may instead be defined within a .xml file.  In any case, the class was not found. If the class uses a third party package, then the class would be present only if the third party package was found at compile time.  It may be necessary to upgrade Java or install the third party package, reconfigure and recompile.
Because:
-- /home/travis/build/icyphy/ptII/ptolemy/actor/ptalon/demo/ptinyos/SenseToLeds/ptolemy/domains/ptinyos/lib/MicaLeds.xml (No such file or directory)
-- XML file not found relative to classpath.
-- /home/travis/build/icyphy/ptII/ptolemy/vergil/basic/export/test/ptolemy/domains/ptinyos/lib/MicaLeds.xml
/home/travis/build/icyphy/ptII/ptolemy/vergil/basic/export/test/ptolemy/domains/ptinyos/lib/MicaLeds.xml (No such file or directory)
 in file:/home/travis/build/icyphy/ptII/ptolemy/actor/ptalon/demo/ptinyos/SenseToLeds/MicaBoard.xml at line 134 and column 63
	at ptolemy.moml.MoMLParser._createEntity(MoMLParser.java:4330)
	at ptolemy.moml.MoMLParser.startElement(MoMLParser.java:2864)
	... 64 more
Caused by: ptolemy.kernel.util.InternalErrorException: Element <entity name="MicaLeds" class="ptolemy.domains.ptinyos.lib.MicaLeds"> caused an exception to be thrown.
  in .MicaBoard
Because:
Cannot find class: ptolemy.domains.ptinyos.lib.MicaLeds. In Ptolemy, classes are typically Java .class files. Entities like actors may instead be defined within a .xml file.  In any case, the class was not found. If the class uses a third party package, then the class would be present only if the third party package was found at compile time.  It may be necessary to upgrade Java or install the third party package, reconfigure and recompile.
Because:
-- /home/travis/build/icyphy/ptII/ptolemy/actor/ptalon/demo/ptinyos/SenseToLeds/ptolemy/domains/ptinyos/lib/MicaLeds.xml (No such file or directory)
-- XML file not found relative to classpath.
-- /home/travis/build/icyphy/ptII/ptolemy/vergil/basic/export/test/ptolemy/domains/ptinyos/lib/MicaLeds.xml
/home/travis/build/icyphy/ptII/ptolemy/vergil/basic/export/test/ptolemy/domains/ptinyos/lib/MicaLeds.xml (No such file or directory)
 in file:/home/travis/build/icyphy/ptII/ptolemy/actor/ptalon/demo/ptinyos/SenseToLeds/MicaBoard.xml at line 134 and column 63
	at ptolemy.moml.SimpleErrorHandler.handleError(SimpleErrorHandler.java:75)
	at ptolemy.moml.MoMLParser.startElement(MoMLParser.java:3805)
	at com.microstar.xml.XmlParser.parseElement(XmlParser.java:921)
	at com.microstar.xml.XmlParser.parseContent(XmlParser.java:1104)
	at com.microstar.xml.XmlParser.parseElement(XmlParser.java:924)
	at com.microstar.xml.XmlParser.parseDocument(XmlParser.java:481)
	at com.microstar.xml.XmlParser.doParse(XmlParser.java:159)
	at com.microstar.xml.XmlParser.parse(XmlParser.java:132)
	at ptolemy.moml.MoMLParser.parse(MoMLParser.java:1676)
	at ptolemy.moml.MoMLParser.parse(MoMLParser.java:1595)
	at ptolemy.moml.MoMLParser.parse(MoMLParser.java:1537)
	at ptolemy.moml.MoMLParser._findOrParse(MoMLParser.java:5286)
	at ptolemy.moml.MoMLParser._attemptToFindMoMLClass(MoMLParser.java:4075)
	at ptolemy.moml.MoMLParser._createEntity(MoMLParser.java:4323)
	... 65 more
Caused by: ptolemy.kernel.util.IllegalActionException: Cannot find class: ptolemy.domains.ptinyos.lib.MicaLeds. In Ptolemy, classes are typically Java .class files. Entities like actors may instead be defined within a .xml file.  In any case, the class was not found. If the class uses a third party package, then the class would be present only if the third party package was found at compile time.  It may be necessary to upgrade Java or install the third party package, reconfigure and recompile.
Because:
-- /home/travis/build/icyphy/ptII/ptolemy/actor/ptalon/demo/ptinyos/SenseToLeds/ptolemy/domains/ptinyos/lib/MicaLeds.xml (No such file or directory)
-- XML file not found relative to classpath.
-- /home/travis/build/icyphy/ptII/ptolemy/vergil/basic/export/test/ptolemy/domains/ptinyos/lib/MicaLeds.xml
/home/travis/build/icyphy/ptII/ptolemy/vergil/basic/export/test/ptolemy/domains/ptinyos/lib/MicaLeds.xml (No such file or directory)
 in file:/home/travis/build/icyphy/ptII/ptolemy/actor/ptalon/demo/ptinyos/SenseToLeds/MicaBoard.xml at line 134 and column 63
	at ptolemy.moml.MoMLParser._createEntity(MoMLParser.java:4330)
	at ptolemy.moml.MoMLParser.startElement(MoMLParser.java:2864)
	... 77 more
Caused by: com.microstar.xml.XmlException: -- /home/travis/build/icyphy/ptII/ptolemy/actor/ptalon/demo/ptinyos/SenseToLeds/ptolemy/domains/ptinyos/lib/MicaLeds.xml (No such file or directory)
-- XML file not found relative to classpath.
-- /home/travis/build/icyphy/ptII/ptolemy/vergil/basic/export/test/ptolemy/domains/ptinyos/lib/MicaLeds.xml
/home/travis/build/icyphy/ptII/ptolemy/vergil/basic/export/test/ptolemy/domains/ptinyos/lib/MicaLeds.xml (No such file or directory)
 in file:/home/travis/build/icyphy/ptII/ptolemy/actor/ptalon/demo/ptinyos/SenseToLeds/MicaBoard.xml at line 134 and column 63
	at ptolemy.moml.MoMLParser.fileNameToURL(MoMLParser.java:1414)
	at ptolemy.moml.MoMLParser._findOrParse(MoMLParser.java:5283)
	at ptolemy.moml.MoMLParser._attemptToFindMoMLClass(MoMLParser.java:4075)
	at ptolemy.moml.MoMLParser._createEntity(MoMLParser.java:4323)
	... 78 more
Caused by: ptolemy.actor.ptalon.PtalonRuntimeException: Unable to add actor null
	at ptolemy.actor.ptalon.PtalonEvaluator.addActor(PtalonEvaluator.java:300)
	at ptolemy.actor.ptalon.PtalonPopulator.actor_declaration(PtalonPopulator.java:1574)
	at ptolemy.actor.ptalon.PtalonPopulator.atomic_statement(PtalonPopulator.java:1638)
	at ptolemy.actor.ptalon.PtalonPopulator.iterative_statement_evaluator(PtalonPopulator.java:2484)
	at ptolemy.actor.ptalon.AbstractPtalonEvaluator$IfTree.evaluateForScope(AbstractPtalonEvaluator.java:1307)
	at ptolemy.actor.ptalon.AbstractPtalonEvaluator.evaluateForScope(AbstractPtalonEvaluator.java:744)
	at ptolemy.actor.ptalon.PtalonPopulator.iterative_statement(PtalonPopulator.java:2363)
	at ptolemy.actor.ptalon.PtalonPopulator.actor_definition(PtalonPopulator.java:2809)
	at ptolemy.actor.ptalon.PtalonActor.attributeChanged(PtalonActor.java:206)
	at ptolemy.actor.ptalon.PtalonMLHandler.startElement(PtalonMLHandler.java:134)
	at com.microstar.xml.XmlParser.parseElement(XmlParser.java:921)
	at com.microstar.xml.XmlParser.parseContent(XmlParser.java:1104)
	at com.microstar.xml.XmlParser.parseElement(XmlParser.java:924)
	at com.microstar.xml.XmlParser.parseDocument(XmlParser.java:481)
	at com.microstar.xml.XmlParser.doParse(XmlParser.java:159)
	at com.microstar.xml.XmlParser.parse(XmlParser.java:132)
	at ptolemy.actor.ptalon.PtalonActor.configure(PtalonActor.java:240)
	at ptolemy.moml.MoMLParser.endElement(MoMLParser.java:996)
	at com.microstar.xml.XmlParser.parseETag(XmlParser.java:1026)
	at com.microstar.xml.XmlParser.parseContent(XmlParser.java:1098)
	at com.microstar.xml.XmlParser.parseElement(XmlParser.java:924)
	at com.microstar.xml.XmlParser.parseContent(XmlParser.java:1104)
	at com.microstar.xml.XmlParser.parseElement(XmlParser.java:924)
	at com.microstar.xml.XmlParser.parseContent(XmlParser.java:1104)
	at com.microstar.xml.XmlParser.parseElement(XmlParser.java:924)
	at com.microstar.xml.XmlParser.parseDocument(XmlParser.java:481)
	at com.microstar.xml.XmlParser.doParse(XmlParser.java:159)
	at com.microstar.xml.XmlParser.parse(XmlParser.java:132)
	at ptolemy.moml.MoMLParser.parse(MoMLParser.java:1676)
	at ptolemy.moml.MoMLParser.parse(MoMLParser.java:1595)
	at ptolemy.moml.MoMLParser.parse(MoMLParser.java:1537)
	at ptolemy.actor.gui.PtolemyEffigy$Factory.createEffigy(PtolemyEffigy.java:424)
	at ptolemy.actor.gui.EffigyFactory.createEffigy(EffigyFactory.java:234)
	at ptolemy.actor.gui.Configuration.openModel(Configuration.java:1125)
	at ptolemy.actor.gui.Configuration.openModel(Configuration.java:1051)
	at ptolemy.actor.gui.ConfigurationApplication._openModel(ConfigurationApplication.java:1252)
	at ptolemy.actor.gui.ConfigurationApplication._parseArg(ConfigurationApplication.java:1399)
	at ptolemy.actor.gui.ConfigurationApplication._parseArgs(ConfigurationApplication.java:1478)
	at ptolemy.actor.gui.ConfigurationApplication.<init>(ConfigurationApplication.java:277)
	at ptolemy.actor.gui.ConfigurationApplication.<init>(ConfigurationApplication.java:214)
	at ptolemy.actor.gui.ConfigurationApplication.<init>(ConfigurationApplication.java:201)
	at ptolemy.actor.gui.ConfigurationApplication.openModelOrEntity(ConfigurationApplication.java:680)
	at ptolemy.vergil.basic.export.ExportModel$1.run(ExportModel.java:220)
	at java.awt.event.InvocationEvent.dispatch(InvocationEvent.java:301)
	at java.awt.EventQueue.dispatchEventImpl(EventQueue.java:756)
	at java.awt.EventQueue.access$500(EventQueue.java:97)
	at java.awt.EventQueue$3.run(EventQueue.java:709)
	at java.awt.EventQueue$3.run(EventQueue.java:703)
	at java.security.AccessController.doPrivileged(Native Method)
	at java.security.ProtectionDomain$JavaSecurityAccessImpl.doIntersectionPrivilege(ProtectionDomain.java:80)
	at java.awt.EventQueue.dispatchEvent(EventQueue.java:726)
	at java.awt.EventDispatchThread.pumpOneEventForFilters(EventDispatchThread.java:201)
	at java.awt.EventDispatchThread.pumpEventsForFilter(EventDispatchThread.java:116)
	at java.awt.EventDispatchThread.pumpEventsForHierarchy(EventDispatchThread.java:105)
	at java.awt.EventDispatchThread.pumpEvents(EventDispatchThread.java:101)
	at java.awt.EventDispatchThread.pumpEvents(EventDispatchThread.java:93)
	at java.awt.EventDispatchThread.run(EventDispatchThread.java:82)
Caused by: ptolemy.kernel.util.InternalErrorException: Element <entity name="node1" class="ptolemy.actor.ptalon.demo.ptinyos.SenseToLeds.MicaBoard"> caused an exception to be thrown.
  in .SenseToLeds.SenseToLeds
Because:
Cannot find class: ptolemy.actor.ptalon.demo.ptinyos.SenseToLeds.MicaBoard. In Ptolemy, classes are typically Java .class files. Entities like actors may instead be defined within a .xml file.  In any case, the class was not found. If the class uses a third party package, then the class would be present only if the third party package was found at compile time.  It may be necessary to upgrade Java or install the third party package, reconfigure and recompile.
Because:
Element <entity name="MicaLeds" class="ptolemy.domains.ptinyos.lib.MicaLeds"> caused an exception to be thrown.
  in .MicaBoard
Because:
Cannot find class: ptolemy.domains.ptinyos.lib.MicaLeds. In Ptolemy, classes are typically Java .class files. Entities like actors may instead be defined within a .xml file.  In any case, the class was not found. If the class uses a third party package, then the class would be present only if the third party package was found at compile time.  It may be necessary to upgrade Java or install the third party package, reconfigure and recompile.
Because:
-- /home/travis/build/icyphy/ptII/ptolemy/actor/ptalon/demo/ptinyos/SenseToLeds/ptolemy/domains/ptinyos/lib/MicaLeds.xml (No such file or directory)
-- XML file not found relative to classpath.
-- /home/travis/build/icyphy/ptII/ptolemy/vergil/basic/export/test/ptolemy/domains/ptinyos/lib/MicaLeds.xml
/home/travis/build/icyphy/ptII/ptolemy/vergil/basic/export/test/ptolemy/domains/ptinyos/lib/MicaLeds.xml (No such file or directory)
 in file:/home/travis/build/icyphy/ptII/ptolemy/actor/ptalon/demo/ptinyos/SenseToLeds/MicaBoard.xml at line 134 and column 63
	at ptolemy.moml.SimpleErrorHandler.handleError(SimpleErrorHandler.java:75)
	at ptolemy.moml.MoMLParser.startElement(MoMLParser.java:3805)
	at com.microstar.xml.XmlParser.parseElement(XmlParser.java:931)
	at com.microstar.xml.XmlParser.parseDocument(XmlParser.java:481)
	at com.microstar.xml.XmlParser.doParse(XmlParser.java:159)
	at com.microstar.xml.XmlParser.parse(XmlParser.java:132)
	at ptolemy.moml.MoMLParser.parse(MoMLParser.java:1660)
	at ptolemy.moml.MoMLParser.parse(MoMLParser.java:1617)
	at ptolemy.moml.MoMLParser.parse(MoMLParser.java:1792)
	at ptolemy.actor.ptalon.PtalonEvaluator.addActor(PtalonEvaluator.java:241)
	... 56 more
Caused by: ptolemy.kernel.util.IllegalActionException: Cannot find class: ptolemy.actor.ptalon.demo.ptinyos.SenseToLeds.MicaBoard. In Ptolemy, classes are typically Java .class files. Entities like actors may instead be defined within a .xml file.  In any case, the class was not found. If the class uses a third party package, then the class would be present only if the third party package was found at compile time.  It may be necessary to upgrade Java or install the third party package, reconfigure and recompile.
Because:
Element <entity name="MicaLeds" class="ptolemy.domains.ptinyos.lib.MicaLeds"> caused an exception to be thrown.
  in .MicaBoard
Because:
Cannot find class: ptolemy.domains.ptinyos.lib.MicaLeds. In Ptolemy, classes are typically Java .class files. Entities like actors may instead be defined within a .xml file.  In any case, the class was not found. If the class uses a third party package, then the class would be present only if the third party package was found at compile time.  It may be necessary to upgrade Java or install the third party package, reconfigure and recompile.
Because:
-- /home/travis/build/icyphy/ptII/ptolemy/actor/ptalon/demo/ptinyos/SenseToLeds/ptolemy/domains/ptinyos/lib/MicaLeds.xml (No such file or directory)
-- XML file not found relative to classpath.
-- /home/travis/build/icyphy/ptII/ptolemy/vergil/basic/export/test/ptolemy/domains/ptinyos/lib/MicaLeds.xml
/home/travis/build/icyphy/ptII/ptolemy/vergil/basic/export/test/ptolemy/domains/ptinyos/lib/MicaLeds.xml (No such file or directory)
 in file:/home/travis/build/icyphy/ptII/ptolemy/actor/ptalon/demo/ptinyos/SenseToLeds/MicaBoard.xml at line 134 and column 63
	at ptolemy.moml.MoMLParser._createEntity(MoMLParser.java:4330)
	at ptolemy.moml.MoMLParser.startElement(MoMLParser.java:2864)
	... 64 more
Caused by: ptolemy.kernel.util.InternalErrorException: Element <entity name="MicaLeds" class="ptolemy.domains.ptinyos.lib.MicaLeds"> caused an exception to be thrown.
  in .MicaBoard
Because:
Cannot find class: ptolemy.domains.ptinyos.lib.MicaLeds. In Ptolemy, classes are typically Java .class files. Entities like actors may instead be defined within a .xml file.  In any case, the class was not found. If the class uses a third party package, then the class would be present only if the third party package was found at compile time.  It may be necessary to upgrade Java or install the third party package, reconfigure and recompile.
Because:
-- /home/travis/build/icyphy/ptII/ptolemy/actor/ptalon/demo/ptinyos/SenseToLeds/ptolemy/domains/ptinyos/lib/MicaLeds.xml (No such file or directory)
-- XML file not found relative to classpath.
-- /home/travis/build/icyphy/ptII/ptolemy/vergil/basic/export/test/ptolemy/domains/ptinyos/lib/MicaLeds.xml
/home/travis/build/icyphy/ptII/ptolemy/vergil/basic/export/test/ptolemy/domains/ptinyos/lib/MicaLeds.xml (No such file or directory)
 in file:/home/travis/build/icyphy/ptII/ptolemy/actor/ptalon/demo/ptinyos/SenseToLeds/MicaBoard.xml at line 134 and column 63
	at ptolemy.moml.SimpleErrorHandler.handleError(SimpleErrorHandler.java:75)
	at ptolemy.moml.MoMLParser.startElement(MoMLParser.java:3805)
	at com.microstar.xml.XmlParser.parseElement(XmlParser.java:921)
	at com.microstar.xml.XmlParser.parseContent(XmlParser.java:1104)
	at com.microstar.xml.XmlParser.parseElement(XmlParser.java:924)
	at com.microstar.xml.XmlParser.parseDocument(XmlParser.java:481)
	at com.microstar.xml.XmlParser.doParse(XmlParser.java:159)
	at com.microstar.xml.XmlParser.parse(XmlParser.java:132)
	at ptolemy.moml.MoMLParser.parse(MoMLParser.java:1676)
	at ptolemy.moml.MoMLParser.parse(MoMLParser.java:1595)
	at ptolemy.moml.MoMLParser.parse(MoMLParser.java:1537)
	at ptolemy.moml.MoMLParser._findOrParse(MoMLParser.java:5286)
	at ptolemy.moml.MoMLParser._attemptToFindMoMLClass(MoMLParser.java:4075)
	at ptolemy.moml.MoMLParser._createEntity(MoMLParser.java:4323)
	... 65 more
Caused by: ptolemy.kernel.util.IllegalActionException: Cannot find class: ptolemy.domains.ptinyos.lib.MicaLeds. In Ptolemy, classes are typically Java .class files. Entities like actors may instead be defined within a .xml file.  In any case, the class was not found. If the class uses a third party package, then the class would be present only if the third party package was found at compile time.  It may be necessary to upgrade Java or install the third party package, reconfigure and recompile.
Because:
-- /home/travis/build/icyphy/ptII/ptolemy/actor/ptalon/demo/ptinyos/SenseToLeds/ptolemy/domains/ptinyos/lib/MicaLeds.xml (No such file or directory)
-- XML file not found relative to classpath.
-- /home/travis/build/icyphy/ptII/ptolemy/vergil/basic/export/test/ptolemy/domains/ptinyos/lib/MicaLeds.xml
/home/travis/build/icyphy/ptII/ptolemy/vergil/basic/export/test/ptolemy/domains/ptinyos/lib/MicaLeds.xml (No such file or directory)
 in file:/home/travis/build/icyphy/ptII/ptolemy/actor/ptalon/demo/ptinyos/SenseToLeds/MicaBoard.xml at line 134 and column 63
	at ptolemy.moml.MoMLParser._createEntity(MoMLParser.java:4330)
	at ptolemy.moml.MoMLParser.startElement(MoMLParser.java:2864)
	... 77 more
Caused by: com.microstar.xml.XmlException: -- /home/travis/build/icyphy/ptII/ptolemy/actor/ptalon/demo/ptinyos/SenseToLeds/ptolemy/domains/ptinyos/lib/MicaLeds.xml (No such file or directory)
-- XML file not found relative to classpath.
-- /home/travis/build/icyphy/ptII/ptolemy/vergil/basic/export/test/ptolemy/domains/ptinyos/lib/MicaLeds.xml
/home/travis/build/icyphy/ptII/ptolemy/vergil/basic/export/test/ptolemy/domains/ptinyos/lib/MicaLeds.xml (No such file or directory)
 in file:/home/travis/build/icyphy/ptII/ptolemy/actor/ptalon/demo/ptinyos/SenseToLeds/MicaBoard.xml at line 134 and column 63
	at ptolemy.moml.MoMLParser.fileNameToURL(MoMLParser.java:1414)
	at ptolemy.moml.MoMLParser._findOrParse(MoMLParser.java:5283)
	at ptolemy.moml.MoMLParser._attemptToFindMoMLClass(MoMLParser.java:4075)
	at ptolemy.moml.MoMLParser._createEntity(MoMLParser.java:4323)
	... 78 more
Failed to read file:/home/travis/build/icyphy/ptII/ptolemy/actor/ptalon/demo/ptinyos/SenseToLeds/SenseToLeds.xml
ptolemy.kernel.util.IllegalActionException: Failed to process attribute change to PtalonParameter, whose value is "ptolemy.actor.ptalon.PtalonExpressionParameter {.SenseToLeds.SenseToLeds.n} 2".
  in .SenseToLeds.SenseToLeds
Because:
Unable to add actor null
	at ptolemy.actor.ptalon.PtalonActor.attributeChanged(PtalonActor.java:211)
	at ptolemy.actor.ptalon.PtalonMLHandler.startElement(PtalonMLHandler.java:134)
	at com.microstar.xml.XmlParser.parseElement(XmlParser.java:921)
	at com.microstar.xml.XmlParser.parseContent(XmlParser.java:1104)
	at com.microstar.xml.XmlParser.parseElement(XmlParser.java:924)
	at com.microstar.xml.XmlParser.parseDocument(XmlParser.java:481)
	at com.microstar.xml.XmlParser.doParse(XmlParser.java:159)
	at com.microstar.xml.XmlParser.parse(XmlParser.java:132)
	at ptolemy.actor.ptalon.PtalonActor.configure(PtalonActor.java:240)
	at ptolemy.moml.MoMLParser.endElement(MoMLParser.java:996)
	at com.microstar.xml.XmlParser.parseETag(XmlParser.java:1026)
	at com.microstar.xml.XmlParser.parseContent(XmlParser.java:1098)
	at com.microstar.xml.XmlParser.parseElement(XmlParser.java:924)
	at com.microstar.xml.XmlParser.parseContent(XmlParser.java:1104)
	at com.microstar.xml.XmlParser.parseElement(XmlParser.java:924)
	at com.microstar.xml.XmlParser.parseContent(XmlParser.java:1104)
	at com.microstar.xml.XmlParser.parseElement(XmlParser.java:924)
	at com.microstar.xml.XmlParser.parseDocument(XmlParser.java:481)
	at com.microstar.xml.XmlParser.doParse(XmlParser.java:159)
	at com.microstar.xml.XmlParser.parse(XmlParser.java:132)
	at ptolemy.moml.MoMLParser.parse(MoMLParser.java:1676)
	at ptolemy.moml.MoMLParser.parse(MoMLParser.java:1595)
	at ptolemy.moml.MoMLParser.parse(MoMLParser.java:1537)
	at ptolemy.actor.gui.PtolemyEffigy$Factory.createEffigy(PtolemyEffigy.java:424)
	at ptolemy.actor.gui.EffigyFactory.createEffigy(EffigyFactory.java:234)
	at ptolemy.actor.gui.Configuration.openModel(Configuration.java:1125)
	at ptolemy.actor.gui.Configuration.openModel(Configuration.java:1051)
	at ptolemy.actor.gui.ConfigurationApplication._openModel(ConfigurationApplication.java:1252)
	at ptolemy.actor.gui.ConfigurationApplication._parseArg(ConfigurationApplication.java:1399)
	at ptolemy.actor.gui.ConfigurationApplication._parseArgs(ConfigurationApplication.java:1478)
	at ptolemy.actor.gui.ConfigurationApplication.<init>(ConfigurationApplication.java:277)
	at ptolemy.actor.gui.ConfigurationApplication.<init>(ConfigurationApplication.java:214)
	at ptolemy.actor.gui.ConfigurationApplication.<init>(ConfigurationApplication.java:201)
	at ptolemy.actor.gui.ConfigurationApplication.openModelOrEntity(ConfigurationApplication.java:680)
	at ptolemy.vergil.basic.export.ExportModel$1.run(ExportModel.java:220)
	at java.awt.event.InvocationEvent.dispatch(InvocationEvent.java:301)
	at java.awt.EventQueue.dispatchEventImpl(EventQueue.java:756)
	at java.awt.EventQueue.access$500(EventQueue.java:97)
	at java.awt.EventQueue$3.run(EventQueue.java:709)
	at java.awt.EventQueue$3.run(EventQueue.java:703)
	at java.security.AccessController.doPrivileged(Native Method)
	at java.security.ProtectionDomain$JavaSecurityAccessImpl.doIntersectionPrivilege(ProtectionDomain.java:80)
	at java.awt.EventQueue.dispatchEvent(EventQueue.java:726)
	at java.awt.EventDispatchThread.pumpOneEventForFilters(EventDispatchThread.java:201)
	at java.awt.EventDispatchThread.pumpEventsForFilter(EventDispatchThread.java:116)
	at java.awt.EventDispatchThread.pumpEventsForHierarchy(EventDispatchThread.java:105)
	at java.awt.EventDispatchThread.pumpEvents(EventDispatchThread.java:101)
	at java.awt.EventDispatchThread.pumpEvents(EventDispatchThread.java:93)
	at java.awt.EventDispatchThread.run(EventDispatchThread.java:82)
Caused by: ptolemy.actor.ptalon.PtalonRuntimeException: Unable to add actor null
	at ptolemy.actor.ptalon.PtalonEvaluator.addActor(PtalonEvaluator.java:300)
	at ptolemy.actor.ptalon.PtalonPopulator.actor_declaration(PtalonPopulator.java:1574)
	at ptolemy.actor.ptalon.PtalonPopulator.atomic_statement(PtalonPopulator.java:1638)
	at ptolemy.actor.ptalon.PtalonPopulator.iterative_statement_evaluator(PtalonPopulator.java:2484)
	at ptolemy.actor.ptalon.AbstractPtalonEvaluator$IfTree.evaluateForScope(AbstractPtalonEvaluator.java:1307)
	at ptolemy.actor.ptalon.AbstractPtalonEvaluator.evaluateForScope(AbstractPtalonEvaluator.java:744)
	at ptolemy.actor.ptalon.PtalonPopulator.iterative_statement(PtalonPopulator.java:2363)
	at ptolemy.actor.ptalon.PtalonPopulator.actor_definition(PtalonPopulator.java:2809)
	at ptolemy.actor.ptalon.PtalonActor.attributeChanged(PtalonActor.java:206)
	... 48 more
Caused by: ptolemy.kernel.util.InternalErrorException: Element <entity name="node1" class="ptolemy.actor.ptalon.demo.ptinyos.SenseToLeds.MicaBoard"> caused an exception to be thrown.
  in .SenseToLeds.SenseToLeds
Because:
Cannot find class: ptolemy.actor.ptalon.demo.ptinyos.SenseToLeds.MicaBoard. In Ptolemy, classes are typically Java .class files. Entities like actors may instead be defined within a .xml file.  In any case, the class was not found. If the class uses a third party package, then the class would be present only if the third party package was found at compile time.  It may be necessary to upgrade Java or install the third party package, reconfigure and recompile.
Because:
Element <entity name="MicaLeds" class="ptolemy.domains.ptinyos.lib.MicaLeds"> caused an exception to be thrown.
  in .MicaBoard
Because:
Cannot find class: ptolemy.domains.ptinyos.lib.MicaLeds. In Ptolemy, classes are typically Java .class files. Entities like actors may instead be defined within a .xml file.  In any case, the class was not found. If the class uses a third party package, then the class would be present only if the third party package was found at compile time.  It may be necessary to upgrade Java or install the third party package, reconfigure and recompile.
Because:
-- /home/travis/build/icyphy/ptII/ptolemy/actor/ptalon/demo/ptinyos/SenseToLeds/ptolemy/domains/ptinyos/lib/MicaLeds.xml (No such file or directory)
-- XML file not found relative to classpath.
-- /home/travis/build/icyphy/ptII/ptolemy/vergil/basic/export/test/ptolemy/domains/ptinyos/lib/MicaLeds.xml
/home/travis/build/icyphy/ptII/ptolemy/vergil/basic/export/test/ptolemy/domains/ptinyos/lib/MicaLeds.xml (No such file or directory)
 in file:/home/travis/build/icyphy/ptII/ptolemy/actor/ptalon/demo/ptinyos/SenseToLeds/MicaBoard.xml at line 134 and column 63
	at ptolemy.moml.SimpleErrorHandler.handleError(SimpleErrorHandler.java:75)
	at ptolemy.moml.MoMLParser.startElement(MoMLParser.java:3805)
	at com.microstar.xml.XmlParser.parseElement(XmlParser.java:931)
	at com.microstar.xml.XmlParser.parseDocument(XmlParser.java:481)
	at com.microstar.xml.XmlParser.doParse(XmlParser.java:159)
	at com.microstar.xml.XmlParser.parse(XmlParser.java:132)
	at ptolemy.moml.MoMLParser.parse(MoMLParser.java:1660)
	at ptolemy.moml.MoMLParser.parse(MoMLParser.java:1617)
	at ptolemy.moml.MoMLParser.parse(MoMLParser.java:1792)
	at ptolemy.actor.ptalon.PtalonEvaluator.addActor(PtalonEvaluator.java:241)
	... 56 more
Caused by: ptolemy.kernel.util.IllegalActionException: Cannot find class: ptolemy.actor.ptalon.demo.ptinyos.SenseToLeds.MicaBoard. In Ptolemy, classes are typically Java .class files. Entities like actors may instead be defined within a .xml file.  In any case, the class was not found. If the class uses a third party package, then the class would be present only if the third party package was found at compile time.  It may be necessary to upgrade Java or install the third party package, reconfigure and recompile.
Because:
Element <entity name="MicaLeds" class="ptolemy.domains.ptinyos.lib.MicaLeds"> caused an exception to be thrown.
  in .MicaBoard
Because:
Cannot find class: ptolemy.domains.ptinyos.lib.MicaLeds. In Ptolemy, classes are typically Java .class files. Entities like actors may instead be defined within a .xml file.  In any case, the class was not found. If the class uses a third party package, then the class would be present only if the third party package was found at compile time.  It may be necessary to upgrade Java or install the third party package, reconfigure and recompile.
Because:
-- /home/travis/build/icyphy/ptII/ptolemy/actor/ptalon/demo/ptinyos/SenseToLeds/ptolemy/domains/ptinyos/lib/MicaLeds.xml (No such file or directory)
-- XML file not found relative to classpath.
-- /home/travis/build/icyphy/ptII/ptolemy/vergil/basic/export/test/ptolemy/domains/ptinyos/lib/MicaLeds.xml
/home/travis/build/icyphy/ptII/ptolemy/vergil/basic/export/test/ptolemy/domains/ptinyos/lib/MicaLeds.xml (No such file or directory)
 in file:/home/travis/build/icyphy/ptII/ptolemy/actor/ptalon/demo/ptinyos/SenseToLeds/MicaBoard.xml at line 134 and column 63
	at ptolemy.moml.MoMLParser._createEntity(MoMLParser.java:4330)
	at ptolemy.moml.MoMLParser.startElement(MoMLParser.java:2864)
	... 64 more
Caused by: ptolemy.kernel.util.InternalErrorException: Element <entity name="MicaLeds" class="ptolemy.domains.ptinyos.lib.MicaLeds"> caused an exception to be thrown.
  in .MicaBoard
Because:
Cannot find class: ptolemy.domains.ptinyos.lib.MicaLeds. In Ptolemy, classes are typically Java .class files. Entities like actors may instead be defined within a .xml file.  In any case, the class was not found. If the class uses a third party package, then the class would be present only if the third party package was found at compile time.  It may be necessary to upgrade Java or install the third party package, reconfigure and recompile.
Because:
-- /home/travis/build/icyphy/ptII/ptolemy/actor/ptalon/demo/ptinyos/SenseToLeds/ptolemy/domains/ptinyos/lib/MicaLeds.xml (No such file or directory)
-- XML file not found relative to classpath.
-- /home/travis/build/icyphy/ptII/ptolemy/vergil/basic/export/test/ptolemy/domains/ptinyos/lib/MicaLeds.xml
/home/travis/build/icyphy/ptII/ptolemy/vergil/basic/export/test/ptolemy/domains/ptinyos/lib/MicaLeds.xml (No such file or directory)
 in file:/home/travis/build/icyphy/ptII/ptolemy/actor/ptalon/demo/ptinyos/SenseToLeds/MicaBoard.xml at line 134 and column 63
	at ptolemy.moml.SimpleErrorHandler.handleError(SimpleErrorHandler.java:75)
	at ptolemy.moml.MoMLParser.startElement(MoMLParser.java:3805)
	at com.microstar.xml.XmlParser.parseElement(XmlParser.java:921)
	at com.microstar.xml.XmlParser.parseContent(XmlParser.java:1104)
	at com.microstar.xml.XmlParser.parseElement(XmlParser.java:924)
	at com.microstar.xml.XmlParser.parseDocument(XmlParser.java:481)
	at com.microstar.xml.XmlParser.doParse(XmlParser.java:159)
	at com.microstar.xml.XmlParser.parse(XmlParser.java:132)
	at ptolemy.moml.MoMLParser.parse(MoMLParser.java:1676)
	at ptolemy.moml.MoMLParser.parse(MoMLParser.java:1595)
	at ptolemy.moml.MoMLParser.parse(MoMLParser.java:1537)
	at ptolemy.moml.MoMLParser._findOrParse(MoMLParser.java:5286)
	at ptolemy.moml.MoMLParser._attemptToFindMoMLClass(MoMLParser.java:4075)
	at ptolemy.moml.MoMLParser._createEntity(MoMLParser.java:4323)
	... 65 more
Caused by: ptolemy.kernel.util.IllegalActionException: Cannot find class: ptolemy.domains.ptinyos.lib.MicaLeds. In Ptolemy, classes are typically Java .class files. Entities like actors may instead be defined within a .xml file.  In any case, the class was not found. If the class uses a third party package, then the class would be present only if the third party package was found at compile time.  It may be necessary to upgrade Java or install the third party package, reconfigure and recompile.
Because:
-- /home/travis/build/icyphy/ptII/ptolemy/actor/ptalon/demo/ptinyos/SenseToLeds/ptolemy/domains/ptinyos/lib/MicaLeds.xml (No such file or directory)
-- XML file not found relative to classpath.
-- /home/travis/build/icyphy/ptII/ptolemy/vergil/basic/export/test/ptolemy/domains/ptinyos/lib/MicaLeds.xml
/home/travis/build/icyphy/ptII/ptolemy/vergil/basic/export/test/ptolemy/domains/ptinyos/lib/MicaLeds.xml (No such file or directory)
 in file:/home/travis/build/icyphy/ptII/ptolemy/actor/ptalon/demo/ptinyos/SenseToLeds/MicaBoard.xml at line 134 and column 63
	at ptolemy.moml.MoMLParser._createEntity(MoMLParser.java:4330)
	at ptolemy.moml.MoMLParser.startElement(MoMLParser.java:2864)
	... 77 more
Caused by: com.microstar.xml.XmlException: -- /home/travis/build/icyphy/ptII/ptolemy/actor/ptalon/demo/ptinyos/SenseToLeds/ptolemy/domains/ptinyos/lib/MicaLeds.xml (No such file or directory)
-- XML file not found relative to classpath.
-- /home/travis/build/icyphy/ptII/ptolemy/vergil/basic/export/test/ptolemy/domains/ptinyos/lib/MicaLeds.xml
/home/travis/build/icyphy/ptII/ptolemy/vergil/basic/export/test/ptolemy/domains/ptinyos/lib/MicaLeds.xml (No such file or directory)
 in file:/home/travis/build/icyphy/ptII/ptolemy/actor/ptalon/demo/ptinyos/SenseToLeds/MicaBoard.xml at line 134 and column 63
	at ptolemy.moml.MoMLParser.fileNameToURL(MoMLParser.java:1414)
	at ptolemy.moml.MoMLParser._findOrParse(MoMLParser.java:5283)
	at ptolemy.moml.MoMLParser._attemptToFindMoMLClass(MoMLParser.java:4075)
	at ptolemy.moml.MoMLParser._createEntity(MoMLParser.java:4323)
	... 78 more
Caused by: ptolemy.actor.ptalon.PtalonRuntimeException: Unable to add actor null
	at ptolemy.actor.ptalon.PtalonEvaluator.addActor(PtalonEvaluator.java:300)
	at ptolemy.actor.ptalon.PtalonPopulator.actor_declaration(PtalonPopulator.java:1574)
	at ptolemy.actor.ptalon.PtalonPopulator.atomic_statement(PtalonPopulator.java:1638)
	at ptolemy.actor.ptalon.PtalonPopulator.iterative_statement_evaluator(PtalonPopulator.java:2484)
	at ptolemy.actor.ptalon.AbstractPtalonEvaluator$IfTree.evaluateForScope(AbstractPtalonEvaluator.java:1307)
	at ptolemy.actor.ptalon.AbstractPtalonEvaluator.evaluateForScope(AbstractPtalonEvaluator.java:744)
	at ptolemy.actor.ptalon.PtalonPopulator.iterative_statement(PtalonPopulator.java:2363)
	at ptolemy.actor.ptalon.PtalonPopulator.actor_definition(PtalonPopulator.java:2809)
	at ptolemy.actor.ptalon.PtalonActor.attributeChanged(PtalonActor.java:206)
	at ptolemy.actor.ptalon.PtalonMLHandler.startElement(PtalonMLHandler.java:134)
	at com.microstar.xml.XmlParser.parseElement(XmlParser.java:921)
	at com.microstar.xml.XmlParser.parseContent(XmlParser.java:1104)
	at com.microstar.xml.XmlParser.parseElement(XmlParser.java:924)
	at com.microstar.xml.XmlParser.parseDocument(XmlParser.java:481)
	at com.microstar.xml.XmlParser.doParse(XmlParser.java:159)
	at com.microstar.xml.XmlParser.parse(XmlParser.java:132)
	at ptolemy.actor.ptalon.PtalonActor.configure(PtalonActor.java:240)
	at ptolemy.moml.MoMLParser.endElement(MoMLParser.java:996)
	at com.microstar.xml.XmlParser.parseETag(XmlParser.java:1026)
	at com.microstar.xml.XmlParser.parseContent(XmlParser.java:1098)
	at com.microstar.xml.XmlParser.parseElement(XmlParser.java:924)
	at com.microstar.xml.XmlParser.parseContent(XmlParser.java:1104)
	at com.microstar.xml.XmlParser.parseElement(XmlParser.java:924)
	at com.microstar.xml.XmlParser.parseContent(XmlParser.java:1104)
	at com.microstar.xml.XmlParser.parseElement(XmlParser.java:924)
	at com.microstar.xml.XmlParser.parseDocument(XmlParser.java:481)
	at com.microstar.xml.XmlParser.doParse(XmlParser.java:159)
	at com.microstar.xml.XmlParser.parse(XmlParser.java:132)
	at ptolemy.moml.MoMLParser.parse(MoMLParser.java:1676)
	at ptolemy.moml.MoMLParser.parse(MoMLParser.java:1595)
	at ptolemy.moml.MoMLParser.parse(MoMLParser.java:1537)
	at ptolemy.actor.gui.PtolemyEffigy$Factory.createEffigy(PtolemyEffigy.java:424)
	at ptolemy.actor.gui.EffigyFactory.createEffigy(EffigyFactory.java:234)
	at ptolemy.actor.gui.Configuration.openModel(Configuration.java:1125)
	at ptolemy.actor.gui.Configuration.openModel(Configuration.java:1051)
	at ptolemy.actor.gui.ConfigurationApplication._openModel(ConfigurationApplication.java:1252)
	at ptolemy.actor.gui.ConfigurationApplication._parseArg(ConfigurationApplication.java:1399)
	at ptolemy.actor.gui.ConfigurationApplication._parseArgs(ConfigurationApplication.java:1478)
	at ptolemy.actor.gui.ConfigurationApplication.<init>(ConfigurationApplication.java:277)
	at ptolemy.actor.gui.ConfigurationApplication.<init>(ConfigurationApplication.java:214)
	at ptolemy.actor.gui.ConfigurationApplication.<init>(ConfigurationApplication.java:201)
	at ptolemy.actor.gui.ConfigurationApplication.openModelOrEntity(ConfigurationApplication.java:680)
	at ptolemy.vergil.basic.export.ExportModel$1.run(ExportModel.java:220)
	at java.awt.event.InvocationEvent.dispatch(InvocationEvent.java:301)
	at java.awt.EventQueue.dispatchEventImpl(EventQueue.java:756)
	at java.awt.EventQueue.access$500(EventQueue.java:97)
	at java.awt.EventQueue$3.run(EventQueue.java:709)
	at java.awt.EventQueue$3.run(EventQueue.java:703)
	at java.security.AccessController.doPrivileged(Native Method)
	at java.security.ProtectionDomain$JavaSecurityAccessImpl.doIntersectionPrivilege(ProtectionDomain.java:80)
	at java.awt.EventQueue.dispatchEvent(EventQueue.java:726)
	at java.awt.EventDispatchThread.pumpOneEventForFilters(EventDispatchThread.java:201)
	at java.awt.EventDispatchThread.pumpEventsForFilter(EventDispatchThread.java:116)
	at java.awt.EventDispatchThread.pumpEventsForHierarchy(EventDispatchThread.java:105)
	at java.awt.EventDispatchThread.pumpEvents(EventDispatchThread.java:101)
	at java.awt.EventDispatchThread.pumpEvents(EventDispatchThread.java:93)
	at java.awt.EventDispatchThread.run(EventDispatchThread.java:82)
Caused by: ptolemy.kernel.util.InternalErrorException: Element <entity name="node1" class="ptolemy.actor.ptalon.demo.ptinyos.SenseToLeds.MicaBoard"> caused an exception to be thrown.
  in .SenseToLeds.SenseToLeds
Because:
Cannot find class: ptolemy.actor.ptalon.demo.ptinyos.SenseToLeds.MicaBoard. In Ptolemy, classes are typically Java .class files. Entities like actors may instead be defined within a .xml file.  In any case, the class was not found. If the class uses a third party package, then the class would be present only if the third party package was found at compile time.  It may be necessary to upgrade Java or install the third party package, reconfigure and recompile.
Because:
Element <entity name="MicaLeds" class="ptolemy.domains.ptinyos.lib.MicaLeds"> caused an exception to be thrown.
  in .MicaBoard
Because:
Cannot find class: ptolemy.domains.ptinyos.lib.MicaLeds. In Ptolemy, classes are typically Java .class files. Entities like actors may instead be defined within a .xml file.  In any case, the class was not found. If the class uses a third party package, then the class would be present only if the third party package was found at compile time.  It may be necessary to upgrade Java or install the third party package, reconfigure and recompile.
Because:
-- /home/travis/build/icyphy/ptII/ptolemy/actor/ptalon/demo/ptinyos/SenseToLeds/ptolemy/domains/ptinyos/lib/MicaLeds.xml (No such file or directory)
-- XML file not found relative to classpath.
-- /home/travis/build/icyphy/ptII/ptolemy/vergil/basic/export/test/ptolemy/domains/ptinyos/lib/MicaLeds.xml
/home/travis/build/icyphy/ptII/ptolemy/vergil/basic/export/test/ptolemy/domains/ptinyos/lib/MicaLeds.xml (No such file or directory)
 in file:/home/travis/build/icyphy/ptII/ptolemy/actor/ptalon/demo/ptinyos/SenseToLeds/MicaBoard.xml at line 134 and column 63
	at ptolemy.moml.SimpleErrorHandler.handleError(SimpleErrorHandler.java:75)
	at ptolemy.moml.MoMLParser.startElement(MoMLParser.java:3805)
	at com.microstar.xml.XmlParser.parseElement(XmlParser.java:931)
	at com.microstar.xml.XmlParser.parseDocument(XmlParser.java:481)
	at com.microstar.xml.XmlParser.doParse(XmlParser.java:159)
	at com.microstar.xml.XmlParser.parse(XmlParser.java:132)
	at ptolemy.moml.MoMLParser.parse(MoMLParser.java:1660)
	at ptolemy.moml.MoMLParser.parse(MoMLParser.java:1617)
	at ptolemy.moml.MoMLParser.parse(MoMLParser.java:1792)
	at ptolemy.actor.ptalon.PtalonEvaluator.addActor(PtalonEvaluator.java:241)
	... 56 more
Caused by: ptolemy.kernel.util.IllegalActionException: Cannot find class: ptolemy.actor.ptalon.demo.ptinyos.SenseToLeds.MicaBoard. In Ptolemy, classes are typically Java .class files. Entities like actors may instead be defined within a .xml file.  In any case, the class was not found. If the class uses a third party package, then the class would be present only if the third party package was found at compile time.  It may be necessary to upgrade Java or install the third party package, reconfigure and recompile.
Because:
Element <entity name="MicaLeds" class="ptolemy.domains.ptinyos.lib.MicaLeds"> caused an exception to be thrown.
  in .MicaBoard
Because:
Cannot find class: ptolemy.domains.ptinyos.lib.MicaLeds. In Ptolemy, classes are typically Java .class files. Entities like actors may instead be defined within a .xml file.  In any case, the class was not found. If the class uses a third party package, then the class would be present only if the third party package was found at compile time.  It may be necessary to upgrade Java or install the third party package, reconfigure and recompile.
Because:
-- /home/travis/build/icyphy/ptII/ptolemy/actor/ptalon/demo/ptinyos/SenseToLeds/ptolemy/domains/ptinyos/lib/MicaLeds.xml (No such file or directory)
-- XML file not found relative to classpath.
-- /home/travis/build/icyphy/ptII/ptolemy/vergil/basic/export/test/ptolemy/domains/ptinyos/lib/MicaLeds.xml
/home/travis/build/icyphy/ptII/ptolemy/vergil/basic/export/test/ptolemy/domains/ptinyos/lib/MicaLeds.xml (No such file or directory)
 in file:/home/travis/build/icyphy/ptII/ptolemy/actor/ptalon/demo/ptinyos/SenseToLeds/MicaBoard.xml at line 134 and column 63
	at ptolemy.moml.MoMLParser._createEntity(MoMLParser.java:4330)
	at ptolemy.moml.MoMLParser.startElement(MoMLParser.java:2864)
	... 64 more
Caused by: ptolemy.kernel.util.InternalErrorException: Element <entity name="MicaLeds" class="ptolemy.domains.ptinyos.lib.MicaLeds"> caused an exception to be thrown.
  in .MicaBoard
Because:
Cannot find class: ptolemy.domains.ptinyos.lib.MicaLeds. In Ptolemy, classes are typically Java .class files. Entities like actors may instead be defined within a .xml file.  In any case, the class was not found. If the class uses a third party package, then the class would be present only if the third party package was found at compile time.  It may be necessary to upgrade Java or install the third party package, reconfigure and recompile.
Because:
-- /home/travis/build/icyphy/ptII/ptolemy/actor/ptalon/demo/ptinyos/SenseToLeds/ptolemy/domains/ptinyos/lib/MicaLeds.xml (No such file or directory)
-- XML file not found relative to classpath.
-- /home/travis/build/icyphy/ptII/ptolemy/vergil/basic/export/test/ptolemy/domains/ptinyos/lib/MicaLeds.xml
/home/travis/build/icyphy/ptII/ptolemy/vergil/basic/export/test/ptolemy/domains/ptinyos/lib/MicaLeds.xml (No such file or directory)
 in file:/home/travis/build/icyphy/ptII/ptolemy/actor/ptalon/demo/ptinyos/SenseToLeds/MicaBoard.xml at line 134 and column 63
	at ptolemy.moml.SimpleErrorHandler.handleError(SimpleErrorHandler.java:75)
	at ptolemy.moml.MoMLParser.startElement(MoMLParser.java:3805)
	at com.microstar.xml.XmlParser.parseElement(XmlParser.java:921)
	at com.microstar.xml.XmlParser.parseContent(XmlParser.java:1104)
	at com.microstar.xml.XmlParser.parseElement(XmlParser.java:924)
	at com.microstar.xml.XmlParser.parseDocument(XmlParser.java:481)
	at com.microstar.xml.XmlParser.doParse(XmlParser.java:159)
	at com.microstar.xml.XmlParser.parse(XmlParser.java:132)
	at ptolemy.moml.MoMLParser.parse(MoMLParser.java:1676)
	at ptolemy.moml.MoMLParser.parse(MoMLParser.java:1595)
	at ptolemy.moml.MoMLParser.parse(MoMLParser.java:1537)
	at ptolemy.moml.MoMLParser._findOrParse(MoMLParser.java:5286)
	at ptolemy.moml.MoMLParser._attemptToFindMoMLClass(MoMLParser.java:4075)
	at ptolemy.moml.MoMLParser._createEntity(MoMLParser.java:4323)
	... 65 more
Caused by: ptolemy.kernel.util.IllegalActionException: Cannot find class: ptolemy.domains.ptinyos.lib.MicaLeds. In Ptolemy, classes are typically Java .class files. Entities like actors may instead be defined within a .xml file.  In any case, the class was not found. If the class uses a third party package, then the class would be present only if the third party package was found at compile time.  It may be necessary to upgrade Java or install the third party package, reconfigure and recompile.
Because:
-- /home/travis/build/icyphy/ptII/ptolemy/actor/ptalon/demo/ptinyos/SenseToLeds/ptolemy/domains/ptinyos/lib/MicaLeds.xml (No such file or directory)
-- XML file not found relative to classpath.
-- /home/travis/build/icyphy/ptII/ptolemy/vergil/basic/export/test/ptolemy/domains/ptinyos/lib/MicaLeds.xml
/home/travis/build/icyphy/ptII/ptolemy/vergil/basic/export/test/ptolemy/domains/ptinyos/lib/MicaLeds.xml (No such file or directory)
 in file:/home/travis/build/icyphy/ptII/ptolemy/actor/ptalon/demo/ptinyos/SenseToLeds/MicaBoard.xml at line 134 and column 63
	at ptolemy.moml.MoMLParser._createEntity(MoMLParser.java:4330)
	at ptolemy.moml.MoMLParser.startElement(MoMLParser.java:2864)
	... 77 more
Caused by: com.microstar.xml.XmlException: -- /home/travis/build/icyphy/ptII/ptolemy/actor/ptalon/demo/ptinyos/SenseToLeds/ptolemy/domains/ptinyos/lib/MicaLeds.xml (No such file or directory)
-- XML file not found relative to classpath.
-- /home/travis/build/icyphy/ptII/ptolemy/vergil/basic/export/test/ptolemy/domains/ptinyos/lib/MicaLeds.xml
/home/travis/build/icyphy/ptII/ptolemy/vergil/basic/export/test/ptolemy/domains/ptinyos/lib/MicaLeds.xml (No such file or directory)
 in file:/home/travis/build/icyphy/ptII/ptolemy/actor/ptalon/demo/ptinyos/SenseToLeds/MicaBoard.xml at line 134 and column 63
	at ptolemy.moml.MoMLParser.fileNameToURL(MoMLParser.java:1414)
	at ptolemy.moml.MoMLParser._findOrParse(MoMLParser.java:5283)
	at ptolemy.moml.MoMLParser._attemptToFindMoMLClass(MoMLParser.java:4075)
	at ptolemy.moml.MoMLParser._createEntity(MoMLParser.java:4323)
	... 78 more
Failed to read file:/home/travis/build/icyphy/ptII/ptolemy/actor/ptalon/demo/ptinyos/SenseToLeds/SenseToLeds.xml
ptolemy.kernel.util.IllegalActionException: Failed to process attribute change to PtalonParameter, whose value is "ptolemy.actor.ptalon.PtalonExpressionParameter {.SenseToLeds.SenseToLeds.n} 2".
  in .SenseToLeds.SenseToLeds
Because:
Unable to add actor null
	at ptolemy.actor.ptalon.PtalonActor.attributeChanged(PtalonActor.java:211)
	at ptolemy.actor.ptalon.PtalonMLHandler.startElement(PtalonMLHandler.java:134)
	at com.microstar.xml.XmlParser.parseElement(XmlParser.java:921)
	at com.microstar.xml.XmlParser.parseContent(XmlParser.java:1104)
	at com.microstar.xml.XmlParser.parseElement(XmlParser.java:924)
	at com.microstar.xml.XmlParser.parseDocument(XmlParser.java:481)
	at com.microstar.xml.XmlParser.doParse(XmlParser.java:159)
	at com.microstar.xml.XmlParser.parse(XmlParser.java:132)
	at ptolemy.actor.ptalon.PtalonActor.configure(PtalonActor.java:240)
	at ptolemy.moml.MoMLParser.endElement(MoMLParser.java:996)
	at com.microstar.xml.XmlParser.parseETag(XmlParser.java:1026)
	at com.microstar.xml.XmlParser.parseContent(XmlParser.java:1098)
	at com.microstar.xml.XmlParser.parseElement(XmlParser.java:924)
	at com.microstar.xml.XmlParser.parseContent(XmlParser.java:1104)
	at com.microstar.xml.XmlParser.parseElement(XmlParser.java:924)
	at com.microstar.xml.XmlParser.parseContent(XmlParser.java:1104)
	at com.microstar.xml.XmlParser.parseElement(XmlParser.java:924)
	at com.microstar.xml.XmlParser.parseDocument(XmlParser.java:481)
	at com.microstar.xml.XmlParser.doParse(XmlParser.java:159)
	at com.microstar.xml.XmlParser.parse(XmlParser.java:132)
	at ptolemy.moml.MoMLParser.parse(MoMLParser.java:1676)
	at ptolemy.moml.MoMLParser.parse(MoMLParser.java:1595)
	at ptolemy.moml.MoMLParser.parse(MoMLParser.java:1537)
	at ptolemy.actor.gui.PtolemyEffigy$Factory.createEffigy(PtolemyEffigy.java:424)
	at ptolemy.actor.gui.EffigyFactory.createEffigy(EffigyFactory.java:234)
	at ptolemy.actor.gui.Configuration.openModel(Configuration.java:1125)
	at ptolemy.actor.gui.Configuration.openModel(Configuration.java:1051)
	at ptolemy.actor.gui.ConfigurationApplication._openModel(ConfigurationApplication.java:1252)
	at ptolemy.actor.gui.ConfigurationApplication._parseArg(ConfigurationApplication.java:1399)
	at ptolemy.actor.gui.ConfigurationApplication._parseArgs(ConfigurationApplication.java:1478)
	at ptolemy.actor.gui.ConfigurationApplication.<init>(ConfigurationApplication.java:277)
	at ptolemy.actor.gui.ConfigurationApplication.<init>(ConfigurationApplication.java:214)
	at ptolemy.actor.gui.ConfigurationApplication.<init>(ConfigurationApplication.java:201)
	at ptolemy.actor.gui.ConfigurationApplication.openModelOrEntity(ConfigurationApplication.java:680)
	at ptolemy.vergil.basic.export.ExportModel$1.run(ExportModel.java:220)
	at java.awt.event.InvocationEvent.dispatch(InvocationEvent.java:301)
	at java.awt.EventQueue.dispatchEventImpl(EventQueue.java:756)
	at java.awt.EventQueue.access$500(EventQueue.java:97)
	at java.awt.EventQueue$3.run(EventQueue.java:709)
	at java.awt.EventQueue$3.run(EventQueue.java:703)
	at java.security.AccessController.doPrivileged(Native Method)
	at java.security.ProtectionDomain$JavaSecurityAccessImpl.doIntersectionPrivilege(ProtectionDomain.java:80)
	at java.awt.EventQueue.dispatchEvent(EventQueue.java:726)
	at java.awt.EventDispatchThread.pumpOneEventForFilters(EventDispatchThread.java:201)
	at java.awt.EventDispatchThread.pumpEventsForFilter(EventDispatchThread.java:116)
	at java.awt.EventDispatchThread.pumpEventsForHierarchy(EventDispatchThread.java:105)
	at java.awt.EventDispatchThread.pumpEvents(EventDispatchThread.java:101)
	at java.awt.EventDispatchThread.pumpEvents(EventDispatchThread.java:93)
	at java.awt.EventDispatchThread.run(EventDispatchThread.java:82)
Caused by: ptolemy.actor.ptalon.PtalonRuntimeException: Unable to add actor null
	at ptolemy.actor.ptalon.PtalonEvaluator.addActor(PtalonEvaluator.java:300)
	at ptolemy.actor.ptalon.PtalonPopulator.actor_declaration(PtalonPopulator.java:1574)
	at ptolemy.actor.ptalon.PtalonPopulator.atomic_statement(PtalonPopulator.java:1638)
	at ptolemy.actor.ptalon.PtalonPopulator.iterative_statement_evaluator(PtalonPopulator.java:2484)
	at ptolemy.actor.ptalon.AbstractPtalonEvaluator$IfTree.evaluateForScope(AbstractPtalonEvaluator.java:1307)
	at ptolemy.actor.ptalon.AbstractPtalonEvaluator.evaluateForScope(AbstractPtalonEvaluator.java:744)
	at ptolemy.actor.ptalon.PtalonPopulator.iterative_statement(PtalonPopulator.java:2363)
	at ptolemy.actor.ptalon.PtalonPopulator.actor_definition(PtalonPopulator.java:2809)
	at ptolemy.actor.ptalon.PtalonActor.attributeChanged(PtalonActor.java:206)
	... 48 more
Caused by: ptolemy.kernel.util.InternalErrorException: Element <entity name="node1" class="ptolemy.actor.ptalon.demo.ptinyos.SenseToLeds.MicaBoard"> caused an exception to be thrown.
  in .SenseToLeds.SenseToLeds
Because:
Cannot find class: ptolemy.actor.ptalon.demo.ptinyos.SenseToLeds.MicaBoard. In Ptolemy, classes are typically Java .class files. Entities like actors may instead be defined within a .xml file.  In any case, the class was not found. If the class uses a third party package, then the class would be present only if the third party package was found at compile time.  It may be necessary to upgrade Java or install the third party package, reconfigure and recompile.
Because:
Element <entity name="MicaLeds" class="ptolemy.domains.ptinyos.lib.MicaLeds"> caused an exception to be thrown.
  in .MicaBoard
Because:
Cannot find class: ptolemy.domains.ptinyos.lib.MicaLeds. In Ptolemy, classes are typically Java .class files. Entities like actors may instead be defined within a .xml file.  In any case, the class was not found. If the class uses a third party package, then the class would be present only if the third party package was found at compile time.  It may be necessary to upgrade Java or install the third party package, reconfigure and recompile.
Because:
-- /home/travis/build/icyphy/ptII/ptolemy/actor/ptalon/demo/ptinyos/SenseToLeds/ptolemy/domains/ptinyos/lib/MicaLeds.xml (No such file or directory)
-- XML file not found relative to classpath.
-- /home/travis/build/icyphy/ptII/ptolemy/vergil/basic/export/test/ptolemy/domains/ptinyos/lib/MicaLeds.xml
/home/travis/build/icyphy/ptII/ptolemy/vergil/basic/export/test/ptolemy/domains/ptinyos/lib/MicaLeds.xml (No such file or directory)
 in file:/home/travis/build/icyphy/ptII/ptolemy/actor/ptalon/demo/ptinyos/SenseToLeds/MicaBoard.xml at line 134 and column 63
	at ptolemy.moml.SimpleErrorHandler.handleError(SimpleErrorHandler.java:75)
	at ptolemy.moml.MoMLParser.startElement(MoMLParser.java:3805)
	at com.microstar.xml.XmlParser.parseElement(XmlParser.java:931)
	at com.microstar.xml.XmlParser.parseDocument(XmlParser.java:481)
	at com.microstar.xml.XmlParser.doParse(XmlParser.java:159)
	at com.microstar.xml.XmlParser.parse(XmlParser.java:132)
	at ptolemy.moml.MoMLParser.parse(MoMLParser.java:1660)
	at ptolemy.moml.MoMLParser.parse(MoMLParser.java:1617)
	at ptolemy.moml.MoMLParser.parse(MoMLParser.java:1792)
	at ptolemy.actor.ptalon.PtalonEvaluator.addActor(PtalonEvaluator.java:241)
	... 56 more
Caused by: ptolemy.kernel.util.IllegalActionException: Cannot find class: ptolemy.actor.ptalon.demo.ptinyos.SenseToLeds.MicaBoard. In Ptolemy, classes are typically Java .class files. Entities like actors may instead be defined within a .xml file.  In any case, the class was not found. If the class uses a third party package, then the class would be present only if the third party package was found at compile time.  It may be necessary to upgrade Java or install the third party package, reconfigure and recompile.
Because:
Element <entity name="MicaLeds" class="ptolemy.domains.ptinyos.lib.MicaLeds"> caused an exception to be thrown.
  in .MicaBoard
Because:
Cannot find class: ptolemy.domains.ptinyos.lib.MicaLeds. In Ptolemy, classes are typically Java .class files. Entities like actors may instead be defined within a .xml file.  In any case, the class was not found. If the class uses a third party package, then the class would be present only if the third party package was found at compile time.  It may be necessary to upgrade Java or install the third party package, reconfigure and recompile.
Because:
-- /home/travis/build/icyphy/ptII/ptolemy/actor/ptalon/demo/ptinyos/SenseToLeds/ptolemy/domains/ptinyos/lib/MicaLeds.xml (No such file or directory)
-- XML file not found relative to classpath.
-- /home/travis/build/icyphy/ptII/ptolemy/vergil/basic/export/test/ptolemy/domains/ptinyos/lib/MicaLeds.xml
/home/travis/build/icyphy/ptII/ptolemy/vergil/basic/export/test/ptolemy/domains/ptinyos/lib/MicaLeds.xml (No such file or directory)
 in file:/home/travis/build/icyphy/ptII/ptolemy/actor/ptalon/demo/ptinyos/SenseToLeds/MicaBoard.xml at line 134 and column 63
	at ptolemy.moml.MoMLParser._createEntity(MoMLParser.java:4330)
	at ptolemy.moml.MoMLParser.startElement(MoMLParser.java:2864)
	... 64 more
Caused by: ptolemy.kernel.util.InternalErrorException: Element <entity name="MicaLeds" class="ptolemy.domains.ptinyos.lib.MicaLeds"> caused an exception to be thrown.
  in .MicaBoard
Because:
Cannot find class: ptolemy.domains.ptinyos.lib.MicaLeds. In Ptolemy, classes are typically Java .class files. Entities like actors may instead be defined within a .xml file.  In any case, the class was not found. If the class uses a third party package, then the class would be present only if the third party package was found at compile time.  It may be necessary to upgrade Java or install the third party package, reconfigure and recompile.
Because:
-- /home/travis/build/icyphy/ptII/ptolemy/actor/ptalon/demo/ptinyos/SenseToLeds/ptolemy/domains/ptinyos/lib/MicaLeds.xml (No such file or directory)
-- XML file not found relative to classpath.
-- /home/travis/build/icyphy/ptII/ptolemy/vergil/basic/export/test/ptolemy/domains/ptinyos/lib/MicaLeds.xml
/home/travis/build/icyphy/ptII/ptolemy/vergil/basic/export/test/ptolemy/domains/ptinyos/lib/MicaLeds.xml (No such file or directory)
 in file:/home/travis/build/icyphy/ptII/ptolemy/actor/ptalon/demo/ptinyos/SenseToLeds/MicaBoard.xml at line 134 and column 63
	at ptolemy.moml.SimpleErrorHandler.handleError(SimpleErrorHandler.java:75)
	at ptolemy.moml.MoMLParser.startElement(MoMLParser.java:3805)
	at com.microstar.xml.XmlParser.parseElement(XmlParser.java:921)
	at com.microstar.xml.XmlParser.parseContent(XmlParser.java:1104)
	at com.microstar.xml.XmlParser.parseElement(XmlParser.java:924)
	at com.microstar.xml.XmlParser.parseDocument(XmlParser.java:481)
	at com.microstar.xml.XmlParser.doParse(XmlParser.java:159)
	at com.microstar.xml.XmlParser.parse(XmlParser.java:132)
	at ptolemy.moml.MoMLParser.parse(MoMLParser.java:1676)
	at ptolemy.moml.MoMLParser.parse(MoMLParser.java:1595)
	at ptolemy.moml.MoMLParser.parse(MoMLParser.java:1537)
	at ptolemy.moml.MoMLParser._findOrParse(MoMLParser.java:5286)
	at ptolemy.moml.MoMLParser._attemptToFindMoMLClass(MoMLParser.java:4075)
	at ptolemy.moml.MoMLParser._createEntity(MoMLParser.java:4323)
	... 65 more
Caused by: ptolemy.kernel.util.IllegalActionException: Cannot find class: ptolemy.domains.ptinyos.lib.MicaLeds. In Ptolemy, classes are typically Java .class files. Entities like actors may instead be defined within a .xml file.  In any case, the class was not found. If the class uses a third party package, then the class would be present only if the third party package was found at compile time.  It may be necessary to upgrade Java or install the third party package, reconfigure and recompile.
Because:
-- /home/travis/build/icyphy/ptII/ptolemy/actor/ptalon/demo/ptinyos/SenseToLeds/ptolemy/domains/ptinyos/lib/MicaLeds.xml (No such file or directory)
-- XML file not found relative to classpath.
-- /home/travis/build/icyphy/ptII/ptolemy/vergil/basic/export/test/ptolemy/domains/ptinyos/lib/MicaLeds.xml
/home/travis/build/icyphy/ptII/ptolemy/vergil/basic/export/test/ptolemy/domains/ptinyos/lib/MicaLeds.xml (No such file or directory)
 in file:/home/travis/build/icyphy/ptII/ptolemy/actor/ptalon/demo/ptinyos/SenseToLeds/MicaBoard.xml at line 134 and column 63
	at ptolemy.moml.MoMLParser._createEntity(MoMLParser.java:4330)
	at ptolemy.moml.MoMLParser.startElement(MoMLParser.java:2864)
	... 77 more
Caused by: com.microstar.xml.XmlException: -- /home/travis/build/icyphy/ptII/ptolemy/actor/ptalon/demo/ptinyos/SenseToLeds/ptolemy/domains/ptinyos/lib/MicaLeds.xml (No such file or directory)
-- XML file not found relative to classpath.
-- /home/travis/build/icyphy/ptII/ptolemy/vergil/basic/export/test/ptolemy/domains/ptinyos/lib/MicaLeds.xml
/home/travis/build/icyphy/ptII/ptolemy/vergil/basic/export/test/ptolemy/domains/ptinyos/lib/MicaLeds.xml (No such file or directory)
 in file:/home/travis/build/icyphy/ptII/ptolemy/actor/ptalon/demo/ptinyos/SenseToLeds/MicaBoard.xml at line 134 and column 63
	at ptolemy.moml.MoMLParser.fileNameToURL(MoMLParser.java:1414)
	at ptolemy.moml.MoMLParser._findOrParse(MoMLParser.java:5283)
	at ptolemy.moml.MoMLParser._attemptToFindMoMLClass(MoMLParser.java:4075)
	at ptolemy.moml.MoMLParser._createEntity(MoMLParser.java:4323)
	... 78 more
Caused by: ptolemy.actor.ptalon.PtalonRuntimeException: Unable to add actor null
	at ptolemy.actor.ptalon.PtalonEvaluator.addActor(PtalonEvaluator.java:300)
	at ptolemy.actor.ptalon.PtalonPopulator.actor_declaration(PtalonPopulator.java:1574)
	at ptolemy.actor.ptalon.PtalonPopulator.atomic_statement(PtalonPopulator.java:1638)
	at ptolemy.actor.ptalon.PtalonPopulator.iterative_statement_evaluator(PtalonPopulator.java:2484)
	at ptolemy.actor.ptalon.AbstractPtalonEvaluator$IfTree.evaluateForScope(AbstractPtalonEvaluator.java:1307)
	at ptolemy.actor.ptalon.AbstractPtalonEvaluator.evaluateForScope(AbstractPtalonEvaluator.java:744)
	at ptolemy.actor.ptalon.PtalonPopulator.iterative_statement(PtalonPopulator.java:2363)
	at ptolemy.actor.ptalon.PtalonPopulator.actor_definition(PtalonPopulator.java:2809)
	at ptolemy.actor.ptalon.PtalonActor.attributeChanged(PtalonActor.java:206)
	at ptolemy.actor.ptalon.PtalonMLHandler.startElement(PtalonMLHandler.java:134)
	at com.microstar.xml.XmlParser.parseElement(XmlParser.java:921)
	at com.microstar.xml.XmlParser.parseContent(XmlParser.java:1104)
	at com.microstar.xml.XmlParser.parseElement(XmlParser.java:924)
	at com.microstar.xml.XmlParser.parseDocument(XmlParser.java:481)
	at com.microstar.xml.XmlParser.doParse(XmlParser.java:159)
	at com.microstar.xml.XmlParser.parse(XmlParser.java:132)
	at ptolemy.actor.ptalon.PtalonActor.configure(PtalonActor.java:240)
	at ptolemy.moml.MoMLParser.endElement(MoMLParser.java:996)
	at com.microstar.xml.XmlParser.parseETag(XmlParser.java:1026)
	at com.microstar.xml.XmlParser.parseContent(XmlParser.java:1098)
	at com.microstar.xml.XmlParser.parseElement(XmlParser.java:924)
	at com.microstar.xml.XmlParser.parseContent(XmlParser.java:1104)
	at com.microstar.xml.XmlParser.parseElement(XmlParser.java:924)
	at com.microstar.xml.XmlParser.parseContent(XmlParser.java:1104)
	at com.microstar.xml.XmlParser.parseElement(XmlParser.java:924)
	at com.microstar.xml.XmlParser.parseDocument(XmlParser.java:481)
	at com.microstar.xml.XmlParser.doParse(XmlParser.java:159)
	at com.microstar.xml.XmlParser.parse(XmlParser.java:132)
	at ptolemy.moml.MoMLParser.parse(MoMLParser.java:1676)
	at ptolemy.moml.MoMLParser.parse(MoMLParser.java:1595)
	at ptolemy.moml.MoMLParser.parse(MoMLParser.java:1537)
	at ptolemy.actor.gui.PtolemyEffigy$Factory.createEffigy(PtolemyEffigy.java:424)
	at ptolemy.actor.gui.EffigyFactory.createEffigy(EffigyFactory.java:234)
	at ptolemy.actor.gui.Configuration.openModel(Configuration.java:1125)
	at ptolemy.actor.gui.Configuration.openModel(Configuration.java:1051)
	at ptolemy.actor.gui.ConfigurationApplication._openModel(ConfigurationApplication.java:1252)
	at ptolemy.actor.gui.ConfigurationApplication._parseArg(ConfigurationApplication.java:1399)
	at ptolemy.actor.gui.ConfigurationApplication._parseArgs(ConfigurationApplication.java:1478)
	at ptolemy.actor.gui.ConfigurationApplication.<init>(ConfigurationApplication.java:277)
	at ptolemy.actor.gui.ConfigurationApplication.<init>(ConfigurationApplication.java:214)
	at ptolemy.actor.gui.ConfigurationApplication.<init>(ConfigurationApplication.java:201)
	at ptolemy.actor.gui.ConfigurationApplication.openModelOrEntity(ConfigurationApplication.java:680)
	at ptolemy.vergil.basic.export.ExportModel$1.run(ExportModel.java:220)
	at java.awt.event.InvocationEvent.dispatch(InvocationEvent.java:301)
	at java.awt.EventQueue.dispatchEventImpl(EventQueue.java:756)
	at java.awt.EventQueue.access$500(EventQueue.java:97)
	at java.awt.EventQueue$3.run(EventQueue.java:709)
	at java.awt.EventQueue$3.run(EventQueue.java:703)
	at java.security.AccessController.doPrivileged(Native Method)
	at java.security.ProtectionDomain$JavaSecurityAccessImpl.doIntersectionPrivilege(ProtectionDomain.java:80)
	at java.awt.EventQueue.dispatchEvent(EventQueue.java:726)
	at java.awt.EventDispatchThread.pumpOneEventForFilters(EventDispatchThread.java:201)
	at java.awt.EventDispatchThread.pumpEventsForFilter(EventDispatchThread.java:116)
	at java.awt.EventDispatchThread.pumpEventsForHierarchy(EventDispatchThread.java:105)
	at java.awt.EventDispatchThread.pumpEvents(EventDispatchThread.java:101)
	at java.awt.EventDispatchThread.pumpEvents(EventDispatchThread.java:93)
	at java.awt.EventDispatchThread.run(EventDispatchThread.java:82)
Caused by: ptolemy.kernel.util.InternalErrorException: Element <entity name="node1" class="ptolemy.actor.ptalon.demo.ptinyos.SenseToLeds.MicaBoard"> caused an exception to be thrown.
  in .SenseToLeds.SenseToLeds
Because:
Cannot find class: ptolemy.actor.ptalon.demo.ptinyos.SenseToLeds.MicaBoard. In Ptolemy, classes are typically Java .class files. Entities like actors may instead be defined within a .xml file.  In any case, the class was not found. If the class uses a third party package, then the class would be present only if the third party package was found at compile time.  It may be necessary to upgrade Java or install the third party package, reconfigure and recompile.
Because:
Element <entity name="MicaLeds" class="ptolemy.domains.ptinyos.lib.MicaLeds"> caused an exception to be thrown.
  in .MicaBoard
Because:
Cannot find class: ptolemy.domains.ptinyos.lib.MicaLeds. In Ptolemy, classes are typically Java .class files. Entities like actors may instead be defined within a .xml file.  In any case, the class was not found. If the class uses a third party package, then the class would be present only if the third party package was found at compile time.  It may be necessary to upgrade Java or install the third party package, reconfigure and recompile.
Because:
-- /home/travis/build/icyphy/ptII/ptolemy/actor/ptalon/demo/ptinyos/SenseToLeds/ptolemy/domains/ptinyos/lib/MicaLeds.xml (No such file or directory)
-- XML file not found relative to classpath.
-- /home/travis/build/icyphy/ptII/ptolemy/vergil/basic/export/test/ptolemy/domains/ptinyos/lib/MicaLeds.xml
/home/travis/build/icyphy/ptII/ptolemy/vergil/basic/export/test/ptolemy/domains/ptinyos/lib/MicaLeds.xml (No such file or directory)
 in file:/home/travis/build/icyphy/ptII/ptolemy/actor/ptalon/demo/ptinyos/SenseToLeds/MicaBoard.xml at line 134 and column 63
	at ptolemy.moml.SimpleErrorHandler.handleError(SimpleErrorHandler.java:75)
	at ptolemy.moml.MoMLParser.startElement(MoMLParser.java:3805)
	at com.microstar.xml.XmlParser.parseElement(XmlParser.java:931)
	at com.microstar.xml.XmlParser.parseDocument(XmlParser.java:481)
	at com.microstar.xml.XmlParser.doParse(XmlParser.java:159)
	at com.microstar.xml.XmlParser.parse(XmlParser.java:132)
	at ptolemy.moml.MoMLParser.parse(MoMLParser.java:1660)
	at ptolemy.moml.MoMLParser.parse(MoMLParser.java:1617)
	at ptolemy.moml.MoMLParser.parse(MoMLParser.java:1792)
	at ptolemy.actor.ptalon.PtalonEvaluator.addActor(PtalonEvaluator.java:241)
	... 56 more
Caused by: ptolemy.kernel.util.IllegalActionException: Cannot find class: ptolemy.actor.ptalon.demo.ptinyos.SenseToLeds.MicaBoard. In Ptolemy, classes are typically Java .class files. Entities like actors may instead be defined within a .xml file.  In any case, the class was not found. If the class uses a third party package, then the class would be present only if the third party package was found at compile time.  It may be necessary to upgrade Java or install the third party package, reconfigure and recompile.
Because:
Element <entity name="MicaLeds" class="ptolemy.domains.ptinyos.lib.MicaLeds"> caused an exception to be thrown.
  in .MicaBoard
Because:
Cannot find class: ptolemy.domains.ptinyos.lib.MicaLeds. In Ptolemy, classes are typically Java .class files. Entities like actors may instead be defined within a .xml file.  In any case, the class was not found. If the class uses a third party package, then the class would be present only if the third party package was found at compile time.  It may be necessary to upgrade Java or install the third party package, reconfigure and recompile.
Because:
-- /home/travis/build/icyphy/ptII/ptolemy/actor/ptalon/demo/ptinyos/SenseToLeds/ptolemy/domains/ptinyos/lib/MicaLeds.xml (No such file or directory)
-- XML file not found relative to classpath.
-- /home/travis/build/icyphy/ptII/ptolemy/vergil/basic/export/test/ptolemy/domains/ptinyos/lib/MicaLeds.xml
/home/travis/build/icyphy/ptII/ptolemy/vergil/basic/export/test/ptolemy/domains/ptinyos/lib/MicaLeds.xml (No such file or directory)
 in file:/home/travis/build/icyphy/ptII/ptolemy/actor/ptalon/demo/ptinyos/SenseToLeds/MicaBoard.xml at line 134 and column 63
	at ptolemy.moml.MoMLParser._createEntity(MoMLParser.java:4330)
	at ptolemy.moml.MoMLParser.startElement(MoMLParser.java:2864)
	... 64 more
Caused by: ptolemy.kernel.util.InternalErrorException: Element <entity name="MicaLeds" class="ptolemy.domains.ptinyos.lib.MicaLeds"> caused an exception to be thrown.
  in .MicaBoard
Because:
Cannot find class: ptolemy.domains.ptinyos.lib.MicaLeds. In Ptolemy, classes are typically Java .class files. Entities like actors may instead be defined within a .xml file.  In any case, the class was not found. If the class uses a third party package, then the class would be present only if the third party package was found at compile time.  It may be necessary to upgrade Java or install the third party package, reconfigure and recompile.
Because:
-- /home/travis/build/icyphy/ptII/ptolemy/actor/ptalon/demo/ptinyos/SenseToLeds/ptolemy/domains/ptinyos/lib/MicaLeds.xml (No such file or directory)
-- XML file not found relative to classpath.
-- /home/travis/build/icyphy/ptII/ptolemy/vergil/basic/export/test/ptolemy/domains/ptinyos/lib/MicaLeds.xml
/home/travis/build/icyphy/ptII/ptolemy/vergil/basic/export/test/ptolemy/domains/ptinyos/lib/MicaLeds.xml (No such file or directory)
 in file:/home/travis/build/icyphy/ptII/ptolemy/actor/ptalon/demo/ptinyos/SenseToLeds/MicaBoard.xml at line 134 and column 63
	at ptolemy.moml.SimpleErrorHandler.handleError(SimpleErrorHandler.java:75)
	at ptolemy.moml.MoMLParser.startElement(MoMLParser.java:3805)
	at com.microstar.xml.XmlParser.parseElement(XmlParser.java:921)
	at com.microstar.xml.XmlParser.parseContent(XmlParser.java:1104)
	at com.microstar.xml.XmlParser.parseElement(XmlParser.java:924)
	at com.microstar.xml.XmlParser.parseDocument(XmlParser.java:481)
	at com.microstar.xml.XmlParser.doParse(XmlParser.java:159)
	at com.microstar.xml.XmlParser.parse(XmlParser.java:132)
	at ptolemy.moml.MoMLParser.parse(MoMLParser.java:1676)
	at ptolemy.moml.MoMLParser.parse(MoMLParser.java:1595)
	at ptolemy.moml.MoMLParser.parse(MoMLParser.java:1537)
	at ptolemy.moml.MoMLParser._findOrParse(MoMLParser.java:5286)
	at ptolemy.moml.MoMLParser._attemptToFindMoMLClass(MoMLParser.java:4075)
	at ptolemy.moml.MoMLParser._createEntity(MoMLParser.java:4323)
	... 65 more
Caused by: ptolemy.kernel.util.IllegalActionException: Cannot find class: ptolemy.domains.ptinyos.lib.MicaLeds. In Ptolemy, classes are typically Java .class files. Entities like actors may instead be defined within a .xml file.  In any case, the class was not found. If the class uses a third party package, then the class would be present only if the third party package was found at compile time.  It may be necessary to upgrade Java or install the third party package, reconfigure and recompile.
Because:
-- /home/travis/build/icyphy/ptII/ptolemy/actor/ptalon/demo/ptinyos/SenseToLeds/ptolemy/domains/ptinyos/lib/MicaLeds.xml (No such file or directory)
-- XML file not found relative to classpath.
-- /home/travis/build/icyphy/ptII/ptolemy/vergil/basic/export/test/ptolemy/domains/ptinyos/lib/MicaLeds.xml
/home/travis/build/icyphy/ptII/ptolemy/vergil/basic/export/test/ptolemy/domains/ptinyos/lib/MicaLeds.xml (No such file or directory)
 in file:/home/travis/build/icyphy/ptII/ptolemy/actor/ptalon/demo/ptinyos/SenseToLeds/MicaBoard.xml at line 134 and column 63
	at ptolemy.moml.MoMLParser._createEntity(MoMLParser.java:4330)
	at ptolemy.moml.MoMLParser.startElement(MoMLParser.java:2864)
	... 77 more
Caused by: com.microstar.xml.XmlException: -- /home/travis/build/icyphy/ptII/ptolemy/actor/ptalon/demo/ptinyos/SenseToLeds/ptolemy/domains/ptinyos/lib/MicaLeds.xml (No such file or directory)
-- XML file not found relative to classpath.
-- /home/travis/build/icyphy/ptII/ptolemy/vergil/basic/export/test/ptolemy/domains/ptinyos/lib/MicaLeds.xml
/home/travis/build/icyphy/ptII/ptolemy/vergil/basic/export/test/ptolemy/domains/ptinyos/lib/MicaLeds.xml (No such file or directory)
 in file:/home/travis/build/icyphy/ptII/ptolemy/actor/ptalon/demo/ptinyos/SenseToLeds/MicaBoard.xml at line 134 and column 63
	at ptolemy.moml.MoMLParser.fileNameToURL(MoMLParser.java:1414)
	at ptolemy.moml.MoMLParser._findOrParse(MoMLParser.java:5283)
	at ptolemy.moml.MoMLParser._attemptToFindMoMLClass(MoMLParser.java:4075)
	at ptolemy.moml.MoMLParser._createEntity(MoMLParser.java:4323)
	... 78 more
ptolemy.kernel.util.IllegalActionException: Failed to process attribute change to PtalonParameter, whose value is "ptolemy.actor.ptalon.PtalonExpressionParameter {.SenseToLeds.SenseToLeds.n} 2".
  in .SenseToLeds.SenseToLeds
Because:
Unable to add actor null
	at ptolemy.actor.ptalon.PtalonActor.attributeChanged(PtalonActor.java:211)
	at ptolemy.actor.ptalon.PtalonMLHandler.startElement(PtalonMLHandler.java:134)
	at com.microstar.xml.XmlParser.parseElement(XmlParser.java:921)
	at com.microstar.xml.XmlParser.parseContent(XmlParser.java:1104)
	at com.microstar.xml.XmlParser.parseElement(XmlParser.java:924)
	at com.microstar.xml.XmlParser.parseDocument(XmlParser.java:481)
	at com.microstar.xml.XmlParser.doParse(XmlParser.java:159)
	at com.microstar.xml.XmlParser.parse(XmlParser.java:132)
	at ptolemy.actor.ptalon.PtalonActor.configure(PtalonActor.java:240)
	at ptolemy.moml.MoMLParser.endElement(MoMLParser.java:996)
	at com.microstar.xml.XmlParser.parseETag(XmlParser.java:1026)
	at com.microstar.xml.XmlParser.parseContent(XmlParser.java:1098)
	at com.microstar.xml.XmlParser.parseElement(XmlParser.java:924)
	at com.microstar.xml.XmlParser.parseContent(XmlParser.java:1104)
	at com.microstar.xml.XmlParser.parseElement(XmlParser.java:924)
	at com.microstar.xml.XmlParser.parseContent(XmlParser.java:1104)
	at com.microstar.xml.XmlParser.parseElement(XmlParser.java:924)
	at com.microstar.xml.XmlParser.parseDocument(XmlParser.java:481)
	at com.microstar.xml.XmlParser.doParse(XmlParser.java:159)
	at com.microstar.xml.XmlParser.parse(XmlParser.java:132)
	at ptolemy.moml.MoMLParser.parse(MoMLParser.java:1676)
	at ptolemy.moml.MoMLParser.parse(MoMLParser.java:1595)
	at ptolemy.moml.MoMLParser.parse(MoMLParser.java:1537)
	at ptolemy.actor.gui.PtolemyEffigy$Factory.createEffigy(PtolemyEffigy.java:424)
	at ptolemy.actor.gui.EffigyFactory.createEffigy(EffigyFactory.java:234)
	at ptolemy.actor.gui.Configuration.openModel(Configuration.java:1125)
	at ptolemy.actor.gui.Configuration.openModel(Configuration.java:1051)
	at ptolemy.actor.gui.ConfigurationApplication._openModel(ConfigurationApplication.java:1252)
	at ptolemy.actor.gui.ConfigurationApplication._parseArg(ConfigurationApplication.java:1399)
	at ptolemy.actor.gui.ConfigurationApplication._parseArgs(ConfigurationApplication.java:1478)
	at ptolemy.actor.gui.ConfigurationApplication.<init>(ConfigurationApplication.java:277)
	at ptolemy.actor.gui.ConfigurationApplication.<init>(ConfigurationApplication.java:214)
	at ptolemy.actor.gui.ConfigurationApplication.<init>(ConfigurationApplication.java:201)
	at ptolemy.actor.gui.ConfigurationApplication.openModelOrEntity(ConfigurationApplication.java:680)
	at ptolemy.vergil.basic.export.ExportModel$1.run(ExportModel.java:220)
	at java.awt.event.InvocationEvent.dispatch(InvocationEvent.java:301)
	at java.awt.EventQueue.dispatchEventImpl(EventQueue.java:756)
	at java.awt.EventQueue.access$500(EventQueue.java:97)
	at java.awt.EventQueue$3.run(EventQueue.java:709)
	at java.awt.EventQueue$3.run(EventQueue.java:703)
	at java.security.AccessController.doPrivileged(Native Method)
	at java.security.ProtectionDomain$JavaSecurityAccessImpl.doIntersectionPrivilege(ProtectionDomain.java:80)
	at java.awt.EventQueue.dispatchEvent(EventQueue.java:726)
	at java.awt.EventDispatchThread.pumpOneEventForFilters(EventDispatchThread.java:201)
	at java.awt.EventDispatchThread.pumpEventsForFilter(EventDispatchThread.java:116)
	at java.awt.EventDispatchThread.pumpEventsForHierarchy(EventDispatchThread.java:105)
	at java.awt.EventDispatchThread.pumpEvents(EventDispatchThread.java:101)
	at java.awt.EventDispatchThread.pumpEvents(EventDispatchThread.java:93)
	at java.awt.EventDispatchThread.run(EventDispatchThread.java:82)
Caused by: ptolemy.actor.ptalon.PtalonRuntimeException: Unable to add actor null
	at ptolemy.actor.ptalon.PtalonEvaluator.addActor(PtalonEvaluator.java:300)
	at ptolemy.actor.ptalon.PtalonPopulator.actor_declaration(PtalonPopulator.java:1574)
	at ptolemy.actor.ptalon.PtalonPopulator.atomic_statement(PtalonPopulator.java:1638)
	at ptolemy.actor.ptalon.PtalonPopulator.iterative_statement_evaluator(PtalonPopulator.java:2484)
	at ptolemy.actor.ptalon.AbstractPtalonEvaluator$IfTree.evaluateForScope(AbstractPtalonEvaluator.java:1307)
	at ptolemy.actor.ptalon.AbstractPtalonEvaluator.evaluateForScope(AbstractPtalonEvaluator.java:744)
	at ptolemy.actor.ptalon.PtalonPopulator.iterative_statement(PtalonPopulator.java:2363)
	at ptolemy.actor.ptalon.PtalonPopulator.actor_definition(PtalonPopulator.java:2809)
	at ptolemy.actor.ptalon.PtalonActor.attributeChanged(PtalonActor.java:206)
	... 48 more
Caused by: ptolemy.kernel.util.InternalErrorException: Element <entity name="node1" class="ptolemy.actor.ptalon.demo.ptinyos.SenseToLeds.MicaBoard"> caused an exception to be thrown.
  in .SenseToLeds.SenseToLeds
Because:
Cannot find class: ptolemy.actor.ptalon.demo.ptinyos.SenseToLeds.MicaBoard. In Ptolemy, classes are typically Java .class files. Entities like actors may instead be defined within a .xml file.  In any case, the class was not found. If the class uses a third party package, then the class would be present only if the third party package was found at compile time.  It may be necessary to upgrade Java or install the third party package, reconfigure and recompile.
Because:
Element <entity name="MicaLeds" class="ptolemy.domains.ptinyos.lib.MicaLeds"> caused an exception to be thrown.
  in .MicaBoard
Because:
Cannot find class: ptolemy.domains.ptinyos.lib.MicaLeds. In Ptolemy, classes are typically Java .class files. Entities like actors may instead be defined within a .xml file.  In any case, the class was not found. If the class uses a third party package, then the class would be present only if the third party package was found at compile time.  It may be necessary to upgrade Java or install the third party package, reconfigure and recompile.
Because:
-- /home/travis/build/icyphy/ptII/ptolemy/actor/ptalon/demo/ptinyos/SenseToLeds/ptolemy/domains/ptinyos/lib/MicaLeds.xml (No such file or directory)
-- XML file not found relative to classpath.
-- /home/travis/build/icyphy/ptII/ptolemy/vergil/basic/export/test/ptolemy/domains/ptinyos/lib/MicaLeds.xml
/home/travis/build/icyphy/ptII/ptolemy/vergil/basic/export/test/ptolemy/domains/ptinyos/lib/MicaLeds.xml (No such file or directory)
 in file:/home/travis/build/icyphy/ptII/ptolemy/actor/ptalon/demo/ptinyos/SenseToLeds/MicaBoard.xml at line 134 and column 63
	at ptolemy.moml.SimpleErrorHandler.handleError(SimpleErrorHandler.java:75)
	at ptolemy.moml.MoMLParser.startElement(MoMLParser.java:3805)
	at com.microstar.xml.XmlParser.parseElement(XmlParser.java:931)
	at com.microstar.xml.XmlParser.parseDocument(XmlParser.java:481)
	at com.microstar.xml.XmlParser.doParse(XmlParser.java:159)
	at com.microstar.xml.XmlParser.parse(XmlParser.java:132)
	at ptolemy.moml.MoMLParser.parse(MoMLParser.java:1660)
	at ptolemy.moml.MoMLParser.parse(MoMLParser.java:1617)
	at ptolemy.moml.MoMLParser.parse(MoMLParser.java:1792)
	at ptolemy.actor.ptalon.PtalonEvaluator.addActor(PtalonEvaluator.java:241)
	... 56 more
Caused by: ptolemy.kernel.util.IllegalActionException: Cannot find class: ptolemy.actor.ptalon.demo.ptinyos.SenseToLeds.MicaBoard. In Ptolemy, classes are typically Java .class files. Entities like actors may instead be defined within a .xml file.  In any case, the class was not found. If the class uses a third party package, then the class would be present only if the third party package was found at compile time.  It may be necessary to upgrade Java or install the third party package, reconfigure and recompile.
Because:
Element <entity name="MicaLeds" class="ptolemy.domains.ptinyos.lib.MicaLeds"> caused an exception to be thrown.
  in .MicaBoard
Because:
Cannot find class: ptolemy.domains.ptinyos.lib.MicaLeds. In Ptolemy, classes are typically Java .class files. Entities like actors may instead be defined within a .xml file.  In any case, the class was not found. If the class uses a third party package, then the class would be present only if the third party package was found at compile time.  It may be necessary to upgrade Java or install the third party package, reconfigure and recompile.
Because:
-- /home/travis/build/icyphy/ptII/ptolemy/actor/ptalon/demo/ptinyos/SenseToLeds/ptolemy/domains/ptinyos/lib/MicaLeds.xml (No such file or directory)
-- XML file not found relative to classpath.
-- /home/travis/build/icyphy/ptII/ptolemy/vergil/basic/export/test/ptolemy/domains/ptinyos/lib/MicaLeds.xml
/home/travis/build/icyphy/ptII/ptolemy/vergil/basic/export/test/ptolemy/domains/ptinyos/lib/MicaLeds.xml (No such file or directory)
 in file:/home/travis/build/icyphy/ptII/ptolemy/actor/ptalon/demo/ptinyos/SenseToLeds/MicaBoard.xml at line 134 and column 63
	at ptolemy.moml.MoMLParser._createEntity(MoMLParser.java:4330)
	at ptolemy.moml.MoMLParser.startElement(MoMLParser.java:2864)
	... 64 more
Caused by: ptolemy.kernel.util.InternalErrorException: Element <entity name="MicaLeds" class="ptolemy.domains.ptinyos.lib.MicaLeds"> caused an exception to be thrown.
  in .MicaBoard
Because:
Cannot find class: ptolemy.domains.ptinyos.lib.MicaLeds. In Ptolemy, classes are typically Java .class files. Entities like actors may instead be defined within a .xml file.  In any case, the class was not found. If the class uses a third party package, then the class would be present only if the third party package was found at compile time.  It may be necessary to upgrade Java or install the third party package, reconfigure and recompile.
Because:
-- /home/travis/build/icyphy/ptII/ptolemy/actor/ptalon/demo/ptinyos/SenseToLeds/ptolemy/domains/ptinyos/lib/MicaLeds.xml (No such file or directory)
-- XML file not found relative to classpath.
-- /home/travis/build/icyphy/ptII/ptolemy/vergil/basic/export/test/ptolemy/domains/ptinyos/lib/MicaLeds.xml
/home/travis/build/icyphy/ptII/ptolemy/vergil/basic/export/test/ptolemy/domains/ptinyos/lib/MicaLeds.xml (No such file or directory)
 in file:/home/travis/build/icyphy/ptII/ptolemy/actor/ptalon/demo/ptinyos/SenseToLeds/MicaBoard.xml at line 134 and column 63
	at ptolemy.moml.SimpleErrorHandler.handleError(SimpleErrorHandler.java:75)
	at ptolemy.moml.MoMLParser.startElement(MoMLParser.java:3805)
	at com.microstar.xml.XmlParser.parseElement(XmlParser.java:921)
	at com.microstar.xml.XmlParser.parseContent(XmlParser.java:1104)
	at com.microstar.xml.XmlParser.parseElement(XmlParser.java:924)
	at com.microstar.xml.XmlParser.parseDocument(XmlParser.java:481)
	at com.microstar.xml.XmlParser.doParse(XmlParser.java:159)
	at com.microstar.xml.XmlParser.parse(XmlParser.java:132)
	at ptolemy.moml.MoMLParser.parse(MoMLParser.java:1676)
	at ptolemy.moml.MoMLParser.parse(MoMLParser.java:1595)
	at ptolemy.moml.MoMLParser.parse(MoMLParser.java:1537)
	at ptolemy.moml.MoMLParser._findOrParse(MoMLParser.java:5286)
	at ptolemy.moml.MoMLParser._attemptToFindMoMLClass(MoMLParser.java:4075)
	at ptolemy.moml.MoMLParser._createEntity(MoMLParser.java:4323)
	... 65 more
Caused by: ptolemy.kernel.util.IllegalActionException: Cannot find class: ptolemy.domains.ptinyos.lib.MicaLeds. In Ptolemy, classes are typically Java .class files. Entities like actors may instead be defined within a .xml file.  In any case, the class was not found. If the class uses a third party package, then the class would be present only if the third party package was found at compile time.  It may be necessary to upgrade Java or install the third party package, reconfigure and recompile.
Because:
-- /home/travis/build/icyphy/ptII/ptolemy/actor/ptalon/demo/ptinyos/SenseToLeds/ptolemy/domains/ptinyos/lib/MicaLeds.xml (No such file or directory)
-- XML file not found relative to classpath.
-- /home/travis/build/icyphy/ptII/ptolemy/vergil/basic/export/test/ptolemy/domains/ptinyos/lib/MicaLeds.xml
/home/travis/build/icyphy/ptII/ptolemy/vergil/basic/export/test/ptolemy/domains/ptinyos/lib/MicaLeds.xml (No such file or directory)
 in file:/home/travis/build/icyphy/ptII/ptolemy/actor/ptalon/demo/ptinyos/SenseToLeds/MicaBoard.xml at line 134 and column 63
	at ptolemy.moml.MoMLParser._createEntity(MoMLParser.java:4330)
	at ptolemy.moml.MoMLParser.startElement(MoMLParser.java:2864)
	... 77 more
Caused by: com.microstar.xml.XmlException: -- /home/travis/build/icyphy/ptII/ptolemy/actor/ptalon/demo/ptinyos/SenseToLeds/ptolemy/domains/ptinyos/lib/MicaLeds.xml (No such file or directory)
-- XML file not found relative to classpath.
-- /home/travis/build/icyphy/ptII/ptolemy/vergil/basic/export/test/ptolemy/domains/ptinyos/lib/MicaLeds.xml
/home/travis/build/icyphy/ptII/ptolemy/vergil/basic/export/test/ptolemy/domains/ptinyos/lib/MicaLeds.xml (No such file or directory)
 in file:/home/travis/build/icyphy/ptII/ptolemy/actor/ptalon/demo/ptinyos/SenseToLeds/MicaBoard.xml at line 134 and column 63
	at ptolemy.moml.MoMLParser.fileNameToURL(MoMLParser.java:1414)
	at ptolemy.moml.MoMLParser._findOrParse(MoMLParser.java:5283)
	at ptolemy.moml.MoMLParser._attemptToFindMoMLClass(MoMLParser.java:4075)
	at ptolemy.moml.MoMLParser._createEntity(MoMLParser.java:4323)
	... 78 more
Caused by: ptolemy.actor.ptalon.PtalonRuntimeException: Unable to add actor null
	at ptolemy.actor.ptalon.PtalonEvaluator.addActor(PtalonEvaluator.java:300)
	at ptolemy.actor.ptalon.PtalonPopulator.actor_declaration(PtalonPopulator.java:1574)
	at ptolemy.actor.ptalon.PtalonPopulator.atomic_statement(PtalonPopulator.java:1638)
	at ptolemy.actor.ptalon.PtalonPopulator.iterative_statement_evaluator(PtalonPopulator.java:2484)
	at ptolemy.actor.ptalon.AbstractPtalonEvaluator$IfTree.evaluateForScope(AbstractPtalonEvaluator.java:1307)
	at ptolemy.actor.ptalon.AbstractPtalonEvaluator.evaluateForScope(AbstractPtalonEvaluator.java:744)
	at ptolemy.actor.ptalon.PtalonPopulator.iterative_statement(PtalonPopulator.java:2363)
	at ptolemy.actor.ptalon.PtalonPopulator.actor_definition(PtalonPopulator.java:2809)
	at ptolemy.actor.ptalon.PtalonActor.attributeChanged(PtalonActor.java:206)
	at ptolemy.actor.ptalon.PtalonMLHandler.startElement(PtalonMLHandler.java:134)
	at com.microstar.xml.XmlParser.parseElement(XmlParser.java:921)
	at com.microstar.xml.XmlParser.parseContent(XmlParser.java:1104)
	at com.microstar.xml.XmlParser.parseElement(XmlParser.java:924)
	at com.microstar.xml.XmlParser.parseDocument(XmlParser.java:481)
	at com.microstar.xml.XmlParser.doParse(XmlParser.java:159)
	at com.microstar.xml.XmlParser.parse(XmlParser.java:132)
	at ptolemy.actor.ptalon.PtalonActor.configure(PtalonActor.java:240)
	at ptolemy.moml.MoMLParser.endElement(MoMLParser.java:996)
	at com.microstar.xml.XmlParser.parseETag(XmlParser.java:1026)
	at com.microstar.xml.XmlParser.parseContent(XmlParser.java:1098)
	at com.microstar.xml.XmlParser.parseElement(XmlParser.java:924)
	at com.microstar.xml.XmlParser.parseContent(XmlParser.java:1104)
	at com.microstar.xml.XmlParser.parseElement(XmlParser.java:924)
	at com.microstar.xml.XmlParser.parseContent(XmlParser.java:1104)
	at com.microstar.xml.XmlParser.parseElement(XmlParser.java:924)
	at com.microstar.xml.XmlParser.parseDocument(XmlParser.java:481)
	at com.microstar.xml.XmlParser.doParse(XmlParser.java:159)
	at com.microstar.xml.XmlParser.parse(XmlParser.java:132)
	at ptolemy.moml.MoMLParser.parse(MoMLParser.java:1676)
	at ptolemy.moml.MoMLParser.parse(MoMLParser.java:1595)
	at ptolemy.moml.MoMLParser.parse(MoMLParser.java:1537)
	at ptolemy.actor.gui.PtolemyEffigy$Factory.createEffigy(PtolemyEffigy.java:424)
	at ptolemy.actor.gui.EffigyFactory.createEffigy(EffigyFactory.java:234)
	at ptolemy.actor.gui.Configuration.openModel(Configuration.java:1125)
	at ptolemy.actor.gui.Configuration.openModel(Configuration.java:1051)
	at ptolemy.actor.gui.ConfigurationApplication._openModel(ConfigurationApplication.java:1252)
	at ptolemy.actor.gui.ConfigurationApplication._parseArg(ConfigurationApplication.java:1399)
	at ptolemy.actor.gui.ConfigurationApplication._parseArgs(ConfigurationApplication.java:1478)
	at ptolemy.actor.gui.ConfigurationApplication.<init>(ConfigurationApplication.java:277)
	at ptolemy.actor.gui.ConfigurationApplication.<init>(ConfigurationApplication.java:214)
	at ptolemy.actor.gui.ConfigurationApplication.<init>(ConfigurationApplication.java:201)
	at ptolemy.actor.gui.ConfigurationApplication.openModelOrEntity(ConfigurationApplication.java:680)
	at ptolemy.vergil.basic.export.ExportModel$1.run(ExportModel.java:220)
	at java.awt.event.InvocationEvent.dispatch(InvocationEvent.java:301)
	at java.awt.EventQueue.dispatchEventImpl(EventQueue.java:756)
	at java.awt.EventQueue.access$500(EventQueue.java:97)
	at java.awt.EventQueue$3.run(EventQueue.java:709)
	at java.awt.EventQueue$3.run(EventQueue.java:703)
	at java.security.AccessController.doPrivileged(Native Method)
	at java.security.ProtectionDomain$JavaSecurityAccessImpl.doIntersectionPrivilege(ProtectionDomain.java:80)
	at java.awt.EventQueue.dispatchEvent(EventQueue.java:726)
	at java.awt.EventDispatchThread.pumpOneEventForFilters(EventDispatchThread.java:201)
	at java.awt.EventDispatchThread.pumpEventsForFilter(EventDispatchThread.java:116)
	at java.awt.EventDispatchThread.pumpEventsForHierarchy(EventDispatchThread.java:105)
	at java.awt.EventDispatchThread.pumpEvents(EventDispatchThread.java:101)
	at java.awt.EventDispatchThread.pumpEvents(EventDispatchThread.java:93)
	at java.awt.EventDispatchThread.run(EventDispatchThread.java:82)
Caused by: ptolemy.kernel.util.InternalErrorException: Element <entity name="node1" class="ptolemy.actor.ptalon.demo.ptinyos.SenseToLeds.MicaBoard"> caused an exception to be thrown.
  in .SenseToLeds.SenseToLeds
Because:
Cannot find class: ptolemy.actor.ptalon.demo.ptinyos.SenseToLeds.MicaBoard. In Ptolemy, classes are typically Java .class files. Entities like actors may instead be defined within a .xml file.  In any case, the class was not found. If the class uses a third party package, then the class would be present only if the third party package was found at compile time.  It may be necessary to upgrade Java or install the third party package, reconfigure and recompile.
Because:
Element <entity name="MicaLeds" class="ptolemy.domains.ptinyos.lib.MicaLeds"> caused an exception to be thrown.
  in .MicaBoard
Because:
Cannot find class: ptolemy.domains.ptinyos.lib.MicaLeds. In Ptolemy, classes are typically Java .class files. Entities like actors may instead be defined within a .xml file.  In any case, the class was not found. If the class uses a third party package, then the class would be present only if the third party package was found at compile time.  It may be necessary to upgrade Java or install the third party package, reconfigure and recompile.
Because:
-- /home/travis/build/icyphy/ptII/ptolemy/actor/ptalon/demo/ptinyos/SenseToLeds/ptolemy/domains/ptinyos/lib/MicaLeds.xml (No such file or directory)
-- XML file not found relative to classpath.
-- /home/travis/build/icyphy/ptII/ptolemy/vergil/basic/export/test/ptolemy/domains/ptinyos/lib/MicaLeds.xml
/home/travis/build/icyphy/ptII/ptolemy/vergil/basic/export/test/ptolemy/domains/ptinyos/lib/MicaLeds.xml (No such file or directory)
 in file:/home/travis/build/icyphy/ptII/ptolemy/actor/ptalon/demo/ptinyos/SenseToLeds/MicaBoard.xml at line 134 and column 63
	at ptolemy.moml.SimpleErrorHandler.handleError(SimpleErrorHandler.java:75)
	at ptolemy.moml.MoMLParser.startElement(MoMLParser.java:3805)
	at com.microstar.xml.XmlParser.parseElement(XmlParser.java:931)
	at com.microstar.xml.XmlParser.parseDocument(XmlParser.java:481)
	at com.microstar.xml.XmlParser.doParse(XmlParser.java:159)
	at com.microstar.xml.XmlParser.parse(XmlParser.java:132)
	at ptolemy.moml.MoMLParser.parse(MoMLParser.java:1660)
	at ptolemy.moml.MoMLParser.parse(MoMLParser.java:1617)
	at ptolemy.moml.MoMLParser.parse(MoMLParser.java:1792)
	at ptolemy.actor.ptalon.PtalonEvaluator.addActor(PtalonEvaluator.java:241)
	... 56 more
Caused by: ptolemy.kernel.util.IllegalActionException: Cannot find class: ptolemy.actor.ptalon.demo.ptinyos.SenseToLeds.MicaBoard. In Ptolemy, classes are typically Java .class files. Entities like actors may instead be defined within a .xml file.  In any case, the class was not found. If the class uses a third party package, then the class would be present only if the third party package was found at compile time.  It may be necessary to upgrade Java or install the third party package, reconfigure and recompile.
Because:
Element <entity name="MicaLeds" class="ptolemy.domains.ptinyos.lib.MicaLeds"> caused an exception to be thrown.
  in .MicaBoard
Because:
Cannot find class: ptolemy.domains.ptinyos.lib.MicaLeds. In Ptolemy, classes are typically Java .class files. Entities like actors may instead be defined within a .xml file.  In any case, the class was not found. If the class uses a third party package, then the class would be present only if the third party package was found at compile time.  It may be necessary to upgrade Java or install the third party package, reconfigure and recompile.
Because:
-- /home/travis/build/icyphy/ptII/ptolemy/actor/ptalon/demo/ptinyos/SenseToLeds/ptolemy/domains/ptinyos/lib/MicaLeds.xml (No such file or directory)
-- XML file not found relative to classpath.
-- /home/travis/build/icyphy/ptII/ptolemy/vergil/basic/export/test/ptolemy/domains/ptinyos/lib/MicaLeds.xml
/home/travis/build/icyphy/ptII/ptolemy/vergil/basic/export/test/ptolemy/domains/ptinyos/lib/MicaLeds.xml (No such file or directory)
 in file:/home/travis/build/icyphy/ptII/ptolemy/actor/ptalon/demo/ptinyos/SenseToLeds/MicaBoard.xml at line 134 and column 63
	at ptolemy.moml.MoMLParser._createEntity(MoMLParser.java:4330)
	at ptolemy.moml.MoMLParser.startElement(MoMLParser.java:2864)
	... 64 more
Caused by: ptolemy.kernel.util.InternalErrorException: Element <entity name="MicaLeds" class="ptolemy.domains.ptinyos.lib.MicaLeds"> caused an exception to be thrown.
  in .MicaBoard
Because:
Cannot find class: ptolemy.domains.ptinyos.lib.MicaLeds. In Ptolemy, classes are typically Java .class files. Entities like actors may instead be defined within a .xml file.  In any case, the class was not found. If the class uses a third party package, then the class would be present only if the third party package was found at compile time.  It may be necessary to upgrade Java or install the third party package, reconfigure and recompile.
Because:
-- /home/travis/build/icyphy/ptII/ptolemy/actor/ptalon/demo/ptinyos/SenseToLeds/ptolemy/domains/ptinyos/lib/MicaLeds.xml (No such file or directory)
-- XML file not found relative to classpath.
-- /home/travis/build/icyphy/ptII/ptolemy/vergil/basic/export/test/ptolemy/domains/ptinyos/lib/MicaLeds.xml
/home/travis/build/icyphy/ptII/ptolemy/vergil/basic/export/test/ptolemy/domains/ptinyos/lib/MicaLeds.xml (No such file or directory)
 in file:/home/travis/build/icyphy/ptII/ptolemy/actor/ptalon/demo/ptinyos/SenseToLeds/MicaBoard.xml at line 134 and column 63
	at ptolemy.moml.SimpleErrorHandler.handleError(SimpleErrorHandler.java:75)
	at ptolemy.moml.MoMLParser.startElement(MoMLParser.java:3805)
	at com.microstar.xml.XmlParser.parseElement(XmlParser.java:921)
	at com.microstar.xml.XmlParser.parseContent(XmlParser.java:1104)
	at com.microstar.xml.XmlParser.parseElement(XmlParser.java:924)
	at com.microstar.xml.XmlParser.parseDocument(XmlParser.java:481)
	at com.microstar.xml.XmlParser.doParse(XmlParser.java:159)
	at com.microstar.xml.XmlParser.parse(XmlParser.java:132)
	at ptolemy.moml.MoMLParser.parse(MoMLParser.java:1676)
	at ptolemy.moml.MoMLParser.parse(MoMLParser.java:1595)
	at ptolemy.moml.MoMLParser.parse(MoMLParser.java:1537)
	at ptolemy.moml.MoMLParser._findOrParse(MoMLParser.java:5286)
	at ptolemy.moml.MoMLParser._attemptToFindMoMLClass(MoMLParser.java:4075)
	at ptolemy.moml.MoMLParser._createEntity(MoMLParser.java:4323)
	... 65 more
Caused by: ptolemy.kernel.util.IllegalActionException: Cannot find class: ptolemy.domains.ptinyos.lib.MicaLeds. In Ptolemy, classes are typically Java .class files. Entities like actors may instead be defined within a .xml file.  In any case, the class was not found. If the class uses a third party package, then the class would be present only if the third party package was found at compile time.  It may be necessary to upgrade Java or install the third party package, reconfigure and recompile.
Because:
-- /home/travis/build/icyphy/ptII/ptolemy/actor/ptalon/demo/ptinyos/SenseToLeds/ptolemy/domains/ptinyos/lib/MicaLeds.xml (No such file or directory)
-- XML file not found relative to classpath.
-- /home/travis/build/icyphy/ptII/ptolemy/vergil/basic/export/test/ptolemy/domains/ptinyos/lib/MicaLeds.xml
/home/travis/build/icyphy/ptII/ptolemy/vergil/basic/export/test/ptolemy/domains/ptinyos/lib/MicaLeds.xml (No such file or directory)
 in file:/home/travis/build/icyphy/ptII/ptolemy/actor/ptalon/demo/ptinyos/SenseToLeds/MicaBoard.xml at line 134 and column 63
	at ptolemy.moml.MoMLParser._createEntity(MoMLParser.java:4330)
	at ptolemy.moml.MoMLParser.startElement(MoMLParser.java:2864)
	... 77 more
Caused by: com.microstar.xml.XmlException: -- /home/travis/build/icyphy/ptII/ptolemy/actor/ptalon/demo/ptinyos/SenseToLeds/ptolemy/domains/ptinyos/lib/MicaLeds.xml (No such file or directory)
-- XML file not found relative to classpath.
-- /home/travis/build/icyphy/ptII/ptolemy/vergil/basic/export/test/ptolemy/domains/ptinyos/lib/MicaLeds.xml
/home/travis/build/icyphy/ptII/ptolemy/vergil/basic/export/test/ptolemy/domains/ptinyos/lib/MicaLeds.xml (No such file or directory)
 in file:/home/travis/build/icyphy/ptII/ptolemy/actor/ptalon/demo/ptinyos/SenseToLeds/MicaBoard.xml at line 134 and column 63
	at ptolemy.moml.MoMLParser.fileNameToURL(MoMLParser.java:1414)
	at ptolemy.moml.MoMLParser._findOrParse(MoMLParser.java:5283)
	at ptolemy.moml.MoMLParser._attemptToFindMoMLClass(MoMLParser.java:4075)
	at ptolemy.moml.MoMLParser._createEntity(MoMLParser.java:4323)
	... 78 more
Failed to read file:/home/travis/build/icyphy/ptII/ptolemy/actor/ptalon/demo/ptinyos/SenseToLeds/SenseToLeds.xml
ptolemy.kernel.util.IllegalActionException: Failed to process attribute change to PtalonParameter, whose value is "ptolemy.actor.ptalon.PtalonExpressionParameter {.SenseToLeds.SenseToLeds.n} 2".
  in .SenseToLeds.SenseToLeds
Because:
Unable to add actor null
	at ptolemy.actor.ptalon.PtalonActor.attributeChanged(PtalonActor.java:211)
	at ptolemy.actor.ptalon.PtalonMLHandler.startElement(PtalonMLHandler.java:134)
	at com.microstar.xml.XmlParser.parseElement(XmlParser.java:921)
	at com.microstar.xml.XmlParser.parseContent(XmlParser.java:1104)
	at com.microstar.xml.XmlParser.parseElement(XmlParser.java:924)
	at com.microstar.xml.XmlParser.parseDocument(XmlParser.java:481)
	at com.microstar.xml.XmlParser.doParse(XmlParser.java:159)
	at com.microstar.xml.XmlParser.parse(XmlParser.java:132)
	at ptolemy.actor.ptalon.PtalonActor.configure(PtalonActor.java:240)
	at ptolemy.moml.MoMLParser.endElement(MoMLParser.java:996)
	at com.microstar.xml.XmlParser.parseETag(XmlParser.java:1026)
	at com.microstar.xml.XmlParser.parseContent(XmlParser.java:1098)
	at com.microstar.xml.XmlParser.parseElement(XmlParser.java:924)
	at com.microstar.xml.XmlParser.parseContent(XmlParser.java:1104)
	at com.microstar.xml.XmlParser.parseElement(XmlParser.java:924)
	at com.microstar.xml.XmlParser.parseContent(XmlParser.java:1104)
	at com.microstar.xml.XmlParser.parseElement(XmlParser.java:924)
	at com.microstar.xml.XmlParser.parseDocument(XmlParser.java:481)
	at com.microstar.xml.XmlParser.doParse(XmlParser.java:159)
	at com.microstar.xml.XmlParser.parse(XmlParser.java:132)
	at ptolemy.moml.MoMLParser.parse(MoMLParser.java:1676)
	at ptolemy.moml.MoMLParser.parse(MoMLParser.java:1595)
	at ptolemy.moml.MoMLParser.parse(MoMLParser.java:1537)
	at ptolemy.actor.gui.PtolemyEffigy$Factory.createEffigy(PtolemyEffigy.java:424)
	at ptolemy.actor.gui.EffigyFactory.createEffigy(EffigyFactory.java:234)
	at ptolemy.actor.gui.Configuration.openModel(Configuration.java:1125)
	at ptolemy.actor.gui.Configuration.openModel(Configuration.java:1051)
	at ptolemy.actor.gui.ConfigurationApplication._openModel(ConfigurationApplication.java:1252)
	at ptolemy.actor.gui.ConfigurationApplication._parseArg(ConfigurationApplication.java:1399)
	at ptolemy.actor.gui.ConfigurationApplication._parseArgs(ConfigurationApplication.java:1478)
	at ptolemy.actor.gui.ConfigurationApplication.<init>(ConfigurationApplication.java:277)
	at ptolemy.actor.gui.ConfigurationApplication.<init>(ConfigurationApplication.java:214)
	at ptolemy.actor.gui.ConfigurationApplication.<init>(ConfigurationApplication.java:201)
	at ptolemy.actor.gui.ConfigurationApplication.openModelOrEntity(ConfigurationApplication.java:680)
	at ptolemy.vergil.basic.export.ExportModel$1.run(ExportModel.java:220)
	at java.awt.event.InvocationEvent.dispatch(InvocationEvent.java:301)
	at java.awt.EventQueue.dispatchEventImpl(EventQueue.java:756)
	at java.awt.EventQueue.access$500(EventQueue.java:97)
	at java.awt.EventQueue$3.run(EventQueue.java:709)
	at java.awt.EventQueue$3.run(EventQueue.java:703)
	at java.security.AccessController.doPrivileged(Native Method)
	at java.security.ProtectionDomain$JavaSecurityAccessImpl.doIntersectionPrivilege(ProtectionDomain.java:80)
	at java.awt.EventQueue.dispatchEvent(EventQueue.java:726)
	at java.awt.EventDispatchThread.pumpOneEventForFilters(EventDispatchThread.java:201)
	at java.awt.EventDispatchThread.pumpEventsForFilter(EventDispatchThread.java:116)
	at java.awt.EventDispatchThread.pumpEventsForHierarchy(EventDispatchThread.java:105)
	at java.awt.EventDispatchThread.pumpEvents(EventDispatchThread.java:101)
	at java.awt.EventDispatchThread.pumpEvents(EventDispatchThread.java:93)
	at java.awt.EventDispatchThread.run(EventDispatchThread.java:82)
Caused by: ptolemy.actor.ptalon.PtalonRuntimeException: Unable to add actor null
	at ptolemy.actor.ptalon.PtalonEvaluator.addActor(PtalonEvaluator.java:300)
	at ptolemy.actor.ptalon.PtalonPopulator.actor_declaration(PtalonPopulator.java:1574)
	at ptolemy.actor.ptalon.PtalonPopulator.atomic_statement(PtalonPopulator.java:1638)
	at ptolemy.actor.ptalon.PtalonPopulator.iterative_statement_evaluator(PtalonPopulator.java:2484)
	at ptolemy.actor.ptalon.AbstractPtalonEvaluator$IfTree.evaluateForScope(AbstractPtalonEvaluator.java:1307)
	at ptolemy.actor.ptalon.AbstractPtalonEvaluator.evaluateForScope(AbstractPtalonEvaluator.java:744)
	at ptolemy.actor.ptalon.PtalonPopulator.iterative_statement(PtalonPopulator.java:2363)
	at ptolemy.actor.ptalon.PtalonPopulator.actor_definition(PtalonPopulator.java:2809)
	at ptolemy.actor.ptalon.PtalonActor.attributeChanged(PtalonActor.java:206)
	... 48 more
Caused by: ptolemy.kernel.util.InternalErrorException: Element <entity name="node1" class="ptolemy.actor.ptalon.demo.ptinyos.SenseToLeds.MicaBoard"> caused an exception to be thrown.
  in .SenseToLeds.SenseToLeds
Because:
Cannot find class: ptolemy.actor.ptalon.demo.ptinyos.SenseToLeds.MicaBoard. In Ptolemy, classes are typically Java .class files. Entities like actors may instead be defined within a .xml file.  In any case, the class was not found. If the class uses a third party package, then the class would be present only if the third party package was found at compile time.  It may be necessary to upgrade Java or install the third party package, reconfigure and recompile.
Because:
Element <entity name="MicaLeds" class="ptolemy.domains.ptinyos.lib.MicaLeds"> caused an exception to be thrown.
  in .MicaBoard
Because:
Cannot find class: ptolemy.domains.ptinyos.lib.MicaLeds. In Ptolemy, classes are typically Java .class files. Entities like actors may instead be defined within a .xml file.  In any case, the class was not found. If the class uses a third party package, then the class would be present only if the third party package was found at compile time.  It may be necessary to upgrade Java or install the third party package, reconfigure and recompile.
Because:
-- /home/travis/build/icyphy/ptII/ptolemy/actor/ptalon/demo/ptinyos/SenseToLeds/ptolemy/domains/ptinyos/lib/MicaLeds.xml (No such file or directory)
-- XML file not found relative to classpath.
-- /home/travis/build/icyphy/ptII/ptolemy/vergil/basic/export/test/ptolemy/domains/ptinyos/lib/MicaLeds.xml
/home/travis/build/icyphy/ptII/ptolemy/vergil/basic/export/test/ptolemy/domains/ptinyos/lib/MicaLeds.xml (No such file or directory)
 in file:/home/travis/build/icyphy/ptII/ptolemy/actor/ptalon/demo/ptinyos/SenseToLeds/MicaBoard.xml at line 134 and column 63
	at ptolemy.moml.SimpleErrorHandler.handleError(SimpleErrorHandler.java:75)
	at ptolemy.moml.MoMLParser.startElement(MoMLParser.java:3805)
	at com.microstar.xml.XmlParser.parseElement(XmlParser.java:931)
	at com.microstar.xml.XmlParser.parseDocument(XmlParser.java:481)
	at com.microstar.xml.XmlParser.doParse(XmlParser.java:159)
	at com.microstar.xml.XmlParser.parse(XmlParser.java:132)
	at ptolemy.moml.MoMLParser.parse(MoMLParser.java:1660)
	at ptolemy.moml.MoMLParser.parse(MoMLParser.java:1617)
	at ptolemy.moml.MoMLParser.parse(MoMLParser.java:1792)
	at ptolemy.actor.ptalon.PtalonEvaluator.addActor(PtalonEvaluator.java:241)
	... 56 more
Caused by: ptolemy.kernel.util.IllegalActionException: Cannot find class: ptolemy.actor.ptalon.demo.ptinyos.SenseToLeds.MicaBoard. In Ptolemy, classes are typically Java .class files. Entities like actors may instead be defined within a .xml file.  In any case, the class was not found. If the class uses a third party package, then the class would be present only if the third party package was found at compile time.  It may be necessary to upgrade Java or install the third party package, reconfigure and recompile.
Because:
Element <entity name="MicaLeds" class="ptolemy.domains.ptinyos.lib.MicaLeds"> caused an exception to be thrown.
  in .MicaBoard
Because:
Cannot find class: ptolemy.domains.ptinyos.lib.MicaLeds. In Ptolemy, classes are typically Java .class files. Entities like actors may instead be defined within a .xml file.  In any case, the class was not found. If the class uses a third party package, then the class would be present only if the third party package was found at compile time.  It may be necessary to upgrade Java or install the third party package, reconfigure and recompile.
Because:
-- /home/travis/build/icyphy/ptII/ptolemy/actor/ptalon/demo/ptinyos/SenseToLeds/ptolemy/domains/ptinyos/lib/MicaLeds.xml (No such file or directory)
-- XML file not found relative to classpath.
-- /home/travis/build/icyphy/ptII/ptolemy/vergil/basic/export/test/ptolemy/domains/ptinyos/lib/MicaLeds.xml
/home/travis/build/icyphy/ptII/ptolemy/vergil/basic/export/test/ptolemy/domains/ptinyos/lib/MicaLeds.xml (No such file or directory)
 in file:/home/travis/build/icyphy/ptII/ptolemy/actor/ptalon/demo/ptinyos/SenseToLeds/MicaBoard.xml at line 134 and column 63
	at ptolemy.moml.MoMLParser._createEntity(MoMLParser.java:4330)
	at ptolemy.moml.MoMLParser.startElement(MoMLParser.java:2864)
	... 64 more
Caused by: ptolemy.kernel.util.InternalErrorException: Element <entity name="MicaLeds" class="ptolemy.domains.ptinyos.lib.MicaLeds"> caused an exception to be thrown.
  in .MicaBoard
Because:
Cannot find class: ptolemy.domains.ptinyos.lib.MicaLeds. In Ptolemy, classes are typically Java .class files. Entities like actors may instead be defined within a .xml file.  In any case, the class was not found. If the class uses a third party package, then the class would be present only if the third party package was found at compile time.  It may be necessary to upgrade Java or install the third party package, reconfigure and recompile.
Because:
-- /home/travis/build/icyphy/ptII/ptolemy/actor/ptalon/demo/ptinyos/SenseToLeds/ptolemy/domains/ptinyos/lib/MicaLeds.xml (No such file or directory)
-- XML file not found relative to classpath.
-- /home/travis/build/icyphy/ptII/ptolemy/vergil/basic/export/test/ptolemy/domains/ptinyos/lib/MicaLeds.xml
/home/travis/build/icyphy/ptII/ptolemy/vergil/basic/export/test/ptolemy/domains/ptinyos/lib/MicaLeds.xml (No such file or directory)
 in file:/home/travis/build/icyphy/ptII/ptolemy/actor/ptalon/demo/ptinyos/SenseToLeds/MicaBoard.xml at line 134 and column 63
	at ptolemy.moml.SimpleErrorHandler.handleError(SimpleErrorHandler.java:75)
	at ptolemy.moml.MoMLParser.startElement(MoMLParser.java:3805)
	at com.microstar.xml.XmlParser.parseElement(XmlParser.java:921)
	at com.microstar.xml.XmlParser.parseContent(XmlParser.java:1104)
	at com.microstar.xml.XmlParser.parseElement(XmlParser.java:924)
	at com.microstar.xml.XmlParser.parseDocument(XmlParser.java:481)
	at com.microstar.xml.XmlParser.doParse(XmlParser.java:159)
	at com.microstar.xml.XmlParser.parse(XmlParser.java:132)
	at ptolemy.moml.MoMLParser.parse(MoMLParser.java:1676)
	at ptolemy.moml.MoMLParser.parse(MoMLParser.java:1595)
	at ptolemy.moml.MoMLParser.parse(MoMLParser.java:1537)
	at ptolemy.moml.MoMLParser._findOrParse(MoMLParser.java:5286)
	at ptolemy.moml.MoMLParser._attemptToFindMoMLClass(MoMLParser.java:4075)
	at ptolemy.moml.MoMLParser._createEntity(MoMLParser.java:4323)
	... 65 more
Caused by: ptolemy.kernel.util.IllegalActionException: Cannot find class: ptolemy.domains.ptinyos.lib.MicaLeds. In Ptolemy, classes are typically Java .class files. Entities like actors may instead be defined within a .xml file.  In any case, the class was not found. If the class uses a third party package, then the class would be present only if the third party package was found at compile time.  It may be necessary to upgrade Java or install the third party package, reconfigure and recompile.
Because:
-- /home/travis/build/icyphy/ptII/ptolemy/actor/ptalon/demo/ptinyos/SenseToLeds/ptolemy/domains/ptinyos/lib/MicaLeds.xml (No such file or directory)
-- XML file not found relative to classpath.
-- /home/travis/build/icyphy/ptII/ptolemy/vergil/basic/export/test/ptolemy/domains/ptinyos/lib/MicaLeds.xml
/home/travis/build/icyphy/ptII/ptolemy/vergil/basic/export/test/ptolemy/domains/ptinyos/lib/MicaLeds.xml (No such file or directory)
 in file:/home/travis/build/icyphy/ptII/ptolemy/actor/ptalon/demo/ptinyos/SenseToLeds/MicaBoard.xml at line 134 and column 63
	at ptolemy.moml.MoMLParser._createEntity(MoMLParser.java:4330)
	at ptolemy.moml.MoMLParser.startElement(MoMLParser.java:2864)
	... 77 more
Caused by: com.microstar.xml.XmlException: -- /home/travis/build/icyphy/ptII/ptolemy/actor/ptalon/demo/ptinyos/SenseToLeds/ptolemy/domains/ptinyos/lib/MicaLeds.xml (No such file or directory)
-- XML file not found relative to classpath.
-- /home/travis/build/icyphy/ptII/ptolemy/vergil/basic/export/test/ptolemy/domains/ptinyos/lib/MicaLeds.xml
/home/travis/build/icyphy/ptII/ptolemy/vergil/basic/export/test/ptolemy/domains/ptinyos/lib/MicaLeds.xml (No such file or directory)
 in file:/home/travis/build/icyphy/ptII/ptolemy/actor/ptalon/demo/ptinyos/SenseToLeds/MicaBoard.xml at line 134 and column 63
	at ptolemy.moml.MoMLParser.fileNameToURL(MoMLParser.java:1414)
	at ptolemy.moml.MoMLParser._findOrParse(MoMLParser.java:5283)
	at ptolemy.moml.MoMLParser._attemptToFindMoMLClass(MoMLParser.java:4075)
	at ptolemy.moml.MoMLParser._createEntity(MoMLParser.java:4323)
	... 78 more
Caused by: ptolemy.actor.ptalon.PtalonRuntimeException: Unable to add actor null
	at ptolemy.actor.ptalon.PtalonEvaluator.addActor(PtalonEvaluator.java:300)
	at ptolemy.actor.ptalon.PtalonPopulator.actor_declaration(PtalonPopulator.java:1574)
	at ptolemy.actor.ptalon.PtalonPopulator.atomic_statement(PtalonPopulator.java:1638)
	at ptolemy.actor.ptalon.PtalonPopulator.iterative_statement_evaluator(PtalonPopulator.java:2484)
	at ptolemy.actor.ptalon.AbstractPtalonEvaluator$IfTree.evaluateForScope(AbstractPtalonEvaluator.java:1307)
	at ptolemy.actor.ptalon.AbstractPtalonEvaluator.evaluateForScope(AbstractPtalonEvaluator.java:744)
	at ptolemy.actor.ptalon.PtalonPopulator.iterative_statement(PtalonPopulator.java:2363)
	at ptolemy.actor.ptalon.PtalonPopulator.actor_definition(PtalonPopulator.java:2809)
	at ptolemy.actor.ptalon.PtalonActor.attributeChanged(PtalonActor.java:206)
	at ptolemy.actor.ptalon.PtalonMLHandler.startElement(PtalonMLHandler.java:134)
	at com.microstar.xml.XmlParser.parseElement(XmlParser.java:921)
	at com.microstar.xml.XmlParser.parseContent(XmlParser.java:1104)
	at com.microstar.xml.XmlParser.parseElement(XmlParser.java:924)
	at com.microstar.xml.XmlParser.parseDocument(XmlParser.java:481)
	at com.microstar.xml.XmlParser.doParse(XmlParser.java:159)
	at com.microstar.xml.XmlParser.parse(XmlParser.java:132)
	at ptolemy.actor.ptalon.PtalonActor.configure(PtalonActor.java:240)
	at ptolemy.moml.MoMLParser.endElement(MoMLParser.java:996)
	at com.microstar.xml.XmlParser.parseETag(XmlParser.java:1026)
	at com.microstar.xml.XmlParser.parseContent(XmlParser.java:1098)
	at com.microstar.xml.XmlParser.parseElement(XmlParser.java:924)
	at com.microstar.xml.XmlParser.parseContent(XmlParser.java:1104)
	at com.microstar.xml.XmlParser.parseElement(XmlParser.java:924)
	at com.microstar.xml.XmlParser.parseContent(XmlParser.java:1104)
	at com.microstar.xml.XmlParser.parseElement(XmlParser.java:924)
	at com.microstar.xml.XmlParser.parseDocument(XmlParser.java:481)
	at com.microstar.xml.XmlParser.doParse(XmlParser.java:159)
	at com.microstar.xml.XmlParser.parse(XmlParser.java:132)
	at ptolemy.moml.MoMLParser.parse(MoMLParser.java:1676)
	at ptolemy.moml.MoMLParser.parse(MoMLParser.java:1595)
	at ptolemy.moml.MoMLParser.parse(MoMLParser.java:1537)
	at ptolemy.actor.gui.PtolemyEffigy$Factory.createEffigy(PtolemyEffigy.java:424)
	at ptolemy.actor.gui.EffigyFactory.createEffigy(EffigyFactory.java:234)
	at ptolemy.actor.gui.Configuration.openModel(Configuration.java:1125)
	at ptolemy.actor.gui.Configuration.openModel(Configuration.java:1051)
	at ptolemy.actor.gui.ConfigurationApplication._openModel(ConfigurationApplication.java:1252)
	at ptolemy.actor.gui.ConfigurationApplication._parseArg(ConfigurationApplication.java:1399)
	at ptolemy.actor.gui.ConfigurationApplication._parseArgs(ConfigurationApplication.java:1478)
	at ptolemy.actor.gui.ConfigurationApplication.<init>(ConfigurationApplication.java:277)
	at ptolemy.actor.gui.ConfigurationApplication.<init>(ConfigurationApplication.java:214)
	at ptolemy.actor.gui.ConfigurationApplication.<init>(ConfigurationApplication.java:201)
	at ptolemy.actor.gui.ConfigurationApplication.openModelOrEntity(ConfigurationApplication.java:680)
	at ptolemy.vergil.basic.export.ExportModel$1.run(ExportModel.java:220)
	at java.awt.event.InvocationEvent.dispatch(InvocationEvent.java:301)
	at java.awt.EventQueue.dispatchEventImpl(EventQueue.java:756)
	at java.awt.EventQueue.access$500(EventQueue.java:97)
	at java.awt.EventQueue$3.run(EventQueue.java:709)
	at java.awt.EventQueue$3.run(EventQueue.java:703)
	at java.security.AccessController.doPrivileged(Native Method)
	at java.security.ProtectionDomain$JavaSecurityAccessImpl.doIntersectionPrivilege(ProtectionDomain.java:80)
	at java.awt.EventQueue.dispatchEvent(EventQueue.java:726)
	at java.awt.EventDispatchThread.pumpOneEventForFilters(EventDispatchThread.java:201)
	at java.awt.EventDispatchThread.pumpEventsForFilter(EventDispatchThread.java:116)
	at java.awt.EventDispatchThread.pumpEventsForHierarchy(EventDispatchThread.java:105)
	at java.awt.EventDispatchThread.pumpEvents(EventDispatchThread.java:101)
	at java.awt.EventDispatchThread.pumpEvents(EventDispatchThread.java:93)
	at java.awt.EventDispatchThread.run(EventDispatchThread.java:82)
Caused by: ptolemy.kernel.util.InternalErrorException: Element <entity name="node1" class="ptolemy.actor.ptalon.demo.ptinyos.SenseToLeds.MicaBoard"> caused an exception to be thrown.
  in .SenseToLeds.SenseToLeds
Because:
Cannot find class: ptolemy.actor.ptalon.demo.ptinyos.SenseToLeds.MicaBoard. In Ptolemy, classes are typically Java .class files. Entities like actors may instead be defined within a .xml file.  In any case, the class was not found. If the class uses a third party package, then the class would be present only if the third party package was found at compile time.  It may be necessary to upgrade Java or install the third party package, reconfigure and recompile.
Because:
Element <entity name="MicaLeds" class="ptolemy.domains.ptinyos.lib.MicaLeds"> caused an exception to be thrown.
  in .MicaBoard
Because:
Cannot find class: ptolemy.domains.ptinyos.lib.MicaLeds. In Ptolemy, classes are typically Java .class files. Entities like actors may instead be defined within a .xml file.  In any case, the class was not found. If the class uses a third party package, then the class would be present only if the third party package was found at compile time.  It may be necessary to upgrade Java or install the third party package, reconfigure and recompile.
Because:
-- /home/travis/build/icyphy/ptII/ptolemy/actor/ptalon/demo/ptinyos/SenseToLeds/ptolemy/domains/ptinyos/lib/MicaLeds.xml (No such file or directory)
-- XML file not found relative to classpath.
-- /home/travis/build/icyphy/ptII/ptolemy/vergil/basic/export/test/ptolemy/domains/ptinyos/lib/MicaLeds.xml
/home/travis/build/icyphy/ptII/ptolemy/vergil/basic/export/test/ptolemy/domains/ptinyos/lib/MicaLeds.xml (No such file or directory)
 in file:/home/travis/build/icyphy/ptII/ptolemy/actor/ptalon/demo/ptinyos/SenseToLeds/MicaBoard.xml at line 134 and column 63
	at ptolemy.moml.SimpleErrorHandler.handleError(SimpleErrorHandler.java:75)
	at ptolemy.moml.MoMLParser.startElement(MoMLParser.java:3805)
	at com.microstar.xml.XmlParser.parseElement(XmlParser.java:931)
	at com.microstar.xml.XmlParser.parseDocument(XmlParser.java:481)
	at com.microstar.xml.XmlParser.doParse(XmlParser.java:159)
	at com.microstar.xml.XmlParser.parse(XmlParser.java:132)
	at ptolemy.moml.MoMLParser.parse(MoMLParser.java:1660)
	at ptolemy.moml.MoMLParser.parse(MoMLParser.java:1617)
	at ptolemy.moml.MoMLParser.parse(MoMLParser.java:1792)
	at ptolemy.actor.ptalon.PtalonEvaluator.addActor(PtalonEvaluator.java:241)
	... 56 more
Caused by: ptolemy.kernel.util.IllegalActionException: Cannot find class: ptolemy.actor.ptalon.demo.ptinyos.SenseToLeds.MicaBoard. In Ptolemy, classes are typically Java .class files. Entities like actors may instead be defined within a .xml file.  In any case, the class was not found. If the class uses a third party package, then the class would be present only if the third party package was found at compile time.  It may be necessary to upgrade Java or install the third party package, reconfigure and recompile.
Because:
Element <entity name="MicaLeds" class="ptolemy.domains.ptinyos.lib.MicaLeds"> caused an exception to be thrown.
  in .MicaBoard
Because:
Cannot find class: ptolemy.domains.ptinyos.lib.MicaLeds. In Ptolemy, classes are typically Java .class files. Entities like actors may instead be defined within a .xml file.  In any case, the class was not found. If the class uses a third party package, then the class would be present only if the third party package was found at compile time.  It may be necessary to upgrade Java or install the third party package, reconfigure and recompile.
Because:
-- /home/travis/build/icyphy/ptII/ptolemy/actor/ptalon/demo/ptinyos/SenseToLeds/ptolemy/domains/ptinyos/lib/MicaLeds.xml (No such file or directory)
-- XML file not found relative to classpath.
-- /home/travis/build/icyphy/ptII/ptolemy/vergil/basic/export/test/ptolemy/domains/ptinyos/lib/MicaLeds.xml
/home/travis/build/icyphy/ptII/ptolemy/vergil/basic/export/test/ptolemy/domains/ptinyos/lib/MicaLeds.xml (No such file or directory)
 in file:/home/travis/build/icyphy/ptII/ptolemy/actor/ptalon/demo/ptinyos/SenseToLeds/MicaBoard.xml at line 134 and column 63
	at ptolemy.moml.MoMLParser._createEntity(MoMLParser.java:4330)
	at ptolemy.moml.MoMLParser.startElement(MoMLParser.java:2864)
	... 64 more
Caused by: ptolemy.kernel.util.InternalErrorException: Element <entity name="MicaLeds" class="ptolemy.domains.ptinyos.lib.MicaLeds"> caused an exception to be thrown.
  in .MicaBoard
Because:
Cannot find class: ptolemy.domains.ptinyos.lib.MicaLeds. In Ptolemy, classes are typically Java .class files. Entities like actors may instead be defined within a .xml file.  In any case, the class was not found. If the class uses a third party package, then the class would be present only if the third party package was found at compile time.  It may be necessary to upgrade Java or install the third party package, reconfigure and recompile.
Because:
-- /home/travis/build/icyphy/ptII/ptolemy/actor/ptalon/demo/ptinyos/SenseToLeds/ptolemy/domains/ptinyos/lib/MicaLeds.xml (No such file or directory)
-- XML file not found relative to classpath.
-- /home/travis/build/icyphy/ptII/ptolemy/vergil/basic/export/test/ptolemy/domains/ptinyos/lib/MicaLeds.xml
/home/travis/build/icyphy/ptII/ptolemy/vergil/basic/export/test/ptolemy/domains/ptinyos/lib/MicaLeds.xml (No such file or directory)
 in file:/home/travis/build/icyphy/ptII/ptolemy/actor/ptalon/demo/ptinyos/SenseToLeds/MicaBoard.xml at line 134 and column 63
	at ptolemy.moml.SimpleErrorHandler.handleError(SimpleErrorHandler.java:75)
	at ptolemy.moml.MoMLParser.startElement(MoMLParser.java:3805)
	at com.microstar.xml.XmlParser.parseElement(XmlParser.java:921)
	at com.microstar.xml.XmlParser.parseContent(XmlParser.java:1104)
	at com.microstar.xml.XmlParser.parseElement(XmlParser.java:924)
	at com.microstar.xml.XmlParser.parseDocument(XmlParser.java:481)
	at com.microstar.xml.XmlParser.doParse(XmlParser.java:159)
	at com.microstar.xml.XmlParser.parse(XmlParser.java:132)
	at ptolemy.moml.MoMLParser.parse(MoMLParser.java:1676)
	at ptolemy.moml.MoMLParser.parse(MoMLParser.java:1595)
	at ptolemy.moml.MoMLParser.parse(MoMLParser.java:1537)
	at ptolemy.moml.MoMLParser._findOrParse(MoMLParser.java:5286)
	at ptolemy.moml.MoMLParser._attemptToFindMoMLClass(MoMLParser.java:4075)
	at ptolemy.moml.MoMLParser._createEntity(MoMLParser.java:4323)
	... 65 more
Caused by: ptolemy.kernel.util.IllegalActionException: Cannot find class: ptolemy.domains.ptinyos.lib.MicaLeds. In Ptolemy, classes are typically Java .class files. Entities like actors may instead be defined within a .xml file.  In any case, the class was not found. If the class uses a third party package, then the class would be present only if the third party package was found at compile time.  It may be necessary to upgrade Java or install the third party package, reconfigure and recompile.
Because:
-- /home/travis/build/icyphy/ptII/ptolemy/actor/ptalon/demo/ptinyos/SenseToLeds/ptolemy/domains/ptinyos/lib/MicaLeds.xml (No such file or directory)
-- XML file not found relative to classpath.
-- /home/travis/build/icyphy/ptII/ptolemy/vergil/basic/export/test/ptolemy/domains/ptinyos/lib/MicaLeds.xml
/home/travis/build/icyphy/ptII/ptolemy/vergil/basic/export/test/ptolemy/domains/ptinyos/lib/MicaLeds.xml (No such file or directory)
 in file:/home/travis/build/icyphy/ptII/ptolemy/actor/ptalon/demo/ptinyos/SenseToLeds/MicaBoard.xml at line 134 and column 63
	at ptolemy.moml.MoMLParser._createEntity(MoMLParser.java:4330)
	at ptolemy.moml.MoMLParser.startElement(MoMLParser.java:2864)
	... 77 more
Caused by: com.microstar.xml.XmlException: -- /home/travis/build/icyphy/ptII/ptolemy/actor/ptalon/demo/ptinyos/SenseToLeds/ptolemy/domains/ptinyos/lib/MicaLeds.xml (No such file or directory)
-- XML file not found relative to classpath.
-- /home/travis/build/icyphy/ptII/ptolemy/vergil/basic/export/test/ptolemy/domains/ptinyos/lib/MicaLeds.xml
/home/travis/build/icyphy/ptII/ptolemy/vergil/basic/export/test/ptolemy/domains/ptinyos/lib/MicaLeds.xml (No such file or directory)
 in file:/home/travis/build/icyphy/ptII/ptolemy/actor/ptalon/demo/ptinyos/SenseToLeds/MicaBoard.xml at line 134 and column 63
	at ptolemy.moml.MoMLParser.fileNameToURL(MoMLParser.java:1414)
	at ptolemy.moml.MoMLParser._findOrParse(MoMLParser.java:5283)
	at ptolemy.moml.MoMLParser._attemptToFindMoMLClass(MoMLParser.java:4075)
	at ptolemy.moml.MoMLParser._createEntity(MoMLParser.java:4323)
	... 78 more
Failed to read file:/home/travis/build/icyphy/ptII/ptolemy/actor/ptalon/demo/ptinyos/SenseToLeds/SenseToLeds.xml
ptolemy.kernel.util.IllegalActionException: Failed to process attribute change to PtalonParameter, whose value is "ptolemy.actor.ptalon.PtalonExpressionParameter {.SenseToLeds.SenseToLeds.n} 2".
  in .SenseToLeds.SenseToLeds
Because:
Unable to add actor null
	at ptolemy.actor.ptalon.PtalonActor.attributeChanged(PtalonActor.java:211)
	at ptolemy.actor.ptalon.PtalonMLHandler.startElement(PtalonMLHandler.java:134)
	at com.microstar.xml.XmlParser.parseElement(XmlParser.java:921)
	at com.microstar.xml.XmlParser.parseContent(XmlParser.java:1104)
	at com.microstar.xml.XmlParser.parseElement(XmlParser.java:924)
	at com.microstar.xml.XmlParser.parseDocument(XmlParser.java:481)
	at com.microstar.xml.XmlParser.doParse(XmlParser.java:159)
	at com.microstar.xml.XmlParser.parse(XmlParser.java:132)
	at ptolemy.actor.ptalon.PtalonActor.configure(PtalonActor.java:240)
	at ptolemy.moml.MoMLParser.endElement(MoMLParser.java:996)
	at com.microstar.xml.XmlParser.parseETag(XmlParser.java:1026)
	at com.microstar.xml.XmlParser.parseContent(XmlParser.java:1098)
	at com.microstar.xml.XmlParser.parseElement(XmlParser.java:924)
	at com.microstar.xml.XmlParser.parseContent(XmlParser.java:1104)
	at com.microstar.xml.XmlParser.parseElement(XmlParser.java:924)
	at com.microstar.xml.XmlParser.parseContent(XmlParser.java:1104)
	at com.microstar.xml.XmlParser.parseElement(XmlParser.java:924)
	at com.microstar.xml.XmlParser.parseDocument(XmlParser.java:481)
	at com.microstar.xml.XmlParser.doParse(XmlParser.java:159)
	at com.microstar.xml.XmlParser.parse(XmlParser.java:132)
	at ptolemy.moml.MoMLParser.parse(MoMLParser.java:1676)
	at ptolemy.moml.MoMLParser.parse(MoMLParser.java:1595)
	at ptolemy.moml.MoMLParser.parse(MoMLParser.java:1537)
	at ptolemy.actor.gui.PtolemyEffigy$Factory.createEffigy(PtolemyEffigy.java:424)
	at ptolemy.actor.gui.EffigyFactory.createEffigy(EffigyFactory.java:234)
	at ptolemy.actor.gui.Configuration.openModel(Configuration.java:1125)
	at ptolemy.actor.gui.Configuration.openModel(Configuration.java:1051)
	at ptolemy.actor.gui.ConfigurationApplication._openModel(ConfigurationApplication.java:1252)
	at ptolemy.actor.gui.ConfigurationApplication._parseArg(ConfigurationApplication.java:1399)
	at ptolemy.actor.gui.ConfigurationApplication._parseArgs(ConfigurationApplication.java:1478)
	at ptolemy.actor.gui.ConfigurationApplication.<init>(ConfigurationApplication.java:277)
	at ptolemy.actor.gui.ConfigurationApplication.<init>(ConfigurationApplication.java:214)
	at ptolemy.actor.gui.ConfigurationApplication.<init>(ConfigurationApplication.java:201)
	at ptolemy.actor.gui.ConfigurationApplication.openModelOrEntity(ConfigurationApplication.java:680)
	at ptolemy.vergil.basic.export.ExportModel$1.run(ExportModel.java:220)
	at java.awt.event.InvocationEvent.dispatch(InvocationEvent.java:301)
	at java.awt.EventQueue.dispatchEventImpl(EventQueue.java:756)
	at java.awt.EventQueue.access$500(EventQueue.java:97)
	at java.awt.EventQueue$3.run(EventQueue.java:709)
	at java.awt.EventQueue$3.run(EventQueue.java:703)
	at java.security.AccessController.doPrivileged(Native Method)
	at java.security.ProtectionDomain$JavaSecurityAccessImpl.doIntersectionPrivilege(ProtectionDomain.java:80)
	at java.awt.EventQueue.dispatchEvent(EventQueue.java:726)
	at java.awt.EventDispatchThread.pumpOneEventForFilters(EventDispatchThread.java:201)
	at java.awt.EventDispatchThread.pumpEventsForFilter(EventDispatchThread.java:116)
	at java.awt.EventDispatchThread.pumpEventsForHierarchy(EventDispatchThread.java:105)
	at java.awt.EventDispatchThread.pumpEvents(EventDispatchThread.java:101)
	at java.awt.EventDispatchThread.pumpEvents(EventDispatchThread.java:93)
	at java.awt.EventDispatchThread.run(EventDispatchThread.java:82)
Caused by: ptolemy.actor.ptalon.PtalonRuntimeException: Unable to add actor null
	at ptolemy.actor.ptalon.PtalonEvaluator.addActor(PtalonEvaluator.java:300)
	at ptolemy.actor.ptalon.PtalonPopulator.actor_declaration(PtalonPopulator.java:1574)
	at ptolemy.actor.ptalon.PtalonPopulator.atomic_statement(PtalonPopulator.java:1638)
	at ptolemy.actor.ptalon.PtalonPopulator.iterative_statement_evaluator(PtalonPopulator.java:2484)
	at ptolemy.actor.ptalon.AbstractPtalonEvaluator$IfTree.evaluateForScope(AbstractPtalonEvaluator.java:1307)
	at ptolemy.actor.ptalon.AbstractPtalonEvaluator.evaluateForScope(AbstractPtalonEvaluator.java:744)
	at ptolemy.actor.ptalon.PtalonPopulator.iterative_statement(PtalonPopulator.java:2363)
	at ptolemy.actor.ptalon.PtalonPopulator.actor_definition(PtalonPopulator.java:2809)
	at ptolemy.actor.ptalon.PtalonActor.attributeChanged(PtalonActor.java:206)
	... 48 more
Caused by: ptolemy.kernel.util.InternalErrorException: Element <entity name="node1" class="ptolemy.actor.ptalon.demo.ptinyos.SenseToLeds.MicaBoard"> caused an exception to be thrown.
  in .SenseToLeds.SenseToLeds
Because:
Cannot find class: ptolemy.actor.ptalon.demo.ptinyos.SenseToLeds.MicaBoard. In Ptolemy, classes are typically Java .class files. Entities like actors may instead be defined within a .xml file.  In any case, the class was not found. If the class uses a third party package, then the class would be present only if the third party package was found at compile time.  It may be necessary to upgrade Java or install the third party package, reconfigure and recompile.
Because:
Element <entity name="MicaLeds" class="ptolemy.domains.ptinyos.lib.MicaLeds"> caused an exception to be thrown.
  in .MicaBoard
Because:
Cannot find class: ptolemy.domains.ptinyos.lib.MicaLeds. In Ptolemy, classes are typically Java .class files. Entities like actors may instead be defined within a .xml file.  In any case, the class was not found. If the class uses a third party package, then the class would be present only if the third party package was found at compile time.  It may be necessary to upgrade Java or install the third party package, reconfigure and recompile.
Because:
-- /home/travis/build/icyphy/ptII/ptolemy/actor/ptalon/demo/ptinyos/SenseToLeds/ptolemy/domains/ptinyos/lib/MicaLeds.xml (No such file or directory)
-- XML file not found relative to classpath.
-- /home/travis/build/icyphy/ptII/ptolemy/vergil/basic/export/test/ptolemy/domains/ptinyos/lib/MicaLeds.xml
/home/travis/build/icyphy/ptII/ptolemy/vergil/basic/export/test/ptolemy/domains/ptinyos/lib/MicaLeds.xml (No such file or directory)
 in file:/home/travis/build/icyphy/ptII/ptolemy/actor/ptalon/demo/ptinyos/SenseToLeds/MicaBoard.xml at line 134 and column 63
	at ptolemy.moml.SimpleErrorHandler.handleError(SimpleErrorHandler.java:75)
	at ptolemy.moml.MoMLParser.startElement(MoMLParser.java:3805)
	at com.microstar.xml.XmlParser.parseElement(XmlParser.java:931)
	at com.microstar.xml.XmlParser.parseDocument(XmlParser.java:481)
	at com.microstar.xml.XmlParser.doParse(XmlParser.java:159)
	at com.microstar.xml.XmlParser.parse(XmlParser.java:132)
	at ptolemy.moml.MoMLParser.parse(MoMLParser.java:1660)
	at ptolemy.moml.MoMLParser.parse(MoMLParser.java:1617)
	at ptolemy.moml.MoMLParser.parse(MoMLParser.java:1792)
	at ptolemy.actor.ptalon.PtalonEvaluator.addActor(PtalonEvaluator.java:241)
	... 56 more
Caused by: ptolemy.kernel.util.IllegalActionException: Cannot find class: ptolemy.actor.ptalon.demo.ptinyos.SenseToLeds.MicaBoard. In Ptolemy, classes are typically Java .class files. Entities like actors may instead be defined within a .xml file.  In any case, the class was not found. If the class uses a third party package, then the class would be present only if the third party package was found at compile time.  It may be necessary to upgrade Java or install the third party package, reconfigure and recompile.
Because:
Element <entity name="MicaLeds" class="ptolemy.domains.ptinyos.lib.MicaLeds"> caused an exception to be thrown.
  in .MicaBoard
Because:
Cannot find class: ptolemy.domains.ptinyos.lib.MicaLeds. In Ptolemy, classes are typically Java .class files. Entities like actors may instead be defined within a .xml file.  In any case, the class was not found. If the class uses a third party package, then the class would be present only if the third party package was found at compile time.  It may be necessary to upgrade Java or install the third party package, reconfigure and recompile.
Because:
-- /home/travis/build/icyphy/ptII/ptolemy/actor/ptalon/demo/ptinyos/SenseToLeds/ptolemy/domains/ptinyos/lib/MicaLeds.xml (No such file or directory)
-- XML file not found relative to classpath.
-- /home/travis/build/icyphy/ptII/ptolemy/vergil/basic/export/test/ptolemy/domains/ptinyos/lib/MicaLeds.xml
/home/travis/build/icyphy/ptII/ptolemy/vergil/basic/export/test/ptolemy/domains/ptinyos/lib/MicaLeds.xml (No such file or directory)
 in file:/home/travis/build/icyphy/ptII/ptolemy/actor/ptalon/demo/ptinyos/SenseToLeds/MicaBoard.xml at line 134 and column 63
	at ptolemy.moml.MoMLParser._createEntity(MoMLParser.java:4330)
	at ptolemy.moml.MoMLParser.startElement(MoMLParser.java:2864)
	... 64 more
Caused by: ptolemy.kernel.util.InternalErrorException: Element <entity name="MicaLeds" class="ptolemy.domains.ptinyos.lib.MicaLeds"> caused an exception to be thrown.
  in .MicaBoard
Because:
Cannot find class: ptolemy.domains.ptinyos.lib.MicaLeds. In Ptolemy, classes are typically Java .class files. Entities like actors may instead be defined within a .xml file.  In any case, the class was not found. If the class uses a third party package, then the class would be present only if the third party package was found at compile time.  It may be necessary to upgrade Java or install the third party package, reconfigure and recompile.
Because:
-- /home/travis/build/icyphy/ptII/ptolemy/actor/ptalon/demo/ptinyos/SenseToLeds/ptolemy/domains/ptinyos/lib/MicaLeds.xml (No such file or directory)
-- XML file not found relative to classpath.
-- /home/travis/build/icyphy/ptII/ptolemy/vergil/basic/export/test/ptolemy/domains/ptinyos/lib/MicaLeds.xml
/home/travis/build/icyphy/ptII/ptolemy/vergil/basic/export/test/ptolemy/domains/ptinyos/lib/MicaLeds.xml (No such file or directory)
 in file:/home/travis/build/icyphy/ptII/ptolemy/actor/ptalon/demo/ptinyos/SenseToLeds/MicaBoard.xml at line 134 and column 63
	at ptolemy.moml.SimpleErrorHandler.handleError(SimpleErrorHandler.java:75)
	at ptolemy.moml.MoMLParser.startElement(MoMLParser.java:3805)
	at com.microstar.xml.XmlParser.parseElement(XmlParser.java:921)
	at com.microstar.xml.XmlParser.parseContent(XmlParser.java:1104)
	at com.microstar.xml.XmlParser.parseElement(XmlParser.java:924)
	at com.microstar.xml.XmlParser.parseDocument(XmlParser.java:481)
	at com.microstar.xml.XmlParser.doParse(XmlParser.java:159)
	at com.microstar.xml.XmlParser.parse(XmlParser.java:132)
	at ptolemy.moml.MoMLParser.parse(MoMLParser.java:1676)
	at ptolemy.moml.MoMLParser.parse(MoMLParser.java:1595)
	at ptolemy.moml.MoMLParser.parse(MoMLParser.java:1537)
	at ptolemy.moml.MoMLParser._findOrParse(MoMLParser.java:5286)
	at ptolemy.moml.MoMLParser._attemptToFindMoMLClass(MoMLParser.java:4075)
	at ptolemy.moml.MoMLParser._createEntity(MoMLParser.java:4323)
	... 65 more
Caused by: ptolemy.kernel.util.IllegalActionException: Cannot find class: ptolemy.domains.ptinyos.lib.MicaLeds. In Ptolemy, classes are typically Java .class files. Entities like actors may instead be defined within a .xml file.  In any case, the class was not found. If the class uses a third party package, then the class would be present only if the third party package was found at compile time.  It may be necessary to upgrade Java or install the third party package, reconfigure and recompile.
Because:
-- /home/travis/build/icyphy/ptII/ptolemy/actor/ptalon/demo/ptinyos/SenseToLeds/ptolemy/domains/ptinyos/lib/MicaLeds.xml (No such file or directory)
-- XML file not found relative to classpath.
-- /home/travis/build/icyphy/ptII/ptolemy/vergil/basic/export/test/ptolemy/domains/ptinyos/lib/MicaLeds.xml
/home/travis/build/icyphy/ptII/ptolemy/vergil/basic/export/test/ptolemy/domains/ptinyos/lib/MicaLeds.xml (No such file or directory)
 in file:/home/travis/build/icyphy/ptII/ptolemy/actor/ptalon/demo/ptinyos/SenseToLeds/MicaBoard.xml at line 134 and column 63
	at ptolemy.moml.MoMLParser._createEntity(MoMLParser.java:4330)
	at ptolemy.moml.MoMLParser.startElement(MoMLParser.java:2864)
	... 77 more
Caused by: com.microstar.xml.XmlException: -- /home/travis/build/icyphy/ptII/ptolemy/actor/ptalon/demo/ptinyos/SenseToLeds/ptolemy/domains/ptinyos/lib/MicaLeds.xml (No such file or directory)
-- XML file not found relative to classpath.
-- /home/travis/build/icyphy/ptII/ptolemy/vergil/basic/export/test/ptolemy/domains/ptinyos/lib/MicaLeds.xml
/home/travis/build/icyphy/ptII/ptolemy/vergil/basic/export/test/ptolemy/domains/ptinyos/lib/MicaLeds.xml (No such file or directory)
 in file:/home/travis/build/icyphy/ptII/ptolemy/actor/ptalon/demo/ptinyos/SenseToLeds/MicaBoard.xml at line 134 and column 63
	at ptolemy.moml.MoMLParser.fileNameToURL(MoMLParser.java:1414)
	at ptolemy.moml.MoMLParser._findOrParse(MoMLParser.java:5283)
	at ptolemy.moml.MoMLParser._attemptToFindMoMLClass(MoMLParser.java:4075)
	at ptolemy.moml.MoMLParser._createEntity(MoMLParser.java:4323)
	... 78 more
Caused by: ptolemy.actor.ptalon.PtalonRuntimeException: Unable to add actor null
	at ptolemy.actor.ptalon.PtalonEvaluator.addActor(PtalonEvaluator.java:300)
	at ptolemy.actor.ptalon.PtalonPopulator.actor_declaration(PtalonPopulator.java:1574)
	at ptolemy.actor.ptalon.PtalonPopulator.atomic_statement(PtalonPopulator.java:1638)
	at ptolemy.actor.ptalon.PtalonPopulator.iterative_statement_evaluator(PtalonPopulator.java:2484)
	at ptolemy.actor.ptalon.AbstractPtalonEvaluator$IfTree.evaluateForScope(AbstractPtalonEvaluator.java:1307)
	at ptolemy.actor.ptalon.AbstractPtalonEvaluator.evaluateForScope(AbstractPtalonEvaluator.java:744)
	at ptolemy.actor.ptalon.PtalonPopulator.iterative_statement(PtalonPopulator.java:2363)
	at ptolemy.actor.ptalon.PtalonPopulator.actor_definition(PtalonPopulator.java:2809)
	at ptolemy.actor.ptalon.PtalonActor.attributeChanged(PtalonActor.java:206)
	at ptolemy.actor.ptalon.PtalonMLHandler.startElement(PtalonMLHandler.java:134)
	at com.microstar.xml.XmlParser.parseElement(XmlParser.java:921)
	at com.microstar.xml.XmlParser.parseContent(XmlParser.java:1104)
	at com.microstar.xml.XmlParser.parseElement(XmlParser.java:924)
	at com.microstar.xml.XmlParser.parseDocument(XmlParser.java:481)
	at com.microstar.xml.XmlParser.doParse(XmlParser.java:159)
	at com.microstar.xml.XmlParser.parse(XmlParser.java:132)
	at ptolemy.actor.ptalon.PtalonActor.configure(PtalonActor.java:240)
	at ptolemy.moml.MoMLParser.endElement(MoMLParser.java:996)
	at com.microstar.xml.XmlParser.parseETag(XmlParser.java:1026)
	at com.microstar.xml.XmlParser.parseContent(XmlParser.java:1098)
	at com.microstar.xml.XmlParser.parseElement(XmlParser.java:924)
	at com.microstar.xml.XmlParser.parseContent(XmlParser.java:1104)
	at com.microstar.xml.XmlParser.parseElement(XmlParser.java:924)
	at com.microstar.xml.XmlParser.parseContent(XmlParser.java:1104)
	at com.microstar.xml.XmlParser.parseElement(XmlParser.java:924)
	at com.microstar.xml.XmlParser.parseDocument(XmlParser.java:481)
	at com.microstar.xml.XmlParser.doParse(XmlParser.java:159)
	at com.microstar.xml.XmlParser.parse(XmlParser.java:132)
	at ptolemy.moml.MoMLParser.parse(MoMLParser.java:1676)
	at ptolemy.moml.MoMLParser.parse(MoMLParser.java:1595)
	at ptolemy.moml.MoMLParser.parse(MoMLParser.java:1537)
	at ptolemy.actor.gui.PtolemyEffigy$Factory.createEffigy(PtolemyEffigy.java:424)
	at ptolemy.actor.gui.EffigyFactory.createEffigy(EffigyFactory.java:234)
	at ptolemy.actor.gui.Configuration.openModel(Configuration.java:1125)
	at ptolemy.actor.gui.Configuration.openModel(Configuration.java:1051)
	at ptolemy.actor.gui.ConfigurationApplication._openModel(ConfigurationApplication.java:1252)
	at ptolemy.actor.gui.ConfigurationApplication._parseArg(ConfigurationApplication.java:1399)
	at ptolemy.actor.gui.ConfigurationApplication._parseArgs(ConfigurationApplication.java:1478)
	at ptolemy.actor.gui.ConfigurationApplication.<init>(ConfigurationApplication.java:277)
	at ptolemy.actor.gui.ConfigurationApplication.<init>(ConfigurationApplication.java:214)
	at ptolemy.actor.gui.ConfigurationApplication.<init>(ConfigurationApplication.java:201)
	at ptolemy.actor.gui.ConfigurationApplication.openModelOrEntity(ConfigurationApplication.java:680)
	at ptolemy.vergil.basic.export.ExportModel$1.run(ExportModel.java:220)
	at java.awt.event.InvocationEvent.dispatch(InvocationEvent.java:301)
	at java.awt.EventQueue.dispatchEventImpl(EventQueue.java:756)
	at java.awt.EventQueue.access$500(EventQueue.java:97)
	at java.awt.EventQueue$3.run(EventQueue.java:709)
	at java.awt.EventQueue$3.run(EventQueue.java:703)
	at java.security.AccessController.doPrivileged(Native Method)
	at java.security.ProtectionDomain$JavaSecurityAccessImpl.doIntersectionPrivilege(ProtectionDomain.java:80)
	at java.awt.EventQueue.dispatchEvent(EventQueue.java:726)
	at java.awt.EventDispatchThread.pumpOneEventForFilters(EventDispatchThread.java:201)
	at java.awt.EventDispatchThread.pumpEventsForFilter(EventDispatchThread.java:116)
	at java.awt.EventDispatchThread.pumpEventsForHierarchy(EventDispatchThread.java:105)
	at java.awt.EventDispatchThread.pumpEvents(EventDispatchThread.java:101)
	at java.awt.EventDispatchThread.pumpEvents(EventDispatchThread.java:93)
	at java.awt.EventDispatchThread.run(EventDispatchThread.java:82)
Caused by: ptolemy.kernel.util.InternalErrorException: Element <entity name="node1" class="ptolemy.actor.ptalon.demo.ptinyos.SenseToLeds.MicaBoard"> caused an exception to be thrown.
  in .SenseToLeds.SenseToLeds
Because:
Cannot find class: ptolemy.actor.ptalon.demo.ptinyos.SenseToLeds.MicaBoard. In Ptolemy, classes are typically Java .class files. Entities like actors may instead be defined within a .xml file.  In any case, the class was not found. If the class uses a third party package, then the class would be present only if the third party package was found at compile time.  It may be necessary to upgrade Java or install the third party package, reconfigure and recompile.
Because:
Element <entity name="MicaLeds" class="ptolemy.domains.ptinyos.lib.MicaLeds"> caused an exception to be thrown.
  in .MicaBoard
Because:
Cannot find class: ptolemy.domains.ptinyos.lib.MicaLeds. In Ptolemy, classes are typically Java .class files. Entities like actors may instead be defined within a .xml file.  In any case, the class was not found. If the class uses a third party package, then the class would be present only if the third party package was found at compile time.  It may be necessary to upgrade Java or install the third party package, reconfigure and recompile.
Because:
-- /home/travis/build/icyphy/ptII/ptolemy/actor/ptalon/demo/ptinyos/SenseToLeds/ptolemy/domains/ptinyos/lib/MicaLeds.xml (No such file or directory)
-- XML file not found relative to classpath.
-- /home/travis/build/icyphy/ptII/ptolemy/vergil/basic/export/test/ptolemy/domains/ptinyos/lib/MicaLeds.xml
/home/travis/build/icyphy/ptII/ptolemy/vergil/basic/export/test/ptolemy/domains/ptinyos/lib/MicaLeds.xml (No such file or directory)
 in file:/home/travis/build/icyphy/ptII/ptolemy/actor/ptalon/demo/ptinyos/SenseToLeds/MicaBoard.xml at line 134 and column 63
	at ptolemy.moml.SimpleErrorHandler.handleError(SimpleErrorHandler.java:75)
	at ptolemy.moml.MoMLParser.startElement(MoMLParser.java:3805)
	at com.microstar.xml.XmlParser.parseElement(XmlParser.java:931)
	at com.microstar.xml.XmlParser.parseDocument(XmlParser.java:481)
	at com.microstar.xml.XmlParser.doParse(XmlParser.java:159)
	at com.microstar.xml.XmlParser.parse(XmlParser.java:132)
	at ptolemy.moml.MoMLParser.parse(MoMLParser.java:1660)
	at ptolemy.moml.MoMLParser.parse(MoMLParser.java:1617)
	at ptolemy.moml.MoMLParser.parse(MoMLParser.java:1792)
	at ptolemy.actor.ptalon.PtalonEvaluator.addActor(PtalonEvaluator.java:241)
	... 56 more
Caused by: ptolemy.kernel.util.IllegalActionException: Cannot find class: ptolemy.actor.ptalon.demo.ptinyos.SenseToLeds.MicaBoard. In Ptolemy, classes are typically Java .class files. Entities like actors may instead be defined within a .xml file.  In any case, the class was not found. If the class uses a third party package, then the class would be present only if the third party package was found at compile time.  It may be necessary to upgrade Java or install the third party package, reconfigure and recompile.
Because:
Element <entity name="MicaLeds" class="ptolemy.domains.ptinyos.lib.MicaLeds"> caused an exception to be thrown.
  in .MicaBoard
Because:
Cannot find class: ptolemy.domains.ptinyos.lib.MicaLeds. In Ptolemy, classes are typically Java .class files. Entities like actors may instead be defined within a .xml file.  In any case, the class was not found. If the class uses a third party package, then the class would be present only if the third party package was found at compile time.  It may be necessary to upgrade Java or install the third party package, reconfigure and recompile.
Because:
-- /home/travis/build/icyphy/ptII/ptolemy/actor/ptalon/demo/ptinyos/SenseToLeds/ptolemy/domains/ptinyos/lib/MicaLeds.xml (No such file or directory)
-- XML file not found relative to classpath.
-- /home/travis/build/icyphy/ptII/ptolemy/vergil/basic/export/test/ptolemy/domains/ptinyos/lib/MicaLeds.xml
/home/travis/build/icyphy/ptII/ptolemy/vergil/basic/export/test/ptolemy/domains/ptinyos/lib/MicaLeds.xml (No such file or directory)
 in file:/home/travis/build/icyphy/ptII/ptolemy/actor/ptalon/demo/ptinyos/SenseToLeds/MicaBoard.xml at line 134 and column 63
	at ptolemy.moml.MoMLParser._createEntity(MoMLParser.java:4330)
	at ptolemy.moml.MoMLParser.startElement(MoMLParser.java:2864)
	... 64 more
Caused by: ptolemy.kernel.util.InternalErrorException: Element <entity name="MicaLeds" class="ptolemy.domains.ptinyos.lib.MicaLeds"> caused an exception to be thrown.
  in .MicaBoard
Because:
Cannot find class: ptolemy.domains.ptinyos.lib.MicaLeds. In Ptolemy, classes are typically Java .class files. Entities like actors may instead be defined within a .xml file.  In any case, the class was not found. If the class uses a third party package, then the class would be present only if the third party package was found at compile time.  It may be necessary to upgrade Java or install the third party package, reconfigure and recompile.
Because:
-- /home/travis/build/icyphy/ptII/ptolemy/actor/ptalon/demo/ptinyos/SenseToLeds/ptolemy/domains/ptinyos/lib/MicaLeds.xml (No such file or directory)
-- XML file not found relative to classpath.
-- /home/travis/build/icyphy/ptII/ptolemy/vergil/basic/export/test/ptolemy/domains/ptinyos/lib/MicaLeds.xml
/home/travis/build/icyphy/ptII/ptolemy/vergil/basic/export/test/ptolemy/domains/ptinyos/lib/MicaLeds.xml (No such file or directory)
 in file:/home/travis/build/icyphy/ptII/ptolemy/actor/ptalon/demo/ptinyos/SenseToLeds/MicaBoard.xml at line 134 and column 63
	at ptolemy.moml.SimpleErrorHandler.handleError(SimpleErrorHandler.java:75)
	at ptolemy.moml.MoMLParser.startElement(MoMLParser.java:3805)
	at com.microstar.xml.XmlParser.parseElement(XmlParser.java:921)
	at com.microstar.xml.XmlParser.parseContent(XmlParser.java:1104)
	at com.microstar.xml.XmlParser.parseElement(XmlParser.java:924)
	at com.microstar.xml.XmlParser.parseDocument(XmlParser.java:481)
	at com.microstar.xml.XmlParser.doParse(XmlParser.java:159)
	at com.microstar.xml.XmlParser.parse(XmlParser.java:132)
	at ptolemy.moml.MoMLParser.parse(MoMLParser.java:1676)
	at ptolemy.moml.MoMLParser.parse(MoMLParser.java:1595)
	at ptolemy.moml.MoMLParser.parse(MoMLParser.java:1537)
	at ptolemy.moml.MoMLParser._findOrParse(MoMLParser.java:5286)
	at ptolemy.moml.MoMLParser._attemptToFindMoMLClass(MoMLParser.java:4075)
	at ptolemy.moml.MoMLParser._createEntity(MoMLParser.java:4323)
	... 65 more
Caused by: ptolemy.kernel.util.IllegalActionException: Cannot find class: ptolemy.domains.ptinyos.lib.MicaLeds. In Ptolemy, classes are typically Java .class files. Entities like actors may instead be defined within a .xml file.  In any case, the class was not found. If the class uses a third party package, then the class would be present only if the third party package was found at compile time.  It may be necessary to upgrade Java or install the third party package, reconfigure and recompile.
Because:
-- /home/travis/build/icyphy/ptII/ptolemy/actor/ptalon/demo/ptinyos/SenseToLeds/ptolemy/domains/ptinyos/lib/MicaLeds.xml (No such file or directory)
-- XML file not found relative to classpath.
-- /home/travis/build/icyphy/ptII/ptolemy/vergil/basic/export/test/ptolemy/domains/ptinyos/lib/MicaLeds.xml
/home/travis/build/icyphy/ptII/ptolemy/vergil/basic/export/test/ptolemy/domains/ptinyos/lib/MicaLeds.xml (No such file or directory)
 in file:/home/travis/build/icyphy/ptII/ptolemy/actor/ptalon/demo/ptinyos/SenseToLeds/MicaBoard.xml at line 134 and column 63
	at ptolemy.moml.MoMLParser._createEntity(MoMLParser.java:4330)
	at ptolemy.moml.MoMLParser.startElement(MoMLParser.java:2864)
	... 77 more
Caused by: com.microstar.xml.XmlException: -- /home/travis/build/icyphy/ptII/ptolemy/actor/ptalon/demo/ptinyos/SenseToLeds/ptolemy/domains/ptinyos/lib/MicaLeds.xml (No such file or directory)
-- XML file not found relative to classpath.
-- /home/travis/build/icyphy/ptII/ptolemy/vergil/basic/export/test/ptolemy/domains/ptinyos/lib/MicaLeds.xml
/home/travis/build/icyphy/ptII/ptolemy/vergil/basic/export/test/ptolemy/domains/ptinyos/lib/MicaLeds.xml (No such file or directory)
 in file:/home/travis/build/icyphy/ptII/ptolemy/actor/ptalon/demo/ptinyos/SenseToLeds/MicaBoard.xml at line 134 and column 63
	at ptolemy.moml.MoMLParser.fileNameToURL(MoMLParser.java:1414)
	at ptolemy.moml.MoMLParser._findOrParse(MoMLParser.java:5283)
	at ptolemy.moml.MoMLParser._attemptToFindMoMLClass(MoMLParser.java:4075)
	at ptolemy.moml.MoMLParser._createEntity(MoMLParser.java:4323)
	... 78 more
ptolemy.kernel.util.IllegalActionException: Failed to process attribute change to PtalonParameter, whose value is "ptolemy.actor.ptalon.PtalonExpressionParameter {.SenseToLeds.SenseToLeds.n} 2".
  in .SenseToLeds.SenseToLeds
Because:
Unable to add actor null
	at ptolemy.actor.ptalon.PtalonActor.attributeChanged(PtalonActor.java:211)
	at ptolemy.actor.ptalon.PtalonMLHandler.startElement(PtalonMLHandler.java:134)
	at com.microstar.xml.XmlParser.parseElement(XmlParser.java:921)
	at com.microstar.xml.XmlParser.parseContent(XmlParser.java:1104)
	at com.microstar.xml.XmlParser.parseElement(XmlParser.java:924)
	at com.microstar.xml.XmlParser.parseDocument(XmlParser.java:481)
	at com.microstar.xml.XmlParser.doParse(XmlParser.java:159)
	at com.microstar.xml.XmlParser.parse(XmlParser.java:132)
	at ptolemy.actor.ptalon.PtalonActor.configure(PtalonActor.java:240)
	at ptolemy.moml.MoMLParser.endElement(MoMLParser.java:996)
	at com.microstar.xml.XmlParser.parseETag(XmlParser.java:1026)
	at com.microstar.xml.XmlParser.parseContent(XmlParser.java:1098)
	at com.microstar.xml.XmlParser.parseElement(XmlParser.java:924)
	at com.microstar.xml.XmlParser.parseContent(XmlParser.java:1104)
	at com.microstar.xml.XmlParser.parseElement(XmlParser.java:924)
	at com.microstar.xml.XmlParser.parseContent(XmlParser.java:1104)
	at com.microstar.xml.XmlParser.parseElement(XmlParser.java:924)
	at com.microstar.xml.XmlParser.parseDocument(XmlParser.java:481)
	at com.microstar.xml.XmlParser.doParse(XmlParser.java:159)
	at com.microstar.xml.XmlParser.parse(XmlParser.java:132)
	at ptolemy.moml.MoMLParser.parse(MoMLParser.java:1676)
	at ptolemy.moml.MoMLParser.parse(MoMLParser.java:1595)
	at ptolemy.moml.MoMLParser.parse(MoMLParser.java:1537)
	at ptolemy.actor.gui.PtolemyEffigy$Factory.createEffigy(PtolemyEffigy.java:424)
	at ptolemy.actor.gui.EffigyFactory.createEffigy(EffigyFactory.java:234)
	at ptolemy.actor.gui.Configuration.openModel(Configuration.java:1125)
	at ptolemy.actor.gui.Configuration.openModel(Configuration.java:1051)
	at ptolemy.actor.gui.ConfigurationApplication._openModel(ConfigurationApplication.java:1252)
	at ptolemy.actor.gui.ConfigurationApplication._parseArg(ConfigurationApplication.java:1399)
	at ptolemy.actor.gui.ConfigurationApplication._parseArgs(ConfigurationApplication.java:1478)
	at ptolemy.actor.gui.ConfigurationApplication.<init>(ConfigurationApplication.java:277)
	at ptolemy.actor.gui.ConfigurationApplication.<init>(ConfigurationApplication.java:214)
	at ptolemy.actor.gui.ConfigurationApplication.<init>(ConfigurationApplication.java:201)
	at ptolemy.actor.gui.ConfigurationApplication.openModelOrEntity(ConfigurationApplication.java:680)
	at ptolemy.vergil.basic.export.ExportModel$1.run(ExportModel.java:220)
	at java.awt.event.InvocationEvent.dispatch(InvocationEvent.java:301)
	at java.awt.EventQueue.dispatchEventImpl(EventQueue.java:756)
	at java.awt.EventQueue.access$500(EventQueue.java:97)
	at java.awt.EventQueue$3.run(EventQueue.java:709)
	at java.awt.EventQueue$3.run(EventQueue.java:703)
	at java.security.AccessController.doPrivileged(Native Method)
	at java.security.ProtectionDomain$JavaSecurityAccessImpl.doIntersectionPrivilege(ProtectionDomain.java:80)
	at java.awt.EventQueue.dispatchEvent(EventQueue.java:726)
	at java.awt.EventDispatchThread.pumpOneEventForFilters(EventDispatchThread.java:201)
	at java.awt.EventDispatchThread.pumpEventsForFilter(EventDispatchThread.java:116)
	at java.awt.EventDispatchThread.pumpEventsForHierarchy(EventDispatchThread.java:105)
	at java.awt.EventDispatchThread.pumpEvents(EventDispatchThread.java:101)
	at java.awt.EventDispatchThread.pumpEvents(EventDispatchThread.java:93)
	at java.awt.EventDispatchThread.run(EventDispatchThread.java:82)
Caused by: ptolemy.actor.ptalon.PtalonRuntimeException: Unable to add actor null
	at ptolemy.actor.ptalon.PtalonEvaluator.addActor(PtalonEvaluator.java:300)
	at ptolemy.actor.ptalon.PtalonPopulator.actor_declaration(PtalonPopulator.java:1574)
	at ptolemy.actor.ptalon.PtalonPopulator.atomic_statement(PtalonPopulator.java:1638)
	at ptolemy.actor.ptalon.PtalonPopulator.iterative_statement_evaluator(PtalonPopulator.java:2484)
	at ptolemy.actor.ptalon.AbstractPtalonEvaluator$IfTree.evaluateForScope(AbstractPtalonEvaluator.java:1307)
	at ptolemy.actor.ptalon.AbstractPtalonEvaluator.evaluateForScope(AbstractPtalonEvaluator.java:744)
	at ptolemy.actor.ptalon.PtalonPopulator.iterative_statement(PtalonPopulator.java:2363)
	at ptolemy.actor.ptalon.PtalonPopulator.actor_definition(PtalonPopulator.java:2809)
	at ptolemy.actor.ptalon.PtalonActor.attributeChanged(PtalonActor.java:206)
	... 48 more
Caused by: ptolemy.kernel.util.InternalErrorException: Element <entity name="node1" class="ptolemy.actor.ptalon.demo.ptinyos.SenseToLeds.MicaBoard"> caused an exception to be thrown.
  in .SenseToLeds.SenseToLeds
Because:
Cannot find class: ptolemy.actor.ptalon.demo.ptinyos.SenseToLeds.MicaBoard. In Ptolemy, classes are typically Java .class files. Entities like actors may instead be defined within a .xml file.  In any case, the class was not found. If the class uses a third party package, then the class would be present only if the third party package was found at compile time.  It may be necessary to upgrade Java or install the third party package, reconfigure and recompile.
Because:
Element <entity name="MicaLeds" class="ptolemy.domains.ptinyos.lib.MicaLeds"> caused an exception to be thrown.
  in .MicaBoard
Because:
Cannot find class: ptolemy.domains.ptinyos.lib.MicaLeds. In Ptolemy, classes are typically Java .class files. Entities like actors may instead be defined within a .xml file.  In any case, the class was not found. If the class uses a third party package, then the class would be present only if the third party package was found at compile time.  It may be necessary to upgrade Java or install the third party package, reconfigure and recompile.
Because:
-- /home/travis/build/icyphy/ptII/ptolemy/actor/ptalon/demo/ptinyos/SenseToLeds/ptolemy/domains/ptinyos/lib/MicaLeds.xml (No such file or directory)
-- XML file not found relative to classpath.
-- /home/travis/build/icyphy/ptII/ptolemy/vergil/basic/export/test/ptolemy/domains/ptinyos/lib/MicaLeds.xml
/home/travis/build/icyphy/ptII/ptolemy/vergil/basic/export/test/ptolemy/domains/ptinyos/lib/MicaLeds.xml (No such file or directory)
 in file:/home/travis/build/icyphy/ptII/ptolemy/actor/ptalon/demo/ptinyos/SenseToLeds/MicaBoard.xml at line 134 and column 63
	at ptolemy.moml.SimpleErrorHandler.handleError(SimpleErrorHandler.java:75)
	at ptolemy.moml.MoMLParser.startElement(MoMLParser.java:3805)
	at com.microstar.xml.XmlParser.parseElement(XmlParser.java:931)
	at com.microstar.xml.XmlParser.parseDocument(XmlParser.java:481)
	at com.microstar.xml.XmlParser.doParse(XmlParser.java:159)
	at com.microstar.xml.XmlParser.parse(XmlParser.java:132)
	at ptolemy.moml.MoMLParser.parse(MoMLParser.java:1660)
	at ptolemy.moml.MoMLParser.parse(MoMLParser.java:1617)
	at ptolemy.moml.MoMLParser.parse(MoMLParser.java:1792)
	at ptolemy.actor.ptalon.PtalonEvaluator.addActor(PtalonEvaluator.java:241)
	... 56 more
Caused by: ptolemy.kernel.util.IllegalActionException: Cannot find class: ptolemy.actor.ptalon.demo.ptinyos.SenseToLeds.MicaBoard. In Ptolemy, classes are typically Java .class files. Entities like actors may instead be defined within a .xml file.  In any case, the class was not found. If the class uses a third party package, then the class would be present only if the third party package was found at compile time.  It may be necessary to upgrade Java or install the third party package, reconfigure and recompile.
Because:
Element <entity name="MicaLeds" class="ptolemy.domains.ptinyos.lib.MicaLeds"> caused an exception to be thrown.
  in .MicaBoard
Because:
Cannot find class: ptolemy.domains.ptinyos.lib.MicaLeds. In Ptolemy, classes are typically Java .class files. Entities like actors may instead be defined within a .xml file.  In any case, the class was not found. If the class uses a third party package, then the class would be present only if the third party package was found at compile time.  It may be necessary to upgrade Java or install the third party package, reconfigure and recompile.
Because:
-- /home/travis/build/icyphy/ptII/ptolemy/actor/ptalon/demo/ptinyos/SenseToLeds/ptolemy/domains/ptinyos/lib/MicaLeds.xml (No such file or directory)
-- XML file not found relative to classpath.
-- /home/travis/build/icyphy/ptII/ptolemy/vergil/basic/export/test/ptolemy/domains/ptinyos/lib/MicaLeds.xml
/home/travis/build/icyphy/ptII/ptolemy/vergil/basic/export/test/ptolemy/domains/ptinyos/lib/MicaLeds.xml (No such file or directory)
 in file:/home/travis/build/icyphy/ptII/ptolemy/actor/ptalon/demo/ptinyos/SenseToLeds/MicaBoard.xml at line 134 and column 63
	at ptolemy.moml.MoMLParser._createEntity(MoMLParser.java:4330)
	at ptolemy.moml.MoMLParser.startElement(MoMLParser.java:2864)
	... 64 more
Caused by: ptolemy.kernel.util.InternalErrorException: Element <entity name="MicaLeds" class="ptolemy.domains.ptinyos.lib.MicaLeds"> caused an exception to be thrown.
  in .MicaBoard
Because:
Cannot find class: ptolemy.domains.ptinyos.lib.MicaLeds. In Ptolemy, classes are typically Java .class files. Entities like actors may instead be defined within a .xml file.  In any case, the class was not found. If the class uses a third party package, then the class would be present only if the third party package was found at compile time.  It may be necessary to upgrade Java or install the third party package, reconfigure and recompile.
Because:
-- /home/travis/build/icyphy/ptII/ptolemy/actor/ptalon/demo/ptinyos/SenseToLeds/ptolemy/domains/ptinyos/lib/MicaLeds.xml (No such file or directory)
-- XML file not found relative to classpath.
-- /home/travis/build/icyphy/ptII/ptolemy/vergil/basic/export/test/ptolemy/domains/ptinyos/lib/MicaLeds.xml
/home/travis/build/icyphy/ptII/ptolemy/vergil/basic/export/test/ptolemy/domains/ptinyos/lib/MicaLeds.xml (No such file or directory)
 in file:/home/travis/build/icyphy/ptII/ptolemy/actor/ptalon/demo/ptinyos/SenseToLeds/MicaBoard.xml at line 134 and column 63
	at ptolemy.moml.SimpleErrorHandler.handleError(SimpleErrorHandler.java:75)
	at ptolemy.moml.MoMLParser.startElement(MoMLParser.java:3805)
	at com.microstar.xml.XmlParser.parseElement(XmlParser.java:921)
	at com.microstar.xml.XmlParser.parseContent(XmlParser.java:1104)
	at com.microstar.xml.XmlParser.parseElement(XmlParser.java:924)
	at com.microstar.xml.XmlParser.parseDocument(XmlParser.java:481)
	at com.microstar.xml.XmlParser.doParse(XmlParser.java:159)
	at com.microstar.xml.XmlParser.parse(XmlParser.java:132)
	at ptolemy.moml.MoMLParser.parse(MoMLParser.java:1676)
	at ptolemy.moml.MoMLParser.parse(MoMLParser.java:1595)
	at ptolemy.moml.MoMLParser.parse(MoMLParser.java:1537)
	at ptolemy.moml.MoMLParser._findOrParse(MoMLParser.java:5286)
	at ptolemy.moml.MoMLParser._attemptToFindMoMLClass(MoMLParser.java:4075)
	at ptolemy.moml.MoMLParser._createEntity(MoMLParser.java:4323)
	... 65 more
Caused by: ptolemy.kernel.util.IllegalActionException: Cannot find class: ptolemy.domains.ptinyos.lib.MicaLeds. In Ptolemy, classes are typically Java .class files. Entities like actors may instead be defined within a .xml file.  In any case, the class was not found. If the class uses a third party package, then the class would be present only if the third party package was found at compile time.  It may be necessary to upgrade Java or install the third party package, reconfigure and recompile.
Because:
-- /home/travis/build/icyphy/ptII/ptolemy/actor/ptalon/demo/ptinyos/SenseToLeds/ptolemy/domains/ptinyos/lib/MicaLeds.xml (No such file or directory)
-- XML file not found relative to classpath.
-- /home/travis/build/icyphy/ptII/ptolemy/vergil/basic/export/test/ptolemy/domains/ptinyos/lib/MicaLeds.xml
/home/travis/build/icyphy/ptII/ptolemy/vergil/basic/export/test/ptolemy/domains/ptinyos/lib/MicaLeds.xml (No such file or directory)
 in file:/home/travis/build/icyphy/ptII/ptolemy/actor/ptalon/demo/ptinyos/SenseToLeds/MicaBoard.xml at line 134 and column 63
	at ptolemy.moml.MoMLParser._createEntity(MoMLParser.java:4330)
	at ptolemy.moml.MoMLParser.startElement(MoMLParser.java:2864)
	... 77 more
Caused by: com.microstar.xml.XmlException: -- /home/travis/build/icyphy/ptII/ptolemy/actor/ptalon/demo/ptinyos/SenseToLeds/ptolemy/domains/ptinyos/lib/MicaLeds.xml (No such file or directory)
-- XML file not found relative to classpath.
-- /home/travis/build/icyphy/ptII/ptolemy/vergil/basic/export/test/ptolemy/domains/ptinyos/lib/MicaLeds.xml
/home/travis/build/icyphy/ptII/ptolemy/vergil/basic/export/test/ptolemy/domains/ptinyos/lib/MicaLeds.xml (No such file or directory)
 in file:/home/travis/build/icyphy/ptII/ptolemy/actor/ptalon/demo/ptinyos/SenseToLeds/MicaBoard.xml at line 134 and column 63
	at ptolemy.moml.MoMLParser.fileNameToURL(MoMLParser.java:1414)
	at ptolemy.moml.MoMLParser._findOrParse(MoMLParser.java:5283)
	at ptolemy.moml.MoMLParser._attemptToFindMoMLClass(MoMLParser.java:4075)
	at ptolemy.moml.MoMLParser._createEntity(MoMLParser.java:4323)
	... 78 more
Caused by: ptolemy.actor.ptalon.PtalonRuntimeException: Unable to add actor null
	at ptolemy.actor.ptalon.PtalonEvaluator.addActor(PtalonEvaluator.java:300)
	at ptolemy.actor.ptalon.PtalonPopulator.actor_declaration(PtalonPopulator.java:1574)
	at ptolemy.actor.ptalon.PtalonPopulator.atomic_statement(PtalonPopulator.java:1638)
	at ptolemy.actor.ptalon.PtalonPopulator.iterative_statement_evaluator(PtalonPopulator.java:2484)
	at ptolemy.actor.ptalon.AbstractPtalonEvaluator$IfTree.evaluateForScope(AbstractPtalonEvaluator.java:1307)
	at ptolemy.actor.ptalon.AbstractPtalonEvaluator.evaluateForScope(AbstractPtalonEvaluator.java:744)
	at ptolemy.actor.ptalon.PtalonPopulator.iterative_statement(PtalonPopulator.java:2363)
	at ptolemy.actor.ptalon.PtalonPopulator.actor_definition(PtalonPopulator.java:2809)
	at ptolemy.actor.ptalon.PtalonActor.attributeChanged(PtalonActor.java:206)
	at ptolemy.actor.ptalon.PtalonMLHandler.startElement(PtalonMLHandler.java:134)
	at com.microstar.xml.XmlParser.parseElement(XmlParser.java:921)
	at com.microstar.xml.XmlParser.parseContent(XmlParser.java:1104)
	at com.microstar.xml.XmlParser.parseElement(XmlParser.java:924)
	at com.microstar.xml.XmlParser.parseDocument(XmlParser.java:481)
	at com.microstar.xml.XmlParser.doParse(XmlParser.java:159)
	at com.microstar.xml.XmlParser.parse(XmlParser.java:132)
	at ptolemy.actor.ptalon.PtalonActor.configure(PtalonActor.java:240)
	at ptolemy.moml.MoMLParser.endElement(MoMLParser.java:996)
	at com.microstar.xml.XmlParser.parseETag(XmlParser.java:1026)
	at com.microstar.xml.XmlParser.parseContent(XmlParser.java:1098)
	at com.microstar.xml.XmlParser.parseElement(XmlParser.java:924)
	at com.microstar.xml.XmlParser.parseContent(XmlParser.java:1104)
	at com.microstar.xml.XmlParser.parseElement(XmlParser.java:924)
	at com.microstar.xml.XmlParser.parseContent(XmlParser.java:1104)
	at com.microstar.xml.XmlParser.parseElement(XmlParser.java:924)
	at com.microstar.xml.XmlParser.parseDocument(XmlParser.java:481)
	at com.microstar.xml.XmlParser.doParse(XmlParser.java:159)
	at com.microstar.xml.XmlParser.parse(XmlParser.java:132)
	at ptolemy.moml.MoMLParser.parse(MoMLParser.java:1676)
	at ptolemy.moml.MoMLParser.parse(MoMLParser.java:1595)
	at ptolemy.moml.MoMLParser.parse(MoMLParser.java:1537)
	at ptolemy.actor.gui.PtolemyEffigy$Factory.createEffigy(PtolemyEffigy.java:424)
	at ptolemy.actor.gui.EffigyFactory.createEffigy(EffigyFactory.java:234)
	at ptolemy.actor.gui.Configuration.openModel(Configuration.java:1125)
	at ptolemy.actor.gui.Configuration.openModel(Configuration.java:1051)
	at ptolemy.actor.gui.ConfigurationApplication._openModel(ConfigurationApplication.java:1252)
	at ptolemy.actor.gui.ConfigurationApplication._parseArg(ConfigurationApplication.java:1399)
	at ptolemy.actor.gui.ConfigurationApplication._parseArgs(ConfigurationApplication.java:1478)
	at ptolemy.actor.gui.ConfigurationApplication.<init>(ConfigurationApplication.java:277)
	at ptolemy.actor.gui.ConfigurationApplication.<init>(ConfigurationApplication.java:214)
	at ptolemy.actor.gui.ConfigurationApplication.<init>(ConfigurationApplication.java:201)
	at ptolemy.actor.gui.ConfigurationApplication.openModelOrEntity(ConfigurationApplication.java:680)
	at ptolemy.vergil.basic.export.ExportModel$1.run(ExportModel.java:220)
	at java.awt.event.InvocationEvent.dispatch(InvocationEvent.java:301)
	at java.awt.EventQueue.dispatchEventImpl(EventQueue.java:756)
	at java.awt.EventQueue.access$500(EventQueue.java:97)
	at java.awt.EventQueue$3.run(EventQueue.java:709)
	at java.awt.EventQueue$3.run(EventQueue.java:703)
	at java.security.AccessController.doPrivileged(Native Method)
	at java.security.ProtectionDomain$JavaSecurityAccessImpl.doIntersectionPrivilege(ProtectionDomain.java:80)
	at java.awt.EventQueue.dispatchEvent(EventQueue.java:726)
	at java.awt.EventDispatchThread.pumpOneEventForFilters(EventDispatchThread.java:201)
	at java.awt.EventDispatchThread.pumpEventsForFilter(EventDispatchThread.java:116)
	at java.awt.EventDispatchThread.pumpEventsForHierarchy(EventDispatchThread.java:105)
	at java.awt.EventDispatchThread.pumpEvents(EventDispatchThread.java:101)
	at java.awt.EventDispatchThread.pumpEvents(EventDispatchThread.java:93)
	at java.awt.EventDispatchThread.run(EventDispatchThread.java:82)
Caused by: ptolemy.kernel.util.InternalErrorException: Element <entity name="node1" class="ptolemy.actor.ptalon.demo.ptinyos.SenseToLeds.MicaBoard"> caused an exception to be thrown.
  in .SenseToLeds.SenseToLeds
Because:
Cannot find class: ptolemy.actor.ptalon.demo.ptinyos.SenseToLeds.MicaBoard. In Ptolemy, classes are typically Java .class files. Entities like actors may instead be defined within a .xml file.  In any case, the class was not found. If the class uses a third party package, then the class would be present only if the third party package was found at compile time.  It may be necessary to upgrade Java or install the third party package, reconfigure and recompile.
Because:
Element <entity name="MicaLeds" class="ptolemy.domains.ptinyos.lib.MicaLeds"> caused an exception to be thrown.
  in .MicaBoard
Because:
Cannot find class: ptolemy.domains.ptinyos.lib.MicaLeds. In Ptolemy, classes are typically Java .class files. Entities like actors may instead be defined within a .xml file.  In any case, the class was not found. If the class uses a third party package, then the class would be present only if the third party package was found at compile time.  It may be necessary to upgrade Java or install the third party package, reconfigure and recompile.
Because:
-- /home/travis/build/icyphy/ptII/ptolemy/actor/ptalon/demo/ptinyos/SenseToLeds/ptolemy/domains/ptinyos/lib/MicaLeds.xml (No such file or directory)
-- XML file not found relative to classpath.
-- /home/travis/build/icyphy/ptII/ptolemy/vergil/basic/export/test/ptolemy/domains/ptinyos/lib/MicaLeds.xml
/home/travis/build/icyphy/ptII/ptolemy/vergil/basic/export/test/ptolemy/domains/ptinyos/lib/MicaLeds.xml (No such file or directory)
 in file:/home/travis/build/icyphy/ptII/ptolemy/actor/ptalon/demo/ptinyos/SenseToLeds/MicaBoard.xml at line 134 and column 63
	at ptolemy.moml.SimpleErrorHandler.handleError(SimpleErrorHandler.java:75)
	at ptolemy.moml.MoMLParser.startElement(MoMLParser.java:3805)
	at com.microstar.xml.XmlParser.parseElement(XmlParser.java:931)
	at com.microstar.xml.XmlParser.parseDocument(XmlParser.java:481)
	at com.microstar.xml.XmlParser.doParse(XmlParser.java:159)
	at com.microstar.xml.XmlParser.parse(XmlParser.java:132)
	at ptolemy.moml.MoMLParser.parse(MoMLParser.java:1660)
	at ptolemy.moml.MoMLParser.parse(MoMLParser.java:1617)
	at ptolemy.moml.MoMLParser.parse(MoMLParser.java:1792)
	at ptolemy.actor.ptalon.PtalonEvaluator.addActor(PtalonEvaluator.java:241)
	... 56 more
Caused by: ptolemy.kernel.util.IllegalActionException: Cannot find class: ptolemy.actor.ptalon.demo.ptinyos.SenseToLeds.MicaBoard. In Ptolemy, classes are typically Java .class files. Entities like actors may instead be defined within a .xml file.  In any case, the class was not found. If the class uses a third party package, then the class would be present only if the third party package was found at compile time.  It may be necessary to upgrade Java or install the third party package, reconfigure and recompile.
Because:
Element <entity name="MicaLeds" class="ptolemy.domains.ptinyos.lib.MicaLeds"> caused an exception to be thrown.
  in .MicaBoard
Because:
Cannot find class: ptolemy.domains.ptinyos.lib.MicaLeds. In Ptolemy, classes are typically Java .class files. Entities like actors may instead be defined within a .xml file.  In any case, the class was not found. If the class uses a third party package, then the class would be present only if the third party package was found at compile time.  It may be necessary to upgrade Java or install the third party package, reconfigure and recompile.
Because:
-- /home/travis/build/icyphy/ptII/ptolemy/actor/ptalon/demo/ptinyos/SenseToLeds/ptolemy/domains/ptinyos/lib/MicaLeds.xml (No such file or directory)
-- XML file not found relative to classpath.
-- /home/travis/build/icyphy/ptII/ptolemy/vergil/basic/export/test/ptolemy/domains/ptinyos/lib/MicaLeds.xml
/home/travis/build/icyphy/ptII/ptolemy/vergil/basic/export/test/ptolemy/domains/ptinyos/lib/MicaLeds.xml (No such file or directory)
 in file:/home/travis/build/icyphy/ptII/ptolemy/actor/ptalon/demo/ptinyos/SenseToLeds/MicaBoard.xml at line 134 and column 63
	at ptolemy.moml.MoMLParser._createEntity(MoMLParser.java:4330)
	at ptolemy.moml.MoMLParser.startElement(MoMLParser.java:2864)
	... 64 more
Caused by: ptolemy.kernel.util.InternalErrorException: Element <entity name="MicaLeds" class="ptolemy.domains.ptinyos.lib.MicaLeds"> caused an exception to be thrown.
  in .MicaBoard
Because:
Cannot find class: ptolemy.domains.ptinyos.lib.MicaLeds. In Ptolemy, classes are typically Java .class files. Entities like actors may instead be defined within a .xml file.  In any case, the class was not found. If the class uses a third party package, then the class would be present only if the third party package was found at compile time.  It may be necessary to upgrade Java or install the third party package, reconfigure and recompile.
Because:
-- /home/travis/build/icyphy/ptII/ptolemy/actor/ptalon/demo/ptinyos/SenseToLeds/ptolemy/domains/ptinyos/lib/MicaLeds.xml (No such file or directory)
-- XML file not found relative to classpath.
-- /home/travis/build/icyphy/ptII/ptolemy/vergil/basic/export/test/ptolemy/domains/ptinyos/lib/MicaLeds.xml
/home/travis/build/icyphy/ptII/ptolemy/vergil/basic/export/test/ptolemy/domains/ptinyos/lib/MicaLeds.xml (No such file or directory)
 in file:/home/travis/build/icyphy/ptII/ptolemy/actor/ptalon/demo/ptinyos/SenseToLeds/MicaBoard.xml at line 134 and column 63
	at ptolemy.moml.SimpleErrorHandler.handleError(SimpleErrorHandler.java:75)
	at ptolemy.moml.MoMLParser.startElement(MoMLParser.java:3805)
	at com.microstar.xml.XmlParser.parseElement(XmlParser.java:921)
	at com.microstar.xml.XmlParser.parseContent(XmlParser.java:1104)
	at com.microstar.xml.XmlParser.parseElement(XmlParser.java:924)
	at com.microstar.xml.XmlParser.parseDocument(XmlParser.java:481)
	at com.microstar.xml.XmlParser.doParse(XmlParser.java:159)
	at com.microstar.xml.XmlParser.parse(XmlParser.java:132)
	at ptolemy.moml.MoMLParser.parse(MoMLParser.java:1676)
	at ptolemy.moml.MoMLParser.parse(MoMLParser.java:1595)
	at ptolemy.moml.MoMLParser.parse(MoMLParser.java:1537)
	at ptolemy.moml.MoMLParser._findOrParse(MoMLParser.java:5286)
	at ptolemy.moml.MoMLParser._attemptToFindMoMLClass(MoMLParser.java:4075)
	at ptolemy.moml.MoMLParser._createEntity(MoMLParser.java:4323)
	... 65 more
Caused by: ptolemy.kernel.util.IllegalActionException: Cannot find class: ptolemy.domains.ptinyos.lib.MicaLeds. In Ptolemy, classes are typically Java .class files. Entities like actors may instead be defined within a .xml file.  In any case, the class was not found. If the class uses a third party package, then the class would be present only if the third party package was found at compile time.  It may be necessary to upgrade Java or install the third party package, reconfigure and recompile.
Because:
-- /home/travis/build/icyphy/ptII/ptolemy/actor/ptalon/demo/ptinyos/SenseToLeds/ptolemy/domains/ptinyos/lib/MicaLeds.xml (No such file or directory)
-- XML file not found relative to classpath.
-- /home/travis/build/icyphy/ptII/ptolemy/vergil/basic/export/test/ptolemy/domains/ptinyos/lib/MicaLeds.xml
/home/travis/build/icyphy/ptII/ptolemy/vergil/basic/export/test/ptolemy/domains/ptinyos/lib/MicaLeds.xml (No such file or directory)
 in file:/home/travis/build/icyphy/ptII/ptolemy/actor/ptalon/demo/ptinyos/SenseToLeds/MicaBoard.xml at line 134 and column 63
	at ptolemy.moml.MoMLParser._createEntity(MoMLParser.java:4330)
	at ptolemy.moml.MoMLParser.startElement(MoMLParser.java:2864)
	... 77 more
Caused by: com.microstar.xml.XmlException: -- /home/travis/build/icyphy/ptII/ptolemy/actor/ptalon/demo/ptinyos/SenseToLeds/ptolemy/domains/ptinyos/lib/MicaLeds.xml (No such file or directory)
-- XML file not found relative to classpath.
-- /home/travis/build/icyphy/ptII/ptolemy/vergil/basic/export/test/ptolemy/domains/ptinyos/lib/MicaLeds.xml
/home/travis/build/icyphy/ptII/ptolemy/vergil/basic/export/test/ptolemy/domains/ptinyos/lib/MicaLeds.xml (No such file or directory)
 in file:/home/travis/build/icyphy/ptII/ptolemy/actor/ptalon/demo/ptinyos/SenseToLeds/MicaBoard.xml at line 134 and column 63
	at ptolemy.moml.MoMLParser.fileNameToURL(MoMLParser.java:1414)
	at ptolemy.moml.MoMLParser._findOrParse(MoMLParser.java:5283)
	at ptolemy.moml.MoMLParser._attemptToFindMoMLClass(MoMLParser.java:4075)
	at ptolemy.moml.MoMLParser._createEntity(MoMLParser.java:4323)
	... 78 more
Failed to read file:/home/travis/build/icyphy/ptII/ptolemy/actor/ptalon/demo/ptinyos/SenseToLeds/SenseToLeds.xml
ptolemy.kernel.util.IllegalActionException: Failed to process attribute change to PtalonParameter, whose value is "ptolemy.actor.ptalon.PtalonExpressionParameter {.SenseToLeds.SenseToLeds.n} 2".
  in .SenseToLeds.SenseToLeds
Because:
Unable to add actor null
	at ptolemy.actor.ptalon.PtalonActor.attributeChanged(PtalonActor.java:211)
	at ptolemy.actor.ptalon.PtalonMLHandler.startElement(PtalonMLHandler.java:134)
	at com.microstar.xml.XmlParser.parseElement(XmlParser.java:921)
	at com.microstar.xml.XmlParser.parseContent(XmlParser.java:1104)
	at com.microstar.xml.XmlParser.parseElement(XmlParser.java:924)
	at com.microstar.xml.XmlParser.parseDocument(XmlParser.java:481)
	at com.microstar.xml.XmlParser.doParse(XmlParser.java:159)
	at com.microstar.xml.XmlParser.parse(XmlParser.java:132)
	at ptolemy.actor.ptalon.PtalonActor.configure(PtalonActor.java:240)
	at ptolemy.moml.MoMLParser.endElement(MoMLParser.java:996)
	at com.microstar.xml.XmlParser.parseETag(XmlParser.java:1026)
	at com.microstar.xml.XmlParser.parseContent(XmlParser.java:1098)
	at com.microstar.xml.XmlParser.parseElement(XmlParser.java:924)
	at com.microstar.xml.XmlParser.parseContent(XmlParser.java:1104)
	at com.microstar.xml.XmlParser.parseElement(XmlParser.java:924)
	at com.microstar.xml.XmlParser.parseContent(XmlParser.java:1104)
	at com.microstar.xml.XmlParser.parseElement(XmlParser.java:924)
	at com.microstar.xml.XmlParser.parseDocument(XmlParser.java:481)
	at com.microstar.xml.XmlParser.doParse(XmlParser.java:159)
	at com.microstar.xml.XmlParser.parse(XmlParser.java:132)
	at ptolemy.moml.MoMLParser.parse(MoMLParser.java:1676)
	at ptolemy.moml.MoMLParser.parse(MoMLParser.java:1595)
	at ptolemy.moml.MoMLParser.parse(MoMLParser.java:1537)
	at ptolemy.actor.gui.PtolemyEffigy$Factory.createEffigy(PtolemyEffigy.java:424)
	at ptolemy.actor.gui.EffigyFactory.createEffigy(EffigyFactory.java:234)
	at ptolemy.actor.gui.Configuration.openModel(Configuration.java:1125)
	at ptolemy.actor.gui.Configuration.openModel(Configuration.java:1051)
	at ptolemy.actor.gui.ConfigurationApplication._openModel(ConfigurationApplication.java:1252)
	at ptolemy.actor.gui.ConfigurationApplication._parseArg(ConfigurationApplication.java:1399)
	at ptolemy.actor.gui.ConfigurationApplication._parseArgs(ConfigurationApplication.java:1478)
	at ptolemy.actor.gui.ConfigurationApplication.<init>(ConfigurationApplication.java:277)
	at ptolemy.actor.gui.ConfigurationApplication.<init>(ConfigurationApplication.java:214)
	at ptolemy.actor.gui.ConfigurationApplication.<init>(ConfigurationApplication.java:201)
	at ptolemy.actor.gui.ConfigurationApplication.openModelOrEntity(ConfigurationApplication.java:680)
	at ptolemy.vergil.basic.export.ExportModel$1.run(ExportModel.java:220)
	at java.awt.event.InvocationEvent.dispatch(InvocationEvent.java:301)
	at java.awt.EventQueue.dispatchEventImpl(EventQueue.java:756)
	at java.awt.EventQueue.access$500(EventQueue.java:97)
	at java.awt.EventQueue$3.run(EventQueue.java:709)
	at java.awt.EventQueue$3.run(EventQueue.java:703)
	at java.security.AccessController.doPrivileged(Native Method)
	at java.security.ProtectionDomain$JavaSecurityAccessImpl.doIntersectionPrivilege(ProtectionDomain.java:80)
	at java.awt.EventQueue.dispatchEvent(EventQueue.java:726)
	at java.awt.EventDispatchThread.pumpOneEventForFilters(EventDispatchThread.java:201)
	at java.awt.EventDispatchThread.pumpEventsForFilter(EventDispatchThread.java:116)
	at java.awt.EventDispatchThread.pumpEventsForHierarchy(EventDispatchThread.java:105)
	at java.awt.EventDispatchThread.pumpEvents(EventDispatchThread.java:101)
	at java.awt.EventDispatchThread.pumpEvents(EventDispatchThread.java:93)
	at java.awt.EventDispatchThread.run(EventDispatchThread.java:82)
Caused by: ptolemy.actor.ptalon.PtalonRuntimeException: Unable to add actor null
	at ptolemy.actor.ptalon.PtalonEvaluator.addActor(PtalonEvaluator.java:300)
	at ptolemy.actor.ptalon.PtalonPopulator.actor_declaration(PtalonPopulator.java:1574)
	at ptolemy.actor.ptalon.PtalonPopulator.atomic_statement(PtalonPopulator.java:1638)
	at ptolemy.actor.ptalon.PtalonPopulator.iterative_statement_evaluator(PtalonPopulator.java:2484)
	at ptolemy.actor.ptalon.AbstractPtalonEvaluator$IfTree.evaluateForScope(AbstractPtalonEvaluator.java:1307)
	at ptolemy.actor.ptalon.AbstractPtalonEvaluator.evaluateForScope(AbstractPtalonEvaluator.java:744)
	at ptolemy.actor.ptalon.PtalonPopulator.iterative_statement(PtalonPopulator.java:2363)
	at ptolemy.actor.ptalon.PtalonPopulator.actor_definition(PtalonPopulator.java:2809)
	at ptolemy.actor.ptalon.PtalonActor.attributeChanged(PtalonActor.java:206)
	... 48 more
Caused by: ptolemy.kernel.util.InternalErrorException: Element <entity name="node1" class="ptolemy.actor.ptalon.demo.ptinyos.SenseToLeds.MicaBoard"> caused an exception to be thrown.
  in .SenseToLeds.SenseToLeds
Because:
Cannot find class: ptolemy.actor.ptalon.demo.ptinyos.SenseToLeds.MicaBoard. In Ptolemy, classes are typically Java .class files. Entities like actors may instead be defined within a .xml file.  In any case, the class was not found. If the class uses a third party package, then the class would be present only if the third party package was found at compile time.  It may be necessary to upgrade Java or install the third party package, reconfigure and recompile.
Because:
Element <entity name="MicaLeds" class="ptolemy.domains.ptinyos.lib.MicaLeds"> caused an exception to be thrown.
  in .MicaBoard
Because:
Cannot find class: ptolemy.domains.ptinyos.lib.MicaLeds. In Ptolemy, classes are typically Java .class files. Entities like actors may instead be defined within a .xml file.  In any case, the class was not found. If the class uses a third party package, then the class would be present only if the third party package was found at compile time.  It may be necessary to upgrade Java or install the third party package, reconfigure and recompile.
Because:
-- /home/travis/build/icyphy/ptII/ptolemy/actor/ptalon/demo/ptinyos/SenseToLeds/ptolemy/domains/ptinyos/lib/MicaLeds.xml (No such file or directory)
-- XML file not found relative to classpath.
-- /home/travis/build/icyphy/ptII/ptolemy/vergil/basic/export/test/ptolemy/domains/ptinyos/lib/MicaLeds.xml
/home/travis/build/icyphy/ptII/ptolemy/vergil/basic/export/test/ptolemy/domains/ptinyos/lib/MicaLeds.xml (No such file or directory)
 in file:/home/travis/build/icyphy/ptII/ptolemy/actor/ptalon/demo/ptinyos/SenseToLeds/MicaBoard.xml at line 134 and column 63
	at ptolemy.moml.SimpleErrorHandler.handleError(SimpleErrorHandler.java:75)
	at ptolemy.moml.MoMLParser.startElement(MoMLParser.java:3805)
	at com.microstar.xml.XmlParser.parseElement(XmlParser.java:931)
	at com.microstar.xml.XmlParser.parseDocument(XmlParser.java:481)
	at com.microstar.xml.XmlParser.doParse(XmlParser.java:159)
	at com.microstar.xml.XmlParser.parse(XmlParser.java:132)
	at ptolemy.moml.MoMLParser.parse(MoMLParser.java:1660)
	at ptolemy.moml.MoMLParser.parse(MoMLParser.java:1617)
	at ptolemy.moml.MoMLParser.parse(MoMLParser.java:1792)
	at ptolemy.actor.ptalon.PtalonEvaluator.addActor(PtalonEvaluator.java:241)
	... 56 more
Caused by: ptolemy.kernel.util.IllegalActionException: Cannot find class: ptolemy.actor.ptalon.demo.ptinyos.SenseToLeds.MicaBoard. In Ptolemy, classes are typically Java .class files. Entities like actors may instead be defined within a .xml file.  In any case, the class was not found. If the class uses a third party package, then the class would be present only if the third party package was found at compile time.  It may be necessary to upgrade Java or install the third party package, reconfigure and recompile.
Because:
Element <entity name="MicaLeds" class="ptolemy.domains.ptinyos.lib.MicaLeds"> caused an exception to be thrown.
  in .MicaBoard
Because:
Cannot find class: ptolemy.domains.ptinyos.lib.MicaLeds. In Ptolemy, classes are typically Java .class files. Entities like actors may instead be defined within a .xml file.  In any case, the class was not found. If the class uses a third party package, then the class would be present only if the third party package was found at compile time.  It may be necessary to upgrade Java or install the third party package, reconfigure and recompile.
Because:
-- /home/travis/build/icyphy/ptII/ptolemy/actor/ptalon/demo/ptinyos/SenseToLeds/ptolemy/domains/ptinyos/lib/MicaLeds.xml (No such file or directory)
-- XML file not found relative to classpath.
-- /home/travis/build/icyphy/ptII/ptolemy/vergil/basic/export/test/ptolemy/domains/ptinyos/lib/MicaLeds.xml
/home/travis/build/icyphy/ptII/ptolemy/vergil/basic/export/test/ptolemy/domains/ptinyos/lib/MicaLeds.xml (No such file or directory)
 in file:/home/travis/build/icyphy/ptII/ptolemy/actor/ptalon/demo/ptinyos/SenseToLeds/MicaBoard.xml at line 134 and column 63
	at ptolemy.moml.MoMLParser._createEntity(MoMLParser.java:4330)
	at ptolemy.moml.MoMLParser.startElement(MoMLParser.java:2864)
	... 64 more
Caused by: ptolemy.kernel.util.InternalErrorException: Element <entity name="MicaLeds" class="ptolemy.domains.ptinyos.lib.MicaLeds"> caused an exception to be thrown.
  in .MicaBoard
Because:
Cannot find class: ptolemy.domains.ptinyos.lib.MicaLeds. In Ptolemy, classes are typically Java .class files. Entities like actors may instead be defined within a .xml file.  In any case, the class was not found. If the class uses a third party package, then the class would be present only if the third party package was found at compile time.  It may be necessary to upgrade Java or install the third party package, reconfigure and recompile.
Because:
-- /home/travis/build/icyphy/ptII/ptolemy/actor/ptalon/demo/ptinyos/SenseToLeds/ptolemy/domains/ptinyos/lib/MicaLeds.xml (No such file or directory)
-- XML file not found relative to classpath.
-- /home/travis/build/icyphy/ptII/ptolemy/vergil/basic/export/test/ptolemy/domains/ptinyos/lib/MicaLeds.xml
/home/travis/build/icyphy/ptII/ptolemy/vergil/basic/export/test/ptolemy/domains/ptinyos/lib/MicaLeds.xml (No such file or directory)
 in file:/home/travis/build/icyphy/ptII/ptolemy/actor/ptalon/demo/ptinyos/SenseToLeds/MicaBoard.xml at line 134 and column 63
	at ptolemy.moml.SimpleErrorHandler.handleError(SimpleErrorHandler.java:75)
	at ptolemy.moml.MoMLParser.startElement(MoMLParser.java:3805)
	at com.microstar.xml.XmlParser.parseElement(XmlParser.java:921)
	at com.microstar.xml.XmlParser.parseContent(XmlParser.java:1104)
	at com.microstar.xml.XmlParser.parseElement(XmlParser.java:924)
	at com.microstar.xml.XmlParser.parseDocument(XmlParser.java:481)
	at com.microstar.xml.XmlParser.doParse(XmlParser.java:159)
	at com.microstar.xml.XmlParser.parse(XmlParser.java:132)
	at ptolemy.moml.MoMLParser.parse(MoMLParser.java:1676)
	at ptolemy.moml.MoMLParser.parse(MoMLParser.java:1595)
	at ptolemy.moml.MoMLParser.parse(MoMLParser.java:1537)
	at ptolemy.moml.MoMLParser._findOrParse(MoMLParser.java:5286)
	at ptolemy.moml.MoMLParser._attemptToFindMoMLClass(MoMLParser.java:4075)
	at ptolemy.moml.MoMLParser._createEntity(MoMLParser.java:4323)
	... 65 more
Caused by: ptolemy.kernel.util.IllegalActionException: Cannot find class: ptolemy.domains.ptinyos.lib.MicaLeds. In Ptolemy, classes are typically Java .class files. Entities like actors may instead be defined within a .xml file.  In any case, the class was not found. If the class uses a third party package, then the class would be present only if the third party package was found at compile time.  It may be necessary to upgrade Java or install the third party package, reconfigure and recompile.
Because:
-- /home/travis/build/icyphy/ptII/ptolemy/actor/ptalon/demo/ptinyos/SenseToLeds/ptolemy/domains/ptinyos/lib/MicaLeds.xml (No such file or directory)
-- XML file not found relative to classpath.
-- /home/travis/build/icyphy/ptII/ptolemy/vergil/basic/export/test/ptolemy/domains/ptinyos/lib/MicaLeds.xml
/home/travis/build/icyphy/ptII/ptolemy/vergil/basic/export/test/ptolemy/domains/ptinyos/lib/MicaLeds.xml (No such file or directory)
 in file:/home/travis/build/icyphy/ptII/ptolemy/actor/ptalon/demo/ptinyos/SenseToLeds/MicaBoard.xml at line 134 and column 63
	at ptolemy.moml.MoMLParser._createEntity(MoMLParser.java:4330)
	at ptolemy.moml.MoMLParser.startElement(MoMLParser.java:2864)
	... 77 more
Caused by: com.microstar.xml.XmlException: -- /home/travis/build/icyphy/ptII/ptolemy/actor/ptalon/demo/ptinyos/SenseToLeds/ptolemy/domains/ptinyos/lib/MicaLeds.xml (No such file or directory)
-- XML file not found relative to classpath.
-- /home/travis/build/icyphy/ptII/ptolemy/vergil/basic/export/test/ptolemy/domains/ptinyos/lib/MicaLeds.xml
/home/travis/build/icyphy/ptII/ptolemy/vergil/basic/export/test/ptolemy/domains/ptinyos/lib/MicaLeds.xml (No such file or directory)
 in file:/home/travis/build/icyphy/ptII/ptolemy/actor/ptalon/demo/ptinyos/SenseToLeds/MicaBoard.xml at line 134 and column 63
	at ptolemy.moml.MoMLParser.fileNameToURL(MoMLParser.java:1414)
	at ptolemy.moml.MoMLParser._findOrParse(MoMLParser.java:5283)
	at ptolemy.moml.MoMLParser._attemptToFindMoMLClass(MoMLParser.java:4075)
	at ptolemy.moml.MoMLParser._createEntity(MoMLParser.java:4323)
	... 78 more
Caused by: ptolemy.actor.ptalon.PtalonRuntimeException: Unable to add actor null
	at ptolemy.actor.ptalon.PtalonEvaluator.addActor(PtalonEvaluator.java:300)
	at ptolemy.actor.ptalon.PtalonPopulator.actor_declaration(PtalonPopulator.java:1574)
	at ptolemy.actor.ptalon.PtalonPopulator.atomic_statement(PtalonPopulator.java:1638)
	at ptolemy.actor.ptalon.PtalonPopulator.iterative_statement_evaluator(PtalonPopulator.java:2484)
	at ptolemy.actor.ptalon.AbstractPtalonEvaluator$IfTree.evaluateForScope(AbstractPtalonEvaluator.java:1307)
	at ptolemy.actor.ptalon.AbstractPtalonEvaluator.evaluateForScope(AbstractPtalonEvaluator.java:744)
	at ptolemy.actor.ptalon.PtalonPopulator.iterative_statement(PtalonPopulator.java:2363)
	at ptolemy.actor.ptalon.PtalonPopulator.actor_definition(PtalonPopulator.java:2809)
	at ptolemy.actor.ptalon.PtalonActor.attributeChanged(PtalonActor.java:206)
	at ptolemy.actor.ptalon.PtalonMLHandler.startElement(PtalonMLHandler.java:134)
	at com.microstar.xml.XmlParser.parseElement(XmlParser.java:921)
	at com.microstar.xml.XmlParser.parseContent(XmlParser.java:1104)
	at com.microstar.xml.XmlParser.parseElement(XmlParser.java:924)
	at com.microstar.xml.XmlParser.parseDocument(XmlParser.java:481)
	at com.microstar.xml.XmlParser.doParse(XmlParser.java:159)
	at com.microstar.xml.XmlParser.parse(XmlParser.java:132)
	at ptolemy.actor.ptalon.PtalonActor.configure(PtalonActor.java:240)
	at ptolemy.moml.MoMLParser.endElement(MoMLParser.java:996)
	at com.microstar.xml.XmlParser.parseETag(XmlParser.java:1026)
	at com.microstar.xml.XmlParser.parseContent(XmlParser.java:1098)
	at com.microstar.xml.XmlParser.parseElement(XmlParser.java:924)
	at com.microstar.xml.XmlParser.parseContent(XmlParser.java:1104)
	at com.microstar.xml.XmlParser.parseElement(XmlParser.java:924)
	at com.microstar.xml.XmlParser.parseContent(XmlParser.java:1104)
	at com.microstar.xml.XmlParser.parseElement(XmlParser.java:924)
	at com.microstar.xml.XmlParser.parseDocument(XmlParser.java:481)
	at com.microstar.xml.XmlParser.doParse(XmlParser.java:159)
	at com.microstar.xml.XmlParser.parse(XmlParser.java:132)
	at ptolemy.moml.MoMLParser.parse(MoMLParser.java:1676)
	at ptolemy.moml.MoMLParser.parse(MoMLParser.java:1595)
	at ptolemy.moml.MoMLParser.parse(MoMLParser.java:1537)
	at ptolemy.actor.gui.PtolemyEffigy$Factory.createEffigy(PtolemyEffigy.java:424)
	at ptolemy.actor.gui.EffigyFactory.createEffigy(EffigyFactory.java:234)
	at ptolemy.actor.gui.Configuration.openModel(Configuration.java:1125)
	at ptolemy.actor.gui.Configuration.openModel(Configuration.java:1051)
	at ptolemy.actor.gui.ConfigurationApplication._openModel(ConfigurationApplication.java:1252)
	at ptolemy.actor.gui.ConfigurationApplication._parseArg(ConfigurationApplication.java:1399)
	at ptolemy.actor.gui.ConfigurationApplication._parseArgs(ConfigurationApplication.java:1478)
	at ptolemy.actor.gui.ConfigurationApplication.<init>(ConfigurationApplication.java:277)
	at ptolemy.actor.gui.ConfigurationApplication.<init>(ConfigurationApplication.java:214)
	at ptolemy.actor.gui.ConfigurationApplication.<init>(ConfigurationApplication.java:201)
	at ptolemy.actor.gui.ConfigurationApplication.openModelOrEntity(ConfigurationApplication.java:680)
	at ptolemy.vergil.basic.export.ExportModel$1.run(ExportModel.java:220)
	at java.awt.event.InvocationEvent.dispatch(InvocationEvent.java:301)
	at java.awt.EventQueue.dispatchEventImpl(EventQueue.java:756)
	at java.awt.EventQueue.access$500(EventQueue.java:97)
	at java.awt.EventQueue$3.run(EventQueue.java:709)
	at java.awt.EventQueue$3.run(EventQueue.java:703)
	at java.security.AccessController.doPrivileged(Native Method)
	at java.security.ProtectionDomain$JavaSecurityAccessImpl.doIntersectionPrivilege(ProtectionDomain.java:80)
	at java.awt.EventQueue.dispatchEvent(EventQueue.java:726)
	at java.awt.EventDispatchThread.pumpOneEventForFilters(EventDispatchThread.java:201)
	at java.awt.EventDispatchThread.pumpEventsForFilter(EventDispatchThread.java:116)
	at java.awt.EventDispatchThread.pumpEventsForHierarchy(EventDispatchThread.java:105)
	at java.awt.EventDispatchThread.pumpEvents(EventDispatchThread.java:101)
	at java.awt.EventDispatchThread.pumpEvents(EventDispatchThread.java:93)
	at java.awt.EventDispatchThread.run(EventDispatchThread.java:82)
Caused by: ptolemy.kernel.util.InternalErrorException: Element <entity name="node1" class="ptolemy.actor.ptalon.demo.ptinyos.SenseToLeds.MicaBoard"> caused an exception to be thrown.
  in .SenseToLeds.SenseToLeds
Because:
Cannot find class: ptolemy.actor.ptalon.demo.ptinyos.SenseToLeds.MicaBoard. In Ptolemy, classes are typically Java .class files. Entities like actors may instead be defined within a .xml file.  In any case, the class was not found. If the class uses a third party package, then the class would be present only if the third party package was found at compile time.  It may be necessary to upgrade Java or install the third party package, reconfigure and recompile.
Because:
Element <entity name="MicaLeds" class="ptolemy.domains.ptinyos.lib.MicaLeds"> caused an exception to be thrown.
  in .MicaBoard
Because:
Cannot find class: ptolemy.domains.ptinyos.lib.MicaLeds. In Ptolemy, classes are typically Java .class files. Entities like actors may instead be defined within a .xml file.  In any case, the class was not found. If the class uses a third party package, then the class would be present only if the third party package was found at compile time.  It may be necessary to upgrade Java or install the third party package, reconfigure and recompile.
Because:
-- /home/travis/build/icyphy/ptII/ptolemy/actor/ptalon/demo/ptinyos/SenseToLeds/ptolemy/domains/ptinyos/lib/MicaLeds.xml (No such file or directory)
-- XML file not found relative to classpath.
-- /home/travis/build/icyphy/ptII/ptolemy/vergil/basic/export/test/ptolemy/domains/ptinyos/lib/MicaLeds.xml
/home/travis/build/icyphy/ptII/ptolemy/vergil/basic/export/test/ptolemy/domains/ptinyos/lib/MicaLeds.xml (No such file or directory)
 in file:/home/travis/build/icyphy/ptII/ptolemy/actor/ptalon/demo/ptinyos/SenseToLeds/MicaBoard.xml at line 134 and column 63
	at ptolemy.moml.SimpleErrorHandler.handleError(SimpleErrorHandler.java:75)
	at ptolemy.moml.MoMLParser.startElement(MoMLParser.java:3805)
	at com.microstar.xml.XmlParser.parseElement(XmlParser.java:931)
	at com.microstar.xml.XmlParser.parseDocument(XmlParser.java:481)
	at com.microstar.xml.XmlParser.doParse(XmlParser.java:159)
	at com.microstar.xml.XmlParser.parse(XmlParser.java:132)
	at ptolemy.moml.MoMLParser.parse(MoMLParser.java:1660)
	at ptolemy.moml.MoMLParser.parse(MoMLParser.java:1617)
	at ptolemy.moml.MoMLParser.parse(MoMLParser.java:1792)
	at ptolemy.actor.ptalon.PtalonEvaluator.addActor(PtalonEvaluator.java:241)
	... 56 more
Caused by: ptolemy.kernel.util.IllegalActionException: Cannot find class: ptolemy.actor.ptalon.demo.ptinyos.SenseToLeds.MicaBoard. In Ptolemy, classes are typically Java .class files. Entities like actors may instead be defined within a .xml file.  In any case, the class was not found. If the class uses a third party package, then the class would be present only if the third party package was found at compile time.  It may be necessary to upgrade Java or install the third party package, reconfigure and recompile.
Because:
Element <entity name="MicaLeds" class="ptolemy.domains.ptinyos.lib.MicaLeds"> caused an exception to be thrown.
  in .MicaBoard
Because:
Cannot find class: ptolemy.domains.ptinyos.lib.MicaLeds. In Ptolemy, classes are typically Java .class files. Entities like actors may instead be defined within a .xml file.  In any case, the class was not found. If the class uses a third party package, then the class would be present only if the third party package was found at compile time.  It may be necessary to upgrade Java or install the third party package, reconfigure and recompile.
Because:
-- /home/travis/build/icyphy/ptII/ptolemy/actor/ptalon/demo/ptinyos/SenseToLeds/ptolemy/domains/ptinyos/lib/MicaLeds.xml (No such file or directory)
-- XML file not found relative to classpath.
-- /home/travis/build/icyphy/ptII/ptolemy/vergil/basic/export/test/ptolemy/domains/ptinyos/lib/MicaLeds.xml
/home/travis/build/icyphy/ptII/ptolemy/vergil/basic/export/test/ptolemy/domains/ptinyos/lib/MicaLeds.xml (No such file or directory)
 in file:/home/travis/build/icyphy/ptII/ptolemy/actor/ptalon/demo/ptinyos/SenseToLeds/MicaBoard.xml at line 134 and column 63
	at ptolemy.moml.MoMLParser._createEntity(MoMLParser.java:4330)
	at ptolemy.moml.MoMLParser.startElement(MoMLParser.java:2864)
	... 64 more
Caused by: ptolemy.kernel.util.InternalErrorException: Element <entity name="MicaLeds" class="ptolemy.domains.ptinyos.lib.MicaLeds"> caused an exception to be thrown.
  in .MicaBoard
Because:
Cannot find class: ptolemy.domains.ptinyos.lib.MicaLeds. In Ptolemy, classes are typically Java .class files. Entities like actors may instead be defined within a .xml file.  In any case, the class was not found. If the class uses a third party package, then the class would be present only if the third party package was found at compile time.  It may be necessary to upgrade Java or install the third party package, reconfigure and recompile.
Because:
-- /home/travis/build/icyphy/ptII/ptolemy/actor/ptalon/demo/ptinyos/SenseToLeds/ptolemy/domains/ptinyos/lib/MicaLeds.xml (No such file or directory)
-- XML file not found relative to classpath.
-- /home/travis/build/icyphy/ptII/ptolemy/vergil/basic/export/test/ptolemy/domains/ptinyos/lib/MicaLeds.xml
/home/travis/build/icyphy/ptII/ptolemy/vergil/basic/export/test/ptolemy/domains/ptinyos/lib/MicaLeds.xml (No such file or directory)
 in file:/home/travis/build/icyphy/ptII/ptolemy/actor/ptalon/demo/ptinyos/SenseToLeds/MicaBoard.xml at line 134 and column 63
	at ptolemy.moml.SimpleErrorHandler.handleError(SimpleErrorHandler.java:75)
	at ptolemy.moml.MoMLParser.startElement(MoMLParser.java:3805)
	at com.microstar.xml.XmlParser.parseElement(XmlParser.java:921)
	at com.microstar.xml.XmlParser.parseContent(XmlParser.java:1104)
	at com.microstar.xml.XmlParser.parseElement(XmlParser.java:924)
	at com.microstar.xml.XmlParser.parseDocument(XmlParser.java:481)
	at com.microstar.xml.XmlParser.doParse(XmlParser.java:159)
	at com.microstar.xml.XmlParser.parse(XmlParser.java:132)
	at ptolemy.moml.MoMLParser.parse(MoMLParser.java:1676)
	at ptolemy.moml.MoMLParser.parse(MoMLParser.java:1595)
	at ptolemy.moml.MoMLParser.parse(MoMLParser.java:1537)
	at ptolemy.moml.MoMLParser._findOrParse(MoMLParser.java:5286)
	at ptolemy.moml.MoMLParser._attemptToFindMoMLClass(MoMLParser.java:4075)
	at ptolemy.moml.MoMLParser._createEntity(MoMLParser.java:4323)
	... 65 more
Caused by: ptolemy.kernel.util.IllegalActionException: Cannot find class: ptolemy.domains.ptinyos.lib.MicaLeds. In Ptolemy, classes are typically Java .class files. Entities like actors may instead be defined within a .xml file.  In any case, the class was not found. If the class uses a third party package, then the class would be present only if the third party package was found at compile time.  It may be necessary to upgrade Java or install the third party package, reconfigure and recompile.
Because:
-- /home/travis/build/icyphy/ptII/ptolemy/actor/ptalon/demo/ptinyos/SenseToLeds/ptolemy/domains/ptinyos/lib/MicaLeds.xml (No such file or directory)
-- XML file not found relative to classpath.
-- /home/travis/build/icyphy/ptII/ptolemy/vergil/basic/export/test/ptolemy/domains/ptinyos/lib/MicaLeds.xml
/home/travis/build/icyphy/ptII/ptolemy/vergil/basic/export/test/ptolemy/domains/ptinyos/lib/MicaLeds.xml (No such file or directory)
 in file:/home/travis/build/icyphy/ptII/ptolemy/actor/ptalon/demo/ptinyos/SenseToLeds/MicaBoard.xml at line 134 and column 63
	at ptolemy.moml.MoMLParser._createEntity(MoMLParser.java:4330)
	at ptolemy.moml.MoMLParser.startElement(MoMLParser.java:2864)
	... 77 more
Caused by: com.microstar.xml.XmlException: -- /home/travis/build/icyphy/ptII/ptolemy/actor/ptalon/demo/ptinyos/SenseToLeds/ptolemy/domains/ptinyos/lib/MicaLeds.xml (No such file or directory)
-- XML file not found relative to classpath.
-- /home/travis/build/icyphy/ptII/ptolemy/vergil/basic/export/test/ptolemy/domains/ptinyos/lib/MicaLeds.xml
/home/travis/build/icyphy/ptII/ptolemy/vergil/basic/export/test/ptolemy/domains/ptinyos/lib/MicaLeds.xml (No such file or directory)
 in file:/home/travis/build/icyphy/ptII/ptolemy/actor/ptalon/demo/ptinyos/SenseToLeds/MicaBoard.xml at line 134 and column 63
	at ptolemy.moml.MoMLParser.fileNameToURL(MoMLParser.java:1414)
	at ptolemy.moml.MoMLParser._findOrParse(MoMLParser.java:5283)
	at ptolemy.moml.MoMLParser._attemptToFindMoMLClass(MoMLParser.java:4075)
	at ptolemy.moml.MoMLParser._createEntity(MoMLParser.java:4323)
	... 78 more
Failed to read file:/home/travis/build/icyphy/ptII/ptolemy/actor/ptalon/demo/ptinyos/SenseToLeds/SenseToLeds.xml
ptolemy.kernel.util.IllegalActionException: Failed to process attribute change to PtalonParameter, whose value is "ptolemy.actor.ptalon.PtalonExpressionParameter {.SenseToLeds.SenseToLeds.n} 2".
  in .SenseToLeds.SenseToLeds
Because:
Unable to add actor null
	at ptolemy.actor.ptalon.PtalonActor.attributeChanged(PtalonActor.java:211)
	at ptolemy.actor.ptalon.PtalonMLHandler.startElement(PtalonMLHandler.java:134)
	at com.microstar.xml.XmlParser.parseElement(XmlParser.java:921)
	at com.microstar.xml.XmlParser.parseContent(XmlParser.java:1104)
	at com.microstar.xml.XmlParser.parseElement(XmlParser.java:924)
	at com.microstar.xml.XmlParser.parseDocument(XmlParser.java:481)
	at com.microstar.xml.XmlParser.doParse(XmlParser.java:159)
	at com.microstar.xml.XmlParser.parse(XmlParser.java:132)
	at ptolemy.actor.ptalon.PtalonActor.configure(PtalonActor.java:240)
	at ptolemy.moml.MoMLParser.endElement(MoMLParser.java:996)
	at com.microstar.xml.XmlParser.parseETag(XmlParser.java:1026)
	at com.microstar.xml.XmlParser.parseContent(XmlParser.java:1098)
	at com.microstar.xml.XmlParser.parseElement(XmlParser.java:924)
	at com.microstar.xml.XmlParser.parseContent(XmlParser.java:1104)
	at com.microstar.xml.XmlParser.parseElement(XmlParser.java:924)
	at com.microstar.xml.XmlParser.parseContent(XmlParser.java:1104)
	at com.microstar.xml.XmlParser.parseElement(XmlParser.java:924)
	at com.microstar.xml.XmlParser.parseDocument(XmlParser.java:481)
	at com.microstar.xml.XmlParser.doParse(XmlParser.java:159)
	at com.microstar.xml.XmlParser.parse(XmlParser.java:132)
	at ptolemy.moml.MoMLParser.parse(MoMLParser.java:1676)
	at ptolemy.moml.MoMLParser.parse(MoMLParser.java:1595)
	at ptolemy.moml.MoMLParser.parse(MoMLParser.java:1537)
	at ptolemy.actor.gui.PtolemyEffigy$Factory.createEffigy(PtolemyEffigy.java:424)
	at ptolemy.actor.gui.EffigyFactory.createEffigy(EffigyFactory.java:234)
	at ptolemy.actor.gui.Configuration.openModel(Configuration.java:1125)
	at ptolemy.actor.gui.Configuration.openModel(Configuration.java:1051)
	at ptolemy.actor.gui.ConfigurationApplication._openModel(ConfigurationApplication.java:1252)
	at ptolemy.actor.gui.ConfigurationApplication._parseArg(ConfigurationApplication.java:1399)
	at ptolemy.actor.gui.ConfigurationApplication._parseArgs(ConfigurationApplication.java:1478)
	at ptolemy.actor.gui.ConfigurationApplication.<init>(ConfigurationApplication.java:277)
	at ptolemy.actor.gui.ConfigurationApplication.<init>(ConfigurationApplication.java:214)
	at ptolemy.actor.gui.ConfigurationApplication.<init>(ConfigurationApplication.java:201)
	at ptolemy.actor.gui.ConfigurationApplication.openModelOrEntity(ConfigurationApplication.java:680)
	at ptolemy.vergil.basic.export.ExportModel$1.run(ExportModel.java:220)
	at java.awt.event.InvocationEvent.dispatch(InvocationEvent.java:301)
	at java.awt.EventQueue.dispatchEventImpl(EventQueue.java:756)
	at java.awt.EventQueue.access$500(EventQueue.java:97)
	at java.awt.EventQueue$3.run(EventQueue.java:709)
	at java.awt.EventQueue$3.run(EventQueue.java:703)
	at java.security.AccessController.doPrivileged(Native Method)
	at java.security.ProtectionDomain$JavaSecurityAccessImpl.doIntersectionPrivilege(ProtectionDomain.java:80)
	at java.awt.EventQueue.dispatchEvent(EventQueue.java:726)
	at java.awt.EventDispatchThread.pumpOneEventForFilters(EventDispatchThread.java:201)
	at java.awt.EventDispatchThread.pumpEventsForFilter(EventDispatchThread.java:116)
	at java.awt.EventDispatchThread.pumpEventsForHierarchy(EventDispatchThread.java:105)
	at java.awt.EventDispatchThread.pumpEvents(EventDispatchThread.java:101)
	at java.awt.EventDispatchThread.pumpEvents(EventDispatchThread.java:93)
	at java.awt.EventDispatchThread.run(EventDispatchThread.java:82)
Caused by: ptolemy.actor.ptalon.PtalonRuntimeException: Unable to add actor null
	at ptolemy.actor.ptalon.PtalonEvaluator.addActor(PtalonEvaluator.java:300)
	at ptolemy.actor.ptalon.PtalonPopulator.actor_declaration(PtalonPopulator.java:1574)
	at ptolemy.actor.ptalon.PtalonPopulator.atomic_statement(PtalonPopulator.java:1638)
	at ptolemy.actor.ptalon.PtalonPopulator.iterative_statement_evaluator(PtalonPopulator.java:2484)
	at ptolemy.actor.ptalon.AbstractPtalonEvaluator$IfTree.evaluateForScope(AbstractPtalonEvaluator.java:1307)
	at ptolemy.actor.ptalon.AbstractPtalonEvaluator.evaluateForScope(AbstractPtalonEvaluator.java:744)
	at ptolemy.actor.ptalon.PtalonPopulator.iterative_statement(PtalonPopulator.java:2363)
	at ptolemy.actor.ptalon.PtalonPopulator.actor_definition(PtalonPopulator.java:2809)
	at ptolemy.actor.ptalon.PtalonActor.attributeChanged(PtalonActor.java:206)
	... 48 more
Caused by: ptolemy.kernel.util.InternalErrorException: Element <entity name="node1" class="ptolemy.actor.ptalon.demo.ptinyos.SenseToLeds.MicaBoard"> caused an exception to be thrown.
  in .SenseToLeds.SenseToLeds
Because:
Cannot find class: ptolemy.actor.ptalon.demo.ptinyos.SenseToLeds.MicaBoard. In Ptolemy, classes are typically Java .class files. Entities like actors may instead be defined within a .xml file.  In any case, the class was not found. If the class uses a third party package, then the class would be present only if the third party package was found at compile time.  It may be necessary to upgrade Java or install the third party package, reconfigure and recompile.
Because:
Element <entity name="MicaLeds" class="ptolemy.domains.ptinyos.lib.MicaLeds"> caused an exception to be thrown.
  in .MicaBoard
Because:
Cannot find class: ptolemy.domains.ptinyos.lib.MicaLeds. In Ptolemy, classes are typically Java .class files. Entities like actors may instead be defined within a .xml file.  In any case, the class was not found. If the class uses a third party package, then the class would be present only if the third party package was found at compile time.  It may be necessary to upgrade Java or install the third party package, reconfigure and recompile.
Because:
-- /home/travis/build/icyphy/ptII/ptolemy/actor/ptalon/demo/ptinyos/SenseToLeds/ptolemy/domains/ptinyos/lib/MicaLeds.xml (No such file or directory)
-- XML file not found relative to classpath.
-- /home/travis/build/icyphy/ptII/ptolemy/vergil/basic/export/test/ptolemy/domains/ptinyos/lib/MicaLeds.xml
/home/travis/build/icyphy/ptII/ptolemy/vergil/basic/export/test/ptolemy/domains/ptinyos/lib/MicaLeds.xml (No such file or directory)
 in file:/home/travis/build/icyphy/ptII/ptolemy/actor/ptalon/demo/ptinyos/SenseToLeds/MicaBoard.xml at line 134 and column 63
	at ptolemy.moml.SimpleErrorHandler.handleError(SimpleErrorHandler.java:75)
	at ptolemy.moml.MoMLParser.startElement(MoMLParser.java:3805)
	at com.microstar.xml.XmlParser.parseElement(XmlParser.java:931)
	at com.microstar.xml.XmlParser.parseDocument(XmlParser.java:481)
	at com.microstar.xml.XmlParser.doParse(XmlParser.java:159)
	at com.microstar.xml.XmlParser.parse(XmlParser.java:132)
	at ptolemy.moml.MoMLParser.parse(MoMLParser.java:1660)
	at ptolemy.moml.MoMLParser.parse(MoMLParser.java:1617)
	at ptolemy.moml.MoMLParser.parse(MoMLParser.java:1792)
	at ptolemy.actor.ptalon.PtalonEvaluator.addActor(PtalonEvaluator.java:241)
	... 56 more
Caused by: ptolemy.kernel.util.IllegalActionException: Cannot find class: ptolemy.actor.ptalon.demo.ptinyos.SenseToLeds.MicaBoard. In Ptolemy, classes are typically Java .class files. Entities like actors may instead be defined within a .xml file.  In any case, the class was not found. If the class uses a third party package, then the class would be present only if the third party package was found at compile time.  It may be necessary to upgrade Java or install the third party package, reconfigure and recompile.
Because:
Element <entity name="MicaLeds" class="ptolemy.domains.ptinyos.lib.MicaLeds"> caused an exception to be thrown.
  in .MicaBoard
Because:
Cannot find class: ptolemy.domains.ptinyos.lib.MicaLeds. In Ptolemy, classes are typically Java .class files. Entities like actors may instead be defined within a .xml file.  In any case, the class was not found. If the class uses a third party package, then the class would be present only if the third party package was found at compile time.  It may be necessary to upgrade Java or install the third party package, reconfigure and recompile.
Because:
-- /home/travis/build/icyphy/ptII/ptolemy/actor/ptalon/demo/ptinyos/SenseToLeds/ptolemy/domains/ptinyos/lib/MicaLeds.xml (No such file or directory)
-- XML file not found relative to classpath.
-- /home/travis/build/icyphy/ptII/ptolemy/vergil/basic/export/test/ptolemy/domains/ptinyos/lib/MicaLeds.xml
/home/travis/build/icyphy/ptII/ptolemy/vergil/basic/export/test/ptolemy/domains/ptinyos/lib/MicaLeds.xml (No such file or directory)
 in file:/home/travis/build/icyphy/ptII/ptolemy/actor/ptalon/demo/ptinyos/SenseToLeds/MicaBoard.xml at line 134 and column 63
	at ptolemy.moml.MoMLParser._createEntity(MoMLParser.java:4330)
	at ptolemy.moml.MoMLParser.startElement(MoMLParser.java:2864)
	... 64 more
Caused by: ptolemy.kernel.util.InternalErrorException: Element <entity name="MicaLeds" class="ptolemy.domains.ptinyos.lib.MicaLeds"> caused an exception to be thrown.
  in .MicaBoard
Because:
Cannot find class: ptolemy.domains.ptinyos.lib.MicaLeds. In Ptolemy, classes are typically Java .class files. Entities like actors may instead be defined within a .xml file.  In any case, the class was not found. If the class uses a third party package, then the class would be present only if the third party package was found at compile time.  It may be necessary to upgrade Java or install the third party package, reconfigure and recompile.
Because:
-- /home/travis/build/icyphy/ptII/ptolemy/actor/ptalon/demo/ptinyos/SenseToLeds/ptolemy/domains/ptinyos/lib/MicaLeds.xml (No such file or directory)
-- XML file not found relative to classpath.
-- /home/travis/build/icyphy/ptII/ptolemy/vergil/basic/export/test/ptolemy/domains/ptinyos/lib/MicaLeds.xml
/home/travis/build/icyphy/ptII/ptolemy/vergil/basic/export/test/ptolemy/domains/ptinyos/lib/MicaLeds.xml (No such file or directory)
 in file:/home/travis/build/icyphy/ptII/ptolemy/actor/ptalon/demo/ptinyos/SenseToLeds/MicaBoard.xml at line 134 and column 63
	at ptolemy.moml.SimpleErrorHandler.handleError(SimpleErrorHandler.java:75)
	at ptolemy.moml.MoMLParser.startElement(MoMLParser.java:3805)
	at com.microstar.xml.XmlParser.parseElement(XmlParser.java:921)
	at com.microstar.xml.XmlParser.parseContent(XmlParser.java:1104)
	at com.microstar.xml.XmlParser.parseElement(XmlParser.java:924)
	at com.microstar.xml.XmlParser.parseDocument(XmlParser.java:481)
	at com.microstar.xml.XmlParser.doParse(XmlParser.java:159)
	at com.microstar.xml.XmlParser.parse(XmlParser.java:132)
	at ptolemy.moml.MoMLParser.parse(MoMLParser.java:1676)
	at ptolemy.moml.MoMLParser.parse(MoMLParser.java:1595)
	at ptolemy.moml.MoMLParser.parse(MoMLParser.java:1537)
	at ptolemy.moml.MoMLParser._findOrParse(MoMLParser.java:5286)
	at ptolemy.moml.MoMLParser._attemptToFindMoMLClass(MoMLParser.java:4075)
	at ptolemy.moml.MoMLParser._createEntity(MoMLParser.java:4323)
	... 65 more
Caused by: ptolemy.kernel.util.IllegalActionException: Cannot find class: ptolemy.domains.ptinyos.lib.MicaLeds. In Ptolemy, classes are typically Java .class files. Entities like actors may instead be defined within a .xml file.  In any case, the class was not found. If the class uses a third party package, then the class would be present only if the third party package was found at compile time.  It may be necessary to upgrade Java or install the third party package, reconfigure and recompile.
Because:
-- /home/travis/build/icyphy/ptII/ptolemy/actor/ptalon/demo/ptinyos/SenseToLeds/ptolemy/domains/ptinyos/lib/MicaLeds.xml (No such file or directory)
-- XML file not found relative to classpath.
-- /home/travis/build/icyphy/ptII/ptolemy/vergil/basic/export/test/ptolemy/domains/ptinyos/lib/MicaLeds.xml
/home/travis/build/icyphy/ptII/ptolemy/vergil/basic/export/test/ptolemy/domains/ptinyos/lib/MicaLeds.xml (No such file or directory)
 in file:/home/travis/build/icyphy/ptII/ptolemy/actor/ptalon/demo/ptinyos/SenseToLeds/MicaBoard.xml at line 134 and column 63
	at ptolemy.moml.MoMLParser._createEntity(MoMLParser.java:4330)
	at ptolemy.moml.MoMLParser.startElement(MoMLParser.java:2864)
	... 77 more
Caused by: com.microstar.xml.XmlException: -- /home/travis/build/icyphy/ptII/ptolemy/actor/ptalon/demo/ptinyos/SenseToLeds/ptolemy/domains/ptinyos/lib/MicaLeds.xml (No such file or directory)
-- XML file not found relative to classpath.
-- /home/travis/build/icyphy/ptII/ptolemy/vergil/basic/export/test/ptolemy/domains/ptinyos/lib/MicaLeds.xml
/home/travis/build/icyphy/ptII/ptolemy/vergil/basic/export/test/ptolemy/domains/ptinyos/lib/MicaLeds.xml (No such file or directory)
 in file:/home/travis/build/icyphy/ptII/ptolemy/actor/ptalon/demo/ptinyos/SenseToLeds/MicaBoard.xml at line 134 and column 63
	at ptolemy.moml.MoMLParser.fileNameToURL(MoMLParser.java:1414)
	at ptolemy.moml.MoMLParser._findOrParse(MoMLParser.java:5283)
	at ptolemy.moml.MoMLParser._attemptToFindMoMLClass(MoMLParser.java:4075)
	at ptolemy.moml.MoMLParser._createEntity(MoMLParser.java:4323)
	... 78 more
Caused by: ptolemy.actor.ptalon.PtalonRuntimeException: Unable to add actor null
	at ptolemy.actor.ptalon.PtalonEvaluator.addActor(PtalonEvaluator.java:300)
	at ptolemy.actor.ptalon.PtalonPopulator.actor_declaration(PtalonPopulator.java:1574)
	at ptolemy.actor.ptalon.PtalonPopulator.atomic_statement(PtalonPopulator.java:1638)
	at ptolemy.actor.ptalon.PtalonPopulator.iterative_statement_evaluator(PtalonPopulator.java:2484)
	at ptolemy.actor.ptalon.AbstractPtalonEvaluator$IfTree.evaluateForScope(AbstractPtalonEvaluator.java:1307)
	at ptolemy.actor.ptalon.AbstractPtalonEvaluator.evaluateForScope(AbstractPtalonEvaluator.java:744)
	at ptolemy.actor.ptalon.PtalonPopulator.iterative_statement(PtalonPopulator.java:2363)
	at ptolemy.actor.ptalon.PtalonPopulator.actor_definition(PtalonPopulator.java:2809)
	at ptolemy.actor.ptalon.PtalonActor.attributeChanged(PtalonActor.java:206)
	at ptolemy.actor.ptalon.PtalonMLHandler.startElement(PtalonMLHandler.java:134)
	at com.microstar.xml.XmlParser.parseElement(XmlParser.java:921)
	at com.microstar.xml.XmlParser.parseContent(XmlParser.java:1104)
	at com.microstar.xml.XmlParser.parseElement(XmlParser.java:924)
	at com.microstar.xml.XmlParser.parseDocument(XmlParser.java:481)
	at com.microstar.xml.XmlParser.doParse(XmlParser.java:159)
	at com.microstar.xml.XmlParser.parse(XmlParser.java:132)
	at ptolemy.actor.ptalon.PtalonActor.configure(PtalonActor.java:240)
	at ptolemy.moml.MoMLParser.endElement(MoMLParser.java:996)
	at com.microstar.xml.XmlParser.parseETag(XmlParser.java:1026)
	at com.microstar.xml.XmlParser.parseContent(XmlParser.java:1098)
	at com.microstar.xml.XmlParser.parseElement(XmlParser.java:924)
	at com.microstar.xml.XmlParser.parseContent(XmlParser.java:1104)
	at com.microstar.xml.XmlParser.parseElement(XmlParser.java:924)
	at com.microstar.xml.XmlParser.parseContent(XmlParser.java:1104)
	at com.microstar.xml.XmlParser.parseElement(XmlParser.java:924)
	at com.microstar.xml.XmlParser.parseDocument(XmlParser.java:481)
	at com.microstar.xml.XmlParser.doParse(XmlParser.java:159)
	at com.microstar.xml.XmlParser.parse(XmlParser.java:132)
	at ptolemy.moml.MoMLParser.parse(MoMLParser.java:1676)
	at ptolemy.moml.MoMLParser.parse(MoMLParser.java:1595)
	at ptolemy.moml.MoMLParser.parse(MoMLParser.java:1537)
	at ptolemy.actor.gui.PtolemyEffigy$Factory.createEffigy(PtolemyEffigy.java:424)
	at ptolemy.actor.gui.EffigyFactory.createEffigy(EffigyFactory.java:234)
	at ptolemy.actor.gui.Configuration.openModel(Configuration.java:1125)
	at ptolemy.actor.gui.Configuration.openModel(Configuration.java:1051)
	at ptolemy.actor.gui.ConfigurationApplication._openModel(ConfigurationApplication.java:1252)
	at ptolemy.actor.gui.ConfigurationApplication._parseArg(ConfigurationApplication.java:1399)
	at ptolemy.actor.gui.ConfigurationApplication._parseArgs(ConfigurationApplication.java:1478)
	at ptolemy.actor.gui.ConfigurationApplication.<init>(ConfigurationApplication.java:277)
	at ptolemy.actor.gui.ConfigurationApplication.<init>(ConfigurationApplication.java:214)
	at ptolemy.actor.gui.ConfigurationApplication.<init>(ConfigurationApplication.java:201)
	at ptolemy.actor.gui.ConfigurationApplication.openModelOrEntity(ConfigurationApplication.java:680)
	at ptolemy.vergil.basic.export.ExportModel$1.run(ExportModel.java:220)
	at java.awt.event.InvocationEvent.dispatch(InvocationEvent.java:301)
	at java.awt.EventQueue.dispatchEventImpl(EventQueue.java:756)
	at java.awt.EventQueue.access$500(EventQueue.java:97)
	at java.awt.EventQueue$3.run(EventQueue.java:709)
	at java.awt.EventQueue$3.run(EventQueue.java:703)
	at java.security.AccessController.doPrivileged(Native Method)
	at java.security.ProtectionDomain$JavaSecurityAccessImpl.doIntersectionPrivilege(ProtectionDomain.java:80)
	at java.awt.EventQueue.dispatchEvent(EventQueue.java:726)
	at java.awt.EventDispatchThread.pumpOneEventForFilters(EventDispatchThread.java:201)
	at java.awt.EventDispatchThread.pumpEventsForFilter(EventDispatchThread.java:116)
	at java.awt.EventDispatchThread.pumpEventsForHierarchy(EventDispatchThread.java:105)
	at java.awt.EventDispatchThread.pumpEvents(EventDispatchThread.java:101)
	at java.awt.EventDispatchThread.pumpEvents(EventDispatchThread.java:93)
	at java.awt.EventDispatchThread.run(EventDispatchThread.java:82)
Caused by: ptolemy.kernel.util.InternalErrorException: Element <entity name="node1" class="ptolemy.actor.ptalon.demo.ptinyos.SenseToLeds.MicaBoard"> caused an exception to be thrown.
  in .SenseToLeds.SenseToLeds
Because:
Cannot find class: ptolemy.actor.ptalon.demo.ptinyos.SenseToLeds.MicaBoard. In Ptolemy, classes are typically Java .class files. Entities like actors may instead be defined within a .xml file.  In any case, the class was not found. If the class uses a third party package, then the class would be present only if the third party package was found at compile time.  It may be necessary to upgrade Java or install the third party package, reconfigure and recompile.
Because:
Element <entity name="MicaLeds" class="ptolemy.domains.ptinyos.lib.MicaLeds"> caused an exception to be thrown.
  in .MicaBoard
Because:
Cannot find class: ptolemy.domains.ptinyos.lib.MicaLeds. In Ptolemy, classes are typically Java .class files. Entities like actors may instead be defined within a .xml file.  In any case, the class was not found. If the class uses a third party package, then the class would be present only if the third party package was found at compile time.  It may be necessary to upgrade Java or install the third party package, reconfigure and recompile.
Because:
-- /home/travis/build/icyphy/ptII/ptolemy/actor/ptalon/demo/ptinyos/SenseToLeds/ptolemy/domains/ptinyos/lib/MicaLeds.xml (No such file or directory)
-- XML file not found relative to classpath.
-- /home/travis/build/icyphy/ptII/ptolemy/vergil/basic/export/test/ptolemy/domains/ptinyos/lib/MicaLeds.xml
/home/travis/build/icyphy/ptII/ptolemy/vergil/basic/export/test/ptolemy/domains/ptinyos/lib/MicaLeds.xml (No such file or directory)
 in file:/home/travis/build/icyphy/ptII/ptolemy/actor/ptalon/demo/ptinyos/SenseToLeds/MicaBoard.xml at line 134 and column 63
	at ptolemy.moml.SimpleErrorHandler.handleError(SimpleErrorHandler.java:75)
	at ptolemy.moml.MoMLParser.startElement(MoMLParser.java:3805)
	at com.microstar.xml.XmlParser.parseElement(XmlParser.java:931)
	at com.microstar.xml.XmlParser.parseDocument(XmlParser.java:481)
	at com.microstar.xml.XmlParser.doParse(XmlParser.java:159)
	at com.microstar.xml.XmlParser.parse(XmlParser.java:132)
	at ptolemy.moml.MoMLParser.parse(MoMLParser.java:1660)
	at ptolemy.moml.MoMLParser.parse(MoMLParser.java:1617)
	at ptolemy.moml.MoMLParser.parse(MoMLParser.java:1792)
	at ptolemy.actor.ptalon.PtalonEvaluator.addActor(PtalonEvaluator.java:241)
	... 56 more
Caused by: ptolemy.kernel.util.IllegalActionException: Cannot find class: ptolemy.actor.ptalon.demo.ptinyos.SenseToLeds.MicaBoard. In Ptolemy, classes are typically Java .class files. Entities like actors may instead be defined within a .xml file.  In any case, the class was not found. If the class uses a third party package, then the class would be present only if the third party package was found at compile time.  It may be necessary to upgrade Java or install the third party package, reconfigure and recompile.
Because:
Element <entity name="MicaLeds" class="ptolemy.domains.ptinyos.lib.MicaLeds"> caused an exception to be thrown.
  in .MicaBoard
Because:
Cannot find class: ptolemy.domains.ptinyos.lib.MicaLeds. In Ptolemy, classes are typically Java .class files. Entities like actors may instead be defined within a .xml file.  In any case, the class was not found. If the class uses a third party package, then the class would be present only if the third party package was found at compile time.  It may be necessary to upgrade Java or install the third party package, reconfigure and recompile.
Because:
-- /home/travis/build/icyphy/ptII/ptolemy/actor/ptalon/demo/ptinyos/SenseToLeds/ptolemy/domains/ptinyos/lib/MicaLeds.xml (No such file or directory)
-- XML file not found relative to classpath.
-- /home/travis/build/icyphy/ptII/ptolemy/vergil/basic/export/test/ptolemy/domains/ptinyos/lib/MicaLeds.xml
/home/travis/build/icyphy/ptII/ptolemy/vergil/basic/export/test/ptolemy/domains/ptinyos/lib/MicaLeds.xml (No such file or directory)
 in file:/home/travis/build/icyphy/ptII/ptolemy/actor/ptalon/demo/ptinyos/SenseToLeds/MicaBoard.xml at line 134 and column 63
	at ptolemy.moml.MoMLParser._createEntity(MoMLParser.java:4330)
	at ptolemy.moml.MoMLParser.startElement(MoMLParser.java:2864)
	... 64 more
Caused by: ptolemy.kernel.util.InternalErrorException: Element <entity name="MicaLeds" class="ptolemy.domains.ptinyos.lib.MicaLeds"> caused an exception to be thrown.
  in .MicaBoard
Because:
Cannot find class: ptolemy.domains.ptinyos.lib.MicaLeds. In Ptolemy, classes are typically Java .class files. Entities like actors may instead be defined within a .xml file.  In any case, the class was not found. If the class uses a third party package, then the class would be present only if the third party package was found at compile time.  It may be necessary to upgrade Java or install the third party package, reconfigure and recompile.
Because:
-- /home/travis/build/icyphy/ptII/ptolemy/actor/ptalon/demo/ptinyos/SenseToLeds/ptolemy/domains/ptinyos/lib/MicaLeds.xml (No such file or directory)
-- XML file not found relative to classpath.
-- /home/travis/build/icyphy/ptII/ptolemy/vergil/basic/export/test/ptolemy/domains/ptinyos/lib/MicaLeds.xml
/home/travis/build/icyphy/ptII/ptolemy/vergil/basic/export/test/ptolemy/domains/ptinyos/lib/MicaLeds.xml (No such file or directory)
 in file:/home/travis/build/icyphy/ptII/ptolemy/actor/ptalon/demo/ptinyos/SenseToLeds/MicaBoard.xml at line 134 and column 63
	at ptolemy.moml.SimpleErrorHandler.handleError(SimpleErrorHandler.java:75)
	at ptolemy.moml.MoMLParser.startElement(MoMLParser.java:3805)
	at com.microstar.xml.XmlParser.parseElement(XmlParser.java:921)
	at com.microstar.xml.XmlParser.parseContent(XmlParser.java:1104)
	at com.microstar.xml.XmlParser.parseElement(XmlParser.java:924)
	at com.microstar.xml.XmlParser.parseDocument(XmlParser.java:481)
	at com.microstar.xml.XmlParser.doParse(XmlParser.java:159)
	at com.microstar.xml.XmlParser.parse(XmlParser.java:132)
	at ptolemy.moml.MoMLParser.parse(MoMLParser.java:1676)
	at ptolemy.moml.MoMLParser.parse(MoMLParser.java:1595)
	at ptolemy.moml.MoMLParser.parse(MoMLParser.java:1537)
	at ptolemy.moml.MoMLParser._findOrParse(MoMLParser.java:5286)
	at ptolemy.moml.MoMLParser._attemptToFindMoMLClass(MoMLParser.java:4075)
	at ptolemy.moml.MoMLParser._createEntity(MoMLParser.java:4323)
	... 65 more
Caused by: ptolemy.kernel.util.IllegalActionException: Cannot find class: ptolemy.domains.ptinyos.lib.MicaLeds. In Ptolemy, classes are typically Java .class files. Entities like actors may instead be defined within a .xml file.  In any case, the class was not found. If the class uses a third party package, then the class would be present only if the third party package was found at compile time.  It may be necessary to upgrade Java or install the third party package, reconfigure and recompile.
Because:
-- /home/travis/build/icyphy/ptII/ptolemy/actor/ptalon/demo/ptinyos/SenseToLeds/ptolemy/domains/ptinyos/lib/MicaLeds.xml (No such file or directory)
-- XML file not found relative to classpath.
-- /home/travis/build/icyphy/ptII/ptolemy/vergil/basic/export/test/ptolemy/domains/ptinyos/lib/MicaLeds.xml
/home/travis/build/icyphy/ptII/ptolemy/vergil/basic/export/test/ptolemy/domains/ptinyos/lib/MicaLeds.xml (No such file or directory)
 in file:/home/travis/build/icyphy/ptII/ptolemy/actor/ptalon/demo/ptinyos/SenseToLeds/MicaBoard.xml at line 134 and column 63
	at ptolemy.moml.MoMLParser._createEntity(MoMLParser.java:4330)
	at ptolemy.moml.MoMLParser.startElement(MoMLParser.java:2864)
	... 77 more
Caused by: com.microstar.xml.XmlException: -- /home/travis/build/icyphy/ptII/ptolemy/actor/ptalon/demo/ptinyos/SenseToLeds/ptolemy/domains/ptinyos/lib/MicaLeds.xml (No such file or directory)
-- XML file not found relative to classpath.
-- /home/travis/build/icyphy/ptII/ptolemy/vergil/basic/export/test/ptolemy/domains/ptinyos/lib/MicaLeds.xml
/home/travis/build/icyphy/ptII/ptolemy/vergil/basic/export/test/ptolemy/domains/ptinyos/lib/MicaLeds.xml (No such file or directory)
 in file:/home/travis/build/icyphy/ptII/ptolemy/actor/ptalon/demo/ptinyos/SenseToLeds/MicaBoard.xml at line 134 and column 63
	at ptolemy.moml.MoMLParser.fileNameToURL(MoMLParser.java:1414)
	at ptolemy.moml.MoMLParser._findOrParse(MoMLParser.java:5283)
	at ptolemy.moml.MoMLParser._attemptToFindMoMLClass(MoMLParser.java:4075)
	at ptolemy.moml.MoMLParser._createEntity(MoMLParser.java:4323)
	... 78 more
ptolemy.kernel.util.IllegalActionException: Failed to process attribute change to PtalonParameter, whose value is "ptolemy.actor.ptalon.PtalonExpressionParameter {.SenseToLeds.SenseToLeds.n} 2".
  in .SenseToLeds.SenseToLeds
Because:
Unable to add actor null
	at ptolemy.actor.ptalon.PtalonActor.attributeChanged(PtalonActor.java:211)
	at ptolemy.actor.ptalon.PtalonMLHandler.startElement(PtalonMLHandler.java:134)
	at com.microstar.xml.XmlParser.parseElement(XmlParser.java:921)
	at com.microstar.xml.XmlParser.parseContent(XmlParser.java:1104)
	at com.microstar.xml.XmlParser.parseElement(XmlParser.java:924)
	at com.microstar.xml.XmlParser.parseDocument(XmlParser.java:481)
	at com.microstar.xml.XmlParser.doParse(XmlParser.java:159)
	at com.microstar.xml.XmlParser.parse(XmlParser.java:132)
	at ptolemy.actor.ptalon.PtalonActor.configure(PtalonActor.java:240)
	at ptolemy.moml.MoMLParser.endElement(MoMLParser.java:996)
	at com.microstar.xml.XmlParser.parseETag(XmlParser.java:1026)
	at com.microstar.xml.XmlParser.parseContent(XmlParser.java:1098)
	at com.microstar.xml.XmlParser.parseElement(XmlParser.java:924)
	at com.microstar.xml.XmlParser.parseContent(XmlParser.java:1104)
	at com.microstar.xml.XmlParser.parseElement(XmlParser.java:924)
	at com.microstar.xml.XmlParser.parseContent(XmlParser.java:1104)
	at com.microstar.xml.XmlParser.parseElement(XmlParser.java:924)
	at com.microstar.xml.XmlParser.parseDocument(XmlParser.java:481)
	at com.microstar.xml.XmlParser.doParse(XmlParser.java:159)
	at com.microstar.xml.XmlParser.parse(XmlParser.java:132)
	at ptolemy.moml.MoMLParser.parse(MoMLParser.java:1676)
	at ptolemy.moml.MoMLParser.parse(MoMLParser.java:1595)
	at ptolemy.moml.MoMLParser.parse(MoMLParser.java:1537)
	at ptolemy.actor.gui.PtolemyEffigy$Factory.createEffigy(PtolemyEffigy.java:424)
	at ptolemy.actor.gui.EffigyFactory.createEffigy(EffigyFactory.java:234)
	at ptolemy.actor.gui.Configuration.openModel(Configuration.java:1125)
	at ptolemy.actor.gui.Configuration.openModel(Configuration.java:1051)
	at ptolemy.actor.gui.ConfigurationApplication._openModel(ConfigurationApplication.java:1252)
	at ptolemy.actor.gui.ConfigurationApplication._parseArg(ConfigurationApplication.java:1399)
	at ptolemy.actor.gui.ConfigurationApplication._parseArgs(ConfigurationApplication.java:1478)
	at ptolemy.actor.gui.ConfigurationApplication.<init>(ConfigurationApplication.java:277)
	at ptolemy.actor.gui.ConfigurationApplication.<init>(ConfigurationApplication.java:214)
	at ptolemy.actor.gui.ConfigurationApplication.<init>(ConfigurationApplication.java:201)
	at ptolemy.actor.gui.ConfigurationApplication.openModelOrEntity(ConfigurationApplication.java:680)
	at ptolemy.vergil.basic.export.ExportModel$1.run(ExportModel.java:220)
	at java.awt.event.InvocationEvent.dispatch(InvocationEvent.java:301)
	at java.awt.EventQueue.dispatchEventImpl(EventQueue.java:756)
	at java.awt.EventQueue.access$500(EventQueue.java:97)
	at java.awt.EventQueue$3.run(EventQueue.java:709)
	at java.awt.EventQueue$3.run(EventQueue.java:703)
	at java.security.AccessController.doPrivileged(Native Method)
	at java.security.ProtectionDomain$JavaSecurityAccessImpl.doIntersectionPrivilege(ProtectionDomain.java:80)
	at java.awt.EventQueue.dispatchEvent(EventQueue.java:726)
	at java.awt.EventDispatchThread.pumpOneEventForFilters(EventDispatchThread.java:201)
	at java.awt.EventDispatchThread.pumpEventsForFilter(EventDispatchThread.java:116)
	at java.awt.EventDispatchThread.pumpEventsForHierarchy(EventDispatchThread.java:105)
	at java.awt.EventDispatchThread.pumpEvents(EventDispatchThread.java:101)
	at java.awt.EventDispatchThread.pumpEvents(EventDispatchThread.java:93)
	at java.awt.EventDispatchThread.run(EventDispatchThread.java:82)
Caused by: ptolemy.actor.ptalon.PtalonRuntimeException: Unable to add actor null
	at ptolemy.actor.ptalon.PtalonEvaluator.addActor(PtalonEvaluator.java:300)
	at ptolemy.actor.ptalon.PtalonPopulator.actor_declaration(PtalonPopulator.java:1574)
	at ptolemy.actor.ptalon.PtalonPopulator.atomic_statement(PtalonPopulator.java:1638)
	at ptolemy.actor.ptalon.PtalonPopulator.iterative_statement_evaluator(PtalonPopulator.java:2484)
	at ptolemy.actor.ptalon.AbstractPtalonEvaluator$IfTree.evaluateForScope(AbstractPtalonEvaluator.java:1307)
	at ptolemy.actor.ptalon.AbstractPtalonEvaluator.evaluateForScope(AbstractPtalonEvaluator.java:744)
	at ptolemy.actor.ptalon.PtalonPopulator.iterative_statement(PtalonPopulator.java:2363)
	at ptolemy.actor.ptalon.PtalonPopulator.actor_definition(PtalonPopulator.java:2809)
	at ptolemy.actor.ptalon.PtalonActor.attributeChanged(PtalonActor.java:206)
	... 48 more
Caused by: ptolemy.kernel.util.InternalErrorException: Element <entity name="node1" class="ptolemy.actor.ptalon.demo.ptinyos.SenseToLeds.MicaBoard"> caused an exception to be thrown.
  in .SenseToLeds.SenseToLeds
Because:
Cannot find class: ptolemy.actor.ptalon.demo.ptinyos.SenseToLeds.MicaBoard. In Ptolemy, classes are typically Java .class files. Entities like actors may instead be defined within a .xml file.  In any case, the class was not found. If the class uses a third party package, then the class would be present only if the third party package was found at compile time.  It may be necessary to upgrade Java or install the third party package, reconfigure and recompile.
Because:
Element <entity name="MicaLeds" class="ptolemy.domains.ptinyos.lib.MicaLeds"> caused an exception to be thrown.
  in .MicaBoard
Because:
Cannot find class: ptolemy.domains.ptinyos.lib.MicaLeds. In Ptolemy, classes are typically Java .class files. Entities like actors may instead be defined within a .xml file.  In any case, the class was not found. If the class uses a third party package, then the class would be present only if the third party package was found at compile time.  It may be necessary to upgrade Java or install the third party package, reconfigure and recompile.
Because:
-- /home/travis/build/icyphy/ptII/ptolemy/actor/ptalon/demo/ptinyos/SenseToLeds/ptolemy/domains/ptinyos/lib/MicaLeds.xml (No such file or directory)
-- XML file not found relative to classpath.
-- /home/travis/build/icyphy/ptII/ptolemy/vergil/basic/export/test/ptolemy/domains/ptinyos/lib/MicaLeds.xml
/home/travis/build/icyphy/ptII/ptolemy/vergil/basic/export/test/ptolemy/domains/ptinyos/lib/MicaLeds.xml (No such file or directory)
 in file:/home/travis/build/icyphy/ptII/ptolemy/actor/ptalon/demo/ptinyos/SenseToLeds/MicaBoard.xml at line 134 and column 63
	at ptolemy.moml.SimpleErrorHandler.handleError(SimpleErrorHandler.java:75)
	at ptolemy.moml.MoMLParser.startElement(MoMLParser.java:3805)
	at com.microstar.xml.XmlParser.parseElement(XmlParser.java:931)
	at com.microstar.xml.XmlParser.parseDocument(XmlParser.java:481)
	at com.microstar.xml.XmlParser.doParse(XmlParser.java:159)
	at com.microstar.xml.XmlParser.parse(XmlParser.java:132)
	at ptolemy.moml.MoMLParser.parse(MoMLParser.java:1660)
	at ptolemy.moml.MoMLParser.parse(MoMLParser.java:1617)
	at ptolemy.moml.MoMLParser.parse(MoMLParser.java:1792)
	at ptolemy.actor.ptalon.PtalonEvaluator.addActor(PtalonEvaluator.java:241)
	... 56 more
Caused by: ptolemy.kernel.util.IllegalActionException: Cannot find class: ptolemy.actor.ptalon.demo.ptinyos.SenseToLeds.MicaBoard. In Ptolemy, classes are typically Java .class files. Entities like actors may instead be defined within a .xml file.  In any case, the class was not found. If the class uses a third party package, then the class would be present only if the third party package was found at compile time.  It may be necessary to upgrade Java or install the third party package, reconfigure and recompile.
Because:
Element <entity name="MicaLeds" class="ptolemy.domains.ptinyos.lib.MicaLeds"> caused an exception to be thrown.
  in .MicaBoard
Because:
Cannot find class: ptolemy.domains.ptinyos.lib.MicaLeds. In Ptolemy, classes are typically Java .class files. Entities like actors may instead be defined within a .xml file.  In any case, the class was not found. If the class uses a third party package, then the class would be present only if the third party package was found at compile time.  It may be necessary to upgrade Java or install the third party package, reconfigure and recompile.
Because:
-- /home/travis/build/icyphy/ptII/ptolemy/actor/ptalon/demo/ptinyos/SenseToLeds/ptolemy/domains/ptinyos/lib/MicaLeds.xml (No such file or directory)
-- XML file not found relative to classpath.
-- /home/travis/build/icyphy/ptII/ptolemy/vergil/basic/export/test/ptolemy/domains/ptinyos/lib/MicaLeds.xml
/home/travis/build/icyphy/ptII/ptolemy/vergil/basic/export/test/ptolemy/domains/ptinyos/lib/MicaLeds.xml (No such file or directory)
 in file:/home/travis/build/icyphy/ptII/ptolemy/actor/ptalon/demo/ptinyos/SenseToLeds/MicaBoard.xml at line 134 and column 63
	at ptolemy.moml.MoMLParser._createEntity(MoMLParser.java:4330)
	at ptolemy.moml.MoMLParser.startElement(MoMLParser.java:2864)
	... 64 more
Caused by: ptolemy.kernel.util.InternalErrorException: Element <entity name="MicaLeds" class="ptolemy.domains.ptinyos.lib.MicaLeds"> caused an exception to be thrown.
  in .MicaBoard
Because:
Cannot find class: ptolemy.domains.ptinyos.lib.MicaLeds. In Ptolemy, classes are typically Java .class files. Entities like actors may instead be defined within a .xml file.  In any case, the class was not found. If the class uses a third party package, then the class would be present only if the third party package was found at compile time.  It may be necessary to upgrade Java or install the third party package, reconfigure and recompile.
Because:
-- /home/travis/build/icyphy/ptII/ptolemy/actor/ptalon/demo/ptinyos/SenseToLeds/ptolemy/domains/ptinyos/lib/MicaLeds.xml (No such file or directory)
-- XML file not found relative to classpath.
-- /home/travis/build/icyphy/ptII/ptolemy/vergil/basic/export/test/ptolemy/domains/ptinyos/lib/MicaLeds.xml
/home/travis/build/icyphy/ptII/ptolemy/vergil/basic/export/test/ptolemy/domains/ptinyos/lib/MicaLeds.xml (No such file or directory)
 in file:/home/travis/build/icyphy/ptII/ptolemy/actor/ptalon/demo/ptinyos/SenseToLeds/MicaBoard.xml at line 134 and column 63
	at ptolemy.moml.SimpleErrorHandler.handleError(SimpleErrorHandler.java:75)
	at ptolemy.moml.MoMLParser.startElement(MoMLParser.java:3805)
	at com.microstar.xml.XmlParser.parseElement(XmlParser.java:921)
	at com.microstar.xml.XmlParser.parseContent(XmlParser.java:1104)
	at com.microstar.xml.XmlParser.parseElement(XmlParser.java:924)
	at com.microstar.xml.XmlParser.parseDocument(XmlParser.java:481)
	at com.microstar.xml.XmlParser.doParse(XmlParser.java:159)
	at com.microstar.xml.XmlParser.parse(XmlParser.java:132)
	at ptolemy.moml.MoMLParser.parse(MoMLParser.java:1676)
	at ptolemy.moml.MoMLParser.parse(MoMLParser.java:1595)
	at ptolemy.moml.MoMLParser.parse(MoMLParser.java:1537)
	at ptolemy.moml.MoMLParser._findOrParse(MoMLParser.java:5286)
	at ptolemy.moml.MoMLParser._attemptToFindMoMLClass(MoMLParser.java:4075)
	at ptolemy.moml.MoMLParser._createEntity(MoMLParser.java:4323)
	... 65 more
Caused by: ptolemy.kernel.util.IllegalActionException: Cannot find class: ptolemy.domains.ptinyos.lib.MicaLeds. In Ptolemy, classes are typically Java .class files. Entities like actors may instead be defined within a .xml file.  In any case, the class was not found. If the class uses a third party package, then the class would be present only if the third party package was found at compile time.  It may be necessary to upgrade Java or install the third party package, reconfigure and recompile.
Because:
-- /home/travis/build/icyphy/ptII/ptolemy/actor/ptalon/demo/ptinyos/SenseToLeds/ptolemy/domains/ptinyos/lib/MicaLeds.xml (No such file or directory)
-- XML file not found relative to classpath.
-- /home/travis/build/icyphy/ptII/ptolemy/vergil/basic/export/test/ptolemy/domains/ptinyos/lib/MicaLeds.xml
/home/travis/build/icyphy/ptII/ptolemy/vergil/basic/export/test/ptolemy/domains/ptinyos/lib/MicaLeds.xml (No such file or directory)
 in file:/home/travis/build/icyphy/ptII/ptolemy/actor/ptalon/demo/ptinyos/SenseToLeds/MicaBoard.xml at line 134 and column 63
	at ptolemy.moml.MoMLParser._createEntity(MoMLParser.java:4330)
	at ptolemy.moml.MoMLParser.startElement(MoMLParser.java:2864)
	... 77 more
Caused by: com.microstar.xml.XmlException: -- /home/travis/build/icyphy/ptII/ptolemy/actor/ptalon/demo/ptinyos/SenseToLeds/ptolemy/domains/ptinyos/lib/MicaLeds.xml (No such file or directory)
-- XML file not found relative to classpath.
-- /home/travis/build/icyphy/ptII/ptolemy/vergil/basic/export/test/ptolemy/domains/ptinyos/lib/MicaLeds.xml
/home/travis/build/icyphy/ptII/ptolemy/vergil/basic/export/test/ptolemy/domains/ptinyos/lib/MicaLeds.xml (No such file or directory)
 in file:/home/travis/build/icyphy/ptII/ptolemy/actor/ptalon/demo/ptinyos/SenseToLeds/MicaBoard.xml at line 134 and column 63
	at ptolemy.moml.MoMLParser.fileNameToURL(MoMLParser.java:1414)
	at ptolemy.moml.MoMLParser._findOrParse(MoMLParser.java:5283)
	at ptolemy.moml.MoMLParser._attemptToFindMoMLClass(MoMLParser.java:4075)
	at ptolemy.moml.MoMLParser._createEntity(MoMLParser.java:4323)
	... 78 more
Caused by: ptolemy.actor.ptalon.PtalonRuntimeException: Unable to add actor null
	at ptolemy.actor.ptalon.PtalonEvaluator.addActor(PtalonEvaluator.java:300)
	at ptolemy.actor.ptalon.PtalonPopulator.actor_declaration(PtalonPopulator.java:1574)
	at ptolemy.actor.ptalon.PtalonPopulator.atomic_statement(PtalonPopulator.java:1638)
	at ptolemy.actor.ptalon.PtalonPopulator.iterative_statement_evaluator(PtalonPopulator.java:2484)
	at ptolemy.actor.ptalon.AbstractPtalonEvaluator$IfTree.evaluateForScope(AbstractPtalonEvaluator.java:1307)
	at ptolemy.actor.ptalon.AbstractPtalonEvaluator.evaluateForScope(AbstractPtalonEvaluator.java:744)
	at ptolemy.actor.ptalon.PtalonPopulator.iterative_statement(PtalonPopulator.java:2363)
	at ptolemy.actor.ptalon.PtalonPopulator.actor_definition(PtalonPopulator.java:2809)
	at ptolemy.actor.ptalon.PtalonActor.attributeChanged(PtalonActor.java:206)
	at ptolemy.actor.ptalon.PtalonMLHandler.startElement(PtalonMLHandler.java:134)
	at com.microstar.xml.XmlParser.parseElement(XmlParser.java:921)
	at com.microstar.xml.XmlParser.parseContent(XmlParser.java:1104)
	at com.microstar.xml.XmlParser.parseElement(XmlParser.java:924)
	at com.microstar.xml.XmlParser.parseDocument(XmlParser.java:481)
	at com.microstar.xml.XmlParser.doParse(XmlParser.java:159)
	at com.microstar.xml.XmlParser.parse(XmlParser.java:132)
	at ptolemy.actor.ptalon.PtalonActor.configure(PtalonActor.java:240)
	at ptolemy.moml.MoMLParser.endElement(MoMLParser.java:996)
	at com.microstar.xml.XmlParser.parseETag(XmlParser.java:1026)
	at com.microstar.xml.XmlParser.parseContent(XmlParser.java:1098)
	at com.microstar.xml.XmlParser.parseElement(XmlParser.java:924)
	at com.microstar.xml.XmlParser.parseContent(XmlParser.java:1104)
	at com.microstar.xml.XmlParser.parseElement(XmlParser.java:924)
	at com.microstar.xml.XmlParser.parseContent(XmlParser.java:1104)
	at com.microstar.xml.XmlParser.parseElement(XmlParser.java:924)
	at com.microstar.xml.XmlParser.parseDocument(XmlParser.java:481)
	at com.microstar.xml.XmlParser.doParse(XmlParser.java:159)
	at com.microstar.xml.XmlParser.parse(XmlParser.java:132)
	at ptolemy.moml.MoMLParser.parse(MoMLParser.java:1676)
	at ptolemy.moml.MoMLParser.parse(MoMLParser.java:1595)
	at ptolemy.moml.MoMLParser.parse(MoMLParser.java:1537)
	at ptolemy.actor.gui.PtolemyEffigy$Factory.createEffigy(PtolemyEffigy.java:424)
	at ptolemy.actor.gui.EffigyFactory.createEffigy(EffigyFactory.java:234)
	at ptolemy.actor.gui.Configuration.openModel(Configuration.java:1125)
	at ptolemy.actor.gui.Configuration.openModel(Configuration.java:1051)
	at ptolemy.actor.gui.ConfigurationApplication._openModel(ConfigurationApplication.java:1252)
	at ptolemy.actor.gui.ConfigurationApplication._parseArg(ConfigurationApplication.java:1399)
	at ptolemy.actor.gui.ConfigurationApplication._parseArgs(ConfigurationApplication.java:1478)
	at ptolemy.actor.gui.ConfigurationApplication.<init>(ConfigurationApplication.java:277)
	at ptolemy.actor.gui.ConfigurationApplication.<init>(ConfigurationApplication.java:214)
	at ptolemy.actor.gui.ConfigurationApplication.<init>(ConfigurationApplication.java:201)
	at ptolemy.actor.gui.ConfigurationApplication.openModelOrEntity(ConfigurationApplication.java:680)
	at ptolemy.vergil.basic.export.ExportModel$1.run(ExportModel.java:220)
	at java.awt.event.InvocationEvent.dispatch(InvocationEvent.java:301)
	at java.awt.EventQueue.dispatchEventImpl(EventQueue.java:756)
	at java.awt.EventQueue.access$500(EventQueue.java:97)
	at java.awt.EventQueue$3.run(EventQueue.java:709)
	at java.awt.EventQueue$3.run(EventQueue.java:703)
	at java.security.AccessController.doPrivileged(Native Method)
	at java.security.ProtectionDomain$JavaSecurityAccessImpl.doIntersectionPrivilege(ProtectionDomain.java:80)
	at java.awt.EventQueue.dispatchEvent(EventQueue.java:726)
	at java.awt.EventDispatchThread.pumpOneEventForFilters(EventDispatchThread.java:201)
	at java.awt.EventDispatchThread.pumpEventsForFilter(EventDispatchThread.java:116)
	at java.awt.EventDispatchThread.pumpEventsForHierarchy(EventDispatchThread.java:105)
	at java.awt.EventDispatchThread.pumpEvents(EventDispatchThread.java:101)
	at java.awt.EventDispatchThread.pumpEvents(EventDispatchThread.java:93)
	at java.awt.EventDispatchThread.run(EventDispatchThread.java:82)
Caused by: ptolemy.kernel.util.InternalErrorException: Element <entity name="node1" class="ptolemy.actor.ptalon.demo.ptinyos.SenseToLeds.MicaBoard"> caused an exception to be thrown.
  in .SenseToLeds.SenseToLeds
Because:
Cannot find class: ptolemy.actor.ptalon.demo.ptinyos.SenseToLeds.MicaBoard. In Ptolemy, classes are typically Java .class files. Entities like actors may instead be defined within a .xml file.  In any case, the class was not found. If the class uses a third party package, then the class would be present only if the third party package was found at compile time.  It may be necessary to upgrade Java or install the third party package, reconfigure and recompile.
Because:
Element <entity name="MicaLeds" class="ptolemy.domains.ptinyos.lib.MicaLeds"> caused an exception to be thrown.
  in .MicaBoard
Because:
Cannot find class: ptolemy.domains.ptinyos.lib.MicaLeds. In Ptolemy, classes are typically Java .class files. Entities like actors may instead be defined within a .xml file.  In any case, the class was not found. If the class uses a third party package, then the class would be present only if the third party package was found at compile time.  It may be necessary to upgrade Java or install the third party package, reconfigure and recompile.
Because:
-- /home/travis/build/icyphy/ptII/ptolemy/actor/ptalon/demo/ptinyos/SenseToLeds/ptolemy/domains/ptinyos/lib/MicaLeds.xml (No such file or directory)
-- XML file not found relative to classpath.
-- /home/travis/build/icyphy/ptII/ptolemy/vergil/basic/export/test/ptolemy/domains/ptinyos/lib/MicaLeds.xml
/home/travis/build/icyphy/ptII/ptolemy/vergil/basic/export/test/ptolemy/domains/ptinyos/lib/MicaLeds.xml (No such file or directory)
 in file:/home/travis/build/icyphy/ptII/ptolemy/actor/ptalon/demo/ptinyos/SenseToLeds/MicaBoard.xml at line 134 and column 63
	at ptolemy.moml.SimpleErrorHandler.handleError(SimpleErrorHandler.java:75)
	at ptolemy.moml.MoMLParser.startElement(MoMLParser.java:3805)
	at com.microstar.xml.XmlParser.parseElement(XmlParser.java:931)
	at com.microstar.xml.XmlParser.parseDocument(XmlParser.java:481)
	at com.microstar.xml.XmlParser.doParse(XmlParser.java:159)
	at com.microstar.xml.XmlParser.parse(XmlParser.java:132)
	at ptolemy.moml.MoMLParser.parse(MoMLParser.java:1660)
	at ptolemy.moml.MoMLParser.parse(MoMLParser.java:1617)
	at ptolemy.moml.MoMLParser.parse(MoMLParser.java:1792)
	at ptolemy.actor.ptalon.PtalonEvaluator.addActor(PtalonEvaluator.java:241)
	... 56 more
Caused by: ptolemy.kernel.util.IllegalActionException: Cannot find class: ptolemy.actor.ptalon.demo.ptinyos.SenseToLeds.MicaBoard. In Ptolemy, classes are typically Java .class files. Entities like actors may instead be defined within a .xml file.  In any case, the class was not found. If the class uses a third party package, then the class would be present only if the third party package was found at compile time.  It may be necessary to upgrade Java or install the third party package, reconfigure and recompile.
Because:
Element <entity name="MicaLeds" class="ptolemy.domains.ptinyos.lib.MicaLeds"> caused an exception to be thrown.
  in .MicaBoard
Because:
Cannot find class: ptolemy.domains.ptinyos.lib.MicaLeds. In Ptolemy, classes are typically Java .class files. Entities like actors may instead be defined within a .xml file.  In any case, the class was not found. If the class uses a third party package, then the class would be present only if the third party package was found at compile time.  It may be necessary to upgrade Java or install the third party package, reconfigure and recompile.
Because:
-- /home/travis/build/icyphy/ptII/ptolemy/actor/ptalon/demo/ptinyos/SenseToLeds/ptolemy/domains/ptinyos/lib/MicaLeds.xml (No such file or directory)
-- XML file not found relative to classpath.
-- /home/travis/build/icyphy/ptII/ptolemy/vergil/basic/export/test/ptolemy/domains/ptinyos/lib/MicaLeds.xml
/home/travis/build/icyphy/ptII/ptolemy/vergil/basic/export/test/ptolemy/domains/ptinyos/lib/MicaLeds.xml (No such file or directory)
 in file:/home/travis/build/icyphy/ptII/ptolemy/actor/ptalon/demo/ptinyos/SenseToLeds/MicaBoard.xml at line 134 and column 63
	at ptolemy.moml.MoMLParser._createEntity(MoMLParser.java:4330)
	at ptolemy.moml.MoMLParser.startElement(MoMLParser.java:2864)
	... 64 more
Caused by: ptolemy.kernel.util.InternalErrorException: Element <entity name="MicaLeds" class="ptolemy.domains.ptinyos.lib.MicaLeds"> caused an exception to be thrown.
  in .MicaBoard
Because:
Cannot find class: ptolemy.domains.ptinyos.lib.MicaLeds. In Ptolemy, classes are typically Java .class files. Entities like actors may instead be defined within a .xml file.  In any case, the class was not found. If the class uses a third party package, then the class would be present only if the third party package was found at compile time.  It may be necessary to upgrade Java or install the third party package, reconfigure and recompile.
Because:
-- /home/travis/build/icyphy/ptII/ptolemy/actor/ptalon/demo/ptinyos/SenseToLeds/ptolemy/domains/ptinyos/lib/MicaLeds.xml (No such file or directory)
-- XML file not found relative to classpath.
-- /home/travis/build/icyphy/ptII/ptolemy/vergil/basic/export/test/ptolemy/domains/ptinyos/lib/MicaLeds.xml
/home/travis/build/icyphy/ptII/ptolemy/vergil/basic/export/test/ptolemy/domains/ptinyos/lib/MicaLeds.xml (No such file or directory)
 in file:/home/travis/build/icyphy/ptII/ptolemy/actor/ptalon/demo/ptinyos/SenseToLeds/MicaBoard.xml at line 134 and column 63
	at ptolemy.moml.SimpleErrorHandler.handleError(SimpleErrorHandler.java:75)
	at ptolemy.moml.MoMLParser.startElement(MoMLParser.java:3805)
	at com.microstar.xml.XmlParser.parseElement(XmlParser.java:921)
	at com.microstar.xml.XmlParser.parseContent(XmlParser.java:1104)
	at com.microstar.xml.XmlParser.parseElement(XmlParser.java:924)
	at com.microstar.xml.XmlParser.parseDocument(XmlParser.java:481)
	at com.microstar.xml.XmlParser.doParse(XmlParser.java:159)
	at com.microstar.xml.XmlParser.parse(XmlParser.java:132)
	at ptolemy.moml.MoMLParser.parse(MoMLParser.java:1676)
	at ptolemy.moml.MoMLParser.parse(MoMLParser.java:1595)
	at ptolemy.moml.MoMLParser.parse(MoMLParser.java:1537)
	at ptolemy.moml.MoMLParser._findOrParse(MoMLParser.java:5286)
	at ptolemy.moml.MoMLParser._attemptToFindMoMLClass(MoMLParser.java:4075)
	at ptolemy.moml.MoMLParser._createEntity(MoMLParser.java:4323)
	... 65 more
Caused by: ptolemy.kernel.util.IllegalActionException: Cannot find class: ptolemy.domains.ptinyos.lib.MicaLeds. In Ptolemy, classes are typically Java .class files. Entities like actors may instead be defined within a .xml file.  In any case, the class was not found. If the class uses a third party package, then the class would be present only if the third party package was found at compile time.  It may be necessary to upgrade Java or install the third party package, reconfigure and recompile.
Because:
-- /home/travis/build/icyphy/ptII/ptolemy/actor/ptalon/demo/ptinyos/SenseToLeds/ptolemy/domains/ptinyos/lib/MicaLeds.xml (No such file or directory)
-- XML file not found relative to classpath.
-- /home/travis/build/icyphy/ptII/ptolemy/vergil/basic/export/test/ptolemy/domains/ptinyos/lib/MicaLeds.xml
/home/travis/build/icyphy/ptII/ptolemy/vergil/basic/export/test/ptolemy/domains/ptinyos/lib/MicaLeds.xml (No such file or directory)
 in file:/home/travis/build/icyphy/ptII/ptolemy/actor/ptalon/demo/ptinyos/SenseToLeds/MicaBoard.xml at line 134 and column 63
	at ptolemy.moml.MoMLParser._createEntity(MoMLParser.java:4330)
	at ptolemy.moml.MoMLParser.startElement(MoMLParser.java:2864)
	... 77 more
Caused by: com.microstar.xml.XmlException: -- /home/travis/build/icyphy/ptII/ptolemy/actor/ptalon/demo/ptinyos/SenseToLeds/ptolemy/domains/ptinyos/lib/MicaLeds.xml (No such file or directory)
-- XML file not found relative to classpath.
-- /home/travis/build/icyphy/ptII/ptolemy/vergil/basic/export/test/ptolemy/domains/ptinyos/lib/MicaLeds.xml
/home/travis/build/icyphy/ptII/ptolemy/vergil/basic/export/test/ptolemy/domains/ptinyos/lib/MicaLeds.xml (No such file or directory)
 in file:/home/travis/build/icyphy/ptII/ptolemy/actor/ptalon/demo/ptinyos/SenseToLeds/MicaBoard.xml at line 134 and column 63
	at ptolemy.moml.MoMLParser.fileNameToURL(MoMLParser.java:1414)
	at ptolemy.moml.MoMLParser._findOrParse(MoMLParser.java:5283)
	at ptolemy.moml.MoMLParser._attemptToFindMoMLClass(MoMLParser.java:4075)
	at ptolemy.moml.MoMLParser._createEntity(MoMLParser.java:4323)
	... 78 more
Failed to read file:/home/travis/build/icyphy/ptII/ptolemy/actor/ptalon/demo/ptinyos/SenseToLeds/SenseToLeds.xml
ptolemy.kernel.util.IllegalActionException: Failed to process attribute change to PtalonParameter, whose value is "ptolemy.actor.ptalon.PtalonExpressionParameter {.SenseToLeds.SenseToLeds.n} 2".
  in .SenseToLeds.SenseToLeds
Because:
Unable to add actor null
	at ptolemy.actor.ptalon.PtalonActor.attributeChanged(PtalonActor.java:211)
	at ptolemy.actor.ptalon.PtalonMLHandler.startElement(PtalonMLHandler.java:134)
	at com.microstar.xml.XmlParser.parseElement(XmlParser.java:921)
	at com.microstar.xml.XmlParser.parseContent(XmlParser.java:1104)
	at com.microstar.xml.XmlParser.parseElement(XmlParser.java:924)
	at com.microstar.xml.XmlParser.parseDocument(XmlParser.java:481)
	at com.microstar.xml.XmlParser.doParse(XmlParser.java:159)
	at com.microstar.xml.XmlParser.parse(XmlParser.java:132)
	at ptolemy.actor.ptalon.PtalonActor.configure(PtalonActor.java:240)
	at ptolemy.moml.MoMLParser.endElement(MoMLParser.java:996)
	at com.microstar.xml.XmlParser.parseETag(XmlParser.java:1026)
	at com.microstar.xml.XmlParser.parseContent(XmlParser.java:1098)
	at com.microstar.xml.XmlParser.parseElement(XmlParser.java:924)
	at com.microstar.xml.XmlParser.parseContent(XmlParser.java:1104)
	at com.microstar.xml.XmlParser.parseElement(XmlParser.java:924)
	at com.microstar.xml.XmlParser.parseContent(XmlParser.java:1104)
	at com.microstar.xml.XmlParser.parseElement(XmlParser.java:924)
	at com.microstar.xml.XmlParser.parseDocument(XmlParser.java:481)
	at com.microstar.xml.XmlParser.doParse(XmlParser.java:159)
	at com.microstar.xml.XmlParser.parse(XmlParser.java:132)
	at ptolemy.moml.MoMLParser.parse(MoMLParser.java:1676)
	at ptolemy.moml.MoMLParser.parse(MoMLParser.java:1595)
	at ptolemy.moml.MoMLParser.parse(MoMLParser.java:1537)
	at ptolemy.actor.gui.PtolemyEffigy$Factory.createEffigy(PtolemyEffigy.java:424)
	at ptolemy.actor.gui.EffigyFactory.createEffigy(EffigyFactory.java:234)
	at ptolemy.actor.gui.Configuration.openModel(Configuration.java:1125)
	at ptolemy.actor.gui.Configuration.openModel(Configuration.java:1051)
	at ptolemy.actor.gui.ConfigurationApplication._openModel(ConfigurationApplication.java:1252)
	at ptolemy.actor.gui.ConfigurationApplication._parseArg(ConfigurationApplication.java:1399)
	at ptolemy.actor.gui.ConfigurationApplication._parseArgs(ConfigurationApplication.java:1478)
	at ptolemy.actor.gui.ConfigurationApplication.<init>(ConfigurationApplication.java:277)
	at ptolemy.actor.gui.ConfigurationApplication.<init>(ConfigurationApplication.java:214)
	at ptolemy.actor.gui.ConfigurationApplication.<init>(ConfigurationApplication.java:201)
	at ptolemy.actor.gui.ConfigurationApplication.openModelOrEntity(ConfigurationApplication.java:680)
	at ptolemy.vergil.basic.export.ExportModel$1.run(ExportModel.java:220)
	at java.awt.event.InvocationEvent.dispatch(InvocationEvent.java:301)
	at java.awt.EventQueue.dispatchEventImpl(EventQueue.java:756)
	at java.awt.EventQueue.access$500(EventQueue.java:97)
	at java.awt.EventQueue$3.run(EventQueue.java:709)
	at java.awt.EventQueue$3.run(EventQueue.java:703)
	at java.security.AccessController.doPrivileged(Native Method)
	at java.security.ProtectionDomain$JavaSecurityAccessImpl.doIntersectionPrivilege(ProtectionDomain.java:80)
	at java.awt.EventQueue.dispatchEvent(EventQueue.java:726)
	at java.awt.EventDispatchThread.pumpOneEventForFilters(EventDispatchThread.java:201)
	at java.awt.EventDispatchThread.pumpEventsForFilter(EventDispatchThread.java:116)
	at java.awt.EventDispatchThread.pumpEventsForHierarchy(EventDispatchThread.java:105)
	at java.awt.EventDispatchThread.pumpEvents(EventDispatchThread.java:101)
	at java.awt.EventDispatchThread.pumpEvents(EventDispatchThread.java:93)
	at java.awt.EventDispatchThread.run(EventDispatchThread.java:82)
Caused by: ptolemy.actor.ptalon.PtalonRuntimeException: Unable to add actor null
	at ptolemy.actor.ptalon.PtalonEvaluator.addActor(PtalonEvaluator.java:300)
	at ptolemy.actor.ptalon.PtalonPopulator.actor_declaration(PtalonPopulator.java:1574)
	at ptolemy.actor.ptalon.PtalonPopulator.atomic_statement(PtalonPopulator.java:1638)
	at ptolemy.actor.ptalon.PtalonPopulator.iterative_statement_evaluator(PtalonPopulator.java:2484)
	at ptolemy.actor.ptalon.AbstractPtalonEvaluator$IfTree.evaluateForScope(AbstractPtalonEvaluator.java:1307)
	at ptolemy.actor.ptalon.AbstractPtalonEvaluator.evaluateForScope(AbstractPtalonEvaluator.java:744)
	at ptolemy.actor.ptalon.PtalonPopulator.iterative_statement(PtalonPopulator.java:2363)
	at ptolemy.actor.ptalon.PtalonPopulator.actor_definition(PtalonPopulator.java:2809)
	at ptolemy.actor.ptalon.PtalonActor.attributeChanged(PtalonActor.java:206)
	... 48 more
Caused by: ptolemy.kernel.util.InternalErrorException: Element <entity name="node1" class="ptolemy.actor.ptalon.demo.ptinyos.SenseToLeds.MicaBoard"> caused an exception to be thrown.
  in .SenseToLeds.SenseToLeds
Because:
Cannot find class: ptolemy.actor.ptalon.demo.ptinyos.SenseToLeds.MicaBoard. In Ptolemy, classes are typically Java .class files. Entities like actors may instead be defined within a .xml file.  In any case, the class was not found. If the class uses a third party package, then the class would be present only if the third party package was found at compile time.  It may be necessary to upgrade Java or install the third party package, reconfigure and recompile.
Because:
Element <entity name="MicaLeds" class="ptolemy.domains.ptinyos.lib.MicaLeds"> caused an exception to be thrown.
  in .MicaBoard
Because:
Cannot find class: ptolemy.domains.ptinyos.lib.MicaLeds. In Ptolemy, classes are typically Java .class files. Entities like actors may instead be defined within a .xml file.  In any case, the class was not found. If the class uses a third party package, then the class would be present only if the third party package was found at compile time.  It may be necessary to upgrade Java or install the third party package, reconfigure and recompile.
Because:
-- /home/travis/build/icyphy/ptII/ptolemy/actor/ptalon/demo/ptinyos/SenseToLeds/ptolemy/domains/ptinyos/lib/MicaLeds.xml (No such file or directory)
-- XML file not found relative to classpath.
-- /home/travis/build/icyphy/ptII/ptolemy/vergil/basic/export/test/ptolemy/domains/ptinyos/lib/MicaLeds.xml
/home/travis/build/icyphy/ptII/ptolemy/vergil/basic/export/test/ptolemy/domains/ptinyos/lib/MicaLeds.xml (No such file or directory)
 in file:/home/travis/build/icyphy/ptII/ptolemy/actor/ptalon/demo/ptinyos/SenseToLeds/MicaBoard.xml at line 134 and column 63
	at ptolemy.moml.SimpleErrorHandler.handleError(SimpleErrorHandler.java:75)
	at ptolemy.moml.MoMLParser.startElement(MoMLParser.java:3805)
	at com.microstar.xml.XmlParser.parseElement(XmlParser.java:931)
	at com.microstar.xml.XmlParser.parseDocument(XmlParser.java:481)
	at com.microstar.xml.XmlParser.doParse(XmlParser.java:159)
	at com.microstar.xml.XmlParser.parse(XmlParser.java:132)
	at ptolemy.moml.MoMLParser.parse(MoMLParser.java:1660)
	at ptolemy.moml.MoMLParser.parse(MoMLParser.java:1617)
	at ptolemy.moml.MoMLParser.parse(MoMLParser.java:1792)
	at ptolemy.actor.ptalon.PtalonEvaluator.addActor(PtalonEvaluator.java:241)
	... 56 more
Caused by: ptolemy.kernel.util.IllegalActionException: Cannot find class: ptolemy.actor.ptalon.demo.ptinyos.SenseToLeds.MicaBoard. In Ptolemy, classes are typically Java .class files. Entities like actors may instead be defined within a .xml file.  In any case, the class was not found. If the class uses a third party package, then the class would be present only if the third party package was found at compile time.  It may be necessary to upgrade Java or install the third party package, reconfigure and recompile.
Because:
Element <entity name="MicaLeds" class="ptolemy.domains.ptinyos.lib.MicaLeds"> caused an exception to be thrown.
  in .MicaBoard
Because:
Cannot find class: ptolemy.domains.ptinyos.lib.MicaLeds. In Ptolemy, classes are typically Java .class files. Entities like actors may instead be defined within a .xml file.  In any case, the class was not found. If the class uses a third party package, then the class would be present only if the third party package was found at compile time.  It may be necessary to upgrade Java or install the third party package, reconfigure and recompile.
Because:
-- /home/travis/build/icyphy/ptII/ptolemy/actor/ptalon/demo/ptinyos/SenseToLeds/ptolemy/domains/ptinyos/lib/MicaLeds.xml (No such file or directory)
-- XML file not found relative to classpath.
-- /home/travis/build/icyphy/ptII/ptolemy/vergil/basic/export/test/ptolemy/domains/ptinyos/lib/MicaLeds.xml
/home/travis/build/icyphy/ptII/ptolemy/vergil/basic/export/test/ptolemy/domains/ptinyos/lib/MicaLeds.xml (No such file or directory)
 in file:/home/travis/build/icyphy/ptII/ptolemy/actor/ptalon/demo/ptinyos/SenseToLeds/MicaBoard.xml at line 134 and column 63
	at ptolemy.moml.MoMLParser._createEntity(MoMLParser.java:4330)
	at ptolemy.moml.MoMLParser.startElement(MoMLParser.java:2864)
	... 64 more
Caused by: ptolemy.kernel.util.InternalErrorException: Element <entity name="MicaLeds" class="ptolemy.domains.ptinyos.lib.MicaLeds"> caused an exception to be thrown.
  in .MicaBoard
Because:
Cannot find class: ptolemy.domains.ptinyos.lib.MicaLeds. In Ptolemy, classes are typically Java .class files. Entities like actors may instead be defined within a .xml file.  In any case, the class was not found. If the class uses a third party package, then the class would be present only if the third party package was found at compile time.  It may be necessary to upgrade Java or install the third party package, reconfigure and recompile.
Because:
-- /home/travis/build/icyphy/ptII/ptolemy/actor/ptalon/demo/ptinyos/SenseToLeds/ptolemy/domains/ptinyos/lib/MicaLeds.xml (No such file or directory)
-- XML file not found relative to classpath.
-- /home/travis/build/icyphy/ptII/ptolemy/vergil/basic/export/test/ptolemy/domains/ptinyos/lib/MicaLeds.xml
/home/travis/build/icyphy/ptII/ptolemy/vergil/basic/export/test/ptolemy/domains/ptinyos/lib/MicaLeds.xml (No such file or directory)
 in file:/home/travis/build/icyphy/ptII/ptolemy/actor/ptalon/demo/ptinyos/SenseToLeds/MicaBoard.xml at line 134 and column 63
	at ptolemy.moml.SimpleErrorHandler.handleError(SimpleErrorHandler.java:75)
	at ptolemy.moml.MoMLParser.startElement(MoMLParser.java:3805)
	at com.microstar.xml.XmlParser.parseElement(XmlParser.java:921)
	at com.microstar.xml.XmlParser.parseContent(XmlParser.java:1104)
	at com.microstar.xml.XmlParser.parseElement(XmlParser.java:924)
	at com.microstar.xml.XmlParser.parseDocument(XmlParser.java:481)
	at com.microstar.xml.XmlParser.doParse(XmlParser.java:159)
	at com.microstar.xml.XmlParser.parse(XmlParser.java:132)
	at ptolemy.moml.MoMLParser.parse(MoMLParser.java:1676)
	at ptolemy.moml.MoMLParser.parse(MoMLParser.java:1595)
	at ptolemy.moml.MoMLParser.parse(MoMLParser.java:1537)
	at ptolemy.moml.MoMLParser._findOrParse(MoMLParser.java:5286)
	at ptolemy.moml.MoMLParser._attemptToFindMoMLClass(MoMLParser.java:4075)
	at ptolemy.moml.MoMLParser._createEntity(MoMLParser.java:4323)
	... 65 more
Caused by: ptolemy.kernel.util.IllegalActionException: Cannot find class: ptolemy.domains.ptinyos.lib.MicaLeds. In Ptolemy, classes are typically Java .class files. Entities like actors may instead be defined within a .xml file.  In any case, the class was not found. If the class uses a third party package, then the class would be present only if the third party package was found at compile time.  It may be necessary to upgrade Java or install the third party package, reconfigure and recompile.
Because:
-- /home/travis/build/icyphy/ptII/ptolemy/actor/ptalon/demo/ptinyos/SenseToLeds/ptolemy/domains/ptinyos/lib/MicaLeds.xml (No such file or directory)
-- XML file not found relative to classpath.
-- /home/travis/build/icyphy/ptII/ptolemy/vergil/basic/export/test/ptolemy/domains/ptinyos/lib/MicaLeds.xml
/home/travis/build/icyphy/ptII/ptolemy/vergil/basic/export/test/ptolemy/domains/ptinyos/lib/MicaLeds.xml (No such file or directory)
 in file:/home/travis/build/icyphy/ptII/ptolemy/actor/ptalon/demo/ptinyos/SenseToLeds/MicaBoard.xml at line 134 and column 63
	at ptolemy.moml.MoMLParser._createEntity(MoMLParser.java:4330)
	at ptolemy.moml.MoMLParser.startElement(MoMLParser.java:2864)
	... 77 more
Caused by: com.microstar.xml.XmlException: -- /home/travis/build/icyphy/ptII/ptolemy/actor/ptalon/demo/ptinyos/SenseToLeds/ptolemy/domains/ptinyos/lib/MicaLeds.xml (No such file or directory)
-- XML file not found relative to classpath.
-- /home/travis/build/icyphy/ptII/ptolemy/vergil/basic/export/test/ptolemy/domains/ptinyos/lib/MicaLeds.xml
/home/travis/build/icyphy/ptII/ptolemy/vergil/basic/export/test/ptolemy/domains/ptinyos/lib/MicaLeds.xml (No such file or directory)
 in file:/home/travis/build/icyphy/ptII/ptolemy/actor/ptalon/demo/ptinyos/SenseToLeds/MicaBoard.xml at line 134 and column 63
	at ptolemy.moml.MoMLParser.fileNameToURL(MoMLParser.java:1414)
	at ptolemy.moml.MoMLParser._findOrParse(MoMLParser.java:5283)
	at ptolemy.moml.MoMLParser._attemptToFindMoMLClass(MoMLParser.java:4075)
	at ptolemy.moml.MoMLParser._createEntity(MoMLParser.java:4323)
	... 78 more
Caused by: ptolemy.actor.ptalon.PtalonRuntimeException: Unable to add actor null
	at ptolemy.actor.ptalon.PtalonEvaluator.addActor(PtalonEvaluator.java:300)
	at ptolemy.actor.ptalon.PtalonPopulator.actor_declaration(PtalonPopulator.java:1574)
	at ptolemy.actor.ptalon.PtalonPopulator.atomic_statement(PtalonPopulator.java:1638)
	at ptolemy.actor.ptalon.PtalonPopulator.iterative_statement_evaluator(PtalonPopulator.java:2484)
	at ptolemy.actor.ptalon.AbstractPtalonEvaluator$IfTree.evaluateForScope(AbstractPtalonEvaluator.java:1307)
	at ptolemy.actor.ptalon.AbstractPtalonEvaluator.evaluateForScope(AbstractPtalonEvaluator.java:744)
	at ptolemy.actor.ptalon.PtalonPopulator.iterative_statement(PtalonPopulator.java:2363)
	at ptolemy.actor.ptalon.PtalonPopulator.actor_definition(PtalonPopulator.java:2809)
	at ptolemy.actor.ptalon.PtalonActor.attributeChanged(PtalonActor.java:206)
	at ptolemy.actor.ptalon.PtalonMLHandler.startElement(PtalonMLHandler.java:134)
	at com.microstar.xml.XmlParser.parseElement(XmlParser.java:921)
	at com.microstar.xml.XmlParser.parseContent(XmlParser.java:1104)
	at com.microstar.xml.XmlParser.parseElement(XmlParser.java:924)
	at com.microstar.xml.XmlParser.parseDocument(XmlParser.java:481)
	at com.microstar.xml.XmlParser.doParse(XmlParser.java:159)
	at com.microstar.xml.XmlParser.parse(XmlParser.java:132)
	at ptolemy.actor.ptalon.PtalonActor.configure(PtalonActor.java:240)
	at ptolemy.moml.MoMLParser.endElement(MoMLParser.java:996)
	at com.microstar.xml.XmlParser.parseETag(XmlParser.java:1026)
	at com.microstar.xml.XmlParser.parseContent(XmlParser.java:1098)
	at com.microstar.xml.XmlParser.parseElement(XmlParser.java:924)
	at com.microstar.xml.XmlParser.parseContent(XmlParser.java:1104)
	at com.microstar.xml.XmlParser.parseElement(XmlParser.java:924)
	at com.microstar.xml.XmlParser.parseContent(XmlParser.java:1104)
	at com.microstar.xml.XmlParser.parseElement(XmlParser.java:924)
	at com.microstar.xml.XmlParser.parseDocument(XmlParser.java:481)
	at com.microstar.xml.XmlParser.doParse(XmlParser.java:159)
	at com.microstar.xml.XmlParser.parse(XmlParser.java:132)
	at ptolemy.moml.MoMLParser.parse(MoMLParser.java:1676)
	at ptolemy.moml.MoMLParser.parse(MoMLParser.java:1595)
	at ptolemy.moml.MoMLParser.parse(MoMLParser.java:1537)
	at ptolemy.actor.gui.PtolemyEffigy$Factory.createEffigy(PtolemyEffigy.java:424)
	at ptolemy.actor.gui.EffigyFactory.createEffigy(EffigyFactory.java:234)
	at ptolemy.actor.gui.Configuration.openModel(Configuration.java:1125)
	at ptolemy.actor.gui.Configuration.openModel(Configuration.java:1051)
	at ptolemy.actor.gui.ConfigurationApplication._openModel(ConfigurationApplication.java:1252)
	at ptolemy.actor.gui.ConfigurationApplication._parseArg(ConfigurationApplication.java:1399)
	at ptolemy.actor.gui.ConfigurationApplication._parseArgs(ConfigurationApplication.java:1478)
	at ptolemy.actor.gui.ConfigurationApplication.<init>(ConfigurationApplication.java:277)
	at ptolemy.actor.gui.ConfigurationApplication.<init>(ConfigurationApplication.java:214)
	at ptolemy.actor.gui.ConfigurationApplication.<init>(ConfigurationApplication.java:201)
	at ptolemy.actor.gui.ConfigurationApplication.openModelOrEntity(ConfigurationApplication.java:680)
	at ptolemy.vergil.basic.export.ExportModel$1.run(ExportModel.java:220)
	at java.awt.event.InvocationEvent.dispatch(InvocationEvent.java:301)
	at java.awt.EventQueue.dispatchEventImpl(EventQueue.java:756)
	at java.awt.EventQueue.access$500(EventQueue.java:97)
	at java.awt.EventQueue$3.run(EventQueue.java:709)
	at java.awt.EventQueue$3.run(EventQueue.java:703)
	at java.security.AccessController.doPrivileged(Native Method)
	at java.security.ProtectionDomain$JavaSecurityAccessImpl.doIntersectionPrivilege(ProtectionDomain.java:80)
	at java.awt.EventQueue.dispatchEvent(EventQueue.java:726)
	at java.awt.EventDispatchThread.pumpOneEventForFilters(EventDispatchThread.java:201)
	at java.awt.EventDispatchThread.pumpEventsForFilter(EventDispatchThread.java:116)
	at java.awt.EventDispatchThread.pumpEventsForHierarchy(EventDispatchThread.java:105)
	at java.awt.EventDispatchThread.pumpEvents(EventDispatchThread.java:101)
	at java.awt.EventDispatchThread.pumpEvents(EventDispatchThread.java:93)
	at java.awt.EventDispatchThread.run(EventDispatchThread.java:82)
Caused by: ptolemy.kernel.util.InternalErrorException: Element <entity name="node1" class="ptolemy.actor.ptalon.demo.ptinyos.SenseToLeds.MicaBoard"> caused an exception to be thrown.
  in .SenseToLeds.SenseToLeds
Because:
Cannot find class: ptolemy.actor.ptalon.demo.ptinyos.SenseToLeds.MicaBoard. In Ptolemy, classes are typically Java .class files. Entities like actors may instead be defined within a .xml file.  In any case, the class was not found. If the class uses a third party package, then the class would be present only if the third party package was found at compile time.  It may be necessary to upgrade Java or install the third party package, reconfigure and recompile.
Because:
Element <entity name="MicaLeds" class="ptolemy.domains.ptinyos.lib.MicaLeds"> caused an exception to be thrown.
  in .MicaBoard
Because:
Cannot find class: ptolemy.domains.ptinyos.lib.MicaLeds. In Ptolemy, classes are typically Java .class files. Entities like actors may instead be defined within a .xml file.  In any case, the class was not found. If the class uses a third party package, then the class would be present only if the third party package was found at compile time.  It may be necessary to upgrade Java or install the third party package, reconfigure and recompile.
Because:
-- /home/travis/build/icyphy/ptII/ptolemy/actor/ptalon/demo/ptinyos/SenseToLeds/ptolemy/domains/ptinyos/lib/MicaLeds.xml (No such file or directory)
-- XML file not found relative to classpath.
-- /home/travis/build/icyphy/ptII/ptolemy/vergil/basic/export/test/ptolemy/domains/ptinyos/lib/MicaLeds.xml
/home/travis/build/icyphy/ptII/ptolemy/vergil/basic/export/test/ptolemy/domains/ptinyos/lib/MicaLeds.xml (No such file or directory)
 in file:/home/travis/build/icyphy/ptII/ptolemy/actor/ptalon/demo/ptinyos/SenseToLeds/MicaBoard.xml at line 134 and column 63
	at ptolemy.moml.SimpleErrorHandler.handleError(SimpleErrorHandler.java:75)
	at ptolemy.moml.MoMLParser.startElement(MoMLParser.java:3805)
	at com.microstar.xml.XmlParser.parseElement(XmlParser.java:931)
	at com.microstar.xml.XmlParser.parseDocument(XmlParser.java:481)
	at com.microstar.xml.XmlParser.doParse(XmlParser.java:159)
	at com.microstar.xml.XmlParser.parse(XmlParser.java:132)
	at ptolemy.moml.MoMLParser.parse(MoMLParser.java:1660)
	at ptolemy.moml.MoMLParser.parse(MoMLParser.java:1617)
	at ptolemy.moml.MoMLParser.parse(MoMLParser.java:1792)
	at ptolemy.actor.ptalon.PtalonEvaluator.addActor(PtalonEvaluator.java:241)
	... 56 more
Caused by: ptolemy.kernel.util.IllegalActionException: Cannot find class: ptolemy.actor.ptalon.demo.ptinyos.SenseToLeds.MicaBoard. In Ptolemy, classes are typically Java .class files. Entities like actors may instead be defined within a .xml file.  In any case, the class was not found. If the class uses a third party package, then the class would be present only if the third party package was found at compile time.  It may be necessary to upgrade Java or install the third party package, reconfigure and recompile.
Because:
Element <entity name="MicaLeds" class="ptolemy.domains.ptinyos.lib.MicaLeds"> caused an exception to be thrown.
  in .MicaBoard
Because:
Cannot find class: ptolemy.domains.ptinyos.lib.MicaLeds. In Ptolemy, classes are typically Java .class files. Entities like actors may instead be defined within a .xml file.  In any case, the class was not found. If the class uses a third party package, then the class would be present only if the third party package was found at compile time.  It may be necessary to upgrade Java or install the third party package, reconfigure and recompile.
Because:
-- /home/travis/build/icyphy/ptII/ptolemy/actor/ptalon/demo/ptinyos/SenseToLeds/ptolemy/domains/ptinyos/lib/MicaLeds.xml (No such file or directory)
-- XML file not found relative to classpath.
-- /home/travis/build/icyphy/ptII/ptolemy/vergil/basic/export/test/ptolemy/domains/ptinyos/lib/MicaLeds.xml
/home/travis/build/icyphy/ptII/ptolemy/vergil/basic/export/test/ptolemy/domains/ptinyos/lib/MicaLeds.xml (No such file or directory)
 in file:/home/travis/build/icyphy/ptII/ptolemy/actor/ptalon/demo/ptinyos/SenseToLeds/MicaBoard.xml at line 134 and column 63
	at ptolemy.moml.MoMLParser._createEntity(MoMLParser.java:4330)
	at ptolemy.moml.MoMLParser.startElement(MoMLParser.java:2864)
	... 64 more
Caused by: ptolemy.kernel.util.InternalErrorException: Element <entity name="MicaLeds" class="ptolemy.domains.ptinyos.lib.MicaLeds"> caused an exception to be thrown.
  in .MicaBoard
Because:
Cannot find class: ptolemy.domains.ptinyos.lib.MicaLeds. In Ptolemy, classes are typically Java .class files. Entities like actors may instead be defined within a .xml file.  In any case, the class was not found. If the class uses a third party package, then the class would be present only if the third party package was found at compile time.  It may be necessary to upgrade Java or install the third party package, reconfigure and recompile.
Because:
-- /home/travis/build/icyphy/ptII/ptolemy/actor/ptalon/demo/ptinyos/SenseToLeds/ptolemy/domains/ptinyos/lib/MicaLeds.xml (No such file or directory)
-- XML file not found relative to classpath.
-- /home/travis/build/icyphy/ptII/ptolemy/vergil/basic/export/test/ptolemy/domains/ptinyos/lib/MicaLeds.xml
/home/travis/build/icyphy/ptII/ptolemy/vergil/basic/export/test/ptolemy/domains/ptinyos/lib/MicaLeds.xml (No such file or directory)
 in file:/home/travis/build/icyphy/ptII/ptolemy/actor/ptalon/demo/ptinyos/SenseToLeds/MicaBoard.xml at line 134 and column 63
	at ptolemy.moml.SimpleErrorHandler.handleError(SimpleErrorHandler.java:75)
	at ptolemy.moml.MoMLParser.startElement(MoMLParser.java:3805)
	at com.microstar.xml.XmlParser.parseElement(XmlParser.java:921)
	at com.microstar.xml.XmlParser.parseContent(XmlParser.java:1104)
	at com.microstar.xml.XmlParser.parseElement(XmlParser.java:924)
	at com.microstar.xml.XmlParser.parseDocument(XmlParser.java:481)
	at com.microstar.xml.XmlParser.doParse(XmlParser.java:159)
	at com.microstar.xml.XmlParser.parse(XmlParser.java:132)
	at ptolemy.moml.MoMLParser.parse(MoMLParser.java:1676)
	at ptolemy.moml.MoMLParser.parse(MoMLParser.java:1595)
	at ptolemy.moml.MoMLParser.parse(MoMLParser.java:1537)
	at ptolemy.moml.MoMLParser._findOrParse(MoMLParser.java:5286)
	at ptolemy.moml.MoMLParser._attemptToFindMoMLClass(MoMLParser.java:4075)
	at ptolemy.moml.MoMLParser._createEntity(MoMLParser.java:4323)
	... 65 more
Caused by: ptolemy.kernel.util.IllegalActionException: Cannot find class: ptolemy.domains.ptinyos.lib.MicaLeds. In Ptolemy, classes are typically Java .class files. Entities like actors may instead be defined within a .xml file.  In any case, the class was not found. If the class uses a third party package, then the class would be present only if the third party package was found at compile time.  It may be necessary to upgrade Java or install the third party package, reconfigure and recompile.
Because:
-- /home/travis/build/icyphy/ptII/ptolemy/actor/ptalon/demo/ptinyos/SenseToLeds/ptolemy/domains/ptinyos/lib/MicaLeds.xml (No such file or directory)
-- XML file not found relative to classpath.
-- /home/travis/build/icyphy/ptII/ptolemy/vergil/basic/export/test/ptolemy/domains/ptinyos/lib/MicaLeds.xml
/home/travis/build/icyphy/ptII/ptolemy/vergil/basic/export/test/ptolemy/domains/ptinyos/lib/MicaLeds.xml (No such file or directory)
 in file:/home/travis/build/icyphy/ptII/ptolemy/actor/ptalon/demo/ptinyos/SenseToLeds/MicaBoard.xml at line 134 and column 63
	at ptolemy.moml.MoMLParser._createEntity(MoMLParser.java:4330)
	at ptolemy.moml.MoMLParser.startElement(MoMLParser.java:2864)
	... 77 more
Caused by: com.microstar.xml.XmlException: -- /home/travis/build/icyphy/ptII/ptolemy/actor/ptalon/demo/ptinyos/SenseToLeds/ptolemy/domains/ptinyos/lib/MicaLeds.xml (No such file or directory)
-- XML file not found relative to classpath.
-- /home/travis/build/icyphy/ptII/ptolemy/vergil/basic/export/test/ptolemy/domains/ptinyos/lib/MicaLeds.xml
/home/travis/build/icyphy/ptII/ptolemy/vergil/basic/export/test/ptolemy/domains/ptinyos/lib/MicaLeds.xml (No such file or directory)
 in file:/home/travis/build/icyphy/ptII/ptolemy/actor/ptalon/demo/ptinyos/SenseToLeds/MicaBoard.xml at line 134 and column 63
	at ptolemy.moml.MoMLParser.fileNameToURL(MoMLParser.java:1414)
	at ptolemy.moml.MoMLParser._findOrParse(MoMLParser.java:5283)
	at ptolemy.moml.MoMLParser._attemptToFindMoMLClass(MoMLParser.java:4075)
	at ptolemy.moml.MoMLParser._createEntity(MoMLParser.java:4323)
	... 78 more
Failed to read file:/home/travis/build/icyphy/ptII/ptolemy/actor/ptalon/demo/ptinyos/SenseToLeds/SenseToLeds.xml
ptolemy.kernel.util.IllegalActionException: Failed to process attribute change to PtalonParameter, whose value is "ptolemy.actor.ptalon.PtalonExpressionParameter {.SenseToLeds.SenseToLeds.n} 2".
  in .SenseToLeds.SenseToLeds
Because:
Unable to add actor null
	at ptolemy.actor.ptalon.PtalonActor.attributeChanged(PtalonActor.java:211)
	at ptolemy.actor.ptalon.PtalonMLHandler.startElement(PtalonMLHandler.java:134)
	at com.microstar.xml.XmlParser.parseElement(XmlParser.java:921)
	at com.microstar.xml.XmlParser.parseContent(XmlParser.java:1104)
	at com.microstar.xml.XmlParser.parseElement(XmlParser.java:924)
	at com.microstar.xml.XmlParser.parseDocument(XmlParser.java:481)
	at com.microstar.xml.XmlParser.doParse(XmlParser.java:159)
	at com.microstar.xml.XmlParser.parse(XmlParser.java:132)
	at ptolemy.actor.ptalon.PtalonActor.configure(PtalonActor.java:240)
	at ptolemy.moml.MoMLParser.endElement(MoMLParser.java:996)
	at com.microstar.xml.XmlParser.parseETag(XmlParser.java:1026)
	at com.microstar.xml.XmlParser.parseContent(XmlParser.java:1098)
	at com.microstar.xml.XmlParser.parseElement(XmlParser.java:924)
	at com.microstar.xml.XmlParser.parseContent(XmlParser.java:1104)
	at com.microstar.xml.XmlParser.parseElement(XmlParser.java:924)
	at com.microstar.xml.XmlParser.parseContent(XmlParser.java:1104)
	at com.microstar.xml.XmlParser.parseElement(XmlParser.java:924)
	at com.microstar.xml.XmlParser.parseDocument(XmlParser.java:481)
	at com.microstar.xml.XmlParser.doParse(XmlParser.java:159)
	at com.microstar.xml.XmlParser.parse(XmlParser.java:132)
	at ptolemy.moml.MoMLParser.parse(MoMLParser.java:1676)
	at ptolemy.moml.MoMLParser.parse(MoMLParser.java:1595)
	at ptolemy.moml.MoMLParser.parse(MoMLParser.java:1537)
	at ptolemy.actor.gui.PtolemyEffigy$Factory.createEffigy(PtolemyEffigy.java:424)
	at ptolemy.actor.gui.EffigyFactory.createEffigy(EffigyFactory.java:234)
	at ptolemy.actor.gui.Configuration.openModel(Configuration.java:1125)
	at ptolemy.actor.gui.Configuration.openModel(Configuration.java:1051)
	at ptolemy.actor.gui.ConfigurationApplication._openModel(ConfigurationApplication.java:1252)
	at ptolemy.actor.gui.ConfigurationApplication._parseArg(ConfigurationApplication.java:1399)
	at ptolemy.actor.gui.ConfigurationApplication._parseArgs(ConfigurationApplication.java:1478)
	at ptolemy.actor.gui.ConfigurationApplication.<init>(ConfigurationApplication.java:277)
	at ptolemy.actor.gui.ConfigurationApplication.<init>(ConfigurationApplication.java:214)
	at ptolemy.actor.gui.ConfigurationApplication.<init>(ConfigurationApplication.java:201)
	at ptolemy.actor.gui.ConfigurationApplication.openModelOrEntity(ConfigurationApplication.java:680)
	at ptolemy.vergil.basic.export.ExportModel$1.run(ExportModel.java:220)
	at java.awt.event.InvocationEvent.dispatch(InvocationEvent.java:301)
	at java.awt.EventQueue.dispatchEventImpl(EventQueue.java:756)
	at java.awt.EventQueue.access$500(EventQueue.java:97)
	at java.awt.EventQueue$3.run(EventQueue.java:709)
	at java.awt.EventQueue$3.run(EventQueue.java:703)
	at java.security.AccessController.doPrivileged(Native Method)
	at java.security.ProtectionDomain$JavaSecurityAccessImpl.doIntersectionPrivilege(ProtectionDomain.java:80)
	at java.awt.EventQueue.dispatchEvent(EventQueue.java:726)
	at java.awt.EventDispatchThread.pumpOneEventForFilters(EventDispatchThread.java:201)
	at java.awt.EventDispatchThread.pumpEventsForFilter(EventDispatchThread.java:116)
	at java.awt.EventDispatchThread.pumpEventsForHierarchy(EventDispatchThread.java:105)
	at java.awt.EventDispatchThread.pumpEvents(EventDispatchThread.java:101)
	at java.awt.EventDispatchThread.pumpEvents(EventDispatchThread.java:93)
	at java.awt.EventDispatchThread.run(EventDispatchThread.java:82)
Caused by: ptolemy.actor.ptalon.PtalonRuntimeException: Unable to add actor null
	at ptolemy.actor.ptalon.PtalonEvaluator.addActor(PtalonEvaluator.java:300)
	at ptolemy.actor.ptalon.PtalonPopulator.actor_declaration(PtalonPopulator.java:1574)
	at ptolemy.actor.ptalon.PtalonPopulator.atomic_statement(PtalonPopulator.java:1638)
	at ptolemy.actor.ptalon.PtalonPopulator.iterative_statement_evaluator(PtalonPopulator.java:2484)
	at ptolemy.actor.ptalon.AbstractPtalonEvaluator$IfTree.evaluateForScope(AbstractPtalonEvaluator.java:1307)
	at ptolemy.actor.ptalon.AbstractPtalonEvaluator.evaluateForScope(AbstractPtalonEvaluator.java:744)
	at ptolemy.actor.ptalon.PtalonPopulator.iterative_statement(PtalonPopulator.java:2363)
	at ptolemy.actor.ptalon.PtalonPopulator.actor_definition(PtalonPopulator.java:2809)
	at ptolemy.actor.ptalon.PtalonActor.attributeChanged(PtalonActor.java:206)
	... 48 more
Caused by: ptolemy.kernel.util.InternalErrorException: Element <entity name="node1" class="ptolemy.actor.ptalon.demo.ptinyos.SenseToLeds.MicaBoard"> caused an exception to be thrown.
  in .SenseToLeds.SenseToLeds
Because:
Cannot find class: ptolemy.actor.ptalon.demo.ptinyos.SenseToLeds.MicaBoard. In Ptolemy, classes are typically Java .class files. Entities like actors may instead be defined within a .xml file.  In any case, the class was not found. If the class uses a third party package, then the class would be present only if the third party package was found at compile time.  It may be necessary to upgrade Java or install the third party package, reconfigure and recompile.
Because:
Element <entity name="MicaLeds" class="ptolemy.domains.ptinyos.lib.MicaLeds"> caused an exception to be thrown.
  in .MicaBoard
Because:
Cannot find class: ptolemy.domains.ptinyos.lib.MicaLeds. In Ptolemy, classes are typically Java .class files. Entities like actors may instead be defined within a .xml file.  In any case, the class was not found. If the class uses a third party package, then the class would be present only if the third party package was found at compile time.  It may be necessary to upgrade Java or install the third party package, reconfigure and recompile.
Because:
-- /home/travis/build/icyphy/ptII/ptolemy/actor/ptalon/demo/ptinyos/SenseToLeds/ptolemy/domains/ptinyos/lib/MicaLeds.xml (No such file or directory)
-- XML file not found relative to classpath.
-- /home/travis/build/icyphy/ptII/ptolemy/vergil/basic/export/test/ptolemy/domains/ptinyos/lib/MicaLeds.xml
/home/travis/build/icyphy/ptII/ptolemy/vergil/basic/export/test/ptolemy/domains/ptinyos/lib/MicaLeds.xml (No such file or directory)
 in file:/home/travis/build/icyphy/ptII/ptolemy/actor/ptalon/demo/ptinyos/SenseToLeds/MicaBoard.xml at line 134 and column 63
	at ptolemy.moml.SimpleErrorHandler.handleError(SimpleErrorHandler.java:75)
	at ptolemy.moml.MoMLParser.startElement(MoMLParser.java:3805)
	at com.microstar.xml.XmlParser.parseElement(XmlParser.java:931)
	at com.microstar.xml.XmlParser.parseDocument(XmlParser.java:481)
	at com.microstar.xml.XmlParser.doParse(XmlParser.java:159)
	at com.microstar.xml.XmlParser.parse(XmlParser.java:132)
	at ptolemy.moml.MoMLParser.parse(MoMLParser.java:1660)
	at ptolemy.moml.MoMLParser.parse(MoMLParser.java:1617)
	at ptolemy.moml.MoMLParser.parse(MoMLParser.java:1792)
	at ptolemy.actor.ptalon.PtalonEvaluator.addActor(PtalonEvaluator.java:241)
	... 56 more
Caused by: ptolemy.kernel.util.IllegalActionException: Cannot find class: ptolemy.actor.ptalon.demo.ptinyos.SenseToLeds.MicaBoard. In Ptolemy, classes are typically Java .class files. Entities like actors may instead be defined within a .xml file.  In any case, the class was not found. If the class uses a third party package, then the class would be present only if the third party package was found at compile time.  It may be necessary to upgrade Java or install the third party package, reconfigure and recompile.
Because:
Element <entity name="MicaLeds" class="ptolemy.domains.ptinyos.lib.MicaLeds"> caused an exception to be thrown.
  in .MicaBoard
Because:
Cannot find class: ptolemy.domains.ptinyos.lib.MicaLeds. In Ptolemy, classes are typically Java .class files. Entities like actors may instead be defined within a .xml file.  In any case, the class was not found. If the class uses a third party package, then the class would be present only if the third party package was found at compile time.  It may be necessary to upgrade Java or install the third party package, reconfigure and recompile.
Because:
-- /home/travis/build/icyphy/ptII/ptolemy/actor/ptalon/demo/ptinyos/SenseToLeds/ptolemy/domains/ptinyos/lib/MicaLeds.xml (No such file or directory)
-- XML file not found relative to classpath.
-- /home/travis/build/icyphy/ptII/ptolemy/vergil/basic/export/test/ptolemy/domains/ptinyos/lib/MicaLeds.xml
/home/travis/build/icyphy/ptII/ptolemy/vergil/basic/export/test/ptolemy/domains/ptinyos/lib/MicaLeds.xml (No such file or directory)
 in file:/home/travis/build/icyphy/ptII/ptolemy/actor/ptalon/demo/ptinyos/SenseToLeds/MicaBoard.xml at line 134 and column 63
	at ptolemy.moml.MoMLParser._createEntity(MoMLParser.java:4330)
	at ptolemy.moml.MoMLParser.startElement(MoMLParser.java:2864)
	... 64 more
Caused by: ptolemy.kernel.util.InternalErrorException: Element <entity name="MicaLeds" class="ptolemy.domains.ptinyos.lib.MicaLeds"> caused an exception to be thrown.
  in .MicaBoard
Because:
Cannot find class: ptolemy.domains.ptinyos.lib.MicaLeds. In Ptolemy, classes are typically Java .class files. Entities like actors may instead be defined within a .xml file.  In any case, the class was not found. If the class uses a third party package, then the class would be present only if the third party package was found at compile time.  It may be necessary to upgrade Java or install the third party package, reconfigure and recompile.
Because:
-- /home/travis/build/icyphy/ptII/ptolemy/actor/ptalon/demo/ptinyos/SenseToLeds/ptolemy/domains/ptinyos/lib/MicaLeds.xml (No such file or directory)
-- XML file not found relative to classpath.
-- /home/travis/build/icyphy/ptII/ptolemy/vergil/basic/export/test/ptolemy/domains/ptinyos/lib/MicaLeds.xml
/home/travis/build/icyphy/ptII/ptolemy/vergil/basic/export/test/ptolemy/domains/ptinyos/lib/MicaLeds.xml (No such file or directory)
 in file:/home/travis/build/icyphy/ptII/ptolemy/actor/ptalon/demo/ptinyos/SenseToLeds/MicaBoard.xml at line 134 and column 63
	at ptolemy.moml.SimpleErrorHandler.handleError(SimpleErrorHandler.java:75)
	at ptolemy.moml.MoMLParser.startElement(MoMLParser.java:3805)
	at com.microstar.xml.XmlParser.parseElement(XmlParser.java:921)
	at com.microstar.xml.XmlParser.parseContent(XmlParser.java:1104)
	at com.microstar.xml.XmlParser.parseElement(XmlParser.java:924)
	at com.microstar.xml.XmlParser.parseDocument(XmlParser.java:481)
	at com.microstar.xml.XmlParser.doParse(XmlParser.java:159)
	at com.microstar.xml.XmlParser.parse(XmlParser.java:132)
	at ptolemy.moml.MoMLParser.parse(MoMLParser.java:1676)
	at ptolemy.moml.MoMLParser.parse(MoMLParser.java:1595)
	at ptolemy.moml.MoMLParser.parse(MoMLParser.java:1537)
	at ptolemy.moml.MoMLParser._findOrParse(MoMLParser.java:5286)
	at ptolemy.moml.MoMLParser._attemptToFindMoMLClass(MoMLParser.java:4075)
	at ptolemy.moml.MoMLParser._createEntity(MoMLParser.java:4323)
	... 65 more
Caused by: ptolemy.kernel.util.IllegalActionException: Cannot find class: ptolemy.domains.ptinyos.lib.MicaLeds. In Ptolemy, classes are typically Java .class files. Entities like actors may instead be defined within a .xml file.  In any case, the class was not found. If the class uses a third party package, then the class would be present only if the third party package was found at compile time.  It may be necessary to upgrade Java or install the third party package, reconfigure and recompile.
Because:
-- /home/travis/build/icyphy/ptII/ptolemy/actor/ptalon/demo/ptinyos/SenseToLeds/ptolemy/domains/ptinyos/lib/MicaLeds.xml (No such file or directory)
-- XML file not found relative to classpath.
-- /home/travis/build/icyphy/ptII/ptolemy/vergil/basic/export/test/ptolemy/domains/ptinyos/lib/MicaLeds.xml
/home/travis/build/icyphy/ptII/ptolemy/vergil/basic/export/test/ptolemy/domains/ptinyos/lib/MicaLeds.xml (No such file or directory)
 in file:/home/travis/build/icyphy/ptII/ptolemy/actor/ptalon/demo/ptinyos/SenseToLeds/MicaBoard.xml at line 134 and column 63
	at ptolemy.moml.MoMLParser._createEntity(MoMLParser.java:4330)
	at ptolemy.moml.MoMLParser.startElement(MoMLParser.java:2864)
	... 77 more
Caused by: com.microstar.xml.XmlException: -- /home/travis/build/icyphy/ptII/ptolemy/actor/ptalon/demo/ptinyos/SenseToLeds/ptolemy/domains/ptinyos/lib/MicaLeds.xml (No such file or directory)
-- XML file not found relative to classpath.
-- /home/travis/build/icyphy/ptII/ptolemy/vergil/basic/export/test/ptolemy/domains/ptinyos/lib/MicaLeds.xml
/home/travis/build/icyphy/ptII/ptolemy/vergil/basic/export/test/ptolemy/domains/ptinyos/lib/MicaLeds.xml (No such file or directory)
 in file:/home/travis/build/icyphy/ptII/ptolemy/actor/ptalon/demo/ptinyos/SenseToLeds/MicaBoard.xml at line 134 and column 63
	at ptolemy.moml.MoMLParser.fileNameToURL(MoMLParser.java:1414)
	at ptolemy.moml.MoMLParser._findOrParse(MoMLParser.java:5283)
	at ptolemy.moml.MoMLParser._attemptToFindMoMLClass(MoMLParser.java:4075)
	at ptolemy.moml.MoMLParser._createEntity(MoMLParser.java:4323)
	... 78 more
Caused by: ptolemy.actor.ptalon.PtalonRuntimeException: Unable to add actor null
	at ptolemy.actor.ptalon.PtalonEvaluator.addActor(PtalonEvaluator.java:300)
	at ptolemy.actor.ptalon.PtalonPopulator.actor_declaration(PtalonPopulator.java:1574)
	at ptolemy.actor.ptalon.PtalonPopulator.atomic_statement(PtalonPopulator.java:1638)
	at ptolemy.actor.ptalon.PtalonPopulator.iterative_statement_evaluator(PtalonPopulator.java:2484)
	at ptolemy.actor.ptalon.AbstractPtalonEvaluator$IfTree.evaluateForScope(AbstractPtalonEvaluator.java:1307)
	at ptolemy.actor.ptalon.AbstractPtalonEvaluator.evaluateForScope(AbstractPtalonEvaluator.java:744)
	at ptolemy.actor.ptalon.PtalonPopulator.iterative_statement(PtalonPopulator.java:2363)
	at ptolemy.actor.ptalon.PtalonPopulator.actor_definition(PtalonPopulator.java:2809)
	at ptolemy.actor.ptalon.PtalonActor.attributeChanged(PtalonActor.java:206)
	at ptolemy.actor.ptalon.PtalonMLHandler.startElement(PtalonMLHandler.java:134)
	at com.microstar.xml.XmlParser.parseElement(XmlParser.java:921)
	at com.microstar.xml.XmlParser.parseContent(XmlParser.java:1104)
	at com.microstar.xml.XmlParser.parseElement(XmlParser.java:924)
	at com.microstar.xml.XmlParser.parseDocument(XmlParser.java:481)
	at com.microstar.xml.XmlParser.doParse(XmlParser.java:159)
	at com.microstar.xml.XmlParser.parse(XmlParser.java:132)
	at ptolemy.actor.ptalon.PtalonActor.configure(PtalonActor.java:240)
	at ptolemy.moml.MoMLParser.endElement(MoMLParser.java:996)
	at com.microstar.xml.XmlParser.parseETag(XmlParser.java:1026)
	at com.microstar.xml.XmlParser.parseContent(XmlParser.java:1098)
	at com.microstar.xml.XmlParser.parseElement(XmlParser.java:924)
	at com.microstar.xml.XmlParser.parseContent(XmlParser.java:1104)
	at com.microstar.xml.XmlParser.parseElement(XmlParser.java:924)
	at com.microstar.xml.XmlParser.parseContent(XmlParser.java:1104)
	at com.microstar.xml.XmlParser.parseElement(XmlParser.java:924)
	at com.microstar.xml.XmlParser.parseDocument(XmlParser.java:481)
	at com.microstar.xml.XmlParser.doParse(XmlParser.java:159)
	at com.microstar.xml.XmlParser.parse(XmlParser.java:132)
	at ptolemy.moml.MoMLParser.parse(MoMLParser.java:1676)
	at ptolemy.moml.MoMLParser.parse(MoMLParser.java:1595)
	at ptolemy.moml.MoMLParser.parse(MoMLParser.java:1537)
	at ptolemy.actor.gui.PtolemyEffigy$Factory.createEffigy(PtolemyEffigy.java:424)
	at ptolemy.actor.gui.EffigyFactory.createEffigy(EffigyFactory.java:234)
	at ptolemy.actor.gui.Configuration.openModel(Configuration.java:1125)
	at ptolemy.actor.gui.Configuration.openModel(Configuration.java:1051)
	at ptolemy.actor.gui.ConfigurationApplication._openModel(ConfigurationApplication.java:1252)
	at ptolemy.actor.gui.ConfigurationApplication._parseArg(ConfigurationApplication.java:1399)
	at ptolemy.actor.gui.ConfigurationApplication._parseArgs(ConfigurationApplication.java:1478)
	at ptolemy.actor.gui.ConfigurationApplication.<init>(ConfigurationApplication.java:277)
	at ptolemy.actor.gui.ConfigurationApplication.<init>(ConfigurationApplication.java:214)
	at ptolemy.actor.gui.ConfigurationApplication.<init>(ConfigurationApplication.java:201)
	at ptolemy.actor.gui.ConfigurationApplication.openModelOrEntity(ConfigurationApplication.java:680)
	at ptolemy.vergil.basic.export.ExportModel$1.run(ExportModel.java:220)
	at java.awt.event.InvocationEvent.dispatch(InvocationEvent.java:301)
	at java.awt.EventQueue.dispatchEventImpl(EventQueue.java:756)
	at java.awt.EventQueue.access$500(EventQueue.java:97)
	at java.awt.EventQueue$3.run(EventQueue.java:709)
	at java.awt.EventQueue$3.run(EventQueue.java:703)
	at java.security.AccessController.doPrivileged(Native Method)
	at java.security.ProtectionDomain$JavaSecurityAccessImpl.doIntersectionPrivilege(ProtectionDomain.java:80)
	at java.awt.EventQueue.dispatchEvent(EventQueue.java:726)
	at java.awt.EventDispatchThread.pumpOneEventForFilters(EventDispatchThread.java:201)
	at java.awt.EventDispatchThread.pumpEventsForFilter(EventDispatchThread.java:116)
	at java.awt.EventDispatchThread.pumpEventsForHierarchy(EventDispatchThread.java:105)
	at java.awt.EventDispatchThread.pumpEvents(EventDispatchThread.java:101)
	at java.awt.EventDispatchThread.pumpEvents(EventDispatchThread.java:93)
	at java.awt.EventDispatchThread.run(EventDispatchThread.java:82)
Caused by: ptolemy.kernel.util.InternalErrorException: Element <entity name="node1" class="ptolemy.actor.ptalon.demo.ptinyos.SenseToLeds.MicaBoard"> caused an exception to be thrown.
  in .SenseToLeds.SenseToLeds
Because:
Cannot find class: ptolemy.actor.ptalon.demo.ptinyos.SenseToLeds.MicaBoard. In Ptolemy, classes are typically Java .class files. Entities like actors may instead be defined within a .xml file.  In any case, the class was not found. If the class uses a third party package, then the class would be present only if the third party package was found at compile time.  It may be necessary to upgrade Java or install the third party package, reconfigure and recompile.
Because:
Element <entity name="MicaLeds" class="ptolemy.domains.ptinyos.lib.MicaLeds"> caused an exception to be thrown.
  in .MicaBoard
Because:
Cannot find class: ptolemy.domains.ptinyos.lib.MicaLeds. In Ptolemy, classes are typically Java .class files. Entities like actors may instead be defined within a .xml file.  In any case, the class was not found. If the class uses a third party package, then the class would be present only if the third party package was found at compile time.  It may be necessary to upgrade Java or install the third party package, reconfigure and recompile.
Because:
-- /home/travis/build/icyphy/ptII/ptolemy/actor/ptalon/demo/ptinyos/SenseToLeds/ptolemy/domains/ptinyos/lib/MicaLeds.xml (No such file or directory)
-- XML file not found relative to classpath.
-- /home/travis/build/icyphy/ptII/ptolemy/vergil/basic/export/test/ptolemy/domains/ptinyos/lib/MicaLeds.xml
/home/travis/build/icyphy/ptII/ptolemy/vergil/basic/export/test/ptolemy/domains/ptinyos/lib/MicaLeds.xml (No such file or directory)
 in file:/home/travis/build/icyphy/ptII/ptolemy/actor/ptalon/demo/ptinyos/SenseToLeds/MicaBoard.xml at line 134 and column 63
	at ptolemy.moml.SimpleErrorHandler.handleError(SimpleErrorHandler.java:75)
	at ptolemy.moml.MoMLParser.startElement(MoMLParser.java:3805)
	at com.microstar.xml.XmlParser.parseElement(XmlParser.java:931)
	at com.microstar.xml.XmlParser.parseDocument(XmlParser.java:481)
	at com.microstar.xml.XmlParser.doParse(XmlParser.java:159)
	at com.microstar.xml.XmlParser.parse(XmlParser.java:132)
	at ptolemy.moml.MoMLParser.parse(MoMLParser.java:1660)
	at ptolemy.moml.MoMLParser.parse(MoMLParser.java:1617)
	at ptolemy.moml.MoMLParser.parse(MoMLParser.java:1792)
	at ptolemy.actor.ptalon.PtalonEvaluator.addActor(PtalonEvaluator.java:241)
	... 56 more
Caused by: ptolemy.kernel.util.IllegalActionException: Cannot find class: ptolemy.actor.ptalon.demo.ptinyos.SenseToLeds.MicaBoard. In Ptolemy, classes are typically Java .class files. Entities like actors may instead be defined within a .xml file.  In any case, the class was not found. If the class uses a third party package, then the class would be present only if the third party package was found at compile time.  It may be necessary to upgrade Java or install the third party package, reconfigure and recompile.
Because:
Element <entity name="MicaLeds" class="ptolemy.domains.ptinyos.lib.MicaLeds"> caused an exception to be thrown.
  in .MicaBoard
Because:
Cannot find class: ptolemy.domains.ptinyos.lib.MicaLeds. In Ptolemy, classes are typically Java .class files. Entities like actors may instead be defined within a .xml file.  In any case, the class was not found. If the class uses a third party package, then the class would be present only if the third party package was found at compile time.  It may be necessary to upgrade Java or install the third party package, reconfigure and recompile.
Because:
-- /home/travis/build/icyphy/ptII/ptolemy/actor/ptalon/demo/ptinyos/SenseToLeds/ptolemy/domains/ptinyos/lib/MicaLeds.xml (No such file or directory)
-- XML file not found relative to classpath.
-- /home/travis/build/icyphy/ptII/ptolemy/vergil/basic/export/test/ptolemy/domains/ptinyos/lib/MicaLeds.xml
/home/travis/build/icyphy/ptII/ptolemy/vergil/basic/export/test/ptolemy/domains/ptinyos/lib/MicaLeds.xml (No such file or directory)
 in file:/home/travis/build/icyphy/ptII/ptolemy/actor/ptalon/demo/ptinyos/SenseToLeds/MicaBoard.xml at line 134 and column 63
	at ptolemy.moml.MoMLParser._createEntity(MoMLParser.java:4330)
	at ptolemy.moml.MoMLParser.startElement(MoMLParser.java:2864)
	... 64 more
Caused by: ptolemy.kernel.util.InternalErrorException: Element <entity name="MicaLeds" class="ptolemy.domains.ptinyos.lib.MicaLeds"> caused an exception to be thrown.
  in .MicaBoard
Because:
Cannot find class: ptolemy.domains.ptinyos.lib.MicaLeds. In Ptolemy, classes are typically Java .class files. Entities like actors may instead be defined within a .xml file.  In any case, the class was not found. If the class uses a third party package, then the class would be present only if the third party package was found at compile time.  It may be necessary to upgrade Java or install the third party package, reconfigure and recompile.
Because:
-- /home/travis/build/icyphy/ptII/ptolemy/actor/ptalon/demo/ptinyos/SenseToLeds/ptolemy/domains/ptinyos/lib/MicaLeds.xml (No such file or directory)
-- XML file not found relative to classpath.
-- /home/travis/build/icyphy/ptII/ptolemy/vergil/basic/export/test/ptolemy/domains/ptinyos/lib/MicaLeds.xml
/home/travis/build/icyphy/ptII/ptolemy/vergil/basic/export/test/ptolemy/domains/ptinyos/lib/MicaLeds.xml (No such file or directory)
 in file:/home/travis/build/icyphy/ptII/ptolemy/actor/ptalon/demo/ptinyos/SenseToLeds/MicaBoard.xml at line 134 and column 63
	at ptolemy.moml.SimpleErrorHandler.handleError(SimpleErrorHandler.java:75)
	at ptolemy.moml.MoMLParser.startElement(MoMLParser.java:3805)
	at com.microstar.xml.XmlParser.parseElement(XmlParser.java:921)
	at com.microstar.xml.XmlParser.parseContent(XmlParser.java:1104)
	at com.microstar.xml.XmlParser.parseElement(XmlParser.java:924)
	at com.microstar.xml.XmlParser.parseDocument(XmlParser.java:481)
	at com.microstar.xml.XmlParser.doParse(XmlParser.java:159)
	at com.microstar.xml.XmlParser.parse(XmlParser.java:132)
	at ptolemy.moml.MoMLParser.parse(MoMLParser.java:1676)
	at ptolemy.moml.MoMLParser.parse(MoMLParser.java:1595)
	at ptolemy.moml.MoMLParser.parse(MoMLParser.java:1537)
	at ptolemy.moml.MoMLParser._findOrParse(MoMLParser.java:5286)
	at ptolemy.moml.MoMLParser._attemptToFindMoMLClass(MoMLParser.java:4075)
	at ptolemy.moml.MoMLParser._createEntity(MoMLParser.java:4323)
	... 65 more
Caused by: ptolemy.kernel.util.IllegalActionException: Cannot find class: ptolemy.domains.ptinyos.lib.MicaLeds. In Ptolemy, classes are typically Java .class files. Entities like actors may instead be defined within a .xml file.  In any case, the class was not found. If the class uses a third party package, then the class would be present only if the third party package was found at compile time.  It may be necessary to upgrade Java or install the third party package, reconfigure and recompile.
Because:
-- /home/travis/build/icyphy/ptII/ptolemy/actor/ptalon/demo/ptinyos/SenseToLeds/ptolemy/domains/ptinyos/lib/MicaLeds.xml (No such file or directory)
-- XML file not found relative to classpath.
-- /home/travis/build/icyphy/ptII/ptolemy/vergil/basic/export/test/ptolemy/domains/ptinyos/lib/MicaLeds.xml
/home/travis/build/icyphy/ptII/ptolemy/vergil/basic/export/test/ptolemy/domains/ptinyos/lib/MicaLeds.xml (No such file or directory)
 in file:/home/travis/build/icyphy/ptII/ptolemy/actor/ptalon/demo/ptinyos/SenseToLeds/MicaBoard.xml at line 134 and column 63
	at ptolemy.moml.MoMLParser._createEntity(MoMLParser.java:4330)
	at ptolemy.moml.MoMLParser.startElement(MoMLParser.java:2864)
	... 77 more
Caused by: com.microstar.xml.XmlException: -- /home/travis/build/icyphy/ptII/ptolemy/actor/ptalon/demo/ptinyos/SenseToLeds/ptolemy/domains/ptinyos/lib/MicaLeds.xml (No such file or directory)
-- XML file not found relative to classpath.
-- /home/travis/build/icyphy/ptII/ptolemy/vergil/basic/export/test/ptolemy/domains/ptinyos/lib/MicaLeds.xml
/home/travis/build/icyphy/ptII/ptolemy/vergil/basic/export/test/ptolemy/domains/ptinyos/lib/MicaLeds.xml (No such file or directory)
 in file:/home/travis/build/icyphy/ptII/ptolemy/actor/ptalon/demo/ptinyos/SenseToLeds/MicaBoard.xml at line 134 and column 63
	at ptolemy.moml.MoMLParser.fileNameToURL(MoMLParser.java:1414)
	at ptolemy.moml.MoMLParser._findOrParse(MoMLParser.java:5283)
	at ptolemy.moml.MoMLParser._attemptToFindMoMLClass(MoMLParser.java:4075)
	at ptolemy.moml.MoMLParser._createEntity(MoMLParser.java:4323)
	... 78 more
ptolemy.kernel.util.IllegalActionException: Failed to process attribute change to PtalonParameter, whose value is "ptolemy.actor.ptalon.PtalonExpressionParameter {.SenseToLeds.SenseToLeds.n} 2".
  in .SenseToLeds.SenseToLeds
Because:
Unable to add actor null
	at ptolemy.actor.ptalon.PtalonActor.attributeChanged(PtalonActor.java:211)
	at ptolemy.actor.ptalon.PtalonMLHandler.startElement(PtalonMLHandler.java:134)
	at com.microstar.xml.XmlParser.parseElement(XmlParser.java:921)
	at com.microstar.xml.XmlParser.parseContent(XmlParser.java:1104)
	at com.microstar.xml.XmlParser.parseElement(XmlParser.java:924)
	at com.microstar.xml.XmlParser.parseDocument(XmlParser.java:481)
	at com.microstar.xml.XmlParser.doParse(XmlParser.java:159)
	at com.microstar.xml.XmlParser.parse(XmlParser.java:132)
	at ptolemy.actor.ptalon.PtalonActor.configure(PtalonActor.java:240)
	at ptolemy.moml.MoMLParser.endElement(MoMLParser.java:996)
	at com.microstar.xml.XmlParser.parseETag(XmlParser.java:1026)
	at com.microstar.xml.XmlParser.parseContent(XmlParser.java:1098)
	at com.microstar.xml.XmlParser.parseElement(XmlParser.java:924)
	at com.microstar.xml.XmlParser.parseContent(XmlParser.java:1104)
	at com.microstar.xml.XmlParser.parseElement(XmlParser.java:924)
	at com.microstar.xml.XmlParser.parseContent(XmlParser.java:1104)
	at com.microstar.xml.XmlParser.parseElement(XmlParser.java:924)
	at com.microstar.xml.XmlParser.parseDocument(XmlParser.java:481)
	at com.microstar.xml.XmlParser.doParse(XmlParser.java:159)
	at com.microstar.xml.XmlParser.parse(XmlParser.java:132)
	at ptolemy.moml.MoMLParser.parse(MoMLParser.java:1676)
	at ptolemy.moml.MoMLParser.parse(MoMLParser.java:1595)
	at ptolemy.moml.MoMLParser.parse(MoMLParser.java:1537)
	at ptolemy.actor.gui.PtolemyEffigy$Factory.createEffigy(PtolemyEffigy.java:424)
	at ptolemy.actor.gui.EffigyFactory.createEffigy(EffigyFactory.java:234)
	at ptolemy.actor.gui.Configuration.openModel(Configuration.java:1125)
	at ptolemy.actor.gui.Configuration.openModel(Configuration.java:1051)
	at ptolemy.actor.gui.ConfigurationApplication._openModel(ConfigurationApplication.java:1252)
	at ptolemy.actor.gui.ConfigurationApplication._parseArg(ConfigurationApplication.java:1399)
	at ptolemy.actor.gui.ConfigurationApplication._parseArgs(ConfigurationApplication.java:1478)
	at ptolemy.actor.gui.ConfigurationApplication.<init>(ConfigurationApplication.java:277)
	at ptolemy.actor.gui.ConfigurationApplication.<init>(ConfigurationApplication.java:214)
	at ptolemy.actor.gui.ConfigurationApplication.<init>(ConfigurationApplication.java:201)
	at ptolemy.actor.gui.ConfigurationApplication.openModelOrEntity(ConfigurationApplication.java:680)
	at ptolemy.vergil.basic.export.ExportModel$1.run(ExportModel.java:220)
	at java.awt.event.InvocationEvent.dispatch(InvocationEvent.java:301)
	at java.awt.EventQueue.dispatchEventImpl(EventQueue.java:756)
	at java.awt.EventQueue.access$500(EventQueue.java:97)
	at java.awt.EventQueue$3.run(EventQueue.java:709)
	at java.awt.EventQueue$3.run(EventQueue.java:703)
	at java.security.AccessController.doPrivileged(Native Method)
	at java.security.ProtectionDomain$JavaSecurityAccessImpl.doIntersectionPrivilege(ProtectionDomain.java:80)
	at java.awt.EventQueue.dispatchEvent(EventQueue.java:726)
	at java.awt.EventDispatchThread.pumpOneEventForFilters(EventDispatchThread.java:201)
	at java.awt.EventDispatchThread.pumpEventsForFilter(EventDispatchThread.java:116)
	at java.awt.EventDispatchThread.pumpEventsForHierarchy(EventDispatchThread.java:105)
	at java.awt.EventDispatchThread.pumpEvents(EventDispatchThread.java:101)
	at java.awt.EventDispatchThread.pumpEvents(EventDispatchThread.java:93)
	at java.awt.EventDispatchThread.run(EventDispatchThread.java:82)
Caused by: ptolemy.actor.ptalon.PtalonRuntimeException: Unable to add actor null
	at ptolemy.actor.ptalon.PtalonEvaluator.addActor(PtalonEvaluator.java:300)
	at ptolemy.actor.ptalon.PtalonPopulator.actor_declaration(PtalonPopulator.java:1574)
	at ptolemy.actor.ptalon.PtalonPopulator.atomic_statement(PtalonPopulator.java:1638)
	at ptolemy.actor.ptalon.PtalonPopulator.iterative_statement_evaluator(PtalonPopulator.java:2484)
	at ptolemy.actor.ptalon.AbstractPtalonEvaluator$IfTree.evaluateForScope(AbstractPtalonEvaluator.java:1307)
	at ptolemy.actor.ptalon.AbstractPtalonEvaluator.evaluateForScope(AbstractPtalonEvaluator.java:744)
	at ptolemy.actor.ptalon.PtalonPopulator.iterative_statement(PtalonPopulator.java:2363)
	at ptolemy.actor.ptalon.PtalonPopulator.actor_definition(PtalonPopulator.java:2809)
	at ptolemy.actor.ptalon.PtalonActor.attributeChanged(PtalonActor.java:206)
	... 48 more
Caused by: ptolemy.kernel.util.InternalErrorException: Element <entity name="node1" class="ptolemy.actor.ptalon.demo.ptinyos.SenseToLeds.MicaBoard"> caused an exception to be thrown.
  in .SenseToLeds.SenseToLeds
Because:
Cannot find class: ptolemy.actor.ptalon.demo.ptinyos.SenseToLeds.MicaBoard. In Ptolemy, classes are typically Java .class files. Entities like actors may instead be defined within a .xml file.  In any case, the class was not found. If the class uses a third party package, then the class would be present only if the third party package was found at compile time.  It may be necessary to upgrade Java or install the third party package, reconfigure and recompile.
Because:
Element <entity name="MicaLeds" class="ptolemy.domains.ptinyos.lib.MicaLeds"> caused an exception to be thrown.
  in .MicaBoard
Because:
Cannot find class: ptolemy.domains.ptinyos.lib.MicaLeds. In Ptolemy, classes are typically Java .class files. Entities like actors may instead be defined within a .xml file.  In any case, the class was not found. If the class uses a third party package, then the class would be present only if the third party package was found at compile time.  It may be necessary to upgrade Java or install the third party package, reconfigure and recompile.
Because:
-- /home/travis/build/icyphy/ptII/ptolemy/actor/ptalon/demo/ptinyos/SenseToLeds/ptolemy/domains/ptinyos/lib/MicaLeds.xml (No such file or directory)
-- XML file not found relative to classpath.
-- /home/travis/build/icyphy/ptII/ptolemy/vergil/basic/export/test/ptolemy/domains/ptinyos/lib/MicaLeds.xml
/home/travis/build/icyphy/ptII/ptolemy/vergil/basic/export/test/ptolemy/domains/ptinyos/lib/MicaLeds.xml (No such file or directory)
 in file:/home/travis/build/icyphy/ptII/ptolemy/actor/ptalon/demo/ptinyos/SenseToLeds/MicaBoard.xml at line 134 and column 63
	at ptolemy.moml.SimpleErrorHandler.handleError(SimpleErrorHandler.java:75)
	at ptolemy.moml.MoMLParser.startElement(MoMLParser.java:3805)
	at com.microstar.xml.XmlParser.parseElement(XmlParser.java:931)
	at com.microstar.xml.XmlParser.parseDocument(XmlParser.java:481)
	at com.microstar.xml.XmlParser.doParse(XmlParser.java:159)
	at com.microstar.xml.XmlParser.parse(XmlParser.java:132)
	at ptolemy.moml.MoMLParser.parse(MoMLParser.java:1660)
	at ptolemy.moml.MoMLParser.parse(MoMLParser.java:1617)
	at ptolemy.moml.MoMLParser.parse(MoMLParser.java:1792)
	at ptolemy.actor.ptalon.PtalonEvaluator.addActor(PtalonEvaluator.java:241)
	... 56 more
Caused by: ptolemy.kernel.util.IllegalActionException: Cannot find class: ptolemy.actor.ptalon.demo.ptinyos.SenseToLeds.MicaBoard. In Ptolemy, classes are typically Java .class files. Entities like actors may instead be defined within a .xml file.  In any case, the class was not found. If the class uses a third party package, then the class would be present only if the third party package was found at compile time.  It may be necessary to upgrade Java or install the third party package, reconfigure and recompile.
Because:
Element <entity name="MicaLeds" class="ptolemy.domains.ptinyos.lib.MicaLeds"> caused an exception to be thrown.
  in .MicaBoard
Because:
Cannot find class: ptolemy.domains.ptinyos.lib.MicaLeds. In Ptolemy, classes are typically Java .class files. Entities like actors may instead be defined within a .xml file.  In any case, the class was not found. If the class uses a third party package, then the class would be present only if the third party package was found at compile time.  It may be necessary to upgrade Java or install the third party package, reconfigure and recompile.
Because:
-- /home/travis/build/icyphy/ptII/ptolemy/actor/ptalon/demo/ptinyos/SenseToLeds/ptolemy/domains/ptinyos/lib/MicaLeds.xml (No such file or directory)
-- XML file not found relative to classpath.
-- /home/travis/build/icyphy/ptII/ptolemy/vergil/basic/export/test/ptolemy/domains/ptinyos/lib/MicaLeds.xml
/home/travis/build/icyphy/ptII/ptolemy/vergil/basic/export/test/ptolemy/domains/ptinyos/lib/MicaLeds.xml (No such file or directory)
 in file:/home/travis/build/icyphy/ptII/ptolemy/actor/ptalon/demo/ptinyos/SenseToLeds/MicaBoard.xml at line 134 and column 63
	at ptolemy.moml.MoMLParser._createEntity(MoMLParser.java:4330)
	at ptolemy.moml.MoMLParser.startElement(MoMLParser.java:2864)
	... 64 more
Caused by: ptolemy.kernel.util.InternalErrorException: Element <entity name="MicaLeds" class="ptolemy.domains.ptinyos.lib.MicaLeds"> caused an exception to be thrown.
  in .MicaBoard
Because:
Cannot find class: ptolemy.domains.ptinyos.lib.MicaLeds. In Ptolemy, classes are typically Java .class files. Entities like actors may instead be defined within a .xml file.  In any case, the class was not found. If the class uses a third party package, then the class would be present only if the third party package was found at compile time.  It may be necessary to upgrade Java or install the third party package, reconfigure and recompile.
Because:
-- /home/travis/build/icyphy/ptII/ptolemy/actor/ptalon/demo/ptinyos/SenseToLeds/ptolemy/domains/ptinyos/lib/MicaLeds.xml (No such file or directory)
-- XML file not found relative to classpath.
-- /home/travis/build/icyphy/ptII/ptolemy/vergil/basic/export/test/ptolemy/domains/ptinyos/lib/MicaLeds.xml
/home/travis/build/icyphy/ptII/ptolemy/vergil/basic/export/test/ptolemy/domains/ptinyos/lib/MicaLeds.xml (No such file or directory)
 in file:/home/travis/build/icyphy/ptII/ptolemy/actor/ptalon/demo/ptinyos/SenseToLeds/MicaBoard.xml at line 134 and column 63
	at ptolemy.moml.SimpleErrorHandler.handleError(SimpleErrorHandler.java:75)
	at ptolemy.moml.MoMLParser.startElement(MoMLParser.java:3805)
	at com.microstar.xml.XmlParser.parseElement(XmlParser.java:921)
	at com.microstar.xml.XmlParser.parseContent(XmlParser.java:1104)
	at com.microstar.xml.XmlParser.parseElement(XmlParser.java:924)
	at com.microstar.xml.XmlParser.parseDocument(XmlParser.java:481)
	at com.microstar.xml.XmlParser.doParse(XmlParser.java:159)
	at com.microstar.xml.XmlParser.parse(XmlParser.java:132)
	at ptolemy.moml.MoMLParser.parse(MoMLParser.java:1676)
	at ptolemy.moml.MoMLParser.parse(MoMLParser.java:1595)
	at ptolemy.moml.MoMLParser.parse(MoMLParser.java:1537)
	at ptolemy.moml.MoMLParser._findOrParse(MoMLParser.java:5286)
	at ptolemy.moml.MoMLParser._attemptToFindMoMLClass(MoMLParser.java:4075)
	at ptolemy.moml.MoMLParser._createEntity(MoMLParser.java:4323)
	... 65 more
Caused by: ptolemy.kernel.util.IllegalActionException: Cannot find class: ptolemy.domains.ptinyos.lib.MicaLeds. In Ptolemy, classes are typically Java .class files. Entities like actors may instead be defined within a .xml file.  In any case, the class was not found. If the class uses a third party package, then the class would be present only if the third party package was found at compile time.  It may be necessary to upgrade Java or install the third party package, reconfigure and recompile.
Because:
-- /home/travis/build/icyphy/ptII/ptolemy/actor/ptalon/demo/ptinyos/SenseToLeds/ptolemy/domains/ptinyos/lib/MicaLeds.xml (No such file or directory)
-- XML file not found relative to classpath.
-- /home/travis/build/icyphy/ptII/ptolemy/vergil/basic/export/test/ptolemy/domains/ptinyos/lib/MicaLeds.xml
/home/travis/build/icyphy/ptII/ptolemy/vergil/basic/export/test/ptolemy/domains/ptinyos/lib/MicaLeds.xml (No such file or directory)
 in file:/home/travis/build/icyphy/ptII/ptolemy/actor/ptalon/demo/ptinyos/SenseToLeds/MicaBoard.xml at line 134 and column 63
	at ptolemy.moml.MoMLParser._createEntity(MoMLParser.java:4330)
	at ptolemy.moml.MoMLParser.startElement(MoMLParser.java:2864)
	... 77 more
Caused by: com.microstar.xml.XmlException: -- /home/travis/build/icyphy/ptII/ptolemy/actor/ptalon/demo/ptinyos/SenseToLeds/ptolemy/domains/ptinyos/lib/MicaLeds.xml (No such file or directory)
-- XML file not found relative to classpath.
-- /home/travis/build/icyphy/ptII/ptolemy/vergil/basic/export/test/ptolemy/domains/ptinyos/lib/MicaLeds.xml
/home/travis/build/icyphy/ptII/ptolemy/vergil/basic/export/test/ptolemy/domains/ptinyos/lib/MicaLeds.xml (No such file or directory)
 in file:/home/travis/build/icyphy/ptII/ptolemy/actor/ptalon/demo/ptinyos/SenseToLeds/MicaBoard.xml at line 134 and column 63
	at ptolemy.moml.MoMLParser.fileNameToURL(MoMLParser.java:1414)
	at ptolemy.moml.MoMLParser._findOrParse(MoMLParser.java:5283)
	at ptolemy.moml.MoMLParser._attemptToFindMoMLClass(MoMLParser.java:4075)
	at ptolemy.moml.MoMLParser._createEntity(MoMLParser.java:4323)
	... 78 more
Caused by: ptolemy.actor.ptalon.PtalonRuntimeException: Unable to add actor null
	at ptolemy.actor.ptalon.PtalonEvaluator.addActor(PtalonEvaluator.java:300)
	at ptolemy.actor.ptalon.PtalonPopulator.actor_declaration(PtalonPopulator.java:1574)
	at ptolemy.actor.ptalon.PtalonPopulator.atomic_statement(PtalonPopulator.java:1638)
	at ptolemy.actor.ptalon.PtalonPopulator.iterative_statement_evaluator(PtalonPopulator.java:2484)
	at ptolemy.actor.ptalon.AbstractPtalonEvaluator$IfTree.evaluateForScope(AbstractPtalonEvaluator.java:1307)
	at ptolemy.actor.ptalon.AbstractPtalonEvaluator.evaluateForScope(AbstractPtalonEvaluator.java:744)
	at ptolemy.actor.ptalon.PtalonPopulator.iterative_statement(PtalonPopulator.java:2363)
	at ptolemy.actor.ptalon.PtalonPopulator.actor_definition(PtalonPopulator.java:2809)
	at ptolemy.actor.ptalon.PtalonActor.attributeChanged(PtalonActor.java:206)
	at ptolemy.actor.ptalon.PtalonMLHandler.startElement(PtalonMLHandler.java:134)
	at com.microstar.xml.XmlParser.parseElement(XmlParser.java:921)
	at com.microstar.xml.XmlParser.parseContent(XmlParser.java:1104)
	at com.microstar.xml.XmlParser.parseElement(XmlParser.java:924)
	at com.microstar.xml.XmlParser.parseDocument(XmlParser.java:481)
	at com.microstar.xml.XmlParser.doParse(XmlParser.java:159)
	at com.microstar.xml.XmlParser.parse(XmlParser.java:132)
	at ptolemy.actor.ptalon.PtalonActor.configure(PtalonActor.java:240)
	at ptolemy.moml.MoMLParser.endElement(MoMLParser.java:996)
	at com.microstar.xml.XmlParser.parseETag(XmlParser.java:1026)
	at com.microstar.xml.XmlParser.parseContent(XmlParser.java:1098)
	at com.microstar.xml.XmlParser.parseElement(XmlParser.java:924)
	at com.microstar.xml.XmlParser.parseContent(XmlParser.java:1104)
	at com.microstar.xml.XmlParser.parseElement(XmlParser.java:924)
	at com.microstar.xml.XmlParser.parseContent(XmlParser.java:1104)
	at com.microstar.xml.XmlParser.parseElement(XmlParser.java:924)
	at com.microstar.xml.XmlParser.parseDocument(XmlParser.java:481)
	at com.microstar.xml.XmlParser.doParse(XmlParser.java:159)
	at com.microstar.xml.XmlParser.parse(XmlParser.java:132)
	at ptolemy.moml.MoMLParser.parse(MoMLParser.java:1676)
	at ptolemy.moml.MoMLParser.parse(MoMLParser.java:1595)
	at ptolemy.moml.MoMLParser.parse(MoMLParser.java:1537)
	at ptolemy.actor.gui.PtolemyEffigy$Factory.createEffigy(PtolemyEffigy.java:424)
	at ptolemy.actor.gui.EffigyFactory.createEffigy(EffigyFactory.java:234)
	at ptolemy.actor.gui.Configuration.openModel(Configuration.java:1125)
	at ptolemy.actor.gui.Configuration.openModel(Configuration.java:1051)
	at ptolemy.actor.gui.ConfigurationApplication._openModel(ConfigurationApplication.java:1252)
	at ptolemy.actor.gui.ConfigurationApplication._parseArg(ConfigurationApplication.java:1399)
	at ptolemy.actor.gui.ConfigurationApplication._parseArgs(ConfigurationApplication.java:1478)
	at ptolemy.actor.gui.ConfigurationApplication.<init>(ConfigurationApplication.java:277)
	at ptolemy.actor.gui.ConfigurationApplication.<init>(ConfigurationApplication.java:214)
	at ptolemy.actor.gui.ConfigurationApplication.<init>(ConfigurationApplication.java:201)
	at ptolemy.actor.gui.ConfigurationApplication.openModelOrEntity(ConfigurationApplication.java:680)
	at ptolemy.vergil.basic.export.ExportModel$1.run(ExportModel.java:220)
	at java.awt.event.InvocationEvent.dispatch(InvocationEvent.java:301)
	at java.awt.EventQueue.dispatchEventImpl(EventQueue.java:756)
	at java.awt.EventQueue.access$500(EventQueue.java:97)
	at java.awt.EventQueue$3.run(EventQueue.java:709)
	at java.awt.EventQueue$3.run(EventQueue.java:703)
	at java.security.AccessController.doPrivileged(Native Method)
	at java.security.ProtectionDomain$JavaSecurityAccessImpl.doIntersectionPrivilege(ProtectionDomain.java:80)
	at java.awt.EventQueue.dispatchEvent(EventQueue.java:726)
	at java.awt.EventDispatchThread.pumpOneEventForFilters(EventDispatchThread.java:201)
	at java.awt.EventDispatchThread.pumpEventsForFilter(EventDispatchThread.java:116)
	at java.awt.EventDispatchThread.pumpEventsForHierarchy(EventDispatchThread.java:105)
	at java.awt.EventDispatchThread.pumpEvents(EventDispatchThread.java:101)
	at java.awt.EventDispatchThread.pumpEvents(EventDispatchThread.java:93)
	at java.awt.EventDispatchThread.run(EventDispatchThread.java:82)
Caused by: ptolemy.kernel.util.InternalErrorException: Element <entity name="node1" class="ptolemy.actor.ptalon.demo.ptinyos.SenseToLeds.MicaBoard"> caused an exception to be thrown.
  in .SenseToLeds.SenseToLeds
Because:
Cannot find class: ptolemy.actor.ptalon.demo.ptinyos.SenseToLeds.MicaBoard. In Ptolemy, classes are typically Java .class files. Entities like actors may instead be defined within a .xml file.  In any case, the class was not found. If the class uses a third party package, then the class would be present only if the third party package was found at compile time.  It may be necessary to upgrade Java or install the third party package, reconfigure and recompile.
Because:
Element <entity name="MicaLeds" class="ptolemy.domains.ptinyos.lib.MicaLeds"> caused an exception to be thrown.
  in .MicaBoard
Because:
Cannot find class: ptolemy.domains.ptinyos.lib.MicaLeds. In Ptolemy, classes are typically Java .class files. Entities like actors may instead be defined within a .xml file.  In any case, the class was not found. If the class uses a third party package, then the class would be present only if the third party package was found at compile time.  It may be necessary to upgrade Java or install the third party package, reconfigure and recompile.
Because:
-- /home/travis/build/icyphy/ptII/ptolemy/actor/ptalon/demo/ptinyos/SenseToLeds/ptolemy/domains/ptinyos/lib/MicaLeds.xml (No such file or directory)
-- XML file not found relative to classpath.
-- /home/travis/build/icyphy/ptII/ptolemy/vergil/basic/export/test/ptolemy/domains/ptinyos/lib/MicaLeds.xml
/home/travis/build/icyphy/ptII/ptolemy/vergil/basic/export/test/ptolemy/domains/ptinyos/lib/MicaLeds.xml (No such file or directory)
 in file:/home/travis/build/icyphy/ptII/ptolemy/actor/ptalon/demo/ptinyos/SenseToLeds/MicaBoard.xml at line 134 and column 63
	at ptolemy.moml.SimpleErrorHandler.handleError(SimpleErrorHandler.java:75)
	at ptolemy.moml.MoMLParser.startElement(MoMLParser.java:3805)
	at com.microstar.xml.XmlParser.parseElement(XmlParser.java:931)
	at com.microstar.xml.XmlParser.parseDocument(XmlParser.java:481)
	at com.microstar.xml.XmlParser.doParse(XmlParser.java:159)
	at com.microstar.xml.XmlParser.parse(XmlParser.java:132)
	at ptolemy.moml.MoMLParser.parse(MoMLParser.java:1660)
	at ptolemy.moml.MoMLParser.parse(MoMLParser.java:1617)
	at ptolemy.moml.MoMLParser.parse(MoMLParser.java:1792)
	at ptolemy.actor.ptalon.PtalonEvaluator.addActor(PtalonEvaluator.java:241)
	... 56 more
Caused by: ptolemy.kernel.util.IllegalActionException: Cannot find class: ptolemy.actor.ptalon.demo.ptinyos.SenseToLeds.MicaBoard. In Ptolemy, classes are typically Java .class files. Entities like actors may instead be defined within a .xml file.  In any case, the class was not found. If the class uses a third party package, then the class would be present only if the third party package was found at compile time.  It may be necessary to upgrade Java or install the third party package, reconfigure and recompile.
Because:
Element <entity name="MicaLeds" class="ptolemy.domains.ptinyos.lib.MicaLeds"> caused an exception to be thrown.
  in .MicaBoard
Because:
Cannot find class: ptolemy.domains.ptinyos.lib.MicaLeds. In Ptolemy, classes are typically Java .class files. Entities like actors may instead be defined within a .xml file.  In any case, the class was not found. If the class uses a third party package, then the class would be present only if the third party package was found at compile time.  It may be necessary to upgrade Java or install the third party package, reconfigure and recompile.
Because:
-- /home/travis/build/icyphy/ptII/ptolemy/actor/ptalon/demo/ptinyos/SenseToLeds/ptolemy/domains/ptinyos/lib/MicaLeds.xml (No such file or directory)
-- XML file not found relative to classpath.
-- /home/travis/build/icyphy/ptII/ptolemy/vergil/basic/export/test/ptolemy/domains/ptinyos/lib/MicaLeds.xml
/home/travis/build/icyphy/ptII/ptolemy/vergil/basic/export/test/ptolemy/domains/ptinyos/lib/MicaLeds.xml (No such file or directory)
 in file:/home/travis/build/icyphy/ptII/ptolemy/actor/ptalon/demo/ptinyos/SenseToLeds/MicaBoard.xml at line 134 and column 63
	at ptolemy.moml.MoMLParser._createEntity(MoMLParser.java:4330)
	at ptolemy.moml.MoMLParser.startElement(MoMLParser.java:2864)
	... 64 more
Caused by: ptolemy.kernel.util.InternalErrorException: Element <entity name="MicaLeds" class="ptolemy.domains.ptinyos.lib.MicaLeds"> caused an exception to be thrown.
  in .MicaBoard
Because:
Cannot find class: ptolemy.domains.ptinyos.lib.MicaLeds. In Ptolemy, classes are typically Java .class files. Entities like actors may instead be defined within a .xml file.  In any case, the class was not found. If the class uses a third party package, then the class would be present only if the third party package was found at compile time.  It may be necessary to upgrade Java or install the third party package, reconfigure and recompile.
Because:
-- /home/travis/build/icyphy/ptII/ptolemy/actor/ptalon/demo/ptinyos/SenseToLeds/ptolemy/domains/ptinyos/lib/MicaLeds.xml (No such file or directory)
-- XML file not found relative to classpath.
-- /home/travis/build/icyphy/ptII/ptolemy/vergil/basic/export/test/ptolemy/domains/ptinyos/lib/MicaLeds.xml
/home/travis/build/icyphy/ptII/ptolemy/vergil/basic/export/test/ptolemy/domains/ptinyos/lib/MicaLeds.xml (No such file or directory)
 in file:/home/travis/build/icyphy/ptII/ptolemy/actor/ptalon/demo/ptinyos/SenseToLeds/MicaBoard.xml at line 134 and column 63
	at ptolemy.moml.SimpleErrorHandler.handleError(SimpleErrorHandler.java:75)
	at ptolemy.moml.MoMLParser.startElement(MoMLParser.java:3805)
	at com.microstar.xml.XmlParser.parseElement(XmlParser.java:921)
	at com.microstar.xml.XmlParser.parseContent(XmlParser.java:1104)
	at com.microstar.xml.XmlParser.parseElement(XmlParser.java:924)
	at com.microstar.xml.XmlParser.parseDocument(XmlParser.java:481)
	at com.microstar.xml.XmlParser.doParse(XmlParser.java:159)
	at com.microstar.xml.XmlParser.parse(XmlParser.java:132)
	at ptolemy.moml.MoMLParser.parse(MoMLParser.java:1676)
	at ptolemy.moml.MoMLParser.parse(MoMLParser.java:1595)
	at ptolemy.moml.MoMLParser.parse(MoMLParser.java:1537)
	at ptolemy.moml.MoMLParser._findOrParse(MoMLParser.java:5286)
	at ptolemy.moml.MoMLParser._attemptToFindMoMLClass(MoMLParser.java:4075)
	at ptolemy.moml.MoMLParser._createEntity(MoMLParser.java:4323)
	... 65 more
Caused by: ptolemy.kernel.util.IllegalActionException: Cannot find class: ptolemy.domains.ptinyos.lib.MicaLeds. In Ptolemy, classes are typically Java .class files. Entities like actors may instead be defined within a .xml file.  In any case, the class was not found. If the class uses a third party package, then the class would be present only if the third party package was found at compile time.  It may be necessary to upgrade Java or install the third party package, reconfigure and recompile.
Because:
-- /home/travis/build/icyphy/ptII/ptolemy/actor/ptalon/demo/ptinyos/SenseToLeds/ptolemy/domains/ptinyos/lib/MicaLeds.xml (No such file or directory)
-- XML file not found relative to classpath.
-- /home/travis/build/icyphy/ptII/ptolemy/vergil/basic/export/test/ptolemy/domains/ptinyos/lib/MicaLeds.xml
/home/travis/build/icyphy/ptII/ptolemy/vergil/basic/export/test/ptolemy/domains/ptinyos/lib/MicaLeds.xml (No such file or directory)
 in file:/home/travis/build/icyphy/ptII/ptolemy/actor/ptalon/demo/ptinyos/SenseToLeds/MicaBoard.xml at line 134 and column 63
	at ptolemy.moml.MoMLParser._createEntity(MoMLParser.java:4330)
	at ptolemy.moml.MoMLParser.startElement(MoMLParser.java:2864)
	... 77 more
Caused by: com.microstar.xml.XmlException: -- /home/travis/build/icyphy/ptII/ptolemy/actor/ptalon/demo/ptinyos/SenseToLeds/ptolemy/domains/ptinyos/lib/MicaLeds.xml (No such file or directory)
-- XML file not found relative to classpath.
-- /home/travis/build/icyphy/ptII/ptolemy/vergil/basic/export/test/ptolemy/domains/ptinyos/lib/MicaLeds.xml
/home/travis/build/icyphy/ptII/ptolemy/vergil/basic/export/test/ptolemy/domains/ptinyos/lib/MicaLeds.xml (No such file or directory)
 in file:/home/travis/build/icyphy/ptII/ptolemy/actor/ptalon/demo/ptinyos/SenseToLeds/MicaBoard.xml at line 134 and column 63
	at ptolemy.moml.MoMLParser.fileNameToURL(MoMLParser.java:1414)
	at ptolemy.moml.MoMLParser._findOrParse(MoMLParser.java:5283)
	at ptolemy.moml.MoMLParser._attemptToFindMoMLClass(MoMLParser.java:4075)
	at ptolemy.moml.MoMLParser._createEntity(MoMLParser.java:4323)
	... 78 more
Failed to read file:/home/travis/build/icyphy/ptII/ptolemy/actor/ptalon/demo/ptinyos/SenseToLeds/SenseToLeds.xml
ptolemy.kernel.util.IllegalActionException: Failed to process attribute change to PtalonParameter, whose value is "ptolemy.actor.ptalon.PtalonExpressionParameter {.SenseToLeds.SenseToLeds.n} 2".
  in .SenseToLeds.SenseToLeds
Because:
Unable to add actor null
	at ptolemy.actor.ptalon.PtalonActor.attributeChanged(PtalonActor.java:211)
	at ptolemy.actor.ptalon.PtalonMLHandler.startElement(PtalonMLHandler.java:134)
	at com.microstar.xml.XmlParser.parseElement(XmlParser.java:921)
	at com.microstar.xml.XmlParser.parseContent(XmlParser.java:1104)
	at com.microstar.xml.XmlParser.parseElement(XmlParser.java:924)
	at com.microstar.xml.XmlParser.parseDocument(XmlParser.java:481)
	at com.microstar.xml.XmlParser.doParse(XmlParser.java:159)
	at com.microstar.xml.XmlParser.parse(XmlParser.java:132)
	at ptolemy.actor.ptalon.PtalonActor.configure(PtalonActor.java:240)
	at ptolemy.moml.MoMLParser.endElement(MoMLParser.java:996)
	at com.microstar.xml.XmlParser.parseETag(XmlParser.java:1026)
	at com.microstar.xml.XmlParser.parseContent(XmlParser.java:1098)
	at com.microstar.xml.XmlParser.parseElement(XmlParser.java:924)
	at com.microstar.xml.XmlParser.parseContent(XmlParser.java:1104)
	at com.microstar.xml.XmlParser.parseElement(XmlParser.java:924)
	at com.microstar.xml.XmlParser.parseContent(XmlParser.java:1104)
	at com.microstar.xml.XmlParser.parseElement(XmlParser.java:924)
	at com.microstar.xml.XmlParser.parseDocument(XmlParser.java:481)
	at com.microstar.xml.XmlParser.doParse(XmlParser.java:159)
	at com.microstar.xml.XmlParser.parse(XmlParser.java:132)
	at ptolemy.moml.MoMLParser.parse(MoMLParser.java:1676)
	at ptolemy.moml.MoMLParser.parse(MoMLParser.java:1595)
	at ptolemy.moml.MoMLParser.parse(MoMLParser.java:1537)
	at ptolemy.actor.gui.PtolemyEffigy$Factory.createEffigy(PtolemyEffigy.java:424)
	at ptolemy.actor.gui.EffigyFactory.createEffigy(EffigyFactory.java:234)
	at ptolemy.actor.gui.Configuration.openModel(Configuration.java:1125)
	at ptolemy.actor.gui.Configuration.openModel(Configuration.java:1051)
	at ptolemy.actor.gui.ConfigurationApplication._openModel(ConfigurationApplication.java:1252)
	at ptolemy.actor.gui.ConfigurationApplication._parseArg(ConfigurationApplication.java:1399)
	at ptolemy.actor.gui.ConfigurationApplication._parseArgs(ConfigurationApplication.java:1478)
	at ptolemy.actor.gui.ConfigurationApplication.<init>(ConfigurationApplication.java:277)
	at ptolemy.actor.gui.ConfigurationApplication.<init>(ConfigurationApplication.java:214)
	at ptolemy.actor.gui.ConfigurationApplication.<init>(ConfigurationApplication.java:201)
	at ptolemy.actor.gui.ConfigurationApplication.openModelOrEntity(ConfigurationApplication.java:680)
	at ptolemy.vergil.basic.export.ExportModel$1.run(ExportModel.java:220)
	at java.awt.event.InvocationEvent.dispatch(InvocationEvent.java:301)
	at java.awt.EventQueue.dispatchEventImpl(EventQueue.java:756)
	at java.awt.EventQueue.access$500(EventQueue.java:97)
	at java.awt.EventQueue$3.run(EventQueue.java:709)
	at java.awt.EventQueue$3.run(EventQueue.java:703)
	at java.security.AccessController.doPrivileged(Native Method)
	at java.security.ProtectionDomain$JavaSecurityAccessImpl.doIntersectionPrivilege(ProtectionDomain.java:80)
	at java.awt.EventQueue.dispatchEvent(EventQueue.java:726)
	at java.awt.EventDispatchThread.pumpOneEventForFilters(EventDispatchThread.java:201)
	at java.awt.EventDispatchThread.pumpEventsForFilter(EventDispatchThread.java:116)
	at java.awt.EventDispatchThread.pumpEventsForHierarchy(EventDispatchThread.java:105)
	at java.awt.EventDispatchThread.pumpEvents(EventDispatchThread.java:101)
	at java.awt.EventDispatchThread.pumpEvents(EventDispatchThread.java:93)
	at java.awt.EventDispatchThread.run(EventDispatchThread.java:82)
Caused by: ptolemy.actor.ptalon.PtalonRuntimeException: Unable to add actor null
	at ptolemy.actor.ptalon.PtalonEvaluator.addActor(PtalonEvaluator.java:300)
	at ptolemy.actor.ptalon.PtalonPopulator.actor_declaration(PtalonPopulator.java:1574)
	at ptolemy.actor.ptalon.PtalonPopulator.atomic_statement(PtalonPopulator.java:1638)
	at ptolemy.actor.ptalon.PtalonPopulator.iterative_statement_evaluator(PtalonPopulator.java:2484)
	at ptolemy.actor.ptalon.AbstractPtalonEvaluator$IfTree.evaluateForScope(AbstractPtalonEvaluator.java:1307)
	at ptolemy.actor.ptalon.AbstractPtalonEvaluator.evaluateForScope(AbstractPtalonEvaluator.java:744)
	at ptolemy.actor.ptalon.PtalonPopulator.iterative_statement(PtalonPopulator.java:2363)
	at ptolemy.actor.ptalon.PtalonPopulator.actor_definition(PtalonPopulator.java:2809)
	at ptolemy.actor.ptalon.PtalonActor.attributeChanged(PtalonActor.java:206)
	... 48 more
Caused by: ptolemy.kernel.util.InternalErrorException: Element <entity name="node1" class="ptolemy.actor.ptalon.demo.ptinyos.SenseToLeds.MicaBoard"> caused an exception to be thrown.
  in .SenseToLeds.SenseToLeds
Because:
Cannot find class: ptolemy.actor.ptalon.demo.ptinyos.SenseToLeds.MicaBoard. In Ptolemy, classes are typically Java .class files. Entities like actors may instead be defined within a .xml file.  In any case, the class was not found. If the class uses a third party package, then the class would be present only if the third party package was found at compile time.  It may be necessary to upgrade Java or install the third party package, reconfigure and recompile.
Because:
Element <entity name="MicaLeds" class="ptolemy.domains.ptinyos.lib.MicaLeds"> caused an exception to be thrown.
  in .MicaBoard
Because:
Cannot find class: ptolemy.domains.ptinyos.lib.MicaLeds. In Ptolemy, classes are typically Java .class files. Entities like actors may instead be defined within a .xml file.  In any case, the class was not found. If the class uses a third party package, then the class would be present only if the third party package was found at compile time.  It may be necessary to upgrade Java or install the third party package, reconfigure and recompile.
Because:
-- /home/travis/build/icyphy/ptII/ptolemy/actor/ptalon/demo/ptinyos/SenseToLeds/ptolemy/domains/ptinyos/lib/MicaLeds.xml (No such file or directory)
-- XML file not found relative to classpath.
-- /home/travis/build/icyphy/ptII/ptolemy/vergil/basic/export/test/ptolemy/domains/ptinyos/lib/MicaLeds.xml
/home/travis/build/icyphy/ptII/ptolemy/vergil/basic/export/test/ptolemy/domains/ptinyos/lib/MicaLeds.xml (No such file or directory)
 in file:/home/travis/build/icyphy/ptII/ptolemy/actor/ptalon/demo/ptinyos/SenseToLeds/MicaBoard.xml at line 134 and column 63
	at ptolemy.moml.SimpleErrorHandler.handleError(SimpleErrorHandler.java:75)
	at ptolemy.moml.MoMLParser.startElement(MoMLParser.java:3805)
	at com.microstar.xml.XmlParser.parseElement(XmlParser.java:931)
	at com.microstar.xml.XmlParser.parseDocument(XmlParser.java:481)
	at com.microstar.xml.XmlParser.doParse(XmlParser.java:159)
	at com.microstar.xml.XmlParser.parse(XmlParser.java:132)
	at ptolemy.moml.MoMLParser.parse(MoMLParser.java:1660)
	at ptolemy.moml.MoMLParser.parse(MoMLParser.java:1617)
	at ptolemy.moml.MoMLParser.parse(MoMLParser.java:1792)
	at ptolemy.actor.ptalon.PtalonEvaluator.addActor(PtalonEvaluator.java:241)
	... 56 more
Caused by: ptolemy.kernel.util.IllegalActionException: Cannot find class: ptolemy.actor.ptalon.demo.ptinyos.SenseToLeds.MicaBoard. In Ptolemy, classes are typically Java .class files. Entities like actors may instead be defined within a .xml file.  In any case, the class was not found. If the class uses a third party package, then the class would be present only if the third party package was found at compile time.  It may be necessary to upgrade Java or install the third party package, reconfigure and recompile.
Because:
Element <entity name="MicaLeds" class="ptolemy.domains.ptinyos.lib.MicaLeds"> caused an exception to be thrown.
  in .MicaBoard
Because:
Cannot find class: ptolemy.domains.ptinyos.lib.MicaLeds. In Ptolemy, classes are typically Java .class files. Entities like actors may instead be defined within a .xml file.  In any case, the class was not found. If the class uses a third party package, then the class would be present only if the third party package was found at compile time.  It may be necessary to upgrade Java or install the third party package, reconfigure and recompile.
Because:
-- /home/travis/build/icyphy/ptII/ptolemy/actor/ptalon/demo/ptinyos/SenseToLeds/ptolemy/domains/ptinyos/lib/MicaLeds.xml (No such file or directory)
-- XML file not found relative to classpath.
-- /home/travis/build/icyphy/ptII/ptolemy/vergil/basic/export/test/ptolemy/domains/ptinyos/lib/MicaLeds.xml
/home/travis/build/icyphy/ptII/ptolemy/vergil/basic/export/test/ptolemy/domains/ptinyos/lib/MicaLeds.xml (No such file or directory)
 in file:/home/travis/build/icyphy/ptII/ptolemy/actor/ptalon/demo/ptinyos/SenseToLeds/MicaBoard.xml at line 134 and column 63
	at ptolemy.moml.MoMLParser._createEntity(MoMLParser.java:4330)
	at ptolemy.moml.MoMLParser.startElement(MoMLParser.java:2864)
	... 64 more
Caused by: ptolemy.kernel.util.InternalErrorException: Element <entity name="MicaLeds" class="ptolemy.domains.ptinyos.lib.MicaLeds"> caused an exception to be thrown.
  in .MicaBoard
Because:
Cannot find class: ptolemy.domains.ptinyos.lib.MicaLeds. In Ptolemy, classes are typically Java .class files. Entities like actors may instead be defined within a .xml file.  In any case, the class was not found. If the class uses a third party package, then the class would be present only if the third party package was found at compile time.  It may be necessary to upgrade Java or install the third party package, reconfigure and recompile.
Because:
-- /home/travis/build/icyphy/ptII/ptolemy/actor/ptalon/demo/ptinyos/SenseToLeds/ptolemy/domains/ptinyos/lib/MicaLeds.xml (No such file or directory)
-- XML file not found relative to classpath.
-- /home/travis/build/icyphy/ptII/ptolemy/vergil/basic/export/test/ptolemy/domains/ptinyos/lib/MicaLeds.xml
/home/travis/build/icyphy/ptII/ptolemy/vergil/basic/export/test/ptolemy/domains/ptinyos/lib/MicaLeds.xml (No such file or directory)
 in file:/home/travis/build/icyphy/ptII/ptolemy/actor/ptalon/demo/ptinyos/SenseToLeds/MicaBoard.xml at line 134 and column 63
	at ptolemy.moml.SimpleErrorHandler.handleError(SimpleErrorHandler.java:75)
	at ptolemy.moml.MoMLParser.startElement(MoMLParser.java:3805)
	at com.microstar.xml.XmlParser.parseElement(XmlParser.java:921)
	at com.microstar.xml.XmlParser.parseContent(XmlParser.java:1104)
	at com.microstar.xml.XmlParser.parseElement(XmlParser.java:924)
	at com.microstar.xml.XmlParser.parseDocument(XmlParser.java:481)
	at com.microstar.xml.XmlParser.doParse(XmlParser.java:159)
	at com.microstar.xml.XmlParser.parse(XmlParser.java:132)
	at ptolemy.moml.MoMLParser.parse(MoMLParser.java:1676)
	at ptolemy.moml.MoMLParser.parse(MoMLParser.java:1595)
	at ptolemy.moml.MoMLParser.parse(MoMLParser.java:1537)
	at ptolemy.moml.MoMLParser._findOrParse(MoMLParser.java:5286)
	at ptolemy.moml.MoMLParser._attemptToFindMoMLClass(MoMLParser.java:4075)
	at ptolemy.moml.MoMLParser._createEntity(MoMLParser.java:4323)
	... 65 more
Caused by: ptolemy.kernel.util.IllegalActionException: Cannot find class: ptolemy.domains.ptinyos.lib.MicaLeds. In Ptolemy, classes are typically Java .class files. Entities like actors may instead be defined within a .xml file.  In any case, the class was not found. If the class uses a third party package, then the class would be present only if the third party package was found at compile time.  It may be necessary to upgrade Java or install the third party package, reconfigure and recompile.
Because:
-- /home/travis/build/icyphy/ptII/ptolemy/actor/ptalon/demo/ptinyos/SenseToLeds/ptolemy/domains/ptinyos/lib/MicaLeds.xml (No such file or directory)
-- XML file not found relative to classpath.
-- /home/travis/build/icyphy/ptII/ptolemy/vergil/basic/export/test/ptolemy/domains/ptinyos/lib/MicaLeds.xml
/home/travis/build/icyphy/ptII/ptolemy/vergil/basic/export/test/ptolemy/domains/ptinyos/lib/MicaLeds.xml (No such file or directory)
 in file:/home/travis/build/icyphy/ptII/ptolemy/actor/ptalon/demo/ptinyos/SenseToLeds/MicaBoard.xml at line 134 and column 63
	at ptolemy.moml.MoMLParser._createEntity(MoMLParser.java:4330)
	at ptolemy.moml.MoMLParser.startElement(MoMLParser.java:2864)
	... 77 more
Caused by: com.microstar.xml.XmlException: -- /home/travis/build/icyphy/ptII/ptolemy/actor/ptalon/demo/ptinyos/SenseToLeds/ptolemy/domains/ptinyos/lib/MicaLeds.xml (No such file or directory)
-- XML file not found relative to classpath.
-- /home/travis/build/icyphy/ptII/ptolemy/vergil/basic/export/test/ptolemy/domains/ptinyos/lib/MicaLeds.xml
/home/travis/build/icyphy/ptII/ptolemy/vergil/basic/export/test/ptolemy/domains/ptinyos/lib/MicaLeds.xml (No such file or directory)
 in file:/home/travis/build/icyphy/ptII/ptolemy/actor/ptalon/demo/ptinyos/SenseToLeds/MicaBoard.xml at line 134 and column 63
	at ptolemy.moml.MoMLParser.fileNameToURL(MoMLParser.java:1414)
	at ptolemy.moml.MoMLParser._findOrParse(MoMLParser.java:5283)
	at ptolemy.moml.MoMLParser._attemptToFindMoMLClass(MoMLParser.java:4075)
	at ptolemy.moml.MoMLParser._createEntity(MoMLParser.java:4323)
	... 78 more
Caused by: ptolemy.actor.ptalon.PtalonRuntimeException: Unable to add actor null
	at ptolemy.actor.ptalon.PtalonEvaluator.addActor(PtalonEvaluator.java:300)
	at ptolemy.actor.ptalon.PtalonPopulator.actor_declaration(PtalonPopulator.java:1574)
	at ptolemy.actor.ptalon.PtalonPopulator.atomic_statement(PtalonPopulator.java:1638)
	at ptolemy.actor.ptalon.PtalonPopulator.iterative_statement_evaluator(PtalonPopulator.java:2484)
	at ptolemy.actor.ptalon.AbstractPtalonEvaluator$IfTree.evaluateForScope(AbstractPtalonEvaluator.java:1307)
	at ptolemy.actor.ptalon.AbstractPtalonEvaluator.evaluateForScope(AbstractPtalonEvaluator.java:744)
	at ptolemy.actor.ptalon.PtalonPopulator.iterative_statement(PtalonPopulator.java:2363)
	at ptolemy.actor.ptalon.PtalonPopulator.actor_definition(PtalonPopulator.java:2809)
	at ptolemy.actor.ptalon.PtalonActor.attributeChanged(PtalonActor.java:206)
	at ptolemy.actor.ptalon.PtalonMLHandler.startElement(PtalonMLHandler.java:134)
	at com.microstar.xml.XmlParser.parseElement(XmlParser.java:921)
	at com.microstar.xml.XmlParser.parseContent(XmlParser.java:1104)
	at com.microstar.xml.XmlParser.parseElement(XmlParser.java:924)
	at com.microstar.xml.XmlParser.parseDocument(XmlParser.java:481)
	at com.microstar.xml.XmlParser.doParse(XmlParser.java:159)
	at com.microstar.xml.XmlParser.parse(XmlParser.java:132)
	at ptolemy.actor.ptalon.PtalonActor.configure(PtalonActor.java:240)
	at ptolemy.moml.MoMLParser.endElement(MoMLParser.java:996)
	at com.microstar.xml.XmlParser.parseETag(XmlParser.java:1026)
	at com.microstar.xml.XmlParser.parseContent(XmlParser.java:1098)
	at com.microstar.xml.XmlParser.parseElement(XmlParser.java:924)
	at com.microstar.xml.XmlParser.parseContent(XmlParser.java:1104)
	at com.microstar.xml.XmlParser.parseElement(XmlParser.java:924)
	at com.microstar.xml.XmlParser.parseContent(XmlParser.java:1104)
	at com.microstar.xml.XmlParser.parseElement(XmlParser.java:924)
	at com.microstar.xml.XmlParser.parseDocument(XmlParser.java:481)
	at com.microstar.xml.XmlParser.doParse(XmlParser.java:159)
	at com.microstar.xml.XmlParser.parse(XmlParser.java:132)
	at ptolemy.moml.MoMLParser.parse(MoMLParser.java:1676)
	at ptolemy.moml.MoMLParser.parse(MoMLParser.java:1595)
	at ptolemy.moml.MoMLParser.parse(MoMLParser.java:1537)
	at ptolemy.actor.gui.PtolemyEffigy$Factory.createEffigy(PtolemyEffigy.java:424)
	at ptolemy.actor.gui.EffigyFactory.createEffigy(EffigyFactory.java:234)
	at ptolemy.actor.gui.Configuration.openModel(Configuration.java:1125)
	at ptolemy.actor.gui.Configuration.openModel(Configuration.java:1051)
	at ptolemy.actor.gui.ConfigurationApplication._openModel(ConfigurationApplication.java:1252)
	at ptolemy.actor.gui.ConfigurationApplication._parseArg(ConfigurationApplication.java:1399)
	at ptolemy.actor.gui.ConfigurationApplication._parseArgs(ConfigurationApplication.java:1478)
	at ptolemy.actor.gui.ConfigurationApplication.<init>(ConfigurationApplication.java:277)
	at ptolemy.actor.gui.ConfigurationApplication.<init>(ConfigurationApplication.java:214)
	at ptolemy.actor.gui.ConfigurationApplication.<init>(ConfigurationApplication.java:201)
	at ptolemy.actor.gui.ConfigurationApplication.openModelOrEntity(ConfigurationApplication.java:680)
	at ptolemy.vergil.basic.export.ExportModel$1.run(ExportModel.java:220)
	at java.awt.event.InvocationEvent.dispatch(InvocationEvent.java:301)
	at java.awt.EventQueue.dispatchEventImpl(EventQueue.java:756)
	at java.awt.EventQueue.access$500(EventQueue.java:97)
	at java.awt.EventQueue$3.run(EventQueue.java:709)
	at java.awt.EventQueue$3.run(EventQueue.java:703)
	at java.security.AccessController.doPrivileged(Native Method)
	at java.security.ProtectionDomain$JavaSecurityAccessImpl.doIntersectionPrivilege(ProtectionDomain.java:80)
	at java.awt.EventQueue.dispatchEvent(EventQueue.java:726)
	at java.awt.EventDispatchThread.pumpOneEventForFilters(EventDispatchThread.java:201)
	at java.awt.EventDispatchThread.pumpEventsForFilter(EventDispatchThread.java:116)
	at java.awt.EventDispatchThread.pumpEventsForHierarchy(EventDispatchThread.java:105)
	at java.awt.EventDispatchThread.pumpEvents(EventDispatchThread.java:101)
	at java.awt.EventDispatchThread.pumpEvents(EventDispatchThread.java:93)
	at java.awt.EventDispatchThread.run(EventDispatchThread.java:82)
Caused by: ptolemy.kernel.util.InternalErrorException: Element <entity name="node1" class="ptolemy.actor.ptalon.demo.ptinyos.SenseToLeds.MicaBoard"> caused an exception to be thrown.
  in .SenseToLeds.SenseToLeds
Because:
Cannot find class: ptolemy.actor.ptalon.demo.ptinyos.SenseToLeds.MicaBoard. In Ptolemy, classes are typically Java .class files. Entities like actors may instead be defined within a .xml file.  In any case, the class was not found. If the class uses a third party package, then the class would be present only if the third party package was found at compile time.  It may be necessary to upgrade Java or install the third party package, reconfigure and recompile.
Because:
Element <entity name="MicaLeds" class="ptolemy.domains.ptinyos.lib.MicaLeds"> caused an exception to be thrown.
  in .MicaBoard
Because:
Cannot find class: ptolemy.domains.ptinyos.lib.MicaLeds. In Ptolemy, classes are typically Java .class files. Entities like actors may instead be defined within a .xml file.  In any case, the class was not found. If the class uses a third party package, then the class would be present only if the third party package was found at compile time.  It may be necessary to upgrade Java or install the third party package, reconfigure and recompile.
Because:
-- /home/travis/build/icyphy/ptII/ptolemy/actor/ptalon/demo/ptinyos/SenseToLeds/ptolemy/domains/ptinyos/lib/MicaLeds.xml (No such file or directory)
-- XML file not found relative to classpath.
-- /home/travis/build/icyphy/ptII/ptolemy/vergil/basic/export/test/ptolemy/domains/ptinyos/lib/MicaLeds.xml
/home/travis/build/icyphy/ptII/ptolemy/vergil/basic/export/test/ptolemy/domains/ptinyos/lib/MicaLeds.xml (No such file or directory)
 in file:/home/travis/build/icyphy/ptII/ptolemy/actor/ptalon/demo/ptinyos/SenseToLeds/MicaBoard.xml at line 134 and column 63
	at ptolemy.moml.SimpleErrorHandler.handleError(SimpleErrorHandler.java:75)
	at ptolemy.moml.MoMLParser.startElement(MoMLParser.java:3805)
	at com.microstar.xml.XmlParser.parseElement(XmlParser.java:931)
	at com.microstar.xml.XmlParser.parseDocument(XmlParser.java:481)
	at com.microstar.xml.XmlParser.doParse(XmlParser.java:159)
	at com.microstar.xml.XmlParser.parse(XmlParser.java:132)
	at ptolemy.moml.MoMLParser.parse(MoMLParser.java:1660)
	at ptolemy.moml.MoMLParser.parse(MoMLParser.java:1617)
	at ptolemy.moml.MoMLParser.parse(MoMLParser.java:1792)
	at ptolemy.actor.ptalon.PtalonEvaluator.addActor(PtalonEvaluator.java:241)
	... 56 more
Caused by: ptolemy.kernel.util.IllegalActionException: Cannot find class: ptolemy.actor.ptalon.demo.ptinyos.SenseToLeds.MicaBoard. In Ptolemy, classes are typically Java .class files. Entities like actors may instead be defined within a .xml file.  In any case, the class was not found. If the class uses a third party package, then the class would be present only if the third party package was found at compile time.  It may be necessary to upgrade Java or install the third party package, reconfigure and recompile.
Because:
Element <entity name="MicaLeds" class="ptolemy.domains.ptinyos.lib.MicaLeds"> caused an exception to be thrown.
  in .MicaBoard
Because:
Cannot find class: ptolemy.domains.ptinyos.lib.MicaLeds. In Ptolemy, classes are typically Java .class files. Entities like actors may instead be defined within a .xml file.  In any case, the class was not found. If the class uses a third party package, then the class would be present only if the third party package was found at compile time.  It may be necessary to upgrade Java or install the third party package, reconfigure and recompile.
Because:
-- /home/travis/build/icyphy/ptII/ptolemy/actor/ptalon/demo/ptinyos/SenseToLeds/ptolemy/domains/ptinyos/lib/MicaLeds.xml (No such file or directory)
-- XML file not found relative to classpath.
-- /home/travis/build/icyphy/ptII/ptolemy/vergil/basic/export/test/ptolemy/domains/ptinyos/lib/MicaLeds.xml
/home/travis/build/icyphy/ptII/ptolemy/vergil/basic/export/test/ptolemy/domains/ptinyos/lib/MicaLeds.xml (No such file or directory)
 in file:/home/travis/build/icyphy/ptII/ptolemy/actor/ptalon/demo/ptinyos/SenseToLeds/MicaBoard.xml at line 134 and column 63
	at ptolemy.moml.MoMLParser._createEntity(MoMLParser.java:4330)
	at ptolemy.moml.MoMLParser.startElement(MoMLParser.java:2864)
	... 64 more
Caused by: ptolemy.kernel.util.InternalErrorException: Element <entity name="MicaLeds" class="ptolemy.domains.ptinyos.lib.MicaLeds"> caused an exception to be thrown.
  in .MicaBoard
Because:
Cannot find class: ptolemy.domains.ptinyos.lib.MicaLeds. In Ptolemy, classes are typically Java .class files. Entities like actors may instead be defined within a .xml file.  In any case, the class was not found. If the class uses a third party package, then the class would be present only if the third party package was found at compile time.  It may be necessary to upgrade Java or install the third party package, reconfigure and recompile.
Because:
-- /home/travis/build/icyphy/ptII/ptolemy/actor/ptalon/demo/ptinyos/SenseToLeds/ptolemy/domains/ptinyos/lib/MicaLeds.xml (No such file or directory)
-- XML file not found relative to classpath.
-- /home/travis/build/icyphy/ptII/ptolemy/vergil/basic/export/test/ptolemy/domains/ptinyos/lib/MicaLeds.xml
/home/travis/build/icyphy/ptII/ptolemy/vergil/basic/export/test/ptolemy/domains/ptinyos/lib/MicaLeds.xml (No such file or directory)
 in file:/home/travis/build/icyphy/ptII/ptolemy/actor/ptalon/demo/ptinyos/SenseToLeds/MicaBoard.xml at line 134 and column 63
	at ptolemy.moml.SimpleErrorHandler.handleError(SimpleErrorHandler.java:75)
	at ptolemy.moml.MoMLParser.startElement(MoMLParser.java:3805)
	at com.microstar.xml.XmlParser.parseElement(XmlParser.java:921)
	at com.microstar.xml.XmlParser.parseContent(XmlParser.java:1104)
	at com.microstar.xml.XmlParser.parseElement(XmlParser.java:924)
	at com.microstar.xml.XmlParser.parseDocument(XmlParser.java:481)
	at com.microstar.xml.XmlParser.doParse(XmlParser.java:159)
	at com.microstar.xml.XmlParser.parse(XmlParser.java:132)
	at ptolemy.moml.MoMLParser.parse(MoMLParser.java:1676)
	at ptolemy.moml.MoMLParser.parse(MoMLParser.java:1595)
	at ptolemy.moml.MoMLParser.parse(MoMLParser.java:1537)
	at ptolemy.moml.MoMLParser._findOrParse(MoMLParser.java:5286)
	at ptolemy.moml.MoMLParser._attemptToFindMoMLClass(MoMLParser.java:4075)
	at ptolemy.moml.MoMLParser._createEntity(MoMLParser.java:4323)
	... 65 more
Caused by: ptolemy.kernel.util.IllegalActionException: Cannot find class: ptolemy.domains.ptinyos.lib.MicaLeds. In Ptolemy, classes are typically Java .class files. Entities like actors may instead be defined within a .xml file.  In any case, the class was not found. If the class uses a third party package, then the class would be present only if the third party package was found at compile time.  It may be necessary to upgrade Java or install the third party package, reconfigure and recompile.
Because:
-- /home/travis/build/icyphy/ptII/ptolemy/actor/ptalon/demo/ptinyos/SenseToLeds/ptolemy/domains/ptinyos/lib/MicaLeds.xml (No such file or directory)
-- XML file not found relative to classpath.
-- /home/travis/build/icyphy/ptII/ptolemy/vergil/basic/export/test/ptolemy/domains/ptinyos/lib/MicaLeds.xml
/home/travis/build/icyphy/ptII/ptolemy/vergil/basic/export/test/ptolemy/domains/ptinyos/lib/MicaLeds.xml (No such file or directory)
 in file:/home/travis/build/icyphy/ptII/ptolemy/actor/ptalon/demo/ptinyos/SenseToLeds/MicaBoard.xml at line 134 and column 63
	at ptolemy.moml.MoMLParser._createEntity(MoMLParser.java:4330)
	at ptolemy.moml.MoMLParser.startElement(MoMLParser.java:2864)
	... 77 more
Caused by: com.microstar.xml.XmlException: -- /home/travis/build/icyphy/ptII/ptolemy/actor/ptalon/demo/ptinyos/SenseToLeds/ptolemy/domains/ptinyos/lib/MicaLeds.xml (No such file or directory)
-- XML file not found relative to classpath.
-- /home/travis/build/icyphy/ptII/ptolemy/vergil/basic/export/test/ptolemy/domains/ptinyos/lib/MicaLeds.xml
/home/travis/build/icyphy/ptII/ptolemy/vergil/basic/export/test/ptolemy/domains/ptinyos/lib/MicaLeds.xml (No such file or directory)
 in file:/home/travis/build/icyphy/ptII/ptolemy/actor/ptalon/demo/ptinyos/SenseToLeds/MicaBoard.xml at line 134 and column 63
	at ptolemy.moml.MoMLParser.fileNameToURL(MoMLParser.java:1414)
	at ptolemy.moml.MoMLParser._findOrParse(MoMLParser.java:5283)
	at ptolemy.moml.MoMLParser._attemptToFindMoMLClass(MoMLParser.java:4075)
	at ptolemy.moml.MoMLParser._createEntity(MoMLParser.java:4323)
	... 78 more
Failed to read file:/home/travis/build/icyphy/ptII/ptolemy/actor/ptalon/demo/ptinyos/SenseToLeds/SenseToLeds.xml
ptolemy.kernel.util.IllegalActionException: Failed to process attribute change to PtalonParameter, whose value is "ptolemy.actor.ptalon.PtalonExpressionParameter {.SenseToLeds.SenseToLeds.n} 2".
  in .SenseToLeds.SenseToLeds
Because:
Unable to add actor null
	at ptolemy.actor.ptalon.PtalonActor.attributeChanged(PtalonActor.java:211)
	at ptolemy.actor.ptalon.PtalonMLHandler.startElement(PtalonMLHandler.java:134)
	at com.microstar.xml.XmlParser.parseElement(XmlParser.java:921)
	at com.microstar.xml.XmlParser.parseContent(XmlParser.java:1104)
	at com.microstar.xml.XmlParser.parseElement(XmlParser.java:924)
	at com.microstar.xml.XmlParser.parseDocument(XmlParser.java:481)
	at com.microstar.xml.XmlParser.doParse(XmlParser.java:159)
	at com.microstar.xml.XmlParser.parse(XmlParser.java:132)
	at ptolemy.actor.ptalon.PtalonActor.configure(PtalonActor.java:240)
	at ptolemy.moml.MoMLParser.endElement(MoMLParser.java:996)
	at com.microstar.xml.XmlParser.parseETag(XmlParser.java:1026)
	at com.microstar.xml.XmlParser.parseContent(XmlParser.java:1098)
	at com.microstar.xml.XmlParser.parseElement(XmlParser.java:924)
	at com.microstar.xml.XmlParser.parseContent(XmlParser.java:1104)
	at com.microstar.xml.XmlParser.parseElement(XmlParser.java:924)
	at com.microstar.xml.XmlParser.parseContent(XmlParser.java:1104)
	at com.microstar.xml.XmlParser.parseElement(XmlParser.java:924)
	at com.microstar.xml.XmlParser.parseDocument(XmlParser.java:481)
	at com.microstar.xml.XmlParser.doParse(XmlParser.java:159)
	at com.microstar.xml.XmlParser.parse(XmlParser.java:132)
	at ptolemy.moml.MoMLParser.parse(MoMLParser.java:1676)
	at ptolemy.moml.MoMLParser.parse(MoMLParser.java:1595)
	at ptolemy.moml.MoMLParser.parse(MoMLParser.java:1537)
	at ptolemy.actor.gui.PtolemyEffigy$Factory.createEffigy(PtolemyEffigy.java:424)
	at ptolemy.actor.gui.EffigyFactory.createEffigy(EffigyFactory.java:234)
	at ptolemy.actor.gui.Configuration.openModel(Configuration.java:1125)
	at ptolemy.actor.gui.Configuration.openModel(Configuration.java:1051)
	at ptolemy.actor.gui.ConfigurationApplication._openModel(ConfigurationApplication.java:1252)
	at ptolemy.actor.gui.ConfigurationApplication._parseArg(ConfigurationApplication.java:1399)
	at ptolemy.actor.gui.ConfigurationApplication._parseArgs(ConfigurationApplication.java:1478)
	at ptolemy.actor.gui.ConfigurationApplication.<init>(ConfigurationApplication.java:277)
	at ptolemy.actor.gui.ConfigurationApplication.<init>(ConfigurationApplication.java:214)
	at ptolemy.actor.gui.ConfigurationApplication.<init>(ConfigurationApplication.java:201)
	at ptolemy.actor.gui.ConfigurationApplication.openModelOrEntity(ConfigurationApplication.java:680)
	at ptolemy.vergil.basic.export.ExportModel$1.run(ExportModel.java:220)
	at java.awt.event.InvocationEvent.dispatch(InvocationEvent.java:301)
	at java.awt.EventQueue.dispatchEventImpl(EventQueue.java:756)
	at java.awt.EventQueue.access$500(EventQueue.java:97)
	at java.awt.EventQueue$3.run(EventQueue.java:709)
	at java.awt.EventQueue$3.run(EventQueue.java:703)
	at java.security.AccessController.doPrivileged(Native Method)
	at java.security.ProtectionDomain$JavaSecurityAccessImpl.doIntersectionPrivilege(ProtectionDomain.java:80)
	at java.awt.EventQueue.dispatchEvent(EventQueue.java:726)
	at java.awt.EventDispatchThread.pumpOneEventForFilters(EventDispatchThread.java:201)
	at java.awt.EventDispatchThread.pumpEventsForFilter(EventDispatchThread.java:116)
	at java.awt.EventDispatchThread.pumpEventsForHierarchy(EventDispatchThread.java:105)
	at java.awt.EventDispatchThread.pumpEvents(EventDispatchThread.java:101)
	at java.awt.EventDispatchThread.pumpEvents(EventDispatchThread.java:93)
	at java.awt.EventDispatchThread.run(EventDispatchThread.java:82)
Caused by: ptolemy.actor.ptalon.PtalonRuntimeException: Unable to add actor null
	at ptolemy.actor.ptalon.PtalonEvaluator.addActor(PtalonEvaluator.java:300)
	at ptolemy.actor.ptalon.PtalonPopulator.actor_declaration(PtalonPopulator.java:1574)
	at ptolemy.actor.ptalon.PtalonPopulator.atomic_statement(PtalonPopulator.java:1638)
	at ptolemy.actor.ptalon.PtalonPopulator.iterative_statement_evaluator(PtalonPopulator.java:2484)
	at ptolemy.actor.ptalon.AbstractPtalonEvaluator$IfTree.evaluateForScope(AbstractPtalonEvaluator.java:1307)
	at ptolemy.actor.ptalon.AbstractPtalonEvaluator.evaluateForScope(AbstractPtalonEvaluator.java:744)
	at ptolemy.actor.ptalon.PtalonPopulator.iterative_statement(PtalonPopulator.java:2363)
	at ptolemy.actor.ptalon.PtalonPopulator.actor_definition(PtalonPopulator.java:2809)
	at ptolemy.actor.ptalon.PtalonActor.attributeChanged(PtalonActor.java:206)
	... 48 more
Caused by: ptolemy.kernel.util.InternalErrorException: Element <entity name="node1" class="ptolemy.actor.ptalon.demo.ptinyos.SenseToLeds.MicaBoard"> caused an exception to be thrown.
  in .SenseToLeds.SenseToLeds
Because:
Cannot find class: ptolemy.actor.ptalon.demo.ptinyos.SenseToLeds.MicaBoard. In Ptolemy, classes are typically Java .class files. Entities like actors may instead be defined within a .xml file.  In any case, the class was not found. If the class uses a third party package, then the class would be present only if the third party package was found at compile time.  It may be necessary to upgrade Java or install the third party package, reconfigure and recompile.
Because:
Element <entity name="MicaLeds" class="ptolemy.domains.ptinyos.lib.MicaLeds"> caused an exception to be thrown.
  in .MicaBoard
Because:
Cannot find class: ptolemy.domains.ptinyos.lib.MicaLeds. In Ptolemy, classes are typically Java .class files. Entities like actors may instead be defined within a .xml file.  In any case, the class was not found. If the class uses a third party package, then the class would be present only if the third party package was found at compile time.  It may be necessary to upgrade Java or install the third party package, reconfigure and recompile.
Because:
-- /home/travis/build/icyphy/ptII/ptolemy/actor/ptalon/demo/ptinyos/SenseToLeds/ptolemy/domains/ptinyos/lib/MicaLeds.xml (No such file or directory)
-- XML file not found relative to classpath.
-- /home/travis/build/icyphy/ptII/ptolemy/vergil/basic/export/test/ptolemy/domains/ptinyos/lib/MicaLeds.xml
/home/travis/build/icyphy/ptII/ptolemy/vergil/basic/export/test/ptolemy/domains/ptinyos/lib/MicaLeds.xml (No such file or directory)
 in file:/home/travis/build/icyphy/ptII/ptolemy/actor/ptalon/demo/ptinyos/SenseToLeds/MicaBoard.xml at line 134 and column 63
	at ptolemy.moml.SimpleErrorHandler.handleError(SimpleErrorHandler.java:75)
	at ptolemy.moml.MoMLParser.startElement(MoMLParser.java:3805)
	at com.microstar.xml.XmlParser.parseElement(XmlParser.java:931)
	at com.microstar.xml.XmlParser.parseDocument(XmlParser.java:481)
	at com.microstar.xml.XmlParser.doParse(XmlParser.java:159)
	at com.microstar.xml.XmlParser.parse(XmlParser.java:132)
	at ptolemy.moml.MoMLParser.parse(MoMLParser.java:1660)
	at ptolemy.moml.MoMLParser.parse(MoMLParser.java:1617)
	at ptolemy.moml.MoMLParser.parse(MoMLParser.java:1792)
	at ptolemy.actor.ptalon.PtalonEvaluator.addActor(PtalonEvaluator.java:241)
	... 56 more
Caused by: ptolemy.kernel.util.IllegalActionException: Cannot find class: ptolemy.actor.ptalon.demo.ptinyos.SenseToLeds.MicaBoard. In Ptolemy, classes are typically Java .class files. Entities like actors may instead be defined within a .xml file.  In any case, the class was not found. If the class uses a third party package, then the class would be present only if the third party package was found at compile time.  It may be necessary to upgrade Java or install the third party package, reconfigure and recompile.
Because:
Element <entity name="MicaLeds" class="ptolemy.domains.ptinyos.lib.MicaLeds"> caused an exception to be thrown.
  in .MicaBoard
Because:
Cannot find class: ptolemy.domains.ptinyos.lib.MicaLeds. In Ptolemy, classes are typically Java .class files. Entities like actors may instead be defined within a .xml file.  In any case, the class was not found. If the class uses a third party package, then the class would be present only if the third party package was found at compile time.  It may be necessary to upgrade Java or install the third party package, reconfigure and recompile.
Because:
-- /home/travis/build/icyphy/ptII/ptolemy/actor/ptalon/demo/ptinyos/SenseToLeds/ptolemy/domains/ptinyos/lib/MicaLeds.xml (No such file or directory)
-- XML file not found relative to classpath.
-- /home/travis/build/icyphy/ptII/ptolemy/vergil/basic/export/test/ptolemy/domains/ptinyos/lib/MicaLeds.xml
/home/travis/build/icyphy/ptII/ptolemy/vergil/basic/export/test/ptolemy/domains/ptinyos/lib/MicaLeds.xml (No such file or directory)
 in file:/home/travis/build/icyphy/ptII/ptolemy/actor/ptalon/demo/ptinyos/SenseToLeds/MicaBoard.xml at line 134 and column 63
	at ptolemy.moml.MoMLParser._createEntity(MoMLParser.java:4330)
	at ptolemy.moml.MoMLParser.startElement(MoMLParser.java:2864)
	... 64 more
Caused by: ptolemy.kernel.util.InternalErrorException: Element <entity name="MicaLeds" class="ptolemy.domains.ptinyos.lib.MicaLeds"> caused an exception to be thrown.
  in .MicaBoard
Because:
Cannot find class: ptolemy.domains.ptinyos.lib.MicaLeds. In Ptolemy, classes are typically Java .class files. Entities like actors may instead be defined within a .xml file.  In any case, the class was not found. If the class uses a third party package, then the class would be present only if the third party package was found at compile time.  It may be necessary to upgrade Java or install the third party package, reconfigure and recompile.
Because:
-- /home/travis/build/icyphy/ptII/ptolemy/actor/ptalon/demo/ptinyos/SenseToLeds/ptolemy/domains/ptinyos/lib/MicaLeds.xml (No such file or directory)
-- XML file not found relative to classpath.
-- /home/travis/build/icyphy/ptII/ptolemy/vergil/basic/export/test/ptolemy/domains/ptinyos/lib/MicaLeds.xml
/home/travis/build/icyphy/ptII/ptolemy/vergil/basic/export/test/ptolemy/domains/ptinyos/lib/MicaLeds.xml (No such file or directory)
 in file:/home/travis/build/icyphy/ptII/ptolemy/actor/ptalon/demo/ptinyos/SenseToLeds/MicaBoard.xml at line 134 and column 63
	at ptolemy.moml.SimpleErrorHandler.handleError(SimpleErrorHandler.java:75)
	at ptolemy.moml.MoMLParser.startElement(MoMLParser.java:3805)
	at com.microstar.xml.XmlParser.parseElement(XmlParser.java:921)
	at com.microstar.xml.XmlParser.parseContent(XmlParser.java:1104)
	at com.microstar.xml.XmlParser.parseElement(XmlParser.java:924)
	at com.microstar.xml.XmlParser.parseDocument(XmlParser.java:481)
	at com.microstar.xml.XmlParser.doParse(XmlParser.java:159)
	at com.microstar.xml.XmlParser.parse(XmlParser.java:132)
	at ptolemy.moml.MoMLParser.parse(MoMLParser.java:1676)
	at ptolemy.moml.MoMLParser.parse(MoMLParser.java:1595)
	at ptolemy.moml.MoMLParser.parse(MoMLParser.java:1537)
	at ptolemy.moml.MoMLParser._findOrParse(MoMLParser.java:5286)
	at ptolemy.moml.MoMLParser._attemptToFindMoMLClass(MoMLParser.java:4075)
	at ptolemy.moml.MoMLParser._createEntity(MoMLParser.java:4323)
	... 65 more
Caused by: ptolemy.kernel.util.IllegalActionException: Cannot find class: ptolemy.domains.ptinyos.lib.MicaLeds. In Ptolemy, classes are typically Java .class files. Entities like actors may instead be defined within a .xml file.  In any case, the class was not found. If the class uses a third party package, then the class would be present only if the third party package was found at compile time.  It may be necessary to upgrade Java or install the third party package, reconfigure and recompile.
Because:
-- /home/travis/build/icyphy/ptII/ptolemy/actor/ptalon/demo/ptinyos/SenseToLeds/ptolemy/domains/ptinyos/lib/MicaLeds.xml (No such file or directory)
-- XML file not found relative to classpath.
-- /home/travis/build/icyphy/ptII/ptolemy/vergil/basic/export/test/ptolemy/domains/ptinyos/lib/MicaLeds.xml
/home/travis/build/icyphy/ptII/ptolemy/vergil/basic/export/test/ptolemy/domains/ptinyos/lib/MicaLeds.xml (No such file or directory)
 in file:/home/travis/build/icyphy/ptII/ptolemy/actor/ptalon/demo/ptinyos/SenseToLeds/MicaBoard.xml at line 134 and column 63
	at ptolemy.moml.MoMLParser._createEntity(MoMLParser.java:4330)
	at ptolemy.moml.MoMLParser.startElement(MoMLParser.java:2864)
	... 77 more
Caused by: com.microstar.xml.XmlException: -- /home/travis/build/icyphy/ptII/ptolemy/actor/ptalon/demo/ptinyos/SenseToLeds/ptolemy/domains/ptinyos/lib/MicaLeds.xml (No such file or directory)
-- XML file not found relative to classpath.
-- /home/travis/build/icyphy/ptII/ptolemy/vergil/basic/export/test/ptolemy/domains/ptinyos/lib/MicaLeds.xml
/home/travis/build/icyphy/ptII/ptolemy/vergil/basic/export/test/ptolemy/domains/ptinyos/lib/MicaLeds.xml (No such file or directory)
 in file:/home/travis/build/icyphy/ptII/ptolemy/actor/ptalon/demo/ptinyos/SenseToLeds/MicaBoard.xml at line 134 and column 63
	at ptolemy.moml.MoMLParser.fileNameToURL(MoMLParser.java:1414)
	at ptolemy.moml.MoMLParser._findOrParse(MoMLParser.java:5283)
	at ptolemy.moml.MoMLParser._attemptToFindMoMLClass(MoMLParser.java:4075)
	at ptolemy.moml.MoMLParser._createEntity(MoMLParser.java:4323)
	... 78 more
Caused by: ptolemy.actor.ptalon.PtalonRuntimeException: Unable to add actor null
	at ptolemy.actor.ptalon.PtalonEvaluator.addActor(PtalonEvaluator.java:300)
	at ptolemy.actor.ptalon.PtalonPopulator.actor_declaration(PtalonPopulator.java:1574)
	at ptolemy.actor.ptalon.PtalonPopulator.atomic_statement(PtalonPopulator.java:1638)
	at ptolemy.actor.ptalon.PtalonPopulator.iterative_statement_evaluator(PtalonPopulator.java:2484)
	at ptolemy.actor.ptalon.AbstractPtalonEvaluator$IfTree.evaluateForScope(AbstractPtalonEvaluator.java:1307)
	at ptolemy.actor.ptalon.AbstractPtalonEvaluator.evaluateForScope(AbstractPtalonEvaluator.java:744)
	at ptolemy.actor.ptalon.PtalonPopulator.iterative_statement(PtalonPopulator.java:2363)
	at ptolemy.actor.ptalon.PtalonPopulator.actor_definition(PtalonPopulator.java:2809)
	at ptolemy.actor.ptalon.PtalonActor.attributeChanged(PtalonActor.java:206)
	at ptolemy.actor.ptalon.PtalonMLHandler.startElement(PtalonMLHandler.java:134)
	at com.microstar.xml.XmlParser.parseElement(XmlParser.java:921)
	at com.microstar.xml.XmlParser.parseContent(XmlParser.java:1104)
	at com.microstar.xml.XmlParser.parseElement(XmlParser.java:924)
	at com.microstar.xml.XmlParser.parseDocument(XmlParser.java:481)
	at com.microstar.xml.XmlParser.doParse(XmlParser.java:159)
	at com.microstar.xml.XmlParser.parse(XmlParser.java:132)
	at ptolemy.actor.ptalon.PtalonActor.configure(PtalonActor.java:240)
	at ptolemy.moml.MoMLParser.endElement(MoMLParser.java:996)
	at com.microstar.xml.XmlParser.parseETag(XmlParser.java:1026)
	at com.microstar.xml.XmlParser.parseContent(XmlParser.java:1098)
	at com.microstar.xml.XmlParser.parseElement(XmlParser.java:924)
	at com.microstar.xml.XmlParser.parseContent(XmlParser.java:1104)
	at com.microstar.xml.XmlParser.parseElement(XmlParser.java:924)
	at com.microstar.xml.XmlParser.parseContent(XmlParser.java:1104)
	at com.microstar.xml.XmlParser.parseElement(XmlParser.java:924)
	at com.microstar.xml.XmlParser.parseDocument(XmlParser.java:481)
	at com.microstar.xml.XmlParser.doParse(XmlParser.java:159)
	at com.microstar.xml.XmlParser.parse(XmlParser.java:132)
	at ptolemy.moml.MoMLParser.parse(MoMLParser.java:1676)
	at ptolemy.moml.MoMLParser.parse(MoMLParser.java:1595)
	at ptolemy.moml.MoMLParser.parse(MoMLParser.java:1537)
	at ptolemy.actor.gui.PtolemyEffigy$Factory.createEffigy(PtolemyEffigy.java:424)
	at ptolemy.actor.gui.EffigyFactory.createEffigy(EffigyFactory.java:234)
	at ptolemy.actor.gui.Configuration.openModel(Configuration.java:1125)
	at ptolemy.actor.gui.Configuration.openModel(Configuration.java:1051)
	at ptolemy.actor.gui.ConfigurationApplication._openModel(ConfigurationApplication.java:1252)
	at ptolemy.actor.gui.ConfigurationApplication._parseArg(ConfigurationApplication.java:1399)
	at ptolemy.actor.gui.ConfigurationApplication._parseArgs(ConfigurationApplication.java:1478)
	at ptolemy.actor.gui.ConfigurationApplication.<init>(ConfigurationApplication.java:277)
	at ptolemy.actor.gui.ConfigurationApplication.<init>(ConfigurationApplication.java:214)
	at ptolemy.actor.gui.ConfigurationApplication.<init>(ConfigurationApplication.java:201)
	at ptolemy.actor.gui.ConfigurationApplication.openModelOrEntity(ConfigurationApplication.java:680)
	at ptolemy.vergil.basic.export.ExportModel$1.run(ExportModel.java:220)
	at java.awt.event.InvocationEvent.dispatch(InvocationEvent.java:301)
	at java.awt.EventQueue.dispatchEventImpl(EventQueue.java:756)
	at java.awt.EventQueue.access$500(EventQueue.java:97)
	at java.awt.EventQueue$3.run(EventQueue.java:709)
	at java.awt.EventQueue$3.run(EventQueue.java:703)
	at java.security.AccessController.doPrivileged(Native Method)
	at java.security.ProtectionDomain$JavaSecurityAccessImpl.doIntersectionPrivilege(ProtectionDomain.java:80)
	at java.awt.EventQueue.dispatchEvent(EventQueue.java:726)
	at java.awt.EventDispatchThread.pumpOneEventForFilters(EventDispatchThread.java:201)
	at java.awt.EventDispatchThread.pumpEventsForFilter(EventDispatchThread.java:116)
	at java.awt.EventDispatchThread.pumpEventsForHierarchy(EventDispatchThread.java:105)
	at java.awt.EventDispatchThread.pumpEvents(EventDispatchThread.java:101)
	at java.awt.EventDispatchThread.pumpEvents(EventDispatchThread.java:93)
	at java.awt.EventDispatchThread.run(EventDispatchThread.java:82)
Caused by: ptolemy.kernel.util.InternalErrorException: Element <entity name="node1" class="ptolemy.actor.ptalon.demo.ptinyos.SenseToLeds.MicaBoard"> caused an exception to be thrown.
  in .SenseToLeds.SenseToLeds
Because:
Cannot find class: ptolemy.actor.ptalon.demo.ptinyos.SenseToLeds.MicaBoard. In Ptolemy, classes are typically Java .class files. Entities like actors may instead be defined within a .xml file.  In any case, the class was not found. If the class uses a third party package, then the class would be present only if the third party package was found at compile time.  It may be necessary to upgrade Java or install the third party package, reconfigure and recompile.
Because:
Element <entity name="MicaLeds" class="ptolemy.domains.ptinyos.lib.MicaLeds"> caused an exception to be thrown.
  in .MicaBoard
Because:
Cannot find class: ptolemy.domains.ptinyos.lib.MicaLeds. In Ptolemy, classes are typically Java .class files. Entities like actors may instead be defined within a .xml file.  In any case, the class was not found. If the class uses a third party package, then the class would be present only if the third party package was found at compile time.  It may be necessary to upgrade Java or install the third party package, reconfigure and recompile.
Because:
-- /home/travis/build/icyphy/ptII/ptolemy/actor/ptalon/demo/ptinyos/SenseToLeds/ptolemy/domains/ptinyos/lib/MicaLeds.xml (No such file or directory)
-- XML file not found relative to classpath.
-- /home/travis/build/icyphy/ptII/ptolemy/vergil/basic/export/test/ptolemy/domains/ptinyos/lib/MicaLeds.xml
/home/travis/build/icyphy/ptII/ptolemy/vergil/basic/export/test/ptolemy/domains/ptinyos/lib/MicaLeds.xml (No such file or directory)
 in file:/home/travis/build/icyphy/ptII/ptolemy/actor/ptalon/demo/ptinyos/SenseToLeds/MicaBoard.xml at line 134 and column 63
	at ptolemy.moml.SimpleErrorHandler.handleError(SimpleErrorHandler.java:75)
	at ptolemy.moml.MoMLParser.startElement(MoMLParser.java:3805)
	at com.microstar.xml.XmlParser.parseElement(XmlParser.java:931)
	at com.microstar.xml.XmlParser.parseDocument(XmlParser.java:481)
	at com.microstar.xml.XmlParser.doParse(XmlParser.java:159)
	at com.microstar.xml.XmlParser.parse(XmlParser.java:132)
	at ptolemy.moml.MoMLParser.parse(MoMLParser.java:1660)
	at ptolemy.moml.MoMLParser.parse(MoMLParser.java:1617)
	at ptolemy.moml.MoMLParser.parse(MoMLParser.java:1792)
	at ptolemy.actor.ptalon.PtalonEvaluator.addActor(PtalonEvaluator.java:241)
	... 56 more
Caused by: ptolemy.kernel.util.IllegalActionException: Cannot find class: ptolemy.actor.ptalon.demo.ptinyos.SenseToLeds.MicaBoard. In Ptolemy, classes are typically Java .class files. Entities like actors may instead be defined within a .xml file.  In any case, the class was not found. If the class uses a third party package, then the class would be present only if the third party package was found at compile time.  It may be necessary to upgrade Java or install the third party package, reconfigure and recompile.
Because:
Element <entity name="MicaLeds" class="ptolemy.domains.ptinyos.lib.MicaLeds"> caused an exception to be thrown.
  in .MicaBoard
Because:
Cannot find class: ptolemy.domains.ptinyos.lib.MicaLeds. In Ptolemy, classes are typically Java .class files. Entities like actors may instead be defined within a .xml file.  In any case, the class was not found. If the class uses a third party package, then the class would be present only if the third party package was found at compile time.  It may be necessary to upgrade Java or install the third party package, reconfigure and recompile.
Because:
-- /home/travis/build/icyphy/ptII/ptolemy/actor/ptalon/demo/ptinyos/SenseToLeds/ptolemy/domains/ptinyos/lib/MicaLeds.xml (No such file or directory)
-- XML file not found relative to classpath.
-- /home/travis/build/icyphy/ptII/ptolemy/vergil/basic/export/test/ptolemy/domains/ptinyos/lib/MicaLeds.xml
/home/travis/build/icyphy/ptII/ptolemy/vergil/basic/export/test/ptolemy/domains/ptinyos/lib/MicaLeds.xml (No such file or directory)
 in file:/home/travis/build/icyphy/ptII/ptolemy/actor/ptalon/demo/ptinyos/SenseToLeds/MicaBoard.xml at line 134 and column 63
	at ptolemy.moml.MoMLParser._createEntity(MoMLParser.java:4330)
	at ptolemy.moml.MoMLParser.startElement(MoMLParser.java:2864)
	... 64 more
Caused by: ptolemy.kernel.util.InternalErrorException: Element <entity name="MicaLeds" class="ptolemy.domains.ptinyos.lib.MicaLeds"> caused an exception to be thrown.
  in .MicaBoard
Because:
Cannot find class: ptolemy.domains.ptinyos.lib.MicaLeds. In Ptolemy, classes are typically Java .class files. Entities like actors may instead be defined within a .xml file.  In any case, the class was not found. If the class uses a third party package, then the class would be present only if the third party package was found at compile time.  It may be necessary to upgrade Java or install the third party package, reconfigure and recompile.
Because:
-- /home/travis/build/icyphy/ptII/ptolemy/actor/ptalon/demo/ptinyos/SenseToLeds/ptolemy/domains/ptinyos/lib/MicaLeds.xml (No such file or directory)
-- XML file not found relative to classpath.
-- /home/travis/build/icyphy/ptII/ptolemy/vergil/basic/export/test/ptolemy/domains/ptinyos/lib/MicaLeds.xml
/home/travis/build/icyphy/ptII/ptolemy/vergil/basic/export/test/ptolemy/domains/ptinyos/lib/MicaLeds.xml (No such file or directory)
 in file:/home/travis/build/icyphy/ptII/ptolemy/actor/ptalon/demo/ptinyos/SenseToLeds/MicaBoard.xml at line 134 and column 63
	at ptolemy.moml.SimpleErrorHandler.handleError(SimpleErrorHandler.java:75)
	at ptolemy.moml.MoMLParser.startElement(MoMLParser.java:3805)
	at com.microstar.xml.XmlParser.parseElement(XmlParser.java:921)
	at com.microstar.xml.XmlParser.parseContent(XmlParser.java:1104)
	at com.microstar.xml.XmlParser.parseElement(XmlParser.java:924)
	at com.microstar.xml.XmlParser.parseDocument(XmlParser.java:481)
	at com.microstar.xml.XmlParser.doParse(XmlParser.java:159)
	at com.microstar.xml.XmlParser.parse(XmlParser.java:132)
	at ptolemy.moml.MoMLParser.parse(MoMLParser.java:1676)
	at ptolemy.moml.MoMLParser.parse(MoMLParser.java:1595)
	at ptolemy.moml.MoMLParser.parse(MoMLParser.java:1537)
	at ptolemy.moml.MoMLParser._findOrParse(MoMLParser.java:5286)
	at ptolemy.moml.MoMLParser._attemptToFindMoMLClass(MoMLParser.java:4075)
	at ptolemy.moml.MoMLParser._createEntity(MoMLParser.java:4323)
	... 65 more
Caused by: ptolemy.kernel.util.IllegalActionException: Cannot find class: ptolemy.domains.ptinyos.lib.MicaLeds. In Ptolemy, classes are typically Java .class files. Entities like actors may instead be defined within a .xml file.  In any case, the class was not found. If the class uses a third party package, then the class would be present only if the third party package was found at compile time.  It may be necessary to upgrade Java or install the third party package, reconfigure and recompile.
Because:
-- /home/travis/build/icyphy/ptII/ptolemy/actor/ptalon/demo/ptinyos/SenseToLeds/ptolemy/domains/ptinyos/lib/MicaLeds.xml (No such file or directory)
-- XML file not found relative to classpath.
-- /home/travis/build/icyphy/ptII/ptolemy/vergil/basic/export/test/ptolemy/domains/ptinyos/lib/MicaLeds.xml
/home/travis/build/icyphy/ptII/ptolemy/vergil/basic/export/test/ptolemy/domains/ptinyos/lib/MicaLeds.xml (No such file or directory)
 in file:/home/travis/build/icyphy/ptII/ptolemy/actor/ptalon/demo/ptinyos/SenseToLeds/MicaBoard.xml at line 134 and column 63
	at ptolemy.moml.MoMLParser._createEntity(MoMLParser.java:4330)
	at ptolemy.moml.MoMLParser.startElement(MoMLParser.java:2864)
	... 77 more
Caused by: com.microstar.xml.XmlException: -- /home/travis/build/icyphy/ptII/ptolemy/actor/ptalon/demo/ptinyos/SenseToLeds/ptolemy/domains/ptinyos/lib/MicaLeds.xml (No such file or directory)
-- XML file not found relative to classpath.
-- /home/travis/build/icyphy/ptII/ptolemy/vergil/basic/export/test/ptolemy/domains/ptinyos/lib/MicaLeds.xml
/home/travis/build/icyphy/ptII/ptolemy/vergil/basic/export/test/ptolemy/domains/ptinyos/lib/MicaLeds.xml (No such file or directory)
 in file:/home/travis/build/icyphy/ptII/ptolemy/actor/ptalon/demo/ptinyos/SenseToLeds/MicaBoard.xml at line 134 and column 63
	at ptolemy.moml.MoMLParser.fileNameToURL(MoMLParser.java:1414)
	at ptolemy.moml.MoMLParser._findOrParse(MoMLParser.java:5283)
	at ptolemy.moml.MoMLParser._attemptToFindMoMLClass(MoMLParser.java:4075)
	at ptolemy.moml.MoMLParser._createEntity(MoMLParser.java:4323)
	... 78 more
ptolemy.kernel.util.IllegalActionException: Failed to process attribute change to PtalonParameter, whose value is "ptolemy.actor.ptalon.PtalonExpressionParameter {.SenseToLeds.SenseToLeds.n} 2".
  in .SenseToLeds.SenseToLeds
Because:
Unable to add actor null
	at ptolemy.actor.ptalon.PtalonActor.attributeChanged(PtalonActor.java:211)
	at ptolemy.actor.ptalon.PtalonMLHandler.startElement(PtalonMLHandler.java:134)
	at com.microstar.xml.XmlParser.parseElement(XmlParser.java:921)
	at com.microstar.xml.XmlParser.parseContent(XmlParser.java:1104)
	at com.microstar.xml.XmlParser.parseElement(XmlParser.java:924)
	at com.microstar.xml.XmlParser.parseDocument(XmlParser.java:481)
	at com.microstar.xml.XmlParser.doParse(XmlParser.java:159)
	at com.microstar.xml.XmlParser.parse(XmlParser.java:132)
	at ptolemy.actor.ptalon.PtalonActor.configure(PtalonActor.java:240)
	at ptolemy.moml.MoMLParser.endElement(MoMLParser.java:996)
	at com.microstar.xml.XmlParser.parseETag(XmlParser.java:1026)
	at com.microstar.xml.XmlParser.parseContent(XmlParser.java:1098)
	at com.microstar.xml.XmlParser.parseElement(XmlParser.java:924)
	at com.microstar.xml.XmlParser.parseContent(XmlParser.java:1104)
	at com.microstar.xml.XmlParser.parseElement(XmlParser.java:924)
	at com.microstar.xml.XmlParser.parseContent(XmlParser.java:1104)
	at com.microstar.xml.XmlParser.parseElement(XmlParser.java:924)
	at com.microstar.xml.XmlParser.parseDocument(XmlParser.java:481)
	at com.microstar.xml.XmlParser.doParse(XmlParser.java:159)
	at com.microstar.xml.XmlParser.parse(XmlParser.java:132)
	at ptolemy.moml.MoMLParser.parse(MoMLParser.java:1676)
	at ptolemy.moml.MoMLParser.parse(MoMLParser.java:1595)
	at ptolemy.moml.MoMLParser.parse(MoMLParser.java:1537)
	at ptolemy.actor.gui.PtolemyEffigy$Factory.createEffigy(PtolemyEffigy.java:424)
	at ptolemy.actor.gui.EffigyFactory.createEffigy(EffigyFactory.java:234)
	at ptolemy.actor.gui.Configuration.openModel(Configuration.java:1125)
	at ptolemy.actor.gui.Configuration.openModel(Configuration.java:1051)
	at ptolemy.actor.gui.ConfigurationApplication._openModel(ConfigurationApplication.java:1252)
	at ptolemy.actor.gui.ConfigurationApplication._parseArg(ConfigurationApplication.java:1399)
	at ptolemy.actor.gui.ConfigurationApplication._parseArgs(ConfigurationApplication.java:1478)
	at ptolemy.actor.gui.ConfigurationApplication.<init>(ConfigurationApplication.java:277)
	at ptolemy.actor.gui.ConfigurationApplication.<init>(ConfigurationApplication.java:214)
	at ptolemy.actor.gui.ConfigurationApplication.<init>(ConfigurationApplication.java:201)
	at ptolemy.actor.gui.ConfigurationApplication.openModelOrEntity(ConfigurationApplication.java:680)
	at ptolemy.vergil.basic.export.ExportModel$1.run(ExportModel.java:220)
	at java.awt.event.InvocationEvent.dispatch(InvocationEvent.java:301)
	at java.awt.EventQueue.dispatchEventImpl(EventQueue.java:756)
	at java.awt.EventQueue.access$500(EventQueue.java:97)
	at java.awt.EventQueue$3.run(EventQueue.java:709)
	at java.awt.EventQueue$3.run(EventQueue.java:703)
	at java.security.AccessController.doPrivileged(Native Method)
	at java.security.ProtectionDomain$JavaSecurityAccessImpl.doIntersectionPrivilege(ProtectionDomain.java:80)
	at java.awt.EventQueue.dispatchEvent(EventQueue.java:726)
	at java.awt.EventDispatchThread.pumpOneEventForFilters(EventDispatchThread.java:201)
	at java.awt.EventDispatchThread.pumpEventsForFilter(EventDispatchThread.java:116)
	at java.awt.EventDispatchThread.pumpEventsForHierarchy(EventDispatchThread.java:105)
	at java.awt.EventDispatchThread.pumpEvents(EventDispatchThread.java:101)
	at java.awt.EventDispatchThread.pumpEvents(EventDispatchThread.java:93)
	at java.awt.EventDispatchThread.run(EventDispatchThread.java:82)
Caused by: ptolemy.actor.ptalon.PtalonRuntimeException: Unable to add actor null
	at ptolemy.actor.ptalon.PtalonEvaluator.addActor(PtalonEvaluator.java:300)
	at ptolemy.actor.ptalon.PtalonPopulator.actor_declaration(PtalonPopulator.java:1574)
	at ptolemy.actor.ptalon.PtalonPopulator.atomic_statement(PtalonPopulator.java:1638)
	at ptolemy.actor.ptalon.PtalonPopulator.iterative_statement_evaluator(PtalonPopulator.java:2484)
	at ptolemy.actor.ptalon.AbstractPtalonEvaluator$IfTree.evaluateForScope(AbstractPtalonEvaluator.java:1307)
	at ptolemy.actor.ptalon.AbstractPtalonEvaluator.evaluateForScope(AbstractPtalonEvaluator.java:744)
	at ptolemy.actor.ptalon.PtalonPopulator.iterative_statement(PtalonPopulator.java:2363)
	at ptolemy.actor.ptalon.PtalonPopulator.actor_definition(PtalonPopulator.java:2809)
	at ptolemy.actor.ptalon.PtalonActor.attributeChanged(PtalonActor.java:206)
	... 48 more
Caused by: ptolemy.kernel.util.InternalErrorException: Element <entity name="node1" class="ptolemy.actor.ptalon.demo.ptinyos.SenseToLeds.MicaBoard"> caused an exception to be thrown.
  in .SenseToLeds.SenseToLeds
Because:
Cannot find class: ptolemy.actor.ptalon.demo.ptinyos.SenseToLeds.MicaBoard. In Ptolemy, classes are typically Java .class files. Entities like actors may instead be defined within a .xml file.  In any case, the class was not found. If the class uses a third party package, then the class would be present only if the third party package was found at compile time.  It may be necessary to upgrade Java or install the third party package, reconfigure and recompile.
Because:
Element <entity name="MicaLeds" class="ptolemy.domains.ptinyos.lib.MicaLeds"> caused an exception to be thrown.
  in .MicaBoard
Because:
Cannot find class: ptolemy.domains.ptinyos.lib.MicaLeds. In Ptolemy, classes are typically Java .class files. Entities like actors may instead be defined within a .xml file.  In any case, the class was not found. If the class uses a third party package, then the class would be present only if the third party package was found at compile time.  It may be necessary to upgrade Java or install the third party package, reconfigure and recompile.
Because:
-- /home/travis/build/icyphy/ptII/ptolemy/actor/ptalon/demo/ptinyos/SenseToLeds/ptolemy/domains/ptinyos/lib/MicaLeds.xml (No such file or directory)
-- XML file not found relative to classpath.
-- /home/travis/build/icyphy/ptII/ptolemy/vergil/basic/export/test/ptolemy/domains/ptinyos/lib/MicaLeds.xml
/home/travis/build/icyphy/ptII/ptolemy/vergil/basic/export/test/ptolemy/domains/ptinyos/lib/MicaLeds.xml (No such file or directory)
 in file:/home/travis/build/icyphy/ptII/ptolemy/actor/ptalon/demo/ptinyos/SenseToLeds/MicaBoard.xml at line 134 and column 63
	at ptolemy.moml.SimpleErrorHandler.handleError(SimpleErrorHandler.java:75)
	at ptolemy.moml.MoMLParser.startElement(MoMLParser.java:3805)
	at com.microstar.xml.XmlParser.parseElement(XmlParser.java:931)
	at com.microstar.xml.XmlParser.parseDocument(XmlParser.java:481)
	at com.microstar.xml.XmlParser.doParse(XmlParser.java:159)
	at com.microstar.xml.XmlParser.parse(XmlParser.java:132)
	at ptolemy.moml.MoMLParser.parse(MoMLParser.java:1660)
	at ptolemy.moml.MoMLParser.parse(MoMLParser.java:1617)
	at ptolemy.moml.MoMLParser.parse(MoMLParser.java:1792)
	at ptolemy.actor.ptalon.PtalonEvaluator.addActor(PtalonEvaluator.java:241)
	... 56 more
Caused by: ptolemy.kernel.util.IllegalActionException: Cannot find class: ptolemy.actor.ptalon.demo.ptinyos.SenseToLeds.MicaBoard. In Ptolemy, classes are typically Java .class files. Entities like actors may instead be defined within a .xml file.  In any case, the class was not found. If the class uses a third party package, then the class would be present only if the third party package was found at compile time.  It may be necessary to upgrade Java or install the third party package, reconfigure and recompile.
Because:
Element <entity name="MicaLeds" class="ptolemy.domains.ptinyos.lib.MicaLeds"> caused an exception to be thrown.
  in .MicaBoard
Because:
Cannot find class: ptolemy.domains.ptinyos.lib.MicaLeds. In Ptolemy, classes are typically Java .class files. Entities like actors may instead be defined within a .xml file.  In any case, the class was not found. If the class uses a third party package, then the class would be present only if the third party package was found at compile time.  It may be necessary to upgrade Java or install the third party package, reconfigure and recompile.
Because:
-- /home/travis/build/icyphy/ptII/ptolemy/actor/ptalon/demo/ptinyos/SenseToLeds/ptolemy/domains/ptinyos/lib/MicaLeds.xml (No such file or directory)
-- XML file not found relative to classpath.
-- /home/travis/build/icyphy/ptII/ptolemy/vergil/basic/export/test/ptolemy/domains/ptinyos/lib/MicaLeds.xml
/home/travis/build/icyphy/ptII/ptolemy/vergil/basic/export/test/ptolemy/domains/ptinyos/lib/MicaLeds.xml (No such file or directory)
 in file:/home/travis/build/icyphy/ptII/ptolemy/actor/ptalon/demo/ptinyos/SenseToLeds/MicaBoard.xml at line 134 and column 63
	at ptolemy.moml.MoMLParser._createEntity(MoMLParser.java:4330)
	at ptolemy.moml.MoMLParser.startElement(MoMLParser.java:2864)
	... 64 more
Caused by: ptolemy.kernel.util.InternalErrorException: Element <entity name="MicaLeds" class="ptolemy.domains.ptinyos.lib.MicaLeds"> caused an exception to be thrown.
  in .MicaBoard
Because:
Cannot find class: ptolemy.domains.ptinyos.lib.MicaLeds. In Ptolemy, classes are typically Java .class files. Entities like actors may instead be defined within a .xml file.  In any case, the class was not found. If the class uses a third party package, then the class would be present only if the third party package was found at compile time.  It may be necessary to upgrade Java or install the third party package, reconfigure and recompile.
Because:
-- /home/travis/build/icyphy/ptII/ptolemy/actor/ptalon/demo/ptinyos/SenseToLeds/ptolemy/domains/ptinyos/lib/MicaLeds.xml (No such file or directory)
-- XML file not found relative to classpath.
-- /home/travis/build/icyphy/ptII/ptolemy/vergil/basic/export/test/ptolemy/domains/ptinyos/lib/MicaLeds.xml
/home/travis/build/icyphy/ptII/ptolemy/vergil/basic/export/test/ptolemy/domains/ptinyos/lib/MicaLeds.xml (No such file or directory)
 in file:/home/travis/build/icyphy/ptII/ptolemy/actor/ptalon/demo/ptinyos/SenseToLeds/MicaBoard.xml at line 134 and column 63
	at ptolemy.moml.SimpleErrorHandler.handleError(SimpleErrorHandler.java:75)
	at ptolemy.moml.MoMLParser.startElement(MoMLParser.java:3805)
	at com.microstar.xml.XmlParser.parseElement(XmlParser.java:921)
	at com.microstar.xml.XmlParser.parseContent(XmlParser.java:1104)
	at com.microstar.xml.XmlParser.parseElement(XmlParser.java:924)
	at com.microstar.xml.XmlParser.parseDocument(XmlParser.java:481)
	at com.microstar.xml.XmlParser.doParse(XmlParser.java:159)
	at com.microstar.xml.XmlParser.parse(XmlParser.java:132)
	at ptolemy.moml.MoMLParser.parse(MoMLParser.java:1676)
	at ptolemy.moml.MoMLParser.parse(MoMLParser.java:1595)
	at ptolemy.moml.MoMLParser.parse(MoMLParser.java:1537)
	at ptolemy.moml.MoMLParser._findOrParse(MoMLParser.java:5286)
	at ptolemy.moml.MoMLParser._attemptToFindMoMLClass(MoMLParser.java:4075)
	at ptolemy.moml.MoMLParser._createEntity(MoMLParser.java:4323)
	... 65 more
Caused by: ptolemy.kernel.util.IllegalActionException: Cannot find class: ptolemy.domains.ptinyos.lib.MicaLeds. In Ptolemy, classes are typically Java .class files. Entities like actors may instead be defined within a .xml file.  In any case, the class was not found. If the class uses a third party package, then the class would be present only if the third party package was found at compile time.  It may be necessary to upgrade Java or install the third party package, reconfigure and recompile.
Because:
-- /home/travis/build/icyphy/ptII/ptolemy/actor/ptalon/demo/ptinyos/SenseToLeds/ptolemy/domains/ptinyos/lib/MicaLeds.xml (No such file or directory)
-- XML file not found relative to classpath.
-- /home/travis/build/icyphy/ptII/ptolemy/vergil/basic/export/test/ptolemy/domains/ptinyos/lib/MicaLeds.xml
/home/travis/build/icyphy/ptII/ptolemy/vergil/basic/export/test/ptolemy/domains/ptinyos/lib/MicaLeds.xml (No such file or directory)
 in file:/home/travis/build/icyphy/ptII/ptolemy/actor/ptalon/demo/ptinyos/SenseToLeds/MicaBoard.xml at line 134 and column 63
	at ptolemy.moml.MoMLParser._createEntity(MoMLParser.java:4330)
	at ptolemy.moml.MoMLParser.startElement(MoMLParser.java:2864)
	... 77 more
Caused by: com.microstar.xml.XmlException: -- /home/travis/build/icyphy/ptII/ptolemy/actor/ptalon/demo/ptinyos/SenseToLeds/ptolemy/domains/ptinyos/lib/MicaLeds.xml (No such file or directory)
-- XML file not found relative to classpath.
-- /home/travis/build/icyphy/ptII/ptolemy/vergil/basic/export/test/ptolemy/domains/ptinyos/lib/MicaLeds.xml
/home/travis/build/icyphy/ptII/ptolemy/vergil/basic/export/test/ptolemy/domains/ptinyos/lib/MicaLeds.xml (No such file or directory)
 in file:/home/travis/build/icyphy/ptII/ptolemy/actor/ptalon/demo/ptinyos/SenseToLeds/MicaBoard.xml at line 134 and column 63
	at ptolemy.moml.MoMLParser.fileNameToURL(MoMLParser.java:1414)
	at ptolemy.moml.MoMLParser._findOrParse(MoMLParser.java:5283)
	at ptolemy.moml.MoMLParser._attemptToFindMoMLClass(MoMLParser.java:4075)
	at ptolemy.moml.MoMLParser._createEntity(MoMLParser.java:4323)
	... 78 more
Caused by: ptolemy.actor.ptalon.PtalonRuntimeException: Unable to add actor null
	at ptolemy.actor.ptalon.PtalonEvaluator.addActor(PtalonEvaluator.java:300)
	at ptolemy.actor.ptalon.PtalonPopulator.actor_declaration(PtalonPopulator.java:1574)
	at ptolemy.actor.ptalon.PtalonPopulator.atomic_statement(PtalonPopulator.java:1638)
	at ptolemy.actor.ptalon.PtalonPopulator.iterative_statement_evaluator(PtalonPopulator.java:2484)
	at ptolemy.actor.ptalon.AbstractPtalonEvaluator$IfTree.evaluateForScope(AbstractPtalonEvaluator.java:1307)
	at ptolemy.actor.ptalon.AbstractPtalonEvaluator.evaluateForScope(AbstractPtalonEvaluator.java:744)
	at ptolemy.actor.ptalon.PtalonPopulator.iterative_statement(PtalonPopulator.java:2363)
	at ptolemy.actor.ptalon.PtalonPopulator.actor_definition(PtalonPopulator.java:2809)
	at ptolemy.actor.ptalon.PtalonActor.attributeChanged(PtalonActor.java:206)
	at ptolemy.actor.ptalon.PtalonMLHandler.startElement(PtalonMLHandler.java:134)
	at com.microstar.xml.XmlParser.parseElement(XmlParser.java:921)
	at com.microstar.xml.XmlParser.parseContent(XmlParser.java:1104)
	at com.microstar.xml.XmlParser.parseElement(XmlParser.java:924)
	at com.microstar.xml.XmlParser.parseDocument(XmlParser.java:481)
	at com.microstar.xml.XmlParser.doParse(XmlParser.java:159)
	at com.microstar.xml.XmlParser.parse(XmlParser.java:132)
	at ptolemy.actor.ptalon.PtalonActor.configure(PtalonActor.java:240)
	at ptolemy.moml.MoMLParser.endElement(MoMLParser.java:996)
	at com.microstar.xml.XmlParser.parseETag(XmlParser.java:1026)
	at com.microstar.xml.XmlParser.parseContent(XmlParser.java:1098)
	at com.microstar.xml.XmlParser.parseElement(XmlParser.java:924)
	at com.microstar.xml.XmlParser.parseContent(XmlParser.java:1104)
	at com.microstar.xml.XmlParser.parseElement(XmlParser.java:924)
	at com.microstar.xml.XmlParser.parseContent(XmlParser.java:1104)
	at com.microstar.xml.XmlParser.parseElement(XmlParser.java:924)
	at com.microstar.xml.XmlParser.parseDocument(XmlParser.java:481)
	at com.microstar.xml.XmlParser.doParse(XmlParser.java:159)
	at com.microstar.xml.XmlParser.parse(XmlParser.java:132)
	at ptolemy.moml.MoMLParser.parse(MoMLParser.java:1676)
	at ptolemy.moml.MoMLParser.parse(MoMLParser.java:1595)
	at ptolemy.moml.MoMLParser.parse(MoMLParser.java:1537)
	at ptolemy.actor.gui.PtolemyEffigy$Factory.createEffigy(PtolemyEffigy.java:424)
	at ptolemy.actor.gui.EffigyFactory.createEffigy(EffigyFactory.java:234)
	at ptolemy.actor.gui.Configuration.openModel(Configuration.java:1125)
	at ptolemy.actor.gui.Configuration.openModel(Configuration.java:1051)
	at ptolemy.actor.gui.ConfigurationApplication._openModel(ConfigurationApplication.java:1252)
	at ptolemy.actor.gui.ConfigurationApplication._parseArg(ConfigurationApplication.java:1399)
	at ptolemy.actor.gui.ConfigurationApplication._parseArgs(ConfigurationApplication.java:1478)
	at ptolemy.actor.gui.ConfigurationApplication.<init>(ConfigurationApplication.java:277)
	at ptolemy.actor.gui.ConfigurationApplication.<init>(ConfigurationApplication.java:214)
	at ptolemy.actor.gui.ConfigurationApplication.<init>(ConfigurationApplication.java:201)
	at ptolemy.actor.gui.ConfigurationApplication.openModelOrEntity(ConfigurationApplication.java:680)
	at ptolemy.vergil.basic.export.ExportModel$1.run(ExportModel.java:220)
	at java.awt.event.InvocationEvent.dispatch(InvocationEvent.java:301)
	at java.awt.EventQueue.dispatchEventImpl(EventQueue.java:756)
	at java.awt.EventQueue.access$500(EventQueue.java:97)
	at java.awt.EventQueue$3.run(EventQueue.java:709)
	at java.awt.EventQueue$3.run(EventQueue.java:703)
	at java.security.AccessController.doPrivileged(Native Method)
	at java.security.ProtectionDomain$JavaSecurityAccessImpl.doIntersectionPrivilege(ProtectionDomain.java:80)
	at java.awt.EventQueue.dispatchEvent(EventQueue.java:726)
	at java.awt.EventDispatchThread.pumpOneEventForFilters(EventDispatchThread.java:201)
	at java.awt.EventDispatchThread.pumpEventsForFilter(EventDispatchThread.java:116)
	at java.awt.EventDispatchThread.pumpEventsForHierarchy(EventDispatchThread.java:105)
	at java.awt.EventDispatchThread.pumpEvents(EventDispatchThread.java:101)
	at java.awt.EventDispatchThread.pumpEvents(EventDispatchThread.java:93)
	at java.awt.EventDispatchThread.run(EventDispatchThread.java:82)
Caused by: ptolemy.kernel.util.InternalErrorException: Element <entity name="node1" class="ptolemy.actor.ptalon.demo.ptinyos.SenseToLeds.MicaBoard"> caused an exception to be thrown.
  in .SenseToLeds.SenseToLeds
Because:
Cannot find class: ptolemy.actor.ptalon.demo.ptinyos.SenseToLeds.MicaBoard. In Ptolemy, classes are typically Java .class files. Entities like actors may instead be defined within a .xml file.  In any case, the class was not found. If the class uses a third party package, then the class would be present only if the third party package was found at compile time.  It may be necessary to upgrade Java or install the third party package, reconfigure and recompile.
Because:
Element <entity name="MicaLeds" class="ptolemy.domains.ptinyos.lib.MicaLeds"> caused an exception to be thrown.
  in .MicaBoard
Because:
Cannot find class: ptolemy.domains.ptinyos.lib.MicaLeds. In Ptolemy, classes are typically Java .class files. Entities like actors may instead be defined within a .xml file.  In any case, the class was not found. If the class uses a third party package, then the class would be present only if the third party package was found at compile time.  It may be necessary to upgrade Java or install the third party package, reconfigure and recompile.
Because:
-- /home/travis/build/icyphy/ptII/ptolemy/actor/ptalon/demo/ptinyos/SenseToLeds/ptolemy/domains/ptinyos/lib/MicaLeds.xml (No such file or directory)
-- XML file not found relative to classpath.
-- /home/travis/build/icyphy/ptII/ptolemy/vergil/basic/export/test/ptolemy/domains/ptinyos/lib/MicaLeds.xml
/home/travis/build/icyphy/ptII/ptolemy/vergil/basic/export/test/ptolemy/domains/ptinyos/lib/MicaLeds.xml (No such file or directory)
 in file:/home/travis/build/icyphy/ptII/ptolemy/actor/ptalon/demo/ptinyos/SenseToLeds/MicaBoard.xml at line 134 and column 63
	at ptolemy.moml.SimpleErrorHandler.handleError(SimpleErrorHandler.java:75)
	at ptolemy.moml.MoMLParser.startElement(MoMLParser.java:3805)
	at com.microstar.xml.XmlParser.parseElement(XmlParser.java:931)
	at com.microstar.xml.XmlParser.parseDocument(XmlParser.java:481)
	at com.microstar.xml.XmlParser.doParse(XmlParser.java:159)
	at com.microstar.xml.XmlParser.parse(XmlParser.java:132)
	at ptolemy.moml.MoMLParser.parse(MoMLParser.java:1660)
	at ptolemy.moml.MoMLParser.parse(MoMLParser.java:1617)
	at ptolemy.moml.MoMLParser.parse(MoMLParser.java:1792)
	at ptolemy.actor.ptalon.PtalonEvaluator.addActor(PtalonEvaluator.java:241)
	... 56 more
Caused by: ptolemy.kernel.util.IllegalActionException: Cannot find class: ptolemy.actor.ptalon.demo.ptinyos.SenseToLeds.MicaBoard. In Ptolemy, classes are typically Java .class files. Entities like actors may instead be defined within a .xml file.  In any case, the class was not found. If the class uses a third party package, then the class would be present only if the third party package was found at compile time.  It may be necessary to upgrade Java or install the third party package, reconfigure and recompile.
Because:
Element <entity name="MicaLeds" class="ptolemy.domains.ptinyos.lib.MicaLeds"> caused an exception to be thrown.
  in .MicaBoard
Because:
Cannot find class: ptolemy.domains.ptinyos.lib.MicaLeds. In Ptolemy, classes are typically Java .class files. Entities like actors may instead be defined within a .xml file.  In any case, the class was not found. If the class uses a third party package, then the class would be present only if the third party package was found at compile time.  It may be necessary to upgrade Java or install the third party package, reconfigure and recompile.
Because:
-- /home/travis/build/icyphy/ptII/ptolemy/actor/ptalon/demo/ptinyos/SenseToLeds/ptolemy/domains/ptinyos/lib/MicaLeds.xml (No such file or directory)
-- XML file not found relative to classpath.
-- /home/travis/build/icyphy/ptII/ptolemy/vergil/basic/export/test/ptolemy/domains/ptinyos/lib/MicaLeds.xml
/home/travis/build/icyphy/ptII/ptolemy/vergil/basic/export/test/ptolemy/domains/ptinyos/lib/MicaLeds.xml (No such file or directory)
 in file:/home/travis/build/icyphy/ptII/ptolemy/actor/ptalon/demo/ptinyos/SenseToLeds/MicaBoard.xml at line 134 and column 63
	at ptolemy.moml.MoMLParser._createEntity(MoMLParser.java:4330)
	at ptolemy.moml.MoMLParser.startElement(MoMLParser.java:2864)
	... 64 more
Caused by: ptolemy.kernel.util.InternalErrorException: Element <entity name="MicaLeds" class="ptolemy.domains.ptinyos.lib.MicaLeds"> caused an exception to be thrown.
  in .MicaBoard
Because:
Cannot find class: ptolemy.domains.ptinyos.lib.MicaLeds. In Ptolemy, classes are typically Java .class files. Entities like actors may instead be defined within a .xml file.  In any case, the class was not found. If the class uses a third party package, then the class would be present only if the third party package was found at compile time.  It may be necessary to upgrade Java or install the third party package, reconfigure and recompile.
Because:
-- /home/travis/build/icyphy/ptII/ptolemy/actor/ptalon/demo/ptinyos/SenseToLeds/ptolemy/domains/ptinyos/lib/MicaLeds.xml (No such file or directory)
-- XML file not found relative to classpath.
-- /home/travis/build/icyphy/ptII/ptolemy/vergil/basic/export/test/ptolemy/domains/ptinyos/lib/MicaLeds.xml
/home/travis/build/icyphy/ptII/ptolemy/vergil/basic/export/test/ptolemy/domains/ptinyos/lib/MicaLeds.xml (No such file or directory)
 in file:/home/travis/build/icyphy/ptII/ptolemy/actor/ptalon/demo/ptinyos/SenseToLeds/MicaBoard.xml at line 134 and column 63
	at ptolemy.moml.SimpleErrorHandler.handleError(SimpleErrorHandler.java:75)
	at ptolemy.moml.MoMLParser.startElement(MoMLParser.java:3805)
	at com.microstar.xml.XmlParser.parseElement(XmlParser.java:921)
	at com.microstar.xml.XmlParser.parseContent(XmlParser.java:1104)
	at com.microstar.xml.XmlParser.parseElement(XmlParser.java:924)
	at com.microstar.xml.XmlParser.parseDocument(XmlParser.java:481)
	at com.microstar.xml.XmlParser.doParse(XmlParser.java:159)
	at com.microstar.xml.XmlParser.parse(XmlParser.java:132)
	at ptolemy.moml.MoMLParser.parse(MoMLParser.java:1676)
	at ptolemy.moml.MoMLParser.parse(MoMLParser.java:1595)
	at ptolemy.moml.MoMLParser.parse(MoMLParser.java:1537)
	at ptolemy.moml.MoMLParser._findOrParse(MoMLParser.java:5286)
	at ptolemy.moml.MoMLParser._attemptToFindMoMLClass(MoMLParser.java:4075)
	at ptolemy.moml.MoMLParser._createEntity(MoMLParser.java:4323)
	... 65 more
Caused by: ptolemy.kernel.util.IllegalActionException: Cannot find class: ptolemy.domains.ptinyos.lib.MicaLeds. In Ptolemy, classes are typically Java .class files. Entities like actors may instead be defined within a .xml file.  In any case, the class was not found. If the class uses a third party package, then the class would be present only if the third party package was found at compile time.  It may be necessary to upgrade Java or install the third party package, reconfigure and recompile.
Because:
-- /home/travis/build/icyphy/ptII/ptolemy/actor/ptalon/demo/ptinyos/SenseToLeds/ptolemy/domains/ptinyos/lib/MicaLeds.xml (No such file or directory)
-- XML file not found relative to classpath.
-- /home/travis/build/icyphy/ptII/ptolemy/vergil/basic/export/test/ptolemy/domains/ptinyos/lib/MicaLeds.xml
/home/travis/build/icyphy/ptII/ptolemy/vergil/basic/export/test/ptolemy/domains/ptinyos/lib/MicaLeds.xml (No such file or directory)
 in file:/home/travis/build/icyphy/ptII/ptolemy/actor/ptalon/demo/ptinyos/SenseToLeds/MicaBoard.xml at line 134 and column 63
	at ptolemy.moml.MoMLParser._createEntity(MoMLParser.java:4330)
	at ptolemy.moml.MoMLParser.startElement(MoMLParser.java:2864)
	... 77 more
Caused by: com.microstar.xml.XmlException: -- /home/travis/build/icyphy/ptII/ptolemy/actor/ptalon/demo/ptinyos/SenseToLeds/ptolemy/domains/ptinyos/lib/MicaLeds.xml (No such file or directory)
-- XML file not found relative to classpath.
-- /home/travis/build/icyphy/ptII/ptolemy/vergil/basic/export/test/ptolemy/domains/ptinyos/lib/MicaLeds.xml
/home/travis/build/icyphy/ptII/ptolemy/vergil/basic/export/test/ptolemy/domains/ptinyos/lib/MicaLeds.xml (No such file or directory)
 in file:/home/travis/build/icyphy/ptII/ptolemy/actor/ptalon/demo/ptinyos/SenseToLeds/MicaBoard.xml at line 134 and column 63
	at ptolemy.moml.MoMLParser.fileNameToURL(MoMLParser.java:1414)
	at ptolemy.moml.MoMLParser._findOrParse(MoMLParser.java:5283)
	at ptolemy.moml.MoMLParser._attemptToFindMoMLClass(MoMLParser.java:4075)
	at ptolemy.moml.MoMLParser._createEntity(MoMLParser.java:4323)
	... 78 more
Failed to read file:/home/travis/build/icyphy/ptII/ptolemy/actor/ptalon/demo/ptinyos/SenseToLeds/SenseToLeds.xml
ptolemy.kernel.util.IllegalActionException: Failed to process attribute change to PtalonParameter, whose value is "ptolemy.actor.ptalon.PtalonExpressionParameter {.SenseToLeds.SenseToLeds.n} 2".
  in .SenseToLeds.SenseToLeds
Because:
Unable to add actor null
	at ptolemy.actor.ptalon.PtalonActor.attributeChanged(PtalonActor.java:211)
	at ptolemy.actor.ptalon.PtalonMLHandler.startElement(PtalonMLHandler.java:134)
	at com.microstar.xml.XmlParser.parseElement(XmlParser.java:921)
	at com.microstar.xml.XmlParser.parseContent(XmlParser.java:1104)
	at com.microstar.xml.XmlParser.parseElement(XmlParser.java:924)
	at com.microstar.xml.XmlParser.parseDocument(XmlParser.java:481)
	at com.microstar.xml.XmlParser.doParse(XmlParser.java:159)
	at com.microstar.xml.XmlParser.parse(XmlParser.java:132)
	at ptolemy.actor.ptalon.PtalonActor.configure(PtalonActor.java:240)
	at ptolemy.moml.MoMLParser.endElement(MoMLParser.java:996)
	at com.microstar.xml.XmlParser.parseETag(XmlParser.java:1026)
	at com.microstar.xml.XmlParser.parseContent(XmlParser.java:1098)
	at com.microstar.xml.XmlParser.parseElement(XmlParser.java:924)
	at com.microstar.xml.XmlParser.parseContent(XmlParser.java:1104)
	at com.microstar.xml.XmlParser.parseElement(XmlParser.java:924)
	at com.microstar.xml.XmlParser.parseContent(XmlParser.java:1104)
	at com.microstar.xml.XmlParser.parseElement(XmlParser.java:924)
	at com.microstar.xml.XmlParser.parseDocument(XmlParser.java:481)
	at com.microstar.xml.XmlParser.doParse(XmlParser.java:159)
	at com.microstar.xml.XmlParser.parse(XmlParser.java:132)
	at ptolemy.moml.MoMLParser.parse(MoMLParser.java:1676)
	at ptolemy.moml.MoMLParser.parse(MoMLParser.java:1595)
	at ptolemy.moml.MoMLParser.parse(MoMLParser.java:1537)
	at ptolemy.actor.gui.PtolemyEffigy$Factory.createEffigy(PtolemyEffigy.java:424)
	at ptolemy.actor.gui.EffigyFactory.createEffigy(EffigyFactory.java:234)
	at ptolemy.actor.gui.Configuration.openModel(Configuration.java:1125)
	at ptolemy.actor.gui.Configuration.openModel(Configuration.java:1051)
	at ptolemy.actor.gui.ConfigurationApplication._openModel(ConfigurationApplication.java:1252)
	at ptolemy.actor.gui.ConfigurationApplication._parseArg(ConfigurationApplication.java:1399)
	at ptolemy.actor.gui.ConfigurationApplication._parseArgs(ConfigurationApplication.java:1478)
	at ptolemy.actor.gui.ConfigurationApplication.<init>(ConfigurationApplication.java:277)
	at ptolemy.actor.gui.ConfigurationApplication.<init>(ConfigurationApplication.java:214)
	at ptolemy.actor.gui.ConfigurationApplication.<init>(ConfigurationApplication.java:201)
	at ptolemy.actor.gui.ConfigurationApplication.openModelOrEntity(ConfigurationApplication.java:680)
	at ptolemy.vergil.basic.export.ExportModel$1.run(ExportModel.java:220)
	at java.awt.event.InvocationEvent.dispatch(InvocationEvent.java:301)
	at java.awt.EventQueue.dispatchEventImpl(EventQueue.java:756)
	at java.awt.EventQueue.access$500(EventQueue.java:97)
	at java.awt.EventQueue$3.run(EventQueue.java:709)
	at java.awt.EventQueue$3.run(EventQueue.java:703)
	at java.security.AccessController.doPrivileged(Native Method)
	at java.security.ProtectionDomain$JavaSecurityAccessImpl.doIntersectionPrivilege(ProtectionDomain.java:80)
	at java.awt.EventQueue.dispatchEvent(EventQueue.java:726)
	at java.awt.EventDispatchThread.pumpOneEventForFilters(EventDispatchThread.java:201)
	at java.awt.EventDispatchThread.pumpEventsForFilter(EventDispatchThread.java:116)
	at java.awt.EventDispatchThread.pumpEventsForHierarchy(EventDispatchThread.java:105)
	at java.awt.EventDispatchThread.pumpEvents(EventDispatchThread.java:101)
	at java.awt.EventDispatchThread.pumpEvents(EventDispatchThread.java:93)
	at java.awt.EventDispatchThread.run(EventDispatchThread.java:82)
Caused by: ptolemy.actor.ptalon.PtalonRuntimeException: Unable to add actor null
	at ptolemy.actor.ptalon.PtalonEvaluator.addActor(PtalonEvaluator.java:300)
	at ptolemy.actor.ptalon.PtalonPopulator.actor_declaration(PtalonPopulator.java:1574)
	at ptolemy.actor.ptalon.PtalonPopulator.atomic_statement(PtalonPopulator.java:1638)
	at ptolemy.actor.ptalon.PtalonPopulator.iterative_statement_evaluator(PtalonPopulator.java:2484)
	at ptolemy.actor.ptalon.AbstractPtalonEvaluator$IfTree.evaluateForScope(AbstractPtalonEvaluator.java:1307)
	at ptolemy.actor.ptalon.AbstractPtalonEvaluator.evaluateForScope(AbstractPtalonEvaluator.java:744)
	at ptolemy.actor.ptalon.PtalonPopulator.iterative_statement(PtalonPopulator.java:2363)
	at ptolemy.actor.ptalon.PtalonPopulator.actor_definition(PtalonPopulator.java:2809)
	at ptolemy.actor.ptalon.PtalonActor.attributeChanged(PtalonActor.java:206)
	... 48 more
Caused by: ptolemy.kernel.util.InternalErrorException: Element <entity name="node1" class="ptolemy.actor.ptalon.demo.ptinyos.SenseToLeds.MicaBoard"> caused an exception to be thrown.
  in .SenseToLeds.SenseToLeds
Because:
Cannot find class: ptolemy.actor.ptalon.demo.ptinyos.SenseToLeds.MicaBoard. In Ptolemy, classes are typically Java .class files. Entities like actors may instead be defined within a .xml file.  In any case, the class was not found. If the class uses a third party package, then the class would be present only if the third party package was found at compile time.  It may be necessary to upgrade Java or install the third party package, reconfigure and recompile.
Because:
Element <entity name="MicaLeds" class="ptolemy.domains.ptinyos.lib.MicaLeds"> caused an exception to be thrown.
  in .MicaBoard
Because:
Cannot find class: ptolemy.domains.ptinyos.lib.MicaLeds. In Ptolemy, classes are typically Java .class files. Entities like actors may instead be defined within a .xml file.  In any case, the class was not found. If the class uses a third party package, then the class would be present only if the third party package was found at compile time.  It may be necessary to upgrade Java or install the third party package, reconfigure and recompile.
Because:
-- /home/travis/build/icyphy/ptII/ptolemy/actor/ptalon/demo/ptinyos/SenseToLeds/ptolemy/domains/ptinyos/lib/MicaLeds.xml (No such file or directory)
-- XML file not found relative to classpath.
-- /home/travis/build/icyphy/ptII/ptolemy/vergil/basic/export/test/ptolemy/domains/ptinyos/lib/MicaLeds.xml
/home/travis/build/icyphy/ptII/ptolemy/vergil/basic/export/test/ptolemy/domains/ptinyos/lib/MicaLeds.xml (No such file or directory)
 in file:/home/travis/build/icyphy/ptII/ptolemy/actor/ptalon/demo/ptinyos/SenseToLeds/MicaBoard.xml at line 134 and column 63
	at ptolemy.moml.SimpleErrorHandler.handleError(SimpleErrorHandler.java:75)
	at ptolemy.moml.MoMLParser.startElement(MoMLParser.java:3805)
	at com.microstar.xml.XmlParser.parseElement(XmlParser.java:931)
	at com.microstar.xml.XmlParser.parseDocument(XmlParser.java:481)
	at com.microstar.xml.XmlParser.doParse(XmlParser.java:159)
	at com.microstar.xml.XmlParser.parse(XmlParser.java:132)
	at ptolemy.moml.MoMLParser.parse(MoMLParser.java:1660)
	at ptolemy.moml.MoMLParser.parse(MoMLParser.java:1617)
	at ptolemy.moml.MoMLParser.parse(MoMLParser.java:1792)
	at ptolemy.actor.ptalon.PtalonEvaluator.addActor(PtalonEvaluator.java:241)
	... 56 more
Caused by: ptolemy.kernel.util.IllegalActionException: Cannot find class: ptolemy.actor.ptalon.demo.ptinyos.SenseToLeds.MicaBoard. In Ptolemy, classes are typically Java .class files. Entities like actors may instead be defined within a .xml file.  In any case, the class was not found. If the class uses a third party package, then the class would be present only if the third party package was found at compile time.  It may be necessary to upgrade Java or install the third party package, reconfigure and recompile.
Because:
Element <entity name="MicaLeds" class="ptolemy.domains.ptinyos.lib.MicaLeds"> caused an exception to be thrown.
  in .MicaBoard
Because:
Cannot find class: ptolemy.domains.ptinyos.lib.MicaLeds. In Ptolemy, classes are typically Java .class files. Entities like actors may instead be defined within a .xml file.  In any case, the class was not found. If the class uses a third party package, then the class would be present only if the third party package was found at compile time.  It may be necessary to upgrade Java or install the third party package, reconfigure and recompile.
Because:
-- /home/travis/build/icyphy/ptII/ptolemy/actor/ptalon/demo/ptinyos/SenseToLeds/ptolemy/domains/ptinyos/lib/MicaLeds.xml (No such file or directory)
-- XML file not found relative to classpath.
-- /home/travis/build/icyphy/ptII/ptolemy/vergil/basic/export/test/ptolemy/domains/ptinyos/lib/MicaLeds.xml
/home/travis/build/icyphy/ptII/ptolemy/vergil/basic/export/test/ptolemy/domains/ptinyos/lib/MicaLeds.xml (No such file or directory)
 in file:/home/travis/build/icyphy/ptII/ptolemy/actor/ptalon/demo/ptinyos/SenseToLeds/MicaBoard.xml at line 134 and column 63
	at ptolemy.moml.MoMLParser._createEntity(MoMLParser.java:4330)
	at ptolemy.moml.MoMLParser.startElement(MoMLParser.java:2864)
	... 64 more
Caused by: ptolemy.kernel.util.InternalErrorException: Element <entity name="MicaLeds" class="ptolemy.domains.ptinyos.lib.MicaLeds"> caused an exception to be thrown.
  in .MicaBoard
Because:
Cannot find class: ptolemy.domains.ptinyos.lib.MicaLeds. In Ptolemy, classes are typically Java .class files. Entities like actors may instead be defined within a .xml file.  In any case, the class was not found. If the class uses a third party package, then the class would be present only if the third party package was found at compile time.  It may be necessary to upgrade Java or install the third party package, reconfigure and recompile.
Because:
-- /home/travis/build/icyphy/ptII/ptolemy/actor/ptalon/demo/ptinyos/SenseToLeds/ptolemy/domains/ptinyos/lib/MicaLeds.xml (No such file or directory)
-- XML file not found relative to classpath.
-- /home/travis/build/icyphy/ptII/ptolemy/vergil/basic/export/test/ptolemy/domains/ptinyos/lib/MicaLeds.xml
/home/travis/build/icyphy/ptII/ptolemy/vergil/basic/export/test/ptolemy/domains/ptinyos/lib/MicaLeds.xml (No such file or directory)
 in file:/home/travis/build/icyphy/ptII/ptolemy/actor/ptalon/demo/ptinyos/SenseToLeds/MicaBoard.xml at line 134 and column 63
	at ptolemy.moml.SimpleErrorHandler.handleError(SimpleErrorHandler.java:75)
	at ptolemy.moml.MoMLParser.startElement(MoMLParser.java:3805)
	at com.microstar.xml.XmlParser.parseElement(XmlParser.java:921)
	at com.microstar.xml.XmlParser.parseContent(XmlParser.java:1104)
	at com.microstar.xml.XmlParser.parseElement(XmlParser.java:924)
	at com.microstar.xml.XmlParser.parseDocument(XmlParser.java:481)
	at com.microstar.xml.XmlParser.doParse(XmlParser.java:159)
	at com.microstar.xml.XmlParser.parse(XmlParser.java:132)
	at ptolemy.moml.MoMLParser.parse(MoMLParser.java:1676)
	at ptolemy.moml.MoMLParser.parse(MoMLParser.java:1595)
	at ptolemy.moml.MoMLParser.parse(MoMLParser.java:1537)
	at ptolemy.moml.MoMLParser._findOrParse(MoMLParser.java:5286)
	at ptolemy.moml.MoMLParser._attemptToFindMoMLClass(MoMLParser.java:4075)
	at ptolemy.moml.MoMLParser._createEntity(MoMLParser.java:4323)
	... 65 more
Caused by: ptolemy.kernel.util.IllegalActionException: Cannot find class: ptolemy.domains.ptinyos.lib.MicaLeds. In Ptolemy, classes are typically Java .class files. Entities like actors may instead be defined within a .xml file.  In any case, the class was not found. If the class uses a third party package, then the class would be present only if the third party package was found at compile time.  It may be necessary to upgrade Java or install the third party package, reconfigure and recompile.
Because:
-- /home/travis/build/icyphy/ptII/ptolemy/actor/ptalon/demo/ptinyos/SenseToLeds/ptolemy/domains/ptinyos/lib/MicaLeds.xml (No such file or directory)
-- XML file not found relative to classpath.
-- /home/travis/build/icyphy/ptII/ptolemy/vergil/basic/export/test/ptolemy/domains/ptinyos/lib/MicaLeds.xml
/home/travis/build/icyphy/ptII/ptolemy/vergil/basic/export/test/ptolemy/domains/ptinyos/lib/MicaLeds.xml (No such file or directory)
 in file:/home/travis/build/icyphy/ptII/ptolemy/actor/ptalon/demo/ptinyos/SenseToLeds/MicaBoard.xml at line 134 and column 63
	at ptolemy.moml.MoMLParser._createEntity(MoMLParser.java:4330)
	at ptolemy.moml.MoMLParser.startElement(MoMLParser.java:2864)
	... 77 more
Caused by: com.microstar.xml.XmlException: -- /home/travis/build/icyphy/ptII/ptolemy/actor/ptalon/demo/ptinyos/SenseToLeds/ptolemy/domains/ptinyos/lib/MicaLeds.xml (No such file or directory)
-- XML file not found relative to classpath.
-- /home/travis/build/icyphy/ptII/ptolemy/vergil/basic/export/test/ptolemy/domains/ptinyos/lib/MicaLeds.xml
/home/travis/build/icyphy/ptII/ptolemy/vergil/basic/export/test/ptolemy/domains/ptinyos/lib/MicaLeds.xml (No such file or directory)
 in file:/home/travis/build/icyphy/ptII/ptolemy/actor/ptalon/demo/ptinyos/SenseToLeds/MicaBoard.xml at line 134 and column 63
	at ptolemy.moml.MoMLParser.fileNameToURL(MoMLParser.java:1414)
	at ptolemy.moml.MoMLParser._findOrParse(MoMLParser.java:5283)
	at ptolemy.moml.MoMLParser._attemptToFindMoMLClass(MoMLParser.java:4075)
	at ptolemy.moml.MoMLParser._createEntity(MoMLParser.java:4323)
	... 78 more
Caused by: ptolemy.actor.ptalon.PtalonRuntimeException: Unable to add actor null
	at ptolemy.actor.ptalon.PtalonEvaluator.addActor(PtalonEvaluator.java:300)
	at ptolemy.actor.ptalon.PtalonPopulator.actor_declaration(PtalonPopulator.java:1574)
	at ptolemy.actor.ptalon.PtalonPopulator.atomic_statement(PtalonPopulator.java:1638)
	at ptolemy.actor.ptalon.PtalonPopulator.iterative_statement_evaluator(PtalonPopulator.java:2484)
	at ptolemy.actor.ptalon.AbstractPtalonEvaluator$IfTree.evaluateForScope(AbstractPtalonEvaluator.java:1307)
	at ptolemy.actor.ptalon.AbstractPtalonEvaluator.evaluateForScope(AbstractPtalonEvaluator.java:744)
	at ptolemy.actor.ptalon.PtalonPopulator.iterative_statement(PtalonPopulator.java:2363)
	at ptolemy.actor.ptalon.PtalonPopulator.actor_definition(PtalonPopulator.java:2809)
	at ptolemy.actor.ptalon.PtalonActor.attributeChanged(PtalonActor.java:206)
	at ptolemy.actor.ptalon.PtalonMLHandler.startElement(PtalonMLHandler.java:134)
	at com.microstar.xml.XmlParser.parseElement(XmlParser.java:921)
	at com.microstar.xml.XmlParser.parseContent(XmlParser.java:1104)
	at com.microstar.xml.XmlParser.parseElement(XmlParser.java:924)
	at com.microstar.xml.XmlParser.parseDocument(XmlParser.java:481)
	at com.microstar.xml.XmlParser.doParse(XmlParser.java:159)
	at com.microstar.xml.XmlParser.parse(XmlParser.java:132)
	at ptolemy.actor.ptalon.PtalonActor.configure(PtalonActor.java:240)
	at ptolemy.moml.MoMLParser.endElement(MoMLParser.java:996)
	at com.microstar.xml.XmlParser.parseETag(XmlParser.java:1026)
	at com.microstar.xml.XmlParser.parseContent(XmlParser.java:1098)
	at com.microstar.xml.XmlParser.parseElement(XmlParser.java:924)
	at com.microstar.xml.XmlParser.parseContent(XmlParser.java:1104)
	at com.microstar.xml.XmlParser.parseElement(XmlParser.java:924)
	at com.microstar.xml.XmlParser.parseContent(XmlParser.java:1104)
	at com.microstar.xml.XmlParser.parseElement(XmlParser.java:924)
	at com.microstar.xml.XmlParser.parseDocument(XmlParser.java:481)
	at com.microstar.xml.XmlParser.doParse(XmlParser.java:159)
	at com.microstar.xml.XmlParser.parse(XmlParser.java:132)
	at ptolemy.moml.MoMLParser.parse(MoMLParser.java:1676)
	at ptolemy.moml.MoMLParser.parse(MoMLParser.java:1595)
	at ptolemy.moml.MoMLParser.parse(MoMLParser.java:1537)
	at ptolemy.actor.gui.PtolemyEffigy$Factory.createEffigy(PtolemyEffigy.java:424)
	at ptolemy.actor.gui.EffigyFactory.createEffigy(EffigyFactory.java:234)
	at ptolemy.actor.gui.Configuration.openModel(Configuration.java:1125)
	at ptolemy.actor.gui.Configuration.openModel(Configuration.java:1051)
	at ptolemy.actor.gui.ConfigurationApplication._openModel(ConfigurationApplication.java:1252)
	at ptolemy.actor.gui.ConfigurationApplication._parseArg(ConfigurationApplication.java:1399)
	at ptolemy.actor.gui.ConfigurationApplication._parseArgs(ConfigurationApplication.java:1478)
	at ptolemy.actor.gui.ConfigurationApplication.<init>(ConfigurationApplication.java:277)
	at ptolemy.actor.gui.ConfigurationApplication.<init>(ConfigurationApplication.java:214)
	at ptolemy.actor.gui.ConfigurationApplication.<init>(ConfigurationApplication.java:201)
	at ptolemy.actor.gui.ConfigurationApplication.openModelOrEntity(ConfigurationApplication.java:680)
	at ptolemy.vergil.basic.export.ExportModel$1.run(ExportModel.java:220)
	at java.awt.event.InvocationEvent.dispatch(InvocationEvent.java:301)
	at java.awt.EventQueue.dispatchEventImpl(EventQueue.java:756)
	at java.awt.EventQueue.access$500(EventQueue.java:97)
	at java.awt.EventQueue$3.run(EventQueue.java:709)
	at java.awt.EventQueue$3.run(EventQueue.java:703)
	at java.security.AccessController.doPrivileged(Native Method)
	at java.security.ProtectionDomain$JavaSecurityAccessImpl.doIntersectionPrivilege(ProtectionDomain.java:80)
	at java.awt.EventQueue.dispatchEvent(EventQueue.java:726)
	at java.awt.EventDispatchThread.pumpOneEventForFilters(EventDispatchThread.java:201)
	at java.awt.EventDispatchThread.pumpEventsForFilter(EventDispatchThread.java:116)
	at java.awt.EventDispatchThread.pumpEventsForHierarchy(EventDispatchThread.java:105)
	at java.awt.EventDispatchThread.pumpEvents(EventDispatchThread.java:101)
	at java.awt.EventDispatchThread.pumpEvents(EventDispatchThread.java:93)
	at java.awt.EventDispatchThread.run(EventDispatchThread.java:82)
Caused by: ptolemy.kernel.util.InternalErrorException: Element <entity name="node1" class="ptolemy.actor.ptalon.demo.ptinyos.SenseToLeds.MicaBoard"> caused an exception to be thrown.
  in .SenseToLeds.SenseToLeds
Because:
Cannot find class: ptolemy.actor.ptalon.demo.ptinyos.SenseToLeds.MicaBoard. In Ptolemy, classes are typically Java .class files. Entities like actors may instead be defined within a .xml file.  In any case, the class was not found. If the class uses a third party package, then the class would be present only if the third party package was found at compile time.  It may be necessary to upgrade Java or install the third party package, reconfigure and recompile.
Because:
Element <entity name="MicaLeds" class="ptolemy.domains.ptinyos.lib.MicaLeds"> caused an exception to be thrown.
  in .MicaBoard
Because:
Cannot find class: ptolemy.domains.ptinyos.lib.MicaLeds. In Ptolemy, classes are typically Java .class files. Entities like actors may instead be defined within a .xml file.  In any case, the class was not found. If the class uses a third party package, then the class would be present only if the third party package was found at compile time.  It may be necessary to upgrade Java or install the third party package, reconfigure and recompile.
Because:
-- /home/travis/build/icyphy/ptII/ptolemy/actor/ptalon/demo/ptinyos/SenseToLeds/ptolemy/domains/ptinyos/lib/MicaLeds.xml (No such file or directory)
-- XML file not found relative to classpath.
-- /home/travis/build/icyphy/ptII/ptolemy/vergil/basic/export/test/ptolemy/domains/ptinyos/lib/MicaLeds.xml
/home/travis/build/icyphy/ptII/ptolemy/vergil/basic/export/test/ptolemy/domains/ptinyos/lib/MicaLeds.xml (No such file or directory)
 in file:/home/travis/build/icyphy/ptII/ptolemy/actor/ptalon/demo/ptinyos/SenseToLeds/MicaBoard.xml at line 134 and column 63
	at ptolemy.moml.SimpleErrorHandler.handleError(SimpleErrorHandler.java:75)
	at ptolemy.moml.MoMLParser.startElement(MoMLParser.java:3805)
	at com.microstar.xml.XmlParser.parseElement(XmlParser.java:931)
	at com.microstar.xml.XmlParser.parseDocument(XmlParser.java:481)
	at com.microstar.xml.XmlParser.doParse(XmlParser.java:159)
	at com.microstar.xml.XmlParser.parse(XmlParser.java:132)
	at ptolemy.moml.MoMLParser.parse(MoMLParser.java:1660)
	at ptolemy.moml.MoMLParser.parse(MoMLParser.java:1617)
	at ptolemy.moml.MoMLParser.parse(MoMLParser.java:1792)
	at ptolemy.actor.ptalon.PtalonEvaluator.addActor(PtalonEvaluator.java:241)
	... 56 more
Caused by: ptolemy.kernel.util.IllegalActionException: Cannot find class: ptolemy.actor.ptalon.demo.ptinyos.SenseToLeds.MicaBoard. In Ptolemy, classes are typically Java .class files. Entities like actors may instead be defined within a .xml file.  In any case, the class was not found. If the class uses a third party package, then the class would be present only if the third party package was found at compile time.  It may be necessary to upgrade Java or install the third party package, reconfigure and recompile.
Because:
Element <entity name="MicaLeds" class="ptolemy.domains.ptinyos.lib.MicaLeds"> caused an exception to be thrown.
  in .MicaBoard
Because:
Cannot find class: ptolemy.domains.ptinyos.lib.MicaLeds. In Ptolemy, classes are typically Java .class files. Entities like actors may instead be defined within a .xml file.  In any case, the class was not found. If the class uses a third party package, then the class would be present only if the third party package was found at compile time.  It may be necessary to upgrade Java or install the third party package, reconfigure and recompile.
Because:
-- /home/travis/build/icyphy/ptII/ptolemy/actor/ptalon/demo/ptinyos/SenseToLeds/ptolemy/domains/ptinyos/lib/MicaLeds.xml (No such file or directory)
-- XML file not found relative to classpath.
-- /home/travis/build/icyphy/ptII/ptolemy/vergil/basic/export/test/ptolemy/domains/ptinyos/lib/MicaLeds.xml
/home/travis/build/icyphy/ptII/ptolemy/vergil/basic/export/test/ptolemy/domains/ptinyos/lib/MicaLeds.xml (No such file or directory)
 in file:/home/travis/build/icyphy/ptII/ptolemy/actor/ptalon/demo/ptinyos/SenseToLeds/MicaBoard.xml at line 134 and column 63
	at ptolemy.moml.MoMLParser._createEntity(MoMLParser.java:4330)
	at ptolemy.moml.MoMLParser.startElement(MoMLParser.java:2864)
	... 64 more
Caused by: ptolemy.kernel.util.InternalErrorException: Element <entity name="MicaLeds" class="ptolemy.domains.ptinyos.lib.MicaLeds"> caused an exception to be thrown.
  in .MicaBoard
Because:
Cannot find class: ptolemy.domains.ptinyos.lib.MicaLeds. In Ptolemy, classes are typically Java .class files. Entities like actors may instead be defined within a .xml file.  In any case, the class was not found. If the class uses a third party package, then the class would be present only if the third party package was found at compile time.  It may be necessary to upgrade Java or install the third party package, reconfigure and recompile.
Because:
-- /home/travis/build/icyphy/ptII/ptolemy/actor/ptalon/demo/ptinyos/SenseToLeds/ptolemy/domains/ptinyos/lib/MicaLeds.xml (No such file or directory)
-- XML file not found relative to classpath.
-- /home/travis/build/icyphy/ptII/ptolemy/vergil/basic/export/test/ptolemy/domains/ptinyos/lib/MicaLeds.xml
/home/travis/build/icyphy/ptII/ptolemy/vergil/basic/export/test/ptolemy/domains/ptinyos/lib/MicaLeds.xml (No such file or directory)
 in file:/home/travis/build/icyphy/ptII/ptolemy/actor/ptalon/demo/ptinyos/SenseToLeds/MicaBoard.xml at line 134 and column 63
	at ptolemy.moml.SimpleErrorHandler.handleError(SimpleErrorHandler.java:75)
	at ptolemy.moml.MoMLParser.startElement(MoMLParser.java:3805)
	at com.microstar.xml.XmlParser.parseElement(XmlParser.java:921)
	at com.microstar.xml.XmlParser.parseContent(XmlParser.java:1104)
	at com.microstar.xml.XmlParser.parseElement(XmlParser.java:924)
	at com.microstar.xml.XmlParser.parseDocument(XmlParser.java:481)
	at com.microstar.xml.XmlParser.doParse(XmlParser.java:159)
	at com.microstar.xml.XmlParser.parse(XmlParser.java:132)
	at ptolemy.moml.MoMLParser.parse(MoMLParser.java:1676)
	at ptolemy.moml.MoMLParser.parse(MoMLParser.java:1595)
	at ptolemy.moml.MoMLParser.parse(MoMLParser.java:1537)
	at ptolemy.moml.MoMLParser._findOrParse(MoMLParser.java:5286)
	at ptolemy.moml.MoMLParser._attemptToFindMoMLClass(MoMLParser.java:4075)
	at ptolemy.moml.MoMLParser._createEntity(MoMLParser.java:4323)
	... 65 more
Caused by: ptolemy.kernel.util.IllegalActionException: Cannot find class: ptolemy.domains.ptinyos.lib.MicaLeds. In Ptolemy, classes are typically Java .class files. Entities like actors may instead be defined within a .xml file.  In any case, the class was not found. If the class uses a third party package, then the class would be present only if the third party package was found at compile time.  It may be necessary to upgrade Java or install the third party package, reconfigure and recompile.
Because:
-- /home/travis/build/icyphy/ptII/ptolemy/actor/ptalon/demo/ptinyos/SenseToLeds/ptolemy/domains/ptinyos/lib/MicaLeds.xml (No such file or directory)
-- XML file not found relative to classpath.
-- /home/travis/build/icyphy/ptII/ptolemy/vergil/basic/export/test/ptolemy/domains/ptinyos/lib/MicaLeds.xml
/home/travis/build/icyphy/ptII/ptolemy/vergil/basic/export/test/ptolemy/domains/ptinyos/lib/MicaLeds.xml (No such file or directory)
 in file:/home/travis/build/icyphy/ptII/ptolemy/actor/ptalon/demo/ptinyos/SenseToLeds/MicaBoard.xml at line 134 and column 63
	at ptolemy.moml.MoMLParser._createEntity(MoMLParser.java:4330)
	at ptolemy.moml.MoMLParser.startElement(MoMLParser.java:2864)
	... 77 more
Caused by: com.microstar.xml.XmlException: -- /home/travis/build/icyphy/ptII/ptolemy/actor/ptalon/demo/ptinyos/SenseToLeds/ptolemy/domains/ptinyos/lib/MicaLeds.xml (No such file or directory)
-- XML file not found relative to classpath.
-- /home/travis/build/icyphy/ptII/ptolemy/vergil/basic/export/test/ptolemy/domains/ptinyos/lib/MicaLeds.xml
/home/travis/build/icyphy/ptII/ptolemy/vergil/basic/export/test/ptolemy/domains/ptinyos/lib/MicaLeds.xml (No such file or directory)
 in file:/home/travis/build/icyphy/ptII/ptolemy/actor/ptalon/demo/ptinyos/SenseToLeds/MicaBoard.xml at line 134 and column 63
	at ptolemy.moml.MoMLParser.fileNameToURL(MoMLParser.java:1414)
	at ptolemy.moml.MoMLParser._findOrParse(MoMLParser.java:5283)
	at ptolemy.moml.MoMLParser._attemptToFindMoMLClass(MoMLParser.java:4075)
	at ptolemy.moml.MoMLParser._createEntity(MoMLParser.java:4323)
	... 78 more
Failed to read file:/home/travis/build/icyphy/ptII/ptolemy/actor/ptalon/demo/ptinyos/SenseToLeds/SenseToLeds.xml
ptolemy.kernel.util.IllegalActionException: Failed to process attribute change to PtalonParameter, whose value is "ptolemy.actor.ptalon.PtalonExpressionParameter {.SenseToLeds.SenseToLeds.n} 2".
  in .SenseToLeds.SenseToLeds
Because:
Unable to add actor null
	at ptolemy.actor.ptalon.PtalonActor.attributeChanged(PtalonActor.java:211)
	at ptolemy.actor.ptalon.PtalonMLHandler.startElement(PtalonMLHandler.java:134)
	at com.microstar.xml.XmlParser.parseElement(XmlParser.java:921)
	at com.microstar.xml.XmlParser.parseContent(XmlParser.java:1104)
	at com.microstar.xml.XmlParser.parseElement(XmlParser.java:924)
	at com.microstar.xml.XmlParser.parseDocument(XmlParser.java:481)
	at com.microstar.xml.XmlParser.doParse(XmlParser.java:159)
	at com.microstar.xml.XmlParser.parse(XmlParser.java:132)
	at ptolemy.actor.ptalon.PtalonActor.configure(PtalonActor.java:240)
	at ptolemy.moml.MoMLParser.endElement(MoMLParser.java:996)
	at com.microstar.xml.XmlParser.parseETag(XmlParser.java:1026)
	at com.microstar.xml.XmlParser.parseContent(XmlParser.java:1098)
	at com.microstar.xml.XmlParser.parseElement(XmlParser.java:924)
	at com.microstar.xml.XmlParser.parseContent(XmlParser.java:1104)
	at com.microstar.xml.XmlParser.parseElement(XmlParser.java:924)
	at com.microstar.xml.XmlParser.parseContent(XmlParser.java:1104)
	at com.microstar.xml.XmlParser.parseElement(XmlParser.java:924)
	at com.microstar.xml.XmlParser.parseDocument(XmlParser.java:481)
	at com.microstar.xml.XmlParser.doParse(XmlParser.java:159)
	at com.microstar.xml.XmlParser.parse(XmlParser.java:132)
	at ptolemy.moml.MoMLParser.parse(MoMLParser.java:1676)
	at ptolemy.moml.MoMLParser.parse(MoMLParser.java:1595)
	at ptolemy.moml.MoMLParser.parse(MoMLParser.java:1537)
	at ptolemy.actor.gui.PtolemyEffigy$Factory.createEffigy(PtolemyEffigy.java:424)
	at ptolemy.actor.gui.EffigyFactory.createEffigy(EffigyFactory.java:234)
	at ptolemy.actor.gui.Configuration.openModel(Configuration.java:1125)
	at ptolemy.actor.gui.Configuration.openModel(Configuration.java:1051)
	at ptolemy.actor.gui.ConfigurationApplication._openModel(ConfigurationApplication.java:1252)
	at ptolemy.actor.gui.ConfigurationApplication._parseArg(ConfigurationApplication.java:1399)
	at ptolemy.actor.gui.ConfigurationApplication._parseArgs(ConfigurationApplication.java:1478)
	at ptolemy.actor.gui.ConfigurationApplication.<init>(ConfigurationApplication.java:277)
	at ptolemy.actor.gui.ConfigurationApplication.<init>(ConfigurationApplication.java:214)
	at ptolemy.actor.gui.ConfigurationApplication.<init>(ConfigurationApplication.java:201)
	at ptolemy.actor.gui.ConfigurationApplication.openModelOrEntity(ConfigurationApplication.java:680)
	at ptolemy.vergil.basic.export.ExportModel$1.run(ExportModel.java:220)
	at java.awt.event.InvocationEvent.dispatch(InvocationEvent.java:301)
	at java.awt.EventQueue.dispatchEventImpl(EventQueue.java:756)
	at java.awt.EventQueue.access$500(EventQueue.java:97)
	at java.awt.EventQueue$3.run(EventQueue.java:709)
	at java.awt.EventQueue$3.run(EventQueue.java:703)
	at java.security.AccessController.doPrivileged(Native Method)
	at java.security.ProtectionDomain$JavaSecurityAccessImpl.doIntersectionPrivilege(ProtectionDomain.java:80)
	at java.awt.EventQueue.dispatchEvent(EventQueue.java:726)
	at java.awt.EventDispatchThread.pumpOneEventForFilters(EventDispatchThread.java:201)
	at java.awt.EventDispatchThread.pumpEventsForFilter(EventDispatchThread.java:116)
	at java.awt.EventDispatchThread.pumpEventsForHierarchy(EventDispatchThread.java:105)
	at java.awt.EventDispatchThread.pumpEvents(EventDispatchThread.java:101)
	at java.awt.EventDispatchThread.pumpEvents(EventDispatchThread.java:93)
	at java.awt.EventDispatchThread.run(EventDispatchThread.java:82)
Caused by: ptolemy.actor.ptalon.PtalonRuntimeException: Unable to add actor null
	at ptolemy.actor.ptalon.PtalonEvaluator.addActor(PtalonEvaluator.java:300)
	at ptolemy.actor.ptalon.PtalonPopulator.actor_declaration(PtalonPopulator.java:1574)
	at ptolemy.actor.ptalon.PtalonPopulator.atomic_statement(PtalonPopulator.java:1638)
	at ptolemy.actor.ptalon.PtalonPopulator.iterative_statement_evaluator(PtalonPopulator.java:2484)
	at ptolemy.actor.ptalon.AbstractPtalonEvaluator$IfTree.evaluateForScope(AbstractPtalonEvaluator.java:1307)
	at ptolemy.actor.ptalon.AbstractPtalonEvaluator.evaluateForScope(AbstractPtalonEvaluator.java:744)
	at ptolemy.actor.ptalon.PtalonPopulator.iterative_statement(PtalonPopulator.java:2363)
	at ptolemy.actor.ptalon.PtalonPopulator.actor_definition(PtalonPopulator.java:2809)
	at ptolemy.actor.ptalon.PtalonActor.attributeChanged(PtalonActor.java:206)
	... 48 more
Caused by: ptolemy.kernel.util.InternalErrorException: Element <entity name="node1" class="ptolemy.actor.ptalon.demo.ptinyos.SenseToLeds.MicaBoard"> caused an exception to be thrown.
  in .SenseToLeds.SenseToLeds
Because:
Cannot find class: ptolemy.actor.ptalon.demo.ptinyos.SenseToLeds.MicaBoard. In Ptolemy, classes are typically Java .class files. Entities like actors may instead be defined within a .xml file.  In any case, the class was not found. If the class uses a third party package, then the class would be present only if the third party package was found at compile time.  It may be necessary to upgrade Java or install the third party package, reconfigure and recompile.
Because:
Element <entity name="MicaLeds" class="ptolemy.domains.ptinyos.lib.MicaLeds"> caused an exception to be thrown.
  in .MicaBoard
Because:
Cannot find class: ptolemy.domains.ptinyos.lib.MicaLeds. In Ptolemy, classes are typically Java .class files. Entities like actors may instead be defined within a .xml file.  In any case, the class was not found. If the class uses a third party package, then the class would be present only if the third party package was found at compile time.  It may be necessary to upgrade Java or install the third party package, reconfigure and recompile.
Because:
-- /home/travis/build/icyphy/ptII/ptolemy/actor/ptalon/demo/ptinyos/SenseToLeds/ptolemy/domains/ptinyos/lib/MicaLeds.xml (No such file or directory)
-- XML file not found relative to classpath.
-- /home/travis/build/icyphy/ptII/ptolemy/vergil/basic/export/test/ptolemy/domains/ptinyos/lib/MicaLeds.xml
/home/travis/build/icyphy/ptII/ptolemy/vergil/basic/export/test/ptolemy/domains/ptinyos/lib/MicaLeds.xml (No such file or directory)
 in file:/home/travis/build/icyphy/ptII/ptolemy/actor/ptalon/demo/ptinyos/SenseToLeds/MicaBoard.xml at line 134 and column 63
	at ptolemy.moml.SimpleErrorHandler.handleError(SimpleErrorHandler.java:75)
	at ptolemy.moml.MoMLParser.startElement(MoMLParser.java:3805)
	at com.microstar.xml.XmlParser.parseElement(XmlParser.java:931)
	at com.microstar.xml.XmlParser.parseDocument(XmlParser.java:481)
	at com.microstar.xml.XmlParser.doParse(XmlParser.java:159)
	at com.microstar.xml.XmlParser.parse(XmlParser.java:132)
	at ptolemy.moml.MoMLParser.parse(MoMLParser.java:1660)
	at ptolemy.moml.MoMLParser.parse(MoMLParser.java:1617)
	at ptolemy.moml.MoMLParser.parse(MoMLParser.java:1792)
	at ptolemy.actor.ptalon.PtalonEvaluator.addActor(PtalonEvaluator.java:241)
	... 56 more
Caused by: ptolemy.kernel.util.IllegalActionException: Cannot find class: ptolemy.actor.ptalon.demo.ptinyos.SenseToLeds.MicaBoard. In Ptolemy, classes are typically Java .class files. Entities like actors may instead be defined within a .xml file.  In any case, the class was not found. If the class uses a third party package, then the class would be present only if the third party package was found at compile time.  It may be necessary to upgrade Java or install the third party package, reconfigure and recompile.
Because:
Element <entity name="MicaLeds" class="ptolemy.domains.ptinyos.lib.MicaLeds"> caused an exception to be thrown.
  in .MicaBoard
Because:
Cannot find class: ptolemy.domains.ptinyos.lib.MicaLeds. In Ptolemy, classes are typically Java .class files. Entities like actors may instead be defined within a .xml file.  In any case, the class was not found. If the class uses a third party package, then the class would be present only if the third party package was found at compile time.  It may be necessary to upgrade Java or install the third party package, reconfigure and recompile.
Because:
-- /home/travis/build/icyphy/ptII/ptolemy/actor/ptalon/demo/ptinyos/SenseToLeds/ptolemy/domains/ptinyos/lib/MicaLeds.xml (No such file or directory)
-- XML file not found relative to classpath.
-- /home/travis/build/icyphy/ptII/ptolemy/vergil/basic/export/test/ptolemy/domains/ptinyos/lib/MicaLeds.xml
/home/travis/build/icyphy/ptII/ptolemy/vergil/basic/export/test/ptolemy/domains/ptinyos/lib/MicaLeds.xml (No such file or directory)
 in file:/home/travis/build/icyphy/ptII/ptolemy/actor/ptalon/demo/ptinyos/SenseToLeds/MicaBoard.xml at line 134 and column 63
	at ptolemy.moml.MoMLParser._createEntity(MoMLParser.java:4330)
	at ptolemy.moml.MoMLParser.startElement(MoMLParser.java:2864)
	... 64 more
Caused by: ptolemy.kernel.util.InternalErrorException: Element <entity name="MicaLeds" class="ptolemy.domains.ptinyos.lib.MicaLeds"> caused an exception to be thrown.
  in .MicaBoard
Because:
Cannot find class: ptolemy.domains.ptinyos.lib.MicaLeds. In Ptolemy, classes are typically Java .class files. Entities like actors may instead be defined within a .xml file.  In any case, the class was not found. If the class uses a third party package, then the class would be present only if the third party package was found at compile time.  It may be necessary to upgrade Java or install the third party package, reconfigure and recompile.
Because:
-- /home/travis/build/icyphy/ptII/ptolemy/actor/ptalon/demo/ptinyos/SenseToLeds/ptolemy/domains/ptinyos/lib/MicaLeds.xml (No such file or directory)
-- XML file not found relative to classpath.
-- /home/travis/build/icyphy/ptII/ptolemy/vergil/basic/export/test/ptolemy/domains/ptinyos/lib/MicaLeds.xml
/home/travis/build/icyphy/ptII/ptolemy/vergil/basic/export/test/ptolemy/domains/ptinyos/lib/MicaLeds.xml (No such file or directory)
 in file:/home/travis/build/icyphy/ptII/ptolemy/actor/ptalon/demo/ptinyos/SenseToLeds/MicaBoard.xml at line 134 and column 63
	at ptolemy.moml.SimpleErrorHandler.handleError(SimpleErrorHandler.java:75)
	at ptolemy.moml.MoMLParser.startElement(MoMLParser.java:3805)
	at com.microstar.xml.XmlParser.parseElement(XmlParser.java:921)
	at com.microstar.xml.XmlParser.parseContent(XmlParser.java:1104)
	at com.microstar.xml.XmlParser.parseElement(XmlParser.java:924)
	at com.microstar.xml.XmlParser.parseDocument(XmlParser.java:481)
	at com.microstar.xml.XmlParser.doParse(XmlParser.java:159)
	at com.microstar.xml.XmlParser.parse(XmlParser.java:132)
	at ptolemy.moml.MoMLParser.parse(MoMLParser.java:1676)
	at ptolemy.moml.MoMLParser.parse(MoMLParser.java:1595)
	at ptolemy.moml.MoMLParser.parse(MoMLParser.java:1537)
	at ptolemy.moml.MoMLParser._findOrParse(MoMLParser.java:5286)
	at ptolemy.moml.MoMLParser._attemptToFindMoMLClass(MoMLParser.java:4075)
	at ptolemy.moml.MoMLParser._createEntity(MoMLParser.java:4323)
	... 65 more
Caused by: ptolemy.kernel.util.IllegalActionException: Cannot find class: ptolemy.domains.ptinyos.lib.MicaLeds. In Ptolemy, classes are typically Java .class files. Entities like actors may instead be defined within a .xml file.  In any case, the class was not found. If the class uses a third party package, then the class would be present only if the third party package was found at compile time.  It may be necessary to upgrade Java or install the third party package, reconfigure and recompile.
Because:
-- /home/travis/build/icyphy/ptII/ptolemy/actor/ptalon/demo/ptinyos/SenseToLeds/ptolemy/domains/ptinyos/lib/MicaLeds.xml (No such file or directory)
-- XML file not found relative to classpath.
-- /home/travis/build/icyphy/ptII/ptolemy/vergil/basic/export/test/ptolemy/domains/ptinyos/lib/MicaLeds.xml
/home/travis/build/icyphy/ptII/ptolemy/vergil/basic/export/test/ptolemy/domains/ptinyos/lib/MicaLeds.xml (No such file or directory)
 in file:/home/travis/build/icyphy/ptII/ptolemy/actor/ptalon/demo/ptinyos/SenseToLeds/MicaBoard.xml at line 134 and column 63
	at ptolemy.moml.MoMLParser._createEntity(MoMLParser.java:4330)
	at ptolemy.moml.MoMLParser.startElement(MoMLParser.java:2864)
	... 77 more
Caused by: com.microstar.xml.XmlException: -- /home/travis/build/icyphy/ptII/ptolemy/actor/ptalon/demo/ptinyos/SenseToLeds/ptolemy/domains/ptinyos/lib/MicaLeds.xml (No such file or directory)
-- XML file not found relative to classpath.
-- /home/travis/build/icyphy/ptII/ptolemy/vergil/basic/export/test/ptolemy/domains/ptinyos/lib/MicaLeds.xml
/home/travis/build/icyphy/ptII/ptolemy/vergil/basic/export/test/ptolemy/domains/ptinyos/lib/MicaLeds.xml (No such file or directory)
 in file:/home/travis/build/icyphy/ptII/ptolemy/actor/ptalon/demo/ptinyos/SenseToLeds/MicaBoard.xml at line 134 and column 63
	at ptolemy.moml.MoMLParser.fileNameToURL(MoMLParser.java:1414)
	at ptolemy.moml.MoMLParser._findOrParse(MoMLParser.java:5283)
	at ptolemy.moml.MoMLParser._attemptToFindMoMLClass(MoMLParser.java:4075)
	at ptolemy.moml.MoMLParser._createEntity(MoMLParser.java:4323)
	... 78 more
Caused by: ptolemy.actor.ptalon.PtalonRuntimeException: Unable to add actor null
	at ptolemy.actor.ptalon.PtalonEvaluator.addActor(PtalonEvaluator.java:300)
	at ptolemy.actor.ptalon.PtalonPopulator.actor_declaration(PtalonPopulator.java:1574)
	at ptolemy.actor.ptalon.PtalonPopulator.atomic_statement(PtalonPopulator.java:1638)
	at ptolemy.actor.ptalon.PtalonPopulator.iterative_statement_evaluator(PtalonPopulator.java:2484)
	at ptolemy.actor.ptalon.AbstractPtalonEvaluator$IfTree.evaluateForScope(AbstractPtalonEvaluator.java:1307)
	at ptolemy.actor.ptalon.AbstractPtalonEvaluator.evaluateForScope(AbstractPtalonEvaluator.java:744)
	at ptolemy.actor.ptalon.PtalonPopulator.iterative_statement(PtalonPopulator.java:2363)
	at ptolemy.actor.ptalon.PtalonPopulator.actor_definition(PtalonPopulator.java:2809)
	at ptolemy.actor.ptalon.PtalonActor.attributeChanged(PtalonActor.java:206)
	at ptolemy.actor.ptalon.PtalonMLHandler.startElement(PtalonMLHandler.java:134)
	at com.microstar.xml.XmlParser.parseElement(XmlParser.java:921)
	at com.microstar.xml.XmlParser.parseContent(XmlParser.java:1104)
	at com.microstar.xml.XmlParser.parseElement(XmlParser.java:924)
	at com.microstar.xml.XmlParser.parseDocument(XmlParser.java:481)
	at com.microstar.xml.XmlParser.doParse(XmlParser.java:159)
	at com.microstar.xml.XmlParser.parse(XmlParser.java:132)
	at ptolemy.actor.ptalon.PtalonActor.configure(PtalonActor.java:240)
	at ptolemy.moml.MoMLParser.endElement(MoMLParser.java:996)
	at com.microstar.xml.XmlParser.parseETag(XmlParser.java:1026)
	at com.microstar.xml.XmlParser.parseContent(XmlParser.java:1098)
	at com.microstar.xml.XmlParser.parseElement(XmlParser.java:924)
	at com.microstar.xml.XmlParser.parseContent(XmlParser.java:1104)
	at com.microstar.xml.XmlParser.parseElement(XmlParser.java:924)
	at com.microstar.xml.XmlParser.parseContent(XmlParser.java:1104)
	at com.microstar.xml.XmlParser.parseElement(XmlParser.java:924)
	at com.microstar.xml.XmlParser.parseDocument(XmlParser.java:481)
	at com.microstar.xml.XmlParser.doParse(XmlParser.java:159)
	at com.microstar.xml.XmlParser.parse(XmlParser.java:132)
	at ptolemy.moml.MoMLParser.parse(MoMLParser.java:1676)
	at ptolemy.moml.MoMLParser.parse(MoMLParser.java:1595)
	at ptolemy.moml.MoMLParser.parse(MoMLParser.java:1537)
	at ptolemy.actor.gui.PtolemyEffigy$Factory.createEffigy(PtolemyEffigy.java:424)
	at ptolemy.actor.gui.EffigyFactory.createEffigy(EffigyFactory.java:234)
	at ptolemy.actor.gui.Configuration.openModel(Configuration.java:1125)
	at ptolemy.actor.gui.Configuration.openModel(Configuration.java:1051)
	at ptolemy.actor.gui.ConfigurationApplication._openModel(ConfigurationApplication.java:1252)
	at ptolemy.actor.gui.ConfigurationApplication._parseArg(ConfigurationApplication.java:1399)
	at ptolemy.actor.gui.ConfigurationApplication._parseArgs(ConfigurationApplication.java:1478)
	at ptolemy.actor.gui.ConfigurationApplication.<init>(ConfigurationApplication.java:277)
	at ptolemy.actor.gui.ConfigurationApplication.<init>(ConfigurationApplication.java:214)
	at ptolemy.actor.gui.ConfigurationApplication.<init>(ConfigurationApplication.java:201)
	at ptolemy.actor.gui.ConfigurationApplication.openModelOrEntity(ConfigurationApplication.java:680)
	at ptolemy.vergil.basic.export.ExportModel$1.run(ExportModel.java:220)
	at java.awt.event.InvocationEvent.dispatch(InvocationEvent.java:301)
	at java.awt.EventQueue.dispatchEventImpl(EventQueue.java:756)
	at java.awt.EventQueue.access$500(EventQueue.java:97)
	at java.awt.EventQueue$3.run(EventQueue.java:709)
	at java.awt.EventQueue$3.run(EventQueue.java:703)
	at java.security.AccessController.doPrivileged(Native Method)
	at java.security.ProtectionDomain$JavaSecurityAccessImpl.doIntersectionPrivilege(ProtectionDomain.java:80)
	at java.awt.EventQueue.dispatchEvent(EventQueue.java:726)
	at java.awt.EventDispatchThread.pumpOneEventForFilters(EventDispatchThread.java:201)
	at java.awt.EventDispatchThread.pumpEventsForFilter(EventDispatchThread.java:116)
	at java.awt.EventDispatchThread.pumpEventsForHierarchy(EventDispatchThread.java:105)
	at java.awt.EventDispatchThread.pumpEvents(EventDispatchThread.java:101)
	at java.awt.EventDispatchThread.pumpEvents(EventDispatchThread.java:93)
	at java.awt.EventDispatchThread.run(EventDispatchThread.java:82)
Caused by: ptolemy.kernel.util.InternalErrorException: Element <entity name="node1" class="ptolemy.actor.ptalon.demo.ptinyos.SenseToLeds.MicaBoard"> caused an exception to be thrown.
  in .SenseToLeds.SenseToLeds
Because:
Cannot find class: ptolemy.actor.ptalon.demo.ptinyos.SenseToLeds.MicaBoard. In Ptolemy, classes are typically Java .class files. Entities like actors may instead be defined within a .xml file.  In any case, the class was not found. If the class uses a third party package, then the class would be present only if the third party package was found at compile time.  It may be necessary to upgrade Java or install the third party package, reconfigure and recompile.
Because:
Element <entity name="MicaLeds" class="ptolemy.domains.ptinyos.lib.MicaLeds"> caused an exception to be thrown.
  in .MicaBoard
Because:
Cannot find class: ptolemy.domains.ptinyos.lib.MicaLeds. In Ptolemy, classes are typically Java .class files. Entities like actors may instead be defined within a .xml file.  In any case, the class was not found. If the class uses a third party package, then the class would be present only if the third party package was found at compile time.  It may be necessary to upgrade Java or install the third party package, reconfigure and recompile.
Because:
-- /home/travis/build/icyphy/ptII/ptolemy/actor/ptalon/demo/ptinyos/SenseToLeds/ptolemy/domains/ptinyos/lib/MicaLeds.xml (No such file or directory)
-- XML file not found relative to classpath.
-- /home/travis/build/icyphy/ptII/ptolemy/vergil/basic/export/test/ptolemy/domains/ptinyos/lib/MicaLeds.xml
/home/travis/build/icyphy/ptII/ptolemy/vergil/basic/export/test/ptolemy/domains/ptinyos/lib/MicaLeds.xml (No such file or directory)
 in file:/home/travis/build/icyphy/ptII/ptolemy/actor/ptalon/demo/ptinyos/SenseToLeds/MicaBoard.xml at line 134 and column 63
	at ptolemy.moml.SimpleErrorHandler.handleError(SimpleErrorHandler.java:75)
	at ptolemy.moml.MoMLParser.startElement(MoMLParser.java:3805)
	at com.microstar.xml.XmlParser.parseElement(XmlParser.java:931)
	at com.microstar.xml.XmlParser.parseDocument(XmlParser.java:481)
	at com.microstar.xml.XmlParser.doParse(XmlParser.java:159)
	at com.microstar.xml.XmlParser.parse(XmlParser.java:132)
	at ptolemy.moml.MoMLParser.parse(MoMLParser.java:1660)
	at ptolemy.moml.MoMLParser.parse(MoMLParser.java:1617)
	at ptolemy.moml.MoMLParser.parse(MoMLParser.java:1792)
	at ptolemy.actor.ptalon.PtalonEvaluator.addActor(PtalonEvaluator.java:241)
	... 56 more
Caused by: ptolemy.kernel.util.IllegalActionException: Cannot find class: ptolemy.actor.ptalon.demo.ptinyos.SenseToLeds.MicaBoard. In Ptolemy, classes are typically Java .class files. Entities like actors may instead be defined within a .xml file.  In any case, the class was not found. If the class uses a third party package, then the class would be present only if the third party package was found at compile time.  It may be necessary to upgrade Java or install the third party package, reconfigure and recompile.
Because:
Element <entity name="MicaLeds" class="ptolemy.domains.ptinyos.lib.MicaLeds"> caused an exception to be thrown.
  in .MicaBoard
Because:
Cannot find class: ptolemy.domains.ptinyos.lib.MicaLeds. In Ptolemy, classes are typically Java .class files. Entities like actors may instead be defined within a .xml file.  In any case, the class was not found. If the class uses a third party package, then the class would be present only if the third party package was found at compile time.  It may be necessary to upgrade Java or install the third party package, reconfigure and recompile.
Because:
-- /home/travis/build/icyphy/ptII/ptolemy/actor/ptalon/demo/ptinyos/SenseToLeds/ptolemy/domains/ptinyos/lib/MicaLeds.xml (No such file or directory)
-- XML file not found relative to classpath.
-- /home/travis/build/icyphy/ptII/ptolemy/vergil/basic/export/test/ptolemy/domains/ptinyos/lib/MicaLeds.xml
/home/travis/build/icyphy/ptII/ptolemy/vergil/basic/export/test/ptolemy/domains/ptinyos/lib/MicaLeds.xml (No such file or directory)
 in file:/home/travis/build/icyphy/ptII/ptolemy/actor/ptalon/demo/ptinyos/SenseToLeds/MicaBoard.xml at line 134 and column 63
	at ptolemy.moml.MoMLParser._createEntity(MoMLParser.java:4330)
	at ptolemy.moml.MoMLParser.startElement(MoMLParser.java:2864)
	... 64 more
Caused by: ptolemy.kernel.util.InternalErrorException: Element <entity name="MicaLeds" class="ptolemy.domains.ptinyos.lib.MicaLeds"> caused an exception to be thrown.
  in .MicaBoard
Because:
Cannot find class: ptolemy.domains.ptinyos.lib.MicaLeds. In Ptolemy, classes are typically Java .class files. Entities like actors may instead be defined within a .xml file.  In any case, the class was not found. If the class uses a third party package, then the class would be present only if the third party package was found at compile time.  It may be necessary to upgrade Java or install the third party package, reconfigure and recompile.
Because:
-- /home/travis/build/icyphy/ptII/ptolemy/actor/ptalon/demo/ptinyos/SenseToLeds/ptolemy/domains/ptinyos/lib/MicaLeds.xml (No such file or directory)
-- XML file not found relative to classpath.
-- /home/travis/build/icyphy/ptII/ptolemy/vergil/basic/export/test/ptolemy/domains/ptinyos/lib/MicaLeds.xml
/home/travis/build/icyphy/ptII/ptolemy/vergil/basic/export/test/ptolemy/domains/ptinyos/lib/MicaLeds.xml (No such file or directory)
 in file:/home/travis/build/icyphy/ptII/ptolemy/actor/ptalon/demo/ptinyos/SenseToLeds/MicaBoard.xml at line 134 and column 63
	at ptolemy.moml.SimpleErrorHandler.handleError(SimpleErrorHandler.java:75)
	at ptolemy.moml.MoMLParser.startElement(MoMLParser.java:3805)
	at com.microstar.xml.XmlParser.parseElement(XmlParser.java:921)
	at com.microstar.xml.XmlParser.parseContent(XmlParser.java:1104)
	at com.microstar.xml.XmlParser.parseElement(XmlParser.java:924)
	at com.microstar.xml.XmlParser.parseDocument(XmlParser.java:481)
	at com.microstar.xml.XmlParser.doParse(XmlParser.java:159)
	at com.microstar.xml.XmlParser.parse(XmlParser.java:132)
	at ptolemy.moml.MoMLParser.parse(MoMLParser.java:1676)
	at ptolemy.moml.MoMLParser.parse(MoMLParser.java:1595)
	at ptolemy.moml.MoMLParser.parse(MoMLParser.java:1537)
	at ptolemy.moml.MoMLParser._findOrParse(MoMLParser.java:5286)
	at ptolemy.moml.MoMLParser._attemptToFindMoMLClass(MoMLParser.java:4075)
	at ptolemy.moml.MoMLParser._createEntity(MoMLParser.java:4323)
	... 65 more
Caused by: ptolemy.kernel.util.IllegalActionException: Cannot find class: ptolemy.domains.ptinyos.lib.MicaLeds. In Ptolemy, classes are typically Java .class files. Entities like actors may instead be defined within a .xml file.  In any case, the class was not found. If the class uses a third party package, then the class would be present only if the third party package was found at compile time.  It may be necessary to upgrade Java or install the third party package, reconfigure and recompile.
Because:
-- /home/travis/build/icyphy/ptII/ptolemy/actor/ptalon/demo/ptinyos/SenseToLeds/ptolemy/domains/ptinyos/lib/MicaLeds.xml (No such file or directory)
-- XML file not found relative to classpath.
-- /home/travis/build/icyphy/ptII/ptolemy/vergil/basic/export/test/ptolemy/domains/ptinyos/lib/MicaLeds.xml
/home/travis/build/icyphy/ptII/ptolemy/vergil/basic/export/test/ptolemy/domains/ptinyos/lib/MicaLeds.xml (No such file or directory)
 in file:/home/travis/build/icyphy/ptII/ptolemy/actor/ptalon/demo/ptinyos/SenseToLeds/MicaBoard.xml at line 134 and column 63
	at ptolemy.moml.MoMLParser._createEntity(MoMLParser.java:4330)
	at ptolemy.moml.MoMLParser.startElement(MoMLParser.java:2864)
	... 77 more
Caused by: com.microstar.xml.XmlException: -- /home/travis/build/icyphy/ptII/ptolemy/actor/ptalon/demo/ptinyos/SenseToLeds/ptolemy/domains/ptinyos/lib/MicaLeds.xml (No such file or directory)
-- XML file not found relative to classpath.
-- /home/travis/build/icyphy/ptII/ptolemy/vergil/basic/export/test/ptolemy/domains/ptinyos/lib/MicaLeds.xml
/home/travis/build/icyphy/ptII/ptolemy/vergil/basic/export/test/ptolemy/domains/ptinyos/lib/MicaLeds.xml (No such file or directory)
 in file:/home/travis/build/icyphy/ptII/ptolemy/actor/ptalon/demo/ptinyos/SenseToLeds/MicaBoard.xml at line 134 and column 63
	at ptolemy.moml.MoMLParser.fileNameToURL(MoMLParser.java:1414)
	at ptolemy.moml.MoMLParser._findOrParse(MoMLParser.java:5283)
	at ptolemy.moml.MoMLParser._attemptToFindMoMLClass(MoMLParser.java:4075)
	at ptolemy.moml.MoMLParser._createEntity(MoMLParser.java:4323)
	... 78 more
ptolemy.kernel.util.InternalErrorException: Failed to get the model directory? This can happen in a headless environment when the model attempts to interact with the graphical display.  It can also happen when the model fails to parse because of a missing class.
	at ptolemy.actor.gui.ConfigurationApplication.models(ConfigurationApplication.java:548)
	at ptolemy.actor.gui.ConfigurationApplication.openModelOrEntity(ConfigurationApplication.java:698)
	at ptolemy.vergil.basic.export.ExportModel$1.run(ExportModel.java:220)
	at java.awt.event.InvocationEvent.dispatch(InvocationEvent.java:301)
	at java.awt.EventQueue.dispatchEventImpl(EventQueue.java:756)
	at java.awt.EventQueue.access$500(EventQueue.java:97)
	at java.awt.EventQueue$3.run(EventQueue.java:709)
	at java.awt.EventQueue$3.run(EventQueue.java:703)
	at java.security.AccessController.doPrivileged(Native Method)
	at java.security.ProtectionDomain$JavaSecurityAccessImpl.doIntersectionPrivilege(ProtectionDomain.java:80)
	at java.awt.EventQueue.dispatchEvent(EventQueue.java:726)
	at java.awt.EventDispatchThread.pumpOneEventForFilters(EventDispatchThread.java:201)
	at java.awt.EventDispatchThread.pumpEventsForFilter(EventDispatchThread.java:116)
	at java.awt.EventDispatchThread.pumpEventsForHierarchy(EventDispatchThread.java:105)
	at java.awt.EventDispatchThread.pumpEvents(EventDispatchThread.java:101)
	at java.awt.EventDispatchThread.pumpEvents(EventDispatchThread.java:93)
	at java.awt.EventDispatchThread.run(EventDispatchThread.java:82)
ptolemy.kernel.util.InternalErrorException: Failed to get the model directory? This can happen in a headless environment when the model attempts to interact with the graphical display.  It can also happen when the model fails to parse because of a missing class.
	at ptolemy.actor.gui.ConfigurationApplication.models(ConfigurationApplication.java:548)
	at ptolemy.actor.gui.ConfigurationApplication.openModelOrEntity(ConfigurationApplication.java:698)
	at ptolemy.vergil.basic.export.ExportModel$1.run(ExportModel.java:220)
	at java.awt.event.InvocationEvent.dispatch(InvocationEvent.java:301)
	at java.awt.EventQueue.dispatchEventImpl(EventQueue.java:756)
	at java.awt.EventQueue.access$500(EventQueue.java:97)
	at java.awt.EventQueue$3.run(EventQueue.java:709)
	at java.awt.EventQueue$3.run(EventQueue.java:703)
	at java.security.AccessController.doPrivileged(Native Method)
	at java.security.ProtectionDomain$JavaSecurityAccessImpl.doIntersectionPrivilege(ProtectionDomain.java:80)
	at java.awt.EventQueue.dispatchEvent(EventQueue.java:726)
	at java.awt.EventDispatchThread.pumpOneEventForFilters(EventDispatchThread.java:201)
	at java.awt.EventDispatchThread.pumpEventsForFilter(EventDispatchThread.java:116)
	at java.awt.EventDispatchThread.pumpEventsForHierarchy(EventDispatchThread.java:105)
	at java.awt.EventDispatchThread.pumpEvents(EventDispatchThread.java:101)
	at java.awt.EventDispatchThread.pumpEvents(EventDispatchThread.java:93)
	at java.awt.EventDispatchThread.run(EventDispatchThread.java:82)
java.lang.reflect.InvocationTargetException
	at java.awt.EventQueue.invokeAndWait(EventQueue.java:1321)
	at java.awt.EventQueue.invokeAndWait(EventQueue.java:1296)
	at javax.swing.SwingUtilities.invokeAndWait(SwingUtilities.java:1348)
	at ptolemy.vergil.basic.export.ExportModel.exportModel(ExportModel.java:227)
	at ptolemy.vergil.basic.export.test.junit.ExportModelJUnitTest.RunExportModel(ExportModelJUnitTest.java:153)
	at ptolemy.vergil.basic.export.test.junit.ExportModelJUnitTestBatch.RunExportModel(ExportModelJUnitTestBatch.java:97)
	at sun.reflect.GeneratedMethodAccessor18.invoke(Unknown Source)
	at sun.reflect.DelegatingMethodAccessorImpl.invoke(DelegatingMethodAccessorImpl.java:43)
	at java.lang.reflect.Method.invoke(Method.java:498)
	at org.junit.runners.model.FrameworkMethod$1.runReflectiveCall(FrameworkMethod.java:44)
	at org.junit.internal.runners.model.ReflectiveCallable.run(ReflectiveCallable.java:15)
	at org.junit.runners.model.FrameworkMethod.invokeExplosively(FrameworkMethod.java:41)
	at junitparams.internal.InvokeParameterisedMethod.evaluate(InvokeParameterisedMethod.java:102)
	at junitparams.internal.ParameterisedTestMethodRunner.runMethodInvoker(ParameterisedTestMethodRunner.java:47)
	at junitparams.internal.ParameterisedTestMethodRunner.runTestMethod(ParameterisedTestMethodRunner.java:41)
	at junitparams.internal.ParameterisedTestClassRunner.runParameterisedTest(ParameterisedTestClassRunner.java:143)
	at junitparams.JUnitParamsRunner.runChild(JUnitParamsRunner.java:237)
	at junitparams.JUnitParamsRunner.runChild(JUnitParamsRunner.java:215)
	at org.junit.runners.ParentRunner$3.run(ParentRunner.java:193)
	at org.junit.runners.ParentRunner$1.schedule(ParentRunner.java:52)
	at org.junit.runners.ParentRunner.runChildren(ParentRunner.java:191)
	at org.junit.runners.ParentRunner.access$000(ParentRunner.java:42)
	at org.junit.runners.ParentRunner$2.evaluate(ParentRunner.java:184)
	at org.junit.runners.ParentRunner.run(ParentRunner.java:236)
	at junit.framework.JUnit4TestAdapter.run(JUnit4TestAdapter.java:39)
	at org.apache.tools.ant.taskdefs.optional.junit.JUnitTestRunner.run(JUnitTestRunner.java:535)
	at org.apache.tools.ant.taskdefs.optional.junit.JUnitTestRunner.launch(JUnitTestRunner.java:1182)
	at org.apache.tools.ant.taskdefs.optional.junit.JUnitTestRunner.main(JUnitTestRunner.java:1033)
Caused by: java.lang.RuntimeException: ptolemy.kernel.util.InternalErrorException: Failed to get the model directory? This can happen in a headless environment when the model attempts to interact with the graphical display.  It can also happen when the model fails to parse because of a missing class.
	at ptolemy.vergil.basic.export.ExportModel$1.run(ExportModel.java:223)
	at java.awt.event.InvocationEvent.dispatch(InvocationEvent.java:301)
	at java.awt.EventQueue.dispatchEventImpl(EventQueue.java:756)
	at java.awt.EventQueue.access$500(EventQueue.java:97)
	at java.awt.EventQueue$3.run(EventQueue.java:709)
	at java.awt.EventQueue$3.run(EventQueue.java:703)
	at java.security.AccessController.doPrivileged(Native Method)
	at java.security.ProtectionDomain$JavaSecurityAccessImpl.doIntersectionPrivilege(ProtectionDomain.java:80)
	at java.awt.EventQueue.dispatchEvent(EventQueue.java:726)
	at java.awt.EventDispatchThread.pumpOneEventForFilters(EventDispatchThread.java:201)
	at java.awt.EventDispatchThread.pumpEventsForFilter(EventDispatchThread.java:116)
	at java.awt.EventDispatchThread.pumpEventsForHierarchy(EventDispatchThread.java:105)
	at java.awt.EventDispatchThread.pumpEvents(EventDispatchThread.java:101)
	at java.awt.EventDispatchThread.pumpEvents(EventDispatchThread.java:93)
	at java.awt.EventDispatchThread.run(EventDispatchThread.java:82)
Caused by: ptolemy.kernel.util.InternalErrorException: Failed to get the model directory? This can happen in a headless environment when the model attempts to interact with the graphical display.  It can also happen when the model fails to parse because of a missing class.
	at ptolemy.actor.gui.ConfigurationApplication.models(ConfigurationApplication.java:548)
	at ptolemy.actor.gui.ConfigurationApplication.openModelOrEntity(ConfigurationApplication.java:698)
	at ptolemy.vergil.basic.export.ExportModel$1.run(ExportModel.java:220)
	... 14 more
]]></system-err>
</testsuite>
