<?xml version="1.0" encoding="UTF-8" ?>
<testsuite errors="0" failures="0" hostname="travis-job-5445b2f8-5ca6-4d0c-9562-dbcd86d8669a" name="ptolemy.actor.lib.test.junit.JUnitTclTest" skipped="0" tests="518" time="63.625" timestamp="2018-05-14T00:48:16">
  <properties>
    <property name="npm.executable" value="npm" />
    <property name="file.encoding.pkg" value="sun.io" />
    <property name="ptII.mk.exists" value="true" />
    <property name="env.rvm_bin_path" value="/home/travis/.rvm/bin" />
    <property name="java.home" value="/usr/lib/jvm/java-8-oracle/jre" />
    <property name="env.TRAVIS_JOB_NUMBER" value="435.6" />
    <property name="env.DISPLAY" value=":99.0" />
    <property name="java.net.preferIPv4Stack" value="true" />
    <property name="env.SSH_TTY" value="/dev/pts/0" />
    <property name="env.RUN_TESTS" value="true" />
    <property name="timeout.short" value="1000000" />
    <property name="env.TRAVIS_STACK_NODE_ATTRIBUTES" value="/.node-attributes.yml" />
    <property name="junit.formatter" value="xml" />
    <property name="java.endorsed.dirs" value="/usr/lib/jvm/java-8-oracle/jre/lib/endorsed" />
    <property name="env.TRAVIS_SUDO" value="true" />
    <property name="env.LOGNAME" value="travis" />
    <property name="env.PT_TRAVIS_TEST_CORE1_XML" value="true" />
    <property name="jsdoc.home" value="node_modules/@terraswarm/jsdoc" />
    <property name="debuglevel" value="source,lines,vars" />
    <property name="checkstyle.formatter" value="xml" />
    <property name="bin.vergil.makeable" value="true" />
    <property name="env._system_version" value="14.04" />
    <property name="sun.os.patch.level" value="unknown" />
    <property name="java.vendor.url" value="http://java.oracle.com/" />
    <property name="java.version" value="1.8.0_151" />
    <property name="env.TZ" value="UTC" />
    <property name="env.PT_NO_NET" value="true" />
    <property name="env.TRAVIS_PULL_REQUEST_SHA" value="" />
    <property name="env.TRAVIS_SECURE_ENV_VARS" value="true" />
    <property name="env._system_type" value="Linux" />
    <property name="java.vendor.url.bug" value="http://bugreport.sun.com/bugreport/" />
    <property name="env.SSH_CLIENT" value="10.10.16.9 53578 22" />
    <property name="env.GEM_HOME" value="/home/travis/.rvm/gems/ruby-2.4.1" />
    <property name="env.HAS_ANTARES_THREE_LITTLE_FRONZIES_BADGE" value="true" />
    <property name="env.PS4" value="+" />
    <property name="ant.project.invoked-targets" value="build,test.core1.xml" />
    <property name="env.TRAVIS_PULL_REQUEST_BRANCH" value="" />
    <property name="env.TRAVIS_REPO_SLUG" value="icyphy/ptII" />
    <property name="node.in.path" value="true" />
    <property name="java.maxmemory" value="1400m" />
    <property name="env.RUBY_VERSION" value="ruby-2.4.1" />
    <property name="user.name" value="travis" />
    <property name="env.LANG" value="en_US.UTF-8" />
    <property name="sun.io.unicode.encoding" value="UnicodeLittle" />
    <property name="sun.jnu.encoding" value="UTF-8" />
    <property name="java.runtime.name" value="Java(TM) SE Runtime Environment" />
    <property name="usefile" value="false" />
    <property name="return.code" value="0" />
    <property name="junit.single.formatter" value="plain" />
    <property name="env.DYLD_LIBRARY_PATH" value="/home/travis/pthla/certi-tools/lib:" />
    <property name="env.DEBIAN_FRONTEND" value="noninteractive" />
    <property name="env.SSH_CONNECTION" value="10.10.16.9 53578 10.20.0.7 22" />
    <property name="env.MYSQL_UNIX_PORT" value="/var/run/mysqld/mysqld.sock" />
    <property name="env.TRAVIS_ALLOW_FAILURE" value="false" />
    <property name="env.LC_ALL" value="en_US.UTF-8" />
    <property name="java.specification.name" value="Java Platform API Specification" />
    <property name="node.works" value="true" />
    <property name="user.timezone" value="" />
    <property name="path.separator" value=":" />
    <property name="env.PYTHON_CFLAGS" value="-g -fstack-protector --param=ssp-buffer-size=4 -Wformat -Werror=format-security" />
    <property name="timeout.long" value="4000000" />
    <property name="env.CERTI_HOME" value="/home/travis/pthla/certi-tools" />
    <property name="file.encoding" value="UTF-8" />
    <property name="ant.file.ptII" value="/home/travis/build/icyphy/ptII/build.xml" />
    <property name="javadoc.packagenames" value="com.*,diva.*,lbnl.*,org.hlacerti.*,org.json.*,org.ptolemy.*,org.terraswarm.*,ptolemy.*,ptserver.*" />
    <property name="env.TRAVIS_PULL_REQUEST_SLUG" value="" />
    <property name="ant.project.default-target" value="build" />
    <property name="env.GIT_ASKPASS" value="echo" />
    <property name="env.HOME" value="/home/travis" />
    <property name="sun.java.command" value="org.apache.tools.ant.taskdefs.optional.junit.JUnitTestRunner ptolemy.actor.lib.test.junit.JUnitTclTest skipNonTests=false filtertrace=true haltOnError=false haltOnFailure=false formatter=org.apache.tools.ant.taskdefs.optional.junit.OutErrSummaryJUnitResultFormatter showoutput=true outputtoformatters=true logfailedtests=true threadid=0 logtestlistenerevents=false formatter=org.apache.tools.ant.taskdefs.optional.junit.XMLJUnitResultFormatter,/home/travis/build/icyphy/ptII/reports/junit/TEST-ptolemy.actor.lib.test.junit.JUnitTclTest.xml crashfile=/home/travis/build/icyphy/ptII/junitvmwatcher4338857135833280003.properties propsfile=/home/travis/build/icyphy/ptII/junit4254340248137851719.properties" />
    <property name="env.MANPATH" value="/home/travis/.nvm/versions/node/v7.10.1/share/man:/home/travis/.kiex/elixirs/elixir-1.4.5/man:/home/travis/.rvm/rubies/ruby-2.4.1/share/man:/usr/local/man:/usr/local/cmake-3.9.2/man:/usr/local/clang-5.0.0/share/man:/usr/local/share/man:/usr/share/man:/home/travis/.rvm/man" />
    <property name="env.COMPOSER_NO_INTERACTION" value="1" />
    <property name="env.JDK_SWITCHER_DEFAULT" value="oraclejdk8" />
    <property name="ant.file" value="/home/travis/build/icyphy/ptII/build.xml" />
    <property name="env.TRAVIS_COMMIT_RANGE" value="19b13553cfd632cf1fc5a7f5e86b681759fef7e7...ed9785f00f2831fae5ac8b3355cbae5f77cfed48" />
    <property name="env._system_name" value="Ubuntu" />
    <property name="timeout" value="2400000" />
    <property name="ptII.classpath.optional.property" value="/home/travis/build/icyphy/ptII/lib/bsh-2.0b4.jar:/home/travis/build/icyphy/ptII/lib/ptCal.jar:/home/travis/build/icyphy/ptII/lib/java_cup.jar:/home/travis/build/icyphy/ptII/lib/saxon8.jar:/home/travis/build/icyphy/ptII/lib/saxon8-dom.jar:/home/travis/build/icyphy/ptII/lib/chic.jar:/home/travis/build/icyphy/ptII/lib/ptcolt.jar:/usr/lib/jvm/java-8-oracle/lib/tools.jar:/usr/lib/eclipse/plugins/org.eclipse.jdt.core_3.8.2.dist.jar:/usr/lib/eclipse/plugins/org.eclipse.core.runtime_3.8.0.dist.jar:/usr/lib/eclipse/plugins/org.eclipse.osgi_3.8.1.dist.jar:/usr/lib/eclipse/plugins/org.eclipse.core.resources_3.8.1.dist.jar:/usr/lib/eclipse/plugins/org.eclipse.equinox.common_3.6.100.dist.jar:/usr/lib/eclipse/plugins/org.eclipse.core.jobs_3.5.200.dist.jar:/usr/lib/eclipse/plugins/org.eclipse.core.contenttype_3.4.200.dist.jar:/usr/lib/eclipse/plugins/org.eclipse.equinox.preferences_3.5.0.dist.jar:/usr/lib/eclipse/plugins/org.eclipse.text_3.5.200.dist.jar:/usr/lib/eclipse/plugins/org.eclipse.ui.workbench_3.8.1.dist.jar:/usr/lib/eclipse/plugins/org.eclipse.jface_3.8.0.dist.jar:/usr/lib/eclipse/plugins/org.eclipse.swt_3.8.2.jar:/usr/lib/eclipse/plugins/org.eclipse.jface.text_3.8.1.dist.jar:/usr/lib/eclipse/plugins/org.eclipse.ui.workbench.texteditor_3.8.0.dist.jar:/usr/lib/eclipse/plugins/org.eclipse.ui.editors_3.8.0.dist.jar:/usr/lib/eclipse/plugins/org.eclipse.core.commands_3.6.1.dist.jar:/usr/lib/eclipse/plugins/org.eclipse.equinox.registry_3.5.200.dist.jar:/usr/lib/eclipse/plugins/org.eclipse.ui.console_3.5.100.dist.jar:/usr/lib/eclipse/plugins/org.eclipse.ui.forms_3.5.200.dist.jar:/usr/lib/eclipse/plugins/org.eclipse.ui.ide_3.8.1.dist.jar:/home/travis/build/icyphy/ptII/vendors/oracle/dbxml.jar:/home/travis/build/icyphy/ptII/vendors/oracle/db.jar:/home/travis/build/icyphy/ptII/vendors/misc/itext/iText.jar:/home/travis/build/icyphy/ptII/lib/g4ltl.jar:/home/travis/build/icyphy/ptII/lib/StructuralCoder.jar:/home/travis/build/icyphy/ptII/lib/org-openide-util.jar:/home/travis/build/icyphy/ptII/lib/org-openide-util-lookup.jar:/home/travis/build/icyphy/ptII/lib/org-netbeans-api-visual.jar:/home/travis/build/icyphy/ptII/vendors/jai-1_1_2_01/lib/jai_core.jar:/home/travis/build/icyphy/ptII/vendors/jai-1_1_2_01/lib/jai_codec.jar:/home/travis/build/icyphy/ptII/lib/jcerti.jar:/home/travis/build/icyphy/ptII/lib/smack.jar:/home/travis/build/icyphy/ptII/lib/smackx.jar:/home/travis/build/icyphy/ptII/lib/jetty-all-8.1.5-v20120716.jar:/home/travis/build/icyphy/ptII/lib/javax.servlet-api-3.0.1.jar:/home/travis/build/icyphy/ptII/lib/javax.mail.jar:/home/travis/build/icyphy/ptII/vendors/JMF-2.1.1e/lib/jmf.jar:/home/travis/build/icyphy/ptII/lib/jna-4.0.0-variadic.jar:/home/travis/build/icyphy/ptII/vendors/misc/joystick/Joystick.jar:/home/travis/build/icyphy/ptII/lib/ptjacl.jar:/home/travis/build/icyphy/ptII/lib/jsoup-1.8.2.jar:/home/travis/build/icyphy/ptII/lib/junit-4.8.2.jar:/home/travis/build/icyphy/ptII/lib/JUnitParams-0.4.0.jar:/home/travis/build/icyphy/ptII/ptolemy/actor/lib/excel/jxl.jar:/home/travis/build/icyphy/ptII/lib/jython.jar:/home/travis/build/icyphy/ptII/lib/kieler.jar:/home/travis/build/icyphy/ptII/vendors/opencv/share/OpenCV/java/opencv-341.jar:/home/travis/build/icyphy/ptII/lib/oscP5.jar:/home/travis/build/icyphy/ptII/lib/nrjavaserial-3.11.0.devel.jar:/usr/share/java/j3dcore.jar:/usr/share/java/j3dutils.jar:/usr/share/java/vecmath.jar:/home/travis/build/icyphy/ptII/ptolemy/distributed/jini/jar/jini-core.jar:/home/travis/build/icyphy/ptII/ptolemy/distributed/jini/jar/jini-ext.jar:/home/travis/build/icyphy/ptII/ptolemy/distributed/jini/jar/sun-util.jar:/home/travis/build/icyphy/ptII/lib/protobuf-java-2.4.1.jar:/home/travis/build/icyphy/ptII/lib/org.eclipse.paho.client.mqttv3.jar:/home/travis/build/icyphy/ptII/ptserver/lib/hessian-4.0.7.jar:/home/travis/build/icyphy/ptII/ptserver/lib/wmqtt.jar:/home/travis/build/icyphy/ptII/lib/mapss.jar:/home/travis/build/icyphy/ptII/ptolemy/actor/ptalon/antlr/antlr.jar:/home/travis/build/icyphy/ptII/lib/JRI.jar:/home/travis/build/icyphy/ptII/lib/commons-lang-2.6.jar:/home/travis/build/icyphy/ptII/lib/commons-logging-1.1.1.jar:/home/travis/build/icyphy/ptII/lib/sootclasses.jar:/home/travis/build/icyphy/ptII/ptolemy/actor/lib/database/mysql-connector-java-5.1.6-bin.jar:/home/travis/build/icyphy/ptII/vendors/misc/sphinx4/sphinx4-data-5prealpha.jar:/home/travis/build/icyphy/ptII/vendors/misc/sphinx4/sphinx4-core-5prealpha.jar:/home/travis/build/icyphy/ptII/lib/PDFRenderer.jar:/home/travis/build/icyphy/ptII/lib/svgSalamander.jar:/home/travis/build/icyphy/ptII/lib/rsyntaxtextarea-2.6.0-SNAPSHOT.jar:/home/travis/build/icyphy/ptII/lib/hazelcast-3.8.2.jar:/home/travis/build/icyphy/ptII/lib/jackson-annotations-2.9.0.jar:/home/travis/build/icyphy/ptII/lib/jackson-core-2.9.3.jar:/home/travis/build/icyphy/ptII/lib/jackson-databind-2.9.3.jar:/home/travis/build/icyphy/ptII/lib/netty-buffer-4.1.19.Final.jar:/home/travis/build/icyphy/ptII/lib/netty-codec-4.1.19.Final.jar:/home/travis/build/icyphy/ptII/lib/netty-codec-dns-4.1.19.Final.jar:/home/travis/build/icyphy/ptII/lib/netty-codec-http-4.1.19.Final.jar:/home/travis/build/icyphy/ptII/lib/netty-codec-http2-4.1.19.Final.jar:/home/travis/build/icyphy/ptII/lib/netty-common-4.1.19.Final.jar:/home/travis/build/icyphy/ptII/lib/netty-handler-4.1.19.Final.jar:/home/travis/build/icyphy/ptII/lib/netty-resolver-4.1.19.Final.jar:/home/travis/build/icyphy/ptII/lib/netty-resolver-dns-4.1.19.Final.jar:/home/travis/build/icyphy/ptII/lib/netty-transport-4.1.19.Final.jar:/home/travis/build/icyphy/ptII/lib/vertx-codegen-3.5.1.jar:/home/travis/build/icyphy/ptII/lib/vertx-core-3.5.2-SNAPSHOT.jar:/home/travis/build/icyphy/ptII/lib/vertx-hazelcast-3.5.1.jar:/home/travis/build/icyphy/ptII/lib/vertx-lang-js-3.5.1.jar:/home/travis/build/icyphy/ptII/lib/vertx-service-proxy-3.5.1.jar:/home/travis/build/icyphy/ptII/lib/vertx-web-3.5.1.jar:/home/travis/build/icyphy/ptII/lib/slf4j-api-1.7.13.jar:/home/travis/build/icyphy/ptII/lib/slf4j-simple-1.7.13.jar:/home/travis/build/icyphy/ptII/lib/webcam-capture-0.3.12.jar:/home/travis/build/icyphy/ptII/lib/bridj-0.7.0.jar:/home/travis/build/icyphy/ptII/lib/xbjlib-1.1.0.nrjavaserial.jar" />
    <property name="test.batch" value="**/junit/*.java" />
    <property name="env._" value="/usr/bin/timeout" />
    <property name="java.io.tmpdir" value="/tmp" />
    <property name="user.language" value="en" />
    <property name="env.HISTCONTROL" value="ignoredups:ignorespace" />
    <property name="env.GOROOT" value="/home/travis/.gimme/versions/go1.7.4.linux.amd64" />
    <property name="line.separator" value="&#xa;" />
    <property name="target" value="1.8" />
    <property name="env.TRAVIS_BUILD_DIR" value="/home/travis/build/icyphy/ptII" />
    <property name="env.ANT_OPTS" value="-Xmx2048m" />
    <property name="ant.file.type" value="file" />
    <property name="ptolemy.ptII.batchMode" value="true" />
    <property name="env.HISTSIZE" value="1000" />
    <property name="env.MERB_ENV" value="test" />
    <property name="java.vm.info" value="mixed mode" />
    <property name="source" value="1.8" />
    <property name="java.vm.specification.name" value="Java Virtual Machine Specification" />
    <property name="env.TRAVIS_TEST_RESULT" value="0" />
    <property name="jsdoc.command" value="node_modules/@terraswarm/jsdoc/jsdoc.js" />
    <property name="npm.works" value="true" />
    <property name="cobertura.dir" value="/home/travis/build/icyphy/ptII/vendors/cobertura-2.0.3" />
    <property name="env.rvm_path" value="/home/travis/.rvm" />
    <property name="env.GEM_PATH" value="/home/travis/.rvm/gems/ruby-2.4.1:/home/travis/.rvm/gems/ruby-2.4.1@global" />
    <property name="env.LC_CTYPE" value="en_US.UTF-8" />
    <property name="java.awt.printerjob" value="sun.print.PSPrinterJob" />
    <property name="env.TRAVIS_STACK_NAME" value="garnet" />
    <property name="ant.version" value="Apache Ant(TM) version 1.10.1 compiled on February 2 2017" />
    <property name="ptII.reports" value="/home/travis/build/icyphy/ptII/reports" />
    <property name="env.TRAVIS_STACK_TIMESTAMP" value="2017-12-05 19:33:09 UTC" />
    <property name="ant.file.type.ptII" value="file" />
    <property name="env.RBENV_SHELL" value="bash" />
    <property name="os.name" value="Linux" />
    <property name="java.specification.vendor" value="Oracle Corporation" />
    <property name="env.rvm_version" value="1.29.3 (latest)" />
    <property name="env.TERM" value="xterm" />
    <property name="java.vm.name" value="Java HotSpot(TM) 64-Bit Server VM" />
    <property name="env.TRAVIS_BUILD_NUMBER" value="435" />
    <property name="env.CI" value="true" />
    <property name="java.library.path" value="/home/travis/pthla/certi-tools/lib:/usr/lib/jni:/usr/local/share/OpenCV/java/:/usr/share/OpenCV/java::/usr/java/packages/lib/amd64:/usr/lib64:/lib64:/lib:/usr/lib" />
    <property name="env.rvm_prefix" value="/home/travis" />
    <property name="env.PATH" value="/home/travis/pthla/certi-tools/share/scripts:/home/travis/.rvm/gems/ruby-2.4.1/bin:/home/travis/.rvm/gems/ruby-2.4.1@global/bin:/home/travis/.rvm/rubies/ruby-2.4.1/bin:/home/travis/.rvm/bin:/home/travis/.nvm/versions/node/v7.10.1/bin:./node_modules/.bin:/home/travis/build/icyphy/ptII/bin:/home/travis/pthla/certi-tools/bin:/home/travis/bin:/home/travis/.local/bin:/opt/pyenv/shims:/home/travis/.phpenv/shims:/home/travis/perl5/perlbrew/bin:/home/travis/.kiex/elixirs/elixir-1.4.5/bin:/home/travis/.kiex/bin:/home/travis/gopath/bin:/home/travis/.gimme/versions/go1.7.4.linux.amd64/bin:/usr/local/phantomjs/bin:/usr/local/phantomjs:/usr/local/neo4j-3.2.7/bin:/usr/local/maven-3.5.2/bin:/usr/local/cmake-3.9.2/bin:/usr/local/clang-5.0.0/bin:/usr/local/sbin:/usr/local/bin:/usr/sbin:/usr/bin:/sbin:/bin:/home/travis/.phpenv/bin:/opt/pyenv/bin:/home/travis/.yarn/bin" />
    <property name="env.TRAVIS_OS_NAME" value="linux" />
    <property name="ant.java.version" value="1.8" />
    <property name="basedir" value="/home/travis/build/icyphy/ptII" />
    <property name="java.class.version" value="52.0" />
    <property name="env.SHLVL" value="3" />
    <property name="env.LD_LIBRARY_PATH" value="/home/travis/pthla/certi-tools/lib:/usr/lib/jni:/usr/local/share/OpenCV/java/:/usr/share/OpenCV/java:" />
    <property name="env.RACK_ENV" value="test" />
    <property name="ant.home" value="/home/travis/build/icyphy/ptII/ant" />
    <property name="env.NVM_DIR" value="/home/travis/.nvm" />
    <property name="env.PERLBREW_BASHRC_VERSION" value="0.80" />
    <property name="env.CERTI_FOM_PATH" value="/home/travis/pthla/certi-tools/share/federations" />
    <property name="env.TRAVIS_BUILD_ID" value="378515813" />
    <property name="env.PYENV_ROOT" value="/opt/pyenv" />
    <property name="env.TRAVIS_UID" value="2000" />
    <property name="env.rvm_pretty_print_flag" value="auto" />
    <property name="env.NVM_BIN" value="/home/travis/.nvm/versions/node/v7.10.1/bin" />
    <property name="env.TRAVIS_COMMIT" value="ed9785f00f2831fae5ac8b3355cbae5f77cfed48" />
    <property name="env._system_arch" value="x86_64" />
    <property name="node.executable" value="node" />
    <property name="sun.boot.library.path" value="/usr/lib/jvm/java-8-oracle/jre/lib/amd64" />
    <property name="sun.management.compiler" value="HotSpot 64-Bit Tiered Compilers" />
    <property name="env.GOPATH" value="/home/travis/gopath" />
    <property name="java.awt.graphicsenv" value="sun.awt.X11GraphicsEnvironment" />
    <property name="ptolemy.ptII.dir" value="/home/travis/build/icyphy/ptII" />
    <property name="env.USER" value="travis" />
    <property name="env.HISTFILESIZE" value="2000" />
    <property name="timeout.longest" value="19000000" />
    <property name="env.TRAVIS_STACK_FEATURES" value="basic cassandra chromium couchdb disabled-ipv6 docker docker-compose elasticsearch firefox go-toolchain google-chrome jdk memcached mongodb mysql neo4j nodejs_interpreter perl_interpreter perlbrew phantomjs postgresql python_interpreter rabbitmq redis riak ruby_interpreter sqlite xserver" />
    <property name="env.TRAVIS_PULL_REQUEST" value="false" />
    <property name="env.PYENV_SHELL" value="bash" />
    <property name="ant.project.name" value="ptII" />
    <property name="java.vm.specification.version" value="1.8" />
    <property name="env.CERTI_VERSION" value="4.0.0" />
    <property name="env.NLSPATH" value="/usr/dt/lib/nls/msg/%L/%N.cat" />
    <property name="env.CERTI_HOST" value="localhost" />
    <property name="awt.toolkit" value="sun.awt.X11.XToolkit" />
    <property name="env.MY_RUBY_HOME" value="/home/travis/.rvm/rubies/ruby-2.4.1" />
    <property name="sun.cpu.isalist" value="" />
    <property name="java.ext.dirs" value="/usr/lib/jvm/java-8-oracle/jre/lib/ext:/usr/java/packages/lib/ext" />
    <property name="os.version" value="4.4.0-101-generic" />
    <property name="user.home" value="/home/travis" />
    <property name="env.MIX_ARCHIVES" value="/home/travis/.kiex/mix/elixir-1.4.5" />
    <property name="java.vm.vendor" value="Oracle Corporation" />
    <property name="env.TRAVIS_TAG" value="nightly" />
    <property name="env.TRAVIS_FILTERED" value="redirect_io" />
    <property name="env.PTII" value="/home/travis/build/icyphy/ptII" />
    <property name="env.JAVA_HOME" value="/usr/lib/jvm/java-8-oracle" />
    <property name="javadoc.excludepackagenames" value="adm.cvs2svn.*,build.*,config.*,doc.coding.templates.*,jni.test.jni.meaningOfLife.*,jni.test.jni.testDeux.*,jni.test.jni.testTrois.*,org.terraswarm.accessor.accessors.web.node_modules.*,org.terraswarm.accessor.accessors.web.hosts.cordova.demo.*,org.terraswarm.accessor.accessors.web.hosts.cordova.plugins.*,org.terraswarm.accessor.accessors-svn.*,pt-modules.*,ptolemy.apps.agilent.*,ptolemy.apps.anytimecontrol.*,ptolemy.apps.apes.*,ptolemy.apps.charon.*,ptolemy.apps.crazyboard.*,ptolemy.apps.eclipse.*,ptolemy.apps.etherealSting.*,ptolemy.apps.fullscreen.*,ptolemy.apps.giotto.*,ptolemy.apps.ia.*,ptolemy.apps.interfaces.*,ptolemy.apps.jmf.*,ptolemy.apps.kurt.*,ptolemy.apps.kvm.*,ptolemy.apps.lego.*,ptolemy.apps.lejos.*,ptolemy.apps.midp.*,ptolemy.apps.mobileCoding.*,ptolemy.apps.pendulum.*,ptolemy.apps.rijndael.*,ptolemy.apps.robot.*,ptolemy.apps.security.*,ptolemy.apps.sobel.*,ptolemy.apps.soot.*,ptolemy.apps.throttle.*,ptolemy.apps.tini.*,ptolemy.apps.transmission.*,ptolemy.apps.vergil.*,ptolemy.apps.waba.*,ptolemy.apps.websensor.*,ptolemy.apps.webstart.*,ptolemy.apps.xsl.*,ptolemy.apps.zaurus.*,ptolemy.backtrack.eclipse.plugin.*,ptolemy.backtrack.test.*,ptolemy.codegen.c.actor.lib.oldJavaFiles.*,ptolemy.codegen.dsp.lib.*,ptolemy.codegen.kernel.newInterfaces.*,ptolemy.codegen.lib.*,ptolemy.copernicus.kernel.fragment.*,ptolemy.copernicus.shallow.cg.*,ptolemy.domains.giotto.demo.Hierarchy.Hierarchy.*,ptolemy.domains.giotto.demo.Multimode.Multimode.*,ptolemy.domains.giotto.demo.Simple.Simple.*,ptolemy.domains.gr.lib.experimental.*,ptolemy.domains.gro.*,ptolemy.domains.pdf.*,ptolemy.domains.ptinyos.demo.Surge.output.*,ptolemy.moml.test.NoPackageActor.java*,ptolemy.plot.adm.*,ptolemy.plot.servlet.*,reports.*,signed.*,src.*,target.*,vendors.*,ptolemy.cg.adapter.generic.program.procedural.c.mbed*,ptolemy.actor.lib.fmi.fmus.omc*,ptolemy.domains.openmodelica*,ptdb.kernel.bl.save.test.*,ptdb.kernel.bl.load.test.*,ptdb.kernel.bl.search.test.*,ptdb.kernel.bl.migration.test.*,ptdb.kernel.database.test.*,ptdb.test.*,ptdb.gui.test.*,org.ptolemy.scala.*,diva.util.java2d.svg.*,ptolemy.domains.ptinyos.*,ptolemy.actor.lib.fmi.fmipp.*,,org.terraswarm.accessor.accessors.web.node_modules.*,org.terraswarm.accessor.accessors-svn,ptolemy.actor.ptalon.demo.ptinyos.SendAndReceiveCnt.output,ptolemy.actor.ptalon.demo.ptinyos.SenseToLeds.output,ptolemy.domains.ptinyos.demo.CntToLedsAndRfm.output,ptolemy.domains.ptinyos.demo.RfmToLeds.output,ptolemy.domains.ptinyos.demo.SendAndReceiveCnt.output,ptolemy.domains.ptinyos.demo.SenseToLeds.output" />
    <property name="env.TRAVIS_COMMIT_MESSAGE" value="Adjusted model numbers in export batches." />
    <property name="env.XDG_SESSION_ID" value="2" />
    <property name="keystore" value="ptKeystore" />
    <property name="junit.output.dir" value="/home/travis/build/icyphy/ptII/reports/junit" />
    <property name="npm.return.code" value="0" />
    <property name="user.dir" value="/home/travis/build/icyphy/ptII/ptolemy/actor/lib/test" />
    <property name="env.XFILESEARCHPATH" value="/usr/dt/app-defaults/%L/Dt" />
    <property name="env.TRAVIS_NODE_VERSION" value="7" />
    <property name="env.TRAVIS_EVENT_TYPE" value="cron" />
    <property name="env.MAIL" value="/var/mail/travis" />
    <property name="env.PWD" value="/home/travis/build/icyphy/ptII" />
    <property name="env.PERLBREW_ROOT" value="/home/travis/perl5/perlbrew" />
    <property name="timeout.npm" value="45000" />
    <property name="env.PAGER" value="cat" />
    <property name="sun.cpu.endian" value="little" />
    <property name="env.TRAVIS_BUILD_STAGE_NAME" value="Test" />
    <property name="env.PERLBREW_HOME" value="/home/travis/.perlbrew" />
    <property name="env.RAILS_ENV" value="test" />
    <property name="java.vm.version" value="25.151-b12" />
    <property name="java.class.path" value="/home/travis/.ptolemyII:/home/travis/.ptolemyII/*:/home/travis/build/icyphy/ptII:/home/travis/build/icyphy/ptII/lib/bsh-2.0b4.jar:/home/travis/build/icyphy/ptII/lib/ptCal.jar:/home/travis/build/icyphy/ptII/lib/java_cup.jar:/home/travis/build/icyphy/ptII/lib/saxon8.jar:/home/travis/build/icyphy/ptII/lib/saxon8-dom.jar:/home/travis/build/icyphy/ptII/lib/chic.jar:/home/travis/build/icyphy/ptII/lib/ptcolt.jar:/usr/lib/jvm/java-8-oracle/lib/tools.jar:/usr/lib/eclipse/plugins/org.eclipse.jdt.core_3.8.2.dist.jar:/usr/lib/eclipse/plugins/org.eclipse.core.runtime_3.8.0.dist.jar:/usr/lib/eclipse/plugins/org.eclipse.osgi_3.8.1.dist.jar:/usr/lib/eclipse/plugins/org.eclipse.core.resources_3.8.1.dist.jar:/usr/lib/eclipse/plugins/org.eclipse.equinox.common_3.6.100.dist.jar:/usr/lib/eclipse/plugins/org.eclipse.core.jobs_3.5.200.dist.jar:/usr/lib/eclipse/plugins/org.eclipse.core.contenttype_3.4.200.dist.jar:/usr/lib/eclipse/plugins/org.eclipse.equinox.preferences_3.5.0.dist.jar:/usr/lib/eclipse/plugins/org.eclipse.text_3.5.200.dist.jar:/usr/lib/eclipse/plugins/org.eclipse.ui.workbench_3.8.1.dist.jar:/usr/lib/eclipse/plugins/org.eclipse.jface_3.8.0.dist.jar:/usr/lib/eclipse/plugins/org.eclipse.swt_3.8.2.jar:/usr/lib/eclipse/plugins/org.eclipse.jface.text_3.8.1.dist.jar:/usr/lib/eclipse/plugins/org.eclipse.ui.workbench.texteditor_3.8.0.dist.jar:/usr/lib/eclipse/plugins/org.eclipse.ui.editors_3.8.0.dist.jar:/usr/lib/eclipse/plugins/org.eclipse.core.commands_3.6.1.dist.jar:/usr/lib/eclipse/plugins/org.eclipse.equinox.registry_3.5.200.dist.jar:/usr/lib/eclipse/plugins/org.eclipse.ui.console_3.5.100.dist.jar:/usr/lib/eclipse/plugins/org.eclipse.ui.forms_3.5.200.dist.jar:/usr/lib/eclipse/plugins/org.eclipse.ui.ide_3.8.1.dist.jar:/home/travis/build/icyphy/ptII/vendors/oracle/dbxml.jar:/home/travis/build/icyphy/ptII/vendors/oracle/db.jar:/home/travis/build/icyphy/ptII/vendors/misc/itext/iText.jar:/home/travis/build/icyphy/ptII/lib/g4ltl.jar:/home/travis/build/icyphy/ptII/lib/StructuralCoder.jar:/home/travis/build/icyphy/ptII/lib/org-openide-util.jar:/home/travis/build/icyphy/ptII/lib/org-openide-util-lookup.jar:/home/travis/build/icyphy/ptII/lib/org-netbeans-api-visual.jar:/home/travis/build/icyphy/ptII/vendors/jai-1_1_2_01/lib/jai_core.jar:/home/travis/build/icyphy/ptII/vendors/jai-1_1_2_01/lib/jai_codec.jar:/home/travis/build/icyphy/ptII/lib/jcerti.jar:/home/travis/build/icyphy/ptII/lib/smack.jar:/home/travis/build/icyphy/ptII/lib/smackx.jar:/home/travis/build/icyphy/ptII/lib/jetty-all-8.1.5-v20120716.jar:/home/travis/build/icyphy/ptII/lib/javax.servlet-api-3.0.1.jar:/home/travis/build/icyphy/ptII/lib/javax.mail.jar:/home/travis/build/icyphy/ptII/vendors/JMF-2.1.1e/lib/jmf.jar:/home/travis/build/icyphy/ptII/lib/jna-4.0.0-variadic.jar:/home/travis/build/icyphy/ptII/vendors/misc/joystick/Joystick.jar:/home/travis/build/icyphy/ptII/lib/ptjacl.jar:/home/travis/build/icyphy/ptII/lib/jsoup-1.8.2.jar:/home/travis/build/icyphy/ptII/lib/junit-4.8.2.jar:/home/travis/build/icyphy/ptII/lib/JUnitParams-0.4.0.jar:/home/travis/build/icyphy/ptII/ptolemy/actor/lib/excel/jxl.jar:/home/travis/build/icyphy/ptII/lib/jython.jar:/home/travis/build/icyphy/ptII/lib/kieler.jar:/home/travis/build/icyphy/ptII/vendors/opencv/share/OpenCV/java/opencv-341.jar:/home/travis/build/icyphy/ptII/lib/oscP5.jar:/home/travis/build/icyphy/ptII/lib/nrjavaserial-3.11.0.devel.jar:/usr/share/java/j3dcore.jar:/usr/share/java/j3dutils.jar:/usr/share/java/vecmath.jar:/home/travis/build/icyphy/ptII/ptolemy/distributed/jini/jar/jini-core.jar:/home/travis/build/icyphy/ptII/ptolemy/distributed/jini/jar/jini-ext.jar:/home/travis/build/icyphy/ptII/ptolemy/distributed/jini/jar/sun-util.jar:/home/travis/build/icyphy/ptII/lib/protobuf-java-2.4.1.jar:/home/travis/build/icyphy/ptII/lib/org.eclipse.paho.client.mqttv3.jar:/home/travis/build/icyphy/ptII/ptserver/lib/hessian-4.0.7.jar:/home/travis/build/icyphy/ptII/ptserver/lib/wmqtt.jar:/home/travis/build/icyphy/ptII/lib/mapss.jar:/home/travis/build/icyphy/ptII/ptolemy/actor/ptalon/antlr/antlr.jar:/home/travis/build/icyphy/ptII/lib/JRI.jar:/home/travis/build/icyphy/ptII/lib/commons-lang-2.6.jar:/home/travis/build/icyphy/ptII/lib/commons-logging-1.1.1.jar:/home/travis/build/icyphy/ptII/lib/sootclasses.jar:/home/travis/build/icyphy/ptII/ptolemy/actor/lib/database/mysql-connector-java-5.1.6-bin.jar:/home/travis/build/icyphy/ptII/vendors/misc/sphinx4/sphinx4-data-5prealpha.jar:/home/travis/build/icyphy/ptII/vendors/misc/sphinx4/sphinx4-core-5prealpha.jar:/home/travis/build/icyphy/ptII/lib/PDFRenderer.jar:/home/travis/build/icyphy/ptII/lib/svgSalamander.jar:/home/travis/build/icyphy/ptII/lib/rsyntaxtextarea-2.6.0-SNAPSHOT.jar:/home/travis/build/icyphy/ptII/lib/hazelcast-3.8.2.jar:/home/travis/build/icyphy/ptII/lib/jackson-annotations-2.9.0.jar:/home/travis/build/icyphy/ptII/lib/jackson-core-2.9.3.jar:/home/travis/build/icyphy/ptII/lib/jackson-databind-2.9.3.jar:/home/travis/build/icyphy/ptII/lib/netty-buffer-4.1.19.Final.jar:/home/travis/build/icyphy/ptII/lib/netty-codec-4.1.19.Final.jar:/home/travis/build/icyphy/ptII/lib/netty-codec-dns-4.1.19.Final.jar:/home/travis/build/icyphy/ptII/lib/netty-codec-http-4.1.19.Final.jar:/home/travis/build/icyphy/ptII/lib/netty-codec-http2-4.1.19.Final.jar:/home/travis/build/icyphy/ptII/lib/netty-common-4.1.19.Final.jar:/home/travis/build/icyphy/ptII/lib/netty-handler-4.1.19.Final.jar:/home/travis/build/icyphy/ptII/lib/netty-resolver-4.1.19.Final.jar:/home/travis/build/icyphy/ptII/lib/netty-resolver-dns-4.1.19.Final.jar:/home/travis/build/icyphy/ptII/lib/netty-transport-4.1.19.Final.jar:/home/travis/build/icyphy/ptII/lib/vertx-codegen-3.5.1.jar:/home/travis/build/icyphy/ptII/lib/vertx-core-3.5.2-SNAPSHOT.jar:/home/travis/build/icyphy/ptII/lib/vertx-hazelcast-3.5.1.jar:/home/travis/build/icyphy/ptII/lib/vertx-lang-js-3.5.1.jar:/home/travis/build/icyphy/ptII/lib/vertx-service-proxy-3.5.1.jar:/home/travis/build/icyphy/ptII/lib/vertx-web-3.5.1.jar:/home/travis/build/icyphy/ptII/lib/slf4j-api-1.7.13.jar:/home/travis/build/icyphy/ptII/lib/slf4j-simple-1.7.13.jar:/home/travis/build/icyphy/ptII/lib/webcam-capture-0.3.12.jar:/home/travis/build/icyphy/ptII/lib/bridj-0.7.0.jar:/home/travis/build/icyphy/ptII/lib/xbjlib-1.1.0.nrjavaserial.jar:/home/travis/build/icyphy/ptII/ptolemy/moml/test:/home/travis/build/icyphy/ptII/ant/lib/ant-launcher.jar:/home/travis/build/icyphy/ptII/ant/lib/ant.jar:/home/travis/build/icyphy/ptII/ant/lib/ant-junit.jar:/home/travis/build/icyphy/ptII/ant/lib/ant-junit4.jar" />
    <property name="ant.library.dir" value="/home/travis/build/icyphy/ptII/ant/lib" />
    <property name="os.arch" value="amd64" />
    <property name="env.TRAVIS_LANGUAGE" value="node_js" />
    <property name="env.CONTINUOUS_INTEGRATION" value="true" />
    <property name="env.TRAVIS_STACK_LANGUAGES" value="__garnet__ c c++ clojure cplusplus cpp default go groovy java node_js php pure_java python ruby scala" />
    <property name="test.name" value="ptolemy.actor.lib.test.junit.JUnitTclTest" />
    <property name="sun.java.launcher" value="SUN_STANDARD" />
    <property name="env.PYTHON_CONFIGURE_OPTS" value="--enable-unicode=ucs4 --with-wide-unicode --enable-shared --enable-ipv6 --enable-loadable-sqlite-extensions --with-computed-gotos" />
    <property name="ant.core.lib" value="/home/travis/build/icyphy/ptII/ant/lib/ant.jar" />
    <property name="java.vm.specification.vendor" value="Oracle Corporation" />
    <property name="env.BCVTB_HOME" value="/home/travis/build/icyphy/ptII/lbnl" />
    <property name="file.separator" value="/" />
    <property name="java.runtime.version" value="1.8.0_151-b12" />
    <property name="spotbugs.home" value="/home/travis/build/icyphy/ptII/vendors/spotbugs-3.1.1" />
    <property name="sun.boot.class.path" value="/usr/lib/jvm/java-8-oracle/jre/lib/resources.jar:/usr/lib/jvm/java-8-oracle/jre/lib/rt.jar:/usr/lib/jvm/java-8-oracle/jre/lib/sunrsasign.jar:/usr/lib/jvm/java-8-oracle/jre/lib/jsse.jar:/usr/lib/jvm/java-8-oracle/jre/lib/jce.jar:/usr/lib/jvm/java-8-oracle/jre/lib/charsets.jar:/usr/lib/jvm/java-8-oracle/jre/lib/jfr.jar:/usr/lib/jvm/java-8-oracle/jre/classes" />
    <property name="env.HAS_JOSH_K_SEAL_OF_APPROVAL" value="true" />
    <property name="env.TRAVIS_OSX_IMAGE" value="" />
    <property name="env.XDG_RUNTIME_DIR" value="/run/user/2000" />
    <property name="env.TRAVIS_JOB_ID" value="378515819" />
    <property name="env.TRAVIS_BRANCH" value="master" />
    <property name="user.country" value="US" />
    <property name="env.CERTI_HOME_TRAVIS" value="/home/travis/pthla/certi-tools" />
    <property name="env.SHELL" value="/bin/bash" />
    <property name="java.maxmemory.large" value="5000m" />
    <property name="model" value="" />
    <property name="env.CASHER_DIR" value="/home/travis/.casher" />
    <property name="env.NVM_CD_FLAGS" value="" />
    <property name="jshint.executable" value="/home/travis/node_modules/jshint/bin/jshint" />
    <property name="java.vendor" value="Oracle Corporation" />
    <property name="env.JRUBY_OPTS" value=" --client -J-XX:+TieredCompilation -J-XX:TieredStopAtLevel=1 -J-Xss2m -Xcompile.invokedynamic=false" />
    <property name="env.TRAVIS_PRE_CHEF_BOOTSTRAP_TIME" value="2017-12-05T19:32:55" />
    <property name="env.ELIXIR_VERSION" value="1.4.5" />
    <property name="env.TRAVIS_STACK_JOB_BOARD_REGISTER" value="/.job-board-register.yml" />
    <property name="java.specification.version" value="1.8" />
    <property name="env.IRBRC" value="/home/travis/.rvm/rubies/ruby-2.4.1/.irbrc" />
    <property name="env.TRAVIS" value="true" />
    <property name="sun.arch.data.model" value="64" />
  </properties>
  <testcase classname="ptolemy.util.test.junit.TclTests" name="[0] /home/travis/build/icyphy/ptII/ptolemy/actor/lib/test/AbsoluteValue.tcl (RunTclFile)" time="0.462" />
  <testcase classname="ptolemy.util.test.junit.TclTests" name="[1] /home/travis/build/icyphy/ptII/ptolemy/actor/lib/test/AddSubtract.tcl (RunTclFile)" time="0.094" />
  <testcase classname="ptolemy.util.test.junit.TclTests" name="[2] /home/travis/build/icyphy/ptII/ptolemy/actor/lib/test/Average.tcl (RunTclFile)" time="0.069" />
  <testcase classname="ptolemy.util.test.junit.TclTests" name="[3] /home/travis/build/icyphy/ptII/ptolemy/actor/lib/test/Bernoulli.tcl (RunTclFile)" time="0.032" />
  <testcase classname="ptolemy.util.test.junit.TclTests" name="[4] /home/travis/build/icyphy/ptII/ptolemy/actor/lib/test/Clock.tcl (RunTclFile)" time="0.072" />
  <testcase classname="ptolemy.util.test.junit.TclTests" name="[5] /home/travis/build/icyphy/ptII/ptolemy/actor/lib/test/Commutator.tcl (RunTclFile)" time="0.148" />
  <testcase classname="ptolemy.util.test.junit.TclTests" name="[6] /home/travis/build/icyphy/ptII/ptolemy/actor/lib/test/Const.tcl (RunTclFile)" time="0.084" />
  <testcase classname="ptolemy.util.test.junit.TclTests" name="[7] /home/travis/build/icyphy/ptII/ptolemy/actor/lib/test/CurrentTime.tcl (RunTclFile)" time="0.036" />
  <testcase classname="ptolemy.util.test.junit.TclTests" name="[8] /home/travis/build/icyphy/ptII/ptolemy/actor/lib/test/DB.tcl (RunTclFile)" time="0.043" />
  <testcase classname="ptolemy.util.test.junit.TclTests" name="[9] /home/travis/build/icyphy/ptII/ptolemy/actor/lib/test/DiscreteRandomSource.tcl (RunTclFile)" time="0.034" />
  <testcase classname="ptolemy.util.test.junit.TclTests" name="[10] /home/travis/build/icyphy/ptII/ptolemy/actor/lib/test/Distributor.tcl (RunTclFile)" time="0.049" />
  <testcase classname="ptolemy.util.test.junit.TclTests" name="[11] /home/travis/build/icyphy/ptII/ptolemy/actor/lib/test/Exit.tcl (RunTclFile)" time="0.045" />
  <testcase classname="ptolemy.util.test.junit.TclTests" name="[12] /home/travis/build/icyphy/ptII/ptolemy/actor/lib/test/Expression.tcl (RunTclFile)" time="0.141" />
  <testcase classname="ptolemy.util.test.junit.TclTests" name="[13] /home/travis/build/icyphy/ptII/ptolemy/actor/lib/test/Gaussian.tcl (RunTclFile)" time="0.36" />
  <testcase classname="ptolemy.util.test.junit.TclTests" name="[14] /home/travis/build/icyphy/ptII/ptolemy/actor/lib/test/IIR.tcl (RunTclFile)" time="0.045" />
  <testcase classname="ptolemy.util.test.junit.TclTests" name="[15] /home/travis/build/icyphy/ptII/ptolemy/actor/lib/test/Interpolator.tcl (RunTclFile)" time="0.119" />
  <testcase classname="ptolemy.util.test.junit.TclTests" name="[16] /home/travis/build/icyphy/ptII/ptolemy/actor/lib/test/MathFunction.tcl (RunTclFile)" time="0.072" />
  <testcase classname="ptolemy.util.test.junit.TclTests" name="[17] /home/travis/build/icyphy/ptII/ptolemy/actor/lib/test/Maximum.tcl (RunTclFile)" time="0.042" />
  <testcase classname="ptolemy.util.test.junit.TclTests" name="[18] /home/travis/build/icyphy/ptII/ptolemy/actor/lib/test/Minimum.tcl (RunTclFile)" time="0.02" />
  <testcase classname="ptolemy.util.test.junit.TclTests" name="[19] /home/travis/build/icyphy/ptII/ptolemy/actor/lib/test/MultiplyDivide.tcl (RunTclFile)" time="0.027" />
  <testcase classname="ptolemy.util.test.junit.TclTests" name="[20] /home/travis/build/icyphy/ptII/ptolemy/actor/lib/test/OrderedMerge.tcl (RunTclFile)" time="0.072" />
  <testcase classname="ptolemy.util.test.junit.TclTests" name="[21] /home/travis/build/icyphy/ptII/ptolemy/actor/lib/test/Publisher.tcl (RunTclFile)" time="0.668" />
  <testcase classname="ptolemy.util.test.junit.TclTests" name="[22] /home/travis/build/icyphy/ptII/ptolemy/actor/lib/test/Pulse.tcl (RunTclFile)" time="0.034" />
  <testcase classname="ptolemy.util.test.junit.TclTests" name="[23] /home/travis/build/icyphy/ptII/ptolemy/actor/lib/test/Ramp.tcl (RunTclFile)" time="2.091" />
  <testcase classname="ptolemy.util.test.junit.TclTests" name="[24] /home/travis/build/icyphy/ptII/ptolemy/actor/lib/test/RampContinuous.tcl (RunTclFile)" time="0.017" />
  <testcase classname="ptolemy.util.test.junit.TclTests" name="[25] /home/travis/build/icyphy/ptII/ptolemy/actor/lib/test/RecordAssembler.tcl (RunTclFile)" time="0.018" />
  <testcase classname="ptolemy.util.test.junit.TclTests" name="[26] /home/travis/build/icyphy/ptII/ptolemy/actor/lib/test/RecordDisassembler.tcl (RunTclFile)" time="0.027" />
  <testcase classname="ptolemy.util.test.junit.TclTests" name="[27] /home/travis/build/icyphy/ptII/ptolemy/actor/lib/test/Scale.tcl (RunTclFile)" time="0.035" />
  <testcase classname="ptolemy.util.test.junit.TclTests" name="[28] /home/travis/build/icyphy/ptII/ptolemy/actor/lib/test/SequentialClock.tcl (RunTclFile)" time="0.024" />
  <testcase classname="ptolemy.util.test.junit.TclTests" name="[29] /home/travis/build/icyphy/ptII/ptolemy/actor/lib/test/SetVariable.tcl (RunTclFile)" time="0.016" />
  <testcase classname="ptolemy.util.test.junit.TclTests" name="[30] /home/travis/build/icyphy/ptII/ptolemy/actor/lib/test/Sinewave.tcl (RunTclFile)" time="0.033" />
  <testcase classname="ptolemy.util.test.junit.TclTests" name="[31] /home/travis/build/icyphy/ptII/ptolemy/actor/lib/test/SubscriptionAggregator.tcl (RunTclFile)" time="2.018" />
  <testcase classname="ptolemy.util.test.junit.TclTests" name="[32] /home/travis/build/icyphy/ptII/ptolemy/actor/lib/test/Test.tcl (RunTclFile)" time="0.107" />
  <testcase classname="ptolemy.util.test.junit.TclTests" name="[33] /home/travis/build/icyphy/ptII/ptolemy/actor/lib/test/TestExceptionHandler.tcl (RunTclFile)" time="0.011" />
  <testcase classname="ptolemy.util.test.junit.TclTests" name="[34] /home/travis/build/icyphy/ptII/ptolemy/actor/lib/test/UnionDisassembler.tcl (RunTclFile)" time="0.063" />
  <testcase classname="ptolemy.util.test.junit.TclTests" name="[35] /home/travis/build/icyphy/ptII/ptolemy/actor/lib/test/VariableClock.tcl (RunTclFile)" time="0.024" />
  <testcase classname="ptolemy.util.test.junit.AutoKnownFailedTests" name="[0] /home/travis/build/icyphy/ptII/ptolemy/actor/lib/test/auto/knownFailedTests/PublisherPortToplevelSubscriber.xml (RunModel)" time="0.022" />
  <testcase classname="ptolemy.util.test.junit.AutoKnownFailedTests" name="[1] /home/travis/build/icyphy/ptII/ptolemy/actor/lib/test/auto/knownFailedTests/PublisherSubscriberPortToplevel.xml (RunModel)" time="0.02" />
  <testcase classname="ptolemy.util.test.junit.AutoKnownFailedTests" name="[2] /home/travis/build/icyphy/ptII/ptolemy/actor/lib/test/auto/knownFailedTests/PublisherSubscriptionAggregatorPort.xml (RunModel)" time="0.02" />
  <testcase classname="ptolemy.util.test.junit.AutoKnownFailedTests" name="[3] /home/travis/build/icyphy/ptII/ptolemy/actor/lib/test/auto/knownFailedTests/sizedarray3.xml (RunModel)" time="0.025" />
  <testcase classname="ptolemy.util.test.junit.AutoNameArchTests" name="[0] ThereAreNoAutoTests (RunModel)" time="0.001" />
  <testcase classname="ptolemy.util.test.junit.AutoTests" name="[0] /home/travis/build/icyphy/ptII/ptolemy/actor/lib/test/auto/AbsoluteValue.xml (RunModel)" time="0.104" />
  <testcase classname="ptolemy.util.test.junit.AutoTests" name="[1] /home/travis/build/icyphy/ptII/ptolemy/actor/lib/test/auto/AbsoluteValue2.xml (RunModel)" time="0.076" />
  <testcase classname="ptolemy.util.test.junit.AutoTests" name="[2] /home/travis/build/icyphy/ptII/ptolemy/actor/lib/test/auto/Accumulator.xml (RunModel)" time="0.047" />
  <testcase classname="ptolemy.util.test.junit.AutoTests" name="[3] /home/travis/build/icyphy/ptII/ptolemy/actor/lib/test/auto/Accumulator2.xml (RunModel)" time="0.048" />
  <testcase classname="ptolemy.util.test.junit.AutoTests" name="[4] /home/travis/build/icyphy/ptII/ptolemy/actor/lib/test/auto/Accumulator3.xml (RunModel)" time="0.051" />
  <testcase classname="ptolemy.util.test.junit.AutoTests" name="[5] /home/travis/build/icyphy/ptII/ptolemy/actor/lib/test/auto/ArrayAppend.xml (RunModel)" time="0.045" />
  <testcase classname="ptolemy.util.test.junit.AutoTests" name="[6] /home/travis/build/icyphy/ptII/ptolemy/actor/lib/test/auto/ArrayAppend2.xml (RunModel)" time="0.53" />
  <testcase classname="ptolemy.util.test.junit.AutoTests" name="[7] /home/travis/build/icyphy/ptII/ptolemy/actor/lib/test/auto/ArrayAppend3.xml (RunModel)" time="0.032" />
  <testcase classname="ptolemy.util.test.junit.AutoTests" name="[8] /home/travis/build/icyphy/ptII/ptolemy/actor/lib/test/auto/ArrayAppend4.xml (RunModel)" time="0.02" />
  <testcase classname="ptolemy.util.test.junit.AutoTests" name="[9] /home/travis/build/icyphy/ptII/ptolemy/actor/lib/test/auto/ArrayAppend5.xml (RunModel)" time="0.032" />
  <testcase classname="ptolemy.util.test.junit.AutoTests" name="[10] /home/travis/build/icyphy/ptII/ptolemy/actor/lib/test/auto/ArrayAppend6.xml (RunModel)" time="0.023" />
  <testcase classname="ptolemy.util.test.junit.AutoTests" name="[11] /home/travis/build/icyphy/ptII/ptolemy/actor/lib/test/auto/ArrayAppendPerformanceTest.xml (RunModel)" time="0.054" />
  <testcase classname="ptolemy.util.test.junit.AutoTests" name="[12] /home/travis/build/icyphy/ptII/ptolemy/actor/lib/test/auto/ArrayAppendWithEmptyInput.xml (RunModel)" time="0.058" />
  <testcase classname="ptolemy.util.test.junit.AutoTests" name="[13] /home/travis/build/icyphy/ptII/ptolemy/actor/lib/test/auto/ArrayAverage.xml (RunModel)" time="0.044" />
  <testcase classname="ptolemy.util.test.junit.AutoTests" name="[14] /home/travis/build/icyphy/ptII/ptolemy/actor/lib/test/auto/ArrayContains.xml (RunModel)" time="0.043" />
  <testcase classname="ptolemy.util.test.junit.AutoTests" name="[15] /home/travis/build/icyphy/ptII/ptolemy/actor/lib/test/auto/ArrayElement.xml (RunModel)" time="0.034" />
  <testcase classname="ptolemy.util.test.junit.AutoTests" name="[16] /home/travis/build/icyphy/ptII/ptolemy/actor/lib/test/auto/ArrayElementAsMatrix.xml (RunModel)" time="0.058" />
  <testcase classname="ptolemy.util.test.junit.AutoTests" name="[17] /home/travis/build/icyphy/ptII/ptolemy/actor/lib/test/auto/ArrayElementI.xml (RunModel)" time="0.015" />
  <testcase classname="ptolemy.util.test.junit.AutoTests" name="[18] /home/travis/build/icyphy/ptII/ptolemy/actor/lib/test/auto/ArrayExtract.xml (RunModel)" time="0.055" />
  <testcase classname="ptolemy.util.test.junit.AutoTests" name="[19] /home/travis/build/icyphy/ptII/ptolemy/actor/lib/test/auto/ArrayExtract2.xml (RunModel)" time="0.02" />
  <testcase classname="ptolemy.util.test.junit.AutoTests" name="[20] /home/travis/build/icyphy/ptII/ptolemy/actor/lib/test/auto/ArrayLength.xml (RunModel)" time="0.026" />
  <testcase classname="ptolemy.util.test.junit.AutoTests" name="[21] /home/travis/build/icyphy/ptII/ptolemy/actor/lib/test/auto/ArrayLevelCrossing.xml (RunModel)" time="0.049" />
  <testcase classname="ptolemy.util.test.junit.AutoTests" name="[22] /home/travis/build/icyphy/ptII/ptolemy/actor/lib/test/auto/ArrayLevelCrossing2.xml (RunModel)" time="0.023" />
  <testcase classname="ptolemy.util.test.junit.AutoTests" name="[23] /home/travis/build/icyphy/ptII/ptolemy/actor/lib/test/auto/ArrayPeakSearch.xml (RunModel)" time="0.034" />
  <testcase classname="ptolemy.util.test.junit.AutoTests" name="[24] /home/travis/build/icyphy/ptII/ptolemy/actor/lib/test/auto/ArrayPeakSearch2.xml (RunModel)" time="0.048" />
  <testcase classname="ptolemy.util.test.junit.AutoTests" name="[25] /home/travis/build/icyphy/ptII/ptolemy/actor/lib/test/auto/ArrayPeakSearch3.xml (RunModel)" time="0.038" />
  <testcase classname="ptolemy.util.test.junit.AutoTests" name="[26] /home/travis/build/icyphy/ptII/ptolemy/actor/lib/test/auto/ArrayRemoveElement.xml (RunModel)" time="0.03" />
  <testcase classname="ptolemy.util.test.junit.AutoTests" name="[27] /home/travis/build/icyphy/ptII/ptolemy/actor/lib/test/auto/ArraySort.xml (RunModel)" time="0.038" />
  <testcase classname="ptolemy.util.test.junit.AutoTests" name="[28] /home/travis/build/icyphy/ptII/ptolemy/actor/lib/test/auto/ArraySum.xml (RunModel)" time="0.023" />
  <testcase classname="ptolemy.util.test.junit.AutoTests" name="[29] /home/travis/build/icyphy/ptII/ptolemy/actor/lib/test/auto/ArrayToElements.xml (RunModel)" time="0.024" />
  <testcase classname="ptolemy.util.test.junit.AutoTests" name="[30] /home/travis/build/icyphy/ptII/ptolemy/actor/lib/test/auto/ArrayToMatrix.xml (RunModel)" time="0.058" />
  <testcase classname="ptolemy.util.test.junit.AutoTests" name="[31] /home/travis/build/icyphy/ptII/ptolemy/actor/lib/test/auto/ArrayUpdate1.xml (RunModel)" time="0.015" />
  <testcase classname="ptolemy.util.test.junit.AutoTests" name="[32] /home/travis/build/icyphy/ptII/ptolemy/actor/lib/test/auto/ArrayUpdate2.xml (RunModel)" time="0.025" />
  <testcase classname="ptolemy.util.test.junit.AutoTests" name="[33] /home/travis/build/icyphy/ptII/ptolemy/actor/lib/test/auto/ArrayUpdate3.xml (RunModel)" time="0.023" />
  <testcase classname="ptolemy.util.test.junit.AutoTests" name="[34] /home/travis/build/icyphy/ptII/ptolemy/actor/lib/test/auto/Assert1.xml (RunModel)" time="0.026" />
  <testcase classname="ptolemy.util.test.junit.AutoTests" name="[35] /home/travis/build/icyphy/ptII/ptolemy/actor/lib/test/auto/Assert2.xml (RunModel)" time="0.016" />
  <testcase classname="ptolemy.util.test.junit.AutoTests" name="[36] /home/travis/build/icyphy/ptII/ptolemy/actor/lib/test/auto/BooleanMultiplexor.xml (RunModel)" time="0.017" />
  <testcase classname="ptolemy.util.test.junit.AutoTests" name="[37] /home/travis/build/icyphy/ptII/ptolemy/actor/lib/test/auto/BooleanMultiplexor2.xml (RunModel)" time="0.035" />
  <testcase classname="ptolemy.util.test.junit.AutoTests" name="[38] /home/travis/build/icyphy/ptII/ptolemy/actor/lib/test/auto/BooleanMultiplexor3.xml (RunModel)" time="0.039" />
  <testcase classname="ptolemy.util.test.junit.AutoTests" name="[39] /home/travis/build/icyphy/ptII/ptolemy/actor/lib/test/auto/BooleanSelect.xml (RunModel)" time="0.025" />
  <testcase classname="ptolemy.util.test.junit.AutoTests" name="[40] /home/travis/build/icyphy/ptII/ptolemy/actor/lib/test/auto/BooleanSelect2.xml (RunModel)" time="0.013" />
  <testcase classname="ptolemy.util.test.junit.AutoTests" name="[41] /home/travis/build/icyphy/ptII/ptolemy/actor/lib/test/auto/BooleanSwitch.xml (RunModel)" time="0.02" />
  <testcase classname="ptolemy.util.test.junit.AutoTests" name="[42] /home/travis/build/icyphy/ptII/ptolemy/actor/lib/test/auto/BooleanSwitch2.xml (RunModel)" time="0.014" />
  <testcase classname="ptolemy.util.test.junit.AutoTests" name="[43] /home/travis/build/icyphy/ptII/ptolemy/actor/lib/test/auto/BooleanSwitchCloningBugWithClassRelationGroup.xml (RunModel)" time="0.036" />
  <testcase classname="ptolemy.util.test.junit.AutoTests" name="[44] /home/travis/build/icyphy/ptII/ptolemy/actor/lib/test/auto/BusActors.xml (RunModel)" time="0.035" />
  <testcase classname="ptolemy.util.test.junit.AutoTests" name="[45] /home/travis/build/icyphy/ptII/ptolemy/actor/lib/test/auto/ClassWrapper.xml (RunModel)" time="0.01" />
  <testcase classname="ptolemy.util.test.junit.AutoTests" name="[46] /home/travis/build/icyphy/ptII/ptolemy/actor/lib/test/auto/Clock.xml (RunModel)" time="0.057" />
  <testcase classname="ptolemy.util.test.junit.AutoTests" name="[47] /home/travis/build/icyphy/ptII/ptolemy/actor/lib/test/auto/Clock10.xml (RunModel)" time="0.014" />
  <testcase classname="ptolemy.util.test.junit.AutoTests" name="[48] /home/travis/build/icyphy/ptII/ptolemy/actor/lib/test/auto/Clock11.xml (RunModel)" time="0.013" />
  <testcase classname="ptolemy.util.test.junit.AutoTests" name="[49] /home/travis/build/icyphy/ptII/ptolemy/actor/lib/test/auto/Clock12.xml (RunModel)" time="0.014" />
  <testcase classname="ptolemy.util.test.junit.AutoTests" name="[50] /home/travis/build/icyphy/ptII/ptolemy/actor/lib/test/auto/Clock13.xml (RunModel)" time="0.021" />
  <testcase classname="ptolemy.util.test.junit.AutoTests" name="[51] /home/travis/build/icyphy/ptII/ptolemy/actor/lib/test/auto/Clock14.xml (RunModel)" time="0.016" />
  <testcase classname="ptolemy.util.test.junit.AutoTests" name="[52] /home/travis/build/icyphy/ptII/ptolemy/actor/lib/test/auto/Clock15.xml (RunModel)" time="0.016" />
  <testcase classname="ptolemy.util.test.junit.AutoTests" name="[53] /home/travis/build/icyphy/ptII/ptolemy/actor/lib/test/auto/Clock16.xml (RunModel)" time="0.076" />
  <testcase classname="ptolemy.util.test.junit.AutoTests" name="[54] /home/travis/build/icyphy/ptII/ptolemy/actor/lib/test/auto/Clock17.xml (RunModel)" time="0.051" />
  <testcase classname="ptolemy.util.test.junit.AutoTests" name="[55] /home/travis/build/icyphy/ptII/ptolemy/actor/lib/test/auto/Clock18.xml (RunModel)" time="0.065" />
  <testcase classname="ptolemy.util.test.junit.AutoTests" name="[56] /home/travis/build/icyphy/ptII/ptolemy/actor/lib/test/auto/Clock19.xml (RunModel)" time="0.033" />
  <testcase classname="ptolemy.util.test.junit.AutoTests" name="[57] /home/travis/build/icyphy/ptII/ptolemy/actor/lib/test/auto/Clock2.xml (RunModel)" time="0.013" />
  <testcase classname="ptolemy.util.test.junit.AutoTests" name="[58] /home/travis/build/icyphy/ptII/ptolemy/actor/lib/test/auto/Clock20.xml (RunModel)" time="0.024" />
  <testcase classname="ptolemy.util.test.junit.AutoTests" name="[59] /home/travis/build/icyphy/ptII/ptolemy/actor/lib/test/auto/Clock21.xml (RunModel)" time="0.015" />
  <testcase classname="ptolemy.util.test.junit.AutoTests" name="[60] /home/travis/build/icyphy/ptII/ptolemy/actor/lib/test/auto/Clock22.xml (RunModel)" time="0.011" />
  <testcase classname="ptolemy.util.test.junit.AutoTests" name="[61] /home/travis/build/icyphy/ptII/ptolemy/actor/lib/test/auto/Clock23.xml (RunModel)" time="0.014" />
  <testcase classname="ptolemy.util.test.junit.AutoTests" name="[62] /home/travis/build/icyphy/ptII/ptolemy/actor/lib/test/auto/Clock24.xml (RunModel)" time="0.015" />
  <testcase classname="ptolemy.util.test.junit.AutoTests" name="[63] /home/travis/build/icyphy/ptII/ptolemy/actor/lib/test/auto/Clock4.xml (RunModel)" time="0.018" />
  <testcase classname="ptolemy.util.test.junit.AutoTests" name="[64] /home/travis/build/icyphy/ptII/ptolemy/actor/lib/test/auto/Clock5.xml (RunModel)" time="0.012" />
  <testcase classname="ptolemy.util.test.junit.AutoTests" name="[65] /home/travis/build/icyphy/ptII/ptolemy/actor/lib/test/auto/Clock6.xml (RunModel)" time="0.009" />
  <testcase classname="ptolemy.util.test.junit.AutoTests" name="[66] /home/travis/build/icyphy/ptII/ptolemy/actor/lib/test/auto/Clock7.xml (RunModel)" time="0.01" />
  <testcase classname="ptolemy.util.test.junit.AutoTests" name="[67] /home/travis/build/icyphy/ptII/ptolemy/actor/lib/test/auto/Clock8.xml (RunModel)" time="0.017" />
  <testcase classname="ptolemy.util.test.junit.AutoTests" name="[68] /home/travis/build/icyphy/ptII/ptolemy/actor/lib/test/auto/Clock9.xml (RunModel)" time="0.02" />
  <testcase classname="ptolemy.util.test.junit.AutoTests" name="[69] /home/travis/build/icyphy/ptII/ptolemy/actor/lib/test/auto/CommDistDiscard.xml (RunModel)" time="0.022" />
  <testcase classname="ptolemy.util.test.junit.AutoTests" name="[70] /home/travis/build/icyphy/ptII/ptolemy/actor/lib/test/auto/Commutator.xml (RunModel)" time="0.015" />
  <testcase classname="ptolemy.util.test.junit.AutoTests" name="[71] /home/travis/build/icyphy/ptII/ptolemy/actor/lib/test/auto/Commutator2.xml (RunModel)" time="0.011" />
  <testcase classname="ptolemy.util.test.junit.AutoTests" name="[72] /home/travis/build/icyphy/ptII/ptolemy/actor/lib/test/auto/Commutator3.xml (RunModel)" time="0.011" />
  <testcase classname="ptolemy.util.test.junit.AutoTests" name="[73] /home/travis/build/icyphy/ptII/ptolemy/actor/lib/test/auto/Compare.xml (RunModel)" time="0.018" />
  <testcase classname="ptolemy.util.test.junit.AutoTests" name="[74] /home/travis/build/icyphy/ptII/ptolemy/actor/lib/test/auto/CompareDE.xml (RunModel)" time="0.017" />
  <testcase classname="ptolemy.util.test.junit.AutoTests" name="[75] /home/travis/build/icyphy/ptII/ptolemy/actor/lib/test/auto/ComplexDivide.xml (RunModel)" time="0.008" />
  <testcase classname="ptolemy.util.test.junit.AutoTests" name="[76] /home/travis/build/icyphy/ptII/ptolemy/actor/lib/test/auto/ComputeHistogram.xml (RunModel)" time="0.071" />
  <testcase classname="ptolemy.util.test.junit.AutoTests" name="[77] /home/travis/build/icyphy/ptII/ptolemy/actor/lib/test/auto/ConfigurationSelect.xml (RunModel)" time="0.017" />
  <testcase classname="ptolemy.util.test.junit.AutoTests" name="[78] /home/travis/build/icyphy/ptII/ptolemy/actor/lib/test/auto/ConfigurationSelect2.xml (RunModel)" time="0.012" />
  <testcase classname="ptolemy.util.test.junit.AutoTests" name="[79] /home/travis/build/icyphy/ptII/ptolemy/actor/lib/test/auto/ConfigurationSwitch.xml (RunModel)" time="0.02" />
  <testcase classname="ptolemy.util.test.junit.AutoTests" name="[80] /home/travis/build/icyphy/ptII/ptolemy/actor/lib/test/auto/ConfigurationSwitch2.xml (RunModel)" time="0.017" />
  <testcase classname="ptolemy.util.test.junit.AutoTests" name="[81] /home/travis/build/icyphy/ptII/ptolemy/actor/lib/test/auto/ConfigurationSwitchCloningBugWithClassRelationGroup.xml (RunModel)" time="0.016" />
  <testcase classname="ptolemy.util.test.junit.AutoTests" name="[82] /home/travis/build/icyphy/ptII/ptolemy/actor/lib/test/auto/ConfigurationSwitchSelectSDF.xml (RunModel)" time="0.012" />
  <testcase classname="ptolemy.util.test.junit.AutoTests" name="[83] /home/travis/build/icyphy/ptII/ptolemy/actor/lib/test/auto/ConfigurationSwitchSelectSDF2.xml (RunModel)" time="0.014" />
  <testcase classname="ptolemy.util.test.junit.AutoTests" name="[84] /home/travis/build/icyphy/ptII/ptolemy/actor/lib/test/auto/Const.xml (RunModel)" time="0.007" />
  <testcase classname="ptolemy.util.test.junit.AutoTests" name="[85] /home/travis/build/icyphy/ptII/ptolemy/actor/lib/test/auto/Const2.xml (RunModel)" time="0.009" />
  <testcase classname="ptolemy.util.test.junit.AutoTests" name="[86] /home/travis/build/icyphy/ptII/ptolemy/actor/lib/test/auto/Const3.xml (RunModel)" time="0.006" />
  <testcase classname="ptolemy.util.test.junit.AutoTests" name="[87] /home/travis/build/icyphy/ptII/ptolemy/actor/lib/test/auto/ConstantPublisherPort1.xml (RunModel)" time="0.021" />
  <testcase classname="ptolemy.util.test.junit.AutoTests" name="[88] /home/travis/build/icyphy/ptII/ptolemy/actor/lib/test/auto/ConstantPublisherPort2.xml (RunModel)" time="0.019" />
  <testcase classname="ptolemy.util.test.junit.AutoTests" name="[89] /home/travis/build/icyphy/ptII/ptolemy/actor/lib/test/auto/ConstantPublisherPort3.xml (RunModel)" time="0.02" />
  <testcase classname="ptolemy.util.test.junit.AutoTests" name="[90] /home/travis/build/icyphy/ptII/ptolemy/actor/lib/test/auto/ConstantPublisherPort4.xml (RunModel)" time="0.016" />
  <testcase classname="ptolemy.util.test.junit.AutoTests" name="[91] /home/travis/build/icyphy/ptII/ptolemy/actor/lib/test/auto/ConstantPublisherPort5.xml (RunModel)" time="0.037" />
  <testcase classname="ptolemy.util.test.junit.AutoTests" name="[92] /home/travis/build/icyphy/ptII/ptolemy/actor/lib/test/auto/ConstantPublisherPort6.xml (RunModel)" time="0.034" />
  <testcase classname="ptolemy.util.test.junit.AutoTests" name="[93] /home/travis/build/icyphy/ptII/ptolemy/actor/lib/test/auto/ConstantPublisherPort7.xml (RunModel)" time="0.028" />
  <testcase classname="ptolemy.util.test.junit.AutoTests" name="[94] /home/travis/build/icyphy/ptII/ptolemy/actor/lib/test/auto/ConstraintMonitor1.xml (RunModel)" time="0.036" />
  <testcase classname="ptolemy.util.test.junit.AutoTests" name="[95] /home/travis/build/icyphy/ptII/ptolemy/actor/lib/test/auto/ConstraintMonitor2.xml (RunModel)" time="0.018" />
  <testcase classname="ptolemy.util.test.junit.AutoTests" name="[96] /home/travis/build/icyphy/ptII/ptolemy/actor/lib/test/auto/ConstraintMonitor3.xml (RunModel)" time="0.015" />
  <testcase classname="ptolemy.util.test.junit.AutoTests" name="[97] /home/travis/build/icyphy/ptII/ptolemy/actor/lib/test/auto/ConstraintMonitor4.xml (RunModel)" time="0.018" />
  <testcase classname="ptolemy.util.test.junit.AutoTests" name="[98] /home/travis/build/icyphy/ptII/ptolemy/actor/lib/test/auto/ConstraintMonitor5.xml (RunModel)" time="0.013" />
  <testcase classname="ptolemy.util.test.junit.AutoTests" name="[99] /home/travis/build/icyphy/ptII/ptolemy/actor/lib/test/auto/ConstraintMonitor6.xml (RunModel)" time="0.041" />
  <testcase classname="ptolemy.util.test.junit.AutoTests" name="[100] /home/travis/build/icyphy/ptII/ptolemy/actor/lib/test/auto/ConstraintMonitor7.xml (RunModel)" time="0.013" />
  <testcase classname="ptolemy.util.test.junit.AutoTests" name="[101] /home/travis/build/icyphy/ptII/ptolemy/actor/lib/test/auto/ConstraintMonitor8.xml (RunModel)" time="0.015" />
  <testcase classname="ptolemy.util.test.junit.AutoTests" name="[102] /home/travis/build/icyphy/ptII/ptolemy/actor/lib/test/auto/Counter.xml (RunModel)" time="0.021" />
  <testcase classname="ptolemy.util.test.junit.AutoTests" name="[103] /home/travis/build/icyphy/ptII/ptolemy/actor/lib/test/auto/CurrentTimeSDF.xml (RunModel)" time="0.008" />
  <testcase classname="ptolemy.util.test.junit.AutoTests" name="[104] /home/travis/build/icyphy/ptII/ptolemy/actor/lib/test/auto/DB.xml (RunModel)" time="0.014" />
  <testcase classname="ptolemy.util.test.junit.AutoTests" name="[105] /home/travis/build/icyphy/ptII/ptolemy/actor/lib/test/auto/DBDE.xml (RunModel)" time="0.014" />
  <testcase classname="ptolemy.util.test.junit.AutoTests" name="[106] /home/travis/build/icyphy/ptII/ptolemy/actor/lib/test/auto/DateConstructor.xml (RunModel)" time="0.059" />
  <testcase classname="ptolemy.util.test.junit.AutoTests" name="[107] /home/travis/build/icyphy/ptII/ptolemy/actor/lib/test/auto/DelayTime.xml (RunModel)" time="0.016" />
  <testcase classname="ptolemy.util.test.junit.AutoTests" name="[108] /home/travis/build/icyphy/ptII/ptolemy/actor/lib/test/auto/Dictionary1.xml (RunModel)" time="0.016" />
  <testcase classname="ptolemy.util.test.junit.AutoTests" name="[109] /home/travis/build/icyphy/ptII/ptolemy/actor/lib/test/auto/Dictionary2.xml (RunModel)" time="0.018" />
  <testcase classname="ptolemy.util.test.junit.AutoTests" name="[110] /home/travis/build/icyphy/ptII/ptolemy/actor/lib/test/auto/Dictionary3.xml (RunModel)" time="0.015" />
  <testcase classname="ptolemy.util.test.junit.AutoTests" name="[111] /home/travis/build/icyphy/ptII/ptolemy/actor/lib/test/auto/Dictionary4.xml (RunModel)" time="0.016" />
  <testcase classname="ptolemy.util.test.junit.AutoTests" name="[112] /home/travis/build/icyphy/ptII/ptolemy/actor/lib/test/auto/Differential.xml (RunModel)" time="0.011" />
  <testcase classname="ptolemy.util.test.junit.AutoTests" name="[113] /home/travis/build/icyphy/ptII/ptolemy/actor/lib/test/auto/Director.xml (RunModel)" time="0.009" />
  <testcase classname="ptolemy.util.test.junit.AutoTests" name="[114] /home/travis/build/icyphy/ptII/ptolemy/actor/lib/test/auto/DiscreteClock.xml (RunModel)" time="0.008" />
  <testcase classname="ptolemy.util.test.junit.AutoTests" name="[115] /home/travis/build/icyphy/ptII/ptolemy/actor/lib/test/auto/DiscreteClock10.xml (RunModel)" time="0.013" />
  <testcase classname="ptolemy.util.test.junit.AutoTests" name="[116] /home/travis/build/icyphy/ptII/ptolemy/actor/lib/test/auto/DiscreteClock11.xml (RunModel)" time="0.012" />
  <testcase classname="ptolemy.util.test.junit.AutoTests" name="[117] /home/travis/build/icyphy/ptII/ptolemy/actor/lib/test/auto/DiscreteClock12.xml (RunModel)" time="0.013" />
  <testcase classname="ptolemy.util.test.junit.AutoTests" name="[118] /home/travis/build/icyphy/ptII/ptolemy/actor/lib/test/auto/DiscreteClock13.xml (RunModel)" time="0.017" />
  <testcase classname="ptolemy.util.test.junit.AutoTests" name="[119] /home/travis/build/icyphy/ptII/ptolemy/actor/lib/test/auto/DiscreteClock14.xml (RunModel)" time="0.016" />
  <testcase classname="ptolemy.util.test.junit.AutoTests" name="[120] /home/travis/build/icyphy/ptII/ptolemy/actor/lib/test/auto/DiscreteClock15.xml (RunModel)" time="0.016" />
  <testcase classname="ptolemy.util.test.junit.AutoTests" name="[121] /home/travis/build/icyphy/ptII/ptolemy/actor/lib/test/auto/DiscreteClock16.xml (RunModel)" time="0.044" />
  <testcase classname="ptolemy.util.test.junit.AutoTests" name="[122] /home/travis/build/icyphy/ptII/ptolemy/actor/lib/test/auto/DiscreteClock17.xml (RunModel)" time="0.044" />
  <testcase classname="ptolemy.util.test.junit.AutoTests" name="[123] /home/travis/build/icyphy/ptII/ptolemy/actor/lib/test/auto/DiscreteClock18.xml (RunModel)" time="0.498" />
  <testcase classname="ptolemy.util.test.junit.AutoTests" name="[124] /home/travis/build/icyphy/ptII/ptolemy/actor/lib/test/auto/DiscreteClock19.xml (RunModel)" time="0.053" />
  <testcase classname="ptolemy.util.test.junit.AutoTests" name="[125] /home/travis/build/icyphy/ptII/ptolemy/actor/lib/test/auto/DiscreteClock2.xml (RunModel)" time="0.014" />
  <testcase classname="ptolemy.util.test.junit.AutoTests" name="[126] /home/travis/build/icyphy/ptII/ptolemy/actor/lib/test/auto/DiscreteClock20.xml (RunModel)" time="0.023" />
  <testcase classname="ptolemy.util.test.junit.AutoTests" name="[127] /home/travis/build/icyphy/ptII/ptolemy/actor/lib/test/auto/DiscreteClock21.xml (RunModel)" time="0.022" />
  <testcase classname="ptolemy.util.test.junit.AutoTests" name="[128] /home/travis/build/icyphy/ptII/ptolemy/actor/lib/test/auto/DiscreteClock22.xml (RunModel)" time="0.023" />
  <testcase classname="ptolemy.util.test.junit.AutoTests" name="[129] /home/travis/build/icyphy/ptII/ptolemy/actor/lib/test/auto/DiscreteClock23.xml (RunModel)" time="0.023" />
  <testcase classname="ptolemy.util.test.junit.AutoTests" name="[130] /home/travis/build/icyphy/ptII/ptolemy/actor/lib/test/auto/DiscreteClock24.xml (RunModel)" time="0.022" />
  <testcase classname="ptolemy.util.test.junit.AutoTests" name="[131] /home/travis/build/icyphy/ptII/ptolemy/actor/lib/test/auto/DiscreteClock4.xml (RunModel)" time="0.013" />
  <testcase classname="ptolemy.util.test.junit.AutoTests" name="[132] /home/travis/build/icyphy/ptII/ptolemy/actor/lib/test/auto/DiscreteClock5.xml (RunModel)" time="0.014" />
  <testcase classname="ptolemy.util.test.junit.AutoTests" name="[133] /home/travis/build/icyphy/ptII/ptolemy/actor/lib/test/auto/DiscreteClock6.xml (RunModel)" time="0.008" />
  <testcase classname="ptolemy.util.test.junit.AutoTests" name="[134] /home/travis/build/icyphy/ptII/ptolemy/actor/lib/test/auto/DiscreteClock7.xml (RunModel)" time="0.011" />
  <testcase classname="ptolemy.util.test.junit.AutoTests" name="[135] /home/travis/build/icyphy/ptII/ptolemy/actor/lib/test/auto/DiscreteClock8.xml (RunModel)" time="0.014" />
  <testcase classname="ptolemy.util.test.junit.AutoTests" name="[136] /home/travis/build/icyphy/ptII/ptolemy/actor/lib/test/auto/DiscreteClock9.xml (RunModel)" time="0.015" />
  <testcase classname="ptolemy.util.test.junit.AutoTests" name="[137] /home/travis/build/icyphy/ptII/ptolemy/actor/lib/test/auto/DisplayArray.xml (RunModel)" time="0.017" />
  <testcase classname="ptolemy.util.test.junit.AutoTests" name="[138] /home/travis/build/icyphy/ptII/ptolemy/actor/lib/test/auto/Distributor.xml (RunModel)" time="0.009" />
  <testcase classname="ptolemy.util.test.junit.AutoTests" name="[139] /home/travis/build/icyphy/ptII/ptolemy/actor/lib/test/auto/Distributor2.xml (RunModel)" time="0.01" />
  <testcase classname="ptolemy.util.test.junit.AutoTests" name="[140] /home/travis/build/icyphy/ptII/ptolemy/actor/lib/test/auto/DownSample.xml (RunModel)" time="0.024" />
  <testcase classname="ptolemy.util.test.junit.AutoTests" name="[141] /home/travis/build/icyphy/ptII/ptolemy/actor/lib/test/auto/ElectronicUnitBase1.xml (RunModel)" time="0.069" />
  <testcase classname="ptolemy.util.test.junit.AutoTests" name="[142] /home/travis/build/icyphy/ptII/ptolemy/actor/lib/test/auto/ElementsToArray.xml (RunModel)" time="0.01" />
  <testcase classname="ptolemy.util.test.junit.AutoTests" name="[143] /home/travis/build/icyphy/ptII/ptolemy/actor/lib/test/auto/Equals.xml (RunModel)" time="0.013" />
  <testcase classname="ptolemy.util.test.junit.AutoTests" name="[144] /home/travis/build/icyphy/ptII/ptolemy/actor/lib/test/auto/Exec.xml (RunModel)" time="0.027" />
  <testcase classname="ptolemy.util.test.junit.AutoTests" name="[145] /home/travis/build/icyphy/ptII/ptolemy/actor/lib/test/auto/ExecEnvironment.xml (RunModel)" time="0.031" />
  <testcase classname="ptolemy.util.test.junit.AutoTests" name="[146] /home/travis/build/icyphy/ptII/ptolemy/actor/lib/test/auto/ExecNonZeroReturnOutput.xml (RunModel)" time="0.154" />
  <testcase classname="ptolemy.util.test.junit.AutoTests" name="[147] /home/travis/build/icyphy/ptII/ptolemy/actor/lib/test/auto/ExecRunDemos.xml (RunModel)" time="9.581" />
  <testcase classname="ptolemy.util.test.junit.AutoTests" name="[148] /home/travis/build/icyphy/ptII/ptolemy/actor/lib/test/auto/ExecStop.xml (RunModel)" time="5.029" />
  <testcase classname="ptolemy.util.test.junit.AutoTests" name="[149] /home/travis/build/icyphy/ptII/ptolemy/actor/lib/test/auto/ExecutionTimePN.xml (RunModel)" time="2.036" />
  <testcase classname="ptolemy.util.test.junit.AutoTests" name="[150] /home/travis/build/icyphy/ptII/ptolemy/actor/lib/test/auto/ExecutionTimeSDF.xml (RunModel)" time="6.058" />
  <testcase classname="ptolemy.util.test.junit.AutoTests" name="[151] /home/travis/build/icyphy/ptII/ptolemy/actor/lib/test/auto/Expression1.xml (RunModel)" time="0.012" />
  <testcase classname="ptolemy.util.test.junit.AutoTests" name="[152] /home/travis/build/icyphy/ptII/ptolemy/actor/lib/test/auto/Expression10.xml (RunModel)" time="0.015" />
  <testcase classname="ptolemy.util.test.junit.AutoTests" name="[153] /home/travis/build/icyphy/ptII/ptolemy/actor/lib/test/auto/Expression11.xml (RunModel)" time="0.012" />
  <testcase classname="ptolemy.util.test.junit.AutoTests" name="[154] /home/travis/build/icyphy/ptII/ptolemy/actor/lib/test/auto/Expression12.xml (RunModel)" time="0.014" />
  <testcase classname="ptolemy.util.test.junit.AutoTests" name="[155] /home/travis/build/icyphy/ptII/ptolemy/actor/lib/test/auto/Expression13.xml (RunModel)" time="0.012" />
  <testcase classname="ptolemy.util.test.junit.AutoTests" name="[156] /home/travis/build/icyphy/ptII/ptolemy/actor/lib/test/auto/Expression14.xml (RunModel)" time="0.017" />
  <testcase classname="ptolemy.util.test.junit.AutoTests" name="[157] /home/travis/build/icyphy/ptII/ptolemy/actor/lib/test/auto/Expression15.xml (RunModel)" time="0.009" />
  <testcase classname="ptolemy.util.test.junit.AutoTests" name="[158] /home/travis/build/icyphy/ptII/ptolemy/actor/lib/test/auto/Expression16.xml (RunModel)" time="0.013" />
  <testcase classname="ptolemy.util.test.junit.AutoTests" name="[159] /home/travis/build/icyphy/ptII/ptolemy/actor/lib/test/auto/Expression17.xml (RunModel)" time="0.012" />
  <testcase classname="ptolemy.util.test.junit.AutoTests" name="[160] /home/travis/build/icyphy/ptII/ptolemy/actor/lib/test/auto/Expression18.xml (RunModel)" time="0.014" />
  <testcase classname="ptolemy.util.test.junit.AutoTests" name="[161] /home/travis/build/icyphy/ptII/ptolemy/actor/lib/test/auto/Expression2.xml (RunModel)" time="0.013" />
  <testcase classname="ptolemy.util.test.junit.AutoTests" name="[162] /home/travis/build/icyphy/ptII/ptolemy/actor/lib/test/auto/Expression3.xml (RunModel)" time="0.012" />
  <testcase classname="ptolemy.util.test.junit.AutoTests" name="[163] /home/travis/build/icyphy/ptII/ptolemy/actor/lib/test/auto/Expression4.xml (RunModel)" time="0.022" />
  <testcase classname="ptolemy.util.test.junit.AutoTests" name="[164] /home/travis/build/icyphy/ptII/ptolemy/actor/lib/test/auto/Expression5.xml (RunModel)" time="0.02" />
  <testcase classname="ptolemy.util.test.junit.AutoTests" name="[165] /home/travis/build/icyphy/ptII/ptolemy/actor/lib/test/auto/Expression6.xml (RunModel)" time="0.013" />
  <testcase classname="ptolemy.util.test.junit.AutoTests" name="[166] /home/travis/build/icyphy/ptII/ptolemy/actor/lib/test/auto/Expression7.xml (RunModel)" time="0.012" />
  <testcase classname="ptolemy.util.test.junit.AutoTests" name="[167] /home/travis/build/icyphy/ptII/ptolemy/actor/lib/test/auto/Expression8.xml (RunModel)" time="0.018" />
  <testcase classname="ptolemy.util.test.junit.AutoTests" name="[168] /home/travis/build/icyphy/ptII/ptolemy/actor/lib/test/auto/Expression9.xml (RunModel)" time="0.01" />
  <testcase classname="ptolemy.util.test.junit.AutoTests" name="[169] /home/travis/build/icyphy/ptII/ptolemy/actor/lib/test/auto/ExpressionConcatenateArrayType.xml (RunModel)" time="0.056" />
  <testcase classname="ptolemy.util.test.junit.AutoTests" name="[170] /home/travis/build/icyphy/ptII/ptolemy/actor/lib/test/auto/ExpressionConcatenateArrayType2.xml (RunModel)" time="0.028" />
  <testcase classname="ptolemy.util.test.junit.AutoTests" name="[171] /home/travis/build/icyphy/ptII/ptolemy/actor/lib/test/auto/ExpressionFix.xml (RunModel)" time="0.047" />
  <testcase classname="ptolemy.util.test.junit.AutoTests" name="[172] /home/travis/build/icyphy/ptII/ptolemy/actor/lib/test/auto/ExpressionFix2.xml (RunModel)" time="0.015" />
  <testcase classname="ptolemy.util.test.junit.AutoTests" name="[173] /home/travis/build/icyphy/ptII/ptolemy/actor/lib/test/auto/ExpressionFix3.xml (RunModel)" time="0.01" />
  <testcase classname="ptolemy.util.test.junit.AutoTests" name="[174] /home/travis/build/icyphy/ptII/ptolemy/actor/lib/test/auto/FileWriter1.xml (RunModel)" time="0.01" />
  <testcase classname="ptolemy.util.test.junit.AutoTests" name="[175] /home/travis/build/icyphy/ptII/ptolemy/actor/lib/test/auto/FileWriter2.xml (RunModel)" time="0.014" />
  <testcase classname="ptolemy.util.test.junit.AutoTests" name="[176] /home/travis/build/icyphy/ptII/ptolemy/actor/lib/test/auto/FileWriter3.xml (RunModel)" time="0.017" />
  <testcase classname="ptolemy.util.test.junit.AutoTests" name="[177] /home/travis/build/icyphy/ptII/ptolemy/actor/lib/test/auto/Gaussian.xml (RunModel)" time="0.017" />
  <testcase classname="ptolemy.util.test.junit.AutoTests" name="[178] /home/travis/build/icyphy/ptII/ptolemy/actor/lib/test/auto/Gaussian1.xml (RunModel)" time="0.021" />
  <testcase classname="ptolemy.util.test.junit.AutoTests" name="[179] /home/travis/build/icyphy/ptII/ptolemy/actor/lib/test/auto/Gaussian2.xml (RunModel)" time="0.026" />
  <testcase classname="ptolemy.util.test.junit.AutoTests" name="[180] /home/travis/build/icyphy/ptII/ptolemy/actor/lib/test/auto/GradientAdaptiveLattice.xml (RunModel)" time="0.02" />
  <testcase classname="ptolemy.util.test.junit.AutoTests" name="[181] /home/travis/build/icyphy/ptII/ptolemy/actor/lib/test/auto/IIR.xml (RunModel)" time="0.01" />
  <testcase classname="ptolemy.util.test.junit.AutoTests" name="[182] /home/travis/build/icyphy/ptII/ptolemy/actor/lib/test/auto/InputOutputTransparentPorts.xml (RunModel)" time="0.019" />
  <testcase classname="ptolemy.util.test.junit.AutoTests" name="[183] /home/travis/build/icyphy/ptII/ptolemy/actor/lib/test/auto/Interpolator.xml (RunModel)" time="0.011" />
  <testcase classname="ptolemy.util.test.junit.AutoTests" name="[184] /home/travis/build/icyphy/ptII/ptolemy/actor/lib/test/auto/InterpolatorFiringLimitDE.xml (RunModel)" time="0.014" />
  <testcase classname="ptolemy.util.test.junit.AutoTests" name="[185] /home/travis/build/icyphy/ptII/ptolemy/actor/lib/test/auto/Lattice.xml (RunModel)" time="0.007" />
  <testcase classname="ptolemy.util.test.junit.AutoTests" name="[186] /home/travis/build/icyphy/ptII/ptolemy/actor/lib/test/auto/LazyAOCTestLazy.xml (RunModel)" time="0.026" />
  <testcase classname="ptolemy.util.test.junit.AutoTests" name="[187] /home/travis/build/icyphy/ptII/ptolemy/actor/lib/test/auto/LazyAOCTestNonLazy.xml (RunModel)" time="0.047" />
  <testcase classname="ptolemy.util.test.junit.AutoTests" name="[188] /home/travis/build/icyphy/ptII/ptolemy/actor/lib/test/auto/LazyInnerClass.xml (RunModel)" time="0.044" />
  <testcase classname="ptolemy.util.test.junit.AutoTests" name="[189] /home/travis/build/icyphy/ptII/ptolemy/actor/lib/test/auto/LazyPubSub.xml (RunModel)" time="0.055" />
  <testcase classname="ptolemy.util.test.junit.AutoTests" name="[190] /home/travis/build/icyphy/ptII/ptolemy/actor/lib/test/auto/LazyPubSub2.xml (RunModel)" time="0.057" />
  <testcase classname="ptolemy.util.test.junit.AutoTests" name="[191] /home/travis/build/icyphy/ptII/ptolemy/actor/lib/test/auto/LazyPubSub3.xml (RunModel)" time="0.036" />
  <testcase classname="ptolemy.util.test.junit.AutoTests" name="[192] /home/travis/build/icyphy/ptII/ptolemy/actor/lib/test/auto/LazySubClassModel.xml (RunModel)" time="0.031" />
  <testcase classname="ptolemy.util.test.junit.AutoTests" name="[193] /home/travis/build/icyphy/ptII/ptolemy/actor/lib/test/auto/LevelCrossTest1.xml (RunModel)" time="0.011" />
  <testcase classname="ptolemy.util.test.junit.AutoTests" name="[194] /home/travis/build/icyphy/ptII/ptolemy/actor/lib/test/auto/LevelCrossTest10.xml (RunModel)" time="0.014" />
  <testcase classname="ptolemy.util.test.junit.AutoTests" name="[195] /home/travis/build/icyphy/ptII/ptolemy/actor/lib/test/auto/LevelCrossTest11.xml (RunModel)" time="0.014" />
  <testcase classname="ptolemy.util.test.junit.AutoTests" name="[196] /home/travis/build/icyphy/ptII/ptolemy/actor/lib/test/auto/LevelCrossTest12.xml (RunModel)" time="0.013" />
  <testcase classname="ptolemy.util.test.junit.AutoTests" name="[197] /home/travis/build/icyphy/ptII/ptolemy/actor/lib/test/auto/LevelCrossTest13.xml (RunModel)" time="0.017" />
  <testcase classname="ptolemy.util.test.junit.AutoTests" name="[198] /home/travis/build/icyphy/ptII/ptolemy/actor/lib/test/auto/LevelCrossTest2.xml (RunModel)" time="0.01" />
  <testcase classname="ptolemy.util.test.junit.AutoTests" name="[199] /home/travis/build/icyphy/ptII/ptolemy/actor/lib/test/auto/LevelCrossTest3.xml (RunModel)" time="0.011" />
  <testcase classname="ptolemy.util.test.junit.AutoTests" name="[200] /home/travis/build/icyphy/ptII/ptolemy/actor/lib/test/auto/LevelCrossTest4.xml (RunModel)" time="0.01" />
  <testcase classname="ptolemy.util.test.junit.AutoTests" name="[201] /home/travis/build/icyphy/ptII/ptolemy/actor/lib/test/auto/LevelCrossTest5.xml (RunModel)" time="0.016" />
  <testcase classname="ptolemy.util.test.junit.AutoTests" name="[202] /home/travis/build/icyphy/ptII/ptolemy/actor/lib/test/auto/LevelCrossTest6.xml (RunModel)" time="0.013" />
  <testcase classname="ptolemy.util.test.junit.AutoTests" name="[203] /home/travis/build/icyphy/ptII/ptolemy/actor/lib/test/auto/LevelCrossTest7.xml (RunModel)" time="0.014" />
  <testcase classname="ptolemy.util.test.junit.AutoTests" name="[204] /home/travis/build/icyphy/ptII/ptolemy/actor/lib/test/auto/LevelCrossTest8.xml (RunModel)" time="0.014" />
  <testcase classname="ptolemy.util.test.junit.AutoTests" name="[205] /home/travis/build/icyphy/ptII/ptolemy/actor/lib/test/auto/LevelCrossTest9.xml (RunModel)" time="0.013" />
  <testcase classname="ptolemy.util.test.junit.AutoTests" name="[206] /home/travis/build/icyphy/ptII/ptolemy/actor/lib/test/auto/LevinsonDurbin.xml (RunModel)" time="0.008" />
  <testcase classname="ptolemy.util.test.junit.AutoTests" name="[207] /home/travis/build/icyphy/ptII/ptolemy/actor/lib/test/auto/LevinsonDurbin2.xml (RunModel)" time="0.008" />
  <testcase classname="ptolemy.util.test.junit.AutoTests" name="[208] /home/travis/build/icyphy/ptII/ptolemy/actor/lib/test/auto/LevinsonDurbin3.xml (RunModel)" time="0.007" />
  <testcase classname="ptolemy.util.test.junit.AutoTests" name="[209] /home/travis/build/icyphy/ptII/ptolemy/actor/lib/test/auto/Limiter.xml (RunModel)" time="0.022" />
  <testcase classname="ptolemy.util.test.junit.AutoTests" name="[210] /home/travis/build/icyphy/ptII/ptolemy/actor/lib/test/auto/LinearDifferenceEquationSystem.xml (RunModel)" time="0.02" />
  <testcase classname="ptolemy.util.test.junit.AutoTests" name="[211] /home/travis/build/icyphy/ptII/ptolemy/actor/lib/test/auto/LookupTable.xml (RunModel)" time="0.009" />
  <testcase classname="ptolemy.util.test.junit.AutoTests" name="[212] /home/travis/build/icyphy/ptII/ptolemy/actor/lib/test/auto/MathFunction.xml (RunModel)" time="0.019" />
  <testcase classname="ptolemy.util.test.junit.AutoTests" name="[213] /home/travis/build/icyphy/ptII/ptolemy/actor/lib/test/auto/MathFunction2.xml (RunModel)" time="0.008" />
  <testcase classname="ptolemy.util.test.junit.AutoTests" name="[214] /home/travis/build/icyphy/ptII/ptolemy/actor/lib/test/auto/MathFunction3.xml (RunModel)" time="0.017" />
  <testcase classname="ptolemy.util.test.junit.AutoTests" name="[215] /home/travis/build/icyphy/ptII/ptolemy/actor/lib/test/auto/MatrixCropBoolean.xml (RunModel)" time="0.015" />
  <testcase classname="ptolemy.util.test.junit.AutoTests" name="[216] /home/travis/build/icyphy/ptII/ptolemy/actor/lib/test/auto/MatrixCropComplex.xml (RunModel)" time="0.009" />
  <testcase classname="ptolemy.util.test.junit.AutoTests" name="[217] /home/travis/build/icyphy/ptII/ptolemy/actor/lib/test/auto/MatrixCropDouble.xml (RunModel)" time="0.009" />
  <testcase classname="ptolemy.util.test.junit.AutoTests" name="[218] /home/travis/build/icyphy/ptII/ptolemy/actor/lib/test/auto/MatrixCropFix.xml (RunModel)" time="0.011" />
  <testcase classname="ptolemy.util.test.junit.AutoTests" name="[219] /home/travis/build/icyphy/ptII/ptolemy/actor/lib/test/auto/MatrixCropInt.xml (RunModel)" time="0.007" />
  <testcase classname="ptolemy.util.test.junit.AutoTests" name="[220] /home/travis/build/icyphy/ptII/ptolemy/actor/lib/test/auto/MatrixCropLong.xml (RunModel)" time="0.009" />
  <testcase classname="ptolemy.util.test.junit.AutoTests" name="[221] /home/travis/build/icyphy/ptII/ptolemy/actor/lib/test/auto/MatrixToArray.xml (RunModel)" time="0.054" />
  <testcase classname="ptolemy.util.test.junit.AutoTests" name="[222] /home/travis/build/icyphy/ptII/ptolemy/actor/lib/test/auto/MaxIndex.xml (RunModel)" time="0.011" />
  <testcase classname="ptolemy.util.test.junit.AutoTests" name="[223] /home/travis/build/icyphy/ptII/ptolemy/actor/lib/test/auto/Maximum.xml (RunModel)" time="0.013" />
  <testcase classname="ptolemy.util.test.junit.AutoTests" name="[224] /home/travis/build/icyphy/ptII/ptolemy/actor/lib/test/auto/MaximumComplex.xml (RunModel)" time="0.016" />
  <testcase classname="ptolemy.util.test.junit.AutoTests" name="[225] /home/travis/build/icyphy/ptII/ptolemy/actor/lib/test/auto/MethodCallTest.xml (RunModel)" time="0.021" />
  <testcase classname="ptolemy.util.test.junit.AutoTests" name="[226] /home/travis/build/icyphy/ptII/ptolemy/actor/lib/test/auto/Minimum.xml (RunModel)" time="0.012" />
  <testcase classname="ptolemy.util.test.junit.AutoTests" name="[227] /home/travis/build/icyphy/ptII/ptolemy/actor/lib/test/auto/MinimumComplex.xml (RunModel)" time="0.016" />
  <testcase classname="ptolemy.util.test.junit.AutoTests" name="[228] /home/travis/build/icyphy/ptII/ptolemy/actor/lib/test/auto/MinimumMultiports.xml (RunModel)" time="0.024" />
  <testcase classname="ptolemy.util.test.junit.AutoTests" name="[229] /home/travis/build/icyphy/ptII/ptolemy/actor/lib/test/auto/ModifyDate.xml (RunModel)" time="0.042" />
  <testcase classname="ptolemy.util.test.junit.AutoTests" name="[230] /home/travis/build/icyphy/ptII/ptolemy/actor/lib/test/auto/ModifyDate2.xml (RunModel)" time="0.032" />
  <testcase classname="ptolemy.util.test.junit.AutoTests" name="[231] /home/travis/build/icyphy/ptII/ptolemy/actor/lib/test/auto/MovingAverage.xml (RunModel)" time="0.014" />
  <testcase classname="ptolemy.util.test.junit.AutoTests" name="[232] /home/travis/build/icyphy/ptII/ptolemy/actor/lib/test/auto/MovingMaximum.xml (RunModel)" time="0.012" />
  <testcase classname="ptolemy.util.test.junit.AutoTests" name="[233] /home/travis/build/icyphy/ptII/ptolemy/actor/lib/test/auto/MultipleLinksToSameRelation.xml (RunModel)" time="0.018" />
  <testcase classname="ptolemy.util.test.junit.AutoTests" name="[234] /home/travis/build/icyphy/ptII/ptolemy/actor/lib/test/auto/MultipleLinksToSameRelationDE.xml (RunModel)" time="0.01" />
  <testcase classname="ptolemy.util.test.junit.AutoTests" name="[235] /home/travis/build/icyphy/ptII/ptolemy/actor/lib/test/auto/Multiplexor.xml (RunModel)" time="0.011" />
  <testcase classname="ptolemy.util.test.junit.AutoTests" name="[236] /home/travis/build/icyphy/ptII/ptolemy/actor/lib/test/auto/Multiplexor1.xml (RunModel)" time="0.011" />
  <testcase classname="ptolemy.util.test.junit.AutoTests" name="[237] /home/travis/build/icyphy/ptII/ptolemy/actor/lib/test/auto/Multiplexor2.xml (RunModel)" time="0.014" />
  <testcase classname="ptolemy.util.test.junit.AutoTests" name="[238] /home/travis/build/icyphy/ptII/ptolemy/actor/lib/test/auto/Multiplexor3.xml (RunModel)" time="0.009" />
  <testcase classname="ptolemy.util.test.junit.AutoTests" name="[239] /home/travis/build/icyphy/ptII/ptolemy/actor/lib/test/auto/MultiplexorDE.xml (RunModel)" time="0.022" />
  <testcase classname="ptolemy.util.test.junit.AutoTests" name="[240] /home/travis/build/icyphy/ptII/ptolemy/actor/lib/test/auto/MultiportBroadcastTest.xml (RunModel)" time="0.096" />
  <testcase classname="ptolemy.util.test.junit.AutoTests" name="[241] /home/travis/build/icyphy/ptII/ptolemy/actor/lib/test/auto/MultiportOutHangDuringGetWidth.xml (RunModel)" time="0.042" />
  <testcase classname="ptolemy.util.test.junit.AutoTests" name="[242] /home/travis/build/icyphy/ptII/ptolemy/actor/lib/test/auto/NilToken.xml (RunModel)" time="0.009" />
  <testcase classname="ptolemy.util.test.junit.AutoTests" name="[243] /home/travis/build/icyphy/ptII/ptolemy/actor/lib/test/auto/NilTokenNonStrictTest.xml (RunModel)" time="0.016" />
  <testcase classname="ptolemy.util.test.junit.AutoTests" name="[244] /home/travis/build/icyphy/ptII/ptolemy/actor/lib/test/auto/NilTokenRecord.xml (RunModel)" time="0.024" />
  <testcase classname="ptolemy.util.test.junit.AutoTests" name="[245] /home/travis/build/icyphy/ptII/ptolemy/actor/lib/test/auto/NilTokenTypeTest.xml (RunModel)" time="0.048" />
  <testcase classname="ptolemy.util.test.junit.AutoTests" name="[246] /home/travis/build/icyphy/ptII/ptolemy/actor/lib/test/auto/ObjectToken1.xml (RunModel)" time="0.01" />
  <testcase classname="ptolemy.util.test.junit.AutoTests" name="[247] /home/travis/build/icyphy/ptII/ptolemy/actor/lib/test/auto/OrderedMerge.xml (RunModel)" time="0.013" />
  <testcase classname="ptolemy.util.test.junit.AutoTests" name="[248] /home/travis/build/icyphy/ptII/ptolemy/actor/lib/test/auto/OrderedRecordDisassembler.xml (RunModel)" time="0.016" />
  <testcase classname="ptolemy.util.test.junit.AutoTests" name="[249] /home/travis/build/icyphy/ptII/ptolemy/actor/lib/test/auto/OrderedRecordDisassembler2.xml (RunModel)" time="0.026" />
  <testcase classname="ptolemy.util.test.junit.AutoTests" name="[250] /home/travis/build/icyphy/ptII/ptolemy/actor/lib/test/auto/OrderedRecordUpdater.xml (RunModel)" time="0.015" />
  <testcase classname="ptolemy.util.test.junit.AutoTests" name="[251] /home/travis/build/icyphy/ptII/ptolemy/actor/lib/test/auto/OrderedRecordUpdater2.xml (RunModel)" time="0.013" />
  <testcase classname="ptolemy.util.test.junit.AutoTests" name="[252] /home/travis/build/icyphy/ptII/ptolemy/actor/lib/test/auto/PhaseUnwrap.xml (RunModel)" time="0.012" />
  <testcase classname="ptolemy.util.test.junit.AutoTests" name="[253] /home/travis/build/icyphy/ptII/ptolemy/actor/lib/test/auto/PoissonClock.xml (RunModel)" time="0.008" />
  <testcase classname="ptolemy.util.test.junit.AutoTests" name="[254] /home/travis/build/icyphy/ptII/ptolemy/actor/lib/test/auto/PoissonClock2.xml (RunModel)" time="0.016" />
  <testcase classname="ptolemy.util.test.junit.AutoTests" name="[255] /home/travis/build/icyphy/ptII/ptolemy/actor/lib/test/auto/PoissonClock3.xml (RunModel)" time="0.014" />
  <testcase classname="ptolemy.util.test.junit.AutoTests" name="[256] /home/travis/build/icyphy/ptII/ptolemy/actor/lib/test/auto/PubSubWithInitialTokens.xml (RunModel)" time="0.012" />
  <testcase classname="ptolemy.util.test.junit.AutoTests" name="[257] /home/travis/build/icyphy/ptII/ptolemy/actor/lib/test/auto/PubSubWithInitialTokens2.xml (RunModel)" time="0.012" />
  <testcase classname="ptolemy.util.test.junit.AutoTests" name="[258] /home/travis/build/icyphy/ptII/ptolemy/actor/lib/test/auto/PublisherClassNoParameter.xml (RunModel)" time="0.024" />
  <testcase classname="ptolemy.util.test.junit.AutoTests" name="[259] /home/travis/build/icyphy/ptII/ptolemy/actor/lib/test/auto/PublisherClassParameter.xml (RunModel)" time="0.025" />
  <testcase classname="ptolemy.util.test.junit.AutoTests" name="[260] /home/travis/build/icyphy/ptII/ptolemy/actor/lib/test/auto/PublisherNonStrictTest.xml (RunModel)" time="0.016" />
  <testcase classname="ptolemy.util.test.junit.AutoTests" name="[261] /home/travis/build/icyphy/ptII/ptolemy/actor/lib/test/auto/PublisherPort1.xml (RunModel)" time="0.012" />
  <testcase classname="ptolemy.util.test.junit.AutoTests" name="[262] /home/travis/build/icyphy/ptII/ptolemy/actor/lib/test/auto/PublisherPort2.xml (RunModel)" time="0.011" />
  <testcase classname="ptolemy.util.test.junit.AutoTests" name="[263] /home/travis/build/icyphy/ptII/ptolemy/actor/lib/test/auto/PublisherPort3.xml (RunModel)" time="0.027" />
  <testcase classname="ptolemy.util.test.junit.AutoTests" name="[264] /home/travis/build/icyphy/ptII/ptolemy/actor/lib/test/auto/PublisherPort4.xml (RunModel)" time="0.019" />
  <testcase classname="ptolemy.util.test.junit.AutoTests" name="[265] /home/travis/build/icyphy/ptII/ptolemy/actor/lib/test/auto/PublisherPort5.xml (RunModel)" time="0.018" />
  <testcase classname="ptolemy.util.test.junit.AutoTests" name="[266] /home/travis/build/icyphy/ptII/ptolemy/actor/lib/test/auto/PublisherPort5LookAlike.xml (RunModel)" time="0.021" />
  <testcase classname="ptolemy.util.test.junit.AutoTests" name="[267] /home/travis/build/icyphy/ptII/ptolemy/actor/lib/test/auto/PublisherPort6.xml (RunModel)" time="0.012" />
  <testcase classname="ptolemy.util.test.junit.AutoTests" name="[268] /home/travis/build/icyphy/ptII/ptolemy/actor/lib/test/auto/PublisherPort7.xml (RunModel)" time="0.014" />
  <testcase classname="ptolemy.util.test.junit.AutoTests" name="[269] /home/travis/build/icyphy/ptII/ptolemy/actor/lib/test/auto/PublisherPort8.xml (RunModel)" time="0.015" />
  <testcase classname="ptolemy.util.test.junit.AutoTests" name="[270] /home/travis/build/icyphy/ptII/ptolemy/actor/lib/test/auto/PublisherPortSubscriberChannelVariablesAOC2.xml (RunModel)" time="0.031" />
  <testcase classname="ptolemy.util.test.junit.AutoTests" name="[271] /home/travis/build/icyphy/ptII/ptolemy/actor/lib/test/auto/PublisherPortSubscriberOpaqueWidthInference.xml (RunModel)" time="0.017" />
  <testcase classname="ptolemy.util.test.junit.AutoTests" name="[272] /home/travis/build/icyphy/ptII/ptolemy/actor/lib/test/auto/PublisherPortSubscriberPortAdjacent.xml (RunModel)" time="0.019" />
  <testcase classname="ptolemy.util.test.junit.AutoTests" name="[273] /home/travis/build/icyphy/ptII/ptolemy/actor/lib/test/auto/PublisherPortSubscriberPortExpression.xml (RunModel)" time="0.016" />
  <testcase classname="ptolemy.util.test.junit.AutoTests" name="[274] /home/travis/build/icyphy/ptII/ptolemy/actor/lib/test/auto/PublisherPortSubscriberPortOpaqueD3Reverse.xml (RunModel)" time="0.026" />
  <testcase classname="ptolemy.util.test.junit.AutoTests" name="[275] /home/travis/build/icyphy/ptII/ptolemy/actor/lib/test/auto/PublisherPortSubscriberPortOpaqueWidthInference.xml (RunModel)" time="0.015" />
  <testcase classname="ptolemy.util.test.junit.AutoTests" name="[276] /home/travis/build/icyphy/ptII/ptolemy/actor/lib/test/auto/PublisherPortToplevelSubscriberPortAOC.xml (RunModel)" time="0.01" />
  <testcase classname="ptolemy.util.test.junit.AutoTests" name="[277] /home/travis/build/icyphy/ptII/ptolemy/actor/lib/test/auto/PublisherSubscriber.xml (RunModel)" time="0.023" />
  <testcase classname="ptolemy.util.test.junit.AutoTests" name="[278] /home/travis/build/icyphy/ptII/ptolemy/actor/lib/test/auto/PublisherSubscriber10.xml (RunModel)" time="0.029" />
  <testcase classname="ptolemy.util.test.junit.AutoTests" name="[279] /home/travis/build/icyphy/ptII/ptolemy/actor/lib/test/auto/PublisherSubscriber10InitialOutputs.xml (RunModel)" time="0.03" />
  <testcase classname="ptolemy.util.test.junit.AutoTests" name="[280] /home/travis/build/icyphy/ptII/ptolemy/actor/lib/test/auto/PublisherSubscriber11.xml (RunModel)" time="0.011" />
  <testcase classname="ptolemy.util.test.junit.AutoTests" name="[281] /home/travis/build/icyphy/ptII/ptolemy/actor/lib/test/auto/PublisherSubscriber12.xml (RunModel)" time="0.012" />
  <testcase classname="ptolemy.util.test.junit.AutoTests" name="[282] /home/travis/build/icyphy/ptII/ptolemy/actor/lib/test/auto/PublisherSubscriber13.xml (RunModel)" time="0.012" />
  <testcase classname="ptolemy.util.test.junit.AutoTests" name="[283] /home/travis/build/icyphy/ptII/ptolemy/actor/lib/test/auto/PublisherSubscriber14.xml (RunModel)" time="0.022" />
  <testcase classname="ptolemy.util.test.junit.AutoTests" name="[284] /home/travis/build/icyphy/ptII/ptolemy/actor/lib/test/auto/PublisherSubscriber2.xml (RunModel)" time="0.011" />
  <testcase classname="ptolemy.util.test.junit.AutoTests" name="[285] /home/travis/build/icyphy/ptII/ptolemy/actor/lib/test/auto/PublisherSubscriber3.xml (RunModel)" time="0.01" />
  <testcase classname="ptolemy.util.test.junit.AutoTests" name="[286] /home/travis/build/icyphy/ptII/ptolemy/actor/lib/test/auto/PublisherSubscriber4.xml (RunModel)" time="0.008" />
  <testcase classname="ptolemy.util.test.junit.AutoTests" name="[287] /home/travis/build/icyphy/ptII/ptolemy/actor/lib/test/auto/PublisherSubscriber5.xml (RunModel)" time="0.012" />
  <testcase classname="ptolemy.util.test.junit.AutoTests" name="[288] /home/travis/build/icyphy/ptII/ptolemy/actor/lib/test/auto/PublisherSubscriber6.xml (RunModel)" time="0.017" />
  <testcase classname="ptolemy.util.test.junit.AutoTests" name="[289] /home/travis/build/icyphy/ptII/ptolemy/actor/lib/test/auto/PublisherSubscriber7.xml (RunModel)" time="0.016" />
  <testcase classname="ptolemy.util.test.junit.AutoTests" name="[290] /home/travis/build/icyphy/ptII/ptolemy/actor/lib/test/auto/PublisherSubscriber8.xml (RunModel)" time="0.054" />
  <testcase classname="ptolemy.util.test.junit.AutoTests" name="[291] /home/travis/build/icyphy/ptII/ptolemy/actor/lib/test/auto/PublisherSubscriber9.xml (RunModel)" time="0.019" />
  <testcase classname="ptolemy.util.test.junit.AutoTests" name="[292] /home/travis/build/icyphy/ptII/ptolemy/actor/lib/test/auto/PublisherSubscriberAdjacent.xml (RunModel)" time="0.018" />
  <testcase classname="ptolemy.util.test.junit.AutoTests" name="[293] /home/travis/build/icyphy/ptII/ptolemy/actor/lib/test/auto/PublisherSubscriberChannelVariablesAOC2.xml (RunModel)" time="0.028" />
  <testcase classname="ptolemy.util.test.junit.AutoTests" name="[294] /home/travis/build/icyphy/ptII/ptolemy/actor/lib/test/auto/PublisherSubscriberD3.xml (RunModel)" time="0.014" />
  <testcase classname="ptolemy.util.test.junit.AutoTests" name="[295] /home/travis/build/icyphy/ptII/ptolemy/actor/lib/test/auto/PublisherSubscriberD3Reverse.xml (RunModel)" time="0.013" />
  <testcase classname="ptolemy.util.test.junit.AutoTests" name="[296] /home/travis/build/icyphy/ptII/ptolemy/actor/lib/test/auto/PublisherSubscriberExpression.xml (RunModel)" time="0.018" />
  <testcase classname="ptolemy.util.test.junit.AutoTests" name="[297] /home/travis/build/icyphy/ptII/ptolemy/actor/lib/test/auto/PublisherSubscriberOpaque.xml (RunModel)" time="0.017" />
  <testcase classname="ptolemy.util.test.junit.AutoTests" name="[298] /home/travis/build/icyphy/ptII/ptolemy/actor/lib/test/auto/PublisherSubscriberOpaqueD3.xml (RunModel)" time="0.024" />
  <testcase classname="ptolemy.util.test.junit.AutoTests" name="[299] /home/travis/build/icyphy/ptII/ptolemy/actor/lib/test/auto/PublisherSubscriberOpaqueD3Reverse.xml (RunModel)" time="0.022" />
  <testcase classname="ptolemy.util.test.junit.AutoTests" name="[300] /home/travis/build/icyphy/ptII/ptolemy/actor/lib/test/auto/PublisherSubscriberOpaqueWidthInference.xml (RunModel)" time="0.02" />
  <testcase classname="ptolemy.util.test.junit.AutoTests" name="[301] /home/travis/build/icyphy/ptII/ptolemy/actor/lib/test/auto/PublisherTestSubscriber.xml (RunModel)" time="0.015" />
  <testcase classname="ptolemy.util.test.junit.AutoTests" name="[302] /home/travis/build/icyphy/ptII/ptolemy/actor/lib/test/auto/PublisherToplevelSubscriberPortAOC.xml (RunModel)" time="0.011" />
  <testcase classname="ptolemy.util.test.junit.AutoTests" name="[303] /home/travis/build/icyphy/ptII/ptolemy/actor/lib/test/auto/PulseFiringLimitDE.xml (RunModel)" time="0.013" />
  <testcase classname="ptolemy.util.test.junit.AutoTests" name="[304] /home/travis/build/icyphy/ptII/ptolemy/actor/lib/test/auto/Ramp1.xml (RunModel)" time="0.006" />
  <testcase classname="ptolemy.util.test.junit.AutoTests" name="[305] /home/travis/build/icyphy/ptII/ptolemy/actor/lib/test/auto/RampFiringLimitDE.xml (RunModel)" time="0.01" />
  <testcase classname="ptolemy.util.test.junit.AutoTests" name="[306] /home/travis/build/icyphy/ptII/ptolemy/actor/lib/test/auto/RampFiringLimitSDF.xml (RunModel)" time="0.011" />
  <testcase classname="ptolemy.util.test.junit.AutoTests" name="[307] /home/travis/build/icyphy/ptII/ptolemy/actor/lib/test/auto/RandomInteger.xml (RunModel)" time="0.007" />
  <testcase classname="ptolemy.util.test.junit.AutoTests" name="[308] /home/travis/build/icyphy/ptII/ptolemy/actor/lib/test/auto/ReadFile1.xml (RunModel)" time="0.008" />
  <testcase classname="ptolemy.util.test.junit.AutoTests" name="[309] /home/travis/build/icyphy/ptII/ptolemy/actor/lib/test/auto/ReadFile2.xml (RunModel)" time="0.006" />
  <testcase classname="ptolemy.util.test.junit.AutoTests" name="[310] /home/travis/build/icyphy/ptII/ptolemy/actor/lib/test/auto/Reader.xml (RunModel)" time="0.013" />
  <testcase classname="ptolemy.util.test.junit.AutoTests" name="[311] /home/travis/build/icyphy/ptII/ptolemy/actor/lib/test/auto/RecordAssemblerDisplayNameTest.xml (RunModel)" time="4.049" />
  <testcase classname="ptolemy.util.test.junit.AutoTests" name="[312] /home/travis/build/icyphy/ptII/ptolemy/actor/lib/test/auto/RecordAssemblerTypeError.xml (RunModel)" time="0.042" />
  <testcase classname="ptolemy.util.test.junit.AutoTests" name="[313] /home/travis/build/icyphy/ptII/ptolemy/actor/lib/test/auto/RecordDisassember.xml (RunModel)" time="0.016" />
  <testcase classname="ptolemy.util.test.junit.AutoTests" name="[314] /home/travis/build/icyphy/ptII/ptolemy/actor/lib/test/auto/RecordDisassemberDisplayNameTest.xml (RunModel)" time="0.019" />
  <testcase classname="ptolemy.util.test.junit.AutoTests" name="[315] /home/travis/build/icyphy/ptII/ptolemy/actor/lib/test/auto/RecordDisassembler.xml (RunModel)" time="0.012" />
  <testcase classname="ptolemy.util.test.junit.AutoTests" name="[316] /home/travis/build/icyphy/ptII/ptolemy/actor/lib/test/auto/RecordDisassembler2.xml (RunModel)" time="0.01" />
  <testcase classname="ptolemy.util.test.junit.AutoTests" name="[317] /home/travis/build/icyphy/ptII/ptolemy/actor/lib/test/auto/RecordUpdater.xml (RunModel)" time="0.008" />
  <testcase classname="ptolemy.util.test.junit.AutoTests" name="[318] /home/travis/build/icyphy/ptII/ptolemy/actor/lib/test/auto/RecordUpdater2.xml (RunModel)" time="0.009" />
  <testcase classname="ptolemy.util.test.junit.AutoTests" name="[319] /home/travis/build/icyphy/ptII/ptolemy/actor/lib/test/auto/RecursiveLattice.xml (RunModel)" time="0.01" />
  <testcase classname="ptolemy.util.test.junit.AutoTests" name="[320] /home/travis/build/icyphy/ptII/ptolemy/actor/lib/test/auto/Router.xml (RunModel)" time="3.026" />
  <testcase classname="ptolemy.util.test.junit.AutoTests" name="[321] /home/travis/build/icyphy/ptII/ptolemy/actor/lib/test/auto/Router2.xml (RunModel)" time="3.019" />
  <testcase classname="ptolemy.util.test.junit.AutoTests" name="[322] /home/travis/build/icyphy/ptII/ptolemy/actor/lib/test/auto/RunningMaximum.xml (RunModel)" time="0.012" />
  <testcase classname="ptolemy.util.test.junit.AutoTests" name="[323] /home/travis/build/icyphy/ptII/ptolemy/actor/lib/test/auto/RunningMinimum.xml (RunModel)" time="0.01" />
  <testcase classname="ptolemy.util.test.junit.AutoTests" name="[324] /home/travis/build/icyphy/ptII/ptolemy/actor/lib/test/auto/Scale.xml (RunModel)" time="0.013" />
  <testcase classname="ptolemy.util.test.junit.AutoTests" name="[325] /home/travis/build/icyphy/ptII/ptolemy/actor/lib/test/auto/Scale2.xml (RunModel)" time="0.009" />
  <testcase classname="ptolemy.util.test.junit.AutoTests" name="[326] /home/travis/build/icyphy/ptII/ptolemy/actor/lib/test/auto/Scale3.xml (RunModel)" time="0.013" />
  <testcase classname="ptolemy.util.test.junit.AutoTests" name="[327] /home/travis/build/icyphy/ptII/ptolemy/actor/lib/test/auto/ScaleArray.xml (RunModel)" time="0.007" />
  <testcase classname="ptolemy.util.test.junit.AutoTests" name="[328] /home/travis/build/icyphy/ptII/ptolemy/actor/lib/test/auto/ScaleArray2.xml (RunModel)" time="0.008" />
  <testcase classname="ptolemy.util.test.junit.AutoTests" name="[329] /home/travis/build/icyphy/ptII/ptolemy/actor/lib/test/auto/ScaleMatrix.xml (RunModel)" time="0.146" />
  <testcase classname="ptolemy.util.test.junit.AutoTests" name="[330] /home/travis/build/icyphy/ptII/ptolemy/actor/lib/test/auto/Select.xml (RunModel)" time="0.014" />
  <testcase classname="ptolemy.util.test.junit.AutoTests" name="[331] /home/travis/build/icyphy/ptII/ptolemy/actor/lib/test/auto/Select2.xml (RunModel)" time="0.009" />
  <testcase classname="ptolemy.util.test.junit.AutoTests" name="[332] /home/travis/build/icyphy/ptII/ptolemy/actor/lib/test/auto/SequenceToArray2.xml (RunModel)" time="0.133" />
  <testcase classname="ptolemy.util.test.junit.AutoTests" name="[333] /home/travis/build/icyphy/ptII/ptolemy/actor/lib/test/auto/SequentialClock.xml (RunModel)" time="0.01" />
  <testcase classname="ptolemy.util.test.junit.AutoTests" name="[334] /home/travis/build/icyphy/ptII/ptolemy/actor/lib/test/auto/SetVariable.xml (RunModel)" time="0.01" />
  <testcase classname="ptolemy.util.test.junit.AutoTests" name="[335] /home/travis/build/icyphy/ptII/ptolemy/actor/lib/test/auto/SetVariable2.xml (RunModel)" time="0.013" />
  <testcase classname="ptolemy.util.test.junit.AutoTests" name="[336] /home/travis/build/icyphy/ptII/ptolemy/actor/lib/test/auto/SetVariable3.xml (RunModel)" time="0.019" />
  <testcase classname="ptolemy.util.test.junit.AutoTests" name="[337] /home/travis/build/icyphy/ptII/ptolemy/actor/lib/test/auto/SetVariable4.xml (RunModel)" time="0.049" />
  <testcase classname="ptolemy.util.test.junit.AutoTests" name="[338] /home/travis/build/icyphy/ptII/ptolemy/actor/lib/test/auto/SetVariable5.xml (RunModel)" time="0.035" />
  <testcase classname="ptolemy.util.test.junit.AutoTests" name="[339] /home/travis/build/icyphy/ptII/ptolemy/actor/lib/test/auto/Sinewave.xml (RunModel)" time="0.052" />
  <testcase classname="ptolemy.util.test.junit.AutoTests" name="[340] /home/travis/build/icyphy/ptII/ptolemy/actor/lib/test/auto/Sinewave2.xml (RunModel)" time="0.016" />
  <testcase classname="ptolemy.util.test.junit.AutoTests" name="[341] /home/travis/build/icyphy/ptII/ptolemy/actor/lib/test/auto/Sinewave3.xml (RunModel)" time="0.017" />
  <testcase classname="ptolemy.util.test.junit.AutoTests" name="[342] /home/travis/build/icyphy/ptII/ptolemy/actor/lib/test/auto/SingleEvent.xml (RunModel)" time="0.007" />
  <testcase classname="ptolemy.util.test.junit.AutoTests" name="[343] /home/travis/build/icyphy/ptII/ptolemy/actor/lib/test/auto/Sleep.xml (RunModel)" time="6.013" />
  <testcase classname="ptolemy.util.test.junit.AutoTests" name="[344] /home/travis/build/icyphy/ptII/ptolemy/actor/lib/test/auto/SleepMultipleFire.xml (RunModel)" time="1.025" />
  <testcase classname="ptolemy.util.test.junit.AutoTests" name="[345] /home/travis/build/icyphy/ptII/ptolemy/actor/lib/test/auto/StopDE.xml (RunModel)" time="0.015" />
  <testcase classname="ptolemy.util.test.junit.AutoTests" name="[346] /home/travis/build/icyphy/ptII/ptolemy/actor/lib/test/auto/StopSDF.xml (RunModel)" time="0.014" />
  <testcase classname="ptolemy.util.test.junit.AutoTests" name="[347] /home/travis/build/icyphy/ptII/ptolemy/actor/lib/test/auto/StringConstant.xml (RunModel)" time="0.01" />
  <testcase classname="ptolemy.util.test.junit.AutoTests" name="[348] /home/travis/build/icyphy/ptII/ptolemy/actor/lib/test/auto/SubscriberPortInitialValues1.xml (RunModel)" time="0.02" />
  <testcase classname="ptolemy.util.test.junit.AutoTests" name="[349] /home/travis/build/icyphy/ptII/ptolemy/actor/lib/test/auto/SubscriberPortInitialValues13.xml (RunModel)" time="0.026" />
  <testcase classname="ptolemy.util.test.junit.AutoTests" name="[350] /home/travis/build/icyphy/ptII/ptolemy/actor/lib/test/auto/SubscriberPortInitialValues14.xml (RunModel)" time="0.015" />
  <testcase classname="ptolemy.util.test.junit.AutoTests" name="[351] /home/travis/build/icyphy/ptII/ptolemy/actor/lib/test/auto/SubscriberPortInitialValues2.xml (RunModel)" time="0.017" />
  <testcase classname="ptolemy.util.test.junit.AutoTests" name="[352] /home/travis/build/icyphy/ptII/ptolemy/actor/lib/test/auto/SubscriberPortInitialValues3.xml (RunModel)" time="0.02" />
  <testcase classname="ptolemy.util.test.junit.AutoTests" name="[353] /home/travis/build/icyphy/ptII/ptolemy/actor/lib/test/auto/SubscriptionAggregator.xml (RunModel)" time="0.012" />
  <testcase classname="ptolemy.util.test.junit.AutoTests" name="[354] /home/travis/build/icyphy/ptII/ptolemy/actor/lib/test/auto/SubscriptionAggregator2.xml (RunModel)" time="0.012" />
  <testcase classname="ptolemy.util.test.junit.AutoTests" name="[355] /home/travis/build/icyphy/ptII/ptolemy/actor/lib/test/auto/SubscriptionAggregator3.xml (RunModel)" time="0.022" />
  <testcase classname="ptolemy.util.test.junit.AutoTests" name="[356] /home/travis/build/icyphy/ptII/ptolemy/actor/lib/test/auto/SubscriptionAggregatorMultiply.xml (RunModel)" time="0.015" />
  <testcase classname="ptolemy.util.test.junit.AutoTests" name="[357] /home/travis/build/icyphy/ptII/ptolemy/actor/lib/test/auto/SubscriptionAggregatorPortMultiply1.xml (RunModel)" time="0.013" />
  <testcase classname="ptolemy.util.test.junit.AutoTests" name="[358] /home/travis/build/icyphy/ptII/ptolemy/actor/lib/test/auto/Switch.xml (RunModel)" time="0.017" />
  <testcase classname="ptolemy.util.test.junit.AutoTests" name="[359] /home/travis/build/icyphy/ptII/ptolemy/actor/lib/test/auto/Switch2.xml (RunModel)" time="0.013" />
  <testcase classname="ptolemy.util.test.junit.AutoTests" name="[360] /home/travis/build/icyphy/ptII/ptolemy/actor/lib/test/auto/SwitchDE.xml (RunModel)" time="0.02" />
  <testcase classname="ptolemy.util.test.junit.AutoTests" name="[361] /home/travis/build/icyphy/ptII/ptolemy/actor/lib/test/auto/SynchronizerDE.xml (RunModel)" time="0.032" />
  <testcase classname="ptolemy.util.test.junit.AutoTests" name="[362] /home/travis/build/icyphy/ptII/ptolemy/actor/lib/test/auto/Test.xml (RunModel)" time="0.018" />
  <testcase classname="ptolemy.util.test.junit.AutoTests" name="[363] /home/travis/build/icyphy/ptII/ptolemy/actor/lib/test/auto/TestExceptionAttribute1.xml (RunModel)" time="0.007" />
  <testcase classname="ptolemy.util.test.junit.AutoTests" name="[364] /home/travis/build/icyphy/ptII/ptolemy/actor/lib/test/auto/TestExceptionAttribute2.xml (RunModel)" time="0.009" />
  <testcase classname="ptolemy.util.test.junit.AutoTests" name="[365] /home/travis/build/icyphy/ptII/ptolemy/actor/lib/test/auto/TestExceptionAttribute3.xml (RunModel)" time="0.006" />
  <testcase classname="ptolemy.util.test.junit.AutoTests" name="[366] /home/travis/build/icyphy/ptII/ptolemy/actor/lib/test/auto/TestExceptionAttribute4.xml (RunModel)" time="0.011" />
  <testcase classname="ptolemy.util.test.junit.AutoTests" name="[367] /home/travis/build/icyphy/ptII/ptolemy/actor/lib/test/auto/TestExceptionHandler1.xml (RunModel)" time="0.008" />
  <testcase classname="ptolemy.util.test.junit.AutoTests" name="[368] /home/travis/build/icyphy/ptII/ptolemy/actor/lib/test/auto/TestExceptionHandler2.xml (RunModel)" time="0.012" />
  <testcase classname="ptolemy.util.test.junit.AutoTests" name="[369] /home/travis/build/icyphy/ptII/ptolemy/actor/lib/test/auto/TestExceptionHandler3.xml (RunModel)" time="0.005" />
  <testcase classname="ptolemy.util.test.junit.AutoTests" name="[370] /home/travis/build/icyphy/ptII/ptolemy/actor/lib/test/auto/TestExceptionHandler4.xml (RunModel)" time="0.006" />
  <testcase classname="ptolemy.util.test.junit.AutoTests" name="[371] /home/travis/build/icyphy/ptII/ptolemy/actor/lib/test/auto/TestRequireCorrectOrder.xml (RunModel)" time="0.01" />
  <testcase classname="ptolemy.util.test.junit.AutoTests" name="[372] /home/travis/build/icyphy/ptII/ptolemy/actor/lib/test/auto/TestSimple.xml (RunModel)" time="0.007" />
  <testcase classname="ptolemy.util.test.junit.AutoTests" name="[373] /home/travis/build/icyphy/ptII/ptolemy/actor/lib/test/auto/ThrowModelError.xml (RunModel)" time="0.01" />
  <testcase classname="ptolemy.util.test.junit.AutoTests" name="[374] /home/travis/build/icyphy/ptII/ptolemy/actor/lib/test/auto/TimeDelayMicrosteps.xml (RunModel)" time="0.014" />
  <testcase classname="ptolemy.util.test.junit.AutoTests" name="[375] /home/travis/build/icyphy/ptII/ptolemy/actor/lib/test/auto/TimeDelayMicrosteps2.xml (RunModel)" time="0.017" />
  <testcase classname="ptolemy.util.test.junit.AutoTests" name="[376] /home/travis/build/icyphy/ptII/ptolemy/actor/lib/test/auto/TimeDelayMicrosteps3.xml (RunModel)" time="0.012" />
  <testcase classname="ptolemy.util.test.junit.AutoTests" name="[377] /home/travis/build/icyphy/ptII/ptolemy/actor/lib/test/auto/TimeDelayVariableMicrosteps.xml (RunModel)" time="0.013" />
  <testcase classname="ptolemy.util.test.junit.AutoTests" name="[378] /home/travis/build/icyphy/ptII/ptolemy/actor/lib/test/auto/TimeGap.xml (RunModel)" time="0.013" />
  <testcase classname="ptolemy.util.test.junit.AutoTests" name="[379] /home/travis/build/icyphy/ptII/ptolemy/actor/lib/test/auto/TimeGap2.xml (RunModel)" time="0.012" />
  <testcase classname="ptolemy.util.test.junit.AutoTests" name="[380] /home/travis/build/icyphy/ptII/ptolemy/actor/lib/test/auto/TimedSinewave.xml (RunModel)" time="0.067" />
  <testcase classname="ptolemy.util.test.junit.AutoTests" name="[381] /home/travis/build/icyphy/ptII/ptolemy/actor/lib/test/auto/TimedSinewavePhase.xml (RunModel)" time="0.028" />
  <testcase classname="ptolemy.util.test.junit.AutoTests" name="[382] /home/travis/build/icyphy/ptII/ptolemy/actor/lib/test/auto/Timer.xml (RunModel)" time="0.014" />
  <testcase classname="ptolemy.util.test.junit.AutoTests" name="[383] /home/travis/build/icyphy/ptII/ptolemy/actor/lib/test/auto/TriangularDistTestModel.xml (RunModel)" time="0.014" />
  <testcase classname="ptolemy.util.test.junit.AutoTests" name="[384] /home/travis/build/icyphy/ptII/ptolemy/actor/lib/test/auto/TrigFunction.xml (RunModel)" time="0.009" />
  <testcase classname="ptolemy.util.test.junit.AutoTests" name="[385] /home/travis/build/icyphy/ptII/ptolemy/actor/lib/test/auto/TrigFunctionDE.xml (RunModel)" time="0.012" />
  <testcase classname="ptolemy.util.test.junit.AutoTests" name="[386] /home/travis/build/icyphy/ptII/ptolemy/actor/lib/test/auto/TrigFunctionInverse.xml (RunModel)" time="0.01" />
  <testcase classname="ptolemy.util.test.junit.AutoTests" name="[387] /home/travis/build/icyphy/ptII/ptolemy/actor/lib/test/auto/TrigFunctionTan.xml (RunModel)" time="0.006" />
  <testcase classname="ptolemy.util.test.junit.AutoTests" name="[388] /home/travis/build/icyphy/ptII/ptolemy/actor/lib/test/auto/TriggeredClock.xml (RunModel)" time="0.008" />
  <testcase classname="ptolemy.util.test.junit.AutoTests" name="[389] /home/travis/build/icyphy/ptII/ptolemy/actor/lib/test/auto/URLDirectoryReader.xml (RunModel)" time="0.083" />
  <testcase classname="ptolemy.util.test.junit.AutoTests" name="[390] /home/travis/build/icyphy/ptII/ptolemy/actor/lib/test/auto/URLDirectoryReader3.xml (RunModel)" time="1.323" />
  <testcase classname="ptolemy.util.test.junit.AutoTests" name="[391] /home/travis/build/icyphy/ptII/ptolemy/actor/lib/test/auto/UnaryMathFunction.xml (RunModel)" time="0.028" />
  <testcase classname="ptolemy.util.test.junit.AutoTests" name="[392] /home/travis/build/icyphy/ptII/ptolemy/actor/lib/test/auto/Uniform.xml (RunModel)" time="0.012" />
  <testcase classname="ptolemy.util.test.junit.AutoTests" name="[393] /home/travis/build/icyphy/ptII/ptolemy/actor/lib/test/auto/UnionDisassemblerTest.xml (RunModel)" time="0.008" />
  <testcase classname="ptolemy.util.test.junit.AutoTests" name="[394] /home/travis/build/icyphy/ptII/ptolemy/actor/lib/test/auto/UtilityFunctions.xml (RunModel)" time="0.007" />
  <testcase classname="ptolemy.util.test.junit.AutoTests" name="[395] /home/travis/build/icyphy/ptII/ptolemy/actor/lib/test/auto/VariableSleep.xml (RunModel)" time="0.512" />
  <testcase classname="ptolemy.util.test.junit.AutoTests" name="[396] /home/travis/build/icyphy/ptII/ptolemy/actor/lib/test/auto/VectorAssemblerDisassemblerCT.xml (RunModel)" time="0.096" />
  <testcase classname="ptolemy.util.test.junit.AutoTests" name="[397] /home/travis/build/icyphy/ptII/ptolemy/actor/lib/test/auto/VectorAssemblerDisassemblerDE.xml (RunModel)" time="0.015" />
  <testcase classname="ptolemy.util.test.junit.AutoTests" name="[398] /home/travis/build/icyphy/ptII/ptolemy/actor/lib/test/auto/VectorAssemblerDisassemblerSDF.xml (RunModel)" time="0.014" />
  <testcase classname="ptolemy.util.test.junit.AutoTests" name="[399] /home/travis/build/icyphy/ptII/ptolemy/actor/lib/test/auto/WallClockTime.xml (RunModel)" time="1.014" />
  <testcase classname="ptolemy.util.test.junit.AutoTests" name="[400] /home/travis/build/icyphy/ptII/ptolemy/actor/lib/test/auto/WidthTestWithSubscriberPublisher.xml (RunModel)" time="0.052" />
  <testcase classname="ptolemy.util.test.junit.AutoTests" name="[401] /home/travis/build/icyphy/ptII/ptolemy/actor/lib/test/auto/WidthTestWithSubscriberPublisher2.xml (RunModel)" time="0.015" />
  <testcase classname="ptolemy.util.test.junit.AutoTests" name="[402] /home/travis/build/icyphy/ptII/ptolemy/actor/lib/test/auto/WidthTestWithSubscriberPublisher3.xml (RunModel)" time="0.012" />
  <testcase classname="ptolemy.util.test.junit.AutoTests" name="[403] /home/travis/build/icyphy/ptII/ptolemy/actor/lib/test/auto/Writer.xml (RunModel)" time="0.01" />
  <testcase classname="ptolemy.util.test.junit.AutoTests" name="[404] /home/travis/build/icyphy/ptII/ptolemy/actor/lib/test/auto/array.xml (RunModel)" time="0.014" />
  <testcase classname="ptolemy.util.test.junit.AutoTests" name="[405] /home/travis/build/icyphy/ptII/ptolemy/actor/lib/test/auto/array2.xml (RunModel)" time="0.013" />
  <testcase classname="ptolemy.util.test.junit.AutoTests" name="[406] /home/travis/build/icyphy/ptII/ptolemy/actor/lib/test/auto/arrayType.xml (RunModel)" time="0.009" />
  <testcase classname="ptolemy.util.test.junit.AutoTests" name="[407] /home/travis/build/icyphy/ptII/ptolemy/actor/lib/test/auto/arrayType10.xml (RunModel)" time="0.009" />
  <testcase classname="ptolemy.util.test.junit.AutoTests" name="[408] /home/travis/build/icyphy/ptII/ptolemy/actor/lib/test/auto/arrayType11.xml (RunModel)" time="0.009" />
  <testcase classname="ptolemy.util.test.junit.AutoTests" name="[409] /home/travis/build/icyphy/ptII/ptolemy/actor/lib/test/auto/arrayType12.xml (RunModel)" time="0.01" />
  <testcase classname="ptolemy.util.test.junit.AutoTests" name="[410] /home/travis/build/icyphy/ptII/ptolemy/actor/lib/test/auto/arrayType13.xml (RunModel)" time="0.009" />
  <testcase classname="ptolemy.util.test.junit.AutoTests" name="[411] /home/travis/build/icyphy/ptII/ptolemy/actor/lib/test/auto/arrayType14.xml (RunModel)" time="0.009" />
  <testcase classname="ptolemy.util.test.junit.AutoTests" name="[412] /home/travis/build/icyphy/ptII/ptolemy/actor/lib/test/auto/arrayType15.xml (RunModel)" time="0.009" />
  <testcase classname="ptolemy.util.test.junit.AutoTests" name="[413] /home/travis/build/icyphy/ptII/ptolemy/actor/lib/test/auto/arrayType16.xml (RunModel)" time="0.01" />
  <testcase classname="ptolemy.util.test.junit.AutoTests" name="[414] /home/travis/build/icyphy/ptII/ptolemy/actor/lib/test/auto/arrayType17.xml (RunModel)" time="0.009" />
  <testcase classname="ptolemy.util.test.junit.AutoTests" name="[415] /home/travis/build/icyphy/ptII/ptolemy/actor/lib/test/auto/arrayType18.xml (RunModel)" time="0.008" />
  <testcase classname="ptolemy.util.test.junit.AutoTests" name="[416] /home/travis/build/icyphy/ptII/ptolemy/actor/lib/test/auto/arrayType19.xml (RunModel)" time="0.009" />
  <testcase classname="ptolemy.util.test.junit.AutoTests" name="[417] /home/travis/build/icyphy/ptII/ptolemy/actor/lib/test/auto/arrayType2.xml (RunModel)" time="0.009" />
  <testcase classname="ptolemy.util.test.junit.AutoTests" name="[418] /home/travis/build/icyphy/ptII/ptolemy/actor/lib/test/auto/arrayType20.xml (RunModel)" time="0.009" />
  <testcase classname="ptolemy.util.test.junit.AutoTests" name="[419] /home/travis/build/icyphy/ptII/ptolemy/actor/lib/test/auto/arrayType21.xml (RunModel)" time="0.008" />
  <testcase classname="ptolemy.util.test.junit.AutoTests" name="[420] /home/travis/build/icyphy/ptII/ptolemy/actor/lib/test/auto/arrayType22.xml (RunModel)" time="0.008" />
  <testcase classname="ptolemy.util.test.junit.AutoTests" name="[421] /home/travis/build/icyphy/ptII/ptolemy/actor/lib/test/auto/arrayType23.xml (RunModel)" time="0.008" />
  <testcase classname="ptolemy.util.test.junit.AutoTests" name="[422] /home/travis/build/icyphy/ptII/ptolemy/actor/lib/test/auto/arrayType24.xml (RunModel)" time="0.009" />
  <testcase classname="ptolemy.util.test.junit.AutoTests" name="[423] /home/travis/build/icyphy/ptII/ptolemy/actor/lib/test/auto/arrayType25.xml (RunModel)" time="0.009" />
  <testcase classname="ptolemy.util.test.junit.AutoTests" name="[424] /home/travis/build/icyphy/ptII/ptolemy/actor/lib/test/auto/arrayType26.xml (RunModel)" time="0.009" />
  <testcase classname="ptolemy.util.test.junit.AutoTests" name="[425] /home/travis/build/icyphy/ptII/ptolemy/actor/lib/test/auto/arrayType27.xml (RunModel)" time="0.009" />
  <testcase classname="ptolemy.util.test.junit.AutoTests" name="[426] /home/travis/build/icyphy/ptII/ptolemy/actor/lib/test/auto/arrayType28.xml (RunModel)" time="0.009" />
  <testcase classname="ptolemy.util.test.junit.AutoTests" name="[427] /home/travis/build/icyphy/ptII/ptolemy/actor/lib/test/auto/arrayType3.xml (RunModel)" time="0.009" />
  <testcase classname="ptolemy.util.test.junit.AutoTests" name="[428] /home/travis/build/icyphy/ptII/ptolemy/actor/lib/test/auto/arrayType4.xml (RunModel)" time="0.009" />
  <testcase classname="ptolemy.util.test.junit.AutoTests" name="[429] /home/travis/build/icyphy/ptII/ptolemy/actor/lib/test/auto/arrayType5.xml (RunModel)" time="0.01" />
  <testcase classname="ptolemy.util.test.junit.AutoTests" name="[430] /home/travis/build/icyphy/ptII/ptolemy/actor/lib/test/auto/arrayType6.xml (RunModel)" time="0.009" />
  <testcase classname="ptolemy.util.test.junit.AutoTests" name="[431] /home/travis/build/icyphy/ptII/ptolemy/actor/lib/test/auto/arrayType7.xml (RunModel)" time="0.01" />
  <testcase classname="ptolemy.util.test.junit.AutoTests" name="[432] /home/travis/build/icyphy/ptII/ptolemy/actor/lib/test/auto/arrayType8.xml (RunModel)" time="0.011" />
  <testcase classname="ptolemy.util.test.junit.AutoTests" name="[433] /home/travis/build/icyphy/ptII/ptolemy/actor/lib/test/auto/arrayType9.xml (RunModel)" time="0.01" />
  <testcase classname="ptolemy.util.test.junit.AutoTests" name="[434] /home/travis/build/icyphy/ptII/ptolemy/actor/lib/test/auto/cast.xml (RunModel)" time="0.01" />
  <testcase classname="ptolemy.util.test.junit.AutoTests" name="[435] /home/travis/build/icyphy/ptII/ptolemy/actor/lib/test/auto/compositeMultiPort.xml (RunModel)" time="0.02" />
  <testcase classname="ptolemy.util.test.junit.AutoTests" name="[436] /home/travis/build/icyphy/ptII/ptolemy/actor/lib/test/auto/expressionCastInference.xml (RunModel)" time="0.01" />
  <testcase classname="ptolemy.util.test.junit.AutoTests" name="[437] /home/travis/build/icyphy/ptII/ptolemy/actor/lib/test/auto/expressionCastInference2.xml (RunModel)" time="0.009" />
  <testcase classname="ptolemy.util.test.junit.AutoTests" name="[438] /home/travis/build/icyphy/ptII/ptolemy/actor/lib/test/auto/expressionInference.xml (RunModel)" time="0.009" />
  <testcase classname="ptolemy.util.test.junit.AutoTests" name="[439] /home/travis/build/icyphy/ptII/ptolemy/actor/lib/test/auto/expression_bug.xml (RunModel)" time="0.009" />
  <testcase classname="ptolemy.util.test.junit.AutoTests" name="[440] /home/travis/build/icyphy/ptII/ptolemy/actor/lib/test/auto/factorial.xml (RunModel)" time="0.051" />
  <testcase classname="ptolemy.util.test.junit.AutoTests" name="[441] /home/travis/build/icyphy/ptII/ptolemy/actor/lib/test/auto/filterTest1.xml (RunModel)" time="0.016" />
  <testcase classname="ptolemy.util.test.junit.AutoTests" name="[442] /home/travis/build/icyphy/ptII/ptolemy/actor/lib/test/auto/funcApplyInConst.xml (RunModel)" time="0.009" />
  <testcase classname="ptolemy.util.test.junit.AutoTests" name="[443] /home/travis/build/icyphy/ptII/ptolemy/actor/lib/test/auto/funcApplyInExpr.xml (RunModel)" time="0.007" />
  <testcase classname="ptolemy.util.test.junit.AutoTests" name="[444] /home/travis/build/icyphy/ptII/ptolemy/actor/lib/test/auto/function.xml (RunModel)" time="0.013" />
  <testcase classname="ptolemy.util.test.junit.AutoTests" name="[445] /home/travis/build/icyphy/ptII/ptolemy/actor/lib/test/auto/function2.xml (RunModel)" time="0.008" />
  <testcase classname="ptolemy.util.test.junit.AutoTests" name="[446] /home/travis/build/icyphy/ptII/ptolemy/actor/lib/test/auto/function3.xml (RunModel)" time="0.006" />
  <testcase classname="ptolemy.util.test.junit.AutoTests" name="[447] /home/travis/build/icyphy/ptII/ptolemy/actor/lib/test/auto/functionClosureTest1.xml (RunModel)" time="0.01" />
  <testcase classname="ptolemy.util.test.junit.AutoTests" name="[448] /home/travis/build/icyphy/ptII/ptolemy/actor/lib/test/auto/functionClosureTest2.xml (RunModel)" time="0.006" />
  <testcase classname="ptolemy.util.test.junit.AutoTests" name="[449] /home/travis/build/icyphy/ptII/ptolemy/actor/lib/test/auto/functionClosureTest3.xml (RunModel)" time="0.009" />
  <testcase classname="ptolemy.util.test.junit.AutoTests" name="[450] /home/travis/build/icyphy/ptII/ptolemy/actor/lib/test/auto/functionClosureTest4.xml (RunModel)" time="0.018" />
  <testcase classname="ptolemy.util.test.junit.AutoTests" name="[451] /home/travis/build/icyphy/ptII/ptolemy/actor/lib/test/auto/functionClosureTest5.xml (RunModel)" time="0.012" />
  <testcase classname="ptolemy.util.test.junit.AutoTests" name="[452] /home/travis/build/icyphy/ptII/ptolemy/actor/lib/test/auto/functionClosureTest6.xml (RunModel)" time="0.008" />
  <testcase classname="ptolemy.util.test.junit.AutoTests" name="[453] /home/travis/build/icyphy/ptII/ptolemy/actor/lib/test/auto/functionsOnArcs.xml (RunModel)" time="0.013" />
  <testcase classname="ptolemy.util.test.junit.AutoTests" name="[454] /home/travis/build/icyphy/ptII/ptolemy/actor/lib/test/auto/functionsOnArcsHOF.xml (RunModel)" time="0.013" />
  <testcase classname="ptolemy.util.test.junit.AutoTests" name="[455] /home/travis/build/icyphy/ptII/ptolemy/actor/lib/test/auto/logic.xml (RunModel)" time="0.017" />
  <testcase classname="ptolemy.util.test.junit.AutoTests" name="[456] /home/travis/build/icyphy/ptII/ptolemy/actor/lib/test/auto/matrixType.xml (RunModel)" time="0.009" />
  <testcase classname="ptolemy.util.test.junit.AutoTests" name="[457] /home/travis/build/icyphy/ptII/ptolemy/actor/lib/test/auto/matrixType10.xml (RunModel)" time="0.009" />
  <testcase classname="ptolemy.util.test.junit.AutoTests" name="[458] /home/travis/build/icyphy/ptII/ptolemy/actor/lib/test/auto/matrixType11.xml (RunModel)" time="0.009" />
  <testcase classname="ptolemy.util.test.junit.AutoTests" name="[459] /home/travis/build/icyphy/ptII/ptolemy/actor/lib/test/auto/matrixType12.xml (RunModel)" time="0.01" />
  <testcase classname="ptolemy.util.test.junit.AutoTests" name="[460] /home/travis/build/icyphy/ptII/ptolemy/actor/lib/test/auto/matrixType13.xml (RunModel)" time="0.008" />
  <testcase classname="ptolemy.util.test.junit.AutoTests" name="[461] /home/travis/build/icyphy/ptII/ptolemy/actor/lib/test/auto/matrixType14.xml (RunModel)" time="0.01" />
  <testcase classname="ptolemy.util.test.junit.AutoTests" name="[462] /home/travis/build/icyphy/ptII/ptolemy/actor/lib/test/auto/matrixType2.xml (RunModel)" time="0.012" />
  <testcase classname="ptolemy.util.test.junit.AutoTests" name="[463] /home/travis/build/icyphy/ptII/ptolemy/actor/lib/test/auto/matrixType3.xml (RunModel)" time="0.009" />
  <testcase classname="ptolemy.util.test.junit.AutoTests" name="[464] /home/travis/build/icyphy/ptII/ptolemy/actor/lib/test/auto/matrixType4.xml (RunModel)" time="0.008" />
  <testcase classname="ptolemy.util.test.junit.AutoTests" name="[465] /home/travis/build/icyphy/ptII/ptolemy/actor/lib/test/auto/matrixType5.xml (RunModel)" time="0.009" />
  <testcase classname="ptolemy.util.test.junit.AutoTests" name="[466] /home/travis/build/icyphy/ptII/ptolemy/actor/lib/test/auto/matrixType6.xml (RunModel)" time="0.009" />
  <testcase classname="ptolemy.util.test.junit.AutoTests" name="[467] /home/travis/build/icyphy/ptII/ptolemy/actor/lib/test/auto/matrixType7.xml (RunModel)" time="0.009" />
  <testcase classname="ptolemy.util.test.junit.AutoTests" name="[468] /home/travis/build/icyphy/ptII/ptolemy/actor/lib/test/auto/matrixType8.xml (RunModel)" time="0.009" />
  <testcase classname="ptolemy.util.test.junit.AutoTests" name="[469] /home/travis/build/icyphy/ptII/ptolemy/actor/lib/test/auto/matrixType9.xml (RunModel)" time="0.008" />
  <testcase classname="ptolemy.util.test.junit.AutoTests" name="[470] /home/travis/build/icyphy/ptII/ptolemy/actor/lib/test/auto/paraFunctest.xml (RunModel)" time="0.008" />
  <testcase classname="ptolemy.util.test.junit.AutoTests" name="[471] /home/travis/build/icyphy/ptII/ptolemy/actor/lib/test/auto/paraFunctest2.xml (RunModel)" time="0.007" />
  <testcase classname="ptolemy.util.test.junit.AutoTests" name="[472] /home/travis/build/icyphy/ptII/ptolemy/actor/lib/test/auto/parameterPassing.xml (RunModel)" time="0.008" />
  <testcase classname="ptolemy.util.test.junit.AutoTests" name="[473] /home/travis/build/icyphy/ptII/ptolemy/actor/lib/test/auto/record.xml (RunModel)" time="0.008" />
  <testcase classname="ptolemy.util.test.junit.AutoTests" name="[474] /home/travis/build/icyphy/ptII/ptolemy/actor/lib/test/auto/sizedarray1.xml (RunModel)" time="0.008" />
  <testcase classname="ptolemy.util.test.junit.AutoTests" name="[475] /home/travis/build/icyphy/ptII/ptolemy/actor/lib/test/auto/sizedarray2.xml (RunModel)" time="0.01" />
  <testcase classname="ptolemy.util.test.junit.AutoTests" name="[476] /home/travis/build/icyphy/ptII/ptolemy/actor/lib/test/auto/twoPublishers.xml (RunModel)" time="0.02" />
  <system-out><![CDATA[/home/travis/build/icyphy/ptII/ptolemy/actor/lib/test/AbsoluteValue.tcl
testDefs.tcl: setting time out to 9000 seconds at Mon May 14 00:48:16 UTC 2018
75 ms. Memory: 116224K Free: 107858K (93%)
4 ms. Memory: 116224K Free: 106625K (92%)
5 ms. Memory: 116224K Free: 105988K (91%)
4 ms. Memory: 116224K Free: 105384K (91%)
/home/travis/build/icyphy/ptII/ptolemy/actor/lib/test/AddSubtract.tcl
8 ms. Memory: 116224K Free: 102988K (89%)
5 ms. Memory: 116224K Free: 102391K (88%)
13 ms. Memory: 116224K Free: 101754K (88%)
17 ms. Memory: 116224K Free: 100561K (87%)
14 ms. Memory: 116224K Free: 99964K (86%)
11 ms. Memory: 116224K Free: 99351K (85%)
/home/travis/build/icyphy/ptII/ptolemy/actor/lib/test/Average.tcl
17 ms. Memory: 116224K Free: 97545K (84%)
15 ms. Memory: 116224K Free: 96335K (83%)
/home/travis/build/icyphy/ptII/ptolemy/actor/lib/test/Bernoulli.tcl
8 ms. Memory: 116224K Free: 94513K (81%)
2 ms. Memory: 116224K Free: 93917K (81%)
/home/travis/build/icyphy/ptII/ptolemy/actor/lib/test/Clock.tcl
preinitializing
resolving types
initializing
executing number 1
wrapping up
idle
15 ms. Memory: 116224K Free: 92111K (79%)
Completed execution with 5 iterations
preinitializing
resolving types
initializing
executing number 1
wrapping up
idle
7 ms. Memory: 116224K Free: 90901K (78%)
Completed execution with 5 iterations
preinitializing
resolving types
initializing
executing number 1
wrapping up
idle
4 ms. Memory: 116224K Free: 89674K (77%)
Completed execution with 5 iterations
/home/travis/build/icyphy/ptII/ptolemy/actor/lib/test/Commutator.tcl
11 ms. Memory: 116224K Free: 87868K (76%)
18 ms. Memory: 116224K Free: 86667K (75%)
12 ms. Memory: 116224K Free: 82410K (71%)
/home/travis/build/icyphy/ptII/ptolemy/actor/lib/test/Const.tcl
17 ms. Memory: 146944K Free: 140329K (95%)
3 ms. Memory: 146944K Free: 140329K (95%)
2 ms. Memory: 146944K Free: 139121K (95%)
2 ms. Memory: 146944K Free: 138722K (94%)
2 ms. Memory: 146944K Free: 137514K (94%)
11 ms. Memory: 146944K Free: 136306K (93%)
4 ms. Memory: 146944K Free: 135099K (92%)
4 ms. Memory: 146944K Free: 133891K (91%)
/home/travis/build/icyphy/ptII/ptolemy/actor/lib/test/CurrentTime.tcl
preinitializing
resolving types
initializing
executing number 1
wrapping up
idle
12 ms. Memory: 146944K Free: 132684K (90%)
Completed execution with 11 iterations
/home/travis/build/icyphy/ptII/ptolemy/actor/lib/test/DB.tcl
11 ms. Memory: 146944K Free: 130300K (89%)
2 ms. Memory: 146944K Free: 130300K (89%)
1 ms. Memory: 146944K Free: 129109K (88%)
/home/travis/build/icyphy/ptII/ptolemy/actor/lib/test/DiscreteRandomSource.tcl
preinitializing
resolving types
initializing
executing number 1
wrapping up
idle
4 ms. Memory: 146944K Free: 127917K (87%)
Completed execution with 4 iterations
preinitializing
resolving types
initializing
executing number 1
wrapping up
idle
2 ms. Memory: 146944K Free: 127917K (87%)
Completed execution with 4 iterations
preinitializing
resolving types
initializing
executing number 1
wrapping up
idle
2 ms. Memory: 146944K Free: 126725K (86%)
Completed execution with 4 iterations
preinitializing
resolving types
initializing
executing number 1
wrapping up
idle
11 ms. Memory: 146944K Free: 126725K (86%)
Completed execution with 4 iterations
preinitializing
resolving types
initializing
executing number 1
wrapping up
idle
3 ms. Memory: 146944K Free: 126725K (86%)
Completed execution with 4 iterations
/home/travis/build/icyphy/ptII/ptolemy/actor/lib/test/Distributor.tcl
5 ms. Memory: 146944K Free: 124342K (85%)
4 ms. Memory: 146944K Free: 124342K (85%)
StreamChangeRequest.changeExecuted(): <deleteEntity name="rec2"/> succeeded
StreamChangeRequest.changeExecuted(): <deleteRelation name="r2"/> succeeded
StreamChangeRequest.changeExecuted(): Record firings per iteration succeeded
14 ms. Memory: 146944K Free: 120765K (82%)
/home/travis/build/icyphy/ptII/ptolemy/actor/lib/test/Exit.tcl
Exit.tcl: this will print a message about Manager.exitAfterWrapup, which can be ignored.
3 ms. Memory: 146944K Free: 117703K (80%)
/home/travis/build/icyphy/ptII/ptolemy/actor/lib/test/Expression.tcl
12 ms. Memory: 146944K Free: 115283K (78%)
3 ms. Memory: 146944K Free: 114091K (78%)
5 ms. Memory: 146944K Free: 114091K (78%)
preinitializing
resolving types
initializing
executing number 1
wrapping up
idle
6 ms. Memory: 146944K Free: 111708K (76%)
Completed execution with 6 iterations
8 ms. Memory: 146944K Free: 111708K (76%)
3 ms. Memory: 146944K Free: 110516K (75%)
12 ms. Memory: 146944K Free: 109325K (74%)
10 ms. Memory: 146944K Free: 108133K (74%)
9 ms. Memory: 146944K Free: 106941K (73%)
/home/travis/build/icyphy/ptII/ptolemy/actor/lib/test/Gaussian.tcl
14 ms. Memory: 146944K Free: 104558K (71%)
sleeping 1 seconds: ...............................................................................................................................................................................................................................................................................................................................................................................................................................................................................................................................................................................................................................................................................................................................................................................................................................................................................................................................................................................................................................................................................................................................................................................................................................................................................................................................................................................................................................................................................................................................................................................................................................................................................................................................................................................................................................................................................................................................................................................................................................................................................................................................................................................................................................................................................................................................................................................................................................................................................................................................................................................................................................................................................................................................................................................................................................................................................................................................................................................................................................................................................................................................................................................................................................................................................................................................................................................................................................................................................................................................................................................................................................................................................................................................................................................................................................................................................................................................................................................................................................................................................................................................................................................................................................................................................................................................................................................................................................................................................................................................................................................................................................................................................................................................................................................................................................................................................................................................................................................................................................................................................................................................................................................................................................................................................................................................................................................................................................................................................................................................................................................................................................................................................................................................................................................................................................................................................................................................................................................................................................................................................................................................................................................................................................................................................................................................................................................................................................................................................................................................................................................................................................................................................................................................................................................................................................................................................................................................................................................................................................................................................................................................................................................................................................................................................................................................................................................................................................................................................................................................................................................................................................................................................................................................................................................................................................................................................................................................................................................................................................................................................................................................................................................................................................................................................................................................................................................................................................................................................................................................................................................................................................................................................................................................................................................................................................................................................................................................................................................................................................................................................................................................................................................................................................................................................................................................................................................................................................................................................................................................................................................................................................................................................................................................................................................................................................................................................................................................................................................................................................................................................................................................................................................................................................................................................................................................................................................................................................................................................................................................................................................................................................................................................................................................................................................................................................................................................................................................................................................................................................................................................................................................................................................................................................................................................................................................................................................................................................................................................................................................................................................................................................................................................................................................................................................................................................................................................................................................................................................................................................................................................................................................................................................................................................................................................................................................................................................................................................................................................................................................................................................................................................................................................................................................................................................................................................................................................................................................................................................................................................................................................................................................................................................................................................................................................................................................................................................................................................................................................................................................................................................................................................................................................................................................................................................................................................................................................................................................................................................................................................................................................................................................................................................................................................................................................................................................................................................................................................................................................................................................................................................................................................................................................................................................................................................................................................................................................................................................................................................................................................................................................................................................................................................................................................................3 ms. Memory: 146944K Free: 102699K (70%)
3 ms. Memory: 146944K Free: 101512K (69%)
2 ms. Memory: 146944K Free: 101512K (69%)
7 ms. Memory: 146944K Free: 100064K (68%)
6 ms. Memory: 146944K Free: 100064K (68%)
/home/travis/build/icyphy/ptII/ptolemy/actor/lib/test/IIR.tcl
/home/travis/build/icyphy/ptII/ptolemy/actor/lib/test/Interpolator.tcl
6 ms. Memory: 146944K Free: 96501K (66%)
2 ms. Memory: 146944K Free: 95313K (65%)
5 ms. Memory: 146944K Free: 95313K (65%)
2 ms. Memory: 146944K Free: 94125K (64%)
4 ms. Memory: 146944K Free: 92937K (63%)
2 ms. Memory: 146944K Free: 92937K (63%)
2 ms. Memory: 146944K Free: 91749K (62%)
14 ms. Memory: 146944K Free: 90562K (62%)
3 ms. Memory: 146944K Free: 89374K (61%)
3 ms. Memory: 146944K Free: 89374K (61%)
/home/travis/build/icyphy/ptII/ptolemy/actor/lib/test/MathFunction.tcl
8 ms. Memory: 146944K Free: 86998K (59%)
2 ms. Memory: 146944K Free: 85810K (58%)
1 ms. Memory: 146944K Free: 84623K (58%)
1 ms. Memory: 146944K Free: 83435K (57%)
3 ms. Memory: 146944K Free: 82247K (56%)
6 ms. Memory: 146944K Free: 81059K (55%)
/home/travis/build/icyphy/ptII/ptolemy/actor/lib/test/Maximum.tcl
3 ms. Memory: 208384K Free: 200155K (96%)
2 ms. Memory: 208384K Free: 200155K (96%)
2 ms. Memory: 208384K Free: 197751K (95%)
2 ms. Memory: 208384K Free: 197751K (95%)
/home/travis/build/icyphy/ptII/ptolemy/actor/lib/test/Minimum.tcl
4 ms. Memory: 208384K Free: 195347K (94%)
1 ms. Memory: 208384K Free: 195347K (94%)
2 ms. Memory: 208384K Free: 195347K (94%)
2 ms. Memory: 208384K Free: 195347K (94%)
/home/travis/build/icyphy/ptII/ptolemy/actor/lib/test/MultiplyDivide.tcl
5 ms. Memory: 208384K Free: 192942K (93%)
2 ms. Memory: 208384K Free: 190538K (91%)
3 ms. Memory: 208384K Free: 190538K (91%)
6 ms. Memory: 208384K Free: 190538K (91%)
2 ms. Memory: 208384K Free: 190538K (91%)
/home/travis/build/icyphy/ptII/ptolemy/actor/lib/test/OrderedMerge.tcl
Connections changed on port: inputA
Connections changed on port: inputB
Connections changed on port: output
Connections changed on port: output
Connections changed on port: output
Connections changed on port: input
.top. Preinitializing ...
Invoking preinitialize():  .top.OrderedMerge
Called preinitialize()
Invoking preinitialize():  .top.Ramp
Called preinitialize()
Invoking preinitialize():  .top.Ramp2
Called preinitialize()
Invoking preinitialize():  .top.Test
Called preinitialize()
Connections changed on port: inputA
Connections changed on port: output
Connections changed on port: inputB
Connections changed on port: output
Connections changed on port: output
Connections changed on port: input
.top. Finished preinitialize().
Called initialize().
Invoking initialize():  .top.OrderedMerge
Initializing actor: .top.OrderedMerge
Adding a thread: .top.OrderedMerge
Invoking initialize():  .top.Ramp
Initializing actor: .top.Ramp
Adding a thread: .top.Ramp
Invoking initialize():  .top.Ramp2
Initializing actor: .top.Ramp2
Adding a thread: .top.Ramp2
Invoking initialize():  .top.Test
Initializing actor: .top.Test
Adding a thread: .top.Test
-- Starting thread.
Called initialize()
Called prefire()
Called fire()
-- Starting thread.
Called initialize()
Called prefire()
Called fire()
Called postfire()
Called prefire()
Called fire()
-- Starting thread.
Called initialize()
Called prefire()
Called fire()
Called postfire()
Called prefire()
Called fire()
Called fire().
Checking for deadlock:
There are 3 Blocked actors, 0 Stopped actors, and 4 active threads.
Waiting for actors to stop.
-- Starting thread.
Called initialize()
Called prefire()
Called fire()
Checking for deadlock:
There are 2 Blocked actors, 0 Stopped actors, and 4 active threads.
Waiting for actors to stop.
Called postfire()
Called prefire()
Called fire()
Checking for deadlock:
There are 3 Blocked actors, 0 Stopped actors, and 4 active threads.
Waiting for actors to stop.
Read input token from inputA with value 0.0
Next port to read input from is inputB
Called postfire()
Called prefire()
Called fire()
Checking for deadlock:
There are 2 Blocked actors, 0 Stopped actors, and 4 active threads.
Waiting for actors to stop.
Called postfire()
Called prefire()
Called fire()
Checking for deadlock:
There are 3 Blocked actors, 0 Stopped actors, and 4 active threads.
Waiting for actors to stop.
Read input token from inputB with value 0.0
Checking for deadlock:
There are 2 Blocked actors, 0 Stopped actors, and 4 active threads.
Waiting for actors to stop.
-- Read input: 0.0, which is expected to match: 0.0
Called prefire()
Called fire()
Checking for deadlock:
There are 3 Blocked actors, 0 Stopped actors, and 4 active threads.
Waiting for actors to stop.
Sent output token with value 0.0
Next port to read input from is inputA
Called postfire()
Called prefire()
Called fire()
Checking for deadlock:
There are 2 Blocked actors, 0 Stopped actors, and 4 active threads.
Waiting for actors to stop.
Called postfire()
Called prefire()
Called fire()
Checking for deadlock:
There are 3 Blocked actors, 0 Stopped actors, and 4 active threads.
Waiting for actors to stop.
Read input token from inputA with value 1.0
Checking for deadlock:
There are 2 Blocked actors, 0 Stopped actors, and 4 active threads.
Waiting for actors to stop.
-- Read input: 0.0, which is expected to match: 0.0
Called prefire()
Called fire()
Checking for deadlock:
There are 3 Blocked actors, 0 Stopped actors, and 4 active threads.
Waiting for actors to stop.
Sent output token with value 0.0
Next port to read input from is inputB
Called postfire()
Called prefire()
Called fire()
Checking for deadlock:
There are 2 Blocked actors, 0 Stopped actors, and 4 active threads.
Waiting for actors to stop.
Called postfire()
Called prefire()
Called fire()
Checking for deadlock:
There are 3 Blocked actors, 0 Stopped actors, and 4 active threads.
Waiting for actors to stop.
Read input token from inputB with value 1.5
Checking for deadlock:
There are 2 Blocked actors, 0 Stopped actors, and 4 active threads.
Waiting for actors to stop.
-- Read input: 1.0, which is expected to match: 1.0
Called prefire()
Called fire()
Checking for deadlock:
There are 3 Blocked actors, 0 Stopped actors, and 4 active threads.
Waiting for actors to stop.
Sent output token with value 1.0
Next port to read input from is inputA
Called postfire()
Called prefire()
Called fire()
Checking for deadlock:
There are 2 Blocked actors, 0 Stopped actors, and 4 active threads.
Waiting for actors to stop.
Called postfire()
Called prefire()
Called fire()
Checking for deadlock:
There are 3 Blocked actors, 0 Stopped actors, and 4 active threads.
Waiting for actors to stop.
Read input token from inputA with value 2.0
Checking for deadlock:
There are 2 Blocked actors, 0 Stopped actors, and 4 active threads.
Waiting for actors to stop.
-- Read input: 1.5, which is expected to match: 1.5
Called prefire()
Called fire()
Checking for deadlock:
There are 3 Blocked actors, 0 Stopped actors, and 4 active threads.
Waiting for actors to stop.
Sent output token with value 1.5
Next port to read input from is inputB
Called postfire()
Called prefire()
Called fire()
Checking for deadlock:
There are 2 Blocked actors, 0 Stopped actors, and 4 active threads.
Waiting for actors to stop.
Called postfire()
Called prefire()
Called fire()
Checking for deadlock:
There are 3 Blocked actors, 0 Stopped actors, and 4 active threads.
Waiting for actors to stop.
Read input token from inputB with value 3.0
Checking for deadlock:
There are 2 Blocked actors, 0 Stopped actors, and 4 active threads.
Waiting for actors to stop.
-- Read input: 2.0, which is expected to match: 2.0
Called prefire()
Called fire()
Checking for deadlock:
There are 3 Blocked actors, 0 Stopped actors, and 4 active threads.
Waiting for actors to stop.
Sent output token with value 2.0
Next port to read input from is inputA
Called postfire()
Called prefire()
Called fire()
Checking for deadlock:
There are 2 Blocked actors, 0 Stopped actors, and 4 active threads.
Waiting for actors to stop.
Called postfire()
Called prefire()
Called fire()
Checking for deadlock:
There are 3 Blocked actors, 0 Stopped actors, and 4 active threads.
Waiting for actors to stop.
Read input token from inputA with value 3.0
Checking for deadlock:
There are 2 Blocked actors, 0 Stopped actors, and 4 active threads.
Waiting for actors to stop.
-- Read input: 3.0, which is expected to match: 3.0
Called prefire()
Called fire()
Checking for deadlock:
There are 3 Blocked actors, 0 Stopped actors, and 4 active threads.
Waiting for actors to stop.
Sent output token with value 3.0
Next port to read input from is inputB
Called postfire()
Called prefire()
Called fire()
Checking for deadlock:
There are 2 Blocked actors, 0 Stopped actors, and 4 active threads.
Waiting for actors to stop.
Called postfire()
Called prefire()
Called fire()
Checking for deadlock:
There are 3 Blocked actors, 0 Stopped actors, and 4 active threads.
Waiting for actors to stop.
Read input token from inputB with value 4.5
Checking for deadlock:
There are 2 Blocked actors, 0 Stopped actors, and 4 active threads.
Waiting for actors to stop.
-- Read input: 3.0, which is expected to match: 3.0
Called prefire()
Called fire()
Checking for deadlock:
There are 3 Blocked actors, 0 Stopped actors, and 4 active threads.
Waiting for actors to stop.
Sent output token with value 3.0
Next port to read input from is inputA
Called postfire()
Called prefire()
Called fire()
Checking for deadlock:
There are 2 Blocked actors, 0 Stopped actors, and 4 active threads.
Waiting for actors to stop.
Called postfire()
Called prefire()
Called fire()
Checking for deadlock:
There are 3 Blocked actors, 0 Stopped actors, and 4 active threads.
Waiting for actors to stop.
Read input token from inputA with value 4.0
Checking for deadlock:
There are 2 Blocked actors, 0 Stopped actors, and 4 active threads.
Waiting for actors to stop.
-- Read input: 4.0, which is expected to match: 4.0
Called prefire()
Called fire()
Past the end of training data. Read and discard all inputs.
Checking for deadlock:
There are 3 Blocked actors, 0 Stopped actors, and 4 active threads.
Waiting for actors to stop.
Sent output token with value 4.0
Next port to read input from is inputA
Called postfire()
Called prefire()
Called fire()
Checking for deadlock:
There are 2 Blocked actors, 0 Stopped actors, and 4 active threads.
Waiting for actors to stop.
Called postfire()
Called prefire()
Called fire()
Checking for deadlock:
There are 3 Blocked actors, 0 Stopped actors, and 4 active threads.
Waiting for actors to stop.
Read input token from inputA with value 5.0
Checking for deadlock:
There are 2 Blocked actors, 0 Stopped actors, and 4 active threads.
Waiting for actors to stop.
Called prefire()
Called fire()
Past the end of training data. Read and discard all inputs.
Checking for deadlock:
There are 3 Blocked actors, 0 Stopped actors, and 4 active threads.
Waiting for actors to stop.
Sent output token with value 4.5
Next port to read input from is inputB
Called postfire()
Called prefire()
Called fire()
Checking for deadlock:
There are 2 Blocked actors, 0 Stopped actors, and 4 active threads.
Waiting for actors to stop.
Called postfire()
Called prefire()
Called fire()
Checking for deadlock:
There are 3 Blocked actors, 0 Stopped actors, and 4 active threads.
Waiting for actors to stop.
Read input token from inputB with value 6.0
Checking for deadlock:
There are 2 Blocked actors, 0 Stopped actors, and 4 active threads.
Waiting for actors to stop.
Called prefire()
Called fire()
Past the end of training data. Read and discard all inputs.
Checking for deadlock:
There are 3 Blocked actors, 0 Stopped actors, and 4 active threads.
Waiting for actors to stop.
Sent output token with value 5.0
Next port to read input from is inputA
Called postfire()
Called prefire()
Called fire()
Checking for deadlock:
There are 2 Blocked actors, 0 Stopped actors, and 4 active threads.
Waiting for actors to stop.
Called postfire()
Called prefire()
Called fire()
Checking for deadlock:
There are 3 Blocked actors, 0 Stopped actors, and 4 active threads.
Waiting for actors to stop.
Read input token from inputA with value 6.0
Checking for deadlock:
There are 2 Blocked actors, 0 Stopped actors, and 4 active threads.
Waiting for actors to stop.
Called prefire()
Called fire()
Past the end of training data. Read and discard all inputs.
Checking for deadlock:
There are 3 Blocked actors, 0 Stopped actors, and 4 active threads.
Waiting for actors to stop.
Sent output token with value 6.0
Next port to read input from is inputB
Called postfire()
Called prefire()
Called fire()
Checking for deadlock:
There are 2 Blocked actors, 0 Stopped actors, and 4 active threads.
Waiting for actors to stop.
Called postfire()
Called prefire()
Called fire()
Checking for deadlock:
There are 3 Blocked actors, 0 Stopped actors, and 4 active threads.
Waiting for actors to stop.
Read input token from inputB with value 7.5
Checking for deadlock:
There are 2 Blocked actors, 0 Stopped actors, and 4 active threads.
Waiting for actors to stop.
Called prefire()
Called fire()
Past the end of training data. Read and discard all inputs.
Checking for deadlock:
There are 3 Blocked actors, 0 Stopped actors, and 4 active threads.
Waiting for actors to stop.
Sent output token with value 6.0
Next port to read input from is inputA
Called postfire()
Called prefire()
Called fire()
Checking for deadlock:
There are 2 Blocked actors, 0 Stopped actors, and 4 active threads.
Waiting for actors to stop.
Called postfire()
Called prefire()
Called fire()
Checking for deadlock:
There are 3 Blocked actors, 0 Stopped actors, and 4 active threads.
Waiting for actors to stop.
Read input token from inputA with value 7.0
Checking for deadlock:
There are 2 Blocked actors, 0 Stopped actors, and 4 active threads.
Waiting for actors to stop.
Called prefire()
Called fire()
Past the end of training data. Read and discard all inputs.
Checking for deadlock:
There are 3 Blocked actors, 0 Stopped actors, and 4 active threads.
Waiting for actors to stop.
Sent output token with value 7.0
Next port to read input from is inputA
Called postfire()
Called prefire()
Called fire()
Checking for deadlock:
There are 2 Blocked actors, 0 Stopped actors, and 4 active threads.
Waiting for actors to stop.
-- Thread wrapup() called.
Called wrapup()
Thread .top.Ramp is exiting.
-- Thread stopped.
Checking for deadlock:
There are 2 Blocked actors, 0 Stopped actors, and 3 active threads.
Waiting for actors to stop.
Read input token from inputA with value 8.0
Checking for deadlock:
There are 1 Blocked actors, 0 Stopped actors, and 3 active threads.
Waiting for actors to stop.
Called prefire()
Called fire()
Past the end of training data. Read and discard all inputs.
Checking for deadlock:
There are 2 Blocked actors, 0 Stopped actors, and 3 active threads.
Waiting for actors to stop.
Sent output token with value 7.5
Next port to read input from is inputB
Called postfire()
Called prefire()
Called fire()
Checking for deadlock:
There are 1 Blocked actors, 0 Stopped actors, and 3 active threads.
Waiting for actors to stop.
Called postfire()
Called prefire()
Called fire()
Checking for deadlock:
There are 2 Blocked actors, 0 Stopped actors, and 3 active threads.
Waiting for actors to stop.
Read input token from inputB with value 9.0
Checking for deadlock:
There are 1 Blocked actors, 0 Stopped actors, and 3 active threads.
Waiting for actors to stop.
Called prefire()
Called fire()
Past the end of training data. Read and discard all inputs.
Checking for deadlock:
There are 2 Blocked actors, 0 Stopped actors, and 3 active threads.
Waiting for actors to stop.
Sent output token with value 8.0
Next port to read input from is inputA
Called postfire()
Called prefire()
Called fire()
Read input token from inputA with value 9.0
Checking for deadlock:
There are 1 Blocked actors, 0 Stopped actors, and 3 active threads.
Waiting for actors to stop.
Called prefire()
Called fire()
Past the end of training data. Read and discard all inputs.
Checking for deadlock:
There are 2 Blocked actors, 0 Stopped actors, and 3 active threads.
Waiting for actors to stop.
Sent output token with value 9.0
Next port to read input from is inputB
Called postfire()
Called prefire()
Called fire()
Checking for deadlock:
There are 1 Blocked actors, 0 Stopped actors, and 3 active threads.
Waiting for actors to stop.
Called postfire()
Called prefire()
Called fire()
Checking for deadlock:
There are 2 Blocked actors, 0 Stopped actors, and 3 active threads.
Waiting for actors to stop.
Read input token from inputB with value 10.5
Checking for deadlock:
There are 1 Blocked actors, 0 Stopped actors, and 3 active threads.
Waiting for actors to stop.
Called prefire()
Called fire()
Past the end of training data. Read and discard all inputs.
Checking for deadlock:
There are 2 Blocked actors, 0 Stopped actors, and 3 active threads.
Waiting for actors to stop.
Sent output token with value 9.0
Next port to read input from is inputA
Called postfire()
Called prefire()
Called fire()
Checking for deadlock:
There are 3 Blocked actors, 0 Stopped actors, and 3 active threads.
Actors have stopped.
Checking for deadlock:
There are 3 Blocked actors, 0 Stopped actors, and 3 active threads.
Deadlock detected.
Resolving Deadlock
Checking for deadlock:
There are 3 Blocked actors, 0 Stopped actors, and 3 active threads.
Artificial Deadlock - increasing queue capacity.
increasing the capacity of receiver ptolemy.actor.TypedIOPort {.top.OrderedMerge.inputB} to 2
Director: Called postfire().
Called postfire().
_stopRequested = false
_stopFireRequested = false
Returning from postfire(): true
Called fire().
Checking for deadlock:
There are 2 Blocked actors, 0 Stopped actors, and 3 active threads.
Waiting for actors to stop.
-- Thread wrapup() called.
Called wrapup()
Thread .top.Ramp2 is exiting.
-- Thread stopped.
Checking for deadlock:
There are 2 Blocked actors, 0 Stopped actors, and 2 active threads.
Actors have stopped.
Checking for deadlock:
There are 2 Blocked actors, 0 Stopped actors, and 2 active threads.
Deadlock detected.
Resolving Deadlock
Checking for deadlock:
There are 2 Blocked actors, 0 Stopped actors, and 2 active threads.
Deadlock detected: no processes blocked on write, but some are blocked on read.
Called postfire().
_stopRequested = false
_stopFireRequested = false
Returning from postfire(): false
Finished deactivating branches.
Called wrapup().
-- Thread wrapup() called.
Called wrapup()
Thread .top.Test is exiting.
-- Thread stopped.
-- Blocked Receiver call threw TerminateProcessException.
-- Thread wrapup() called.
Called wrapup()
Thread .top.OrderedMerge is exiting.
26 ms. Memory: 208384K Free: 183219K (88%)
.top. Preinitializing ...
Invoking preinitialize():  .top.OrderedMerge
Called preinitialize()
Invoking preinitialize():  .top.Ramp
Called preinitialize()
Invoking preinitialize():  .top.Ramp2
Called preinitialize()
Invoking preinitialize():  .top.Test
Called preinitialize()
.top. Finished preinitialize().
Called initialize().
Invoking initialize():  .top.OrderedMerge
Initializing actor: .top.OrderedMerge
Adding a thread: .top.OrderedMerge
Invoking initialize():  .top.Ramp
Initializing actor: .top.Ramp
Adding a thread: .top.Ramp
Invoking initialize():  .top.Ramp2
Initializing actor: .top.Ramp2
Adding a thread: .top.Ramp2
Invoking initialize():  .top.Test
Initializing actor: .top.Test
Adding a thread: .top.Test
-- Thread stopped.
-- Blocked Receiver call threw TerminateProcessException.
-- Starting thread.
Called initialize()
Called prefire()
Called fire()
-- Starting thread.
Called initialize()
Called prefire()
Called fire()
Called postfire()
Called prefire()
Called fire()
-- Starting thread.
Called initialize()
Called prefire()
Called fire()
Called postfire()
Called prefire()
Called fire()
Called fire().
Checking for deadlock:
There are 3 Blocked actors, 0 Stopped actors, and 4 active threads.
Waiting for actors to stop.
-- Starting thread.
Called initialize()
Called prefire()
Called fire()
Checking for deadlock:
There are 2 Blocked actors, 0 Stopped actors, and 4 active threads.
Waiting for actors to stop.
Called postfire()
Called prefire()
Called fire()
Checking for deadlock:
There are 3 Blocked actors, 0 Stopped actors, and 4 active threads.
Waiting for actors to stop.
Read input token from inputA with value 0.0
Next port to read input from is inputB
Called postfire()
Called prefire()
Called fire()
Checking for deadlock:
There are 2 Blocked actors, 0 Stopped actors, and 4 active threads.
Waiting for actors to stop.
Called postfire()
Called prefire()
Called fire()
Checking for deadlock:
There are 3 Blocked actors, 0 Stopped actors, and 4 active threads.
Waiting for actors to stop.
Read input token from inputB with value 0.0
Checking for deadlock:
There are 2 Blocked actors, 0 Stopped actors, and 4 active threads.
Waiting for actors to stop.
-- Read input: 0.0, which is expected to match: 0.0
Called prefire()
Called fire()
Checking for deadlock:
There are 3 Blocked actors, 0 Stopped actors, and 4 active threads.
Waiting for actors to stop.
Sent output token with value 0.0
Next port to read input from is inputA
Called postfire()
Called prefire()
Called fire()
Checking for deadlock:
There are 2 Blocked actors, 0 Stopped actors, and 4 active threads.
Waiting for actors to stop.
Called postfire()
Called prefire()
Called fire()
Checking for deadlock:
There are 3 Blocked actors, 0 Stopped actors, and 4 active threads.
Waiting for actors to stop.
Read input token from inputA with value 1.0
Checking for deadlock:
There are 2 Blocked actors, 0 Stopped actors, and 4 active threads.
Waiting for actors to stop.
-- Read input: 0.0, which is expected to match: 0.0
Called prefire()
Called fire()
Checking for deadlock:
There are 3 Blocked actors, 0 Stopped actors, and 4 active threads.
Waiting for actors to stop.
Sent output token with value 0.0
Next port to read input from is inputB
Called postfire()
Called prefire()
Called fire()
Checking for deadlock:
There are 2 Blocked actors, 0 Stopped actors, and 4 active threads.
Waiting for actors to stop.
Called postfire()
Called prefire()
Called fire()
Checking for deadlock:
There are 3 Blocked actors, 0 Stopped actors, and 4 active threads.
Waiting for actors to stop.
Read input token from inputB with value 1.5
Checking for deadlock:
There are 2 Blocked actors, 0 Stopped actors, and 4 active threads.
Waiting for actors to stop.
-- Read input: 1.0, which is expected to match: 1.0
Called prefire()
Called fire()
Checking for deadlock:
There are 3 Blocked actors, 0 Stopped actors, and 4 active threads.
Waiting for actors to stop.
Sent output token with value 1.0
Next port to read input from is inputA
Called postfire()
Called prefire()
Called fire()
Checking for deadlock:
There are 2 Blocked actors, 0 Stopped actors, and 4 active threads.
Waiting for actors to stop.
Called postfire()
Called prefire()
Called fire()
Checking for deadlock:
There are 3 Blocked actors, 0 Stopped actors, and 4 active threads.
Waiting for actors to stop.
Read input token from inputA with value 2.0
Checking for deadlock:
There are 2 Blocked actors, 0 Stopped actors, and 4 active threads.
Waiting for actors to stop.
-- Read input: 1.5, which is expected to match: 1.5
Called prefire()
Called fire()
Checking for deadlock:
There are 3 Blocked actors, 0 Stopped actors, and 4 active threads.
Waiting for actors to stop.
Sent output token with value 1.5
Next port to read input from is inputB
Called postfire()
Called prefire()
Called fire()
Checking for deadlock:
There are 2 Blocked actors, 0 Stopped actors, and 4 active threads.
Waiting for actors to stop.
Called postfire()
Called prefire()
Called fire()
Checking for deadlock:
There are 3 Blocked actors, 0 Stopped actors, and 4 active threads.
Waiting for actors to stop.
Read input token from inputB with value 3.0
Checking for deadlock:
There are 2 Blocked actors, 0 Stopped actors, and 4 active threads.
Waiting for actors to stop.
-- Read input: 2.0, which is expected to match: 2.0
Called prefire()
Called fire()
Checking for deadlock:
There are 3 Blocked actors, 0 Stopped actors, and 4 active threads.
Waiting for actors to stop.
Sent output token with value 2.0
Next port to read input from is inputA
Called postfire()
Called prefire()
Called fire()
Checking for deadlock:
There are 2 Blocked actors, 0 Stopped actors, and 4 active threads.
Waiting for actors to stop.
Called postfire()
Called prefire()
Called fire()
Checking for deadlock:
There are 3 Blocked actors, 0 Stopped actors, and 4 active threads.
Waiting for actors to stop.
Read input token from inputA with value 3.0
Checking for deadlock:
There are 2 Blocked actors, 0 Stopped actors, and 4 active threads.
Waiting for actors to stop.
-- Read input: 3.0, which is expected to match: 3.0
Called prefire()
Called fire()
Checking for deadlock:
There are 3 Blocked actors, 0 Stopped actors, and 4 active threads.
Waiting for actors to stop.
Sent output token with value 3.0
Next port to read input from is inputB
Called postfire()
Called prefire()
Called fire()
Checking for deadlock:
There are 2 Blocked actors, 0 Stopped actors, and 4 active threads.
Waiting for actors to stop.
Called postfire()
Called prefire()
Called fire()
Checking for deadlock:
There are 3 Blocked actors, 0 Stopped actors, and 4 active threads.
Waiting for actors to stop.
Read input token from inputB with value 4.5
Checking for deadlock:
There are 2 Blocked actors, 0 Stopped actors, and 4 active threads.
Waiting for actors to stop.
-- Read input: 3.0, which is expected to match: 3.0
Called prefire()
Called fire()
Checking for deadlock:
There are 3 Blocked actors, 0 Stopped actors, and 4 active threads.
Waiting for actors to stop.
Sent output token with value 3.0
Next port to read input from is inputA
Called postfire()
Called prefire()
Called fire()
Checking for deadlock:
There are 2 Blocked actors, 0 Stopped actors, and 4 active threads.
Waiting for actors to stop.
Called postfire()
Called prefire()
Called fire()
Checking for deadlock:
There are 3 Blocked actors, 0 Stopped actors, and 4 active threads.
Waiting for actors to stop.
Read input token from inputA with value 4.0
Checking for deadlock:
There are 2 Blocked actors, 0 Stopped actors, and 4 active threads.
Waiting for actors to stop.
-- Read input: 4.0, which is expected to match: 4.0
Called prefire()
Called fire()
Past the end of training data. Read and discard all inputs.
Checking for deadlock:
There are 3 Blocked actors, 0 Stopped actors, and 4 active threads.
Waiting for actors to stop.
Sent output token with value 4.0
Next port to read input from is inputA
Called postfire()
Called prefire()
Called fire()
Checking for deadlock:
There are 2 Blocked actors, 0 Stopped actors, and 4 active threads.
Waiting for actors to stop.
Called postfire()
Called prefire()
Called fire()
Checking for deadlock:
There are 3 Blocked actors, 0 Stopped actors, and 4 active threads.
Waiting for actors to stop.
Read input token from inputA with value 5.0
Checking for deadlock:
There are 2 Blocked actors, 0 Stopped actors, and 4 active threads.
Waiting for actors to stop.
Called prefire()
Called fire()
Past the end of training data. Read and discard all inputs.
Checking for deadlock:
There are 3 Blocked actors, 0 Stopped actors, and 4 active threads.
Waiting for actors to stop.
Sent output token with value 4.5
Next port to read input from is inputB
Called postfire()
Called prefire()
Called fire()
Checking for deadlock:
There are 2 Blocked actors, 0 Stopped actors, and 4 active threads.
Waiting for actors to stop.
Called postfire()
Called prefire()
Called fire()
Checking for deadlock:
There are 3 Blocked actors, 0 Stopped actors, and 4 active threads.
Waiting for actors to stop.
Read input token from inputB with value 6.0
Checking for deadlock:
There are 2 Blocked actors, 0 Stopped actors, and 4 active threads.
Waiting for actors to stop.
Called prefire()
Called fire()
Past the end of training data. Read and discard all inputs.
Checking for deadlock:
There are 3 Blocked actors, 0 Stopped actors, and 4 active threads.
Waiting for actors to stop.
Sent output token with value 5.0
Next port to read input from is inputA
Called postfire()
Called prefire()
Called fire()
Checking for deadlock:
There are 2 Blocked actors, 0 Stopped actors, and 4 active threads.
Waiting for actors to stop.
Called postfire()
Called prefire()
Called fire()
Checking for deadlock:
There are 3 Blocked actors, 0 Stopped actors, and 4 active threads.
Waiting for actors to stop.
Read input token from inputA with value 6.0
Checking for deadlock:
There are 2 Blocked actors, 0 Stopped actors, and 4 active threads.
Waiting for actors to stop.
Called prefire()
Called fire()
Past the end of training data. Read and discard all inputs.
Checking for deadlock:
There are 3 Blocked actors, 0 Stopped actors, and 4 active threads.
Waiting for actors to stop.
Sent output token with value 6.0
Next port to read input from is inputB
Called postfire()
Called prefire()
Called fire()
Checking for deadlock:
There are 2 Blocked actors, 0 Stopped actors, and 4 active threads.
Waiting for actors to stop.
Called postfire()
Called prefire()
Called fire()
Checking for deadlock:
There are 3 Blocked actors, 0 Stopped actors, and 4 active threads.
Waiting for actors to stop.
Read input token from inputB with value 7.5
Checking for deadlock:
There are 2 Blocked actors, 0 Stopped actors, and 4 active threads.
Waiting for actors to stop.
Called prefire()
Called fire()
Past the end of training data. Read and discard all inputs.
Checking for deadlock:
There are 3 Blocked actors, 0 Stopped actors, and 4 active threads.
Waiting for actors to stop.
Sent output token with value 6.0
Next port to read input from is inputA
Called postfire()
Called prefire()
Called fire()
Called postfire()
Called prefire()
Called fire()
Checking for deadlock:
There are 3 Blocked actors, 0 Stopped actors, and 4 active threads.
Waiting for actors to stop.
Read input token from inputA with value 7.0
Called prefire()
Called fire()
Past the end of training data. Read and discard all inputs.
Checking for deadlock:
There are 3 Blocked actors, 0 Stopped actors, and 4 active threads.
Waiting for actors to stop.
Sent output token with value 7.0
Next port to read input from is inputA
Called postfire()
Called prefire()
Called fire()
-- Thread wrapup() called.
Called wrapup()
Thread .top.Ramp is exiting.
-- Thread stopped.
Checking for deadlock:
There are 2 Blocked actors, 0 Stopped actors, and 3 active threads.
Waiting for actors to stop.
Read input token from inputA with value 8.0
Called prefire()
Called fire()
Past the end of training data. Read and discard all inputs.
Checking for deadlock:
There are 2 Blocked actors, 0 Stopped actors, and 3 active threads.
Waiting for actors to stop.
Sent output token with value 7.5
Next port to read input from is inputB
Called postfire()
Called prefire()
Called fire()
Checking for deadlock:
There are 1 Blocked actors, 0 Stopped actors, and 3 active threads.
Waiting for actors to stop.
Called postfire()
Called prefire()
Called fire()
Checking for deadlock:
There are 2 Blocked actors, 0 Stopped actors, and 3 active threads.
Waiting for actors to stop.
Read input token from inputB with value 9.0
Checking for deadlock:
There are 1 Blocked actors, 0 Stopped actors, and 3 active threads.
Waiting for actors to stop.
Called prefire()
Called fire()
Past the end of training data. Read and discard all inputs.
Checking for deadlock:
There are 2 Blocked actors, 0 Stopped actors, and 3 active threads.
Waiting for actors to stop.
Sent output token with value 8.0
Next port to read input from is inputA
Called postfire()
Called prefire()
Called fire()
Read input token from inputA with value 9.0
Checking for deadlock:
There are 1 Blocked actors, 0 Stopped actors, and 3 active threads.
Waiting for actors to stop.
Called prefire()
Called fire()
Past the end of training data. Read and discard all inputs.
Checking for deadlock:
There are 2 Blocked actors, 0 Stopped actors, and 3 active threads.
Waiting for actors to stop.
Sent output token with value 9.0
Next port to read input from is inputB
Called postfire()
Called prefire()
Called fire()
Checking for deadlock:
There are 1 Blocked actors, 0 Stopped actors, and 3 active threads.
Waiting for actors to stop.
Called postfire()
Called prefire()
Called fire()
Checking for deadlock:
There are 2 Blocked actors, 0 Stopped actors, and 3 active threads.
Waiting for actors to stop.
Read input token from inputB with value 10.5
Checking for deadlock:
There are 1 Blocked actors, 0 Stopped actors, and 3 active threads.
Waiting for actors to stop.
Called prefire()
Called fire()
Past the end of training data. Read and discard all inputs.
Checking for deadlock:
There are 2 Blocked actors, 0 Stopped actors, and 3 active threads.
Waiting for actors to stop.
Sent output token with value 9.0
Next port to read input from is inputA
Called postfire()
Called prefire()
Called fire()
Checking for deadlock:
There are 3 Blocked actors, 0 Stopped actors, and 3 active threads.
Actors have stopped.
Checking for deadlock:
There are 3 Blocked actors, 0 Stopped actors, and 3 active threads.
Deadlock detected.
Resolving Deadlock
Checking for deadlock:
There are 3 Blocked actors, 0 Stopped actors, and 3 active threads.
Artificial Deadlock - increasing queue capacity.
increasing the capacity of receiver ptolemy.actor.TypedIOPort {.top.OrderedMerge.inputB} to 2
Director: Called postfire().
Called postfire().
_stopRequested = false
_stopFireRequested = false
Returning from postfire(): true
Called fire().
Checking for deadlock:
There are 2 Blocked actors, 0 Stopped actors, and 3 active threads.
Waiting for actors to stop.
-- Thread wrapup() called.
Called wrapup()
Thread .top.Ramp2 is exiting.
-- Thread stopped.
Checking for deadlock:
There are 2 Blocked actors, 0 Stopped actors, and 2 active threads.
Actors have stopped.
Checking for deadlock:
There are 2 Blocked actors, 0 Stopped actors, and 2 active threads.
Deadlock detected.
Resolving Deadlock
Checking for deadlock:
There are 2 Blocked actors, 0 Stopped actors, and 2 active threads.
Deadlock detected: no processes blocked on write, but some are blocked on read.
Called postfire().
_stopRequested = false
_stopFireRequested = false
Returning from postfire(): false
Finished deactivating branches.
Called wrapup().
-- Thread wrapup() called.
Called wrapup()
Thread .top.Test is exiting.
-- Thread stopped.
-- Blocked Receiver call threw TerminateProcessException.
-- Thread wrapup() called.
Called wrapup()
Thread .top.OrderedMerge is exiting.
20 ms. Memory: 208384K Free: 175899K (84%)
-- Thread stopped.
-- Blocked Receiver call threw TerminateProcessException.
/home/travis/build/icyphy/ptII/ptolemy/actor/lib/test/Publisher.tcl
15 ms. Memory: 208384K Free: 171090K (82%)
4 ms. Memory: 208384K Free: 163877K (79%)
3 ms. Memory: 208384K Free: 161473K (77%)
4 ms. Memory: 208384K Free: 159069K (76%)
3 ms. Memory: 208384K Free: 159069K (76%)
3 ms. Memory: 208384K Free: 159069K (76%)
3 ms. Memory: 208384K Free: 156664K (75%)
3 ms. Memory: 208384K Free: 156664K (75%)
1 ms. Memory: 208384K Free: 147047K (71%)
4 ms. Memory: 208384K Free: 142238K (68%)
2 ms. Memory: 208384K Free: 142238K (68%)
1 ms. Memory: 208384K Free: 139834K (67%)
7 ms. Memory: 208384K Free: 132621K (64%)
6 ms. Memory: 208384K Free: 123004K (59%)
6 ms. Memory: 208384K Free: 110982K (53%)
/home/travis/build/icyphy/ptII/ptolemy/actor/lib/test/Pulse.tcl
2 ms. Memory: 208384K Free: 189090K (91%)
1 ms. Memory: 208384K Free: 189090K (91%)
1 ms. Memory: 208384K Free: 186739K (90%)
2 ms. Memory: 208384K Free: 186739K (90%)
1 ms. Memory: 208384K Free: 186739K (90%)
2 ms. Memory: 208384K Free: 186739K (90%)
3 ms. Memory: 208384K Free: 184388K (88%)
1 ms. Memory: 208384K Free: 184388K (88%)
2 ms. Memory: 208384K Free: 182038K (87%)
/home/travis/build/icyphy/ptII/ptolemy/actor/lib/test/Ramp.tcl
3 ms. Memory: 208384K Free: 182038K (87%)
2 ms. Memory: 208384K Free: 179671K (86%)
2 ms. Memory: 208384K Free: 179671K (86%)
2 ms. Memory: 208384K Free: 179671K (86%)
3 ms. Memory: 208384K Free: 177320K (85%)
4 ms. Memory: 208384K Free: 177320K (85%)
4 ms. Memory: 208384K Free: 177320K (85%)
5 actors
10000 microseconds per iteration to create
9 ms. Memory: 208384K Free: 172603K (83%)
2 ms. Memory: 208384K Free: 172603K (83%)
2 ms. Memory: 208384K Free: 172603K (83%)
1 ms. Memory: 208384K Free: 172603K (83%)
50 actors
48000 microseconds per iteration to create
46 ms. Memory: 208384K Free: 156084K (75%)
6 ms. Memory: 208384K Free: 156084K (75%)
20 ms. Memory: 208384K Free: 153725K (74%)
5 ms. Memory: 208384K Free: 153725K (74%)
500 actors
1424000 microseconds per iteration to create
321 ms. Memory: 331776K Free: 225483K (68%)
52 ms. Memory: 331776K Free: 215983K (65%)
36 ms. Memory: 331776K Free: 211241K (64%)
33 ms. Memory: 331776K Free: 206499K (62%)
/home/travis/build/icyphy/ptII/ptolemy/actor/lib/test/RampContinuous.tcl
6 ms. Memory: 331776K Free: 206499K (62%)
/home/travis/build/icyphy/ptII/ptolemy/actor/lib/test/RecordAssembler.tcl
5 ms. Memory: 331776K Free: 201749K (61%)
4 ms. Memory: 331776K Free: 201749K (61%)
/home/travis/build/icyphy/ptII/ptolemy/actor/lib/test/RecordDisassembler.tcl
5 ms. Memory: 331776K Free: 201749K (61%)
6 ms. Memory: 331776K Free: 201749K (61%)
3 ms. Memory: 331776K Free: 197007K (59%)
/home/travis/build/icyphy/ptII/ptolemy/actor/lib/test/Scale.tcl
3 ms. Memory: 331776K Free: 197007K (59%)
3 ms. Memory: 331776K Free: 197007K (59%)
2 ms. Memory: 331776K Free: 197007K (59%)
4 ms. Memory: 331776K Free: 197007K (59%)
2 ms. Memory: 331776K Free: 192265K (58%)
/home/travis/build/icyphy/ptII/ptolemy/actor/lib/test/SequentialClock.tcl
preinitializing
resolving types
initializing
executing number 1
wrapping up
idle
2 ms. Memory: 331776K Free: 192265K (58%)
Completed execution with 5 iterations
preinitializing
resolving types
initializing
executing number 1
wrapping up
idle
1 ms. Memory: 331776K Free: 192265K (58%)
Completed execution with 5 iterations
preinitializing
resolving types
initializing
executing number 1
wrapping up
idle
8 ms. Memory: 331776K Free: 192265K (58%)
Completed execution with 5 iterations
/home/travis/build/icyphy/ptII/ptolemy/actor/lib/test/SetVariable.tcl
5 ms. Memory: 331776K Free: 187508K (57%)
/home/travis/build/icyphy/ptII/ptolemy/actor/lib/test/Sinewave.tcl
/home/travis/build/icyphy/ptII/ptolemy/actor/lib/test/SubscriptionAggregator.tcl
4 ms. Memory: 331776K Free: 178000K (54%)
2 ms. Memory: 331776K Free: 173258K (52%)
0 ms. Memory: 331776K Free: 173258K (52%)
0 ms. Memory: 331776K Free: 173258K (52%)
1 ms. Memory: 331776K Free: 168500K (51%)
3 ms. Memory: 331776K Free: 168500K (51%)
...............................................................833 ms. Memory: 579584K Free: 374554K (65%)
/home/travis/build/icyphy/ptII/ptolemy/actor/lib/test/Test.tcl
 The next command will produce a warning about training mode,
   which may be ignored.
3 ms. Memory: 579584K Free: 374554K (65%)
1 ms. Memory: 579584K Free: 374554K (65%)
1 ms. Memory: 579584K Free: 364930K (63%)
1 ms. Memory: 579584K Free: 364930K (63%)
3 ms. Memory: 579584K Free: 364930K (63%)
2 ms. Memory: 579584K Free: 364930K (63%)
5 ms. Memory: 579584K Free: 364930K (63%)
 The next command will produce a warning about training mode,
   which may be ignored.
12 ms. Memory: 579584K Free: 364930K (63%)
 The next command will produce a warning about training mode,
   which may be ignored.
5 ms. Memory: 579584K Free: 364930K (63%)
8 ms. Memory: 579584K Free: 364930K (63%)
1 ms. Memory: 579584K Free: 364930K (63%)
2 ms. Memory: 579584K Free: 364930K (63%)
4 ms. Memory: 579584K Free: 355323K (61%)
5 ms. Memory: 579584K Free: 355323K (61%)
/home/travis/build/icyphy/ptII/ptolemy/actor/lib/test/TestExceptionHandler.tcl
 The next command will produce a warning about training mode,
   which may be ignored.
2 ms. Memory: 579584K Free: 355323K (61%)
1 ms. Memory: 579584K Free: 355323K (61%)
1 ms. Memory: 579584K Free: 355323K (61%)
/home/travis/build/icyphy/ptII/ptolemy/actor/lib/test/UnionDisassembler.tcl
23 ms. Memory: 579584K Free: 345699K (60%)
/home/travis/build/icyphy/ptII/ptolemy/actor/lib/test/VariableClock.tcl
preinitializing
resolving types
initializing
executing number 1
wrapping up
idle
9 ms. Memory: 579584K Free: 345699K (60%)
Completed execution with 11 iterations
preinitializing
resolving types
initializing
executing number 1
wrapping up
idle
3 ms. Memory: 579584K Free: 345699K (60%)
Completed execution with 10 iterations
05/14/18 12:48:23
Failed: 0  Total Tests: 234  ((Passed: 234, Newly Passed: 0)  Known Failed: 0) /home/travis/build/icyphy/ptII/ptolemy/actor/lib/test
----------------- testing (KnownFailure) /home/travis/build/icyphy/ptII/ptolemy/actor/lib/test/auto/knownFailedTests/PublisherPortToplevelSubscriber.xml
0 ms. Memory: 579584K Free: 335961K (58%)
Known Failure: java.lang.reflect.InvocationTargetException
----------------- testing (KnownFailure) /home/travis/build/icyphy/ptII/ptolemy/actor/lib/test/auto/knownFailedTests/PublisherSubscriberPortToplevel.xml
1 ms. Memory: 579584K Free: 316484K (55%)
Known Failure: java.lang.reflect.InvocationTargetException
----------------- testing (KnownFailure) /home/travis/build/icyphy/ptII/ptolemy/actor/lib/test/auto/knownFailedTests/PublisherSubscriptionAggregatorPort.xml
1 ms. Memory: 579584K Free: 297007K (51%)
Known Failure: java.lang.reflect.InvocationTargetException
----------------- testing (KnownFailure) /home/travis/build/icyphy/ptII/ptolemy/actor/lib/test/auto/knownFailedTests/sizedarray3.xml
4 ms. Memory: 579584K Free: 277530K (48%)
Known Failure: java.lang.reflect.InvocationTargetException
No auto/*.xml tests in /home/travis/build/icyphy/ptII/ptolemy/actor/lib/test
AutoTests.java: About to close Vertx.
AutoTests.java: Vertx closed.
----------------- testing Mon May 14 00:48:24 UTC 2018 /home/travis/build/icyphy/ptII/ptolemy/actor/lib/test/auto/AbsoluteValue.xml
----------------- Instantiating /home/travis/build/icyphy/ptII/ptolemy/actor/lib/test/auto/AbsoluteValue.xml
4 ms. Memory: 579584K Free: 190277K (33%)
----------------- Invoking toplevel() on ptolemy.moml.MoMLSimpleApplication@5eff6cf6
----------------- Done invoking toplevel() on ptolemy.moml.MoMLSimpleApplication@5eff6cf6
reloadAllAccessors: .AbsoluteValue
----------------- testing Mon May 14 00:48:24 UTC 2018 /home/travis/build/icyphy/ptII/ptolemy/actor/lib/test/auto/AbsoluteValue2.xml
----------------- Instantiating /home/travis/build/icyphy/ptII/ptolemy/actor/lib/test/auto/AbsoluteValue2.xml
8 ms. Memory: 579584K Free: 175661K (30%)
----------------- Invoking toplevel() on ptolemy.moml.MoMLSimpleApplication@46987633
----------------- Done invoking toplevel() on ptolemy.moml.MoMLSimpleApplication@46987633
reloadAllAccessors: .AbsoluteValue2
----------------- testing Mon May 14 00:48:24 UTC 2018 /home/travis/build/icyphy/ptII/ptolemy/actor/lib/test/auto/Accumulator.xml
----------------- Instantiating /home/travis/build/icyphy/ptII/ptolemy/actor/lib/test/auto/Accumulator.xml
11 ms. Memory: 579584K Free: 156315K (27%)
----------------- Invoking toplevel() on ptolemy.moml.MoMLSimpleApplication@359386f
----------------- Done invoking toplevel() on ptolemy.moml.MoMLSimpleApplication@359386f
reloadAllAccessors: .Accumulator
----------------- testing Mon May 14 00:48:24 UTC 2018 /home/travis/build/icyphy/ptII/ptolemy/actor/lib/test/auto/Accumulator2.xml
----------------- Instantiating /home/travis/build/icyphy/ptII/ptolemy/actor/lib/test/auto/Accumulator2.xml
4 ms. Memory: 579584K Free: 146577K (25%)
----------------- Invoking toplevel() on ptolemy.moml.MoMLSimpleApplication@20558ba4
----------------- Done invoking toplevel() on ptolemy.moml.MoMLSimpleApplication@20558ba4
reloadAllAccessors: .Accumulator2
----------------- testing Mon May 14 00:48:24 UTC 2018 /home/travis/build/icyphy/ptII/ptolemy/actor/lib/test/auto/Accumulator3.xml
----------------- Instantiating /home/travis/build/icyphy/ptII/ptolemy/actor/lib/test/auto/Accumulator3.xml
7 ms. Memory: 579584K Free: 136838K (24%)
----------------- Invoking toplevel() on ptolemy.moml.MoMLSimpleApplication@57e99326
----------------- Done invoking toplevel() on ptolemy.moml.MoMLSimpleApplication@57e99326
reloadAllAccessors: .Accumulator3
----------------- testing Mon May 14 00:48:24 UTC 2018 /home/travis/build/icyphy/ptII/ptolemy/actor/lib/test/auto/ArrayAppend.xml
----------------- Instantiating /home/travis/build/icyphy/ptII/ptolemy/actor/lib/test/auto/ArrayAppend.xml
9 ms. Memory: 579584K Free: 127100K (22%)
----------------- Invoking toplevel() on ptolemy.moml.MoMLSimpleApplication@66f0a873
----------------- Done invoking toplevel() on ptolemy.moml.MoMLSimpleApplication@66f0a873
reloadAllAccessors: .ArrayAppend
----------------- testing Mon May 14 00:48:24 UTC 2018 /home/travis/build/icyphy/ptII/ptolemy/actor/lib/test/auto/ArrayAppend2.xml
----------------- Instantiating /home/travis/build/icyphy/ptII/ptolemy/actor/lib/test/auto/ArrayAppend2.xml
498 ms. Memory: 581120K Free: 503735K (87%)
----------------- Invoking toplevel() on ptolemy.moml.MoMLSimpleApplication@41a76175
----------------- Done invoking toplevel() on ptolemy.moml.MoMLSimpleApplication@41a76175
reloadAllAccessors: .ArrayAppend2
----------------- testing Mon May 14 00:48:25 UTC 2018 /home/travis/build/icyphy/ptII/ptolemy/actor/lib/test/auto/ArrayAppend3.xml
----------------- Instantiating /home/travis/build/icyphy/ptII/ptolemy/actor/lib/test/auto/ArrayAppend3.xml
3 ms. Memory: 581120K Free: 486659K (84%)
----------------- Invoking toplevel() on ptolemy.moml.MoMLSimpleApplication@6ea3cfb6
----------------- Done invoking toplevel() on ptolemy.moml.MoMLSimpleApplication@6ea3cfb6
reloadAllAccessors: .ArrayAppend3
----------------- testing Mon May 14 00:48:25 UTC 2018 /home/travis/build/icyphy/ptII/ptolemy/actor/lib/test/auto/ArrayAppend4.xml
----------------- Instantiating /home/travis/build/icyphy/ptII/ptolemy/actor/lib/test/auto/ArrayAppend4.xml
6 ms. Memory: 581120K Free: 480166K (83%)
----------------- Invoking toplevel() on ptolemy.moml.MoMLSimpleApplication@2be734a1
----------------- Done invoking toplevel() on ptolemy.moml.MoMLSimpleApplication@2be734a1
reloadAllAccessors: .ArrayAppend4
----------------- testing Mon May 14 00:48:25 UTC 2018 /home/travis/build/icyphy/ptII/ptolemy/actor/lib/test/auto/ArrayAppend5.xml
----------------- Instantiating /home/travis/build/icyphy/ptII/ptolemy/actor/lib/test/auto/ArrayAppend5.xml
3 ms. Memory: 581120K Free: 473674K (82%)
----------------- Invoking toplevel() on ptolemy.moml.MoMLSimpleApplication@71aa29b5
----------------- Done invoking toplevel() on ptolemy.moml.MoMLSimpleApplication@71aa29b5
reloadAllAccessors: .ArrayAppend5
----------------- testing Mon May 14 00:48:25 UTC 2018 /home/travis/build/icyphy/ptII/ptolemy/actor/lib/test/auto/ArrayAppend6.xml
----------------- Instantiating /home/travis/build/icyphy/ptII/ptolemy/actor/lib/test/auto/ArrayAppend6.xml
4 ms. Memory: 581120K Free: 459188K (79%)
----------------- Invoking toplevel() on ptolemy.moml.MoMLSimpleApplication@68968fde
----------------- Done invoking toplevel() on ptolemy.moml.MoMLSimpleApplication@68968fde
reloadAllAccessors: .ArrayAppend6
----------------- testing Mon May 14 00:48:25 UTC 2018 /home/travis/build/icyphy/ptII/ptolemy/actor/lib/test/auto/ArrayAppendPerformanceTest.xml
----------------- Instantiating /home/travis/build/icyphy/ptII/ptolemy/actor/lib/test/auto/ArrayAppendPerformanceTest.xml
23 ms. Memory: 581120K Free: 446171K (77%)
----------------- Invoking toplevel() on ptolemy.moml.MoMLSimpleApplication@652e1fa
----------------- Done invoking toplevel() on ptolemy.moml.MoMLSimpleApplication@652e1fa
reloadAllAccessors: .ArrayAppendPerformanceTest
----------------- testing Mon May 14 00:48:25 UTC 2018 /home/travis/build/icyphy/ptII/ptolemy/actor/lib/test/auto/ArrayAppendWithEmptyInput.xml
----------------- Instantiating /home/travis/build/icyphy/ptII/ptolemy/actor/lib/test/auto/ArrayAppendWithEmptyInput.xml
15 ms. Memory: 581120K Free: 436432K (75%)
----------------- Invoking toplevel() on ptolemy.moml.MoMLSimpleApplication@7e8bd234
----------------- Done invoking toplevel() on ptolemy.moml.MoMLSimpleApplication@7e8bd234
reloadAllAccessors: .ArrayAppendWithEmptyInput
----------------- testing Mon May 14 00:48:25 UTC 2018 /home/travis/build/icyphy/ptII/ptolemy/actor/lib/test/auto/ArrayAverage.xml
----------------- Instantiating /home/travis/build/icyphy/ptII/ptolemy/actor/lib/test/auto/ArrayAverage.xml
4 ms. Memory: 581120K Free: 426678K (73%)
----------------- Invoking toplevel() on ptolemy.moml.MoMLSimpleApplication@5175db70
----------------- Done invoking toplevel() on ptolemy.moml.MoMLSimpleApplication@5175db70
reloadAllAccessors: .ArrayAverage
----------------- testing Mon May 14 00:48:25 UTC 2018 /home/travis/build/icyphy/ptII/ptolemy/actor/lib/test/auto/ArrayContains.xml
----------------- Instantiating /home/travis/build/icyphy/ptII/ptolemy/actor/lib/test/auto/ArrayContains.xml
7 ms. Memory: 581120K Free: 408929K (70%)
----------------- Invoking toplevel() on ptolemy.moml.MoMLSimpleApplication@7f713723
----------------- Done invoking toplevel() on ptolemy.moml.MoMLSimpleApplication@7f713723
reloadAllAccessors: .ArrayContains
----------------- testing Mon May 14 00:48:25 UTC 2018 /home/travis/build/icyphy/ptII/ptolemy/actor/lib/test/auto/ArrayElement.xml
----------------- Instantiating /home/travis/build/icyphy/ptII/ptolemy/actor/lib/test/auto/ArrayElement.xml
9 ms. Memory: 581120K Free: 402437K (69%)
----------------- Invoking toplevel() on ptolemy.moml.MoMLSimpleApplication@17c3d516
----------------- Done invoking toplevel() on ptolemy.moml.MoMLSimpleApplication@17c3d516
reloadAllAccessors: .ArrayElement
----------------- testing Mon May 14 00:48:25 UTC 2018 /home/travis/build/icyphy/ptII/ptolemy/actor/lib/test/auto/ArrayElementAsMatrix.xml
----------------- Instantiating /home/travis/build/icyphy/ptII/ptolemy/actor/lib/test/auto/ArrayElementAsMatrix.xml
18 ms. Memory: 581120K Free: 392698K (68%)
----------------- Invoking toplevel() on ptolemy.moml.MoMLSimpleApplication@4468cbcb
----------------- Done invoking toplevel() on ptolemy.moml.MoMLSimpleApplication@4468cbcb
reloadAllAccessors: .ArrayElementAsMatrix
----------------- testing Mon May 14 00:48:25 UTC 2018 /home/travis/build/icyphy/ptII/ptolemy/actor/lib/test/auto/ArrayElementI.xml
----------------- Instantiating /home/travis/build/icyphy/ptII/ptolemy/actor/lib/test/auto/ArrayElementI.xml
4 ms. Memory: 581120K Free: 374965K (65%)
----------------- Invoking toplevel() on ptolemy.moml.MoMLSimpleApplication@520a36
----------------- Done invoking toplevel() on ptolemy.moml.MoMLSimpleApplication@520a36
reloadAllAccessors: .ArrayElementI
----------------- testing Mon May 14 00:48:25 UTC 2018 /home/travis/build/icyphy/ptII/ptolemy/actor/lib/test/auto/ArrayExtract.xml
----------------- Instantiating /home/travis/build/icyphy/ptII/ptolemy/actor/lib/test/auto/ArrayExtract.xml
4 ms. Memory: 581120K Free: 365211K (63%)
----------------- Invoking toplevel() on ptolemy.moml.MoMLSimpleApplication@32edf6e4
----------------- Done invoking toplevel() on ptolemy.moml.MoMLSimpleApplication@32edf6e4
reloadAllAccessors: .ArrayExtract
----------------- testing Mon May 14 00:48:25 UTC 2018 /home/travis/build/icyphy/ptII/ptolemy/actor/lib/test/auto/ArrayExtract2.xml
----------------- Instantiating /home/travis/build/icyphy/ptII/ptolemy/actor/lib/test/auto/ArrayExtract2.xml
2 ms. Memory: 581120K Free: 358719K (62%)
----------------- Invoking toplevel() on ptolemy.moml.MoMLSimpleApplication@c6b04af
----------------- Done invoking toplevel() on ptolemy.moml.MoMLSimpleApplication@c6b04af
reloadAllAccessors: .ArrayExtract2
----------------- testing Mon May 14 00:48:25 UTC 2018 /home/travis/build/icyphy/ptII/ptolemy/actor/lib/test/auto/ArrayLength.xml
----------------- Instantiating /home/travis/build/icyphy/ptII/ptolemy/actor/lib/test/auto/ArrayLength.xml
1 ms. Memory: 581120K Free: 352227K (61%)
----------------- Invoking toplevel() on ptolemy.moml.MoMLSimpleApplication@389537da
----------------- Done invoking toplevel() on ptolemy.moml.MoMLSimpleApplication@389537da
reloadAllAccessors: .ArrayLength
----------------- testing Mon May 14 00:48:25 UTC 2018 /home/travis/build/icyphy/ptII/ptolemy/actor/lib/test/auto/ArrayLevelCrossing.xml
----------------- Instantiating /home/travis/build/icyphy/ptII/ptolemy/actor/lib/test/auto/ArrayLevelCrossing.xml
15 ms. Memory: 581120K Free: 334478K (58%)
----------------- Invoking toplevel() on ptolemy.moml.MoMLSimpleApplication@55fe114d
----------------- Done invoking toplevel() on ptolemy.moml.MoMLSimpleApplication@55fe114d
reloadAllAccessors: .ArrayLevelCrossing
----------------- testing Mon May 14 00:48:25 UTC 2018 /home/travis/build/icyphy/ptII/ptolemy/actor/lib/test/auto/ArrayLevelCrossing2.xml
----------------- Instantiating /home/travis/build/icyphy/ptII/ptolemy/actor/lib/test/auto/ArrayLevelCrossing2.xml
3 ms. Memory: 581120K Free: 324740K (56%)
----------------- Invoking toplevel() on ptolemy.moml.MoMLSimpleApplication@77bc41e6
----------------- Done invoking toplevel() on ptolemy.moml.MoMLSimpleApplication@77bc41e6
reloadAllAccessors: .ArrayLevelCrossing2
----------------- testing Mon May 14 00:48:25 UTC 2018 /home/travis/build/icyphy/ptII/ptolemy/actor/lib/test/auto/ArrayPeakSearch.xml
----------------- Instantiating /home/travis/build/icyphy/ptII/ptolemy/actor/lib/test/auto/ArrayPeakSearch.xml
4 ms. Memory: 581120K Free: 311707K (54%)
----------------- Invoking toplevel() on ptolemy.moml.MoMLSimpleApplication@5a7669e9
----------------- Done invoking toplevel() on ptolemy.moml.MoMLSimpleApplication@5a7669e9
reloadAllAccessors: .ArrayPeakSearch
----------------- testing Mon May 14 00:48:25 UTC 2018 /home/travis/build/icyphy/ptII/ptolemy/actor/lib/test/auto/ArrayPeakSearch2.xml
----------------- Instantiating /home/travis/build/icyphy/ptII/ptolemy/actor/lib/test/auto/ArrayPeakSearch2.xml
8 ms. Memory: 581120K Free: 298707K (51%)
----------------- Invoking toplevel() on ptolemy.moml.MoMLSimpleApplication@62f40107
----------------- Done invoking toplevel() on ptolemy.moml.MoMLSimpleApplication@62f40107
reloadAllAccessors: .ArrayPeakSearch2
----------------- testing Mon May 14 00:48:25 UTC 2018 /home/travis/build/icyphy/ptII/ptolemy/actor/lib/test/auto/ArrayPeakSearch3.xml
----------------- Instantiating /home/travis/build/icyphy/ptII/ptolemy/actor/lib/test/auto/ArrayPeakSearch3.xml
7 ms. Memory: 581120K Free: 277712K (48%)
----------------- Invoking toplevel() on ptolemy.moml.MoMLSimpleApplication@54423c6f
----------------- Done invoking toplevel() on ptolemy.moml.MoMLSimpleApplication@54423c6f
reloadAllAccessors: .ArrayPeakSearch3
----------------- testing Mon May 14 00:48:25 UTC 2018 /home/travis/build/icyphy/ptII/ptolemy/actor/lib/test/auto/ArrayRemoveElement.xml
----------------- Instantiating /home/travis/build/icyphy/ptII/ptolemy/actor/lib/test/auto/ArrayRemoveElement.xml
3 ms. Memory: 581120K Free: 267957K (46%)
----------------- Invoking toplevel() on ptolemy.moml.MoMLSimpleApplication@285d6f08
----------------- Done invoking toplevel() on ptolemy.moml.MoMLSimpleApplication@285d6f08
reloadAllAccessors: .ArrayRemoveElement
----------------- testing Mon May 14 00:48:25 UTC 2018 /home/travis/build/icyphy/ptII/ptolemy/actor/lib/test/auto/ArraySort.xml
----------------- Instantiating /home/travis/build/icyphy/ptII/ptolemy/actor/lib/test/auto/ArraySort.xml
4 ms. Memory: 581120K Free: 254941K (44%)
----------------- Invoking toplevel() on ptolemy.moml.MoMLSimpleApplication@3e150dc3
----------------- Done invoking toplevel() on ptolemy.moml.MoMLSimpleApplication@3e150dc3
reloadAllAccessors: .ArraySort
----------------- testing Mon May 14 00:48:26 UTC 2018 /home/travis/build/icyphy/ptII/ptolemy/actor/lib/test/auto/ArraySum.xml
----------------- Instantiating /home/travis/build/icyphy/ptII/ptolemy/actor/lib/test/auto/ArraySum.xml
7 ms. Memory: 581120K Free: 240454K (41%)
----------------- Invoking toplevel() on ptolemy.moml.MoMLSimpleApplication@609e89e6
----------------- Done invoking toplevel() on ptolemy.moml.MoMLSimpleApplication@609e89e6
reloadAllAccessors: .ArraySum
----------------- testing Mon May 14 00:48:26 UTC 2018 /home/travis/build/icyphy/ptII/ptolemy/actor/lib/test/auto/ArrayToElements.xml
----------------- Instantiating /home/travis/build/icyphy/ptII/ptolemy/actor/lib/test/auto/ArrayToElements.xml
4 ms. Memory: 581120K Free: 230716K (40%)
----------------- Invoking toplevel() on ptolemy.moml.MoMLSimpleApplication@e5fb271
----------------- Done invoking toplevel() on ptolemy.moml.MoMLSimpleApplication@e5fb271
reloadAllAccessors: .ArrayToElements
----------------- testing Mon May 14 00:48:26 UTC 2018 /home/travis/build/icyphy/ptII/ptolemy/actor/lib/test/auto/ArrayToMatrix.xml
----------------- Instantiating /home/travis/build/icyphy/ptII/ptolemy/actor/lib/test/auto/ArrayToMatrix.xml
8 ms. Memory: 581120K Free: 211223K (36%)
----------------- Invoking toplevel() on ptolemy.moml.MoMLSimpleApplication@358b6713
----------------- Done invoking toplevel() on ptolemy.moml.MoMLSimpleApplication@358b6713
reloadAllAccessors: .ArrayToMatrix
----------------- testing Mon May 14 00:48:26 UTC 2018 /home/travis/build/icyphy/ptII/ptolemy/actor/lib/test/auto/ArrayUpdate1.xml
----------------- Instantiating /home/travis/build/icyphy/ptII/ptolemy/actor/lib/test/auto/ArrayUpdate1.xml
2 ms. Memory: 581120K Free: 204731K (35%)
----------------- Invoking toplevel() on ptolemy.moml.MoMLSimpleApplication@51760c0d
----------------- Done invoking toplevel() on ptolemy.moml.MoMLSimpleApplication@51760c0d
reloadAllAccessors: .ArrayUpdate1
----------------- testing Mon May 14 00:48:26 UTC 2018 /home/travis/build/icyphy/ptII/ptolemy/actor/lib/test/auto/ArrayUpdate2.xml
----------------- Instantiating /home/travis/build/icyphy/ptII/ptolemy/actor/lib/test/auto/ArrayUpdate2.xml
5 ms. Memory: 581120K Free: 186998K (32%)
----------------- Invoking toplevel() on ptolemy.moml.MoMLSimpleApplication@577a192c
----------------- Done invoking toplevel() on ptolemy.moml.MoMLSimpleApplication@577a192c
reloadAllAccessors: .ArrayUpdate2
----------------- testing Mon May 14 00:48:26 UTC 2018 /home/travis/build/icyphy/ptII/ptolemy/actor/lib/test/auto/ArrayUpdate3.xml
----------------- Instantiating /home/travis/build/icyphy/ptII/ptolemy/actor/lib/test/auto/ArrayUpdate3.xml
5 ms. Memory: 581120K Free: 180505K (31%)
----------------- Invoking toplevel() on ptolemy.moml.MoMLSimpleApplication@57a768b3
----------------- Done invoking toplevel() on ptolemy.moml.MoMLSimpleApplication@57a768b3
reloadAllAccessors: .ArrayUpdate3
----------------- testing Mon May 14 00:48:26 UTC 2018 /home/travis/build/icyphy/ptII/ptolemy/actor/lib/test/auto/Assert1.xml
----------------- Instantiating /home/travis/build/icyphy/ptII/ptolemy/actor/lib/test/auto/Assert1.xml
3 ms. Memory: 581120K Free: 174013K (30%)
----------------- Invoking toplevel() on ptolemy.moml.MoMLSimpleApplication@71911659
----------------- Done invoking toplevel() on ptolemy.moml.MoMLSimpleApplication@71911659
reloadAllAccessors: .Assert1
----------------- testing Mon May 14 00:48:26 UTC 2018 /home/travis/build/icyphy/ptII/ptolemy/actor/lib/test/auto/Assert2.xml
----------------- Instantiating /home/travis/build/icyphy/ptII/ptolemy/actor/lib/test/auto/Assert2.xml
6 ms. Memory: 581120K Free: 167521K (29%)
----------------- Invoking toplevel() on ptolemy.moml.MoMLSimpleApplication@5f9d901e
----------------- Done invoking toplevel() on ptolemy.moml.MoMLSimpleApplication@5f9d901e
reloadAllAccessors: .Assert2
----------------- testing Mon May 14 00:48:26 UTC 2018 /home/travis/build/icyphy/ptII/ptolemy/actor/lib/test/auto/BooleanMultiplexor.xml
----------------- Instantiating /home/travis/build/icyphy/ptII/ptolemy/actor/lib/test/auto/BooleanMultiplexor.xml
5 ms. Memory: 581120K Free: 149780K (26%)
----------------- Invoking toplevel() on ptolemy.moml.MoMLSimpleApplication@74ed2772
----------------- Done invoking toplevel() on ptolemy.moml.MoMLSimpleApplication@74ed2772
reloadAllAccessors: .BooleanMultiplexor
----------------- testing Mon May 14 00:48:26 UTC 2018 /home/travis/build/icyphy/ptII/ptolemy/actor/lib/test/auto/BooleanMultiplexor2.xml
----------------- Instantiating /home/travis/build/icyphy/ptII/ptolemy/actor/lib/test/auto/BooleanMultiplexor2.xml
10 ms. Memory: 581120K Free: 140026K (24%)
----------------- Invoking toplevel() on ptolemy.moml.MoMLSimpleApplication@127bf25c
----------------- Done invoking toplevel() on ptolemy.moml.MoMLSimpleApplication@127bf25c
reloadAllAccessors: .BooleanMultiplexor2
----------------- testing Mon May 14 00:48:26 UTC 2018 /home/travis/build/icyphy/ptII/ptolemy/actor/lib/test/auto/BooleanMultiplexor3.xml
----------------- Instantiating /home/travis/build/icyphy/ptII/ptolemy/actor/lib/test/auto/BooleanMultiplexor3.xml
4 ms. Memory: 581120K Free: 133534K (23%)
----------------- Invoking toplevel() on ptolemy.moml.MoMLSimpleApplication@73c07145
----------------- Done invoking toplevel() on ptolemy.moml.MoMLSimpleApplication@73c07145
reloadAllAccessors: .BooleanMultiplexor3
----------------- testing Mon May 14 00:48:26 UTC 2018 /home/travis/build/icyphy/ptII/ptolemy/actor/lib/test/auto/BooleanSelect.xml
----------------- Instantiating /home/travis/build/icyphy/ptII/ptolemy/actor/lib/test/auto/BooleanSelect.xml
7 ms. Memory: 581120K Free: 115785K (20%)
----------------- Invoking toplevel() on ptolemy.moml.MoMLSimpleApplication@49d34427
----------------- Done invoking toplevel() on ptolemy.moml.MoMLSimpleApplication@49d34427
reloadAllAccessors: .BooleanSelect
----------------- testing Mon May 14 00:48:26 UTC 2018 /home/travis/build/icyphy/ptII/ptolemy/actor/lib/test/auto/BooleanSelect2.xml
----------------- Instantiating /home/travis/build/icyphy/ptII/ptolemy/actor/lib/test/auto/BooleanSelect2.xml
2 ms. Memory: 581120K Free: 109293K (19%)
----------------- Invoking toplevel() on ptolemy.moml.MoMLSimpleApplication@4ab7c49f
----------------- Done invoking toplevel() on ptolemy.moml.MoMLSimpleApplication@4ab7c49f
reloadAllAccessors: .BooleanSelect2
----------------- testing Mon May 14 00:48:26 UTC 2018 /home/travis/build/icyphy/ptII/ptolemy/actor/lib/test/auto/BooleanSwitch.xml
----------------- Instantiating /home/travis/build/icyphy/ptII/ptolemy/actor/lib/test/auto/BooleanSwitch.xml
4 ms. Memory: 581120K Free: 99554K (17%)
----------------- Invoking toplevel() on ptolemy.moml.MoMLSimpleApplication@5d618a95
----------------- Done invoking toplevel() on ptolemy.moml.MoMLSimpleApplication@5d618a95
reloadAllAccessors: .BooleanSwitch
----------------- testing Mon May 14 00:48:26 UTC 2018 /home/travis/build/icyphy/ptII/ptolemy/actor/lib/test/auto/BooleanSwitch2.xml
----------------- Instantiating /home/travis/build/icyphy/ptII/ptolemy/actor/lib/test/auto/BooleanSwitch2.xml
2 ms. Memory: 581120K Free: 93062K (16%)
----------------- Invoking toplevel() on ptolemy.moml.MoMLSimpleApplication@3694c88b
----------------- Done invoking toplevel() on ptolemy.moml.MoMLSimpleApplication@3694c88b
reloadAllAccessors: .BooleanSwitch2
----------------- testing Mon May 14 00:48:26 UTC 2018 /home/travis/build/icyphy/ptII/ptolemy/actor/lib/test/auto/BooleanSwitchCloningBugWithClassRelationGroup.xml
----------------- Instantiating /home/travis/build/icyphy/ptII/ptolemy/actor/lib/test/auto/BooleanSwitchCloningBugWithClassRelationGroup.xml
4 ms. Memory: 581120K Free: 75313K (13%)
----------------- Invoking toplevel() on ptolemy.moml.MoMLSimpleApplication@6770a751
----------------- Done invoking toplevel() on ptolemy.moml.MoMLSimpleApplication@6770a751
reloadAllAccessors: .BooleanSwitchCloningBugWithClassRelationGroup
----------------- testing Mon May 14 00:48:26 UTC 2018 /home/travis/build/icyphy/ptII/ptolemy/actor/lib/test/auto/BusActors.xml
----------------- Instantiating /home/travis/build/icyphy/ptII/ptolemy/actor/lib/test/auto/BusActors.xml
3 ms. Memory: 581120K Free: 62313K (11%)
----------------- Invoking toplevel() on ptolemy.moml.MoMLSimpleApplication@36b81ea3
----------------- Done invoking toplevel() on ptolemy.moml.MoMLSimpleApplication@36b81ea3
reloadAllAccessors: .BusActors
----------------- testing Mon May 14 00:48:26 UTC 2018 /home/travis/build/icyphy/ptII/ptolemy/actor/lib/test/auto/ClassWrapper.xml
----------------- Instantiating /home/travis/build/icyphy/ptII/ptolemy/actor/lib/test/auto/ClassWrapper.xml
2 ms. Memory: 581120K Free: 55820K (10%)
----------------- Invoking toplevel() on ptolemy.moml.MoMLSimpleApplication@5bb705ab
----------------- Done invoking toplevel() on ptolemy.moml.MoMLSimpleApplication@5bb705ab
reloadAllAccessors: .ClassWrapper
----------------- testing Mon May 14 00:48:26 UTC 2018 /home/travis/build/icyphy/ptII/ptolemy/actor/lib/test/auto/Clock.xml
----------------- Instantiating /home/travis/build/icyphy/ptII/ptolemy/actor/lib/test/auto/Clock.xml
1 ms. Memory: 879616K Free: 828413K (94%)
----------------- Invoking toplevel() on ptolemy.moml.MoMLSimpleApplication@10a04400
----------------- Done invoking toplevel() on ptolemy.moml.MoMLSimpleApplication@10a04400
reloadAllAccessors: .Clock
----------------- testing Mon May 14 00:48:26 UTC 2018 /home/travis/build/icyphy/ptII/ptolemy/actor/lib/test/auto/Clock10.xml
----------------- Instantiating /home/travis/build/icyphy/ptII/ptolemy/actor/lib/test/auto/Clock10.xml
3 ms. Memory: 879616K Free: 808718K (92%)
----------------- Invoking toplevel() on ptolemy.moml.MoMLSimpleApplication@496865a9
----------------- Done invoking toplevel() on ptolemy.moml.MoMLSimpleApplication@496865a9
reloadAllAccessors: .Clock10
----------------- testing Mon May 14 00:48:26 UTC 2018 /home/travis/build/icyphy/ptII/ptolemy/actor/lib/test/auto/Clock11.xml
----------------- Instantiating /home/travis/build/icyphy/ptII/ptolemy/actor/lib/test/auto/Clock11.xml
3 ms. Memory: 879616K Free: 798328K (91%)
----------------- Invoking toplevel() on ptolemy.moml.MoMLSimpleApplication@2594327b
----------------- Done invoking toplevel() on ptolemy.moml.MoMLSimpleApplication@2594327b
reloadAllAccessors: .Clock11
----------------- testing Mon May 14 00:48:26 UTC 2018 /home/travis/build/icyphy/ptII/ptolemy/actor/lib/test/auto/Clock12.xml
----------------- Instantiating /home/travis/build/icyphy/ptII/ptolemy/actor/lib/test/auto/Clock12.xml
3 ms. Memory: 879616K Free: 787938K (90%)
----------------- Invoking toplevel() on ptolemy.moml.MoMLSimpleApplication@308e15f9
----------------- Done invoking toplevel() on ptolemy.moml.MoMLSimpleApplication@308e15f9
reloadAllAccessors: .Clock12
----------------- testing Mon May 14 00:48:26 UTC 2018 /home/travis/build/icyphy/ptII/ptolemy/actor/lib/test/auto/Clock13.xml
----------------- Instantiating /home/travis/build/icyphy/ptII/ptolemy/actor/lib/test/auto/Clock13.xml
1 ms. Memory: 879616K Free: 777548K (88%)
----------------- Invoking toplevel() on ptolemy.moml.MoMLSimpleApplication@3fe58151
----------------- Done invoking toplevel() on ptolemy.moml.MoMLSimpleApplication@3fe58151
reloadAllAccessors: .Clock13
----------------- testing Mon May 14 00:48:26 UTC 2018 /home/travis/build/icyphy/ptII/ptolemy/actor/lib/test/auto/Clock14.xml
----------------- Instantiating /home/travis/build/icyphy/ptII/ptolemy/actor/lib/test/auto/Clock14.xml
3 ms. Memory: 879616K Free: 757853K (86%)
----------------- Invoking toplevel() on ptolemy.moml.MoMLSimpleApplication@5d94da10
----------------- Done invoking toplevel() on ptolemy.moml.MoMLSimpleApplication@5d94da10
reloadAllAccessors: .Clock14
----------------- testing Mon May 14 00:48:26 UTC 2018 /home/travis/build/icyphy/ptII/ptolemy/actor/lib/test/auto/Clock15.xml
----------------- Instantiating /home/travis/build/icyphy/ptII/ptolemy/actor/lib/test/auto/Clock15.xml
6 ms. Memory: 879616K Free: 747463K (85%)
----------------- Invoking toplevel() on ptolemy.moml.MoMLSimpleApplication@2407b31a
----------------- Done invoking toplevel() on ptolemy.moml.MoMLSimpleApplication@2407b31a
reloadAllAccessors: .Clock15
----------------- testing Mon May 14 00:48:26 UTC 2018 /home/travis/build/icyphy/ptII/ptolemy/actor/lib/test/auto/Clock16.xml
----------------- Instantiating /home/travis/build/icyphy/ptII/ptolemy/actor/lib/test/auto/Clock16.xml
20 ms. Memory: 879616K Free: 726658K (83%)
----------------- Invoking toplevel() on ptolemy.moml.MoMLSimpleApplication@4e53ccda
----------------- Done invoking toplevel() on ptolemy.moml.MoMLSimpleApplication@4e53ccda
reloadAllAccessors: .Clock16
----------------- testing Mon May 14 00:48:26 UTC 2018 /home/travis/build/icyphy/ptII/ptolemy/actor/lib/test/auto/Clock17.xml
----------------- Instantiating /home/travis/build/icyphy/ptII/ptolemy/actor/lib/test/auto/Clock17.xml
21 ms. Memory: 879616K Free: 703264K (80%)
----------------- Invoking toplevel() on ptolemy.moml.MoMLSimpleApplication@3401383d
----------------- Done invoking toplevel() on ptolemy.moml.MoMLSimpleApplication@3401383d
reloadAllAccessors: .Clock17
----------------- testing Mon May 14 00:48:26 UTC 2018 /home/travis/build/icyphy/ptII/ptolemy/actor/lib/test/auto/Clock18.xml
----------------- Instantiating /home/travis/build/icyphy/ptII/ptolemy/actor/lib/test/auto/Clock18.xml
24 ms. Memory: 879616K Free: 678366K (77%)
----------------- Invoking toplevel() on ptolemy.moml.MoMLSimpleApplication@358a3cb7
----------------- Done invoking toplevel() on ptolemy.moml.MoMLSimpleApplication@358a3cb7
reloadAllAccessors: .Clock18
----------------- testing Mon May 14 00:48:27 UTC 2018 /home/travis/build/icyphy/ptII/ptolemy/actor/lib/test/auto/Clock19.xml
----------------- Instantiating /home/travis/build/icyphy/ptII/ptolemy/actor/lib/test/auto/Clock19.xml
9 ms. Memory: 879616K Free: 662765K (75%)
----------------- Invoking toplevel() on ptolemy.moml.MoMLSimpleApplication@756167fd
----------------- Done invoking toplevel() on ptolemy.moml.MoMLSimpleApplication@756167fd
reloadAllAccessors: .Clock19
----------------- testing Mon May 14 00:48:27 UTC 2018 /home/travis/build/icyphy/ptII/ptolemy/actor/lib/test/auto/Clock2.xml
----------------- Instantiating /home/travis/build/icyphy/ptII/ptolemy/actor/lib/test/auto/Clock2.xml
6 ms. Memory: 879616K Free: 652375K (74%)
----------------- Invoking toplevel() on ptolemy.moml.MoMLSimpleApplication@133c8102
----------------- Done invoking toplevel() on ptolemy.moml.MoMLSimpleApplication@133c8102
reloadAllAccessors: .Clock2
----------------- testing Mon May 14 00:48:27 UTC 2018 /home/travis/build/icyphy/ptII/ptolemy/actor/lib/test/auto/Clock20.xml
----------------- Instantiating /home/travis/build/icyphy/ptII/ptolemy/actor/lib/test/auto/Clock20.xml
11 ms. Memory: 879616K Free: 641985K (73%)
----------------- Invoking toplevel() on ptolemy.moml.MoMLSimpleApplication@17475d4b
----------------- Done invoking toplevel() on ptolemy.moml.MoMLSimpleApplication@17475d4b
reloadAllAccessors: .Clock20
----------------- testing Mon May 14 00:48:27 UTC 2018 /home/travis/build/icyphy/ptII/ptolemy/actor/lib/test/auto/Clock21.xml
----------------- Instantiating /home/travis/build/icyphy/ptII/ptolemy/actor/lib/test/auto/Clock21.xml
5 ms. Memory: 879616K Free: 622290K (71%)
----------------- Invoking toplevel() on ptolemy.moml.MoMLSimpleApplication@71a33673
----------------- Done invoking toplevel() on ptolemy.moml.MoMLSimpleApplication@71a33673
reloadAllAccessors: .Clock21
----------------- testing Mon May 14 00:48:27 UTC 2018 /home/travis/build/icyphy/ptII/ptolemy/actor/lib/test/auto/Clock22.xml
----------------- Instantiating /home/travis/build/icyphy/ptII/ptolemy/actor/lib/test/auto/Clock22.xml
1 ms. Memory: 879616K Free: 611900K (70%)
----------------- Invoking toplevel() on ptolemy.moml.MoMLSimpleApplication@3c3d43d6
----------------- Done invoking toplevel() on ptolemy.moml.MoMLSimpleApplication@3c3d43d6
reloadAllAccessors: .Clock22
----------------- testing Mon May 14 00:48:27 UTC 2018 /home/travis/build/icyphy/ptII/ptolemy/actor/lib/test/auto/Clock23.xml
----------------- Instantiating /home/travis/build/icyphy/ptII/ptolemy/actor/lib/test/auto/Clock23.xml
2 ms. Memory: 879616K Free: 601509K (68%)
----------------- Invoking toplevel() on ptolemy.moml.MoMLSimpleApplication@715c67f5
----------------- Done invoking toplevel() on ptolemy.moml.MoMLSimpleApplication@715c67f5
reloadAllAccessors: .Clock23
----------------- testing Mon May 14 00:48:27 UTC 2018 /home/travis/build/icyphy/ptII/ptolemy/actor/lib/test/auto/Clock24.xml
----------------- Instantiating /home/travis/build/icyphy/ptII/ptolemy/actor/lib/test/auto/Clock24.xml
5 ms. Memory: 879616K Free: 591119K (67%)
----------------- Invoking toplevel() on ptolemy.moml.MoMLSimpleApplication@2db735dd
----------------- Done invoking toplevel() on ptolemy.moml.MoMLSimpleApplication@2db735dd
reloadAllAccessors: .Clock24
----------------- testing Mon May 14 00:48:27 UTC 2018 /home/travis/build/icyphy/ptII/ptolemy/actor/lib/test/auto/Clock4.xml
----------------- Instantiating /home/travis/build/icyphy/ptII/ptolemy/actor/lib/test/auto/Clock4.xml
3 ms. Memory: 879616K Free: 571425K (65%)
----------------- Invoking toplevel() on ptolemy.moml.MoMLSimpleApplication@1f0eb76e
----------------- Done invoking toplevel() on ptolemy.moml.MoMLSimpleApplication@1f0eb76e
reloadAllAccessors: .Clock4
----------------- testing Mon May 14 00:48:27 UTC 2018 /home/travis/build/icyphy/ptII/ptolemy/actor/lib/test/auto/Clock5.xml
----------------- Instantiating /home/travis/build/icyphy/ptII/ptolemy/actor/lib/test/auto/Clock5.xml
3 ms. Memory: 879616K Free: 561035K (64%)
----------------- Invoking toplevel() on ptolemy.moml.MoMLSimpleApplication@1cb9418a
----------------- Done invoking toplevel() on ptolemy.moml.MoMLSimpleApplication@1cb9418a
reloadAllAccessors: .Clock5
----------------- testing Mon May 14 00:48:27 UTC 2018 /home/travis/build/icyphy/ptII/ptolemy/actor/lib/test/auto/Clock6.xml
----------------- Instantiating /home/travis/build/icyphy/ptII/ptolemy/actor/lib/test/auto/Clock6.xml
2 ms. Memory: 879616K Free: 550644K (63%)
----------------- Invoking toplevel() on ptolemy.moml.MoMLSimpleApplication@21459c0a
----------------- Done invoking toplevel() on ptolemy.moml.MoMLSimpleApplication@21459c0a
reloadAllAccessors: .Clock6
----------------- testing Mon May 14 00:48:27 UTC 2018 /home/travis/build/icyphy/ptII/ptolemy/actor/lib/test/auto/Clock7.xml
----------------- Instantiating /home/travis/build/icyphy/ptII/ptolemy/actor/lib/test/auto/Clock7.xml
3 ms. Memory: 879616K Free: 540254K (61%)
----------------- Invoking toplevel() on ptolemy.moml.MoMLSimpleApplication@60a5e361
----------------- Done invoking toplevel() on ptolemy.moml.MoMLSimpleApplication@60a5e361
reloadAllAccessors: .Clock7
----------------- testing Mon May 14 00:48:27 UTC 2018 /home/travis/build/icyphy/ptII/ptolemy/actor/lib/test/auto/Clock8.xml
----------------- Instantiating /home/travis/build/icyphy/ptII/ptolemy/actor/lib/test/auto/Clock8.xml
8 ms. Memory: 879616K Free: 520560K (59%)
----------------- Invoking toplevel() on ptolemy.moml.MoMLSimpleApplication@3b7f12f1
----------------- Done invoking toplevel() on ptolemy.moml.MoMLSimpleApplication@3b7f12f1
reloadAllAccessors: .Clock8
----------------- testing Mon May 14 00:48:27 UTC 2018 /home/travis/build/icyphy/ptII/ptolemy/actor/lib/test/auto/Clock9.xml
----------------- Instantiating /home/travis/build/icyphy/ptII/ptolemy/actor/lib/test/auto/Clock9.xml
10 ms. Memory: 879616K Free: 510169K (58%)
----------------- Invoking toplevel() on ptolemy.moml.MoMLSimpleApplication@90726a0
----------------- Done invoking toplevel() on ptolemy.moml.MoMLSimpleApplication@90726a0
reloadAllAccessors: .Clock9
----------------- testing Mon May 14 00:48:27 UTC 2018 /home/travis/build/icyphy/ptII/ptolemy/actor/lib/test/auto/CommDistDiscard.xml
----------------- Instantiating /home/travis/build/icyphy/ptII/ptolemy/actor/lib/test/auto/CommDistDiscard.xml
5 ms. Memory: 879616K Free: 499779K (57%)
----------------- Invoking toplevel() on ptolemy.moml.MoMLSimpleApplication@4f930139
----------------- Done invoking toplevel() on ptolemy.moml.MoMLSimpleApplication@4f930139
reloadAllAccessors: .CommDistDiscard
----------------- testing Mon May 14 00:48:27 UTC 2018 /home/travis/build/icyphy/ptII/ptolemy/actor/lib/test/auto/Commutator.xml
----------------- Instantiating /home/travis/build/icyphy/ptII/ptolemy/actor/lib/test/auto/Commutator.xml
1 ms. Memory: 879616K Free: 489389K (56%)
----------------- Invoking toplevel() on ptolemy.moml.MoMLSimpleApplication@6edfae14
----------------- Done invoking toplevel() on ptolemy.moml.MoMLSimpleApplication@6edfae14
reloadAllAccessors: .Commutator
----------------- testing Mon May 14 00:48:27 UTC 2018 /home/travis/build/icyphy/ptII/ptolemy/actor/lib/test/auto/Commutator2.xml
----------------- Instantiating /home/travis/build/icyphy/ptII/ptolemy/actor/lib/test/auto/Commutator2.xml
1 ms. Memory: 879616K Free: 469694K (53%)
----------------- Invoking toplevel() on ptolemy.moml.MoMLSimpleApplication@3b15467d
----------------- Done invoking toplevel() on ptolemy.moml.MoMLSimpleApplication@3b15467d
reloadAllAccessors: .Commutator2
----------------- testing Mon May 14 00:48:27 UTC 2018 /home/travis/build/icyphy/ptII/ptolemy/actor/lib/test/auto/Commutator3.xml
----------------- Instantiating /home/travis/build/icyphy/ptII/ptolemy/actor/lib/test/auto/Commutator3.xml
2 ms. Memory: 879616K Free: 459304K (52%)
----------------- Invoking toplevel() on ptolemy.moml.MoMLSimpleApplication@2a9d0b0e
----------------- Done invoking toplevel() on ptolemy.moml.MoMLSimpleApplication@2a9d0b0e
reloadAllAccessors: .Commutator3
----------------- testing Mon May 14 00:48:27 UTC 2018 /home/travis/build/icyphy/ptII/ptolemy/actor/lib/test/auto/Compare.xml
----------------- Instantiating /home/travis/build/icyphy/ptII/ptolemy/actor/lib/test/auto/Compare.xml
2 ms. Memory: 879616K Free: 448914K (51%)
----------------- Invoking toplevel() on ptolemy.moml.MoMLSimpleApplication@15768a1c
----------------- Done invoking toplevel() on ptolemy.moml.MoMLSimpleApplication@15768a1c
reloadAllAccessors: .Compare
----------------- testing Mon May 14 00:48:27 UTC 2018 /home/travis/build/icyphy/ptII/ptolemy/actor/lib/test/auto/CompareDE.xml
----------------- Instantiating /home/travis/build/icyphy/ptII/ptolemy/actor/lib/test/auto/CompareDE.xml
5 ms. Memory: 879616K Free: 438523K (50%)
----------------- Invoking toplevel() on ptolemy.moml.MoMLSimpleApplication@3fdee283
----------------- Done invoking toplevel() on ptolemy.moml.MoMLSimpleApplication@3fdee283
reloadAllAccessors: .CompareDE
----------------- testing Mon May 14 00:48:27 UTC 2018 /home/travis/build/icyphy/ptII/ptolemy/actor/lib/test/auto/ComplexDivide.xml
----------------- Instantiating /home/travis/build/icyphy/ptII/ptolemy/actor/lib/test/auto/ComplexDivide.xml
1 ms. Memory: 879616K Free: 418829K (48%)
----------------- Invoking toplevel() on ptolemy.moml.MoMLSimpleApplication@cf53cd9
----------------- Done invoking toplevel() on ptolemy.moml.MoMLSimpleApplication@cf53cd9
reloadAllAccessors: .ComplexDivide
----------------- testing Mon May 14 00:48:27 UTC 2018 /home/travis/build/icyphy/ptII/ptolemy/actor/lib/test/auto/ComputeHistogram.xml
----------------- Instantiating /home/travis/build/icyphy/ptII/ptolemy/actor/lib/test/auto/ComputeHistogram.xml
37 ms. Memory: 879616K Free: 403243K (46%)
----------------- Invoking toplevel() on ptolemy.moml.MoMLSimpleApplication@16bb8cbd
----------------- Done invoking toplevel() on ptolemy.moml.MoMLSimpleApplication@16bb8cbd
reloadAllAccessors: .ComputeHistogram
----------------- testing Mon May 14 00:48:27 UTC 2018 /home/travis/build/icyphy/ptII/ptolemy/actor/lib/test/auto/ConfigurationSelect.xml
----------------- Instantiating /home/travis/build/icyphy/ptII/ptolemy/actor/lib/test/auto/ConfigurationSelect.xml
3 ms. Memory: 879616K Free: 392853K (45%)
----------------- Invoking toplevel() on ptolemy.moml.MoMLSimpleApplication@12fa4891
----------------- Done invoking toplevel() on ptolemy.moml.MoMLSimpleApplication@12fa4891
reloadAllAccessors: .ConfigurationSelect
----------------- testing Mon May 14 00:48:27 UTC 2018 /home/travis/build/icyphy/ptII/ptolemy/actor/lib/test/auto/ConfigurationSelect2.xml
----------------- Instantiating /home/travis/build/icyphy/ptII/ptolemy/actor/lib/test/auto/ConfigurationSelect2.xml
1 ms. Memory: 879616K Free: 382463K (43%)
----------------- Invoking toplevel() on ptolemy.moml.MoMLSimpleApplication@4c06a00f
----------------- Done invoking toplevel() on ptolemy.moml.MoMLSimpleApplication@4c06a00f
reloadAllAccessors: .ConfigurationSelect2
----------------- testing Mon May 14 00:48:27 UTC 2018 /home/travis/build/icyphy/ptII/ptolemy/actor/lib/test/auto/ConfigurationSwitch.xml
----------------- Instantiating /home/travis/build/icyphy/ptII/ptolemy/actor/lib/test/auto/ConfigurationSwitch.xml
2 ms. Memory: 879616K Free: 362768K (41%)
----------------- Invoking toplevel() on ptolemy.moml.MoMLSimpleApplication@5ee891f
----------------- Done invoking toplevel() on ptolemy.moml.MoMLSimpleApplication@5ee891f
reloadAllAccessors: .ConfigurationSwitch
----------------- testing Mon May 14 00:48:27 UTC 2018 /home/travis/build/icyphy/ptII/ptolemy/actor/lib/test/auto/ConfigurationSwitch2.xml
----------------- Instantiating /home/travis/build/icyphy/ptII/ptolemy/actor/lib/test/auto/ConfigurationSwitch2.xml
2 ms. Memory: 879616K Free: 352378K (40%)
----------------- Invoking toplevel() on ptolemy.moml.MoMLSimpleApplication@437ac3e3
----------------- Done invoking toplevel() on ptolemy.moml.MoMLSimpleApplication@437ac3e3
reloadAllAccessors: .ConfigurationSwitch2
----------------- testing Mon May 14 00:48:27 UTC 2018 /home/travis/build/icyphy/ptII/ptolemy/actor/lib/test/auto/ConfigurationSwitchCloningBugWithClassRelationGroup.xml
----------------- Instantiating /home/travis/build/icyphy/ptII/ptolemy/actor/lib/test/auto/ConfigurationSwitchCloningBugWithClassRelationGroup.xml
1 ms. Memory: 879616K Free: 336777K (38%)
----------------- Invoking toplevel() on ptolemy.moml.MoMLSimpleApplication@79af7209
----------------- Done invoking toplevel() on ptolemy.moml.MoMLSimpleApplication@79af7209
reloadAllAccessors: .ConfigurationSwitchCloningBugWithClassRelationGroup
----------------- testing Mon May 14 00:48:27 UTC 2018 /home/travis/build/icyphy/ptII/ptolemy/actor/lib/test/auto/ConfigurationSwitchSelectSDF.xml
----------------- Instantiating /home/travis/build/icyphy/ptII/ptolemy/actor/lib/test/auto/ConfigurationSwitchSelectSDF.xml
3 ms. Memory: 879616K Free: 326387K (37%)
----------------- Invoking toplevel() on ptolemy.moml.MoMLSimpleApplication@4ebe8e62
----------------- Done invoking toplevel() on ptolemy.moml.MoMLSimpleApplication@4ebe8e62
reloadAllAccessors: .ConfigurationSwitchSelectSDF
----------------- testing Mon May 14 00:48:27 UTC 2018 /home/travis/build/icyphy/ptII/ptolemy/actor/lib/test/auto/ConfigurationSwitchSelectSDF2.xml
----------------- Instantiating /home/travis/build/icyphy/ptII/ptolemy/actor/lib/test/auto/ConfigurationSwitchSelectSDF2.xml
2 ms. Memory: 879616K Free: 315996K (36%)
----------------- Invoking toplevel() on ptolemy.moml.MoMLSimpleApplication@33c48413
----------------- Done invoking toplevel() on ptolemy.moml.MoMLSimpleApplication@33c48413
reloadAllAccessors: .ConfigurationSwitchSelectSDF2
----------------- testing Mon May 14 00:48:27 UTC 2018 /home/travis/build/icyphy/ptII/ptolemy/actor/lib/test/auto/Const.xml
----------------- Instantiating /home/travis/build/icyphy/ptII/ptolemy/actor/lib/test/auto/Const.xml
1 ms. Memory: 879616K Free: 296302K (34%)
----------------- Invoking toplevel() on ptolemy.moml.MoMLSimpleApplication@4b676fc6
----------------- Done invoking toplevel() on ptolemy.moml.MoMLSimpleApplication@4b676fc6
reloadAllAccessors: .Const
----------------- testing Mon May 14 00:48:27 UTC 2018 /home/travis/build/icyphy/ptII/ptolemy/actor/lib/test/auto/Const2.xml
----------------- Instantiating /home/travis/build/icyphy/ptII/ptolemy/actor/lib/test/auto/Const2.xml
2 ms. Memory: 879616K Free: 285912K (33%)
----------------- Invoking toplevel() on ptolemy.moml.MoMLSimpleApplication@5c493cf9
----------------- Done invoking toplevel() on ptolemy.moml.MoMLSimpleApplication@5c493cf9
reloadAllAccessors: .Const2
----------------- testing Mon May 14 00:48:27 UTC 2018 /home/travis/build/icyphy/ptII/ptolemy/actor/lib/test/auto/Const3.xml
----------------- Instantiating /home/travis/build/icyphy/ptII/ptolemy/actor/lib/test/auto/Const3.xml
1 ms. Memory: 879616K Free: 275521K (31%)
----------------- Invoking toplevel() on ptolemy.moml.MoMLSimpleApplication@55fcade6
----------------- Done invoking toplevel() on ptolemy.moml.MoMLSimpleApplication@55fcade6
reloadAllAccessors: .Const3
----------------- testing Mon May 14 00:48:27 UTC 2018 /home/travis/build/icyphy/ptII/ptolemy/actor/lib/test/auto/ConstantPublisherPort1.xml
----------------- Instantiating /home/travis/build/icyphy/ptII/ptolemy/actor/lib/test/auto/ConstantPublisherPort1.xml
5 ms. Memory: 879616K Free: 259920K (30%)
----------------- Invoking toplevel() on ptolemy.moml.MoMLSimpleApplication@6db5f02f
----------------- Done invoking toplevel() on ptolemy.moml.MoMLSimpleApplication@6db5f02f
reloadAllAccessors: .ConstantPublisherPort1
----------------- testing Mon May 14 00:48:27 UTC 2018 /home/travis/build/icyphy/ptII/ptolemy/actor/lib/test/auto/ConstantPublisherPort2.xml
----------------- Instantiating /home/travis/build/icyphy/ptII/ptolemy/actor/lib/test/auto/ConstantPublisherPort2.xml
4 ms. Memory: 879616K Free: 235014K (27%)
----------------- Invoking toplevel() on ptolemy.moml.MoMLSimpleApplication@74d74abc
----------------- Done invoking toplevel() on ptolemy.moml.MoMLSimpleApplication@74d74abc
reloadAllAccessors: .ConstantPublisherPort2
----------------- testing Mon May 14 00:48:27 UTC 2018 /home/travis/build/icyphy/ptII/ptolemy/actor/lib/test/auto/ConstantPublisherPort3.xml
----------------- Instantiating /home/travis/build/icyphy/ptII/ptolemy/actor/lib/test/auto/ConstantPublisherPort3.xml
5 ms. Memory: 879616K Free: 219413K (25%)
----------------- Invoking toplevel() on ptolemy.moml.MoMLSimpleApplication@30bdd3e5
----------------- Done invoking toplevel() on ptolemy.moml.MoMLSimpleApplication@30bdd3e5
reloadAllAccessors: .ConstantPublisherPort3
----------------- testing Mon May 14 00:48:27 UTC 2018 /home/travis/build/icyphy/ptII/ptolemy/actor/lib/test/auto/ConstantPublisherPort4.xml
----------------- Instantiating /home/travis/build/icyphy/ptII/ptolemy/actor/lib/test/auto/ConstantPublisherPort4.xml
3 ms. Memory: 879616K Free: 209023K (24%)
----------------- Invoking toplevel() on ptolemy.moml.MoMLSimpleApplication@68ab415b
----------------- Done invoking toplevel() on ptolemy.moml.MoMLSimpleApplication@68ab415b
reloadAllAccessors: .ConstantPublisherPort4
----------------- testing Mon May 14 00:48:27 UTC 2018 /home/travis/build/icyphy/ptII/ptolemy/actor/lib/test/auto/ConstantPublisherPort5.xml
----------------- Instantiating /home/travis/build/icyphy/ptII/ptolemy/actor/lib/test/auto/ConstantPublisherPort5.xml
22 ms. Memory: 879616K Free: 183031K (21%)
----------------- Invoking toplevel() on ptolemy.moml.MoMLSimpleApplication@446eec26
----------------- Done invoking toplevel() on ptolemy.moml.MoMLSimpleApplication@446eec26
reloadAllAccessors: .ConstantPublisherPort5
----------------- testing Mon May 14 00:48:27 UTC 2018 /home/travis/build/icyphy/ptII/ptolemy/actor/lib/test/auto/ConstantPublisherPort6.xml
----------------- Instantiating /home/travis/build/icyphy/ptII/ptolemy/actor/lib/test/auto/ConstantPublisherPort6.xml
14 ms. Memory: 879616K Free: 147751K (17%)
----------------- Invoking toplevel() on ptolemy.moml.MoMLSimpleApplication@7575b513
----------------- Done invoking toplevel() on ptolemy.moml.MoMLSimpleApplication@7575b513
reloadAllAccessors: .ConstantPublisherPort6
----------------- testing Mon May 14 00:48:28 UTC 2018 /home/travis/build/icyphy/ptII/ptolemy/actor/lib/test/auto/ConstantPublisherPort7.xml
----------------- Instantiating /home/travis/build/icyphy/ptII/ptolemy/actor/lib/test/auto/ConstantPublisherPort7.xml
13 ms. Memory: 879616K Free: 121776K (14%)
----------------- Invoking toplevel() on ptolemy.moml.MoMLSimpleApplication@1623684e
----------------- Done invoking toplevel() on ptolemy.moml.MoMLSimpleApplication@1623684e
reloadAllAccessors: .ConstantPublisherPort7
----------------- testing Mon May 14 00:48:28 UTC 2018 /home/travis/build/icyphy/ptII/ptolemy/actor/lib/test/auto/ConstraintMonitor1.xml
----------------- Instantiating /home/travis/build/icyphy/ptII/ptolemy/actor/lib/test/auto/ConstraintMonitor1.xml
3 ms. Memory: 879616K Free: 111385K (13%)
----------------- Invoking toplevel() on ptolemy.moml.MoMLSimpleApplication@26c528b2
----------------- Done invoking toplevel() on ptolemy.moml.MoMLSimpleApplication@26c528b2
reloadAllAccessors: .ConstraintMonitor1
----------------- testing Mon May 14 00:48:28 UTC 2018 /home/travis/build/icyphy/ptII/ptolemy/actor/lib/test/auto/ConstraintMonitor2.xml
----------------- Instantiating /home/travis/build/icyphy/ptII/ptolemy/actor/lib/test/auto/ConstraintMonitor2.xml
1 ms. Memory: 879616K Free: 100995K (11%)
----------------- Invoking toplevel() on ptolemy.moml.MoMLSimpleApplication@5753df1d
----------------- Done invoking toplevel() on ptolemy.moml.MoMLSimpleApplication@5753df1d
reloadAllAccessors: .ConstraintMonitor2
----------------- testing Mon May 14 00:48:28 UTC 2018 /home/travis/build/icyphy/ptII/ptolemy/actor/lib/test/auto/ConstraintMonitor3.xml
----------------- Instantiating /home/travis/build/icyphy/ptII/ptolemy/actor/lib/test/auto/ConstraintMonitor3.xml
3 ms. Memory: 879616K Free: 81301K (9%)
----------------- Invoking toplevel() on ptolemy.moml.MoMLSimpleApplication@5810f2fb
----------------- Done invoking toplevel() on ptolemy.moml.MoMLSimpleApplication@5810f2fb
reloadAllAccessors: .ConstraintMonitor3
----------------- testing Mon May 14 00:48:28 UTC 2018 /home/travis/build/icyphy/ptII/ptolemy/actor/lib/test/auto/ConstraintMonitor4.xml
----------------- Instantiating /home/travis/build/icyphy/ptII/ptolemy/actor/lib/test/auto/ConstraintMonitor4.xml
2 ms. Memory: 879616K Free: 70910K (8%)
----------------- Invoking toplevel() on ptolemy.moml.MoMLSimpleApplication@12257f9f
----------------- Done invoking toplevel() on ptolemy.moml.MoMLSimpleApplication@12257f9f
reloadAllAccessors: .ConstraintMonitor4
----------------- testing Mon May 14 00:48:28 UTC 2018 /home/travis/build/icyphy/ptII/ptolemy/actor/lib/test/auto/ConstraintMonitor5.xml
----------------- Instantiating /home/travis/build/icyphy/ptII/ptolemy/actor/lib/test/auto/ConstraintMonitor5.xml
1 ms. Memory: 879616K Free: 60520K (7%)
----------------- Invoking toplevel() on ptolemy.moml.MoMLSimpleApplication@7984d7d9
----------------- Done invoking toplevel() on ptolemy.moml.MoMLSimpleApplication@7984d7d9
reloadAllAccessors: .ConstraintMonitor5
----------------- testing Mon May 14 00:48:28 UTC 2018 /home/travis/build/icyphy/ptII/ptolemy/actor/lib/test/auto/ConstraintMonitor6.xml
----------------- Instantiating /home/travis/build/icyphy/ptII/ptolemy/actor/lib/test/auto/ConstraintMonitor6.xml
3 ms. Memory: 880640K Free: 821083K (93%)
----------------- Invoking toplevel() on ptolemy.moml.MoMLSimpleApplication@712a67dd
----------------- Done invoking toplevel() on ptolemy.moml.MoMLSimpleApplication@712a67dd
reloadAllAccessors: .ConstraintMonitor6
----------------- testing Mon May 14 00:48:28 UTC 2018 /home/travis/build/icyphy/ptII/ptolemy/actor/lib/test/auto/ConstraintMonitor7.xml
----------------- Instantiating /home/travis/build/icyphy/ptII/ptolemy/actor/lib/test/auto/ConstraintMonitor7.xml
2 ms. Memory: 880640K Free: 803755K (91%)
----------------- Invoking toplevel() on ptolemy.moml.MoMLSimpleApplication@6a736dd7
----------------- Done invoking toplevel() on ptolemy.moml.MoMLSimpleApplication@6a736dd7
reloadAllAccessors: .ConstraintMonitor7
----------------- testing Mon May 14 00:48:28 UTC 2018 /home/travis/build/icyphy/ptII/ptolemy/actor/lib/test/auto/ConstraintMonitor8.xml
----------------- Instantiating /home/travis/build/icyphy/ptII/ptolemy/actor/lib/test/auto/ConstraintMonitor8.xml
3 ms. Memory: 880640K Free: 793365K (90%)
----------------- Invoking toplevel() on ptolemy.moml.MoMLSimpleApplication@45d33444
----------------- Done invoking toplevel() on ptolemy.moml.MoMLSimpleApplication@45d33444
reloadAllAccessors: .ConstraintMonitor8
----------------- testing Mon May 14 00:48:28 UTC 2018 /home/travis/build/icyphy/ptII/ptolemy/actor/lib/test/auto/Counter.xml
----------------- Instantiating /home/travis/build/icyphy/ptII/ptolemy/actor/lib/test/auto/Counter.xml
7 ms. Memory: 880640K Free: 776141K (88%)
----------------- Invoking toplevel() on ptolemy.moml.MoMLSimpleApplication@5b92dc84
----------------- Done invoking toplevel() on ptolemy.moml.MoMLSimpleApplication@5b92dc84
reloadAllAccessors: .Counter
----------------- testing Mon May 14 00:48:28 UTC 2018 /home/travis/build/icyphy/ptII/ptolemy/actor/lib/test/auto/CurrentTimeSDF.xml
----------------- Instantiating /home/travis/build/icyphy/ptII/ptolemy/actor/lib/test/auto/CurrentTimeSDF.xml
1 ms. Memory: 880640K Free: 765751K (87%)
----------------- Invoking toplevel() on ptolemy.moml.MoMLSimpleApplication@97b5b51
----------------- Done invoking toplevel() on ptolemy.moml.MoMLSimpleApplication@97b5b51
reloadAllAccessors: .CurrentTimeSDF
----------------- testing Mon May 14 00:48:28 UTC 2018 /home/travis/build/icyphy/ptII/ptolemy/actor/lib/test/auto/DB.xml
----------------- Instantiating /home/travis/build/icyphy/ptII/ptolemy/actor/lib/test/auto/DB.xml
2 ms. Memory: 880640K Free: 755361K (86%)
----------------- Invoking toplevel() on ptolemy.moml.MoMLSimpleApplication@212cb792
----------------- Done invoking toplevel() on ptolemy.moml.MoMLSimpleApplication@212cb792
reloadAllAccessors: .DB
----------------- testing Mon May 14 00:48:28 UTC 2018 /home/travis/build/icyphy/ptII/ptolemy/actor/lib/test/auto/DBDE.xml
----------------- Instantiating /home/travis/build/icyphy/ptII/ptolemy/actor/lib/test/auto/DBDE.xml
2 ms. Memory: 880640K Free: 738138K (84%)
----------------- Invoking toplevel() on ptolemy.moml.MoMLSimpleApplication@af1110c
----------------- Done invoking toplevel() on ptolemy.moml.MoMLSimpleApplication@af1110c
reloadAllAccessors: .DBDE
----------------- testing Mon May 14 00:48:28 UTC 2018 /home/travis/build/icyphy/ptII/ptolemy/actor/lib/test/auto/DateConstructor.xml
----------------- Instantiating /home/travis/build/icyphy/ptII/ptolemy/actor/lib/test/auto/DateConstructor.xml
16 ms. Memory: 880640K Free: 717341K (81%)
----------------- Invoking toplevel() on ptolemy.moml.MoMLSimpleApplication@1bfb6fb1
----------------- Done invoking toplevel() on ptolemy.moml.MoMLSimpleApplication@1bfb6fb1
reloadAllAccessors: .DateConstructor
----------------- testing Mon May 14 00:48:28 UTC 2018 /home/travis/build/icyphy/ptII/ptolemy/actor/lib/test/auto/DelayTime.xml
----------------- Instantiating /home/travis/build/icyphy/ptII/ptolemy/actor/lib/test/auto/DelayTime.xml
3 ms. Memory: 880640K Free: 706951K (80%)
----------------- Invoking toplevel() on ptolemy.moml.MoMLSimpleApplication@55452196
----------------- Done invoking toplevel() on ptolemy.moml.MoMLSimpleApplication@55452196
reloadAllAccessors: .DelayTime
----------------- testing Mon May 14 00:48:28 UTC 2018 /home/travis/build/icyphy/ptII/ptolemy/actor/lib/test/auto/Dictionary1.xml
----------------- Instantiating /home/travis/build/icyphy/ptII/ptolemy/actor/lib/test/auto/Dictionary1.xml
2 ms. Memory: 880640K Free: 689727K (78%)
----------------- Invoking toplevel() on ptolemy.moml.MoMLSimpleApplication@600b189a
----------------- Done invoking toplevel() on ptolemy.moml.MoMLSimpleApplication@600b189a
reloadAllAccessors: .Dictionary1
----------------- testing Mon May 14 00:48:28 UTC 2018 /home/travis/build/icyphy/ptII/ptolemy/actor/lib/test/auto/Dictionary2.xml
----------------- Instantiating /home/travis/build/icyphy/ptII/ptolemy/actor/lib/test/auto/Dictionary2.xml
3 ms. Memory: 880640K Free: 679337K (77%)
----------------- Invoking toplevel() on ptolemy.moml.MoMLSimpleApplication@2c8d7aa4
----------------- Done invoking toplevel() on ptolemy.moml.MoMLSimpleApplication@2c8d7aa4
reloadAllAccessors: .Dictionary2
----------------- testing Mon May 14 00:48:28 UTC 2018 /home/travis/build/icyphy/ptII/ptolemy/actor/lib/test/auto/Dictionary3.xml
----------------- Instantiating /home/travis/build/icyphy/ptII/ptolemy/actor/lib/test/auto/Dictionary3.xml
1 ms. Memory: 880640K Free: 668947K (76%)
----------------- Invoking toplevel() on ptolemy.moml.MoMLSimpleApplication@4687584a
----------------- Done invoking toplevel() on ptolemy.moml.MoMLSimpleApplication@4687584a
reloadAllAccessors: .Dictionary3
----------------- testing Mon May 14 00:48:28 UTC 2018 /home/travis/build/icyphy/ptII/ptolemy/actor/lib/test/auto/Dictionary4.xml
----------------- Instantiating /home/travis/build/icyphy/ptII/ptolemy/actor/lib/test/auto/Dictionary4.xml
3 ms. Memory: 880640K Free: 651724K (74%)
----------------- Invoking toplevel() on ptolemy.moml.MoMLSimpleApplication@5c80b412
----------------- Done invoking toplevel() on ptolemy.moml.MoMLSimpleApplication@5c80b412
reloadAllAccessors: .Dictionary4
----------------- testing Mon May 14 00:48:28 UTC 2018 /home/travis/build/icyphy/ptII/ptolemy/actor/lib/test/auto/Differential.xml
----------------- Instantiating /home/travis/build/icyphy/ptII/ptolemy/actor/lib/test/auto/Differential.xml
3 ms. Memory: 880640K Free: 641333K (73%)
----------------- Invoking toplevel() on ptolemy.moml.MoMLSimpleApplication@7bfdf30
----------------- Done invoking toplevel() on ptolemy.moml.MoMLSimpleApplication@7bfdf30
reloadAllAccessors: .Differential
----------------- testing Mon May 14 00:48:28 UTC 2018 /home/travis/build/icyphy/ptII/ptolemy/actor/lib/test/auto/Director.xml
----------------- Instantiating /home/travis/build/icyphy/ptII/ptolemy/actor/lib/test/auto/Director.xml
2 ms. Memory: 880640K Free: 630943K (72%)
----------------- Invoking toplevel() on ptolemy.moml.MoMLSimpleApplication@58e15642
----------------- Done invoking toplevel() on ptolemy.moml.MoMLSimpleApplication@58e15642
reloadAllAccessors: .Director
----------------- testing Mon May 14 00:48:28 UTC 2018 /home/travis/build/icyphy/ptII/ptolemy/actor/lib/test/auto/DiscreteClock.xml
----------------- Instantiating /home/travis/build/icyphy/ptII/ptolemy/actor/lib/test/auto/DiscreteClock.xml
1 ms. Memory: 880640K Free: 613720K (70%)
----------------- Invoking toplevel() on ptolemy.moml.MoMLSimpleApplication@28c343cb
----------------- Done invoking toplevel() on ptolemy.moml.MoMLSimpleApplication@28c343cb
reloadAllAccessors: .DiscreteClock
----------------- testing Mon May 14 00:48:28 UTC 2018 /home/travis/build/icyphy/ptII/ptolemy/actor/lib/test/auto/DiscreteClock10.xml
----------------- Instantiating /home/travis/build/icyphy/ptII/ptolemy/actor/lib/test/auto/DiscreteClock10.xml
4 ms. Memory: 880640K Free: 603329K (69%)
----------------- Invoking toplevel() on ptolemy.moml.MoMLSimpleApplication@8e58dcb
----------------- Done invoking toplevel() on ptolemy.moml.MoMLSimpleApplication@8e58dcb
reloadAllAccessors: .DiscreteClock10
----------------- testing Mon May 14 00:48:28 UTC 2018 /home/travis/build/icyphy/ptII/ptolemy/actor/lib/test/auto/DiscreteClock11.xml
----------------- Instantiating /home/travis/build/icyphy/ptII/ptolemy/actor/lib/test/auto/DiscreteClock11.xml
2 ms. Memory: 880640K Free: 592939K (67%)
----------------- Invoking toplevel() on ptolemy.moml.MoMLSimpleApplication@39deb8c0
----------------- Done invoking toplevel() on ptolemy.moml.MoMLSimpleApplication@39deb8c0
reloadAllAccessors: .DiscreteClock11
----------------- testing Mon May 14 00:48:28 UTC 2018 /home/travis/build/icyphy/ptII/ptolemy/actor/lib/test/auto/DiscreteClock12.xml
----------------- Instantiating /home/travis/build/icyphy/ptII/ptolemy/actor/lib/test/auto/DiscreteClock12.xml
3 ms. Memory: 880640K Free: 575716K (65%)
----------------- Invoking toplevel() on ptolemy.moml.MoMLSimpleApplication@51aa9426
----------------- Done invoking toplevel() on ptolemy.moml.MoMLSimpleApplication@51aa9426
reloadAllAccessors: .DiscreteClock12
----------------- testing Mon May 14 00:48:28 UTC 2018 /home/travis/build/icyphy/ptII/ptolemy/actor/lib/test/auto/DiscreteClock13.xml
----------------- Instantiating /home/travis/build/icyphy/ptII/ptolemy/actor/lib/test/auto/DiscreteClock13.xml
6 ms. Memory: 880640K Free: 565326K (64%)
----------------- Invoking toplevel() on ptolemy.moml.MoMLSimpleApplication@103864df
----------------- Done invoking toplevel() on ptolemy.moml.MoMLSimpleApplication@103864df
reloadAllAccessors: .DiscreteClock13
----------------- testing Mon May 14 00:48:28 UTC 2018 /home/travis/build/icyphy/ptII/ptolemy/actor/lib/test/auto/DiscreteClock14.xml
----------------- Instantiating /home/travis/build/icyphy/ptII/ptolemy/actor/lib/test/auto/DiscreteClock14.xml
7 ms. Memory: 880640K Free: 554935K (63%)
----------------- Invoking toplevel() on ptolemy.moml.MoMLSimpleApplication@6c70aca2
----------------- Done invoking toplevel() on ptolemy.moml.MoMLSimpleApplication@6c70aca2
reloadAllAccessors: .DiscreteClock14
----------------- testing Mon May 14 00:48:28 UTC 2018 /home/travis/build/icyphy/ptII/ptolemy/actor/lib/test/auto/DiscreteClock15.xml
----------------- Instantiating /home/travis/build/icyphy/ptII/ptolemy/actor/lib/test/auto/DiscreteClock15.xml
7 ms. Memory: 880640K Free: 537712K (61%)
----------------- Invoking toplevel() on ptolemy.moml.MoMLSimpleApplication@6321fa3
----------------- Done invoking toplevel() on ptolemy.moml.MoMLSimpleApplication@6321fa3
reloadAllAccessors: .DiscreteClock15
----------------- testing Mon May 14 00:48:28 UTC 2018 /home/travis/build/icyphy/ptII/ptolemy/actor/lib/test/auto/DiscreteClock16.xml
----------------- Instantiating /home/travis/build/icyphy/ptII/ptolemy/actor/lib/test/auto/DiscreteClock16.xml
16 ms. Memory: 880640K Free: 522111K (59%)
----------------- Invoking toplevel() on ptolemy.moml.MoMLSimpleApplication@6099694a
----------------- Done invoking toplevel() on ptolemy.moml.MoMLSimpleApplication@6099694a
reloadAllAccessors: .DiscreteClock16
----------------- testing Mon May 14 00:48:28 UTC 2018 /home/travis/build/icyphy/ptII/ptolemy/actor/lib/test/auto/DiscreteClock17.xml
----------------- Instantiating /home/travis/build/icyphy/ptII/ptolemy/actor/lib/test/auto/DiscreteClock17.xml
17 ms. Memory: 880640K Free: 506525K (58%)
----------------- Invoking toplevel() on ptolemy.moml.MoMLSimpleApplication@44945578
----------------- Done invoking toplevel() on ptolemy.moml.MoMLSimpleApplication@44945578
reloadAllAccessors: .DiscreteClock17
----------------- testing Mon May 14 00:48:28 UTC 2018 /home/travis/build/icyphy/ptII/ptolemy/actor/lib/test/auto/DiscreteClock18.xml
----------------- Instantiating /home/travis/build/icyphy/ptII/ptolemy/actor/lib/test/auto/DiscreteClock18.xml
475 ms. Memory: 1368064K Free: 1320922K (97%)
----------------- Invoking toplevel() on ptolemy.moml.MoMLSimpleApplication@2a369a2f
----------------- Done invoking toplevel() on ptolemy.moml.MoMLSimpleApplication@2a369a2f
reloadAllAccessors: .DiscreteClock18
----------------- testing Mon May 14 00:48:29 UTC 2018 /home/travis/build/icyphy/ptII/ptolemy/actor/lib/test/auto/DiscreteClock19.xml
----------------- Instantiating /home/travis/build/icyphy/ptII/ptolemy/actor/lib/test/auto/DiscreteClock19.xml
21 ms. Memory: 1368064K Free: 1270305K (93%)
----------------- Invoking toplevel() on ptolemy.moml.MoMLSimpleApplication@3fac6fe5
----------------- Done invoking toplevel() on ptolemy.moml.MoMLSimpleApplication@3fac6fe5
reloadAllAccessors: .DiscreteClock19
----------------- testing Mon May 14 00:48:29 UTC 2018 /home/travis/build/icyphy/ptII/ptolemy/actor/lib/test/auto/DiscreteClock2.xml
----------------- Instantiating /home/travis/build/icyphy/ptII/ptolemy/actor/lib/test/auto/DiscreteClock2.xml
5 ms. Memory: 1368064K Free: 1257833K (92%)
----------------- Invoking toplevel() on ptolemy.moml.MoMLSimpleApplication@56c9c006
----------------- Done invoking toplevel() on ptolemy.moml.MoMLSimpleApplication@56c9c006
reloadAllAccessors: .DiscreteClock2
----------------- testing Mon May 14 00:48:29 UTC 2018 /home/travis/build/icyphy/ptII/ptolemy/actor/lib/test/auto/DiscreteClock20.xml
----------------- Instantiating /home/travis/build/icyphy/ptII/ptolemy/actor/lib/test/auto/DiscreteClock20.xml
9 ms. Memory: 1368064K Free: 1245360K (91%)
----------------- Invoking toplevel() on ptolemy.moml.MoMLSimpleApplication@6144c94f
----------------- Done invoking toplevel() on ptolemy.moml.MoMLSimpleApplication@6144c94f
reloadAllAccessors: .DiscreteClock20
----------------- testing Mon May 14 00:48:29 UTC 2018 /home/travis/build/icyphy/ptII/ptolemy/actor/lib/test/auto/DiscreteClock21.xml
----------------- Instantiating /home/travis/build/icyphy/ptII/ptolemy/actor/lib/test/auto/DiscreteClock21.xml
6 ms. Memory: 1368064K Free: 1232888K (90%)
----------------- Invoking toplevel() on ptolemy.moml.MoMLSimpleApplication@16ac92f7
----------------- Done invoking toplevel() on ptolemy.moml.MoMLSimpleApplication@16ac92f7
reloadAllAccessors: .DiscreteClock21
----------------- testing Mon May 14 00:48:29 UTC 2018 /home/travis/build/icyphy/ptII/ptolemy/actor/lib/test/auto/DiscreteClock22.xml
----------------- Instantiating /home/travis/build/icyphy/ptII/ptolemy/actor/lib/test/auto/DiscreteClock22.xml
8 ms. Memory: 1368064K Free: 1209479K (88%)
----------------- Invoking toplevel() on ptolemy.moml.MoMLSimpleApplication@257c25c6
----------------- Done invoking toplevel() on ptolemy.moml.MoMLSimpleApplication@257c25c6
reloadAllAccessors: .DiscreteClock22
----------------- testing Mon May 14 00:48:29 UTC 2018 /home/travis/build/icyphy/ptII/ptolemy/actor/lib/test/auto/DiscreteClock23.xml
----------------- Instantiating /home/travis/build/icyphy/ptII/ptolemy/actor/lib/test/auto/DiscreteClock23.xml
12 ms. Memory: 1368064K Free: 1197007K (87%)
----------------- Invoking toplevel() on ptolemy.moml.MoMLSimpleApplication@204a5af3
----------------- Done invoking toplevel() on ptolemy.moml.MoMLSimpleApplication@204a5af3
reloadAllAccessors: .DiscreteClock23
----------------- testing Mon May 14 00:48:29 UTC 2018 /home/travis/build/icyphy/ptII/ptolemy/actor/lib/test/auto/DiscreteClock24.xml
----------------- Instantiating /home/travis/build/icyphy/ptII/ptolemy/actor/lib/test/auto/DiscreteClock24.xml
6 ms. Memory: 1368064K Free: 1184534K (87%)
----------------- Invoking toplevel() on ptolemy.moml.MoMLSimpleApplication@543fc7a8
----------------- Done invoking toplevel() on ptolemy.moml.MoMLSimpleApplication@543fc7a8
reloadAllAccessors: .DiscreteClock24
----------------- testing Mon May 14 00:48:29 UTC 2018 /home/travis/build/icyphy/ptII/ptolemy/actor/lib/test/auto/DiscreteClock4.xml
----------------- Instantiating /home/travis/build/icyphy/ptII/ptolemy/actor/lib/test/auto/DiscreteClock4.xml
4 ms. Memory: 1368064K Free: 1172062K (86%)
----------------- Invoking toplevel() on ptolemy.moml.MoMLSimpleApplication@ad000bb
----------------- Done invoking toplevel() on ptolemy.moml.MoMLSimpleApplication@ad000bb
reloadAllAccessors: .DiscreteClock4
----------------- testing Mon May 14 00:48:29 UTC 2018 /home/travis/build/icyphy/ptII/ptolemy/actor/lib/test/auto/DiscreteClock5.xml
----------------- Instantiating /home/travis/build/icyphy/ptII/ptolemy/actor/lib/test/auto/DiscreteClock5.xml
4 ms. Memory: 1368064K Free: 1159590K (85%)
----------------- Invoking toplevel() on ptolemy.moml.MoMLSimpleApplication@43709433
----------------- Done invoking toplevel() on ptolemy.moml.MoMLSimpleApplication@43709433
reloadAllAccessors: .DiscreteClock5
----------------- testing Mon May 14 00:48:29 UTC 2018 /home/travis/build/icyphy/ptII/ptolemy/actor/lib/test/auto/DiscreteClock6.xml
----------------- Instantiating /home/travis/build/icyphy/ptII/ptolemy/actor/lib/test/auto/DiscreteClock6.xml
2 ms. Memory: 1368064K Free: 1136181K (83%)
----------------- Invoking toplevel() on ptolemy.moml.MoMLSimpleApplication@75cde53e
----------------- Done invoking toplevel() on ptolemy.moml.MoMLSimpleApplication@75cde53e
reloadAllAccessors: .DiscreteClock6
----------------- testing Mon May 14 00:48:29 UTC 2018 /home/travis/build/icyphy/ptII/ptolemy/actor/lib/test/auto/DiscreteClock7.xml
----------------- Instantiating /home/travis/build/icyphy/ptII/ptolemy/actor/lib/test/auto/DiscreteClock7.xml
1 ms. Memory: 1368064K Free: 1123708K (82%)
----------------- Invoking toplevel() on ptolemy.moml.MoMLSimpleApplication@441d45fe
----------------- Done invoking toplevel() on ptolemy.moml.MoMLSimpleApplication@441d45fe
reloadAllAccessors: .DiscreteClock7
----------------- testing Mon May 14 00:48:29 UTC 2018 /home/travis/build/icyphy/ptII/ptolemy/actor/lib/test/auto/DiscreteClock8.xml
----------------- Instantiating /home/travis/build/icyphy/ptII/ptolemy/actor/lib/test/auto/DiscreteClock8.xml
6 ms. Memory: 1368064K Free: 1111236K (81%)
----------------- Invoking toplevel() on ptolemy.moml.MoMLSimpleApplication@2db9b49d
----------------- Done invoking toplevel() on ptolemy.moml.MoMLSimpleApplication@2db9b49d
reloadAllAccessors: .DiscreteClock8
----------------- testing Mon May 14 00:48:29 UTC 2018 /home/travis/build/icyphy/ptII/ptolemy/actor/lib/test/auto/DiscreteClock9.xml
----------------- Instantiating /home/travis/build/icyphy/ptII/ptolemy/actor/lib/test/auto/DiscreteClock9.xml
6 ms. Memory: 1368064K Free: 1098763K (80%)
----------------- Invoking toplevel() on ptolemy.moml.MoMLSimpleApplication@739f56d2
----------------- Done invoking toplevel() on ptolemy.moml.MoMLSimpleApplication@739f56d2
reloadAllAccessors: .DiscreteClock9
----------------- testing Mon May 14 00:48:29 UTC 2018 /home/travis/build/icyphy/ptII/ptolemy/actor/lib/test/auto/DisplayArray.xml
----------------- Instantiating /home/travis/build/icyphy/ptII/ptolemy/actor/lib/test/auto/DisplayArray.xml
1 ms. Memory: 1368064K Free: 1075355K (79%)
----------------- Invoking toplevel() on ptolemy.moml.MoMLSimpleApplication@fbc2b5b
----------------- Done invoking toplevel() on ptolemy.moml.MoMLSimpleApplication@fbc2b5b
reloadAllAccessors: .DisplayArray
----------------- testing Mon May 14 00:48:29 UTC 2018 /home/travis/build/icyphy/ptII/ptolemy/actor/lib/test/auto/Distributor.xml
----------------- Instantiating /home/travis/build/icyphy/ptII/ptolemy/actor/lib/test/auto/Distributor.xml
2 ms. Memory: 1368064K Free: 1062882K (78%)
----------------- Invoking toplevel() on ptolemy.moml.MoMLSimpleApplication@59a48443
----------------- Done invoking toplevel() on ptolemy.moml.MoMLSimpleApplication@59a48443
reloadAllAccessors: .Distributor
----------------- testing Mon May 14 00:48:29 UTC 2018 /home/travis/build/icyphy/ptII/ptolemy/actor/lib/test/auto/Distributor2.xml
----------------- Instantiating /home/travis/build/icyphy/ptII/ptolemy/actor/lib/test/auto/Distributor2.xml
1 ms. Memory: 1368064K Free: 1050410K (77%)
----------------- Invoking toplevel() on ptolemy.moml.MoMLSimpleApplication@d338d18
----------------- Done invoking toplevel() on ptolemy.moml.MoMLSimpleApplication@d338d18
reloadAllAccessors: .Distributor2
----------------- testing Mon May 14 00:48:29 UTC 2018 /home/travis/build/icyphy/ptII/ptolemy/actor/lib/test/auto/DownSample.xml
----------------- Instantiating /home/travis/build/icyphy/ptII/ptolemy/actor/lib/test/auto/DownSample.xml
2 ms. Memory: 1368064K Free: 1037937K (76%)
----------------- Invoking toplevel() on ptolemy.moml.MoMLSimpleApplication@417765ba
----------------- Done invoking toplevel() on ptolemy.moml.MoMLSimpleApplication@417765ba
reloadAllAccessors: .DownSample
----------------- testing Mon May 14 00:48:29 UTC 2018 /home/travis/build/icyphy/ptII/ptolemy/actor/lib/test/auto/ElectronicUnitBase1.xml
----------------- Instantiating /home/travis/build/icyphy/ptII/ptolemy/actor/lib/test/auto/ElectronicUnitBase1.xml
21 ms. Memory: 1368064K Free: 1012961K (74%)
----------------- Invoking toplevel() on ptolemy.moml.MoMLSimpleApplication@5fd76d97
----------------- Done invoking toplevel() on ptolemy.moml.MoMLSimpleApplication@5fd76d97
reloadAllAccessors: .ElectronicUnitBase1
----------------- testing Mon May 14 00:48:29 UTC 2018 /home/travis/build/icyphy/ptII/ptolemy/actor/lib/test/auto/ElementsToArray.xml
----------------- Instantiating /home/travis/build/icyphy/ptII/ptolemy/actor/lib/test/auto/ElementsToArray.xml
3 ms. Memory: 1368064K Free: 989552K (72%)
----------------- Invoking toplevel() on ptolemy.moml.MoMLSimpleApplication@66614c7d
----------------- Done invoking toplevel() on ptolemy.moml.MoMLSimpleApplication@66614c7d
reloadAllAccessors: .ElementsToArray
----------------- testing Mon May 14 00:48:29 UTC 2018 /home/travis/build/icyphy/ptII/ptolemy/actor/lib/test/auto/Equals.xml
----------------- Instantiating /home/travis/build/icyphy/ptII/ptolemy/actor/lib/test/auto/Equals.xml
3 ms. Memory: 1368064K Free: 977079K (71%)
----------------- Invoking toplevel() on ptolemy.moml.MoMLSimpleApplication@a575d00
----------------- Done invoking toplevel() on ptolemy.moml.MoMLSimpleApplication@a575d00
reloadAllAccessors: .Equals
----------------- testing Mon May 14 00:48:29 UTC 2018 /home/travis/build/icyphy/ptII/ptolemy/actor/lib/test/auto/Exec.xml
----------------- Instantiating /home/travis/build/icyphy/ptII/ptolemy/actor/lib/test/auto/Exec.xml
16 ms. Memory: 1368064K Free: 945898K (69%)
----------------- Invoking toplevel() on ptolemy.moml.MoMLSimpleApplication@bca04e
----------------- Done invoking toplevel() on ptolemy.moml.MoMLSimpleApplication@bca04e
reloadAllAccessors: .Exec
----------------- testing Mon May 14 00:48:29 UTC 2018 /home/travis/build/icyphy/ptII/ptolemy/actor/lib/test/auto/ExecEnvironment.xml
----------------- Instantiating /home/travis/build/icyphy/ptII/ptolemy/actor/lib/test/auto/ExecEnvironment.xml
21 ms. Memory: 1368064K Free: 920953K (67%)
----------------- Invoking toplevel() on ptolemy.moml.MoMLSimpleApplication@13534c02
----------------- Done invoking toplevel() on ptolemy.moml.MoMLSimpleApplication@13534c02
reloadAllAccessors: .ExecEnvironment
----------------- testing Mon May 14 00:48:29 UTC 2018 /home/travis/build/icyphy/ptII/ptolemy/actor/lib/test/auto/ExecNonZeroReturnOutput.xml
----------------- Instantiating /home/travis/build/icyphy/ptII/ptolemy/actor/lib/test/auto/ExecNonZeroReturnOutput.xml
133 ms. Memory: 1368064K Free: 827410K (60%)
----------------- Invoking toplevel() on ptolemy.moml.MoMLSimpleApplication@7a839d53
----------------- Done invoking toplevel() on ptolemy.moml.MoMLSimpleApplication@7a839d53
reloadAllAccessors: .ExecNonZeroReturnOutput
----------------- testing Mon May 14 00:48:30 UTC 2018 /home/travis/build/icyphy/ptII/ptolemy/actor/lib/test/auto/ExecRunDemos.xml
----------------- Instantiating /home/travis/build/icyphy/ptII/ptolemy/actor/lib/test/auto/ExecRunDemos.xml
Finished: 103 ms. Memory: 116224K Free: 100789K (87%)

Finished: 51 ms. Memory: 116224K Free: 98301K (85%)

Finished: 47 ms. Memory: 116224K Free: 98342K (85%)

Finished: 40 ms. Memory: 116224K Free: 99536K (86%)

Finished: 41 ms. Memory: 116224K Free: 100823K (87%)

9540 ms. Memory: 1368064K Free: 729136K (53%)
----------------- Invoking toplevel() on ptolemy.moml.MoMLSimpleApplication@121209be
----------------- Done invoking toplevel() on ptolemy.moml.MoMLSimpleApplication@121209be
reloadAllAccessors: .ExecRunDemos
----------------- testing Mon May 14 00:48:39 UTC 2018 /home/travis/build/icyphy/ptII/ptolemy/actor/lib/test/auto/ExecStop.xml
----------------- Instantiating /home/travis/build/icyphy/ptII/ptolemy/actor/lib/test/auto/ExecStop.xml
5015 ms. Memory: 1368064K Free: 548286K (40%)
----------------- Invoking toplevel() on ptolemy.moml.MoMLSimpleApplication@15ad37ad
----------------- Done invoking toplevel() on ptolemy.moml.MoMLSimpleApplication@15ad37ad
reloadAllAccessors: .ExecStop
----------------- testing Mon May 14 00:48:44 UTC 2018 /home/travis/build/icyphy/ptII/ptolemy/actor/lib/test/auto/ExecutionTimePN.xml
----------------- Instantiating /home/travis/build/icyphy/ptII/ptolemy/actor/lib/test/auto/ExecutionTimePN.xml
2008 ms. Memory: 1368064K Free: 485908K (36%)
----------------- Invoking toplevel() on ptolemy.moml.MoMLSimpleApplication@6b95d8d0
----------------- Done invoking toplevel() on ptolemy.moml.MoMLSimpleApplication@6b95d8d0
reloadAllAccessors: .ExecutionTimePN
----------------- testing Mon May 14 00:48:46 UTC 2018 /home/travis/build/icyphy/ptII/ptolemy/actor/lib/test/auto/ExecutionTimeSDF.xml
----------------- Instantiating /home/travis/build/icyphy/ptII/ptolemy/actor/lib/test/auto/ExecutionTimeSDF.xml
6007 ms. Memory: 1368064K Free: 467192K (34%)
----------------- Invoking toplevel() on ptolemy.moml.MoMLSimpleApplication@318b74ee
----------------- Done invoking toplevel() on ptolemy.moml.MoMLSimpleApplication@318b74ee
reloadAllAccessors: .ExecutionTimeSDF
----------------- testing Mon May 14 00:48:52 UTC 2018 /home/travis/build/icyphy/ptII/ptolemy/actor/lib/test/auto/Expression1.xml
----------------- Instantiating /home/travis/build/icyphy/ptII/ptolemy/actor/lib/test/auto/Expression1.xml
2 ms. Memory: 1368064K Free: 443783K (32%)
----------------- Invoking toplevel() on ptolemy.moml.MoMLSimpleApplication@470655e4
----------------- Done invoking toplevel() on ptolemy.moml.MoMLSimpleApplication@470655e4
reloadAllAccessors: .Expression1
----------------- testing Mon May 14 00:48:52 UTC 2018 /home/travis/build/icyphy/ptII/ptolemy/actor/lib/test/auto/Expression10.xml
----------------- Instantiating /home/travis/build/icyphy/ptII/ptolemy/actor/lib/test/auto/Expression10.xml
5 ms. Memory: 1368064K Free: 431311K (32%)
----------------- Invoking toplevel() on ptolemy.moml.MoMLSimpleApplication@397a0462
----------------- Done invoking toplevel() on ptolemy.moml.MoMLSimpleApplication@397a0462
reloadAllAccessors: .Expression10
----------------- testing Mon May 14 00:48:52 UTC 2018 /home/travis/build/icyphy/ptII/ptolemy/actor/lib/test/auto/Expression11.xml
----------------- Instantiating /home/travis/build/icyphy/ptII/ptolemy/actor/lib/test/auto/Expression11.xml
2 ms. Memory: 1368064K Free: 418838K (31%)
----------------- Invoking toplevel() on ptolemy.moml.MoMLSimpleApplication@687010e6
----------------- Done invoking toplevel() on ptolemy.moml.MoMLSimpleApplication@687010e6
reloadAllAccessors: .Expression11
----------------- testing Mon May 14 00:48:52 UTC 2018 /home/travis/build/icyphy/ptII/ptolemy/actor/lib/test/auto/Expression12.xml
----------------- Instantiating /home/travis/build/icyphy/ptII/ptolemy/actor/lib/test/auto/Expression12.xml
3 ms. Memory: 1368064K Free: 406366K (30%)
----------------- Invoking toplevel() on ptolemy.moml.MoMLSimpleApplication@5f0a7e52
----------------- Done invoking toplevel() on ptolemy.moml.MoMLSimpleApplication@5f0a7e52
reloadAllAccessors: .Expression12
----------------- testing Mon May 14 00:48:52 UTC 2018 /home/travis/build/icyphy/ptII/ptolemy/actor/lib/test/auto/Expression13.xml
----------------- Instantiating /home/travis/build/icyphy/ptII/ptolemy/actor/lib/test/auto/Expression13.xml
3 ms. Memory: 1368064K Free: 393893K (29%)
----------------- Invoking toplevel() on ptolemy.moml.MoMLSimpleApplication@3654ce13
----------------- Done invoking toplevel() on ptolemy.moml.MoMLSimpleApplication@3654ce13
reloadAllAccessors: .Expression13
----------------- testing Mon May 14 00:48:52 UTC 2018 /home/travis/build/icyphy/ptII/ptolemy/actor/lib/test/auto/Expression14.xml
----------------- Instantiating /home/travis/build/icyphy/ptII/ptolemy/actor/lib/test/auto/Expression14.xml
4 ms. Memory: 1368064K Free: 370485K (27%)
----------------- Invoking toplevel() on ptolemy.moml.MoMLSimpleApplication@197b201
----------------- Done invoking toplevel() on ptolemy.moml.MoMLSimpleApplication@197b201
reloadAllAccessors: .Expression14
----------------- testing Mon May 14 00:48:52 UTC 2018 /home/travis/build/icyphy/ptII/ptolemy/actor/lib/test/auto/Expression15.xml
----------------- Instantiating /home/travis/build/icyphy/ptII/ptolemy/actor/lib/test/auto/Expression15.xml
2 ms. Memory: 1368064K Free: 358012K (26%)
----------------- Invoking toplevel() on ptolemy.moml.MoMLSimpleApplication@153f6bb9
----------------- Done invoking toplevel() on ptolemy.moml.MoMLSimpleApplication@153f6bb9
reloadAllAccessors: .Expression15
----------------- testing Mon May 14 00:48:52 UTC 2018 /home/travis/build/icyphy/ptII/ptolemy/actor/lib/test/auto/Expression16.xml
----------------- Instantiating /home/travis/build/icyphy/ptII/ptolemy/actor/lib/test/auto/Expression16.xml
2 ms. Memory: 1368064K Free: 345540K (25%)
----------------- Invoking toplevel() on ptolemy.moml.MoMLSimpleApplication@5d775e91
----------------- Done invoking toplevel() on ptolemy.moml.MoMLSimpleApplication@5d775e91
reloadAllAccessors: .Expression16
----------------- testing Mon May 14 00:48:52 UTC 2018 /home/travis/build/icyphy/ptII/ptolemy/actor/lib/test/auto/Expression17.xml
----------------- Instantiating /home/travis/build/icyphy/ptII/ptolemy/actor/lib/test/auto/Expression17.xml
2 ms. Memory: 1368064K Free: 324960K (24%)
----------------- Invoking toplevel() on ptolemy.moml.MoMLSimpleApplication@5e343f69
----------------- Done invoking toplevel() on ptolemy.moml.MoMLSimpleApplication@5e343f69
reloadAllAccessors: .Expression17
----------------- testing Mon May 14 00:48:52 UTC 2018 /home/travis/build/icyphy/ptII/ptolemy/actor/lib/test/auto/Expression18.xml
----------------- Instantiating /home/travis/build/icyphy/ptII/ptolemy/actor/lib/test/auto/Expression18.xml
2 ms. Memory: 1368064K Free: 312488K (23%)
----------------- Invoking toplevel() on ptolemy.moml.MoMLSimpleApplication@67a3f8b1
----------------- Done invoking toplevel() on ptolemy.moml.MoMLSimpleApplication@67a3f8b1
reloadAllAccessors: .Expression18
----------------- testing Mon May 14 00:48:52 UTC 2018 /home/travis/build/icyphy/ptII/ptolemy/actor/lib/test/auto/Expression2.xml
----------------- Instantiating /home/travis/build/icyphy/ptII/ptolemy/actor/lib/test/auto/Expression2.xml
4 ms. Memory: 1368064K Free: 289079K (21%)
----------------- Invoking toplevel() on ptolemy.moml.MoMLSimpleApplication@7d8df085
----------------- Done invoking toplevel() on ptolemy.moml.MoMLSimpleApplication@7d8df085
reloadAllAccessors: .Expression2
----------------- testing Mon May 14 00:48:53 UTC 2018 /home/travis/build/icyphy/ptII/ptolemy/actor/lib/test/auto/Expression3.xml
----------------- Instantiating /home/travis/build/icyphy/ptII/ptolemy/actor/lib/test/auto/Expression3.xml
4 ms. Memory: 1368064K Free: 276607K (20%)
----------------- Invoking toplevel() on ptolemy.moml.MoMLSimpleApplication@7c6a3d29
----------------- Done invoking toplevel() on ptolemy.moml.MoMLSimpleApplication@7c6a3d29
reloadAllAccessors: .Expression3
----------------- testing Mon May 14 00:48:53 UTC 2018 /home/travis/build/icyphy/ptII/ptolemy/actor/lib/test/auto/Expression4.xml
----------------- Instantiating /home/travis/build/icyphy/ptII/ptolemy/actor/lib/test/auto/Expression4.xml
5 ms. Memory: 1368064K Free: 264134K (19%)
----------------- Invoking toplevel() on ptolemy.moml.MoMLSimpleApplication@27fb9248
----------------- Done invoking toplevel() on ptolemy.moml.MoMLSimpleApplication@27fb9248
reloadAllAccessors: .Expression4
----------------- testing Mon May 14 00:48:53 UTC 2018 /home/travis/build/icyphy/ptII/ptolemy/actor/lib/test/auto/Expression5.xml
----------------- Instantiating /home/travis/build/icyphy/ptII/ptolemy/actor/lib/test/auto/Expression5.xml
8 ms. Memory: 1368064K Free: 251662K (18%)
----------------- Invoking toplevel() on ptolemy.moml.MoMLSimpleApplication@1d53f1e9
----------------- Done invoking toplevel() on ptolemy.moml.MoMLSimpleApplication@1d53f1e9
reloadAllAccessors: .Expression5
----------------- testing Mon May 14 00:48:53 UTC 2018 /home/travis/build/icyphy/ptII/ptolemy/actor/lib/test/auto/Expression6.xml
----------------- Instantiating /home/travis/build/icyphy/ptII/ptolemy/actor/lib/test/auto/Expression6.xml
3 ms. Memory: 1368064K Free: 239190K (17%)
----------------- Invoking toplevel() on ptolemy.moml.MoMLSimpleApplication@4b0895aa
----------------- Done invoking toplevel() on ptolemy.moml.MoMLSimpleApplication@4b0895aa
reloadAllAccessors: .Expression6
----------------- testing Mon May 14 00:48:53 UTC 2018 /home/travis/build/icyphy/ptII/ptolemy/actor/lib/test/auto/Expression7.xml
----------------- Instantiating /home/travis/build/icyphy/ptII/ptolemy/actor/lib/test/auto/Expression7.xml
2 ms. Memory: 1368064K Free: 215781K (16%)
----------------- Invoking toplevel() on ptolemy.moml.MoMLSimpleApplication@701ef9b9
----------------- Done invoking toplevel() on ptolemy.moml.MoMLSimpleApplication@701ef9b9
reloadAllAccessors: .Expression7
----------------- testing Mon May 14 00:48:53 UTC 2018 /home/travis/build/icyphy/ptII/ptolemy/actor/lib/test/auto/Expression8.xml
----------------- Instantiating /home/travis/build/icyphy/ptII/ptolemy/actor/lib/test/auto/Expression8.xml
8 ms. Memory: 1368064K Free: 203308K (15%)
----------------- Invoking toplevel() on ptolemy.moml.MoMLSimpleApplication@52ffeedf
----------------- Done invoking toplevel() on ptolemy.moml.MoMLSimpleApplication@52ffeedf
reloadAllAccessors: .Expression8
----------------- testing Mon May 14 00:48:53 UTC 2018 /home/travis/build/icyphy/ptII/ptolemy/actor/lib/test/auto/Expression9.xml
----------------- Instantiating /home/travis/build/icyphy/ptII/ptolemy/actor/lib/test/auto/Expression9.xml
2 ms. Memory: 1368064K Free: 190836K (14%)
----------------- Invoking toplevel() on ptolemy.moml.MoMLSimpleApplication@22fbffa
----------------- Done invoking toplevel() on ptolemy.moml.MoMLSimpleApplication@22fbffa
reloadAllAccessors: .Expression9
----------------- testing Mon May 14 00:48:53 UTC 2018 /home/travis/build/icyphy/ptII/ptolemy/actor/lib/test/auto/ExpressionConcatenateArrayType.xml
----------------- Instantiating /home/travis/build/icyphy/ptII/ptolemy/actor/lib/test/auto/ExpressionConcatenateArrayType.xml
3 ms. Memory: 1368064K Free: 178363K (13%)
----------------- Invoking toplevel() on ptolemy.moml.MoMLSimpleApplication@5c7d53c4
----------------- Done invoking toplevel() on ptolemy.moml.MoMLSimpleApplication@5c7d53c4
reloadAllAccessors: .ExpressionConcatenateArrayType
----------------- testing Mon May 14 00:48:53 UTC 2018 /home/travis/build/icyphy/ptII/ptolemy/actor/lib/test/auto/ExpressionConcatenateArrayType2.xml
----------------- Instantiating /home/travis/build/icyphy/ptII/ptolemy/actor/lib/test/auto/ExpressionConcatenateArrayType2.xml
2 ms. Memory: 1368064K Free: 165891K (12%)
----------------- Invoking toplevel() on ptolemy.moml.MoMLSimpleApplication@24b03003
----------------- Done invoking toplevel() on ptolemy.moml.MoMLSimpleApplication@24b03003
reloadAllAccessors: .ExpressionConcatenateArrayType2
----------------- testing Mon May 14 00:48:53 UTC 2018 /home/travis/build/icyphy/ptII/ptolemy/actor/lib/test/auto/ExpressionFix.xml
----------------- Instantiating /home/travis/build/icyphy/ptII/ptolemy/actor/lib/test/auto/ExpressionFix.xml
20 ms. Memory: 1368064K Free: 142482K (10%)
----------------- Invoking toplevel() on ptolemy.moml.MoMLSimpleApplication@74f19515
----------------- Done invoking toplevel() on ptolemy.moml.MoMLSimpleApplication@74f19515
reloadAllAccessors: .ExpressionFix
----------------- testing Mon May 14 00:48:53 UTC 2018 /home/travis/build/icyphy/ptII/ptolemy/actor/lib/test/auto/ExpressionFix2.xml
----------------- Instantiating /home/travis/build/icyphy/ptII/ptolemy/actor/lib/test/auto/ExpressionFix2.xml
4 ms. Memory: 1368064K Free: 130010K (10%)
----------------- Invoking toplevel() on ptolemy.moml.MoMLSimpleApplication@1b945644
----------------- Done invoking toplevel() on ptolemy.moml.MoMLSimpleApplication@1b945644
reloadAllAccessors: .ExpressionFix2
----------------- testing Mon May 14 00:48:53 UTC 2018 /home/travis/build/icyphy/ptII/ptolemy/actor/lib/test/auto/ExpressionFix3.xml
----------------- Instantiating /home/travis/build/icyphy/ptII/ptolemy/actor/lib/test/auto/ExpressionFix3.xml
3 ms. Memory: 1368064K Free: 117537K (9%)
----------------- Invoking toplevel() on ptolemy.moml.MoMLSimpleApplication@cdf56da
----------------- Done invoking toplevel() on ptolemy.moml.MoMLSimpleApplication@cdf56da
reloadAllAccessors: .ExpressionFix3
----------------- testing Mon May 14 00:48:53 UTC 2018 /home/travis/build/icyphy/ptII/ptolemy/actor/lib/test/auto/FileWriter1.xml
----------------- Instantiating /home/travis/build/icyphy/ptII/ptolemy/actor/lib/test/auto/FileWriter1.xml
2 ms. Memory: 1368064K Free: 105065K (8%)
----------------- Invoking toplevel() on ptolemy.moml.MoMLSimpleApplication@64320e21
----------------- Done invoking toplevel() on ptolemy.moml.MoMLSimpleApplication@64320e21
reloadAllAccessors: .FileWriter1
----------------- testing Mon May 14 00:48:53 UTC 2018 /home/travis/build/icyphy/ptII/ptolemy/actor/lib/test/auto/FileWriter2.xml
----------------- Instantiating /home/travis/build/icyphy/ptII/ptolemy/actor/lib/test/auto/FileWriter2.xml
5 ms. Memory: 1368064K Free: 92592K (7%)
----------------- Invoking toplevel() on ptolemy.moml.MoMLSimpleApplication@7abbde09
----------------- Done invoking toplevel() on ptolemy.moml.MoMLSimpleApplication@7abbde09
reloadAllAccessors: .FileWriter2
----------------- testing Mon May 14 00:48:53 UTC 2018 /home/travis/build/icyphy/ptII/ptolemy/actor/lib/test/auto/FileWriter3.xml
----------------- Instantiating /home/travis/build/icyphy/ptII/ptolemy/actor/lib/test/auto/FileWriter3.xml
2 ms. Memory: 1368064K Free: 1315720K (96%)
----------------- Invoking toplevel() on ptolemy.moml.MoMLSimpleApplication@74648ce8
----------------- Done invoking toplevel() on ptolemy.moml.MoMLSimpleApplication@74648ce8
reloadAllAccessors: .FileWriter3
----------------- testing Mon May 14 00:48:53 UTC 2018 /home/travis/build/icyphy/ptII/ptolemy/actor/lib/test/auto/Gaussian.xml
----------------- Instantiating /home/travis/build/icyphy/ptII/ptolemy/actor/lib/test/auto/Gaussian.xml
2 ms. Memory: 1368064K Free: 1295297K (95%)
----------------- Invoking toplevel() on ptolemy.moml.MoMLSimpleApplication@16b8c2d7
----------------- Done invoking toplevel() on ptolemy.moml.MoMLSimpleApplication@16b8c2d7
reloadAllAccessors: .Gaussian
----------------- testing Mon May 14 00:48:53 UTC 2018 /home/travis/build/icyphy/ptII/ptolemy/actor/lib/test/auto/Gaussian1.xml
----------------- Instantiating /home/travis/build/icyphy/ptII/ptolemy/actor/lib/test/auto/Gaussian1.xml
5 ms. Memory: 1368064K Free: 1282825K (94%)
----------------- Invoking toplevel() on ptolemy.moml.MoMLSimpleApplication@867b38d
----------------- Done invoking toplevel() on ptolemy.moml.MoMLSimpleApplication@867b38d
reloadAllAccessors: .Gaussian1
----------------- testing Mon May 14 00:48:53 UTC 2018 /home/travis/build/icyphy/ptII/ptolemy/actor/lib/test/auto/Gaussian2.xml
----------------- Instantiating /home/travis/build/icyphy/ptII/ptolemy/actor/lib/test/auto/Gaussian2.xml
6 ms. Memory: 1368064K Free: 1270352K (93%)
----------------- Invoking toplevel() on ptolemy.moml.MoMLSimpleApplication@7b64ad9a
----------------- Done invoking toplevel() on ptolemy.moml.MoMLSimpleApplication@7b64ad9a
reloadAllAccessors: .Gaussian2
----------------- testing Mon May 14 00:48:53 UTC 2018 /home/travis/build/icyphy/ptII/ptolemy/actor/lib/test/auto/GradientAdaptiveLattice.xml
----------------- Instantiating /home/travis/build/icyphy/ptII/ptolemy/actor/lib/test/auto/GradientAdaptiveLattice.xml
6 ms. Memory: 1368064K Free: 1249929K (91%)
----------------- Invoking toplevel() on ptolemy.moml.MoMLSimpleApplication@7d1480df
----------------- Done invoking toplevel() on ptolemy.moml.MoMLSimpleApplication@7d1480df
reloadAllAccessors: .GradientAdaptiveLattice
----------------- testing Mon May 14 00:48:53 UTC 2018 /home/travis/build/icyphy/ptII/ptolemy/actor/lib/test/auto/IIR.xml
----------------- Instantiating /home/travis/build/icyphy/ptII/ptolemy/actor/lib/test/auto/IIR.xml
1 ms. Memory: 1368064K Free: 1237457K (90%)
----------------- Invoking toplevel() on ptolemy.moml.MoMLSimpleApplication@57e0c2a7
----------------- Done invoking toplevel() on ptolemy.moml.MoMLSimpleApplication@57e0c2a7
reloadAllAccessors: .IIR
----------------- testing Mon May 14 00:48:53 UTC 2018 /home/travis/build/icyphy/ptII/ptolemy/actor/lib/test/auto/InputOutputTransparentPorts.xml
----------------- Instantiating /home/travis/build/icyphy/ptII/ptolemy/actor/lib/test/auto/InputOutputTransparentPorts.xml
2 ms. Memory: 1368064K Free: 1224984K (90%)
----------------- Invoking toplevel() on ptolemy.moml.MoMLSimpleApplication@1c00b1ce
----------------- Done invoking toplevel() on ptolemy.moml.MoMLSimpleApplication@1c00b1ce
reloadAllAccessors: .InputOutputTransparentPorts
----------------- testing Mon May 14 00:48:53 UTC 2018 /home/travis/build/icyphy/ptII/ptolemy/actor/lib/test/auto/Interpolator.xml
----------------- Instantiating /home/travis/build/icyphy/ptII/ptolemy/actor/lib/test/auto/Interpolator.xml
4 ms. Memory: 1368064K Free: 1204561K (88%)
----------------- Invoking toplevel() on ptolemy.moml.MoMLSimpleApplication@4bd99bfb
----------------- Done invoking toplevel() on ptolemy.moml.MoMLSimpleApplication@4bd99bfb
reloadAllAccessors: .Interpolator
----------------- testing Mon May 14 00:48:53 UTC 2018 /home/travis/build/icyphy/ptII/ptolemy/actor/lib/test/auto/InterpolatorFiringLimitDE.xml
----------------- Instantiating /home/travis/build/icyphy/ptII/ptolemy/actor/lib/test/auto/InterpolatorFiringLimitDE.xml
3 ms. Memory: 1368064K Free: 1192088K (87%)
----------------- Invoking toplevel() on ptolemy.moml.MoMLSimpleApplication@3dc7b0f5
----------------- Done invoking toplevel() on ptolemy.moml.MoMLSimpleApplication@3dc7b0f5
reloadAllAccessors: .InterpolatorFiringLimitDE
----------------- testing Mon May 14 00:48:53 UTC 2018 /home/travis/build/icyphy/ptII/ptolemy/actor/lib/test/auto/Lattice.xml
----------------- Instantiating /home/travis/build/icyphy/ptII/ptolemy/actor/lib/test/auto/Lattice.xml
1 ms. Memory: 1368064K Free: 1179616K (86%)
----------------- Invoking toplevel() on ptolemy.moml.MoMLSimpleApplication@7b50d875
----------------- Done invoking toplevel() on ptolemy.moml.MoMLSimpleApplication@7b50d875
reloadAllAccessors: .Lattice
----------------- testing Mon May 14 00:48:53 UTC 2018 /home/travis/build/icyphy/ptII/ptolemy/actor/lib/test/auto/LazyAOCTestLazy.xml
----------------- Instantiating /home/travis/build/icyphy/ptII/ptolemy/actor/lib/test/auto/LazyAOCTestLazy.xml
9 ms. Memory: 1368064K Free: 1167144K (85%)
----------------- Invoking toplevel() on ptolemy.moml.MoMLSimpleApplication@16cb6936
----------------- Done invoking toplevel() on ptolemy.moml.MoMLSimpleApplication@16cb6936
reloadAllAccessors: .LazyAOCTestLazy
----------------- testing Mon May 14 00:48:53 UTC 2018 /home/travis/build/icyphy/ptII/ptolemy/actor/lib/test/auto/LazyAOCTestNonLazy.xml
----------------- Instantiating /home/travis/build/icyphy/ptII/ptolemy/actor/lib/test/auto/LazyAOCTestNonLazy.xml
9 ms. Memory: 1368064K Free: 1146720K (84%)
----------------- Invoking toplevel() on ptolemy.moml.MoMLSimpleApplication@24d02b64
----------------- Done invoking toplevel() on ptolemy.moml.MoMLSimpleApplication@24d02b64
reloadAllAccessors: .LazyAOCTestNonLazy
----------------- testing Mon May 14 00:48:53 UTC 2018 /home/travis/build/icyphy/ptII/ptolemy/actor/lib/test/auto/LazyInnerClass.xml
----------------- Instantiating /home/travis/build/icyphy/ptII/ptolemy/actor/lib/test/auto/LazyInnerClass.xml
9 ms. Memory: 1368064K Free: 1134248K (83%)
----------------- Invoking toplevel() on ptolemy.moml.MoMLSimpleApplication@24598bc7
----------------- Done invoking toplevel() on ptolemy.moml.MoMLSimpleApplication@24598bc7
reloadAllAccessors: .LazyInnerClass
----------------- testing Mon May 14 00:48:53 UTC 2018 /home/travis/build/icyphy/ptII/ptolemy/actor/lib/test/auto/LazyPubSub.xml
----------------- Instantiating /home/travis/build/icyphy/ptII/ptolemy/actor/lib/test/auto/LazyPubSub.xml
17 ms. Memory: 1368064K Free: 1121775K (82%)
----------------- Invoking toplevel() on ptolemy.moml.MoMLSimpleApplication@2fa87d27
----------------- Done invoking toplevel() on ptolemy.moml.MoMLSimpleApplication@2fa87d27
reloadAllAccessors: .LazyPubSub
----------------- testing Mon May 14 00:48:53 UTC 2018 /home/travis/build/icyphy/ptII/ptolemy/actor/lib/test/auto/LazyPubSub2.xml
----------------- Instantiating /home/travis/build/icyphy/ptII/ptolemy/actor/lib/test/auto/LazyPubSub2.xml
19 ms. Memory: 1368064K Free: 1101352K (81%)
----------------- Invoking toplevel() on ptolemy.moml.MoMLSimpleApplication@72ea06fc
----------------- Done invoking toplevel() on ptolemy.moml.MoMLSimpleApplication@72ea06fc
reloadAllAccessors: .LazyPubSub2
----------------- testing Mon May 14 00:48:53 UTC 2018 /home/travis/build/icyphy/ptII/ptolemy/actor/lib/test/auto/LazyPubSub3.xml
----------------- Instantiating /home/travis/build/icyphy/ptII/ptolemy/actor/lib/test/auto/LazyPubSub3.xml
22 ms. Memory: 1368064K Free: 1088770K (80%)
----------------- Invoking toplevel() on ptolemy.moml.MoMLSimpleApplication@44a14079
----------------- Done invoking toplevel() on ptolemy.moml.MoMLSimpleApplication@44a14079
reloadAllAccessors: .LazyPubSub3
----------------- testing Mon May 14 00:48:53 UTC 2018 /home/travis/build/icyphy/ptII/ptolemy/actor/lib/test/auto/LazySubClassModel.xml
----------------- Instantiating /home/travis/build/icyphy/ptII/ptolemy/actor/lib/test/auto/LazySubClassModel.xml
2 ms. Memory: 1368064K Free: 1070054K (78%)
----------------- Invoking toplevel() on ptolemy.moml.MoMLSimpleApplication@20d3e084
----------------- Done invoking toplevel() on ptolemy.moml.MoMLSimpleApplication@20d3e084
reloadAllAccessors: .LazySubClassModel
----------------- testing Mon May 14 00:48:53 UTC 2018 /home/travis/build/icyphy/ptII/ptolemy/actor/lib/test/auto/LevelCrossTest1.xml
----------------- Instantiating /home/travis/build/icyphy/ptII/ptolemy/actor/lib/test/auto/LevelCrossTest1.xml
1 ms. Memory: 1368064K Free: 1057581K (77%)
----------------- Invoking toplevel() on ptolemy.moml.MoMLSimpleApplication@4340960b
----------------- Done invoking toplevel() on ptolemy.moml.MoMLSimpleApplication@4340960b
reloadAllAccessors: .broken
----------------- testing Mon May 14 00:48:53 UTC 2018 /home/travis/build/icyphy/ptII/ptolemy/actor/lib/test/auto/LevelCrossTest10.xml
----------------- Instantiating /home/travis/build/icyphy/ptII/ptolemy/actor/lib/test/auto/LevelCrossTest10.xml
1 ms. Memory: 1368064K Free: 1037158K (76%)
----------------- Invoking toplevel() on ptolemy.moml.MoMLSimpleApplication@5b570079
----------------- Done invoking toplevel() on ptolemy.moml.MoMLSimpleApplication@5b570079
reloadAllAccessors: .LevelCrossTest10
----------------- testing Mon May 14 00:48:53 UTC 2018 /home/travis/build/icyphy/ptII/ptolemy/actor/lib/test/auto/LevelCrossTest11.xml
----------------- Instantiating /home/travis/build/icyphy/ptII/ptolemy/actor/lib/test/auto/LevelCrossTest11.xml
2 ms. Memory: 1368064K Free: 1024686K (75%)
----------------- Invoking toplevel() on ptolemy.moml.MoMLSimpleApplication@59a81bf6
----------------- Done invoking toplevel() on ptolemy.moml.MoMLSimpleApplication@59a81bf6
reloadAllAccessors: .LevelCrossTest11
----------------- testing Mon May 14 00:48:53 UTC 2018 /home/travis/build/icyphy/ptII/ptolemy/actor/lib/test/auto/LevelCrossTest12.xml
----------------- Instantiating /home/travis/build/icyphy/ptII/ptolemy/actor/lib/test/auto/LevelCrossTest12.xml
1 ms. Memory: 1368064K Free: 1012213K (74%)
----------------- Invoking toplevel() on ptolemy.moml.MoMLSimpleApplication@28aa4210
----------------- Done invoking toplevel() on ptolemy.moml.MoMLSimpleApplication@28aa4210
reloadAllAccessors: .LevelCrossTest12
----------------- testing Mon May 14 00:48:53 UTC 2018 /home/travis/build/icyphy/ptII/ptolemy/actor/lib/test/auto/LevelCrossTest13.xml
----------------- Instantiating /home/travis/build/icyphy/ptII/ptolemy/actor/lib/test/auto/LevelCrossTest13.xml
1 ms. Memory: 1368064K Free: 985538K (72%)
----------------- Invoking toplevel() on ptolemy.moml.MoMLSimpleApplication@5a4858c1
----------------- Done invoking toplevel() on ptolemy.moml.MoMLSimpleApplication@5a4858c1
reloadAllAccessors: .LevelCrossTest13
----------------- testing Mon May 14 00:48:53 UTC 2018 /home/travis/build/icyphy/ptII/ptolemy/actor/lib/test/auto/LevelCrossTest2.xml
----------------- Instantiating /home/travis/build/icyphy/ptII/ptolemy/actor/lib/test/auto/LevelCrossTest2.xml
1 ms. Memory: 1368064K Free: 973066K (71%)
----------------- Invoking toplevel() on ptolemy.moml.MoMLSimpleApplication@1772b504
----------------- Done invoking toplevel() on ptolemy.moml.MoMLSimpleApplication@1772b504
reloadAllAccessors: .broken
----------------- testing Mon May 14 00:48:54 UTC 2018 /home/travis/build/icyphy/ptII/ptolemy/actor/lib/test/auto/LevelCrossTest3.xml
----------------- Instantiating /home/travis/build/icyphy/ptII/ptolemy/actor/lib/test/auto/LevelCrossTest3.xml
1 ms. Memory: 1368064K Free: 960593K (70%)
----------------- Invoking toplevel() on ptolemy.moml.MoMLSimpleApplication@64286e43
----------------- Done invoking toplevel() on ptolemy.moml.MoMLSimpleApplication@64286e43
reloadAllAccessors: .LevelCrossTest3
----------------- testing Mon May 14 00:48:54 UTC 2018 /home/travis/build/icyphy/ptII/ptolemy/actor/lib/test/auto/LevelCrossTest4.xml
----------------- Instantiating /home/travis/build/icyphy/ptII/ptolemy/actor/lib/test/auto/LevelCrossTest4.xml
1 ms. Memory: 1368064K Free: 948121K (69%)
----------------- Invoking toplevel() on ptolemy.moml.MoMLSimpleApplication@783e8cb0
----------------- Done invoking toplevel() on ptolemy.moml.MoMLSimpleApplication@783e8cb0
reloadAllAccessors: .broken
----------------- testing Mon May 14 00:48:54 UTC 2018 /home/travis/build/icyphy/ptII/ptolemy/actor/lib/test/auto/LevelCrossTest5.xml
----------------- Instantiating /home/travis/build/icyphy/ptII/ptolemy/actor/lib/test/auto/LevelCrossTest5.xml
1 ms. Memory: 1368064K Free: 927698K (68%)
----------------- Invoking toplevel() on ptolemy.moml.MoMLSimpleApplication@3d6af1f4
----------------- Done invoking toplevel() on ptolemy.moml.MoMLSimpleApplication@3d6af1f4
reloadAllAccessors: .LevelCrossTest5
----------------- testing Mon May 14 00:48:54 UTC 2018 /home/travis/build/icyphy/ptII/ptolemy/actor/lib/test/auto/LevelCrossTest6.xml
----------------- Instantiating /home/travis/build/icyphy/ptII/ptolemy/actor/lib/test/auto/LevelCrossTest6.xml
1 ms. Memory: 1368064K Free: 915225K (67%)
----------------- Invoking toplevel() on ptolemy.moml.MoMLSimpleApplication@4bccd135
----------------- Done invoking toplevel() on ptolemy.moml.MoMLSimpleApplication@4bccd135
reloadAllAccessors: .LevelCrossTest6
----------------- testing Mon May 14 00:48:54 UTC 2018 /home/travis/build/icyphy/ptII/ptolemy/actor/lib/test/auto/LevelCrossTest7.xml
----------------- Instantiating /home/travis/build/icyphy/ptII/ptolemy/actor/lib/test/auto/LevelCrossTest7.xml
1 ms. Memory: 1368064K Free: 902753K (66%)
----------------- Invoking toplevel() on ptolemy.moml.MoMLSimpleApplication@3ffa405
----------------- Done invoking toplevel() on ptolemy.moml.MoMLSimpleApplication@3ffa405
reloadAllAccessors: .LevelCrossTest7
----------------- testing Mon May 14 00:48:54 UTC 2018 /home/travis/build/icyphy/ptII/ptolemy/actor/lib/test/auto/LevelCrossTest8.xml
----------------- Instantiating /home/travis/build/icyphy/ptII/ptolemy/actor/lib/test/auto/LevelCrossTest8.xml
1 ms. Memory: 1368064K Free: 882330K (64%)
----------------- Invoking toplevel() on ptolemy.moml.MoMLSimpleApplication@fbfcfbc
----------------- Done invoking toplevel() on ptolemy.moml.MoMLSimpleApplication@fbfcfbc
reloadAllAccessors: .LevelCrossTest8
----------------- testing Mon May 14 00:48:54 UTC 2018 /home/travis/build/icyphy/ptII/ptolemy/actor/lib/test/auto/LevelCrossTest9.xml
----------------- Instantiating /home/travis/build/icyphy/ptII/ptolemy/actor/lib/test/auto/LevelCrossTest9.xml
1 ms. Memory: 1368064K Free: 869857K (64%)
----------------- Invoking toplevel() on ptolemy.moml.MoMLSimpleApplication@5e85e168
----------------- Done invoking toplevel() on ptolemy.moml.MoMLSimpleApplication@5e85e168
reloadAllAccessors: .LevelCrossTest9
----------------- testing Mon May 14 00:48:54 UTC 2018 /home/travis/build/icyphy/ptII/ptolemy/actor/lib/test/auto/LevinsonDurbin.xml
----------------- Instantiating /home/travis/build/icyphy/ptII/ptolemy/actor/lib/test/auto/LevinsonDurbin.xml
1 ms. Memory: 1368064K Free: 857385K (63%)
----------------- Invoking toplevel() on ptolemy.moml.MoMLSimpleApplication@36718f34
----------------- Done invoking toplevel() on ptolemy.moml.MoMLSimpleApplication@36718f34
reloadAllAccessors: .LevinsonDurbin
----------------- testing Mon May 14 00:48:54 UTC 2018 /home/travis/build/icyphy/ptII/ptolemy/actor/lib/test/auto/LevinsonDurbin2.xml
----------------- Instantiating /home/travis/build/icyphy/ptII/ptolemy/actor/lib/test/auto/LevinsonDurbin2.xml
1 ms. Memory: 1368064K Free: 844913K (62%)
----------------- Invoking toplevel() on ptolemy.moml.MoMLSimpleApplication@ff3eb7c
----------------- Done invoking toplevel() on ptolemy.moml.MoMLSimpleApplication@ff3eb7c
reloadAllAccessors: .LevinsonDurbin2
----------------- testing Mon May 14 00:48:54 UTC 2018 /home/travis/build/icyphy/ptII/ptolemy/actor/lib/test/auto/LevinsonDurbin3.xml
----------------- Instantiating /home/travis/build/icyphy/ptII/ptolemy/actor/lib/test/auto/LevinsonDurbin3.xml
1 ms. Memory: 1368064K Free: 824489K (60%)
----------------- Invoking toplevel() on ptolemy.moml.MoMLSimpleApplication@3b035685
----------------- Done invoking toplevel() on ptolemy.moml.MoMLSimpleApplication@3b035685
reloadAllAccessors: .LevinsonDurbin3
----------------- testing Mon May 14 00:48:54 UTC 2018 /home/travis/build/icyphy/ptII/ptolemy/actor/lib/test/auto/Limiter.xml
----------------- Instantiating /home/travis/build/icyphy/ptII/ptolemy/actor/lib/test/auto/Limiter.xml
4 ms. Memory: 1368064K Free: 805780K (59%)
----------------- Invoking toplevel() on ptolemy.moml.MoMLSimpleApplication@cb34c70
----------------- Done invoking toplevel() on ptolemy.moml.MoMLSimpleApplication@cb34c70
reloadAllAccessors: .Limiter
----------------- testing Mon May 14 00:48:54 UTC 2018 /home/travis/build/icyphy/ptII/ptolemy/actor/lib/test/auto/LinearDifferenceEquationSystem.xml
----------------- Instantiating /home/travis/build/icyphy/ptII/ptolemy/actor/lib/test/auto/LinearDifferenceEquationSystem.xml
3 ms. Memory: 1368064K Free: 793308K (58%)
----------------- Invoking toplevel() on ptolemy.moml.MoMLSimpleApplication@15174a58
----------------- Done invoking toplevel() on ptolemy.moml.MoMLSimpleApplication@15174a58
reloadAllAccessors: .LinearDifferenceEquationSystem
----------------- testing Mon May 14 00:48:54 UTC 2018 /home/travis/build/icyphy/ptII/ptolemy/actor/lib/test/auto/LookupTable.xml
----------------- Instantiating /home/travis/build/icyphy/ptII/ptolemy/actor/lib/test/auto/LookupTable.xml
1 ms. Memory: 1368064K Free: 772885K (56%)
----------------- Invoking toplevel() on ptolemy.moml.MoMLSimpleApplication@262610b0
----------------- Done invoking toplevel() on ptolemy.moml.MoMLSimpleApplication@262610b0
reloadAllAccessors: .LookupTable
----------------- testing Mon May 14 00:48:54 UTC 2018 /home/travis/build/icyphy/ptII/ptolemy/actor/lib/test/auto/MathFunction.xml
----------------- Instantiating /home/travis/build/icyphy/ptII/ptolemy/actor/lib/test/auto/MathFunction.xml
2 ms. Memory: 1368064K Free: 760412K (56%)
----------------- Invoking toplevel() on ptolemy.moml.MoMLSimpleApplication@31ca5874
----------------- Done invoking toplevel() on ptolemy.moml.MoMLSimpleApplication@31ca5874
reloadAllAccessors: .MathFunction
----------------- testing Mon May 14 00:48:54 UTC 2018 /home/travis/build/icyphy/ptII/ptolemy/actor/lib/test/auto/MathFunction2.xml
----------------- Instantiating /home/travis/build/icyphy/ptII/ptolemy/actor/lib/test/auto/MathFunction2.xml
2 ms. Memory: 1368064K Free: 747940K (55%)
----------------- Invoking toplevel() on ptolemy.moml.MoMLSimpleApplication@7aa4856
----------------- Done invoking toplevel() on ptolemy.moml.MoMLSimpleApplication@7aa4856
reloadAllAccessors: .MathFunction2
----------------- testing Mon May 14 00:48:54 UTC 2018 /home/travis/build/icyphy/ptII/ptolemy/actor/lib/test/auto/MathFunction3.xml
----------------- Instantiating /home/travis/build/icyphy/ptII/ptolemy/actor/lib/test/auto/MathFunction3.xml
2 ms. Memory: 1368064K Free: 727517K (53%)
----------------- Invoking toplevel() on ptolemy.moml.MoMLSimpleApplication@13f34683
----------------- Done invoking toplevel() on ptolemy.moml.MoMLSimpleApplication@13f34683
reloadAllAccessors: .MathFunction3
----------------- testing Mon May 14 00:48:54 UTC 2018 /home/travis/build/icyphy/ptII/ptolemy/actor/lib/test/auto/MatrixCropBoolean.xml
----------------- Instantiating /home/travis/build/icyphy/ptII/ptolemy/actor/lib/test/auto/MatrixCropBoolean.xml
2 ms. Memory: 1368064K Free: 715045K (52%)
----------------- Invoking toplevel() on ptolemy.moml.MoMLSimpleApplication@655aec3c
----------------- Done invoking toplevel() on ptolemy.moml.MoMLSimpleApplication@655aec3c
reloadAllAccessors: .MatrixCropBoolean
----------------- testing Mon May 14 00:48:54 UTC 2018 /home/travis/build/icyphy/ptII/ptolemy/actor/lib/test/auto/MatrixCropComplex.xml
----------------- Instantiating /home/travis/build/icyphy/ptII/ptolemy/actor/lib/test/auto/MatrixCropComplex.xml
2 ms. Memory: 1368064K Free: 702572K (51%)
----------------- Invoking toplevel() on ptolemy.moml.MoMLSimpleApplication@2ebc9e72
----------------- Done invoking toplevel() on ptolemy.moml.MoMLSimpleApplication@2ebc9e72
reloadAllAccessors: .MatrixCropComplex
----------------- testing Mon May 14 00:48:54 UTC 2018 /home/travis/build/icyphy/ptII/ptolemy/actor/lib/test/auto/MatrixCropDouble.xml
----------------- Instantiating /home/travis/build/icyphy/ptII/ptolemy/actor/lib/test/auto/MatrixCropDouble.xml
2 ms. Memory: 1368064K Free: 690100K (50%)
----------------- Invoking toplevel() on ptolemy.moml.MoMLSimpleApplication@15bdd746
----------------- Done invoking toplevel() on ptolemy.moml.MoMLSimpleApplication@15bdd746
reloadAllAccessors: .MatrixCropDouble
----------------- testing Mon May 14 00:48:54 UTC 2018 /home/travis/build/icyphy/ptII/ptolemy/actor/lib/test/auto/MatrixCropFix.xml
----------------- Instantiating /home/travis/build/icyphy/ptII/ptolemy/actor/lib/test/auto/MatrixCropFix.xml
1 ms. Memory: 1368064K Free: 669677K (49%)
----------------- Invoking toplevel() on ptolemy.moml.MoMLSimpleApplication@6193eb6f
----------------- Done invoking toplevel() on ptolemy.moml.MoMLSimpleApplication@6193eb6f
reloadAllAccessors: .MatrixCropFix
----------------- testing Mon May 14 00:48:54 UTC 2018 /home/travis/build/icyphy/ptII/ptolemy/actor/lib/test/auto/MatrixCropInt.xml
----------------- Instantiating /home/travis/build/icyphy/ptII/ptolemy/actor/lib/test/auto/MatrixCropInt.xml
2 ms. Memory: 1368064K Free: 657205K (48%)
----------------- Invoking toplevel() on ptolemy.moml.MoMLSimpleApplication@15103a43
----------------- Done invoking toplevel() on ptolemy.moml.MoMLSimpleApplication@15103a43
reloadAllAccessors: .MatrixCropInt
----------------- testing Mon May 14 00:48:54 UTC 2018 /home/travis/build/icyphy/ptII/ptolemy/actor/lib/test/auto/MatrixCropLong.xml
----------------- Instantiating /home/travis/build/icyphy/ptII/ptolemy/actor/lib/test/auto/MatrixCropLong.xml
2 ms. Memory: 1368064K Free: 644732K (47%)
----------------- Invoking toplevel() on ptolemy.moml.MoMLSimpleApplication@17664ec6
----------------- Done invoking toplevel() on ptolemy.moml.MoMLSimpleApplication@17664ec6
reloadAllAccessors: .MatrixCropLong
----------------- testing Mon May 14 00:48:54 UTC 2018 /home/travis/build/icyphy/ptII/ptolemy/actor/lib/test/auto/MatrixToArray.xml
----------------- Instantiating /home/travis/build/icyphy/ptII/ptolemy/actor/lib/test/auto/MatrixToArray.xml
6 ms. Memory: 1368064K Free: 611805K (45%)
----------------- Invoking toplevel() on ptolemy.moml.MoMLSimpleApplication@686a5096
----------------- Done invoking toplevel() on ptolemy.moml.MoMLSimpleApplication@686a5096
reloadAllAccessors: .MatrixToArray
----------------- testing Mon May 14 00:48:54 UTC 2018 /home/travis/build/icyphy/ptII/ptolemy/actor/lib/test/auto/MaxIndex.xml
----------------- Instantiating /home/travis/build/icyphy/ptII/ptolemy/actor/lib/test/auto/MaxIndex.xml
2 ms. Memory: 1368064K Free: 599332K (44%)
----------------- Invoking toplevel() on ptolemy.moml.MoMLSimpleApplication@5af82d58
----------------- Done invoking toplevel() on ptolemy.moml.MoMLSimpleApplication@5af82d58
reloadAllAccessors: .MaxIndex
----------------- testing Mon May 14 00:48:54 UTC 2018 /home/travis/build/icyphy/ptII/ptolemy/actor/lib/test/auto/Maximum.xml
----------------- Instantiating /home/travis/build/icyphy/ptII/ptolemy/actor/lib/test/auto/Maximum.xml
3 ms. Memory: 1368064K Free: 586860K (43%)
----------------- Invoking toplevel() on ptolemy.moml.MoMLSimpleApplication@53446e9c
----------------- Done invoking toplevel() on ptolemy.moml.MoMLSimpleApplication@53446e9c
reloadAllAccessors: .Maximum
----------------- testing Mon May 14 00:48:54 UTC 2018 /home/travis/build/icyphy/ptII/ptolemy/actor/lib/test/auto/MaximumComplex.xml
----------------- Instantiating /home/travis/build/icyphy/ptII/ptolemy/actor/lib/test/auto/MaximumComplex.xml
5 ms. Memory: 1368064K Free: 574388K (42%)
----------------- Invoking toplevel() on ptolemy.moml.MoMLSimpleApplication@72f2a4b9
----------------- Done invoking toplevel() on ptolemy.moml.MoMLSimpleApplication@72f2a4b9
reloadAllAccessors: .MaximumComplex
----------------- testing Mon May 14 00:48:54 UTC 2018 /home/travis/build/icyphy/ptII/ptolemy/actor/lib/test/auto/MethodCallTest.xml
----------------- Instantiating /home/travis/build/icyphy/ptII/ptolemy/actor/lib/test/auto/MethodCallTest.xml
2 ms. Memory: 1368064K Free: 553965K (40%)
----------------- Invoking toplevel() on ptolemy.moml.MoMLSimpleApplication@4a25b93f
----------------- Done invoking toplevel() on ptolemy.moml.MoMLSimpleApplication@4a25b93f
reloadAllAccessors: .MethodCallTest
----------------- testing Mon May 14 00:48:54 UTC 2018 /home/travis/build/icyphy/ptII/ptolemy/actor/lib/test/auto/Minimum.xml
----------------- Instantiating /home/travis/build/icyphy/ptII/ptolemy/actor/lib/test/auto/Minimum.xml
2 ms. Memory: 1368064K Free: 541492K (40%)
----------------- Invoking toplevel() on ptolemy.moml.MoMLSimpleApplication@33ad241
----------------- Done invoking toplevel() on ptolemy.moml.MoMLSimpleApplication@33ad241
reloadAllAccessors: .Minimum
----------------- testing Mon May 14 00:48:54 UTC 2018 /home/travis/build/icyphy/ptII/ptolemy/actor/lib/test/auto/MinimumComplex.xml
----------------- Instantiating /home/travis/build/icyphy/ptII/ptolemy/actor/lib/test/auto/MinimumComplex.xml
3 ms. Memory: 1368064K Free: 529020K (39%)
----------------- Invoking toplevel() on ptolemy.moml.MoMLSimpleApplication@1588ce95
----------------- Done invoking toplevel() on ptolemy.moml.MoMLSimpleApplication@1588ce95
reloadAllAccessors: .MinimumComplex
----------------- testing Mon May 14 00:48:54 UTC 2018 /home/travis/build/icyphy/ptII/ptolemy/actor/lib/test/auto/MinimumMultiports.xml
----------------- Instantiating /home/travis/build/icyphy/ptII/ptolemy/actor/lib/test/auto/MinimumMultiports.xml
5 ms. Memory: 1368064K Free: 508597K (37%)
----------------- Invoking toplevel() on ptolemy.moml.MoMLSimpleApplication@789684df
----------------- Done invoking toplevel() on ptolemy.moml.MoMLSimpleApplication@789684df
reloadAllAccessors: .MinimumMultiports
----------------- testing Mon May 14 00:48:54 UTC 2018 /home/travis/build/icyphy/ptII/ptolemy/actor/lib/test/auto/ModifyDate.xml
----------------- Instantiating /home/travis/build/icyphy/ptII/ptolemy/actor/lib/test/auto/ModifyDate.xml
8 ms. Memory: 1368064K Free: 489872K (36%)
----------------- Invoking toplevel() on ptolemy.moml.MoMLSimpleApplication@4b0616c1
----------------- Done invoking toplevel() on ptolemy.moml.MoMLSimpleApplication@4b0616c1
reloadAllAccessors: .ModifyDate
----------------- testing Mon May 14 00:48:54 UTC 2018 /home/travis/build/icyphy/ptII/ptolemy/actor/lib/test/auto/ModifyDate2.xml
----------------- Instantiating /home/travis/build/icyphy/ptII/ptolemy/actor/lib/test/auto/ModifyDate2.xml
4 ms. Memory: 1368064K Free: 471164K (34%)
----------------- Invoking toplevel() on ptolemy.moml.MoMLSimpleApplication@7b6ac2c6
----------------- Done invoking toplevel() on ptolemy.moml.MoMLSimpleApplication@7b6ac2c6
reloadAllAccessors: .ModifyDate2
----------------- testing Mon May 14 00:48:54 UTC 2018 /home/travis/build/icyphy/ptII/ptolemy/actor/lib/test/auto/MovingAverage.xml
----------------- Instantiating /home/travis/build/icyphy/ptII/ptolemy/actor/lib/test/auto/MovingAverage.xml
2 ms. Memory: 1368064K Free: 450740K (33%)
----------------- Invoking toplevel() on ptolemy.moml.MoMLSimpleApplication@15ce97b4
----------------- Done invoking toplevel() on ptolemy.moml.MoMLSimpleApplication@15ce97b4
reloadAllAccessors: .MovingAverage
----------------- testing Mon May 14 00:48:54 UTC 2018 /home/travis/build/icyphy/ptII/ptolemy/actor/lib/test/auto/MovingMaximum.xml
----------------- Instantiating /home/travis/build/icyphy/ptII/ptolemy/actor/lib/test/auto/MovingMaximum.xml
3 ms. Memory: 1368064K Free: 438268K (32%)
----------------- Invoking toplevel() on ptolemy.moml.MoMLSimpleApplication@2de243f
----------------- Done invoking toplevel() on ptolemy.moml.MoMLSimpleApplication@2de243f
reloadAllAccessors: .MovingMaximum
----------------- testing Mon May 14 00:48:54 UTC 2018 /home/travis/build/icyphy/ptII/ptolemy/actor/lib/test/auto/MultipleLinksToSameRelation.xml
----------------- Instantiating /home/travis/build/icyphy/ptII/ptolemy/actor/lib/test/auto/MultipleLinksToSameRelation.xml
4 ms. Memory: 1368064K Free: 425796K (31%)
----------------- Invoking toplevel() on ptolemy.moml.MoMLSimpleApplication@671c6441
----------------- Done invoking toplevel() on ptolemy.moml.MoMLSimpleApplication@671c6441
reloadAllAccessors: .MultipleLinksToSameRelation
----------------- testing Mon May 14 00:48:54 UTC 2018 /home/travis/build/icyphy/ptII/ptolemy/actor/lib/test/auto/MultipleLinksToSameRelationDE.xml
----------------- Instantiating /home/travis/build/icyphy/ptII/ptolemy/actor/lib/test/auto/MultipleLinksToSameRelationDE.xml
2 ms. Memory: 1368064K Free: 413323K (30%)
----------------- Invoking toplevel() on ptolemy.moml.MoMLSimpleApplication@c9cff4c
----------------- Done invoking toplevel() on ptolemy.moml.MoMLSimpleApplication@c9cff4c
reloadAllAccessors: .MultipleLinksToSameRelationDE
----------------- testing Mon May 14 00:48:54 UTC 2018 /home/travis/build/icyphy/ptII/ptolemy/actor/lib/test/auto/Multiplexor.xml
----------------- Instantiating /home/travis/build/icyphy/ptII/ptolemy/actor/lib/test/auto/Multiplexor.xml
2 ms. Memory: 1368064K Free: 392900K (29%)
----------------- Invoking toplevel() on ptolemy.moml.MoMLSimpleApplication@21208200
----------------- Done invoking toplevel() on ptolemy.moml.MoMLSimpleApplication@21208200
reloadAllAccessors: .Multiplexor
----------------- testing Mon May 14 00:48:54 UTC 2018 /home/travis/build/icyphy/ptII/ptolemy/actor/lib/test/auto/Multiplexor1.xml
----------------- Instantiating /home/travis/build/icyphy/ptII/ptolemy/actor/lib/test/auto/Multiplexor1.xml
2 ms. Memory: 1368064K Free: 380428K (28%)
----------------- Invoking toplevel() on ptolemy.moml.MoMLSimpleApplication@4e9c1f0c
----------------- Done invoking toplevel() on ptolemy.moml.MoMLSimpleApplication@4e9c1f0c
reloadAllAccessors: .Multiplexor1
----------------- testing Mon May 14 00:48:54 UTC 2018 /home/travis/build/icyphy/ptII/ptolemy/actor/lib/test/auto/Multiplexor2.xml
----------------- Instantiating /home/travis/build/icyphy/ptII/ptolemy/actor/lib/test/auto/Multiplexor2.xml
4 ms. Memory: 1368064K Free: 367955K (27%)
----------------- Invoking toplevel() on ptolemy.moml.MoMLSimpleApplication@4ee94086
----------------- Done invoking toplevel() on ptolemy.moml.MoMLSimpleApplication@4ee94086
reloadAllAccessors: .Multiplexor2
----------------- testing Mon May 14 00:48:54 UTC 2018 /home/travis/build/icyphy/ptII/ptolemy/actor/lib/test/auto/Multiplexor3.xml
----------------- Instantiating /home/travis/build/icyphy/ptII/ptolemy/actor/lib/test/auto/Multiplexor3.xml
1 ms. Memory: 1368064K Free: 347532K (25%)
----------------- Invoking toplevel() on ptolemy.moml.MoMLSimpleApplication@2c487664
----------------- Done invoking toplevel() on ptolemy.moml.MoMLSimpleApplication@2c487664
reloadAllAccessors: .Multiplexor3
----------------- testing Mon May 14 00:48:54 UTC 2018 /home/travis/build/icyphy/ptII/ptolemy/actor/lib/test/auto/MultiplexorDE.xml
----------------- Instantiating /home/travis/build/icyphy/ptII/ptolemy/actor/lib/test/auto/MultiplexorDE.xml
3 ms. Memory: 1368064K Free: 335060K (24%)
----------------- Invoking toplevel() on ptolemy.moml.MoMLSimpleApplication@392b7875
----------------- Done invoking toplevel() on ptolemy.moml.MoMLSimpleApplication@392b7875
reloadAllAccessors: .MultiplexorDE
----------------- testing Mon May 14 00:48:54 UTC 2018 /home/travis/build/icyphy/ptII/ptolemy/actor/lib/test/auto/MultiportBroadcastTest.xml
----------------- Instantiating /home/travis/build/icyphy/ptII/ptolemy/actor/lib/test/auto/MultiportBroadcastTest.xml
85 ms. Memory: 1368064K Free: 322588K (24%)
----------------- Invoking toplevel() on ptolemy.moml.MoMLSimpleApplication@459b3148
----------------- Done invoking toplevel() on ptolemy.moml.MoMLSimpleApplication@459b3148
reloadAllAccessors: .MultiportBroadcastTest
----------------- testing Mon May 14 00:48:54 UTC 2018 /home/travis/build/icyphy/ptII/ptolemy/actor/lib/test/auto/MultiportOutHangDuringGetWidth.xml
----------------- Instantiating /home/travis/build/icyphy/ptII/ptolemy/actor/lib/test/auto/MultiportOutHangDuringGetWidth.xml
5 ms. Memory: 1368064K Free: 295928K (22%)
----------------- Invoking toplevel() on ptolemy.moml.MoMLSimpleApplication@8eadefe
----------------- Done invoking toplevel() on ptolemy.moml.MoMLSimpleApplication@8eadefe
reloadAllAccessors: .MultiportOutHangDuringGetWidth
----------------- testing Mon May 14 00:48:54 UTC 2018 /home/travis/build/icyphy/ptII/ptolemy/actor/lib/test/auto/NilToken.xml
----------------- Instantiating /home/travis/build/icyphy/ptII/ptolemy/actor/lib/test/auto/NilToken.xml
2 ms. Memory: 1368064K Free: 283456K (21%)
----------------- Invoking toplevel() on ptolemy.moml.MoMLSimpleApplication@542af311
----------------- Done invoking toplevel() on ptolemy.moml.MoMLSimpleApplication@542af311
reloadAllAccessors: .NilToken
----------------- testing Mon May 14 00:48:54 UTC 2018 /home/travis/build/icyphy/ptII/ptolemy/actor/lib/test/auto/NilTokenNonStrictTest.xml
----------------- Instantiating /home/travis/build/icyphy/ptII/ptolemy/actor/lib/test/auto/NilTokenNonStrictTest.xml
2 ms. Memory: 1368064K Free: 270984K (20%)
----------------- Invoking toplevel() on ptolemy.moml.MoMLSimpleApplication@4192bbc6
----------------- Done invoking toplevel() on ptolemy.moml.MoMLSimpleApplication@4192bbc6
reloadAllAccessors: .NilTokenNonStrictTest
----------------- testing Mon May 14 00:48:54 UTC 2018 /home/travis/build/icyphy/ptII/ptolemy/actor/lib/test/auto/NilTokenRecord.xml
----------------- Instantiating /home/travis/build/icyphy/ptII/ptolemy/actor/lib/test/auto/NilTokenRecord.xml
5 ms. Memory: 1368064K Free: 258511K (19%)
----------------- Invoking toplevel() on ptolemy.moml.MoMLSimpleApplication@2b9bac72
----------------- Done invoking toplevel() on ptolemy.moml.MoMLSimpleApplication@2b9bac72
reloadAllAccessors: .NilTokenRecord
----------------- testing Mon May 14 00:48:55 UTC 2018 /home/travis/build/icyphy/ptII/ptolemy/actor/lib/test/auto/NilTokenTypeTest.xml
----------------- Instantiating /home/travis/build/icyphy/ptII/ptolemy/actor/lib/test/auto/NilTokenTypeTest.xml
10 ms. Memory: 1368064K Free: 231836K (17%)
----------------- Invoking toplevel() on ptolemy.moml.MoMLSimpleApplication@753f8b6b
----------------- Done invoking toplevel() on ptolemy.moml.MoMLSimpleApplication@753f8b6b
reloadAllAccessors: .NilTokenTypeTest
----------------- testing Mon May 14 00:48:55 UTC 2018 /home/travis/build/icyphy/ptII/ptolemy/actor/lib/test/auto/ObjectToken1.xml
----------------- Instantiating /home/travis/build/icyphy/ptII/ptolemy/actor/lib/test/auto/ObjectToken1.xml
2 ms. Memory: 1368064K Free: 219364K (16%)
----------------- Invoking toplevel() on ptolemy.moml.MoMLSimpleApplication@592a6e59
----------------- Done invoking toplevel() on ptolemy.moml.MoMLSimpleApplication@592a6e59
reloadAllAccessors: .ObjectToken1
----------------- testing Mon May 14 00:48:55 UTC 2018 /home/travis/build/icyphy/ptII/ptolemy/actor/lib/test/auto/OrderedMerge.xml
----------------- Instantiating /home/travis/build/icyphy/ptII/ptolemy/actor/lib/test/auto/OrderedMerge.xml
5 ms. Memory: 1368064K Free: 181947K (13%)
----------------- Invoking toplevel() on ptolemy.moml.MoMLSimpleApplication@580e64d7
----------------- Done invoking toplevel() on ptolemy.moml.MoMLSimpleApplication@580e64d7
reloadAllAccessors: .OrderedMerge
----------------- testing Mon May 14 00:48:55 UTC 2018 /home/travis/build/icyphy/ptII/ptolemy/actor/lib/test/auto/OrderedRecordDisassembler.xml
----------------- Instantiating /home/travis/build/icyphy/ptII/ptolemy/actor/lib/test/auto/OrderedRecordDisassembler.xml
3 ms. Memory: 1368064K Free: 161523K (12%)
----------------- Invoking toplevel() on ptolemy.moml.MoMLSimpleApplication@2ac38d5e
----------------- Done invoking toplevel() on ptolemy.moml.MoMLSimpleApplication@2ac38d5e
reloadAllAccessors: .OrderedRecordDisassembler
----------------- testing Mon May 14 00:48:55 UTC 2018 /home/travis/build/icyphy/ptII/ptolemy/actor/lib/test/auto/OrderedRecordDisassembler2.xml
----------------- Instantiating /home/travis/build/icyphy/ptII/ptolemy/actor/lib/test/auto/OrderedRecordDisassembler2.xml
3 ms. Memory: 1368064K Free: 149051K (11%)
----------------- Invoking toplevel() on ptolemy.moml.MoMLSimpleApplication@66326c69
----------------- Done invoking toplevel() on ptolemy.moml.MoMLSimpleApplication@66326c69
reloadAllAccessors: .OrderedRecordDisassembler2
----------------- testing Mon May 14 00:48:55 UTC 2018 /home/travis/build/icyphy/ptII/ptolemy/actor/lib/test/auto/OrderedRecordUpdater.xml
----------------- Instantiating /home/travis/build/icyphy/ptII/ptolemy/actor/lib/test/auto/OrderedRecordUpdater.xml
2 ms. Memory: 1368064K Free: 136579K (10%)
----------------- Invoking toplevel() on ptolemy.moml.MoMLSimpleApplication@1e11ab7d
----------------- Done invoking toplevel() on ptolemy.moml.MoMLSimpleApplication@1e11ab7d
reloadAllAccessors: .RecordUpdater
----------------- testing Mon May 14 00:48:55 UTC 2018 /home/travis/build/icyphy/ptII/ptolemy/actor/lib/test/auto/OrderedRecordUpdater2.xml
----------------- Instantiating /home/travis/build/icyphy/ptII/ptolemy/actor/lib/test/auto/OrderedRecordUpdater2.xml
2 ms. Memory: 1368064K Free: 116156K (8%)
----------------- Invoking toplevel() on ptolemy.moml.MoMLSimpleApplication@5d983626
----------------- Done invoking toplevel() on ptolemy.moml.MoMLSimpleApplication@5d983626
reloadAllAccessors: .RecordUpdater2
----------------- testing Mon May 14 00:48:55 UTC 2018 /home/travis/build/icyphy/ptII/ptolemy/actor/lib/test/auto/PhaseUnwrap.xml
----------------- Instantiating /home/travis/build/icyphy/ptII/ptolemy/actor/lib/test/auto/PhaseUnwrap.xml
1 ms. Memory: 1368064K Free: 103683K (8%)
----------------- Invoking toplevel() on ptolemy.moml.MoMLSimpleApplication@61fafd14
----------------- Done invoking toplevel() on ptolemy.moml.MoMLSimpleApplication@61fafd14
reloadAllAccessors: .PhaseUnwrap
----------------- testing Mon May 14 00:48:55 UTC 2018 /home/travis/build/icyphy/ptII/ptolemy/actor/lib/test/auto/PoissonClock.xml
----------------- Instantiating /home/travis/build/icyphy/ptII/ptolemy/actor/lib/test/auto/PoissonClock.xml
1 ms. Memory: 1368064K Free: 91211K (7%)
----------------- Invoking toplevel() on ptolemy.moml.MoMLSimpleApplication@4c786370
----------------- Done invoking toplevel() on ptolemy.moml.MoMLSimpleApplication@4c786370
reloadAllAccessors: .PoissonClock
----------------- testing Mon May 14 00:48:55 UTC 2018 /home/travis/build/icyphy/ptII/ptolemy/actor/lib/test/auto/PoissonClock2.xml
----------------- Instantiating /home/travis/build/icyphy/ptII/ptolemy/actor/lib/test/auto/PoissonClock2.xml
2 ms. Memory: 1368064K Free: 80961K (6%)
----------------- Invoking toplevel() on ptolemy.moml.MoMLSimpleApplication@5c7f0c1f
----------------- Done invoking toplevel() on ptolemy.moml.MoMLSimpleApplication@5c7f0c1f
reloadAllAccessors: .PoissonClock2
----------------- testing Mon May 14 00:48:55 UTC 2018 /home/travis/build/icyphy/ptII/ptolemy/actor/lib/test/auto/PoissonClock3.xml
----------------- Instantiating /home/travis/build/icyphy/ptII/ptolemy/actor/lib/test/auto/PoissonClock3.xml
1 ms. Memory: 1547776K Free: 1485569K (96%)
----------------- Invoking toplevel() on ptolemy.moml.MoMLSimpleApplication@70517e2c
----------------- Done invoking toplevel() on ptolemy.moml.MoMLSimpleApplication@70517e2c
reloadAllAccessors: .PoissonClock3
----------------- testing Mon May 14 00:48:55 UTC 2018 /home/travis/build/icyphy/ptII/ptolemy/actor/lib/test/auto/PubSubWithInitialTokens.xml
----------------- Instantiating /home/travis/build/icyphy/ptII/ptolemy/actor/lib/test/auto/PubSubWithInitialTokens.xml
2 ms. Memory: 1547776K Free: 1471023K (95%)
----------------- Invoking toplevel() on ptolemy.moml.MoMLSimpleApplication@3e16ebe
----------------- Done invoking toplevel() on ptolemy.moml.MoMLSimpleApplication@3e16ebe
reloadAllAccessors: .PubSubWithInitialTokens
----------------- testing Mon May 14 00:48:55 UTC 2018 /home/travis/build/icyphy/ptII/ptolemy/actor/lib/test/auto/PubSubWithInitialTokens2.xml
----------------- Instantiating /home/travis/build/icyphy/ptII/ptolemy/actor/lib/test/auto/PubSubWithInitialTokens2.xml
2 ms. Memory: 1547776K Free: 1456559K (94%)
----------------- Invoking toplevel() on ptolemy.moml.MoMLSimpleApplication@1f147d3
----------------- Done invoking toplevel() on ptolemy.moml.MoMLSimpleApplication@1f147d3
reloadAllAccessors: .PubSubWithInitialTokens2
----------------- testing Mon May 14 00:48:55 UTC 2018 /home/travis/build/icyphy/ptII/ptolemy/actor/lib/test/auto/PublisherClassNoParameter.xml
----------------- Instantiating /home/travis/build/icyphy/ptII/ptolemy/actor/lib/test/auto/PublisherClassNoParameter.xml
3 ms. Memory: 1547776K Free: 1427367K (92%)
----------------- Invoking toplevel() on ptolemy.moml.MoMLSimpleApplication@60171585
----------------- Done invoking toplevel() on ptolemy.moml.MoMLSimpleApplication@60171585
reloadAllAccessors: .PublisherClassNoParameter
----------------- testing Mon May 14 00:48:55 UTC 2018 /home/travis/build/icyphy/ptII/ptolemy/actor/lib/test/auto/PublisherClassParameter.xml
----------------- Instantiating /home/travis/build/icyphy/ptII/ptolemy/actor/lib/test/auto/PublisherClassParameter.xml
2 ms. Memory: 1547776K Free: 1405663K (91%)
----------------- Invoking toplevel() on ptolemy.moml.MoMLSimpleApplication@4330ea40
----------------- Done invoking toplevel() on ptolemy.moml.MoMLSimpleApplication@4330ea40
reloadAllAccessors: .PublisherClassParameter
----------------- testing Mon May 14 00:48:55 UTC 2018 /home/travis/build/icyphy/ptII/ptolemy/actor/lib/test/auto/PublisherNonStrictTest.xml
----------------- Instantiating /home/travis/build/icyphy/ptII/ptolemy/actor/lib/test/auto/PublisherNonStrictTest.xml
3 ms. Memory: 1547776K Free: 1391199K (90%)
----------------- Invoking toplevel() on ptolemy.moml.MoMLSimpleApplication@6ff4a35
----------------- Done invoking toplevel() on ptolemy.moml.MoMLSimpleApplication@6ff4a35
reloadAllAccessors: .PublisherNonStrictTest
----------------- testing Mon May 14 00:48:55 UTC 2018 /home/travis/build/icyphy/ptII/ptolemy/actor/lib/test/auto/PublisherPort1.xml
----------------- Instantiating /home/travis/build/icyphy/ptII/ptolemy/actor/lib/test/auto/PublisherPort1.xml
3 ms. Memory: 1547776K Free: 1369240K (88%)
----------------- Invoking toplevel() on ptolemy.moml.MoMLSimpleApplication@535da594
----------------- Done invoking toplevel() on ptolemy.moml.MoMLSimpleApplication@535da594
reloadAllAccessors: .PublisherPort1
----------------- testing Mon May 14 00:48:55 UTC 2018 /home/travis/build/icyphy/ptII/ptolemy/actor/lib/test/auto/PublisherPort2.xml
----------------- Instantiating /home/travis/build/icyphy/ptII/ptolemy/actor/lib/test/auto/PublisherPort2.xml
2 ms. Memory: 1547776K Free: 1354776K (88%)
----------------- Invoking toplevel() on ptolemy.moml.MoMLSimpleApplication@728304fc
----------------- Done invoking toplevel() on ptolemy.moml.MoMLSimpleApplication@728304fc
reloadAllAccessors: .PublisherPort2
----------------- testing Mon May 14 00:48:55 UTC 2018 /home/travis/build/icyphy/ptII/ptolemy/actor/lib/test/auto/PublisherPort3.xml
----------------- Instantiating /home/travis/build/icyphy/ptII/ptolemy/actor/lib/test/auto/PublisherPort3.xml
8 ms. Memory: 1547776K Free: 1340312K (87%)
----------------- Invoking toplevel() on ptolemy.moml.MoMLSimpleApplication@777138a4
----------------- Done invoking toplevel() on ptolemy.moml.MoMLSimpleApplication@777138a4
reloadAllAccessors: .PublisherPort3
----------------- testing Mon May 14 00:48:55 UTC 2018 /home/travis/build/icyphy/ptII/ptolemy/actor/lib/test/auto/PublisherPort4.xml
----------------- Instantiating /home/travis/build/icyphy/ptII/ptolemy/actor/lib/test/auto/PublisherPort4.xml
2 ms. Memory: 1547776K Free: 1318353K (85%)
----------------- Invoking toplevel() on ptolemy.moml.MoMLSimpleApplication@2a3e6360
----------------- Done invoking toplevel() on ptolemy.moml.MoMLSimpleApplication@2a3e6360
reloadAllAccessors: .PublisherPort4
----------------- testing Mon May 14 00:48:55 UTC 2018 /home/travis/build/icyphy/ptII/ptolemy/actor/lib/test/auto/PublisherPort5.xml
----------------- Instantiating /home/travis/build/icyphy/ptII/ptolemy/actor/lib/test/auto/PublisherPort5.xml
6 ms. Memory: 1547776K Free: 1303889K (84%)
----------------- Invoking toplevel() on ptolemy.moml.MoMLSimpleApplication@5f008cb0
----------------- Done invoking toplevel() on ptolemy.moml.MoMLSimpleApplication@5f008cb0
reloadAllAccessors: .PublisherPort5
----------------- testing Mon May 14 00:48:55 UTC 2018 /home/travis/build/icyphy/ptII/ptolemy/actor/lib/test/auto/PublisherPort5LookAlike.xml
----------------- Instantiating /home/travis/build/icyphy/ptII/ptolemy/actor/lib/test/auto/PublisherPort5LookAlike.xml
6 ms. Memory: 1547776K Free: 1289425K (83%)
----------------- Invoking toplevel() on ptolemy.moml.MoMLSimpleApplication@671cce85
----------------- Done invoking toplevel() on ptolemy.moml.MoMLSimpleApplication@671cce85
reloadAllAccessors: .PublisherPort5LookAlike
----------------- testing Mon May 14 00:48:55 UTC 2018 /home/travis/build/icyphy/ptII/ptolemy/actor/lib/test/auto/PublisherPort6.xml
----------------- Instantiating /home/travis/build/icyphy/ptII/ptolemy/actor/lib/test/auto/PublisherPort6.xml
2 ms. Memory: 1547776K Free: 1267465K (82%)
----------------- Invoking toplevel() on ptolemy.moml.MoMLSimpleApplication@46acdfec
----------------- Done invoking toplevel() on ptolemy.moml.MoMLSimpleApplication@46acdfec
reloadAllAccessors: .PublisherPort6
----------------- testing Mon May 14 00:48:55 UTC 2018 /home/travis/build/icyphy/ptII/ptolemy/actor/lib/test/auto/PublisherPort7.xml
----------------- Instantiating /home/travis/build/icyphy/ptII/ptolemy/actor/lib/test/auto/PublisherPort7.xml
3 ms. Memory: 1547776K Free: 1253001K (81%)
----------------- Invoking toplevel() on ptolemy.moml.MoMLSimpleApplication@39c93b95
----------------- Done invoking toplevel() on ptolemy.moml.MoMLSimpleApplication@39c93b95
reloadAllAccessors: .PublisherPort7
----------------- testing Mon May 14 00:48:55 UTC 2018 /home/travis/build/icyphy/ptII/ptolemy/actor/lib/test/auto/PublisherPort8.xml
----------------- Instantiating /home/travis/build/icyphy/ptII/ptolemy/actor/lib/test/auto/PublisherPort8.xml
4 ms. Memory: 1547776K Free: 1238537K (80%)
----------------- Invoking toplevel() on ptolemy.moml.MoMLSimpleApplication@36f4533
----------------- Done invoking toplevel() on ptolemy.moml.MoMLSimpleApplication@36f4533
reloadAllAccessors: .PublisherPort8
----------------- testing Mon May 14 00:48:55 UTC 2018 /home/travis/build/icyphy/ptII/ptolemy/actor/lib/test/auto/PublisherPortSubscriberChannelVariablesAOC2.xml
----------------- Instantiating /home/travis/build/icyphy/ptII/ptolemy/actor/lib/test/auto/PublisherPortSubscriberChannelVariablesAOC2.xml
3 ms. Memory: 1547776K Free: 1202082K (78%)
----------------- Invoking toplevel() on ptolemy.moml.MoMLSimpleApplication@970640e
----------------- Done invoking toplevel() on ptolemy.moml.MoMLSimpleApplication@970640e
reloadAllAccessors: .PublisherPortSubscriberChannelVariablesAOC2
----------------- testing Mon May 14 00:48:55 UTC 2018 /home/travis/build/icyphy/ptII/ptolemy/actor/lib/test/auto/PublisherPortSubscriberOpaqueWidthInference.xml
----------------- Instantiating /home/travis/build/icyphy/ptII/ptolemy/actor/lib/test/auto/PublisherPortSubscriberOpaqueWidthInference.xml
3 ms. Memory: 1547776K Free: 1187618K (77%)
----------------- Invoking toplevel() on ptolemy.moml.MoMLSimpleApplication@32f8facb
----------------- Done invoking toplevel() on ptolemy.moml.MoMLSimpleApplication@32f8facb
reloadAllAccessors: .PublisherPortSubscriberOpaqueWidthInference
----------------- testing Mon May 14 00:48:55 UTC 2018 /home/travis/build/icyphy/ptII/ptolemy/actor/lib/test/auto/PublisherPortSubscriberPortAdjacent.xml
----------------- Instantiating /home/travis/build/icyphy/ptII/ptolemy/actor/lib/test/auto/PublisherPortSubscriberPortAdjacent.xml
2 ms. Memory: 1547776K Free: 1173154K (76%)
----------------- Invoking toplevel() on ptolemy.moml.MoMLSimpleApplication@707c6cf1
----------------- Done invoking toplevel() on ptolemy.moml.MoMLSimpleApplication@707c6cf1
reloadAllAccessors: .PublisherPortSubscriberPortAdjacent
----------------- testing Mon May 14 00:48:55 UTC 2018 /home/travis/build/icyphy/ptII/ptolemy/actor/lib/test/auto/PublisherPortSubscriberPortExpression.xml
----------------- Instantiating /home/travis/build/icyphy/ptII/ptolemy/actor/lib/test/auto/PublisherPortSubscriberPortExpression.xml
4 ms. Memory: 1547776K Free: 1151195K (74%)
----------------- Invoking toplevel() on ptolemy.moml.MoMLSimpleApplication@27a1e3ce
----------------- Done invoking toplevel() on ptolemy.moml.MoMLSimpleApplication@27a1e3ce
reloadAllAccessors: .PublisherPortSubscriberPortExpression
----------------- testing Mon May 14 00:48:55 UTC 2018 /home/travis/build/icyphy/ptII/ptolemy/actor/lib/test/auto/PublisherPortSubscriberPortOpaqueD3Reverse.xml
----------------- Instantiating /home/travis/build/icyphy/ptII/ptolemy/actor/lib/test/auto/PublisherPortSubscriberPortOpaqueD3Reverse.xml
7 ms. Memory: 1547776K Free: 1136731K (73%)
----------------- Invoking toplevel() on ptolemy.moml.MoMLSimpleApplication@794bde1c
----------------- Done invoking toplevel() on ptolemy.moml.MoMLSimpleApplication@794bde1c
reloadAllAccessors: .PublisherPortSubscriberPortOpaqueD3Reverse
----------------- testing Mon May 14 00:48:55 UTC 2018 /home/travis/build/icyphy/ptII/ptolemy/actor/lib/test/auto/PublisherPortSubscriberPortOpaqueWidthInference.xml
----------------- Instantiating /home/travis/build/icyphy/ptII/ptolemy/actor/lib/test/auto/PublisherPortSubscriberPortOpaqueWidthInference.xml
3 ms. Memory: 1547776K Free: 1122267K (73%)
----------------- Invoking toplevel() on ptolemy.moml.MoMLSimpleApplication@6a6cfb7d
----------------- Done invoking toplevel() on ptolemy.moml.MoMLSimpleApplication@6a6cfb7d
reloadAllAccessors: .PublisherPortSubscriberPortOpaqueWidthInference
----------------- testing Mon May 14 00:48:55 UTC 2018 /home/travis/build/icyphy/ptII/ptolemy/actor/lib/test/auto/PublisherPortToplevelSubscriberPortAOC.xml
----------------- Instantiating /home/travis/build/icyphy/ptII/ptolemy/actor/lib/test/auto/PublisherPortToplevelSubscriberPortAOC.xml
.PublisherPortToplevelSubscriberPortAOC.TestExceptionAttribute: initialize() was not invoked, but wrapup() was.  This is unusual, but not always a problem.  For example, exporting JNLP will do this.
0 ms. Memory: 1547776K Free: 1107803K (72%)
----------------- Invoking toplevel() on ptolemy.moml.MoMLSimpleApplication@57737252
----------------- Done invoking toplevel() on ptolemy.moml.MoMLSimpleApplication@57737252
reloadAllAccessors: .PublisherPortToplevelSubscriberPortAOC
----------------- testing Mon May 14 00:48:55 UTC 2018 /home/travis/build/icyphy/ptII/ptolemy/actor/lib/test/auto/PublisherSubscriber.xml
----------------- Instantiating /home/travis/build/icyphy/ptII/ptolemy/actor/lib/test/auto/PublisherSubscriber.xml
2 ms. Memory: 1547776K Free: 1085844K (70%)
----------------- Invoking toplevel() on ptolemy.moml.MoMLSimpleApplication@5f5b39a7
----------------- Done invoking toplevel() on ptolemy.moml.MoMLSimpleApplication@5f5b39a7
reloadAllAccessors: .PublisherSubscriber
----------------- testing Mon May 14 00:48:55 UTC 2018 /home/travis/build/icyphy/ptII/ptolemy/actor/lib/test/auto/PublisherSubscriber10.xml
----------------- Instantiating /home/travis/build/icyphy/ptII/ptolemy/actor/lib/test/auto/PublisherSubscriber10.xml
6 ms. Memory: 1547776K Free: 1071380K (69%)
----------------- Invoking toplevel() on ptolemy.moml.MoMLSimpleApplication@7daee545
----------------- Done invoking toplevel() on ptolemy.moml.MoMLSimpleApplication@7daee545
reloadAllAccessors: .PublisherSubscriber10
----------------- testing Mon May 14 00:48:55 UTC 2018 /home/travis/build/icyphy/ptII/ptolemy/actor/lib/test/auto/PublisherSubscriber10InitialOutputs.xml
----------------- Instantiating /home/travis/build/icyphy/ptII/ptolemy/actor/lib/test/auto/PublisherSubscriber10InitialOutputs.xml
9 ms. Memory: 1547776K Free: 1056916K (68%)
----------------- Invoking toplevel() on ptolemy.moml.MoMLSimpleApplication@70e211d1
----------------- Done invoking toplevel() on ptolemy.moml.MoMLSimpleApplication@70e211d1
reloadAllAccessors: .PublisherSubscriber10InitialOutputs
----------------- testing Mon May 14 00:48:55 UTC 2018 /home/travis/build/icyphy/ptII/ptolemy/actor/lib/test/auto/PublisherSubscriber11.xml
----------------- Instantiating /home/travis/build/icyphy/ptII/ptolemy/actor/lib/test/auto/PublisherSubscriber11.xml
2 ms. Memory: 1547776K Free: 1034956K (67%)
----------------- Invoking toplevel() on ptolemy.moml.MoMLSimpleApplication@1dd15670
----------------- Done invoking toplevel() on ptolemy.moml.MoMLSimpleApplication@1dd15670
reloadAllAccessors: .PublisherSubscriber11
----------------- testing Mon May 14 00:48:55 UTC 2018 /home/travis/build/icyphy/ptII/ptolemy/actor/lib/test/auto/PublisherSubscriber12.xml
----------------- Instantiating /home/travis/build/icyphy/ptII/ptolemy/actor/lib/test/auto/PublisherSubscriber12.xml
2 ms. Memory: 1547776K Free: 1020492K (66%)
----------------- Invoking toplevel() on ptolemy.moml.MoMLSimpleApplication@7dfd8667
----------------- Done invoking toplevel() on ptolemy.moml.MoMLSimpleApplication@7dfd8667
reloadAllAccessors: .PublisherSubscriber12
----------------- testing Mon May 14 00:48:55 UTC 2018 /home/travis/build/icyphy/ptII/ptolemy/actor/lib/test/auto/PublisherSubscriber13.xml
----------------- Instantiating /home/travis/build/icyphy/ptII/ptolemy/actor/lib/test/auto/PublisherSubscriber13.xml
2 ms. Memory: 1547776K Free: 1006028K (65%)
----------------- Invoking toplevel() on ptolemy.moml.MoMLSimpleApplication@3c65cb1c
----------------- Done invoking toplevel() on ptolemy.moml.MoMLSimpleApplication@3c65cb1c
reloadAllAccessors: .PublisherSubscriber13
----------------- testing Mon May 14 00:48:55 UTC 2018 /home/travis/build/icyphy/ptII/ptolemy/actor/lib/test/auto/PublisherSubscriber14.xml
----------------- Instantiating /home/travis/build/icyphy/ptII/ptolemy/actor/lib/test/auto/PublisherSubscriber14.xml
2 ms. Memory: 1547776K Free: 984069K (64%)
----------------- Invoking toplevel() on ptolemy.moml.MoMLSimpleApplication@4cdc2d04
----------------- Done invoking toplevel() on ptolemy.moml.MoMLSimpleApplication@4cdc2d04
reloadAllAccessors: .PublisherSubscriber14
----------------- testing Mon May 14 00:48:55 UTC 2018 /home/travis/build/icyphy/ptII/ptolemy/actor/lib/test/auto/PublisherSubscriber2.xml
----------------- Instantiating /home/travis/build/icyphy/ptII/ptolemy/actor/lib/test/auto/PublisherSubscriber2.xml
3 ms. Memory: 1547776K Free: 969605K (63%)
----------------- Invoking toplevel() on ptolemy.moml.MoMLSimpleApplication@591c406c
----------------- Done invoking toplevel() on ptolemy.moml.MoMLSimpleApplication@591c406c
reloadAllAccessors: .PublisherSubscriber2
----------------- testing Mon May 14 00:48:55 UTC 2018 /home/travis/build/icyphy/ptII/ptolemy/actor/lib/test/auto/PublisherSubscriber3.xml
----------------- Instantiating /home/travis/build/icyphy/ptII/ptolemy/actor/lib/test/auto/PublisherSubscriber3.xml
2 ms. Memory: 1547776K Free: 955141K (62%)
----------------- Invoking toplevel() on ptolemy.moml.MoMLSimpleApplication@10db00fb
----------------- Done invoking toplevel() on ptolemy.moml.MoMLSimpleApplication@10db00fb
reloadAllAccessors: .PublisherSubscriber3
----------------- testing Mon May 14 00:48:55 UTC 2018 /home/travis/build/icyphy/ptII/ptolemy/actor/lib/test/auto/PublisherSubscriber4.xml
----------------- Instantiating /home/travis/build/icyphy/ptII/ptolemy/actor/lib/test/auto/PublisherSubscriber4.xml
1 ms. Memory: 1547776K Free: 933182K (60%)
----------------- Invoking toplevel() on ptolemy.moml.MoMLSimpleApplication@724f75e4
----------------- Done invoking toplevel() on ptolemy.moml.MoMLSimpleApplication@724f75e4
reloadAllAccessors: .PublisherSubscriber4
----------------- testing Mon May 14 00:48:55 UTC 2018 /home/travis/build/icyphy/ptII/ptolemy/actor/lib/test/auto/PublisherSubscriber5.xml
----------------- Instantiating /home/travis/build/icyphy/ptII/ptolemy/actor/lib/test/auto/PublisherSubscriber5.xml
2 ms. Memory: 1547776K Free: 918718K (59%)
----------------- Invoking toplevel() on ptolemy.moml.MoMLSimpleApplication@6c50b6e7
----------------- Done invoking toplevel() on ptolemy.moml.MoMLSimpleApplication@6c50b6e7
reloadAllAccessors: .PublisherSubscriber5
----------------- testing Mon May 14 00:48:55 UTC 2018 /home/travis/build/icyphy/ptII/ptolemy/actor/lib/test/auto/PublisherSubscriber6.xml
----------------- Instantiating /home/travis/build/icyphy/ptII/ptolemy/actor/lib/test/auto/PublisherSubscriber6.xml
5 ms. Memory: 1547776K Free: 904254K (58%)
----------------- Invoking toplevel() on ptolemy.moml.MoMLSimpleApplication@32557517
----------------- Done invoking toplevel() on ptolemy.moml.MoMLSimpleApplication@32557517
reloadAllAccessors: .PublisherSubscriber6
----------------- testing Mon May 14 00:48:55 UTC 2018 /home/travis/build/icyphy/ptII/ptolemy/actor/lib/test/auto/PublisherSubscriber7.xml
----------------- Instantiating /home/travis/build/icyphy/ptII/ptolemy/actor/lib/test/auto/PublisherSubscriber7.xml
5 ms. Memory: 1547776K Free: 882295K (57%)
----------------- Invoking toplevel() on ptolemy.moml.MoMLSimpleApplication@54a6cb3b
----------------- Done invoking toplevel() on ptolemy.moml.MoMLSimpleApplication@54a6cb3b
reloadAllAccessors: .PublisherSubscriber7
----------------- testing Mon May 14 00:48:56 UTC 2018 /home/travis/build/icyphy/ptII/ptolemy/actor/lib/test/auto/PublisherSubscriber8.xml
----------------- Instantiating /home/travis/build/icyphy/ptII/ptolemy/actor/lib/test/auto/PublisherSubscriber8.xml
33 ms. Memory: 1547776K Free: 795510K (51%)
----------------- Invoking toplevel() on ptolemy.moml.MoMLSimpleApplication@3ea9a290
----------------- Done invoking toplevel() on ptolemy.moml.MoMLSimpleApplication@3ea9a290
reloadAllAccessors: .PublisherSubscriber8
----------------- testing Mon May 14 00:48:56 UTC 2018 /home/travis/build/icyphy/ptII/ptolemy/actor/lib/test/auto/PublisherSubscriber9.xml
----------------- Instantiating /home/travis/build/icyphy/ptII/ptolemy/actor/lib/test/auto/PublisherSubscriber9.xml
2 ms. Memory: 1547776K Free: 781046K (50%)
----------------- Invoking toplevel() on ptolemy.moml.MoMLSimpleApplication@69bb263b
----------------- Done invoking toplevel() on ptolemy.moml.MoMLSimpleApplication@69bb263b
reloadAllAccessors: .PublisherSubscriber9
----------------- testing Mon May 14 00:48:56 UTC 2018 /home/travis/build/icyphy/ptII/ptolemy/actor/lib/test/auto/PublisherSubscriberAdjacent.xml
----------------- Instantiating /home/travis/build/icyphy/ptII/ptolemy/actor/lib/test/auto/PublisherSubscriberAdjacent.xml
2 ms. Memory: 1547776K Free: 759087K (49%)
----------------- Invoking toplevel() on ptolemy.moml.MoMLSimpleApplication@601f317b
----------------- Done invoking toplevel() on ptolemy.moml.MoMLSimpleApplication@601f317b
reloadAllAccessors: .PublisherSubscriberAdjacent
----------------- testing Mon May 14 00:48:56 UTC 2018 /home/travis/build/icyphy/ptII/ptolemy/actor/lib/test/auto/PublisherSubscriberChannelVariablesAOC2.xml
----------------- Instantiating /home/travis/build/icyphy/ptII/ptolemy/actor/lib/test/auto/PublisherSubscriberChannelVariablesAOC2.xml
3 ms. Memory: 1547776K Free: 737375K (48%)
----------------- Invoking toplevel() on ptolemy.moml.MoMLSimpleApplication@59156079
----------------- Done invoking toplevel() on ptolemy.moml.MoMLSimpleApplication@59156079
reloadAllAccessors: .PublisherSubscriberChannelVariablesAOC2
----------------- testing Mon May 14 00:48:56 UTC 2018 /home/travis/build/icyphy/ptII/ptolemy/actor/lib/test/auto/PublisherSubscriberD3.xml
----------------- Instantiating /home/travis/build/icyphy/ptII/ptolemy/actor/lib/test/auto/PublisherSubscriberD3.xml
2 ms. Memory: 1547776K Free: 722911K (47%)
----------------- Invoking toplevel() on ptolemy.moml.MoMLSimpleApplication@5c419cb9
----------------- Done invoking toplevel() on ptolemy.moml.MoMLSimpleApplication@5c419cb9
reloadAllAccessors: .PublisherSubscriberD3
----------------- testing Mon May 14 00:48:56 UTC 2018 /home/travis/build/icyphy/ptII/ptolemy/actor/lib/test/auto/PublisherSubscriberD3Reverse.xml
----------------- Instantiating /home/travis/build/icyphy/ptII/ptolemy/actor/lib/test/auto/PublisherSubscriberD3Reverse.xml
1 ms. Memory: 1547776K Free: 700952K (45%)
----------------- Invoking toplevel() on ptolemy.moml.MoMLSimpleApplication@541f8115
----------------- Done invoking toplevel() on ptolemy.moml.MoMLSimpleApplication@541f8115
reloadAllAccessors: .PublisherSubscriberD3Reverse
----------------- testing Mon May 14 00:48:56 UTC 2018 /home/travis/build/icyphy/ptII/ptolemy/actor/lib/test/auto/PublisherSubscriberExpression.xml
----------------- Instantiating /home/travis/build/icyphy/ptII/ptolemy/actor/lib/test/auto/PublisherSubscriberExpression.xml
4 ms. Memory: 1547776K Free: 686488K (44%)
----------------- Invoking toplevel() on ptolemy.moml.MoMLSimpleApplication@23f329fc
----------------- Done invoking toplevel() on ptolemy.moml.MoMLSimpleApplication@23f329fc
reloadAllAccessors: .PublisherSubscriberExpression
----------------- testing Mon May 14 00:48:56 UTC 2018 /home/travis/build/icyphy/ptII/ptolemy/actor/lib/test/auto/PublisherSubscriberOpaque.xml
----------------- Instantiating /home/travis/build/icyphy/ptII/ptolemy/actor/lib/test/auto/PublisherSubscriberOpaque.xml
3 ms. Memory: 1547776K Free: 672024K (43%)
----------------- Invoking toplevel() on ptolemy.moml.MoMLSimpleApplication@7617c622
----------------- Done invoking toplevel() on ptolemy.moml.MoMLSimpleApplication@7617c622
reloadAllAccessors: .PublisherSubscriberOpaque
----------------- testing Mon May 14 00:48:56 UTC 2018 /home/travis/build/icyphy/ptII/ptolemy/actor/lib/test/auto/PublisherSubscriberOpaqueD3.xml
----------------- Instantiating /home/travis/build/icyphy/ptII/ptolemy/actor/lib/test/auto/PublisherSubscriberOpaqueD3.xml
6 ms. Memory: 1547776K Free: 642817K (42%)
----------------- Invoking toplevel() on ptolemy.moml.MoMLSimpleApplication@13b53822
----------------- Done invoking toplevel() on ptolemy.moml.MoMLSimpleApplication@13b53822
reloadAllAccessors: .PublisherSubscriberOpaqueD3
----------------- testing Mon May 14 00:48:56 UTC 2018 /home/travis/build/icyphy/ptII/ptolemy/actor/lib/test/auto/PublisherSubscriberOpaqueD3Reverse.xml
----------------- Instantiating /home/travis/build/icyphy/ptII/ptolemy/actor/lib/test/auto/PublisherSubscriberOpaqueD3Reverse.xml
7 ms. Memory: 1547776K Free: 628353K (41%)
----------------- Invoking toplevel() on ptolemy.moml.MoMLSimpleApplication@732de9e5
----------------- Done invoking toplevel() on ptolemy.moml.MoMLSimpleApplication@732de9e5
reloadAllAccessors: .PublisherSubscriberOpaqueD3Reverse
----------------- testing Mon May 14 00:48:56 UTC 2018 /home/travis/build/icyphy/ptII/ptolemy/actor/lib/test/auto/PublisherSubscriberOpaqueWidthInference.xml
----------------- Instantiating /home/travis/build/icyphy/ptII/ptolemy/actor/lib/test/auto/PublisherSubscriberOpaqueWidthInference.xml
5 ms. Memory: 1547776K Free: 613889K (40%)
----------------- Invoking toplevel() on ptolemy.moml.MoMLSimpleApplication@60ef325d
----------------- Done invoking toplevel() on ptolemy.moml.MoMLSimpleApplication@60ef325d
reloadAllAccessors: .PublisherSubscriberOpaqueWidthInference
----------------- testing Mon May 14 00:48:56 UTC 2018 /home/travis/build/icyphy/ptII/ptolemy/actor/lib/test/auto/PublisherTestSubscriber.xml
----------------- Instantiating /home/travis/build/icyphy/ptII/ptolemy/actor/lib/test/auto/PublisherTestSubscriber.xml
2 ms. Memory: 1547776K Free: 591929K (38%)
----------------- Invoking toplevel() on ptolemy.moml.MoMLSimpleApplication@6486a08c
----------------- Done invoking toplevel() on ptolemy.moml.MoMLSimpleApplication@6486a08c
reloadAllAccessors: .PublisherTestSubscriber
----------------- testing Mon May 14 00:48:56 UTC 2018 /home/travis/build/icyphy/ptII/ptolemy/actor/lib/test/auto/PublisherToplevelSubscriberPortAOC.xml
----------------- Instantiating /home/travis/build/icyphy/ptII/ptolemy/actor/lib/test/auto/PublisherToplevelSubscriberPortAOC.xml
2 ms. Memory: 1547776K Free: 577465K (37%)
----------------- Invoking toplevel() on ptolemy.moml.MoMLSimpleApplication@1a9e1398
----------------- Done invoking toplevel() on ptolemy.moml.MoMLSimpleApplication@1a9e1398
reloadAllAccessors: .PublisherToplevelSubscriberPortAOC
----------------- testing Mon May 14 00:48:56 UTC 2018 /home/travis/build/icyphy/ptII/ptolemy/actor/lib/test/auto/PulseFiringLimitDE.xml
----------------- Instantiating /home/travis/build/icyphy/ptII/ptolemy/actor/lib/test/auto/PulseFiringLimitDE.xml
2 ms. Memory: 1547776K Free: 563001K (36%)
----------------- Invoking toplevel() on ptolemy.moml.MoMLSimpleApplication@48cd6795
----------------- Done invoking toplevel() on ptolemy.moml.MoMLSimpleApplication@48cd6795
reloadAllAccessors: .PulseFiringLimitDE
----------------- testing Mon May 14 00:48:56 UTC 2018 /home/travis/build/icyphy/ptII/ptolemy/actor/lib/test/auto/Ramp1.xml
----------------- Instantiating /home/travis/build/icyphy/ptII/ptolemy/actor/lib/test/auto/Ramp1.xml
1 ms. Memory: 1547776K Free: 541042K (35%)
----------------- Invoking toplevel() on ptolemy.moml.MoMLSimpleApplication@5a7b76a5
----------------- Done invoking toplevel() on ptolemy.moml.MoMLSimpleApplication@5a7b76a5
reloadAllAccessors: .Ramp1
----------------- testing Mon May 14 00:48:56 UTC 2018 /home/travis/build/icyphy/ptII/ptolemy/actor/lib/test/auto/RampFiringLimitDE.xml
----------------- Instantiating /home/travis/build/icyphy/ptII/ptolemy/actor/lib/test/auto/RampFiringLimitDE.xml
2 ms. Memory: 1547776K Free: 526578K (34%)
----------------- Invoking toplevel() on ptolemy.moml.MoMLSimpleApplication@44534cbc
----------------- Done invoking toplevel() on ptolemy.moml.MoMLSimpleApplication@44534cbc
reloadAllAccessors: .RampFiringLimitDE
----------------- testing Mon May 14 00:48:56 UTC 2018 /home/travis/build/icyphy/ptII/ptolemy/actor/lib/test/auto/RampFiringLimitSDF.xml
----------------- Instantiating /home/travis/build/icyphy/ptII/ptolemy/actor/lib/test/auto/RampFiringLimitSDF.xml
2 ms. Memory: 1547776K Free: 512114K (33%)
----------------- Invoking toplevel() on ptolemy.moml.MoMLSimpleApplication@4eb9a518
----------------- Done invoking toplevel() on ptolemy.moml.MoMLSimpleApplication@4eb9a518
reloadAllAccessors: .RampFiringLimitSDF
----------------- testing Mon May 14 00:48:56 UTC 2018 /home/travis/build/icyphy/ptII/ptolemy/actor/lib/test/auto/RandomInteger.xml
----------------- Instantiating /home/travis/build/icyphy/ptII/ptolemy/actor/lib/test/auto/RandomInteger.xml
1 ms. Memory: 1547776K Free: 490155K (32%)
----------------- Invoking toplevel() on ptolemy.moml.MoMLSimpleApplication@3b41f47b
----------------- Done invoking toplevel() on ptolemy.moml.MoMLSimpleApplication@3b41f47b
reloadAllAccessors: .RandomInteger
----------------- testing Mon May 14 00:48:56 UTC 2018 /home/travis/build/icyphy/ptII/ptolemy/actor/lib/test/auto/ReadFile1.xml
----------------- Instantiating /home/travis/build/icyphy/ptII/ptolemy/actor/lib/test/auto/ReadFile1.xml
2 ms. Memory: 1547776K Free: 475691K (31%)
----------------- Invoking toplevel() on ptolemy.moml.MoMLSimpleApplication@f6539c
----------------- Done invoking toplevel() on ptolemy.moml.MoMLSimpleApplication@f6539c
reloadAllAccessors: .ReadFile1
----------------- testing Mon May 14 00:48:56 UTC 2018 /home/travis/build/icyphy/ptII/ptolemy/actor/lib/test/auto/ReadFile2.xml
----------------- Instantiating /home/travis/build/icyphy/ptII/ptolemy/actor/lib/test/auto/ReadFile2.xml
1 ms. Memory: 1547776K Free: 461227K (30%)
----------------- Invoking toplevel() on ptolemy.moml.MoMLSimpleApplication@7a528e0e
----------------- Done invoking toplevel() on ptolemy.moml.MoMLSimpleApplication@7a528e0e
reloadAllAccessors: .ReadFile2
----------------- testing Mon May 14 00:48:56 UTC 2018 /home/travis/build/icyphy/ptII/ptolemy/actor/lib/test/auto/Reader.xml
----------------- Instantiating /home/travis/build/icyphy/ptII/ptolemy/actor/lib/test/auto/Reader.xml
actor.lib.Reader is obsolete, use actor.lib.io.ExpressionReader instead
2 ms. Memory: 1547776K Free: 439268K (28%)
----------------- Invoking toplevel() on ptolemy.moml.MoMLSimpleApplication@7f040de7
----------------- Done invoking toplevel() on ptolemy.moml.MoMLSimpleApplication@7f040de7
reloadAllAccessors: .Reader
----------------- testing Mon May 14 00:48:56 UTC 2018 /home/travis/build/icyphy/ptII/ptolemy/actor/lib/test/auto/RecordAssemblerDisplayNameTest.xml
----------------- Instantiating /home/travis/build/icyphy/ptII/ptolemy/actor/lib/test/auto/RecordAssemblerDisplayNameTest.xml
4039 ms. Memory: 1581568K Free: 631916K (40%)
----------------- Invoking toplevel() on ptolemy.moml.MoMLSimpleApplication@7071f458
----------------- Done invoking toplevel() on ptolemy.moml.MoMLSimpleApplication@7071f458
reloadAllAccessors: .RecordAssemblerDisplayNameTest
----------------- testing Mon May 14 00:49:00 UTC 2018 /home/travis/build/icyphy/ptII/ptolemy/actor/lib/test/auto/RecordAssemblerTypeError.xml
----------------- Instantiating /home/travis/build/icyphy/ptII/ptolemy/actor/lib/test/auto/RecordAssemblerTypeError.xml
11 ms. Memory: 1581568K Free: 600414K (38%)
----------------- Invoking toplevel() on ptolemy.moml.MoMLSimpleApplication@4abae473
----------------- Done invoking toplevel() on ptolemy.moml.MoMLSimpleApplication@4abae473
reloadAllAccessors: .RecordAssemblerTypeError
----------------- testing Mon May 14 00:49:00 UTC 2018 /home/travis/build/icyphy/ptII/ptolemy/actor/lib/test/auto/RecordDisassember.xml
----------------- Instantiating /home/travis/build/icyphy/ptII/ptolemy/actor/lib/test/auto/RecordDisassember.xml
3 ms. Memory: 1581568K Free: 585801K (37%)
----------------- Invoking toplevel() on ptolemy.moml.MoMLSimpleApplication@2795959e
----------------- Done invoking toplevel() on ptolemy.moml.MoMLSimpleApplication@2795959e
reloadAllAccessors: .RecordDisassember
----------------- testing Mon May 14 00:49:00 UTC 2018 /home/travis/build/icyphy/ptII/ptolemy/actor/lib/test/auto/RecordDisassemberDisplayNameTest.xml
----------------- Instantiating /home/travis/build/icyphy/ptII/ptolemy/actor/lib/test/auto/RecordDisassemberDisplayNameTest.xml
5 ms. Memory: 1581568K Free: 565313K (36%)
----------------- Invoking toplevel() on ptolemy.moml.MoMLSimpleApplication@40f4508
----------------- Done invoking toplevel() on ptolemy.moml.MoMLSimpleApplication@40f4508
reloadAllAccessors: .RecordDisassemberDisplayNameTest
----------------- testing Mon May 14 00:49:00 UTC 2018 /home/travis/build/icyphy/ptII/ptolemy/actor/lib/test/auto/RecordDisassembler.xml
----------------- Instantiating /home/travis/build/icyphy/ptII/ptolemy/actor/lib/test/auto/RecordDisassembler.xml
2 ms. Memory: 1581568K Free: 550701K (35%)
----------------- Invoking toplevel() on ptolemy.moml.MoMLSimpleApplication@414bf9b1
----------------- Done invoking toplevel() on ptolemy.moml.MoMLSimpleApplication@414bf9b1
reloadAllAccessors: .RecordDisassembler
----------------- testing Mon May 14 00:49:00 UTC 2018 /home/travis/build/icyphy/ptII/ptolemy/actor/lib/test/auto/RecordDisassembler2.xml
----------------- Instantiating /home/travis/build/icyphy/ptII/ptolemy/actor/lib/test/auto/RecordDisassembler2.xml
2 ms. Memory: 1581568K Free: 530212K (34%)
----------------- Invoking toplevel() on ptolemy.moml.MoMLSimpleApplication@7164e2ca
----------------- Done invoking toplevel() on ptolemy.moml.MoMLSimpleApplication@7164e2ca
reloadAllAccessors: .RecordDisassembler2
----------------- testing Mon May 14 00:49:00 UTC 2018 /home/travis/build/icyphy/ptII/ptolemy/actor/lib/test/auto/RecordUpdater.xml
----------------- Instantiating /home/travis/build/icyphy/ptII/ptolemy/actor/lib/test/auto/RecordUpdater.xml
2 ms. Memory: 1581568K Free: 515600K (33%)
----------------- Invoking toplevel() on ptolemy.moml.MoMLSimpleApplication@67668075
----------------- Done invoking toplevel() on ptolemy.moml.MoMLSimpleApplication@67668075
reloadAllAccessors: .RecordUpdater
----------------- testing Mon May 14 00:49:00 UTC 2018 /home/travis/build/icyphy/ptII/ptolemy/actor/lib/test/auto/RecordUpdater2.xml
----------------- Instantiating /home/travis/build/icyphy/ptII/ptolemy/actor/lib/test/auto/RecordUpdater2.xml
2 ms. Memory: 1581568K Free: 500987K (32%)
----------------- Invoking toplevel() on ptolemy.moml.MoMLSimpleApplication@7370a6d0
----------------- Done invoking toplevel() on ptolemy.moml.MoMLSimpleApplication@7370a6d0
reloadAllAccessors: .RecordUpdater2
----------------- testing Mon May 14 00:49:00 UTC 2018 /home/travis/build/icyphy/ptII/ptolemy/actor/lib/test/auto/RecursiveLattice.xml
----------------- Instantiating /home/travis/build/icyphy/ptII/ptolemy/actor/lib/test/auto/RecursiveLattice.xml
3 ms. Memory: 1581568K Free: 480499K (30%)
----------------- Invoking toplevel() on ptolemy.moml.MoMLSimpleApplication@7dd82344
----------------- Done invoking toplevel() on ptolemy.moml.MoMLSimpleApplication@7dd82344
reloadAllAccessors: .RecursiveLattice
----------------- testing Mon May 14 00:49:00 UTC 2018 /home/travis/build/icyphy/ptII/ptolemy/actor/lib/test/auto/Router.xml
----------------- Instantiating /home/travis/build/icyphy/ptII/ptolemy/actor/lib/test/auto/Router.xml
3004 ms. Memory: 1581568K Free: 465886K (29%)
----------------- Invoking toplevel() on ptolemy.moml.MoMLSimpleApplication@5d22346b
----------------- Done invoking toplevel() on ptolemy.moml.MoMLSimpleApplication@5d22346b
reloadAllAccessors: .Router
----------------- testing Mon May 14 00:49:03 UTC 2018 /home/travis/build/icyphy/ptII/ptolemy/actor/lib/test/auto/Router2.xml
----------------- Instantiating /home/travis/build/icyphy/ptII/ptolemy/actor/lib/test/auto/Router2.xml
3003 ms. Memory: 1581568K Free: 445398K (28%)
----------------- Invoking toplevel() on ptolemy.moml.MoMLSimpleApplication@2ef3480b
----------------- Done invoking toplevel() on ptolemy.moml.MoMLSimpleApplication@2ef3480b
reloadAllAccessors: .Router2
----------------- testing Mon May 14 00:49:06 UTC 2018 /home/travis/build/icyphy/ptII/ptolemy/actor/lib/test/auto/RunningMaximum.xml
----------------- Instantiating /home/travis/build/icyphy/ptII/ptolemy/actor/lib/test/auto/RunningMaximum.xml
1 ms. Memory: 1581568K Free: 430785K (27%)
----------------- Invoking toplevel() on ptolemy.moml.MoMLSimpleApplication@40aaf74c
----------------- Done invoking toplevel() on ptolemy.moml.MoMLSimpleApplication@40aaf74c
reloadAllAccessors: .RunningMaximum
----------------- testing Mon May 14 00:49:06 UTC 2018 /home/travis/build/icyphy/ptII/ptolemy/actor/lib/test/auto/RunningMinimum.xml
----------------- Instantiating /home/travis/build/icyphy/ptII/ptolemy/actor/lib/test/auto/RunningMinimum.xml
1 ms. Memory: 1581568K Free: 410297K (26%)
----------------- Invoking toplevel() on ptolemy.moml.MoMLSimpleApplication@7759b617
----------------- Done invoking toplevel() on ptolemy.moml.MoMLSimpleApplication@7759b617
reloadAllAccessors: .RunningMinimum
----------------- testing Mon May 14 00:49:06 UTC 2018 /home/travis/build/icyphy/ptII/ptolemy/actor/lib/test/auto/Scale.xml
----------------- Instantiating /home/travis/build/icyphy/ptII/ptolemy/actor/lib/test/auto/Scale.xml
2 ms. Memory: 1581568K Free: 395684K (25%)
----------------- Invoking toplevel() on ptolemy.moml.MoMLSimpleApplication@445c7042
----------------- Done invoking toplevel() on ptolemy.moml.MoMLSimpleApplication@445c7042
reloadAllAccessors: .Scale
----------------- testing Mon May 14 00:49:06 UTC 2018 /home/travis/build/icyphy/ptII/ptolemy/actor/lib/test/auto/Scale2.xml
----------------- Instantiating /home/travis/build/icyphy/ptII/ptolemy/actor/lib/test/auto/Scale2.xml
2 ms. Memory: 1581568K Free: 381072K (24%)
----------------- Invoking toplevel() on ptolemy.moml.MoMLSimpleApplication@569dbc20
----------------- Done invoking toplevel() on ptolemy.moml.MoMLSimpleApplication@569dbc20
reloadAllAccessors: .Scale2
----------------- testing Mon May 14 00:49:06 UTC 2018 /home/travis/build/icyphy/ptII/ptolemy/actor/lib/test/auto/Scale3.xml
----------------- Instantiating /home/travis/build/icyphy/ptII/ptolemy/actor/lib/test/auto/Scale3.xml
3 ms. Memory: 1581568K Free: 360583K (23%)
----------------- Invoking toplevel() on ptolemy.moml.MoMLSimpleApplication@458dbd55
----------------- Done invoking toplevel() on ptolemy.moml.MoMLSimpleApplication@458dbd55
reloadAllAccessors: .Scale3
----------------- testing Mon May 14 00:49:06 UTC 2018 /home/travis/build/icyphy/ptII/ptolemy/actor/lib/test/auto/ScaleArray.xml
----------------- Instantiating /home/travis/build/icyphy/ptII/ptolemy/actor/lib/test/auto/ScaleArray.xml
2 ms. Memory: 1581568K Free: 345971K (22%)
----------------- Invoking toplevel() on ptolemy.moml.MoMLSimpleApplication@38fccf63
----------------- Done invoking toplevel() on ptolemy.moml.MoMLSimpleApplication@38fccf63
reloadAllAccessors: .ScaleArray
----------------- testing Mon May 14 00:49:06 UTC 2018 /home/travis/build/icyphy/ptII/ptolemy/actor/lib/test/auto/ScaleArray2.xml
----------------- Instantiating /home/travis/build/icyphy/ptII/ptolemy/actor/lib/test/auto/ScaleArray2.xml
1 ms. Memory: 1581568K Free: 325482K (21%)
----------------- Invoking toplevel() on ptolemy.moml.MoMLSimpleApplication@63dafd3
----------------- Done invoking toplevel() on ptolemy.moml.MoMLSimpleApplication@63dafd3
reloadAllAccessors: .ScaleArray2
----------------- testing Mon May 14 00:49:06 UTC 2018 /home/travis/build/icyphy/ptII/ptolemy/actor/lib/test/auto/ScaleMatrix.xml
----------------- Instantiating /home/travis/build/icyphy/ptII/ptolemy/actor/lib/test/auto/ScaleMatrix.xml
139 ms. Memory: 1581568K Free: 303564K (19%)
----------------- Invoking toplevel() on ptolemy.moml.MoMLSimpleApplication@4801bc5a
----------------- Done invoking toplevel() on ptolemy.moml.MoMLSimpleApplication@4801bc5a
reloadAllAccessors: .ScaleMatrix
----------------- testing Mon May 14 00:49:07 UTC 2018 /home/travis/build/icyphy/ptII/ptolemy/actor/lib/test/auto/Select.xml
----------------- Instantiating /home/travis/build/icyphy/ptII/ptolemy/actor/lib/test/auto/Select.xml
2 ms. Memory: 1581568K Free: 283075K (18%)
----------------- Invoking toplevel() on ptolemy.moml.MoMLSimpleApplication@6c337a3c
----------------- Done invoking toplevel() on ptolemy.moml.MoMLSimpleApplication@6c337a3c
reloadAllAccessors: .Select
----------------- testing Mon May 14 00:49:07 UTC 2018 /home/travis/build/icyphy/ptII/ptolemy/actor/lib/test/auto/Select2.xml
----------------- Instantiating /home/travis/build/icyphy/ptII/ptolemy/actor/lib/test/auto/Select2.xml
1 ms. Memory: 1581568K Free: 268463K (17%)
----------------- Invoking toplevel() on ptolemy.moml.MoMLSimpleApplication@5609b2af
----------------- Done invoking toplevel() on ptolemy.moml.MoMLSimpleApplication@5609b2af
reloadAllAccessors: .Select2
----------------- testing Mon May 14 00:49:07 UTC 2018 /home/travis/build/icyphy/ptII/ptolemy/actor/lib/test/auto/SequenceToArray2.xml
----------------- Instantiating /home/travis/build/icyphy/ptII/ptolemy/actor/lib/test/auto/SequenceToArray2.xml
89 ms. Memory: 1581568K Free: 180772K (11%)
----------------- Invoking toplevel() on ptolemy.moml.MoMLSimpleApplication@4a002bc8
----------------- Done invoking toplevel() on ptolemy.moml.MoMLSimpleApplication@4a002bc8
reloadAllAccessors: .SequenceToArray2
----------------- testing Mon May 14 00:49:07 UTC 2018 /home/travis/build/icyphy/ptII/ptolemy/actor/lib/test/auto/SequentialClock.xml
----------------- Instantiating /home/travis/build/icyphy/ptII/ptolemy/actor/lib/test/auto/SequentialClock.xml
1 ms. Memory: 1581568K Free: 160283K (10%)
----------------- Invoking toplevel() on ptolemy.moml.MoMLSimpleApplication@46498de3
----------------- Done invoking toplevel() on ptolemy.moml.MoMLSimpleApplication@46498de3
reloadAllAccessors: .SequentialClock
----------------- testing Mon May 14 00:49:07 UTC 2018 /home/travis/build/icyphy/ptII/ptolemy/actor/lib/test/auto/SetVariable.xml
----------------- Instantiating /home/travis/build/icyphy/ptII/ptolemy/actor/lib/test/auto/SetVariable.xml
2 ms. Memory: 1581568K Free: 145671K (9%)
----------------- Invoking toplevel() on ptolemy.moml.MoMLSimpleApplication@697ae44a
----------------- Done invoking toplevel() on ptolemy.moml.MoMLSimpleApplication@697ae44a
reloadAllAccessors: .SetVariable
----------------- testing Mon May 14 00:49:07 UTC 2018 /home/travis/build/icyphy/ptII/ptolemy/actor/lib/test/auto/SetVariable2.xml
----------------- Instantiating /home/travis/build/icyphy/ptII/ptolemy/actor/lib/test/auto/SetVariable2.xml
4 ms. Memory: 1581568K Free: 125182K (8%)
----------------- Invoking toplevel() on ptolemy.moml.MoMLSimpleApplication@995acf7
----------------- Done invoking toplevel() on ptolemy.moml.MoMLSimpleApplication@995acf7
reloadAllAccessors: .SetVariable2
----------------- testing Mon May 14 00:49:07 UTC 2018 /home/travis/build/icyphy/ptII/ptolemy/actor/lib/test/auto/SetVariable3.xml
----------------- Instantiating /home/travis/build/icyphy/ptII/ptolemy/actor/lib/test/auto/SetVariable3.xml
9 ms. Memory: 1581568K Free: 110570K (7%)
----------------- Invoking toplevel() on ptolemy.moml.MoMLSimpleApplication@1dacc855
----------------- Done invoking toplevel() on ptolemy.moml.MoMLSimpleApplication@1dacc855
reloadAllAccessors: .SetVariable3
----------------- testing Mon May 14 00:49:07 UTC 2018 /home/travis/build/icyphy/ptII/ptolemy/actor/lib/test/auto/SetVariable4.xml
----------------- Instantiating /home/travis/build/icyphy/ptII/ptolemy/actor/lib/test/auto/SetVariable4.xml
36 ms. Memory: 1722880K Free: 1645430K (96%)
----------------- Invoking toplevel() on ptolemy.moml.MoMLSimpleApplication@18bf6a12
----------------- Done invoking toplevel() on ptolemy.moml.MoMLSimpleApplication@18bf6a12
reloadAllAccessors: .SetVariable4
----------------- testing Mon May 14 00:49:07 UTC 2018 /home/travis/build/icyphy/ptII/ptolemy/actor/lib/test/auto/SetVariable5.xml
----------------- Instantiating /home/travis/build/icyphy/ptII/ptolemy/actor/lib/test/auto/SetVariable5.xml
14 ms. Memory: 1722880K Free: 1620412K (94%)
----------------- Invoking toplevel() on ptolemy.moml.MoMLSimpleApplication@63a0148d
----------------- Done invoking toplevel() on ptolemy.moml.MoMLSimpleApplication@63a0148d
reloadAllAccessors: .SetVariable5
----------------- testing Mon May 14 00:49:07 UTC 2018 /home/travis/build/icyphy/ptII/ptolemy/actor/lib/test/auto/Sinewave.xml
----------------- Instantiating /home/travis/build/icyphy/ptII/ptolemy/actor/lib/test/auto/Sinewave.xml
9 ms. Memory: 1722880K Free: 1599477K (93%)
----------------- Invoking toplevel() on ptolemy.moml.MoMLSimpleApplication@17206bfc
----------------- Done invoking toplevel() on ptolemy.moml.MoMLSimpleApplication@17206bfc
reloadAllAccessors: .Sinewave
----------------- testing Mon May 14 00:49:07 UTC 2018 /home/travis/build/icyphy/ptII/ptolemy/actor/lib/test/auto/Sinewave2.xml
----------------- Instantiating /home/travis/build/icyphy/ptII/ptolemy/actor/lib/test/auto/Sinewave2.xml
4 ms. Memory: 1722880K Free: 1588674K (92%)
----------------- Invoking toplevel() on ptolemy.moml.MoMLSimpleApplication@45946fcc
----------------- Done invoking toplevel() on ptolemy.moml.MoMLSimpleApplication@45946fcc
reloadAllAccessors: .Sinewave2
----------------- testing Mon May 14 00:49:07 UTC 2018 /home/travis/build/icyphy/ptII/ptolemy/actor/lib/test/auto/Sinewave3.xml
----------------- Instantiating /home/travis/build/icyphy/ptII/ptolemy/actor/lib/test/auto/Sinewave3.xml
5 ms. Memory: 1722880K Free: 1573157K (91%)
----------------- Invoking toplevel() on ptolemy.moml.MoMLSimpleApplication@58327989
----------------- Done invoking toplevel() on ptolemy.moml.MoMLSimpleApplication@58327989
reloadAllAccessors: .Sinewave3
----------------- testing Mon May 14 00:49:07 UTC 2018 /home/travis/build/icyphy/ptII/ptolemy/actor/lib/test/auto/SingleEvent.xml
----------------- Instantiating /home/travis/build/icyphy/ptII/ptolemy/actor/lib/test/auto/SingleEvent.xml
1 ms. Memory: 1722880K Free: 1562353K (91%)
----------------- Invoking toplevel() on ptolemy.moml.MoMLSimpleApplication@356fbad9
----------------- Done invoking toplevel() on ptolemy.moml.MoMLSimpleApplication@356fbad9
reloadAllAccessors: .SingleEvent
----------------- testing Mon May 14 00:49:07 UTC 2018 /home/travis/build/icyphy/ptII/ptolemy/actor/lib/test/auto/Sleep.xml
----------------- Instantiating /home/travis/build/icyphy/ptII/ptolemy/actor/lib/test/auto/Sleep.xml
6003 ms. Memory: 1722880K Free: 1546836K (90%)
----------------- Invoking toplevel() on ptolemy.moml.MoMLSimpleApplication@513e153c
----------------- Done invoking toplevel() on ptolemy.moml.MoMLSimpleApplication@513e153c
reloadAllAccessors: .Sleep
----------------- testing Mon May 14 00:49:13 UTC 2018 /home/travis/build/icyphy/ptII/ptolemy/actor/lib/test/auto/SleepMultipleFire.xml
----------------- Instantiating /home/travis/build/icyphy/ptII/ptolemy/actor/lib/test/auto/SleepMultipleFire.xml
1007 ms. Memory: 1722880K Free: 1536033K (89%)
----------------- Invoking toplevel() on ptolemy.moml.MoMLSimpleApplication@20e6b3cf
----------------- Done invoking toplevel() on ptolemy.moml.MoMLSimpleApplication@20e6b3cf
reloadAllAccessors: .SleepMultipleFire
----------------- testing Mon May 14 00:49:14 UTC 2018 /home/travis/build/icyphy/ptII/ptolemy/actor/lib/test/auto/StopDE.xml
----------------- Instantiating /home/travis/build/icyphy/ptII/ptolemy/actor/lib/test/auto/StopDE.xml
3 ms. Memory: 1722880K Free: 1520515K (88%)
----------------- Invoking toplevel() on ptolemy.moml.MoMLSimpleApplication@2751261d
----------------- Done invoking toplevel() on ptolemy.moml.MoMLSimpleApplication@2751261d
reloadAllAccessors: .StopDE
----------------- testing Mon May 14 00:49:14 UTC 2018 /home/travis/build/icyphy/ptII/ptolemy/actor/lib/test/auto/StopSDF.xml
----------------- Instantiating /home/travis/build/icyphy/ptII/ptolemy/actor/lib/test/auto/StopSDF.xml
2 ms. Memory: 1722880K Free: 1509712K (88%)
----------------- Invoking toplevel() on ptolemy.moml.MoMLSimpleApplication@61337183
----------------- Done invoking toplevel() on ptolemy.moml.MoMLSimpleApplication@61337183
reloadAllAccessors: .StopSDF
----------------- testing Mon May 14 00:49:14 UTC 2018 /home/travis/build/icyphy/ptII/ptolemy/actor/lib/test/auto/StringConstant.xml
----------------- Instantiating /home/travis/build/icyphy/ptII/ptolemy/actor/lib/test/auto/StringConstant.xml
3 ms. Memory: 1722880K Free: 1494194K (87%)
----------------- Invoking toplevel() on ptolemy.moml.MoMLSimpleApplication@1975ef07
----------------- Done invoking toplevel() on ptolemy.moml.MoMLSimpleApplication@1975ef07
reloadAllAccessors: .StringConstant
----------------- testing Mon May 14 00:49:14 UTC 2018 /home/travis/build/icyphy/ptII/ptolemy/actor/lib/test/auto/SubscriberPortInitialValues1.xml
----------------- Instantiating /home/travis/build/icyphy/ptII/ptolemy/actor/lib/test/auto/SubscriberPortInitialValues1.xml
7 ms. Memory: 1722880K Free: 1477982K (86%)
----------------- Invoking toplevel() on ptolemy.moml.MoMLSimpleApplication@146b3c69
----------------- Done invoking toplevel() on ptolemy.moml.MoMLSimpleApplication@146b3c69
reloadAllAccessors: .SubscriberPortInitialValues1
----------------- testing Mon May 14 00:49:14 UTC 2018 /home/travis/build/icyphy/ptII/ptolemy/actor/lib/test/auto/SubscriberPortInitialValues13.xml
----------------- Instantiating /home/travis/build/icyphy/ptII/ptolemy/actor/lib/test/auto/SubscriberPortInitialValues13.xml
4 ms. Memory: 1722880K Free: 1457046K (85%)
----------------- Invoking toplevel() on ptolemy.moml.MoMLSimpleApplication@c3ad91f
----------------- Done invoking toplevel() on ptolemy.moml.MoMLSimpleApplication@c3ad91f
reloadAllAccessors: .SubscriberPortInitialValues13
----------------- testing Mon May 14 00:49:14 UTC 2018 /home/travis/build/icyphy/ptII/ptolemy/actor/lib/test/auto/SubscriberPortInitialValues14.xml
----------------- Instantiating /home/travis/build/icyphy/ptII/ptolemy/actor/lib/test/auto/SubscriberPortInitialValues14.xml
3 ms. Memory: 1722880K Free: 1446243K (84%)
----------------- Invoking toplevel() on ptolemy.moml.MoMLSimpleApplication@5659728
----------------- Done invoking toplevel() on ptolemy.moml.MoMLSimpleApplication@5659728
reloadAllAccessors: .SubscriberPortInitialValues14
----------------- testing Mon May 14 00:49:14 UTC 2018 /home/travis/build/icyphy/ptII/ptolemy/actor/lib/test/auto/SubscriberPortInitialValues2.xml
----------------- Instantiating /home/travis/build/icyphy/ptII/ptolemy/actor/lib/test/auto/SubscriberPortInitialValues2.xml
4 ms. Memory: 1722880K Free: 1430726K (83%)
----------------- Invoking toplevel() on ptolemy.moml.MoMLSimpleApplication@3a9293b5
----------------- Done invoking toplevel() on ptolemy.moml.MoMLSimpleApplication@3a9293b5
reloadAllAccessors: .SubscriberPortInitialValues2
----------------- testing Mon May 14 00:49:14 UTC 2018 /home/travis/build/icyphy/ptII/ptolemy/actor/lib/test/auto/SubscriberPortInitialValues3.xml
----------------- Instantiating /home/travis/build/icyphy/ptII/ptolemy/actor/lib/test/auto/SubscriberPortInitialValues3.xml
4 ms. Memory: 1722880K Free: 1414521K (82%)
----------------- Invoking toplevel() on ptolemy.moml.MoMLSimpleApplication@1f66a1d4
----------------- Done invoking toplevel() on ptolemy.moml.MoMLSimpleApplication@1f66a1d4
reloadAllAccessors: .SubscriberPortInitialValues3
----------------- testing Mon May 14 00:49:14 UTC 2018 /home/travis/build/icyphy/ptII/ptolemy/actor/lib/test/auto/SubscriptionAggregator.xml
----------------- Instantiating /home/travis/build/icyphy/ptII/ptolemy/actor/lib/test/auto/SubscriptionAggregator.xml
3 ms. Memory: 1722880K Free: 1399003K (81%)
----------------- Invoking toplevel() on ptolemy.moml.MoMLSimpleApplication@3b15198f
----------------- Done invoking toplevel() on ptolemy.moml.MoMLSimpleApplication@3b15198f
reloadAllAccessors: .SubscriptionAggregator
----------------- testing Mon May 14 00:49:14 UTC 2018 /home/travis/build/icyphy/ptII/ptolemy/actor/lib/test/auto/SubscriptionAggregator2.xml
----------------- Instantiating /home/travis/build/icyphy/ptII/ptolemy/actor/lib/test/auto/SubscriptionAggregator2.xml
3 ms. Memory: 1722880K Free: 1383486K (80%)
----------------- Invoking toplevel() on ptolemy.moml.MoMLSimpleApplication@a695273
----------------- Done invoking toplevel() on ptolemy.moml.MoMLSimpleApplication@a695273
reloadAllAccessors: .SubscriptionAggregator2
----------------- testing Mon May 14 00:49:14 UTC 2018 /home/travis/build/icyphy/ptII/ptolemy/actor/lib/test/auto/SubscriptionAggregator3.xml
----------------- Instantiating /home/travis/build/icyphy/ptII/ptolemy/actor/lib/test/auto/SubscriptionAggregator3.xml
4 ms. Memory: 1722880K Free: 1367265K (79%)
----------------- Invoking toplevel() on ptolemy.moml.MoMLSimpleApplication@1d1d277b
----------------- Done invoking toplevel() on ptolemy.moml.MoMLSimpleApplication@1d1d277b
reloadAllAccessors: .SubscriptionAggregator3
----------------- testing Mon May 14 00:49:14 UTC 2018 /home/travis/build/icyphy/ptII/ptolemy/actor/lib/test/auto/SubscriptionAggregatorMultiply.xml
----------------- Instantiating /home/travis/build/icyphy/ptII/ptolemy/actor/lib/test/auto/SubscriptionAggregatorMultiply.xml
3 ms. Memory: 1722880K Free: 1346330K (78%)
----------------- Invoking toplevel() on ptolemy.moml.MoMLSimpleApplication@42f18a50
----------------- Done invoking toplevel() on ptolemy.moml.MoMLSimpleApplication@42f18a50
reloadAllAccessors: .SubscriptionAggregatorMultiply
----------------- testing Mon May 14 00:49:14 UTC 2018 /home/travis/build/icyphy/ptII/ptolemy/actor/lib/test/auto/SubscriptionAggregatorPortMultiply1.xml
----------------- Instantiating /home/travis/build/icyphy/ptII/ptolemy/actor/lib/test/auto/SubscriptionAggregatorPortMultiply1.xml
3 ms. Memory: 1722880K Free: 1335527K (78%)
----------------- Invoking toplevel() on ptolemy.moml.MoMLSimpleApplication@7fca4f23
----------------- Done invoking toplevel() on ptolemy.moml.MoMLSimpleApplication@7fca4f23
reloadAllAccessors: .SubscriptionAggregatorPortMultiply1
----------------- testing Mon May 14 00:49:14 UTC 2018 /home/travis/build/icyphy/ptII/ptolemy/actor/lib/test/auto/Switch.xml
----------------- Instantiating /home/travis/build/icyphy/ptII/ptolemy/actor/lib/test/auto/Switch.xml
7 ms. Memory: 1722880K Free: 1287600K (75%)
----------------- Invoking toplevel() on ptolemy.moml.MoMLSimpleApplication@70af4a08
----------------- Done invoking toplevel() on ptolemy.moml.MoMLSimpleApplication@70af4a08
reloadAllAccessors: .Switch
----------------- testing Mon May 14 00:49:14 UTC 2018 /home/travis/build/icyphy/ptII/ptolemy/actor/lib/test/auto/Switch2.xml
----------------- Instantiating /home/travis/build/icyphy/ptII/ptolemy/actor/lib/test/auto/Switch2.xml
1 ms. Memory: 1722880K Free: 1276797K (74%)
----------------- Invoking toplevel() on ptolemy.moml.MoMLSimpleApplication@3fb05df6
----------------- Done invoking toplevel() on ptolemy.moml.MoMLSimpleApplication@3fb05df6
reloadAllAccessors: .Switch2
----------------- testing Mon May 14 00:49:14 UTC 2018 /home/travis/build/icyphy/ptII/ptolemy/actor/lib/test/auto/SwitchDE.xml
----------------- Instantiating /home/travis/build/icyphy/ptII/ptolemy/actor/lib/test/auto/SwitchDE.xml
9 ms. Memory: 1722880K Free: 1261279K (73%)
----------------- Invoking toplevel() on ptolemy.moml.MoMLSimpleApplication@27860cf3
----------------- Done invoking toplevel() on ptolemy.moml.MoMLSimpleApplication@27860cf3
reloadAllAccessors: .SwitchDE
----------------- testing Mon May 14 00:49:14 UTC 2018 /home/travis/build/icyphy/ptII/ptolemy/actor/lib/test/auto/SynchronizerDE.xml
----------------- Instantiating /home/travis/build/icyphy/ptII/ptolemy/actor/lib/test/auto/SynchronizerDE.xml
7 ms. Memory: 1722880K Free: 1245058K (72%)
----------------- Invoking toplevel() on ptolemy.moml.MoMLSimpleApplication@22966181
----------------- Done invoking toplevel() on ptolemy.moml.MoMLSimpleApplication@22966181
reloadAllAccessors: .SynchronizerDE
----------------- testing Mon May 14 00:49:14 UTC 2018 /home/travis/build/icyphy/ptII/ptolemy/actor/lib/test/auto/Test.xml
----------------- Instantiating /home/travis/build/icyphy/ptII/ptolemy/actor/lib/test/auto/Test.xml
3 ms. Memory: 1722880K Free: 1229541K (71%)
----------------- Invoking toplevel() on ptolemy.moml.MoMLSimpleApplication@50f403f6
----------------- Done invoking toplevel() on ptolemy.moml.MoMLSimpleApplication@50f403f6
reloadAllAccessors: .Test
----------------- testing Mon May 14 00:49:14 UTC 2018 /home/travis/build/icyphy/ptII/ptolemy/actor/lib/test/auto/TestExceptionAttribute1.xml
----------------- Instantiating /home/travis/build/icyphy/ptII/ptolemy/actor/lib/test/auto/TestExceptionAttribute1.xml
1 ms. Memory: 1722880K Free: 1218737K (71%)
----------------- Invoking toplevel() on ptolemy.moml.MoMLSimpleApplication@2fe24088
----------------- Done invoking toplevel() on ptolemy.moml.MoMLSimpleApplication@2fe24088
reloadAllAccessors: .TestExceptionAttribute1
----------------- testing Mon May 14 00:49:14 UTC 2018 /home/travis/build/icyphy/ptII/ptolemy/actor/lib/test/auto/TestExceptionAttribute2.xml
----------------- Instantiating /home/travis/build/icyphy/ptII/ptolemy/actor/lib/test/auto/TestExceptionAttribute2.xml
1 ms. Memory: 1722880K Free: 1203220K (70%)
----------------- Invoking toplevel() on ptolemy.moml.MoMLSimpleApplication@69c51ae6
----------------- Done invoking toplevel() on ptolemy.moml.MoMLSimpleApplication@69c51ae6
reloadAllAccessors: .TestExceptionAttribute2
----------------- testing Mon May 14 00:49:14 UTC 2018 /home/travis/build/icyphy/ptII/ptolemy/actor/lib/test/auto/TestExceptionAttribute3.xml
----------------- Instantiating /home/travis/build/icyphy/ptII/ptolemy/actor/lib/test/auto/TestExceptionAttribute3.xml
.TestExceptionAttribute3.TestExceptionAttribute: initialize() was not invoked, but wrapup() was.  This is unusual, but not always a problem.  For example, exporting JNLP will do this.
0 ms. Memory: 1722880K Free: 1192417K (69%)
----------------- Invoking toplevel() on ptolemy.moml.MoMLSimpleApplication@2c2bfc7f
----------------- Done invoking toplevel() on ptolemy.moml.MoMLSimpleApplication@2c2bfc7f
reloadAllAccessors: .TestExceptionAttribute3
----------------- testing Mon May 14 00:49:14 UTC 2018 /home/travis/build/icyphy/ptII/ptolemy/actor/lib/test/auto/TestExceptionAttribute4.xml
----------------- Instantiating /home/travis/build/icyphy/ptII/ptolemy/actor/lib/test/auto/TestExceptionAttribute4.xml
.TestExceptionAttribute4.TestExceptionAttribute: initialize() was not invoked, but wrapup() was.  This is unusual, but not always a problem.  For example, exporting JNLP will do this.
.TestExceptionAttribute4.TestExceptionAttribute2: initialize() was not invoked, but wrapup() was.  This is unusual, but not always a problem.  For example, exporting JNLP will do this.
0 ms. Memory: 1722880K Free: 1176899K (68%)
----------------- Invoking toplevel() on ptolemy.moml.MoMLSimpleApplication@6e3d23a0
----------------- Done invoking toplevel() on ptolemy.moml.MoMLSimpleApplication@6e3d23a0
reloadAllAccessors: .TestExceptionAttribute4
----------------- testing Mon May 14 00:49:14 UTC 2018 /home/travis/build/icyphy/ptII/ptolemy/actor/lib/test/auto/TestExceptionHandler1.xml
----------------- Instantiating /home/travis/build/icyphy/ptII/ptolemy/actor/lib/test/auto/TestExceptionHandler1.xml
1 ms. Memory: 1722880K Free: 1161382K (67%)
----------------- Invoking toplevel() on ptolemy.moml.MoMLSimpleApplication@5fcc8d1d
----------------- Done invoking toplevel() on ptolemy.moml.MoMLSimpleApplication@5fcc8d1d
reloadAllAccessors: .TestExceptionHandler1
----------------- testing Mon May 14 00:49:14 UTC 2018 /home/travis/build/icyphy/ptII/ptolemy/actor/lib/test/auto/TestExceptionHandler2.xml
----------------- Instantiating /home/travis/build/icyphy/ptII/ptolemy/actor/lib/test/auto/TestExceptionHandler2.xml
1 ms. Memory: 1722880K Free: 1150579K (67%)
----------------- Invoking toplevel() on ptolemy.moml.MoMLSimpleApplication@86e0717
----------------- Done invoking toplevel() on ptolemy.moml.MoMLSimpleApplication@86e0717
reloadAllAccessors: .TestExceptionHandler2
----------------- testing Mon May 14 00:49:14 UTC 2018 /home/travis/build/icyphy/ptII/ptolemy/actor/lib/test/auto/TestExceptionHandler3.xml
----------------- Instantiating /home/travis/build/icyphy/ptII/ptolemy/actor/lib/test/auto/TestExceptionHandler3.xml
1 ms. Memory: 1722880K Free: 1135061K (66%)
----------------- Invoking toplevel() on ptolemy.moml.MoMLSimpleApplication@10b9dda5
----------------- Done invoking toplevel() on ptolemy.moml.MoMLSimpleApplication@10b9dda5
reloadAllAccessors: .TestExceptionHandler3
----------------- testing Mon May 14 00:49:14 UTC 2018 /home/travis/build/icyphy/ptII/ptolemy/actor/lib/test/auto/TestExceptionHandler4.xml
----------------- Instantiating /home/travis/build/icyphy/ptII/ptolemy/actor/lib/test/auto/TestExceptionHandler4.xml
1 ms. Memory: 1722880K Free: 1124258K (65%)
----------------- Invoking toplevel() on ptolemy.moml.MoMLSimpleApplication@4c395095
----------------- Done invoking toplevel() on ptolemy.moml.MoMLSimpleApplication@4c395095
reloadAllAccessors: .TestExceptionHandler4
----------------- testing Mon May 14 00:49:15 UTC 2018 /home/travis/build/icyphy/ptII/ptolemy/actor/lib/test/auto/TestRequireCorrectOrder.xml
----------------- Instantiating /home/travis/build/icyphy/ptII/ptolemy/actor/lib/test/auto/TestRequireCorrectOrder.xml
2 ms. Memory: 1722880K Free: 1108740K (64%)
----------------- Invoking toplevel() on ptolemy.moml.MoMLSimpleApplication@6cde871a
----------------- Done invoking toplevel() on ptolemy.moml.MoMLSimpleApplication@6cde871a
reloadAllAccessors: .TestRequireCorrectOrder
----------------- testing Mon May 14 00:49:15 UTC 2018 /home/travis/build/icyphy/ptII/ptolemy/actor/lib/test/auto/TestSimple.xml
----------------- Instantiating /home/travis/build/icyphy/ptII/ptolemy/actor/lib/test/auto/TestSimple.xml
1 ms. Memory: 1722880K Free: 1097937K (64%)
----------------- Invoking toplevel() on ptolemy.moml.MoMLSimpleApplication@29c1a693
----------------- Done invoking toplevel() on ptolemy.moml.MoMLSimpleApplication@29c1a693
reloadAllAccessors: .TestSimple
----------------- testing Mon May 14 00:49:15 UTC 2018 /home/travis/build/icyphy/ptII/ptolemy/actor/lib/test/auto/ThrowModelError.xml
----------------- Instantiating /home/travis/build/icyphy/ptII/ptolemy/actor/lib/test/auto/ThrowModelError.xml
1 ms. Memory: 1722880K Free: 1082419K (63%)
----------------- Invoking toplevel() on ptolemy.moml.MoMLSimpleApplication@7fbbb4a9
----------------- Done invoking toplevel() on ptolemy.moml.MoMLSimpleApplication@7fbbb4a9
reloadAllAccessors: .ThrowModelError
----------------- testing Mon May 14 00:49:15 UTC 2018 /home/travis/build/icyphy/ptII/ptolemy/actor/lib/test/auto/TimeDelayMicrosteps.xml
----------------- Instantiating /home/travis/build/icyphy/ptII/ptolemy/actor/lib/test/auto/TimeDelayMicrosteps.xml
2 ms. Memory: 1722880K Free: 1071616K (62%)
----------------- Invoking toplevel() on ptolemy.moml.MoMLSimpleApplication@581d940
----------------- Done invoking toplevel() on ptolemy.moml.MoMLSimpleApplication@581d940
reloadAllAccessors: .TimeDelayMicrosteps
----------------- testing Mon May 14 00:49:15 UTC 2018 /home/travis/build/icyphy/ptII/ptolemy/actor/lib/test/auto/TimeDelayMicrosteps2.xml
----------------- Instantiating /home/travis/build/icyphy/ptII/ptolemy/actor/lib/test/auto/TimeDelayMicrosteps2.xml
5 ms. Memory: 1722880K Free: 1056099K (61%)
----------------- Invoking toplevel() on ptolemy.moml.MoMLSimpleApplication@68d01260
----------------- Done invoking toplevel() on ptolemy.moml.MoMLSimpleApplication@68d01260
reloadAllAccessors: .TimeDelayMicrosteps2
----------------- testing Mon May 14 00:49:15 UTC 2018 /home/travis/build/icyphy/ptII/ptolemy/actor/lib/test/auto/TimeDelayMicrosteps3.xml
----------------- Instantiating /home/travis/build/icyphy/ptII/ptolemy/actor/lib/test/auto/TimeDelayMicrosteps3.xml
3 ms. Memory: 1722880K Free: 1045296K (61%)
----------------- Invoking toplevel() on ptolemy.moml.MoMLSimpleApplication@5a3b9ccc
----------------- Done invoking toplevel() on ptolemy.moml.MoMLSimpleApplication@5a3b9ccc
reloadAllAccessors: .TimeDelayMicrosteps3
----------------- testing Mon May 14 00:49:15 UTC 2018 /home/travis/build/icyphy/ptII/ptolemy/actor/lib/test/auto/TimeDelayVariableMicrosteps.xml
----------------- Instantiating /home/travis/build/icyphy/ptII/ptolemy/actor/lib/test/auto/TimeDelayVariableMicrosteps.xml
3 ms. Memory: 1722880K Free: 1029778K (60%)
----------------- Invoking toplevel() on ptolemy.moml.MoMLSimpleApplication@3069165a
----------------- Done invoking toplevel() on ptolemy.moml.MoMLSimpleApplication@3069165a
reloadAllAccessors: .TimeDelayVariableMicrosteps
----------------- testing Mon May 14 00:49:15 UTC 2018 /home/travis/build/icyphy/ptII/ptolemy/actor/lib/test/auto/TimeGap.xml
----------------- Instantiating /home/travis/build/icyphy/ptII/ptolemy/actor/lib/test/auto/TimeGap.xml
3 ms. Memory: 1722880K Free: 1018975K (59%)
----------------- Invoking toplevel() on ptolemy.moml.MoMLSimpleApplication@71bf4959
----------------- Done invoking toplevel() on ptolemy.moml.MoMLSimpleApplication@71bf4959
reloadAllAccessors: .TimeGap
----------------- testing Mon May 14 00:49:15 UTC 2018 /home/travis/build/icyphy/ptII/ptolemy/actor/lib/test/auto/TimeGap2.xml
----------------- Instantiating /home/travis/build/icyphy/ptII/ptolemy/actor/lib/test/auto/TimeGap2.xml
2 ms. Memory: 1722880K Free: 1003457K (58%)
----------------- Invoking toplevel() on ptolemy.moml.MoMLSimpleApplication@65f21433
----------------- Done invoking toplevel() on ptolemy.moml.MoMLSimpleApplication@65f21433
reloadAllAccessors: .TimeGap2
----------------- testing Mon May 14 00:49:15 UTC 2018 /home/travis/build/icyphy/ptII/ptolemy/actor/lib/test/auto/TimedSinewave.xml
----------------- Instantiating /home/travis/build/icyphy/ptII/ptolemy/actor/lib/test/auto/TimedSinewave.xml
26 ms. Memory: 1722880K Free: 977121K (57%)
----------------- Invoking toplevel() on ptolemy.moml.MoMLSimpleApplication@6e8dc68b
----------------- Done invoking toplevel() on ptolemy.moml.MoMLSimpleApplication@6e8dc68b
reloadAllAccessors: .TimedSinewave
----------------- testing Mon May 14 00:49:15 UTC 2018 /home/travis/build/icyphy/ptII/ptolemy/actor/lib/test/auto/TimedSinewavePhase.xml
----------------- Instantiating /home/travis/build/icyphy/ptII/ptolemy/actor/lib/test/auto/TimedSinewavePhase.xml
9 ms. Memory: 1722880K Free: 960908K (56%)
----------------- Invoking toplevel() on ptolemy.moml.MoMLSimpleApplication@3a702341
----------------- Done invoking toplevel() on ptolemy.moml.MoMLSimpleApplication@3a702341
reloadAllAccessors: .TimedSinewavePhase
----------------- testing Mon May 14 00:49:15 UTC 2018 /home/travis/build/icyphy/ptII/ptolemy/actor/lib/test/auto/Timer.xml
----------------- Instantiating /home/travis/build/icyphy/ptII/ptolemy/actor/lib/test/auto/Timer.xml
2 ms. Memory: 1722880K Free: 945390K (55%)
----------------- Invoking toplevel() on ptolemy.moml.MoMLSimpleApplication@65eda2f6
----------------- Done invoking toplevel() on ptolemy.moml.MoMLSimpleApplication@65eda2f6
reloadAllAccessors: .Timer
----------------- testing Mon May 14 00:49:15 UTC 2018 /home/travis/build/icyphy/ptII/ptolemy/actor/lib/test/auto/TriangularDistTestModel.xml
----------------- Instantiating /home/travis/build/icyphy/ptII/ptolemy/actor/lib/test/auto/TriangularDistTestModel.xml
2 ms. Memory: 1722880K Free: 934587K (54%)
----------------- Invoking toplevel() on ptolemy.moml.MoMLSimpleApplication@7ebde9ab
----------------- Done invoking toplevel() on ptolemy.moml.MoMLSimpleApplication@7ebde9ab
reloadAllAccessors: .TriangularDistTestModel
----------------- testing Mon May 14 00:49:15 UTC 2018 /home/travis/build/icyphy/ptII/ptolemy/actor/lib/test/auto/TrigFunction.xml
----------------- Instantiating /home/travis/build/icyphy/ptII/ptolemy/actor/lib/test/auto/TrigFunction.xml
1 ms. Memory: 1722880K Free: 919069K (53%)
----------------- Invoking toplevel() on ptolemy.moml.MoMLSimpleApplication@482afc42
----------------- Done invoking toplevel() on ptolemy.moml.MoMLSimpleApplication@482afc42
reloadAllAccessors: .TrigFunction
----------------- testing Mon May 14 00:49:15 UTC 2018 /home/travis/build/icyphy/ptII/ptolemy/actor/lib/test/auto/TrigFunctionDE.xml
----------------- Instantiating /home/travis/build/icyphy/ptII/ptolemy/actor/lib/test/auto/TrigFunctionDE.xml
2 ms. Memory: 1722880K Free: 908266K (53%)
----------------- Invoking toplevel() on ptolemy.moml.MoMLSimpleApplication@9abbeb6
----------------- Done invoking toplevel() on ptolemy.moml.MoMLSimpleApplication@9abbeb6
reloadAllAccessors: .TrigFunctionDE
----------------- testing Mon May 14 00:49:15 UTC 2018 /home/travis/build/icyphy/ptII/ptolemy/actor/lib/test/auto/TrigFunctionInverse.xml
----------------- Instantiating /home/travis/build/icyphy/ptII/ptolemy/actor/lib/test/auto/TrigFunctionInverse.xml
1 ms. Memory: 1722880K Free: 892748K (52%)
----------------- Invoking toplevel() on ptolemy.moml.MoMLSimpleApplication@4eb32129
----------------- Done invoking toplevel() on ptolemy.moml.MoMLSimpleApplication@4eb32129
reloadAllAccessors: .TrigFunctionInverse
----------------- testing Mon May 14 00:49:15 UTC 2018 /home/travis/build/icyphy/ptII/ptolemy/actor/lib/test/auto/TrigFunctionTan.xml
----------------- Instantiating /home/travis/build/icyphy/ptII/ptolemy/actor/lib/test/auto/TrigFunctionTan.xml
1 ms. Memory: 1722880K Free: 881945K (51%)
----------------- Invoking toplevel() on ptolemy.moml.MoMLSimpleApplication@2f37c2f1
----------------- Done invoking toplevel() on ptolemy.moml.MoMLSimpleApplication@2f37c2f1
reloadAllAccessors: .TrigFunctionTan
----------------- testing Mon May 14 00:49:15 UTC 2018 /home/travis/build/icyphy/ptII/ptolemy/actor/lib/test/auto/TriggeredClock.xml
----------------- Instantiating /home/travis/build/icyphy/ptII/ptolemy/actor/lib/test/auto/TriggeredClock.xml
1 ms. Memory: 1722880K Free: 866427K (50%)
----------------- Invoking toplevel() on ptolemy.moml.MoMLSimpleApplication@3dc14be1
----------------- Done invoking toplevel() on ptolemy.moml.MoMLSimpleApplication@3dc14be1
reloadAllAccessors: .TriggeredClock
----------------- testing Mon May 14 00:49:15 UTC 2018 /home/travis/build/icyphy/ptII/ptolemy/actor/lib/test/auto/URLDirectoryReader.xml
----------------- Instantiating /home/travis/build/icyphy/ptII/ptolemy/actor/lib/test/auto/URLDirectoryReader.xml
25 ms. Memory: 1722880K Free: 855624K (50%)
----------------- Invoking toplevel() on ptolemy.moml.MoMLSimpleApplication@871b620
----------------- Done invoking toplevel() on ptolemy.moml.MoMLSimpleApplication@871b620
reloadAllAccessors: .URLDirectoryReader
----------------- testing Mon May 14 00:49:15 UTC 2018 /home/travis/build/icyphy/ptII/ptolemy/actor/lib/test/auto/URLDirectoryReader3.xml
----------------- Instantiating /home/travis/build/icyphy/ptII/ptolemy/actor/lib/test/auto/URLDirectoryReader3.xml
1122 ms. Memory: 1722880K Free: 807569K (47%)
----------------- Invoking toplevel() on ptolemy.moml.MoMLSimpleApplication@48a8a3eb
----------------- Done invoking toplevel() on ptolemy.moml.MoMLSimpleApplication@48a8a3eb
reloadAllAccessors: .URLDirectoryReader3
----------------- testing Mon May 14 00:49:16 UTC 2018 /home/travis/build/icyphy/ptII/ptolemy/actor/lib/test/auto/UnaryMathFunction.xml
----------------- Instantiating /home/travis/build/icyphy/ptII/ptolemy/actor/lib/test/auto/UnaryMathFunction.xml
3 ms. Memory: 1722880K Free: 792051K (46%)
----------------- Invoking toplevel() on ptolemy.moml.MoMLSimpleApplication@582ff71d
----------------- Done invoking toplevel() on ptolemy.moml.MoMLSimpleApplication@582ff71d
reloadAllAccessors: .UnaryMathFunction
----------------- testing Mon May 14 00:49:16 UTC 2018 /home/travis/build/icyphy/ptII/ptolemy/actor/lib/test/auto/Uniform.xml
----------------- Instantiating /home/travis/build/icyphy/ptII/ptolemy/actor/lib/test/auto/Uniform.xml
1 ms. Memory: 1722880K Free: 781248K (45%)
----------------- Invoking toplevel() on ptolemy.moml.MoMLSimpleApplication@42de4400
----------------- Done invoking toplevel() on ptolemy.moml.MoMLSimpleApplication@42de4400
reloadAllAccessors: .Uniform
----------------- testing Mon May 14 00:49:16 UTC 2018 /home/travis/build/icyphy/ptII/ptolemy/actor/lib/test/auto/UnionDisassemblerTest.xml
----------------- Instantiating /home/travis/build/icyphy/ptII/ptolemy/actor/lib/test/auto/UnionDisassemblerTest.xml
7 ms. Memory: 1722880K Free: 765731K (44%)
----------------- Invoking toplevel() on ptolemy.moml.MoMLSimpleApplication@47a54361
----------------- Done invoking toplevel() on ptolemy.moml.MoMLSimpleApplication@47a54361
reloadAllAccessors: .UnionDisassemblerTest
----------------- testing Mon May 14 00:49:16 UTC 2018 /home/travis/build/icyphy/ptII/ptolemy/actor/lib/test/auto/UtilityFunctions.xml
----------------- Instantiating /home/travis/build/icyphy/ptII/ptolemy/actor/lib/test/auto/UtilityFunctions.xml
1 ms. Memory: 1722880K Free: 754927K (44%)
----------------- Invoking toplevel() on ptolemy.moml.MoMLSimpleApplication@18a9a014
----------------- Done invoking toplevel() on ptolemy.moml.MoMLSimpleApplication@18a9a014
reloadAllAccessors: .UtilityFunctions
----------------- testing Mon May 14 00:49:16 UTC 2018 /home/travis/build/icyphy/ptII/ptolemy/actor/lib/test/auto/VariableSleep.xml
----------------- Instantiating /home/travis/build/icyphy/ptII/ptolemy/actor/lib/test/auto/VariableSleep.xml
503 ms. Memory: 1722880K Free: 739410K (43%)
----------------- Invoking toplevel() on ptolemy.moml.MoMLSimpleApplication@37801d5c
----------------- Done invoking toplevel() on ptolemy.moml.MoMLSimpleApplication@37801d5c
reloadAllAccessors: .VariableSleep
----------------- testing Mon May 14 00:49:17 UTC 2018 /home/travis/build/icyphy/ptII/ptolemy/actor/lib/test/auto/VectorAssemblerDisassemblerCT.xml
----------------- Instantiating /home/travis/build/icyphy/ptII/ptolemy/actor/lib/test/auto/VectorAssemblerDisassemblerCT.xml
49 ms. Memory: 1722880K Free: 706968K (41%)
----------------- Invoking toplevel() on ptolemy.moml.MoMLSimpleApplication@7b94a7d
----------------- Done invoking toplevel() on ptolemy.moml.MoMLSimpleApplication@7b94a7d
reloadAllAccessors: .VectorAssemblerDisassemblerCT
----------------- testing Mon May 14 00:49:17 UTC 2018 /home/travis/build/icyphy/ptII/ptolemy/actor/lib/test/auto/VectorAssemblerDisassemblerDE.xml
----------------- Instantiating /home/travis/build/icyphy/ptII/ptolemy/actor/lib/test/auto/VectorAssemblerDisassemblerDE.xml
3 ms. Memory: 1722880K Free: 691451K (40%)
----------------- Invoking toplevel() on ptolemy.moml.MoMLSimpleApplication@1e39d66f
----------------- Done invoking toplevel() on ptolemy.moml.MoMLSimpleApplication@1e39d66f
reloadAllAccessors: .VectorAssemblerDisassemblerDE
----------------- testing Mon May 14 00:49:17 UTC 2018 /home/travis/build/icyphy/ptII/ptolemy/actor/lib/test/auto/VectorAssemblerDisassemblerSDF.xml
----------------- Instantiating /home/travis/build/icyphy/ptII/ptolemy/actor/lib/test/auto/VectorAssemblerDisassemblerSDF.xml
3 ms. Memory: 1722880K Free: 680648K (40%)
----------------- Invoking toplevel() on ptolemy.moml.MoMLSimpleApplication@4ebd2933
----------------- Done invoking toplevel() on ptolemy.moml.MoMLSimpleApplication@4ebd2933
reloadAllAccessors: .VectorAssemblerDisassemblerSDF
----------------- testing Mon May 14 00:49:17 UTC 2018 /home/travis/build/icyphy/ptII/ptolemy/actor/lib/test/auto/WallClockTime.xml
----------------- Instantiating /home/travis/build/icyphy/ptII/ptolemy/actor/lib/test/auto/WallClockTime.xml
1004 ms. Memory: 1722880K Free: 665130K (39%)
----------------- Invoking toplevel() on ptolemy.moml.MoMLSimpleApplication@6acaff0e
----------------- Done invoking toplevel() on ptolemy.moml.MoMLSimpleApplication@6acaff0e
reloadAllAccessors: .WallClockTime
----------------- testing Mon May 14 00:49:18 UTC 2018 /home/travis/build/icyphy/ptII/ptolemy/actor/lib/test/auto/WidthTestWithSubscriberPublisher.xml
----------------- Instantiating /home/travis/build/icyphy/ptII/ptolemy/actor/lib/test/auto/WidthTestWithSubscriberPublisher.xml
14 ms. Memory: 1722880K Free: 643507K (37%)
----------------- Invoking toplevel() on ptolemy.moml.MoMLSimpleApplication@186538a3
----------------- Done invoking toplevel() on ptolemy.moml.MoMLSimpleApplication@186538a3
reloadAllAccessors: .WidthTestWithSubscriberPublisher
----------------- testing Mon May 14 00:49:18 UTC 2018 /home/travis/build/icyphy/ptII/ptolemy/actor/lib/test/auto/WidthTestWithSubscriberPublisher2.xml
----------------- Instantiating /home/travis/build/icyphy/ptII/ptolemy/actor/lib/test/auto/WidthTestWithSubscriberPublisher2.xml
2 ms. Memory: 1722880K Free: 627990K (36%)
----------------- Invoking toplevel() on ptolemy.moml.MoMLSimpleApplication@1c371b8e
----------------- Done invoking toplevel() on ptolemy.moml.MoMLSimpleApplication@1c371b8e
reloadAllAccessors: .WidthTestWithSubscriberPublisher2
----------------- testing Mon May 14 00:49:18 UTC 2018 /home/travis/build/icyphy/ptII/ptolemy/actor/lib/test/auto/WidthTestWithSubscriberPublisher3.xml
----------------- Instantiating /home/travis/build/icyphy/ptII/ptolemy/actor/lib/test/auto/WidthTestWithSubscriberPublisher3.xml
2 ms. Memory: 1722880K Free: 612473K (36%)
----------------- Invoking toplevel() on ptolemy.moml.MoMLSimpleApplication@73f173bc
----------------- Done invoking toplevel() on ptolemy.moml.MoMLSimpleApplication@73f173bc
reloadAllAccessors: .WidthTestWithSubscriberPublisher3
----------------- testing Mon May 14 00:49:18 UTC 2018 /home/travis/build/icyphy/ptII/ptolemy/actor/lib/test/auto/Writer.xml
----------------- Instantiating /home/travis/build/icyphy/ptII/ptolemy/actor/lib/test/auto/Writer.xml
0
1
2
3
4
4 ms. Memory: 1722880K Free: 601669K (35%)
----------------- Invoking toplevel() on ptolemy.moml.MoMLSimpleApplication@6c090edc
----------------- Done invoking toplevel() on ptolemy.moml.MoMLSimpleApplication@6c090edc
reloadAllAccessors: .Writer
----------------- testing Mon May 14 00:49:18 UTC 2018 /home/travis/build/icyphy/ptII/ptolemy/actor/lib/test/auto/array.xml
----------------- Instantiating /home/travis/build/icyphy/ptII/ptolemy/actor/lib/test/auto/array.xml
1 ms. Memory: 1722880K Free: 586152K (34%)
----------------- Invoking toplevel() on ptolemy.moml.MoMLSimpleApplication@326b04e2
----------------- Done invoking toplevel() on ptolemy.moml.MoMLSimpleApplication@326b04e2
reloadAllAccessors: .array
----------------- testing Mon May 14 00:49:18 UTC 2018 /home/travis/build/icyphy/ptII/ptolemy/actor/lib/test/auto/array2.xml
----------------- Instantiating /home/travis/build/icyphy/ptII/ptolemy/actor/lib/test/auto/array2.xml
6 ms. Memory: 1722880K Free: 575349K (33%)
----------------- Invoking toplevel() on ptolemy.moml.MoMLSimpleApplication@4b353cd
----------------- Done invoking toplevel() on ptolemy.moml.MoMLSimpleApplication@4b353cd
reloadAllAccessors: .array2
----------------- testing Mon May 14 00:49:18 UTC 2018 /home/travis/build/icyphy/ptII/ptolemy/actor/lib/test/auto/arrayType.xml
----------------- Instantiating /home/travis/build/icyphy/ptII/ptolemy/actor/lib/test/auto/arrayType.xml
1 ms. Memory: 1722880K Free: 559831K (32%)
----------------- Invoking toplevel() on ptolemy.moml.MoMLSimpleApplication@4363e0dd
----------------- Done invoking toplevel() on ptolemy.moml.MoMLSimpleApplication@4363e0dd
reloadAllAccessors: .arrayType
----------------- testing Mon May 14 00:49:18 UTC 2018 /home/travis/build/icyphy/ptII/ptolemy/actor/lib/test/auto/arrayType10.xml
----------------- Instantiating /home/travis/build/icyphy/ptII/ptolemy/actor/lib/test/auto/arrayType10.xml
2 ms. Memory: 1722880K Free: 549028K (32%)
----------------- Invoking toplevel() on ptolemy.moml.MoMLSimpleApplication@752f2d5e
----------------- Done invoking toplevel() on ptolemy.moml.MoMLSimpleApplication@752f2d5e
reloadAllAccessors: .arrayType10
----------------- testing Mon May 14 00:49:18 UTC 2018 /home/travis/build/icyphy/ptII/ptolemy/actor/lib/test/auto/arrayType11.xml
----------------- Instantiating /home/travis/build/icyphy/ptII/ptolemy/actor/lib/test/auto/arrayType11.xml
1 ms. Memory: 1722880K Free: 533510K (31%)
----------------- Invoking toplevel() on ptolemy.moml.MoMLSimpleApplication@5033b9a2
----------------- Done invoking toplevel() on ptolemy.moml.MoMLSimpleApplication@5033b9a2
reloadAllAccessors: .arrayType11
----------------- testing Mon May 14 00:49:18 UTC 2018 /home/travis/build/icyphy/ptII/ptolemy/actor/lib/test/auto/arrayType12.xml
----------------- Instantiating /home/travis/build/icyphy/ptII/ptolemy/actor/lib/test/auto/arrayType12.xml
2 ms. Memory: 1722880K Free: 522707K (30%)
----------------- Invoking toplevel() on ptolemy.moml.MoMLSimpleApplication@5e5238b5
----------------- Done invoking toplevel() on ptolemy.moml.MoMLSimpleApplication@5e5238b5
reloadAllAccessors: .arrayType12
----------------- testing Mon May 14 00:49:18 UTC 2018 /home/travis/build/icyphy/ptII/ptolemy/actor/lib/test/auto/arrayType13.xml
----------------- Instantiating /home/travis/build/icyphy/ptII/ptolemy/actor/lib/test/auto/arrayType13.xml
2 ms. Memory: 1722880K Free: 507189K (29%)
----------------- Invoking toplevel() on ptolemy.moml.MoMLSimpleApplication@744f087f
----------------- Done invoking toplevel() on ptolemy.moml.MoMLSimpleApplication@744f087f
reloadAllAccessors: .arrayType13
----------------- testing Mon May 14 00:49:18 UTC 2018 /home/travis/build/icyphy/ptII/ptolemy/actor/lib/test/auto/arrayType14.xml
----------------- Instantiating /home/travis/build/icyphy/ptII/ptolemy/actor/lib/test/auto/arrayType14.xml
1 ms. Memory: 1722880K Free: 491672K (29%)
----------------- Invoking toplevel() on ptolemy.moml.MoMLSimpleApplication@114f9b39
----------------- Done invoking toplevel() on ptolemy.moml.MoMLSimpleApplication@114f9b39
reloadAllAccessors: .arrayType14
----------------- testing Mon May 14 00:49:18 UTC 2018 /home/travis/build/icyphy/ptII/ptolemy/actor/lib/test/auto/arrayType15.xml
----------------- Instantiating /home/travis/build/icyphy/ptII/ptolemy/actor/lib/test/auto/arrayType15.xml
2 ms. Memory: 1722880K Free: 480869K (28%)
----------------- Invoking toplevel() on ptolemy.moml.MoMLSimpleApplication@f40eb67
----------------- Done invoking toplevel() on ptolemy.moml.MoMLSimpleApplication@f40eb67
reloadAllAccessors: .arrayType15
----------------- testing Mon May 14 00:49:18 UTC 2018 /home/travis/build/icyphy/ptII/ptolemy/actor/lib/test/auto/arrayType16.xml
----------------- Instantiating /home/travis/build/icyphy/ptII/ptolemy/actor/lib/test/auto/arrayType16.xml
1 ms. Memory: 1722880K Free: 465351K (27%)
----------------- Invoking toplevel() on ptolemy.moml.MoMLSimpleApplication@4fc3abff
----------------- Done invoking toplevel() on ptolemy.moml.MoMLSimpleApplication@4fc3abff
reloadAllAccessors: .arrayType16
----------------- testing Mon May 14 00:49:18 UTC 2018 /home/travis/build/icyphy/ptII/ptolemy/actor/lib/test/auto/arrayType17.xml
----------------- Instantiating /home/travis/build/icyphy/ptII/ptolemy/actor/lib/test/auto/arrayType17.xml
2 ms. Memory: 1722880K Free: 454548K (26%)
----------------- Invoking toplevel() on ptolemy.moml.MoMLSimpleApplication@60e4230f
----------------- Done invoking toplevel() on ptolemy.moml.MoMLSimpleApplication@60e4230f
reloadAllAccessors: .arrayType17
----------------- testing Mon May 14 00:49:18 UTC 2018 /home/travis/build/icyphy/ptII/ptolemy/actor/lib/test/auto/arrayType18.xml
----------------- Instantiating /home/travis/build/icyphy/ptII/ptolemy/actor/lib/test/auto/arrayType18.xml
1 ms. Memory: 1722880K Free: 439030K (25%)
----------------- Invoking toplevel() on ptolemy.moml.MoMLSimpleApplication@30f9aea5
----------------- Done invoking toplevel() on ptolemy.moml.MoMLSimpleApplication@30f9aea5
reloadAllAccessors: .arrayType18
----------------- testing Mon May 14 00:49:18 UTC 2018 /home/travis/build/icyphy/ptII/ptolemy/actor/lib/test/auto/arrayType19.xml
----------------- Instantiating /home/travis/build/icyphy/ptII/ptolemy/actor/lib/test/auto/arrayType19.xml
1 ms. Memory: 1722880K Free: 428227K (25%)
----------------- Invoking toplevel() on ptolemy.moml.MoMLSimpleApplication@4c6bcfdd
----------------- Done invoking toplevel() on ptolemy.moml.MoMLSimpleApplication@4c6bcfdd
reloadAllAccessors: .arrayType19
----------------- testing Mon May 14 00:49:18 UTC 2018 /home/travis/build/icyphy/ptII/ptolemy/actor/lib/test/auto/arrayType2.xml
----------------- Instantiating /home/travis/build/icyphy/ptII/ptolemy/actor/lib/test/auto/arrayType2.xml
1 ms. Memory: 1722880K Free: 412709K (24%)
----------------- Invoking toplevel() on ptolemy.moml.MoMLSimpleApplication@62dd6824
----------------- Done invoking toplevel() on ptolemy.moml.MoMLSimpleApplication@62dd6824
reloadAllAccessors: .arrayType2
----------------- testing Mon May 14 00:49:18 UTC 2018 /home/travis/build/icyphy/ptII/ptolemy/actor/lib/test/auto/arrayType20.xml
----------------- Instantiating /home/travis/build/icyphy/ptII/ptolemy/actor/lib/test/auto/arrayType20.xml
1 ms. Memory: 1722880K Free: 401906K (23%)
----------------- Invoking toplevel() on ptolemy.moml.MoMLSimpleApplication@2b808990
----------------- Done invoking toplevel() on ptolemy.moml.MoMLSimpleApplication@2b808990
reloadAllAccessors: .arrayType20
----------------- testing Mon May 14 00:49:18 UTC 2018 /home/travis/build/icyphy/ptII/ptolemy/actor/lib/test/auto/arrayType21.xml
----------------- Instantiating /home/travis/build/icyphy/ptII/ptolemy/actor/lib/test/auto/arrayType21.xml
2 ms. Memory: 1722880K Free: 386389K (22%)
----------------- Invoking toplevel() on ptolemy.moml.MoMLSimpleApplication@207620e8
----------------- Done invoking toplevel() on ptolemy.moml.MoMLSimpleApplication@207620e8
reloadAllAccessors: .arrayType21
----------------- testing Mon May 14 00:49:18 UTC 2018 /home/travis/build/icyphy/ptII/ptolemy/actor/lib/test/auto/arrayType22.xml
----------------- Instantiating /home/travis/build/icyphy/ptII/ptolemy/actor/lib/test/auto/arrayType22.xml
1 ms. Memory: 1722880K Free: 370871K (22%)
----------------- Invoking toplevel() on ptolemy.moml.MoMLSimpleApplication@53f1f9af
----------------- Done invoking toplevel() on ptolemy.moml.MoMLSimpleApplication@53f1f9af
reloadAllAccessors: .arrayType22
----------------- testing Mon May 14 00:49:18 UTC 2018 /home/travis/build/icyphy/ptII/ptolemy/actor/lib/test/auto/arrayType23.xml
----------------- Instantiating /home/travis/build/icyphy/ptII/ptolemy/actor/lib/test/auto/arrayType23.xml
1 ms. Memory: 1722880K Free: 360068K (21%)
----------------- Invoking toplevel() on ptolemy.moml.MoMLSimpleApplication@cc6788e
----------------- Done invoking toplevel() on ptolemy.moml.MoMLSimpleApplication@cc6788e
reloadAllAccessors: .arrayType23
----------------- testing Mon May 14 00:49:18 UTC 2018 /home/travis/build/icyphy/ptII/ptolemy/actor/lib/test/auto/arrayType24.xml
----------------- Instantiating /home/travis/build/icyphy/ptII/ptolemy/actor/lib/test/auto/arrayType24.xml
1 ms. Memory: 1722880K Free: 344550K (20%)
----------------- Invoking toplevel() on ptolemy.moml.MoMLSimpleApplication@5f2fd6c3
----------------- Done invoking toplevel() on ptolemy.moml.MoMLSimpleApplication@5f2fd6c3
reloadAllAccessors: .arrayType24
----------------- testing Mon May 14 00:49:18 UTC 2018 /home/travis/build/icyphy/ptII/ptolemy/actor/lib/test/auto/arrayType25.xml
----------------- Instantiating /home/travis/build/icyphy/ptII/ptolemy/actor/lib/test/auto/arrayType25.xml
1 ms. Memory: 1722880K Free: 333747K (19%)
----------------- Invoking toplevel() on ptolemy.moml.MoMLSimpleApplication@31365884
----------------- Done invoking toplevel() on ptolemy.moml.MoMLSimpleApplication@31365884
reloadAllAccessors: .arrayType25
----------------- testing Mon May 14 00:49:18 UTC 2018 /home/travis/build/icyphy/ptII/ptolemy/actor/lib/test/auto/arrayType26.xml
----------------- Instantiating /home/travis/build/icyphy/ptII/ptolemy/actor/lib/test/auto/arrayType26.xml
1 ms. Memory: 1722880K Free: 318229K (18%)
----------------- Invoking toplevel() on ptolemy.moml.MoMLSimpleApplication@1c6b1c0a
----------------- Done invoking toplevel() on ptolemy.moml.MoMLSimpleApplication@1c6b1c0a
reloadAllAccessors: .arrayType26
----------------- testing Mon May 14 00:49:18 UTC 2018 /home/travis/build/icyphy/ptII/ptolemy/actor/lib/test/auto/arrayType27.xml
----------------- Instantiating /home/travis/build/icyphy/ptII/ptolemy/actor/lib/test/auto/arrayType27.xml
1 ms. Memory: 1722880K Free: 307426K (18%)
----------------- Invoking toplevel() on ptolemy.moml.MoMLSimpleApplication@573f6bcb
----------------- Done invoking toplevel() on ptolemy.moml.MoMLSimpleApplication@573f6bcb
reloadAllAccessors: .arrayType27
----------------- testing Mon May 14 00:49:18 UTC 2018 /home/travis/build/icyphy/ptII/ptolemy/actor/lib/test/auto/arrayType28.xml
----------------- Instantiating /home/travis/build/icyphy/ptII/ptolemy/actor/lib/test/auto/arrayType28.xml
1 ms. Memory: 1722880K Free: 291909K (17%)
----------------- Invoking toplevel() on ptolemy.moml.MoMLSimpleApplication@4747280e
----------------- Done invoking toplevel() on ptolemy.moml.MoMLSimpleApplication@4747280e
reloadAllAccessors: .arrayType28
----------------- testing Mon May 14 00:49:18 UTC 2018 /home/travis/build/icyphy/ptII/ptolemy/actor/lib/test/auto/arrayType3.xml
----------------- Instantiating /home/travis/build/icyphy/ptII/ptolemy/actor/lib/test/auto/arrayType3.xml
2 ms. Memory: 1722880K Free: 281106K (16%)
----------------- Invoking toplevel() on ptolemy.moml.MoMLSimpleApplication@362f3d46
----------------- Done invoking toplevel() on ptolemy.moml.MoMLSimpleApplication@362f3d46
reloadAllAccessors: .arrayType3
----------------- testing Mon May 14 00:49:18 UTC 2018 /home/travis/build/icyphy/ptII/ptolemy/actor/lib/test/auto/arrayType4.xml
----------------- Instantiating /home/travis/build/icyphy/ptII/ptolemy/actor/lib/test/auto/arrayType4.xml
1 ms. Memory: 1722880K Free: 265588K (15%)
----------------- Invoking toplevel() on ptolemy.moml.MoMLSimpleApplication@7d0af099
----------------- Done invoking toplevel() on ptolemy.moml.MoMLSimpleApplication@7d0af099
reloadAllAccessors: .arrayType4
----------------- testing Mon May 14 00:49:19 UTC 2018 /home/travis/build/icyphy/ptII/ptolemy/actor/lib/test/auto/arrayType5.xml
----------------- Instantiating /home/travis/build/icyphy/ptII/ptolemy/actor/lib/test/auto/arrayType5.xml
2 ms. Memory: 1722880K Free: 250070K (15%)
----------------- Invoking toplevel() on ptolemy.moml.MoMLSimpleApplication@3d435dbd
----------------- Done invoking toplevel() on ptolemy.moml.MoMLSimpleApplication@3d435dbd
reloadAllAccessors: .arrayType5
----------------- testing Mon May 14 00:49:19 UTC 2018 /home/travis/build/icyphy/ptII/ptolemy/actor/lib/test/auto/arrayType6.xml
----------------- Instantiating /home/travis/build/icyphy/ptII/ptolemy/actor/lib/test/auto/arrayType6.xml
2 ms. Memory: 1722880K Free: 239267K (14%)
----------------- Invoking toplevel() on ptolemy.moml.MoMLSimpleApplication@4b2815f1
----------------- Done invoking toplevel() on ptolemy.moml.MoMLSimpleApplication@4b2815f1
reloadAllAccessors: .arrayType6
----------------- testing Mon May 14 00:49:19 UTC 2018 /home/travis/build/icyphy/ptII/ptolemy/actor/lib/test/auto/arrayType7.xml
----------------- Instantiating /home/travis/build/icyphy/ptII/ptolemy/actor/lib/test/auto/arrayType7.xml
2 ms. Memory: 1722880K Free: 223749K (13%)
----------------- Invoking toplevel() on ptolemy.moml.MoMLSimpleApplication@40379a12
----------------- Done invoking toplevel() on ptolemy.moml.MoMLSimpleApplication@40379a12
reloadAllAccessors: .arrayType7
----------------- testing Mon May 14 00:49:19 UTC 2018 /home/travis/build/icyphy/ptII/ptolemy/actor/lib/test/auto/arrayType8.xml
----------------- Instantiating /home/travis/build/icyphy/ptII/ptolemy/actor/lib/test/auto/arrayType8.xml
1 ms. Memory: 1722880K Free: 212946K (12%)
----------------- Invoking toplevel() on ptolemy.moml.MoMLSimpleApplication@5e9e9a4a
----------------- Done invoking toplevel() on ptolemy.moml.MoMLSimpleApplication@5e9e9a4a
reloadAllAccessors: .arrayType8
----------------- testing Mon May 14 00:49:19 UTC 2018 /home/travis/build/icyphy/ptII/ptolemy/actor/lib/test/auto/arrayType9.xml
----------------- Instantiating /home/travis/build/icyphy/ptII/ptolemy/actor/lib/test/auto/arrayType9.xml
2 ms. Memory: 1722880K Free: 197428K (11%)
----------------- Invoking toplevel() on ptolemy.moml.MoMLSimpleApplication@59710e83
----------------- Done invoking toplevel() on ptolemy.moml.MoMLSimpleApplication@59710e83
reloadAllAccessors: .arrayType9
----------------- testing Mon May 14 00:49:19 UTC 2018 /home/travis/build/icyphy/ptII/ptolemy/actor/lib/test/auto/cast.xml
----------------- Instantiating /home/travis/build/icyphy/ptII/ptolemy/actor/lib/test/auto/cast.xml
2 ms. Memory: 1722880K Free: 186625K (11%)
----------------- Invoking toplevel() on ptolemy.moml.MoMLSimpleApplication@6f53b5d0
----------------- Done invoking toplevel() on ptolemy.moml.MoMLSimpleApplication@6f53b5d0
reloadAllAccessors: .cast
----------------- testing Mon May 14 00:49:19 UTC 2018 /home/travis/build/icyphy/ptII/ptolemy/actor/lib/test/auto/compositeMultiPort.xml
----------------- Instantiating /home/travis/build/icyphy/ptII/ptolemy/actor/lib/test/auto/compositeMultiPort.xml
4 ms. Memory: 1722880K Free: 165690K (10%)
----------------- Invoking toplevel() on ptolemy.moml.MoMLSimpleApplication@6d2faa3a
----------------- Done invoking toplevel() on ptolemy.moml.MoMLSimpleApplication@6d2faa3a
reloadAllAccessors: .compositeMultiPort
----------------- testing Mon May 14 00:49:19 UTC 2018 /home/travis/build/icyphy/ptII/ptolemy/actor/lib/test/auto/expressionCastInference.xml
----------------- Instantiating /home/travis/build/icyphy/ptII/ptolemy/actor/lib/test/auto/expressionCastInference.xml
2 ms. Memory: 1722880K Free: 154887K (9%)
----------------- Invoking toplevel() on ptolemy.moml.MoMLSimpleApplication@3df3906b
----------------- Done invoking toplevel() on ptolemy.moml.MoMLSimpleApplication@3df3906b
reloadAllAccessors: .expressionCastInference
----------------- testing Mon May 14 00:49:19 UTC 2018 /home/travis/build/icyphy/ptII/ptolemy/actor/lib/test/auto/expressionCastInference2.xml
----------------- Instantiating /home/travis/build/icyphy/ptII/ptolemy/actor/lib/test/auto/expressionCastInference2.xml
2 ms. Memory: 1722880K Free: 139369K (8%)
----------------- Invoking toplevel() on ptolemy.moml.MoMLSimpleApplication@6d2ca9fb
----------------- Done invoking toplevel() on ptolemy.moml.MoMLSimpleApplication@6d2ca9fb
reloadAllAccessors: .expressionCastInference2
----------------- testing Mon May 14 00:49:19 UTC 2018 /home/travis/build/icyphy/ptII/ptolemy/actor/lib/test/auto/expressionInference.xml
----------------- Instantiating /home/travis/build/icyphy/ptII/ptolemy/actor/lib/test/auto/expressionInference.xml
2 ms. Memory: 1722880K Free: 123852K (7%)
----------------- Invoking toplevel() on ptolemy.moml.MoMLSimpleApplication@2390d19a
----------------- Done invoking toplevel() on ptolemy.moml.MoMLSimpleApplication@2390d19a
reloadAllAccessors: .expressionInference
----------------- testing Mon May 14 00:49:19 UTC 2018 /home/travis/build/icyphy/ptII/ptolemy/actor/lib/test/auto/expression_bug.xml
----------------- Instantiating /home/travis/build/icyphy/ptII/ptolemy/actor/lib/test/auto/expression_bug.xml
2 ms. Memory: 1722880K Free: 113049K (7%)
----------------- Invoking toplevel() on ptolemy.moml.MoMLSimpleApplication@5839c3a
----------------- Done invoking toplevel() on ptolemy.moml.MoMLSimpleApplication@5839c3a
reloadAllAccessors: .expression_bug
----------------- testing Mon May 14 00:49:19 UTC 2018 /home/travis/build/icyphy/ptII/ptolemy/actor/lib/test/auto/factorial.xml
----------------- Instantiating /home/travis/build/icyphy/ptII/ptolemy/actor/lib/test/auto/factorial.xml
35 ms. Memory: 1722880K Free: 97531K (6%)
----------------- Invoking toplevel() on ptolemy.moml.MoMLSimpleApplication@1eeb66d0
----------------- Done invoking toplevel() on ptolemy.moml.MoMLSimpleApplication@1eeb66d0
reloadAllAccessors: .factorial
----------------- testing Mon May 14 00:49:19 UTC 2018 /home/travis/build/icyphy/ptII/ptolemy/actor/lib/test/auto/filterTest1.xml
----------------- Instantiating /home/travis/build/icyphy/ptII/ptolemy/actor/lib/test/auto/filterTest1.xml
3 ms. Memory: 1722880K Free: 86728K (5%)
----------------- Invoking toplevel() on ptolemy.moml.MoMLSimpleApplication@60eba304
----------------- Done invoking toplevel() on ptolemy.moml.MoMLSimpleApplication@60eba304
reloadAllAccessors: .filterTest1
----------------- testing Mon May 14 00:49:19 UTC 2018 /home/travis/build/icyphy/ptII/ptolemy/actor/lib/test/auto/funcApplyInConst.xml
----------------- Instantiating /home/travis/build/icyphy/ptII/ptolemy/actor/lib/test/auto/funcApplyInConst.xml
1 ms. Memory: 1722880K Free: 71210K (4%)
----------------- Invoking toplevel() on ptolemy.moml.MoMLSimpleApplication@235d7ec8
----------------- Done invoking toplevel() on ptolemy.moml.MoMLSimpleApplication@235d7ec8
reloadAllAccessors: .funcApplyInConst
----------------- testing Mon May 14 00:49:19 UTC 2018 /home/travis/build/icyphy/ptII/ptolemy/actor/lib/test/auto/funcApplyInExpr.xml
----------------- Instantiating /home/travis/build/icyphy/ptII/ptolemy/actor/lib/test/auto/funcApplyInExpr.xml
2 ms. Memory: 1722880K Free: 61411K (4%)
----------------- Invoking toplevel() on ptolemy.moml.MoMLSimpleApplication@66fa44b8
----------------- Done invoking toplevel() on ptolemy.moml.MoMLSimpleApplication@66fa44b8
reloadAllAccessors: .funcApplyInExpr
----------------- testing Mon May 14 00:49:19 UTC 2018 /home/travis/build/icyphy/ptII/ptolemy/actor/lib/test/auto/function.xml
----------------- Instantiating /home/travis/build/icyphy/ptII/ptolemy/actor/lib/test/auto/function.xml
2 ms. Memory: 1742336K Free: 1668592K (96%)
----------------- Invoking toplevel() on ptolemy.moml.MoMLSimpleApplication@6d3cd497
----------------- Done invoking toplevel() on ptolemy.moml.MoMLSimpleApplication@6d3cd497
reloadAllAccessors: .function
----------------- testing Mon May 14 00:49:19 UTC 2018 /home/travis/build/icyphy/ptII/ptolemy/actor/lib/test/auto/function2.xml
----------------- Instantiating /home/travis/build/icyphy/ptII/ptolemy/actor/lib/test/auto/function2.xml
2 ms. Memory: 1742336K Free: 1655608K (95%)
----------------- Invoking toplevel() on ptolemy.moml.MoMLSimpleApplication@703e2e10
----------------- Done invoking toplevel() on ptolemy.moml.MoMLSimpleApplication@703e2e10
reloadAllAccessors: .function2
----------------- testing Mon May 14 00:49:19 UTC 2018 /home/travis/build/icyphy/ptII/ptolemy/actor/lib/test/auto/function3.xml
----------------- Instantiating /home/travis/build/icyphy/ptII/ptolemy/actor/lib/test/auto/function3.xml
1 ms. Memory: 1742336K Free: 1637597K (94%)
----------------- Invoking toplevel() on ptolemy.moml.MoMLSimpleApplication@3af070ec
----------------- Done invoking toplevel() on ptolemy.moml.MoMLSimpleApplication@3af070ec
reloadAllAccessors: .function3
----------------- testing Mon May 14 00:49:19 UTC 2018 /home/travis/build/icyphy/ptII/ptolemy/actor/lib/test/auto/functionClosureTest1.xml
----------------- Instantiating /home/travis/build/icyphy/ptII/ptolemy/actor/lib/test/auto/functionClosureTest1.xml
1 ms. Memory: 1742336K Free: 1624612K (93%)
----------------- Invoking toplevel() on ptolemy.moml.MoMLSimpleApplication@c979efd
----------------- Done invoking toplevel() on ptolemy.moml.MoMLSimpleApplication@c979efd
reloadAllAccessors: .functionClosureTest1
----------------- testing Mon May 14 00:49:19 UTC 2018 /home/travis/build/icyphy/ptII/ptolemy/actor/lib/test/auto/functionClosureTest2.xml
----------------- Instantiating /home/travis/build/icyphy/ptII/ptolemy/actor/lib/test/auto/functionClosureTest2.xml
1 ms. Memory: 1742336K Free: 1606601K (92%)
----------------- Invoking toplevel() on ptolemy.moml.MoMLSimpleApplication@1e0e8ca4
----------------- Done invoking toplevel() on ptolemy.moml.MoMLSimpleApplication@1e0e8ca4
reloadAllAccessors: .functionClosureTest2
----------------- testing Mon May 14 00:49:19 UTC 2018 /home/travis/build/icyphy/ptII/ptolemy/actor/lib/test/auto/functionClosureTest3.xml
----------------- Instantiating /home/travis/build/icyphy/ptII/ptolemy/actor/lib/test/auto/functionClosureTest3.xml
2 ms. Memory: 1742336K Free: 1588590K (91%)
----------------- Invoking toplevel() on ptolemy.moml.MoMLSimpleApplication@65ce9086
----------------- Done invoking toplevel() on ptolemy.moml.MoMLSimpleApplication@65ce9086
reloadAllAccessors: .functionClosureTest3
----------------- testing Mon May 14 00:49:19 UTC 2018 /home/travis/build/icyphy/ptII/ptolemy/actor/lib/test/auto/functionClosureTest4.xml
----------------- Instantiating /home/travis/build/icyphy/ptII/ptolemy/actor/lib/test/auto/functionClosureTest4.xml
3 ms. Memory: 1742336K Free: 1575606K (90%)
----------------- Invoking toplevel() on ptolemy.moml.MoMLSimpleApplication@2306b7bc
----------------- Done invoking toplevel() on ptolemy.moml.MoMLSimpleApplication@2306b7bc
reloadAllAccessors: .functionClosureTest4
----------------- testing Mon May 14 00:49:19 UTC 2018 /home/travis/build/icyphy/ptII/ptolemy/actor/lib/test/auto/functionClosureTest5.xml
----------------- Instantiating /home/travis/build/icyphy/ptII/ptolemy/actor/lib/test/auto/functionClosureTest5.xml
4 ms. Memory: 1742336K Free: 1557595K (89%)
----------------- Invoking toplevel() on ptolemy.moml.MoMLSimpleApplication@154c7d98
----------------- Done invoking toplevel() on ptolemy.moml.MoMLSimpleApplication@154c7d98
reloadAllAccessors: .functionClosureTest5
----------------- testing Mon May 14 00:49:19 UTC 2018 /home/travis/build/icyphy/ptII/ptolemy/actor/lib/test/auto/functionClosureTest6.xml
----------------- Instantiating /home/travis/build/icyphy/ptII/ptolemy/actor/lib/test/auto/functionClosureTest6.xml
1 ms. Memory: 1742336K Free: 1544610K (89%)
----------------- Invoking toplevel() on ptolemy.moml.MoMLSimpleApplication@299d8f31
----------------- Done invoking toplevel() on ptolemy.moml.MoMLSimpleApplication@299d8f31
reloadAllAccessors: .functionClosureTest6
----------------- testing Mon May 14 00:49:19 UTC 2018 /home/travis/build/icyphy/ptII/ptolemy/actor/lib/test/auto/functionsOnArcs.xml
----------------- Instantiating /home/travis/build/icyphy/ptII/ptolemy/actor/lib/test/auto/functionsOnArcs.xml
5 ms. Memory: 1742336K Free: 1526599K (88%)
----------------- Invoking toplevel() on ptolemy.moml.MoMLSimpleApplication@f1668f0
----------------- Done invoking toplevel() on ptolemy.moml.MoMLSimpleApplication@f1668f0
reloadAllAccessors: .functionsOnArcs
----------------- testing Mon May 14 00:49:19 UTC 2018 /home/travis/build/icyphy/ptII/ptolemy/actor/lib/test/auto/functionsOnArcsHOF.xml
----------------- Instantiating /home/travis/build/icyphy/ptII/ptolemy/actor/lib/test/auto/functionsOnArcsHOF.xml
3 ms. Memory: 1742336K Free: 1513615K (87%)
----------------- Invoking toplevel() on ptolemy.moml.MoMLSimpleApplication@5ddb8cb2
----------------- Done invoking toplevel() on ptolemy.moml.MoMLSimpleApplication@5ddb8cb2
reloadAllAccessors: .functionsOnArcsHOF
----------------- testing Mon May 14 00:49:19 UTC 2018 /home/travis/build/icyphy/ptII/ptolemy/actor/lib/test/auto/logic.xml
----------------- Instantiating /home/travis/build/icyphy/ptII/ptolemy/actor/lib/test/auto/logic.xml
1 ms. Memory: 1742336K Free: 1495603K (86%)
----------------- Invoking toplevel() on ptolemy.moml.MoMLSimpleApplication@6585b5d8
----------------- Done invoking toplevel() on ptolemy.moml.MoMLSimpleApplication@6585b5d8
reloadAllAccessors: .logic
----------------- testing Mon May 14 00:49:19 UTC 2018 /home/travis/build/icyphy/ptII/ptolemy/actor/lib/test/auto/matrixType.xml
----------------- Instantiating /home/travis/build/icyphy/ptII/ptolemy/actor/lib/test/auto/matrixType.xml
1 ms. Memory: 1742336K Free: 1482619K (85%)
----------------- Invoking toplevel() on ptolemy.moml.MoMLSimpleApplication@52a0f120
----------------- Done invoking toplevel() on ptolemy.moml.MoMLSimpleApplication@52a0f120
reloadAllAccessors: .matrixType
----------------- testing Mon May 14 00:49:19 UTC 2018 /home/travis/build/icyphy/ptII/ptolemy/actor/lib/test/auto/matrixType10.xml
----------------- Instantiating /home/travis/build/icyphy/ptII/ptolemy/actor/lib/test/auto/matrixType10.xml
2 ms. Memory: 1742336K Free: 1464608K (84%)
----------------- Invoking toplevel() on ptolemy.moml.MoMLSimpleApplication@29a7c9ec
----------------- Done invoking toplevel() on ptolemy.moml.MoMLSimpleApplication@29a7c9ec
reloadAllAccessors: .matrixType10
----------------- testing Mon May 14 00:49:19 UTC 2018 /home/travis/build/icyphy/ptII/ptolemy/actor/lib/test/auto/matrixType11.xml
----------------- Instantiating /home/travis/build/icyphy/ptII/ptolemy/actor/lib/test/auto/matrixType11.xml
2 ms. Memory: 1742336K Free: 1451623K (83%)
----------------- Invoking toplevel() on ptolemy.moml.MoMLSimpleApplication@7020ad0b
----------------- Done invoking toplevel() on ptolemy.moml.MoMLSimpleApplication@7020ad0b
reloadAllAccessors: .matrixType11
----------------- testing Mon May 14 00:49:19 UTC 2018 /home/travis/build/icyphy/ptII/ptolemy/actor/lib/test/auto/matrixType12.xml
----------------- Instantiating /home/travis/build/icyphy/ptII/ptolemy/actor/lib/test/auto/matrixType12.xml
1 ms. Memory: 1742336K Free: 1433587K (82%)
----------------- Invoking toplevel() on ptolemy.moml.MoMLSimpleApplication@278a8572
----------------- Done invoking toplevel() on ptolemy.moml.MoMLSimpleApplication@278a8572
reloadAllAccessors: .matrixType12
----------------- testing Mon May 14 00:49:19 UTC 2018 /home/travis/build/icyphy/ptII/ptolemy/actor/lib/test/auto/matrixType13.xml
----------------- Instantiating /home/travis/build/icyphy/ptII/ptolemy/actor/lib/test/auto/matrixType13.xml
1 ms. Memory: 1742336K Free: 1420602K (82%)
----------------- Invoking toplevel() on ptolemy.moml.MoMLSimpleApplication@22e0f72b
----------------- Done invoking toplevel() on ptolemy.moml.MoMLSimpleApplication@22e0f72b
reloadAllAccessors: .matrixType13
----------------- testing Mon May 14 00:49:19 UTC 2018 /home/travis/build/icyphy/ptII/ptolemy/actor/lib/test/auto/matrixType14.xml
----------------- Instantiating /home/travis/build/icyphy/ptII/ptolemy/actor/lib/test/auto/matrixType14.xml
1 ms. Memory: 1742336K Free: 1402591K (81%)
----------------- Invoking toplevel() on ptolemy.moml.MoMLSimpleApplication@42fb2b58
----------------- Done invoking toplevel() on ptolemy.moml.MoMLSimpleApplication@42fb2b58
reloadAllAccessors: .matrixType14
----------------- testing Mon May 14 00:49:19 UTC 2018 /home/travis/build/icyphy/ptII/ptolemy/actor/lib/test/auto/matrixType2.xml
----------------- Instantiating /home/travis/build/icyphy/ptII/ptolemy/actor/lib/test/auto/matrixType2.xml
3 ms. Memory: 1742336K Free: 1389607K (80%)
----------------- Invoking toplevel() on ptolemy.moml.MoMLSimpleApplication@5c27d100
----------------- Done invoking toplevel() on ptolemy.moml.MoMLSimpleApplication@5c27d100
reloadAllAccessors: .matrixType2
----------------- testing Mon May 14 00:49:19 UTC 2018 /home/travis/build/icyphy/ptII/ptolemy/actor/lib/test/auto/matrixType3.xml
----------------- Instantiating /home/travis/build/icyphy/ptII/ptolemy/actor/lib/test/auto/matrixType3.xml
1 ms. Memory: 1742336K Free: 1371595K (79%)
----------------- Invoking toplevel() on ptolemy.moml.MoMLSimpleApplication@6170675b
----------------- Done invoking toplevel() on ptolemy.moml.MoMLSimpleApplication@6170675b
reloadAllAccessors: .matrixType3
----------------- testing Mon May 14 00:49:19 UTC 2018 /home/travis/build/icyphy/ptII/ptolemy/actor/lib/test/auto/matrixType4.xml
----------------- Instantiating /home/travis/build/icyphy/ptII/ptolemy/actor/lib/test/auto/matrixType4.xml
1 ms. Memory: 1742336K Free: 1358611K (78%)
----------------- Invoking toplevel() on ptolemy.moml.MoMLSimpleApplication@124c1653
----------------- Done invoking toplevel() on ptolemy.moml.MoMLSimpleApplication@124c1653
reloadAllAccessors: .matrixType4
----------------- testing Mon May 14 00:49:19 UTC 2018 /home/travis/build/icyphy/ptII/ptolemy/actor/lib/test/auto/matrixType5.xml
----------------- Instantiating /home/travis/build/icyphy/ptII/ptolemy/actor/lib/test/auto/matrixType5.xml
1 ms. Memory: 1742336K Free: 1340600K (77%)
----------------- Invoking toplevel() on ptolemy.moml.MoMLSimpleApplication@6e814300
----------------- Done invoking toplevel() on ptolemy.moml.MoMLSimpleApplication@6e814300
reloadAllAccessors: .matrixType5
----------------- testing Mon May 14 00:49:19 UTC 2018 /home/travis/build/icyphy/ptII/ptolemy/actor/lib/test/auto/matrixType6.xml
----------------- Instantiating /home/travis/build/icyphy/ptII/ptolemy/actor/lib/test/auto/matrixType6.xml
1 ms. Memory: 1742336K Free: 1322589K (76%)
----------------- Invoking toplevel() on ptolemy.moml.MoMLSimpleApplication@742c1720
----------------- Done invoking toplevel() on ptolemy.moml.MoMLSimpleApplication@742c1720
reloadAllAccessors: .matrixType6
----------------- testing Mon May 14 00:49:19 UTC 2018 /home/travis/build/icyphy/ptII/ptolemy/actor/lib/test/auto/matrixType7.xml
----------------- Instantiating /home/travis/build/icyphy/ptII/ptolemy/actor/lib/test/auto/matrixType7.xml
2 ms. Memory: 1742336K Free: 1309604K (75%)
----------------- Invoking toplevel() on ptolemy.moml.MoMLSimpleApplication@2e01e6bc
----------------- Done invoking toplevel() on ptolemy.moml.MoMLSimpleApplication@2e01e6bc
reloadAllAccessors: .matrixType7
----------------- testing Mon May 14 00:49:19 UTC 2018 /home/travis/build/icyphy/ptII/ptolemy/actor/lib/test/auto/matrixType8.xml
----------------- Instantiating /home/travis/build/icyphy/ptII/ptolemy/actor/lib/test/auto/matrixType8.xml
2 ms. Memory: 1742336K Free: 1291593K (74%)
----------------- Invoking toplevel() on ptolemy.moml.MoMLSimpleApplication@3fbc3971
----------------- Done invoking toplevel() on ptolemy.moml.MoMLSimpleApplication@3fbc3971
reloadAllAccessors: .matrixType8
----------------- testing Mon May 14 00:49:19 UTC 2018 /home/travis/build/icyphy/ptII/ptolemy/actor/lib/test/auto/matrixType9.xml
----------------- Instantiating /home/travis/build/icyphy/ptII/ptolemy/actor/lib/test/auto/matrixType9.xml
1 ms. Memory: 1742336K Free: 1278609K (73%)
----------------- Invoking toplevel() on ptolemy.moml.MoMLSimpleApplication@7a01d890
----------------- Done invoking toplevel() on ptolemy.moml.MoMLSimpleApplication@7a01d890
reloadAllAccessors: .matrixType9
----------------- testing Mon May 14 00:49:19 UTC 2018 /home/travis/build/icyphy/ptII/ptolemy/actor/lib/test/auto/paraFunctest.xml
----------------- Instantiating /home/travis/build/icyphy/ptII/ptolemy/actor/lib/test/auto/paraFunctest.xml
1 ms. Memory: 1742336K Free: 1260597K (72%)
----------------- Invoking toplevel() on ptolemy.moml.MoMLSimpleApplication@337c6add
----------------- Done invoking toplevel() on ptolemy.moml.MoMLSimpleApplication@337c6add
reloadAllAccessors: .paraFunctest
----------------- testing Mon May 14 00:49:19 UTC 2018 /home/travis/build/icyphy/ptII/ptolemy/actor/lib/test/auto/paraFunctest2.xml
----------------- Instantiating /home/travis/build/icyphy/ptII/ptolemy/actor/lib/test/auto/paraFunctest2.xml
1 ms. Memory: 1742336K Free: 1247613K (72%)
----------------- Invoking toplevel() on ptolemy.moml.MoMLSimpleApplication@7220d085
----------------- Done invoking toplevel() on ptolemy.moml.MoMLSimpleApplication@7220d085
reloadAllAccessors: .paraFunctest2
----------------- testing Mon May 14 00:49:19 UTC 2018 /home/travis/build/icyphy/ptII/ptolemy/actor/lib/test/auto/parameterPassing.xml
----------------- Instantiating /home/travis/build/icyphy/ptII/ptolemy/actor/lib/test/auto/parameterPassing.xml
0 ms. Memory: 1742336K Free: 1229602K (71%)
----------------- Invoking toplevel() on ptolemy.moml.MoMLSimpleApplication@70ff83e9
----------------- Done invoking toplevel() on ptolemy.moml.MoMLSimpleApplication@70ff83e9
reloadAllAccessors: .parameterPassing
----------------- testing Mon May 14 00:49:19 UTC 2018 /home/travis/build/icyphy/ptII/ptolemy/actor/lib/test/auto/record.xml
----------------- Instantiating /home/travis/build/icyphy/ptII/ptolemy/actor/lib/test/auto/record.xml
2 ms. Memory: 1742336K Free: 1216617K (70%)
----------------- Invoking toplevel() on ptolemy.moml.MoMLSimpleApplication@193a1da0
----------------- Done invoking toplevel() on ptolemy.moml.MoMLSimpleApplication@193a1da0
reloadAllAccessors: .record
----------------- testing Mon May 14 00:49:19 UTC 2018 /home/travis/build/icyphy/ptII/ptolemy/actor/lib/test/auto/sizedarray1.xml
----------------- Instantiating /home/travis/build/icyphy/ptII/ptolemy/actor/lib/test/auto/sizedarray1.xml
1 ms. Memory: 1742336K Free: 1198606K (69%)
----------------- Invoking toplevel() on ptolemy.moml.MoMLSimpleApplication@5fbad5ef
----------------- Done invoking toplevel() on ptolemy.moml.MoMLSimpleApplication@5fbad5ef
reloadAllAccessors: .sizedarray1
----------------- testing Mon May 14 00:49:19 UTC 2018 /home/travis/build/icyphy/ptII/ptolemy/actor/lib/test/auto/sizedarray2.xml
----------------- Instantiating /home/travis/build/icyphy/ptII/ptolemy/actor/lib/test/auto/sizedarray2.xml
2 ms. Memory: 1742336K Free: 1185622K (68%)
----------------- Invoking toplevel() on ptolemy.moml.MoMLSimpleApplication@2f43f96a
----------------- Done invoking toplevel() on ptolemy.moml.MoMLSimpleApplication@2f43f96a
reloadAllAccessors: .sizedarray2
----------------- testing Mon May 14 00:49:19 UTC 2018 /home/travis/build/icyphy/ptII/ptolemy/actor/lib/test/auto/twoPublishers.xml
----------------- Instantiating /home/travis/build/icyphy/ptII/ptolemy/actor/lib/test/auto/twoPublishers.xml
2 ms. Memory: 1742336K Free: 1161102K (67%)
----------------- Invoking toplevel() on ptolemy.moml.MoMLSimpleApplication@3058d204
----------------- Done invoking toplevel() on ptolemy.moml.MoMLSimpleApplication@3058d204
reloadAllAccessors: .twoPublishers
AutoTests.java: About to close Vertx.
AutoTests.java: Vertx closed.
]]></system-out>
  <system-err><![CDATA[java.lang.RuntimeException: Execution failed
	at ptolemy.moml.MoMLSimpleApplication$UnloadThread.run(MoMLSimpleApplication.java:402)
Caused by: java.lang.RuntimeException: Normally, we would exit here because Manager.exitAfterWrapup() was called.  However, because the ptolemy.ptII.exitAfterWrapup property is set, we throw this exception instead.
	at ptolemy.util.StringUtilities.exit(StringUtilities.java:365)
	at ptolemy.actor.Manager.wrapup(Manager.java:1531)
	at ptolemy.actor.Manager.execute(Manager.java:407)
	at ptolemy.actor.Manager.run(Manager.java:1263)
	at ptolemy.actor.Manager$PtolemyRunThread.run(Manager.java:1915)
Warning: '.top.test' is in training mode, set the trainingMode parameter to false before checking in
Warning: '.top.test' is in training mode, set the trainingMode parameter to false before checking in
Warning: '.top.test' is in training mode, set the trainingMode parameter to false before checking in
Warning: '.BooleanSwitch_RegressionTest_WrongTrainingValues.Test' is in training mode, set the trainingMode parameter to false before checking in
Warning: '.BooleanSwitch_RegressionTest_WrongTrainingValues.Test2' is in training mode, set the trainingMode parameter to false before checking in
Warning: '.BooleanSwitch_RegressionTest_WrongTrainingValues.Test2' The test produced 0 tokens.
Warning: '.top.testExceptionHandler' is in training mode, set the trainingMode parameter to false before checking in
java.lang.RuntimeException: Execution failed
	at ptolemy.moml.MoMLSimpleApplication$UnloadThread.run(MoMLSimpleApplication.java:402)
Caused by: ptolemy.kernel.util.IllegalActionException: PublisherPorts cannot be used at the top level, use a Publisher actor instead.
  in .PublisherPortToplevelSubscriber.PublisherPort
	at ptolemy.actor.PublisherPort.preinitialize(PublisherPort.java:403)
	at ptolemy.actor.CompositeActor.preinitialize(CompositeActor.java:1769)
	at ptolemy.actor.Manager.preinitializeAndResolveTypes(Manager.java:1040)
	at ptolemy.actor.Manager.initialize(Manager.java:710)
	at ptolemy.actor.Manager.execute(Manager.java:356)
	at ptolemy.actor.Manager.run(Manager.java:1263)
	at ptolemy.actor.Manager$PtolemyRunThread.run(Manager.java:1915)
java.lang.reflect.InvocationTargetException
	at sun.reflect.NativeConstructorAccessorImpl.newInstance0(Native Method)
	at sun.reflect.NativeConstructorAccessorImpl.newInstance(NativeConstructorAccessorImpl.java:62)
	at sun.reflect.DelegatingConstructorAccessorImpl.newInstance(DelegatingConstructorAccessorImpl.java:45)
	at java.lang.reflect.Constructor.newInstance(Constructor.java:423)
	at ptolemy.util.test.junit.AutoKnownFailedTests.RunModel(AutoKnownFailedTests.java:107)
	at sun.reflect.NativeMethodAccessorImpl.invoke0(Native Method)
	at sun.reflect.NativeMethodAccessorImpl.invoke(NativeMethodAccessorImpl.java:62)
	at sun.reflect.DelegatingMethodAccessorImpl.invoke(DelegatingMethodAccessorImpl.java:43)
	at java.lang.reflect.Method.invoke(Method.java:498)
	at org.junit.runners.model.FrameworkMethod$1.runReflectiveCall(FrameworkMethod.java:44)
	at org.junit.internal.runners.model.ReflectiveCallable.run(ReflectiveCallable.java:15)
	at org.junit.runners.model.FrameworkMethod.invokeExplosively(FrameworkMethod.java:41)
	at junitparams.internal.InvokeParameterisedMethod.evaluate(InvokeParameterisedMethod.java:102)
	at org.junit.internal.runners.statements.FailOnTimeout$1.run(FailOnTimeout.java:28)
Caused by: ptolemy.kernel.util.IllegalActionException: PublisherPorts cannot be used at the top level, use a Publisher actor instead.
  in .PublisherPortToplevelSubscriber.PublisherPort
	at ptolemy.actor.PublisherPort.preinitialize(PublisherPort.java:403)
	at ptolemy.actor.CompositeActor.preinitialize(CompositeActor.java:1769)
	at ptolemy.actor.Manager.preinitializeAndResolveTypes(Manager.java:1040)
	at ptolemy.actor.Manager.initialize(Manager.java:710)
	at ptolemy.actor.Manager.execute(Manager.java:356)
	at ptolemy.actor.Manager.run(Manager.java:1263)
	at ptolemy.actor.Manager$PtolemyRunThread.run(Manager.java:1915)
java.lang.RuntimeException: Execution failed
	at ptolemy.moml.MoMLSimpleApplication$UnloadThread.run(MoMLSimpleApplication.java:402)
Caused by: ptolemy.kernel.util.IllegalActionException: SubscriberPorts cannot be used at the top level, use a Subscriber actor instead.
  in .PublisherSubscriberPortToplevel.SubscriberPort
	at ptolemy.actor.SubscriberPort.preinitialize(SubscriberPort.java:328)
	at ptolemy.actor.CompositeActor.preinitialize(CompositeActor.java:1769)
	at ptolemy.actor.Manager.preinitializeAndResolveTypes(Manager.java:1040)
	at ptolemy.actor.Manager.initialize(Manager.java:710)
	at ptolemy.actor.Manager.execute(Manager.java:356)
	at ptolemy.actor.Manager.run(Manager.java:1263)
	at ptolemy.actor.Manager$PtolemyRunThread.run(Manager.java:1915)
java.lang.reflect.InvocationTargetException
	at sun.reflect.NativeConstructorAccessorImpl.newInstance0(Native Method)
	at sun.reflect.NativeConstructorAccessorImpl.newInstance(NativeConstructorAccessorImpl.java:62)
	at sun.reflect.DelegatingConstructorAccessorImpl.newInstance(DelegatingConstructorAccessorImpl.java:45)
	at java.lang.reflect.Constructor.newInstance(Constructor.java:423)
	at ptolemy.util.test.junit.AutoKnownFailedTests.RunModel(AutoKnownFailedTests.java:107)
	at sun.reflect.NativeMethodAccessorImpl.invoke0(Native Method)
	at sun.reflect.NativeMethodAccessorImpl.invoke(NativeMethodAccessorImpl.java:62)
	at sun.reflect.DelegatingMethodAccessorImpl.invoke(DelegatingMethodAccessorImpl.java:43)
	at java.lang.reflect.Method.invoke(Method.java:498)
	at org.junit.runners.model.FrameworkMethod$1.runReflectiveCall(FrameworkMethod.java:44)
	at org.junit.internal.runners.model.ReflectiveCallable.run(ReflectiveCallable.java:15)
	at org.junit.runners.model.FrameworkMethod.invokeExplosively(FrameworkMethod.java:41)
	at junitparams.internal.InvokeParameterisedMethod.evaluate(InvokeParameterisedMethod.java:102)
	at org.junit.internal.runners.statements.FailOnTimeout$1.run(FailOnTimeout.java:28)
Caused by: ptolemy.kernel.util.IllegalActionException: SubscriberPorts cannot be used at the top level, use a Subscriber actor instead.
  in .PublisherSubscriberPortToplevel.SubscriberPort
	at ptolemy.actor.SubscriberPort.preinitialize(SubscriberPort.java:328)
	at ptolemy.actor.CompositeActor.preinitialize(CompositeActor.java:1769)
	at ptolemy.actor.Manager.preinitializeAndResolveTypes(Manager.java:1040)
	at ptolemy.actor.Manager.initialize(Manager.java:710)
	at ptolemy.actor.Manager.execute(Manager.java:356)
	at ptolemy.actor.Manager.run(Manager.java:1263)
	at ptolemy.actor.Manager$PtolemyRunThread.run(Manager.java:1915)
java.lang.RuntimeException: Execution failed
	at ptolemy.moml.MoMLSimpleApplication$UnloadThread.run(MoMLSimpleApplication.java:402)
Caused by: ptolemy.kernel.util.IllegalActionException: SubscriptionAggregatorPorts cannot be used at the top level, use a SubscriptionAggregator actor instead.
  in .PublisherSubscriptionAggregatorPort.SubscriptionAggregatorPort
	at ptolemy.actor.SubscriptionAggregatorPort.preinitialize(SubscriptionAggregatorPort.java:353)
	at ptolemy.actor.CompositeActor.preinitialize(CompositeActor.java:1769)
	at ptolemy.actor.Manager.preinitializeAndResolveTypes(Manager.java:1040)
	at ptolemy.actor.Manager.initialize(Manager.java:710)
	at ptolemy.actor.Manager.execute(Manager.java:356)
	at ptolemy.actor.Manager.run(Manager.java:1263)
	at ptolemy.actor.Manager$PtolemyRunThread.run(Manager.java:1915)
java.lang.reflect.InvocationTargetException
	at sun.reflect.NativeConstructorAccessorImpl.newInstance0(Native Method)
	at sun.reflect.NativeConstructorAccessorImpl.newInstance(NativeConstructorAccessorImpl.java:62)
	at sun.reflect.DelegatingConstructorAccessorImpl.newInstance(DelegatingConstructorAccessorImpl.java:45)
	at java.lang.reflect.Constructor.newInstance(Constructor.java:423)
	at ptolemy.util.test.junit.AutoKnownFailedTests.RunModel(AutoKnownFailedTests.java:107)
	at sun.reflect.NativeMethodAccessorImpl.invoke0(Native Method)
	at sun.reflect.NativeMethodAccessorImpl.invoke(NativeMethodAccessorImpl.java:62)
	at sun.reflect.DelegatingMethodAccessorImpl.invoke(DelegatingMethodAccessorImpl.java:43)
	at java.lang.reflect.Method.invoke(Method.java:498)
	at org.junit.runners.model.FrameworkMethod$1.runReflectiveCall(FrameworkMethod.java:44)
	at org.junit.internal.runners.model.ReflectiveCallable.run(ReflectiveCallable.java:15)
	at org.junit.runners.model.FrameworkMethod.invokeExplosively(FrameworkMethod.java:41)
	at junitparams.internal.InvokeParameterisedMethod.evaluate(InvokeParameterisedMethod.java:102)
	at org.junit.internal.runners.statements.FailOnTimeout$1.run(FailOnTimeout.java:28)
Caused by: ptolemy.kernel.util.IllegalActionException: SubscriptionAggregatorPorts cannot be used at the top level, use a SubscriptionAggregator actor instead.
  in .PublisherSubscriptionAggregatorPort.SubscriptionAggregatorPort
	at ptolemy.actor.SubscriptionAggregatorPort.preinitialize(SubscriptionAggregatorPort.java:353)
	at ptolemy.actor.CompositeActor.preinitialize(CompositeActor.java:1769)
	at ptolemy.actor.Manager.preinitializeAndResolveTypes(Manager.java:1040)
	at ptolemy.actor.Manager.initialize(Manager.java:710)
	at ptolemy.actor.Manager.execute(Manager.java:356)
	at ptolemy.actor.Manager.run(Manager.java:1263)
	at ptolemy.actor.Manager$PtolemyRunThread.run(Manager.java:1915)
java.lang.RuntimeException: Execution failed
	at ptolemy.moml.MoMLSimpleApplication$UnloadThread.run(MoMLSimpleApplication.java:402)
Caused by: ptolemy.kernel.util.IllegalActionException: TypeTest actor has no training data.
  in .sizedarray3.TypeTest
	at ptolemy.actor.lib.TypeTest.initialize(TypeTest.java:250)
	at ptolemy.actor.Director.initialize(Director.java:938)
	at ptolemy.actor.Director.initialize(Director.java:907)
	at ptolemy.actor.sched.StaticSchedulingDirector.initialize(StaticSchedulingDirector.java:159)
	at ptolemy.domains.sdf.kernel.SDFDirector.initialize(SDFDirector.java:544)
	at ptolemy.actor.CompositeActor.initialize(CompositeActor.java:935)
	at ptolemy.actor.Manager.initialize(Manager.java:724)
	at ptolemy.actor.Manager.execute(Manager.java:356)
	at ptolemy.actor.Manager.run(Manager.java:1263)
	at ptolemy.actor.Manager$PtolemyRunThread.run(Manager.java:1915)
java.lang.reflect.InvocationTargetException
	at sun.reflect.NativeConstructorAccessorImpl.newInstance0(Native Method)
	at sun.reflect.NativeConstructorAccessorImpl.newInstance(NativeConstructorAccessorImpl.java:62)
	at sun.reflect.DelegatingConstructorAccessorImpl.newInstance(DelegatingConstructorAccessorImpl.java:45)
	at java.lang.reflect.Constructor.newInstance(Constructor.java:423)
	at ptolemy.util.test.junit.AutoKnownFailedTests.RunModel(AutoKnownFailedTests.java:107)
	at sun.reflect.NativeMethodAccessorImpl.invoke0(Native Method)
	at sun.reflect.NativeMethodAccessorImpl.invoke(NativeMethodAccessorImpl.java:62)
	at sun.reflect.DelegatingMethodAccessorImpl.invoke(DelegatingMethodAccessorImpl.java:43)
	at java.lang.reflect.Method.invoke(Method.java:498)
	at org.junit.runners.model.FrameworkMethod$1.runReflectiveCall(FrameworkMethod.java:44)
	at org.junit.internal.runners.model.ReflectiveCallable.run(ReflectiveCallable.java:15)
	at org.junit.runners.model.FrameworkMethod.invokeExplosively(FrameworkMethod.java:41)
	at junitparams.internal.InvokeParameterisedMethod.evaluate(InvokeParameterisedMethod.java:102)
	at org.junit.internal.runners.statements.FailOnTimeout$1.run(FailOnTimeout.java:28)
Caused by: ptolemy.kernel.util.IllegalActionException: TypeTest actor has no training data.
  in .sizedarray3.TypeTest
	at ptolemy.actor.lib.TypeTest.initialize(TypeTest.java:250)
	at ptolemy.actor.Director.initialize(Director.java:938)
	at ptolemy.actor.Director.initialize(Director.java:907)
	at ptolemy.actor.sched.StaticSchedulingDirector.initialize(StaticSchedulingDirector.java:159)
	at ptolemy.domains.sdf.kernel.SDFDirector.initialize(SDFDirector.java:544)
	at ptolemy.actor.CompositeActor.initialize(CompositeActor.java:935)
	at ptolemy.actor.Manager.initialize(Manager.java:724)
	at ptolemy.actor.Manager.execute(Manager.java:356)
	at ptolemy.actor.Manager.run(Manager.java:1263)
	at ptolemy.actor.Manager$PtolemyRunThread.run(Manager.java:1915)
]]></system-err>
</testsuite>
